[2024-09-05T04:32:19.309+0000] {processor.py:161} INFO - Started process (PID=271) to work on /home/airflow/.local/lib/python3.8/site-packages/airflow/example_dags/example_short_circuit_operator.py
[2024-09-05T04:32:19.310+0000] {processor.py:830} INFO - Processing file /home/airflow/.local/lib/python3.8/site-packages/airflow/example_dags/example_short_circuit_operator.py for tasks to queue
[2024-09-05T04:32:19.311+0000] {logging_mixin.py:188} INFO - [2024-09-05T04:32:19.310+0000] {dagbag.py:538} INFO - Filling up the DagBag from /home/airflow/.local/lib/python3.8/site-packages/airflow/example_dags/example_short_circuit_operator.py
[2024-09-05T04:32:19.316+0000] {processor.py:840} INFO - DAG(s) 'example_short_circuit_operator' retrieved from /home/airflow/.local/lib/python3.8/site-packages/airflow/example_dags/example_short_circuit_operator.py
[2024-09-05T04:32:19.324+0000] {logging_mixin.py:188} INFO - [2024-09-05T04:32:19.324+0000] {dag.py:3036} INFO - Sync 1 DAGs
[2024-09-05T04:32:19.336+0000] {logging_mixin.py:188} INFO - [2024-09-05T04:32:19.336+0000] {dag.py:3823} INFO - Setting next_dagrun for example_short_circuit_operator to 2024-09-04 00:00:00+00:00, run_after=2024-09-05 00:00:00+00:00
[2024-09-05T04:32:19.349+0000] {processor.py:183} INFO - Processing /home/airflow/.local/lib/python3.8/site-packages/airflow/example_dags/example_short_circuit_operator.py took 0.042 seconds
[2024-09-05T04:32:49.928+0000] {processor.py:161} INFO - Started process (PID=518) to work on /home/airflow/.local/lib/python3.8/site-packages/airflow/example_dags/example_short_circuit_operator.py
[2024-09-05T04:32:49.929+0000] {processor.py:830} INFO - Processing file /home/airflow/.local/lib/python3.8/site-packages/airflow/example_dags/example_short_circuit_operator.py for tasks to queue
[2024-09-05T04:32:49.929+0000] {logging_mixin.py:188} INFO - [2024-09-05T04:32:49.929+0000] {dagbag.py:538} INFO - Filling up the DagBag from /home/airflow/.local/lib/python3.8/site-packages/airflow/example_dags/example_short_circuit_operator.py
[2024-09-05T04:32:49.935+0000] {processor.py:840} INFO - DAG(s) 'example_short_circuit_operator' retrieved from /home/airflow/.local/lib/python3.8/site-packages/airflow/example_dags/example_short_circuit_operator.py
[2024-09-05T04:32:49.994+0000] {logging_mixin.py:188} INFO - [2024-09-05T04:32:49.993+0000] {dag.py:3036} INFO - Sync 1 DAGs
[2024-09-05T04:32:50.005+0000] {logging_mixin.py:188} INFO - [2024-09-05T04:32:50.005+0000] {dag.py:3823} INFO - Setting next_dagrun for example_short_circuit_operator to 2024-09-04 00:00:00+00:00, run_after=2024-09-05 00:00:00+00:00
[2024-09-05T04:32:50.017+0000] {processor.py:183} INFO - Processing /home/airflow/.local/lib/python3.8/site-packages/airflow/example_dags/example_short_circuit_operator.py took 0.091 seconds
[2024-09-05T06:32:55.476+0000] {processor.py:161} INFO - Started process (PID=271) to work on /home/airflow/.local/lib/python3.8/site-packages/airflow/example_dags/example_short_circuit_operator.py
[2024-09-05T06:32:55.477+0000] {processor.py:830} INFO - Processing file /home/airflow/.local/lib/python3.8/site-packages/airflow/example_dags/example_short_circuit_operator.py for tasks to queue
[2024-09-05T06:32:55.478+0000] {logging_mixin.py:188} INFO - [2024-09-05T06:32:55.477+0000] {dagbag.py:538} INFO - Filling up the DagBag from /home/airflow/.local/lib/python3.8/site-packages/airflow/example_dags/example_short_circuit_operator.py
[2024-09-05T06:32:55.483+0000] {processor.py:840} INFO - DAG(s) 'example_short_circuit_operator' retrieved from /home/airflow/.local/lib/python3.8/site-packages/airflow/example_dags/example_short_circuit_operator.py
[2024-09-05T06:32:55.498+0000] {logging_mixin.py:188} INFO - [2024-09-05T06:32:55.498+0000] {dag.py:3036} INFO - Sync 1 DAGs
[2024-09-05T06:32:55.510+0000] {logging_mixin.py:188} INFO - [2024-09-05T06:32:55.510+0000] {dag.py:3823} INFO - Setting next_dagrun for example_short_circuit_operator to 2024-09-04 00:00:00+00:00, run_after=2024-09-05 00:00:00+00:00
[2024-09-05T06:32:55.521+0000] {processor.py:183} INFO - Processing /home/airflow/.local/lib/python3.8/site-packages/airflow/example_dags/example_short_circuit_operator.py took 0.048 seconds
[2024-09-05T07:46:51.528+0000] {processor.py:161} INFO - Started process (PID=271) to work on /home/airflow/.local/lib/python3.8/site-packages/airflow/example_dags/example_short_circuit_operator.py
[2024-09-05T07:46:51.529+0000] {processor.py:830} INFO - Processing file /home/airflow/.local/lib/python3.8/site-packages/airflow/example_dags/example_short_circuit_operator.py for tasks to queue
[2024-09-05T07:46:51.530+0000] {logging_mixin.py:188} INFO - [2024-09-05T07:46:51.530+0000] {dagbag.py:538} INFO - Filling up the DagBag from /home/airflow/.local/lib/python3.8/site-packages/airflow/example_dags/example_short_circuit_operator.py
[2024-09-05T07:46:51.536+0000] {processor.py:840} INFO - DAG(s) 'example_short_circuit_operator' retrieved from /home/airflow/.local/lib/python3.8/site-packages/airflow/example_dags/example_short_circuit_operator.py
[2024-09-05T07:46:51.552+0000] {logging_mixin.py:188} INFO - [2024-09-05T07:46:51.552+0000] {dag.py:3036} INFO - Sync 1 DAGs
[2024-09-05T07:46:51.566+0000] {logging_mixin.py:188} INFO - [2024-09-05T07:46:51.566+0000] {dag.py:3823} INFO - Setting next_dagrun for example_short_circuit_operator to 2024-09-04 00:00:00+00:00, run_after=2024-09-05 00:00:00+00:00
[2024-09-05T07:46:51.580+0000] {processor.py:183} INFO - Processing /home/airflow/.local/lib/python3.8/site-packages/airflow/example_dags/example_short_circuit_operator.py took 0.055 seconds
[2024-09-05T10:21:50.321+0000] {processor.py:161} INFO - Started process (PID=270) to work on /home/airflow/.local/lib/python3.8/site-packages/airflow/example_dags/example_short_circuit_operator.py
[2024-09-05T10:21:50.322+0000] {processor.py:830} INFO - Processing file /home/airflow/.local/lib/python3.8/site-packages/airflow/example_dags/example_short_circuit_operator.py for tasks to queue
[2024-09-05T10:21:50.323+0000] {logging_mixin.py:188} INFO - [2024-09-05T10:21:50.323+0000] {dagbag.py:538} INFO - Filling up the DagBag from /home/airflow/.local/lib/python3.8/site-packages/airflow/example_dags/example_short_circuit_operator.py
[2024-09-05T10:21:50.330+0000] {processor.py:840} INFO - DAG(s) 'example_short_circuit_operator' retrieved from /home/airflow/.local/lib/python3.8/site-packages/airflow/example_dags/example_short_circuit_operator.py
[2024-09-05T10:21:50.344+0000] {logging_mixin.py:188} INFO - [2024-09-05T10:21:50.344+0000] {dag.py:3036} INFO - Sync 1 DAGs
[2024-09-05T10:21:50.362+0000] {logging_mixin.py:188} INFO - [2024-09-05T10:21:50.361+0000] {dag.py:3823} INFO - Setting next_dagrun for example_short_circuit_operator to 2024-09-04 00:00:00+00:00, run_after=2024-09-05 00:00:00+00:00
[2024-09-05T10:21:50.376+0000] {processor.py:183} INFO - Processing /home/airflow/.local/lib/python3.8/site-packages/airflow/example_dags/example_short_circuit_operator.py took 0.057 seconds
[2024-09-05T10:22:23.228+0000] {processor.py:161} INFO - Started process (PID=517) to work on /home/airflow/.local/lib/python3.8/site-packages/airflow/example_dags/example_short_circuit_operator.py
[2024-09-05T10:22:23.228+0000] {processor.py:830} INFO - Processing file /home/airflow/.local/lib/python3.8/site-packages/airflow/example_dags/example_short_circuit_operator.py for tasks to queue
[2024-09-05T10:22:23.229+0000] {logging_mixin.py:188} INFO - [2024-09-05T10:22:23.229+0000] {dagbag.py:538} INFO - Filling up the DagBag from /home/airflow/.local/lib/python3.8/site-packages/airflow/example_dags/example_short_circuit_operator.py
[2024-09-05T10:22:23.234+0000] {processor.py:840} INFO - DAG(s) 'example_short_circuit_operator' retrieved from /home/airflow/.local/lib/python3.8/site-packages/airflow/example_dags/example_short_circuit_operator.py
[2024-09-05T10:22:23.293+0000] {logging_mixin.py:188} INFO - [2024-09-05T10:22:23.293+0000] {dag.py:3036} INFO - Sync 1 DAGs
[2024-09-05T10:22:23.307+0000] {logging_mixin.py:188} INFO - [2024-09-05T10:22:23.307+0000] {dag.py:3823} INFO - Setting next_dagrun for example_short_circuit_operator to 2024-09-04 00:00:00+00:00, run_after=2024-09-05 00:00:00+00:00
[2024-09-05T10:22:23.320+0000] {processor.py:183} INFO - Processing /home/airflow/.local/lib/python3.8/site-packages/airflow/example_dags/example_short_circuit_operator.py took 0.095 seconds
