[2024-09-05T04:32:19.812+0000] {processor.py:161} INFO - Started process (PID=346) to work on /home/airflow/.local/lib/python3.8/site-packages/airflow/example_dags/example_short_circuit_decorator.py
[2024-09-05T04:32:19.813+0000] {processor.py:830} INFO - Processing file /home/airflow/.local/lib/python3.8/site-packages/airflow/example_dags/example_short_circuit_decorator.py for tasks to queue
[2024-09-05T04:32:19.814+0000] {logging_mixin.py:188} INFO - [2024-09-05T04:32:19.813+0000] {dagbag.py:538} INFO - Filling up the DagBag from /home/airflow/.local/lib/python3.8/site-packages/airflow/example_dags/example_short_circuit_decorator.py
[2024-09-05T04:32:19.820+0000] {processor.py:840} INFO - DAG(s) 'example_short_circuit_decorator' retrieved from /home/airflow/.local/lib/python3.8/site-packages/airflow/example_dags/example_short_circuit_decorator.py
[2024-09-05T04:32:19.828+0000] {logging_mixin.py:188} INFO - [2024-09-05T04:32:19.828+0000] {dag.py:3036} INFO - Sync 1 DAGs
[2024-09-05T04:32:19.841+0000] {logging_mixin.py:188} INFO - [2024-09-05T04:32:19.841+0000] {dag.py:3823} INFO - Setting next_dagrun for example_short_circuit_decorator to 2024-09-04 00:00:00+00:00, run_after=2024-09-05 00:00:00+00:00
[2024-09-05T04:32:19.855+0000] {processor.py:183} INFO - Processing /home/airflow/.local/lib/python3.8/site-packages/airflow/example_dags/example_short_circuit_decorator.py took 0.045 seconds
[2024-09-05T04:32:50.701+0000] {processor.py:161} INFO - Started process (PID=593) to work on /home/airflow/.local/lib/python3.8/site-packages/airflow/example_dags/example_short_circuit_decorator.py
[2024-09-05T04:32:50.702+0000] {processor.py:830} INFO - Processing file /home/airflow/.local/lib/python3.8/site-packages/airflow/example_dags/example_short_circuit_decorator.py for tasks to queue
[2024-09-05T04:32:50.702+0000] {logging_mixin.py:188} INFO - [2024-09-05T04:32:50.702+0000] {dagbag.py:538} INFO - Filling up the DagBag from /home/airflow/.local/lib/python3.8/site-packages/airflow/example_dags/example_short_circuit_decorator.py
[2024-09-05T04:32:50.708+0000] {processor.py:840} INFO - DAG(s) 'example_short_circuit_decorator' retrieved from /home/airflow/.local/lib/python3.8/site-packages/airflow/example_dags/example_short_circuit_decorator.py
[2024-09-05T04:32:50.762+0000] {logging_mixin.py:188} INFO - [2024-09-05T04:32:50.762+0000] {dag.py:3036} INFO - Sync 1 DAGs
[2024-09-05T04:32:50.773+0000] {logging_mixin.py:188} INFO - [2024-09-05T04:32:50.772+0000] {dag.py:3823} INFO - Setting next_dagrun for example_short_circuit_decorator to 2024-09-04 00:00:00+00:00, run_after=2024-09-05 00:00:00+00:00
[2024-09-05T04:32:50.781+0000] {processor.py:183} INFO - Processing /home/airflow/.local/lib/python3.8/site-packages/airflow/example_dags/example_short_circuit_decorator.py took 0.082 seconds
[2024-09-05T06:32:56.155+0000] {processor.py:161} INFO - Started process (PID=346) to work on /home/airflow/.local/lib/python3.8/site-packages/airflow/example_dags/example_short_circuit_decorator.py
[2024-09-05T06:32:56.156+0000] {processor.py:830} INFO - Processing file /home/airflow/.local/lib/python3.8/site-packages/airflow/example_dags/example_short_circuit_decorator.py for tasks to queue
[2024-09-05T06:32:56.157+0000] {logging_mixin.py:188} INFO - [2024-09-05T06:32:56.157+0000] {dagbag.py:538} INFO - Filling up the DagBag from /home/airflow/.local/lib/python3.8/site-packages/airflow/example_dags/example_short_circuit_decorator.py
[2024-09-05T06:32:56.165+0000] {processor.py:840} INFO - DAG(s) 'example_short_circuit_decorator' retrieved from /home/airflow/.local/lib/python3.8/site-packages/airflow/example_dags/example_short_circuit_decorator.py
[2024-09-05T06:32:56.182+0000] {logging_mixin.py:188} INFO - [2024-09-05T06:32:56.182+0000] {dag.py:3036} INFO - Sync 1 DAGs
[2024-09-05T06:32:56.198+0000] {logging_mixin.py:188} INFO - [2024-09-05T06:32:56.198+0000] {dag.py:3823} INFO - Setting next_dagrun for example_short_circuit_decorator to 2024-09-04 00:00:00+00:00, run_after=2024-09-05 00:00:00+00:00
[2024-09-05T06:32:56.212+0000] {processor.py:183} INFO - Processing /home/airflow/.local/lib/python3.8/site-packages/airflow/example_dags/example_short_circuit_decorator.py took 0.060 seconds
[2024-09-05T07:46:52.254+0000] {processor.py:161} INFO - Started process (PID=346) to work on /home/airflow/.local/lib/python3.8/site-packages/airflow/example_dags/example_short_circuit_decorator.py
[2024-09-05T07:46:52.255+0000] {processor.py:830} INFO - Processing file /home/airflow/.local/lib/python3.8/site-packages/airflow/example_dags/example_short_circuit_decorator.py for tasks to queue
[2024-09-05T07:46:52.255+0000] {logging_mixin.py:188} INFO - [2024-09-05T07:46:52.255+0000] {dagbag.py:538} INFO - Filling up the DagBag from /home/airflow/.local/lib/python3.8/site-packages/airflow/example_dags/example_short_circuit_decorator.py
[2024-09-05T07:46:52.261+0000] {processor.py:840} INFO - DAG(s) 'example_short_circuit_decorator' retrieved from /home/airflow/.local/lib/python3.8/site-packages/airflow/example_dags/example_short_circuit_decorator.py
[2024-09-05T07:46:52.277+0000] {logging_mixin.py:188} INFO - [2024-09-05T07:46:52.276+0000] {dag.py:3036} INFO - Sync 1 DAGs
[2024-09-05T07:46:52.290+0000] {logging_mixin.py:188} INFO - [2024-09-05T07:46:52.290+0000] {dag.py:3823} INFO - Setting next_dagrun for example_short_circuit_decorator to 2024-09-04 00:00:00+00:00, run_after=2024-09-05 00:00:00+00:00
[2024-09-05T07:46:52.305+0000] {processor.py:183} INFO - Processing /home/airflow/.local/lib/python3.8/site-packages/airflow/example_dags/example_short_circuit_decorator.py took 0.053 seconds
[2024-09-05T10:21:50.857+0000] {processor.py:161} INFO - Started process (PID=345) to work on /home/airflow/.local/lib/python3.8/site-packages/airflow/example_dags/example_short_circuit_decorator.py
[2024-09-05T10:21:50.858+0000] {processor.py:830} INFO - Processing file /home/airflow/.local/lib/python3.8/site-packages/airflow/example_dags/example_short_circuit_decorator.py for tasks to queue
[2024-09-05T10:21:50.859+0000] {logging_mixin.py:188} INFO - [2024-09-05T10:21:50.859+0000] {dagbag.py:538} INFO - Filling up the DagBag from /home/airflow/.local/lib/python3.8/site-packages/airflow/example_dags/example_short_circuit_decorator.py
[2024-09-05T10:21:50.865+0000] {processor.py:840} INFO - DAG(s) 'example_short_circuit_decorator' retrieved from /home/airflow/.local/lib/python3.8/site-packages/airflow/example_dags/example_short_circuit_decorator.py
[2024-09-05T10:21:50.874+0000] {logging_mixin.py:188} INFO - [2024-09-05T10:21:50.874+0000] {dag.py:3036} INFO - Sync 1 DAGs
[2024-09-05T10:21:50.886+0000] {logging_mixin.py:188} INFO - [2024-09-05T10:21:50.886+0000] {dag.py:3823} INFO - Setting next_dagrun for example_short_circuit_decorator to 2024-09-04 00:00:00+00:00, run_after=2024-09-05 00:00:00+00:00
[2024-09-05T10:21:50.897+0000] {processor.py:183} INFO - Processing /home/airflow/.local/lib/python3.8/site-packages/airflow/example_dags/example_short_circuit_decorator.py took 0.043 seconds
[2024-09-05T10:22:24.075+0000] {processor.py:161} INFO - Started process (PID=592) to work on /home/airflow/.local/lib/python3.8/site-packages/airflow/example_dags/example_short_circuit_decorator.py
[2024-09-05T10:22:24.077+0000] {processor.py:830} INFO - Processing file /home/airflow/.local/lib/python3.8/site-packages/airflow/example_dags/example_short_circuit_decorator.py for tasks to queue
[2024-09-05T10:22:24.078+0000] {logging_mixin.py:188} INFO - [2024-09-05T10:22:24.078+0000] {dagbag.py:538} INFO - Filling up the DagBag from /home/airflow/.local/lib/python3.8/site-packages/airflow/example_dags/example_short_circuit_decorator.py
[2024-09-05T10:22:24.086+0000] {processor.py:840} INFO - DAG(s) 'example_short_circuit_decorator' retrieved from /home/airflow/.local/lib/python3.8/site-packages/airflow/example_dags/example_short_circuit_decorator.py
[2024-09-05T10:22:24.173+0000] {logging_mixin.py:188} INFO - [2024-09-05T10:22:24.173+0000] {dag.py:3036} INFO - Sync 1 DAGs
[2024-09-05T10:22:24.189+0000] {logging_mixin.py:188} INFO - [2024-09-05T10:22:24.188+0000] {dag.py:3823} INFO - Setting next_dagrun for example_short_circuit_decorator to 2024-09-04 00:00:00+00:00, run_after=2024-09-05 00:00:00+00:00
[2024-09-05T10:22:24.214+0000] {processor.py:183} INFO - Processing /home/airflow/.local/lib/python3.8/site-packages/airflow/example_dags/example_short_circuit_decorator.py took 0.142 seconds
