[2024-09-05T04:32:19.654+0000] {processor.py:161} INFO - Started process (PID=321) to work on /home/airflow/.local/lib/python3.8/site-packages/airflow/example_dags/example_sla_dag.py
[2024-09-05T04:32:19.655+0000] {processor.py:830} INFO - Processing file /home/airflow/.local/lib/python3.8/site-packages/airflow/example_dags/example_sla_dag.py for tasks to queue
[2024-09-05T04:32:19.656+0000] {logging_mixin.py:188} INFO - [2024-09-05T04:32:19.656+0000] {dagbag.py:538} INFO - Filling up the DagBag from /home/airflow/.local/lib/python3.8/site-packages/airflow/example_dags/example_sla_dag.py
[2024-09-05T04:32:19.662+0000] {processor.py:840} INFO - DAG(s) 'example_sla_dag' retrieved from /home/airflow/.local/lib/python3.8/site-packages/airflow/example_dags/example_sla_dag.py
[2024-09-05T04:32:19.669+0000] {logging_mixin.py:188} INFO - [2024-09-05T04:32:19.669+0000] {dag.py:3036} INFO - Sync 1 DAGs
[2024-09-05T04:32:19.686+0000] {logging_mixin.py:188} INFO - [2024-09-05T04:32:19.686+0000] {dag.py:3823} INFO - Setting next_dagrun for example_sla_dag to 2024-09-05 04:30:00+00:00, run_after=2024-09-05 04:32:00+00:00
[2024-09-05T04:32:19.696+0000] {processor.py:183} INFO - Processing /home/airflow/.local/lib/python3.8/site-packages/airflow/example_dags/example_sla_dag.py took 0.045 seconds
[2024-09-05T04:32:50.418+0000] {processor.py:161} INFO - Started process (PID=568) to work on /home/airflow/.local/lib/python3.8/site-packages/airflow/example_dags/example_sla_dag.py
[2024-09-05T04:32:50.419+0000] {processor.py:830} INFO - Processing file /home/airflow/.local/lib/python3.8/site-packages/airflow/example_dags/example_sla_dag.py for tasks to queue
[2024-09-05T04:32:50.419+0000] {logging_mixin.py:188} INFO - [2024-09-05T04:32:50.419+0000] {dagbag.py:538} INFO - Filling up the DagBag from /home/airflow/.local/lib/python3.8/site-packages/airflow/example_dags/example_sla_dag.py
[2024-09-05T04:32:50.425+0000] {processor.py:840} INFO - DAG(s) 'example_sla_dag' retrieved from /home/airflow/.local/lib/python3.8/site-packages/airflow/example_dags/example_sla_dag.py
[2024-09-05T04:32:50.472+0000] {logging_mixin.py:188} INFO - [2024-09-05T04:32:50.472+0000] {dag.py:3036} INFO - Sync 1 DAGs
[2024-09-05T04:32:50.484+0000] {logging_mixin.py:188} INFO - [2024-09-05T04:32:50.484+0000] {dag.py:3823} INFO - Setting next_dagrun for example_sla_dag to 2024-09-05 04:30:00+00:00, run_after=2024-09-05 04:32:00+00:00
[2024-09-05T04:32:50.493+0000] {processor.py:183} INFO - Processing /home/airflow/.local/lib/python3.8/site-packages/airflow/example_dags/example_sla_dag.py took 0.078 seconds
[2024-09-05T06:32:55.938+0000] {processor.py:161} INFO - Started process (PID=321) to work on /home/airflow/.local/lib/python3.8/site-packages/airflow/example_dags/example_sla_dag.py
[2024-09-05T06:32:55.939+0000] {processor.py:830} INFO - Processing file /home/airflow/.local/lib/python3.8/site-packages/airflow/example_dags/example_sla_dag.py for tasks to queue
[2024-09-05T06:32:55.939+0000] {logging_mixin.py:188} INFO - [2024-09-05T06:32:55.939+0000] {dagbag.py:538} INFO - Filling up the DagBag from /home/airflow/.local/lib/python3.8/site-packages/airflow/example_dags/example_sla_dag.py
[2024-09-05T06:32:55.944+0000] {processor.py:840} INFO - DAG(s) 'example_sla_dag' retrieved from /home/airflow/.local/lib/python3.8/site-packages/airflow/example_dags/example_sla_dag.py
[2024-09-05T06:32:55.957+0000] {logging_mixin.py:188} INFO - [2024-09-05T06:32:55.957+0000] {dag.py:3036} INFO - Sync 1 DAGs
[2024-09-05T06:32:55.969+0000] {logging_mixin.py:188} INFO - [2024-09-05T06:32:55.969+0000] {dag.py:3823} INFO - Setting next_dagrun for example_sla_dag to 2024-09-05 06:30:00+00:00, run_after=2024-09-05 06:32:00+00:00
[2024-09-05T06:32:55.980+0000] {processor.py:183} INFO - Processing /home/airflow/.local/lib/python3.8/site-packages/airflow/example_dags/example_sla_dag.py took 0.045 seconds
[2024-09-05T07:46:52.012+0000] {processor.py:161} INFO - Started process (PID=321) to work on /home/airflow/.local/lib/python3.8/site-packages/airflow/example_dags/example_sla_dag.py
[2024-09-05T07:46:52.013+0000] {processor.py:830} INFO - Processing file /home/airflow/.local/lib/python3.8/site-packages/airflow/example_dags/example_sla_dag.py for tasks to queue
[2024-09-05T07:46:52.014+0000] {logging_mixin.py:188} INFO - [2024-09-05T07:46:52.014+0000] {dagbag.py:538} INFO - Filling up the DagBag from /home/airflow/.local/lib/python3.8/site-packages/airflow/example_dags/example_sla_dag.py
[2024-09-05T07:46:52.020+0000] {processor.py:840} INFO - DAG(s) 'example_sla_dag' retrieved from /home/airflow/.local/lib/python3.8/site-packages/airflow/example_dags/example_sla_dag.py
[2024-09-05T07:46:52.036+0000] {logging_mixin.py:188} INFO - [2024-09-05T07:46:52.036+0000] {dag.py:3036} INFO - Sync 1 DAGs
[2024-09-05T07:46:52.052+0000] {logging_mixin.py:188} INFO - [2024-09-05T07:46:52.052+0000] {dag.py:3823} INFO - Setting next_dagrun for example_sla_dag to 2024-09-05 07:44:00+00:00, run_after=2024-09-05 07:46:00+00:00
[2024-09-05T07:46:52.065+0000] {processor.py:183} INFO - Processing /home/airflow/.local/lib/python3.8/site-packages/airflow/example_dags/example_sla_dag.py took 0.056 seconds
[2024-09-05T10:21:50.691+0000] {processor.py:161} INFO - Started process (PID=320) to work on /home/airflow/.local/lib/python3.8/site-packages/airflow/example_dags/example_sla_dag.py
[2024-09-05T10:21:50.692+0000] {processor.py:830} INFO - Processing file /home/airflow/.local/lib/python3.8/site-packages/airflow/example_dags/example_sla_dag.py for tasks to queue
[2024-09-05T10:21:50.693+0000] {logging_mixin.py:188} INFO - [2024-09-05T10:21:50.693+0000] {dagbag.py:538} INFO - Filling up the DagBag from /home/airflow/.local/lib/python3.8/site-packages/airflow/example_dags/example_sla_dag.py
[2024-09-05T10:21:50.698+0000] {processor.py:840} INFO - DAG(s) 'example_sla_dag' retrieved from /home/airflow/.local/lib/python3.8/site-packages/airflow/example_dags/example_sla_dag.py
[2024-09-05T10:21:50.707+0000] {logging_mixin.py:188} INFO - [2024-09-05T10:21:50.707+0000] {dag.py:3036} INFO - Sync 1 DAGs
[2024-09-05T10:21:50.723+0000] {logging_mixin.py:188} INFO - [2024-09-05T10:21:50.723+0000] {dag.py:3823} INFO - Setting next_dagrun for example_sla_dag to 2024-09-05 10:18:00+00:00, run_after=2024-09-05 10:20:00+00:00
[2024-09-05T10:21:50.734+0000] {processor.py:183} INFO - Processing /home/airflow/.local/lib/python3.8/site-packages/airflow/example_dags/example_sla_dag.py took 0.045 seconds
[2024-09-05T10:22:23.785+0000] {processor.py:161} INFO - Started process (PID=567) to work on /home/airflow/.local/lib/python3.8/site-packages/airflow/example_dags/example_sla_dag.py
[2024-09-05T10:22:23.786+0000] {processor.py:830} INFO - Processing file /home/airflow/.local/lib/python3.8/site-packages/airflow/example_dags/example_sla_dag.py for tasks to queue
[2024-09-05T10:22:23.788+0000] {logging_mixin.py:188} INFO - [2024-09-05T10:22:23.788+0000] {dagbag.py:538} INFO - Filling up the DagBag from /home/airflow/.local/lib/python3.8/site-packages/airflow/example_dags/example_sla_dag.py
[2024-09-05T10:22:23.793+0000] {processor.py:840} INFO - DAG(s) 'example_sla_dag' retrieved from /home/airflow/.local/lib/python3.8/site-packages/airflow/example_dags/example_sla_dag.py
[2024-09-05T10:22:23.848+0000] {logging_mixin.py:188} INFO - [2024-09-05T10:22:23.848+0000] {dag.py:3036} INFO - Sync 1 DAGs
[2024-09-05T10:22:23.861+0000] {logging_mixin.py:188} INFO - [2024-09-05T10:22:23.861+0000] {dag.py:3823} INFO - Setting next_dagrun for example_sla_dag to 2024-09-05 10:20:00+00:00, run_after=2024-09-05 10:22:00+00:00
[2024-09-05T10:22:23.871+0000] {processor.py:183} INFO - Processing /home/airflow/.local/lib/python3.8/site-packages/airflow/example_dags/example_sla_dag.py took 0.089 seconds
