[2024-09-05T04:32:19.599+0000] {processor.py:161} INFO - Started process (PID=311) to work on /home/airflow/.local/lib/python3.8/site-packages/airflow/example_dags/example_trigger_target_dag.py
[2024-09-05T04:32:19.600+0000] {processor.py:830} INFO - Processing file /home/airflow/.local/lib/python3.8/site-packages/airflow/example_dags/example_trigger_target_dag.py for tasks to queue
[2024-09-05T04:32:19.601+0000] {logging_mixin.py:188} INFO - [2024-09-05T04:32:19.600+0000] {dagbag.py:538} INFO - Filling up the DagBag from /home/airflow/.local/lib/python3.8/site-packages/airflow/example_dags/example_trigger_target_dag.py
[2024-09-05T04:32:19.605+0000] {processor.py:840} INFO - DAG(s) 'example_trigger_target_dag' retrieved from /home/airflow/.local/lib/python3.8/site-packages/airflow/example_dags/example_trigger_target_dag.py
[2024-09-05T04:32:19.612+0000] {logging_mixin.py:188} INFO - [2024-09-05T04:32:19.612+0000] {dag.py:3036} INFO - Sync 1 DAGs
[2024-09-05T04:32:19.620+0000] {logging_mixin.py:188} INFO - [2024-09-05T04:32:19.620+0000] {dag.py:3823} INFO - Setting next_dagrun for example_trigger_target_dag to None, run_after=None
[2024-09-05T04:32:19.632+0000] {processor.py:183} INFO - Processing /home/airflow/.local/lib/python3.8/site-packages/airflow/example_dags/example_trigger_target_dag.py took 0.036 seconds
[2024-09-05T04:32:50.321+0000] {processor.py:161} INFO - Started process (PID=558) to work on /home/airflow/.local/lib/python3.8/site-packages/airflow/example_dags/example_trigger_target_dag.py
[2024-09-05T04:32:50.322+0000] {processor.py:830} INFO - Processing file /home/airflow/.local/lib/python3.8/site-packages/airflow/example_dags/example_trigger_target_dag.py for tasks to queue
[2024-09-05T04:32:50.322+0000] {logging_mixin.py:188} INFO - [2024-09-05T04:32:50.322+0000] {dagbag.py:538} INFO - Filling up the DagBag from /home/airflow/.local/lib/python3.8/site-packages/airflow/example_dags/example_trigger_target_dag.py
[2024-09-05T04:32:50.326+0000] {processor.py:840} INFO - DAG(s) 'example_trigger_target_dag' retrieved from /home/airflow/.local/lib/python3.8/site-packages/airflow/example_dags/example_trigger_target_dag.py
[2024-09-05T04:32:50.374+0000] {logging_mixin.py:188} INFO - [2024-09-05T04:32:50.374+0000] {dag.py:3036} INFO - Sync 1 DAGs
[2024-09-05T04:32:50.379+0000] {logging_mixin.py:188} INFO - [2024-09-05T04:32:50.379+0000] {dag.py:3823} INFO - Setting next_dagrun for example_trigger_target_dag to None, run_after=None
[2024-09-05T04:32:50.388+0000] {processor.py:183} INFO - Processing /home/airflow/.local/lib/python3.8/site-packages/airflow/example_dags/example_trigger_target_dag.py took 0.070 seconds
[2024-09-05T06:32:55.877+0000] {processor.py:161} INFO - Started process (PID=311) to work on /home/airflow/.local/lib/python3.8/site-packages/airflow/example_dags/example_trigger_target_dag.py
[2024-09-05T06:32:55.878+0000] {processor.py:830} INFO - Processing file /home/airflow/.local/lib/python3.8/site-packages/airflow/example_dags/example_trigger_target_dag.py for tasks to queue
[2024-09-05T06:32:55.879+0000] {logging_mixin.py:188} INFO - [2024-09-05T06:32:55.879+0000] {dagbag.py:538} INFO - Filling up the DagBag from /home/airflow/.local/lib/python3.8/site-packages/airflow/example_dags/example_trigger_target_dag.py
[2024-09-05T06:32:55.884+0000] {processor.py:840} INFO - DAG(s) 'example_trigger_target_dag' retrieved from /home/airflow/.local/lib/python3.8/site-packages/airflow/example_dags/example_trigger_target_dag.py
[2024-09-05T06:32:55.899+0000] {logging_mixin.py:188} INFO - [2024-09-05T06:32:55.899+0000] {dag.py:3036} INFO - Sync 1 DAGs
[2024-09-05T06:32:55.907+0000] {logging_mixin.py:188} INFO - [2024-09-05T06:32:55.907+0000] {dag.py:3823} INFO - Setting next_dagrun for example_trigger_target_dag to None, run_after=None
[2024-09-05T06:32:55.918+0000] {processor.py:183} INFO - Processing /home/airflow/.local/lib/python3.8/site-packages/airflow/example_dags/example_trigger_target_dag.py took 0.044 seconds
[2024-09-05T07:46:51.951+0000] {processor.py:161} INFO - Started process (PID=311) to work on /home/airflow/.local/lib/python3.8/site-packages/airflow/example_dags/example_trigger_target_dag.py
[2024-09-05T07:46:51.952+0000] {processor.py:830} INFO - Processing file /home/airflow/.local/lib/python3.8/site-packages/airflow/example_dags/example_trigger_target_dag.py for tasks to queue
[2024-09-05T07:46:51.952+0000] {logging_mixin.py:188} INFO - [2024-09-05T07:46:51.952+0000] {dagbag.py:538} INFO - Filling up the DagBag from /home/airflow/.local/lib/python3.8/site-packages/airflow/example_dags/example_trigger_target_dag.py
[2024-09-05T07:46:51.957+0000] {processor.py:840} INFO - DAG(s) 'example_trigger_target_dag' retrieved from /home/airflow/.local/lib/python3.8/site-packages/airflow/example_dags/example_trigger_target_dag.py
[2024-09-05T07:46:51.972+0000] {logging_mixin.py:188} INFO - [2024-09-05T07:46:51.971+0000] {dag.py:3036} INFO - Sync 1 DAGs
[2024-09-05T07:46:51.980+0000] {logging_mixin.py:188} INFO - [2024-09-05T07:46:51.980+0000] {dag.py:3823} INFO - Setting next_dagrun for example_trigger_target_dag to None, run_after=None
[2024-09-05T07:46:51.993+0000] {processor.py:183} INFO - Processing /home/airflow/.local/lib/python3.8/site-packages/airflow/example_dags/example_trigger_target_dag.py took 0.045 seconds
[2024-09-05T10:21:50.639+0000] {processor.py:161} INFO - Started process (PID=310) to work on /home/airflow/.local/lib/python3.8/site-packages/airflow/example_dags/example_trigger_target_dag.py
[2024-09-05T10:21:50.640+0000] {processor.py:830} INFO - Processing file /home/airflow/.local/lib/python3.8/site-packages/airflow/example_dags/example_trigger_target_dag.py for tasks to queue
[2024-09-05T10:21:50.640+0000] {logging_mixin.py:188} INFO - [2024-09-05T10:21:50.640+0000] {dagbag.py:538} INFO - Filling up the DagBag from /home/airflow/.local/lib/python3.8/site-packages/airflow/example_dags/example_trigger_target_dag.py
[2024-09-05T10:21:50.644+0000] {processor.py:840} INFO - DAG(s) 'example_trigger_target_dag' retrieved from /home/airflow/.local/lib/python3.8/site-packages/airflow/example_dags/example_trigger_target_dag.py
[2024-09-05T10:21:50.653+0000] {logging_mixin.py:188} INFO - [2024-09-05T10:21:50.653+0000] {dag.py:3036} INFO - Sync 1 DAGs
[2024-09-05T10:21:50.662+0000] {logging_mixin.py:188} INFO - [2024-09-05T10:21:50.662+0000] {dag.py:3823} INFO - Setting next_dagrun for example_trigger_target_dag to None, run_after=None
[2024-09-05T10:21:50.674+0000] {processor.py:183} INFO - Processing /home/airflow/.local/lib/python3.8/site-packages/airflow/example_dags/example_trigger_target_dag.py took 0.037 seconds
[2024-09-05T10:22:23.674+0000] {processor.py:161} INFO - Started process (PID=557) to work on /home/airflow/.local/lib/python3.8/site-packages/airflow/example_dags/example_trigger_target_dag.py
[2024-09-05T10:22:23.675+0000] {processor.py:830} INFO - Processing file /home/airflow/.local/lib/python3.8/site-packages/airflow/example_dags/example_trigger_target_dag.py for tasks to queue
[2024-09-05T10:22:23.677+0000] {logging_mixin.py:188} INFO - [2024-09-05T10:22:23.677+0000] {dagbag.py:538} INFO - Filling up the DagBag from /home/airflow/.local/lib/python3.8/site-packages/airflow/example_dags/example_trigger_target_dag.py
[2024-09-05T10:22:23.683+0000] {processor.py:840} INFO - DAG(s) 'example_trigger_target_dag' retrieved from /home/airflow/.local/lib/python3.8/site-packages/airflow/example_dags/example_trigger_target_dag.py
[2024-09-05T10:22:23.747+0000] {logging_mixin.py:188} INFO - [2024-09-05T10:22:23.746+0000] {dag.py:3036} INFO - Sync 1 DAGs
[2024-09-05T10:22:23.754+0000] {logging_mixin.py:188} INFO - [2024-09-05T10:22:23.754+0000] {dag.py:3823} INFO - Setting next_dagrun for example_trigger_target_dag to None, run_after=None
[2024-09-05T10:22:23.767+0000] {processor.py:183} INFO - Processing /home/airflow/.local/lib/python3.8/site-packages/airflow/example_dags/example_trigger_target_dag.py took 0.097 seconds
