[2024-09-05T04:32:19.117+0000] {processor.py:161} INFO - Started process (PID=241) to work on /home/airflow/.local/lib/python3.8/site-packages/airflow/example_dags/tutorial_dag.py
[2024-09-05T04:32:19.118+0000] {processor.py:830} INFO - Processing file /home/airflow/.local/lib/python3.8/site-packages/airflow/example_dags/tutorial_dag.py for tasks to queue
[2024-09-05T04:32:19.118+0000] {logging_mixin.py:188} INFO - [2024-09-05T04:32:19.118+0000] {dagbag.py:538} INFO - Filling up the DagBag from /home/airflow/.local/lib/python3.8/site-packages/airflow/example_dags/tutorial_dag.py
[2024-09-05T04:32:19.123+0000] {processor.py:840} INFO - DAG(s) 'tutorial_dag' retrieved from /home/airflow/.local/lib/python3.8/site-packages/airflow/example_dags/tutorial_dag.py
[2024-09-05T04:32:19.132+0000] {logging_mixin.py:188} INFO - [2024-09-05T04:32:19.132+0000] {dag.py:3036} INFO - Sync 1 DAGs
[2024-09-05T04:32:19.141+0000] {logging_mixin.py:188} INFO - [2024-09-05T04:32:19.140+0000] {dag.py:3823} INFO - Setting next_dagrun for tutorial_dag to None, run_after=None
[2024-09-05T04:32:19.154+0000] {processor.py:183} INFO - Processing /home/airflow/.local/lib/python3.8/site-packages/airflow/example_dags/tutorial_dag.py took 0.042 seconds
[2024-09-05T04:32:49.638+0000] {processor.py:161} INFO - Started process (PID=488) to work on /home/airflow/.local/lib/python3.8/site-packages/airflow/example_dags/tutorial_dag.py
[2024-09-05T04:32:49.639+0000] {processor.py:830} INFO - Processing file /home/airflow/.local/lib/python3.8/site-packages/airflow/example_dags/tutorial_dag.py for tasks to queue
[2024-09-05T04:32:49.639+0000] {logging_mixin.py:188} INFO - [2024-09-05T04:32:49.639+0000] {dagbag.py:538} INFO - Filling up the DagBag from /home/airflow/.local/lib/python3.8/site-packages/airflow/example_dags/tutorial_dag.py
[2024-09-05T04:32:49.642+0000] {processor.py:840} INFO - DAG(s) 'tutorial_dag' retrieved from /home/airflow/.local/lib/python3.8/site-packages/airflow/example_dags/tutorial_dag.py
[2024-09-05T04:32:49.692+0000] {logging_mixin.py:188} INFO - [2024-09-05T04:32:49.692+0000] {dag.py:3036} INFO - Sync 1 DAGs
[2024-09-05T04:32:49.698+0000] {logging_mixin.py:188} INFO - [2024-09-05T04:32:49.698+0000] {dag.py:3823} INFO - Setting next_dagrun for tutorial_dag to None, run_after=None
[2024-09-05T04:32:49.706+0000] {processor.py:183} INFO - Processing /home/airflow/.local/lib/python3.8/site-packages/airflow/example_dags/tutorial_dag.py took 0.070 seconds
[2024-09-05T06:32:55.265+0000] {processor.py:161} INFO - Started process (PID=241) to work on /home/airflow/.local/lib/python3.8/site-packages/airflow/example_dags/tutorial_dag.py
[2024-09-05T06:32:55.266+0000] {processor.py:830} INFO - Processing file /home/airflow/.local/lib/python3.8/site-packages/airflow/example_dags/tutorial_dag.py for tasks to queue
[2024-09-05T06:32:55.267+0000] {logging_mixin.py:188} INFO - [2024-09-05T06:32:55.267+0000] {dagbag.py:538} INFO - Filling up the DagBag from /home/airflow/.local/lib/python3.8/site-packages/airflow/example_dags/tutorial_dag.py
[2024-09-05T06:32:55.272+0000] {processor.py:840} INFO - DAG(s) 'tutorial_dag' retrieved from /home/airflow/.local/lib/python3.8/site-packages/airflow/example_dags/tutorial_dag.py
[2024-09-05T06:32:55.286+0000] {logging_mixin.py:188} INFO - [2024-09-05T06:32:55.286+0000] {dag.py:3036} INFO - Sync 1 DAGs
[2024-09-05T06:32:55.293+0000] {logging_mixin.py:188} INFO - [2024-09-05T06:32:55.293+0000] {dag.py:3823} INFO - Setting next_dagrun for tutorial_dag to None, run_after=None
[2024-09-05T06:32:55.305+0000] {processor.py:183} INFO - Processing /home/airflow/.local/lib/python3.8/site-packages/airflow/example_dags/tutorial_dag.py took 0.041 seconds
[2024-09-05T07:46:51.328+0000] {processor.py:161} INFO - Started process (PID=241) to work on /home/airflow/.local/lib/python3.8/site-packages/airflow/example_dags/tutorial_dag.py
[2024-09-05T07:46:51.329+0000] {processor.py:830} INFO - Processing file /home/airflow/.local/lib/python3.8/site-packages/airflow/example_dags/tutorial_dag.py for tasks to queue
[2024-09-05T07:46:51.330+0000] {logging_mixin.py:188} INFO - [2024-09-05T07:46:51.330+0000] {dagbag.py:538} INFO - Filling up the DagBag from /home/airflow/.local/lib/python3.8/site-packages/airflow/example_dags/tutorial_dag.py
[2024-09-05T07:46:51.335+0000] {processor.py:840} INFO - DAG(s) 'tutorial_dag' retrieved from /home/airflow/.local/lib/python3.8/site-packages/airflow/example_dags/tutorial_dag.py
[2024-09-05T07:46:51.349+0000] {logging_mixin.py:188} INFO - [2024-09-05T07:46:51.349+0000] {dag.py:3036} INFO - Sync 1 DAGs
[2024-09-05T07:46:51.356+0000] {logging_mixin.py:188} INFO - [2024-09-05T07:46:51.356+0000] {dag.py:3823} INFO - Setting next_dagrun for tutorial_dag to None, run_after=None
[2024-09-05T07:46:51.368+0000] {processor.py:183} INFO - Processing /home/airflow/.local/lib/python3.8/site-packages/airflow/example_dags/tutorial_dag.py took 0.043 seconds
[2024-09-05T10:21:50.116+0000] {processor.py:161} INFO - Started process (PID=240) to work on /home/airflow/.local/lib/python3.8/site-packages/airflow/example_dags/tutorial_dag.py
[2024-09-05T10:21:50.118+0000] {processor.py:830} INFO - Processing file /home/airflow/.local/lib/python3.8/site-packages/airflow/example_dags/tutorial_dag.py for tasks to queue
[2024-09-05T10:21:50.119+0000] {logging_mixin.py:188} INFO - [2024-09-05T10:21:50.118+0000] {dagbag.py:538} INFO - Filling up the DagBag from /home/airflow/.local/lib/python3.8/site-packages/airflow/example_dags/tutorial_dag.py
[2024-09-05T10:21:50.123+0000] {processor.py:840} INFO - DAG(s) 'tutorial_dag' retrieved from /home/airflow/.local/lib/python3.8/site-packages/airflow/example_dags/tutorial_dag.py
[2024-09-05T10:21:50.132+0000] {logging_mixin.py:188} INFO - [2024-09-05T10:21:50.132+0000] {dag.py:3036} INFO - Sync 1 DAGs
[2024-09-05T10:21:50.140+0000] {logging_mixin.py:188} INFO - [2024-09-05T10:21:50.140+0000] {dag.py:3823} INFO - Setting next_dagrun for tutorial_dag to None, run_after=None
[2024-09-05T10:21:50.151+0000] {processor.py:183} INFO - Processing /home/airflow/.local/lib/python3.8/site-packages/airflow/example_dags/tutorial_dag.py took 0.037 seconds
[2024-09-05T10:22:22.889+0000] {processor.py:161} INFO - Started process (PID=487) to work on /home/airflow/.local/lib/python3.8/site-packages/airflow/example_dags/tutorial_dag.py
[2024-09-05T10:22:22.890+0000] {processor.py:830} INFO - Processing file /home/airflow/.local/lib/python3.8/site-packages/airflow/example_dags/tutorial_dag.py for tasks to queue
[2024-09-05T10:22:22.890+0000] {logging_mixin.py:188} INFO - [2024-09-05T10:22:22.890+0000] {dagbag.py:538} INFO - Filling up the DagBag from /home/airflow/.local/lib/python3.8/site-packages/airflow/example_dags/tutorial_dag.py
[2024-09-05T10:22:22.894+0000] {processor.py:840} INFO - DAG(s) 'tutorial_dag' retrieved from /home/airflow/.local/lib/python3.8/site-packages/airflow/example_dags/tutorial_dag.py
[2024-09-05T10:22:22.949+0000] {logging_mixin.py:188} INFO - [2024-09-05T10:22:22.949+0000] {dag.py:3036} INFO - Sync 1 DAGs
[2024-09-05T10:22:22.956+0000] {logging_mixin.py:188} INFO - [2024-09-05T10:22:22.956+0000] {dag.py:3823} INFO - Setting next_dagrun for tutorial_dag to None, run_after=None
[2024-09-05T10:22:22.972+0000] {processor.py:183} INFO - Processing /home/airflow/.local/lib/python3.8/site-packages/airflow/example_dags/tutorial_dag.py took 0.085 seconds
