[2024-03-12T17:01:54.968+0000] {processor.py:161} INFO - Started process (PID=366) to work on /home/airflow/.local/lib/python3.8/site-packages/airflow/example_dags/example_branch_day_of_week_operator.py
[2024-03-12T17:01:54.969+0000] {processor.py:830} INFO - Processing file /home/airflow/.local/lib/python3.8/site-packages/airflow/example_dags/example_branch_day_of_week_operator.py for tasks to queue
[2024-03-12T17:01:54.970+0000] {logging_mixin.py:188} INFO - [2024-03-12T17:01:54.970+0000] {dagbag.py:538} INFO - Filling up the DagBag from /home/airflow/.local/lib/python3.8/site-packages/airflow/example_dags/example_branch_day_of_week_operator.py
[2024-03-12T17:01:54.978+0000] {processor.py:840} INFO - DAG(s) 'example_weekday_branch_operator' retrieved from /home/airflow/.local/lib/python3.8/site-packages/airflow/example_dags/example_branch_day_of_week_operator.py
[2024-03-12T17:01:55.052+0000] {logging_mixin.py:188} INFO - [2024-03-12T17:01:55.052+0000] {dag.py:3036} INFO - Sync 1 DAGs
[2024-03-12T17:01:55.065+0000] {logging_mixin.py:188} INFO - [2024-03-12T17:01:55.065+0000] {dag.py:3823} INFO - Setting next_dagrun for example_weekday_branch_operator to 2024-03-11 00:00:00+00:00, run_after=2024-03-12 00:00:00+00:00
[2024-03-12T17:01:55.077+0000] {processor.py:183} INFO - Processing /home/airflow/.local/lib/python3.8/site-packages/airflow/example_dags/example_branch_day_of_week_operator.py took 0.112 seconds
[2024-03-12T17:02:25.546+0000] {processor.py:161} INFO - Started process (PID=613) to work on /home/airflow/.local/lib/python3.8/site-packages/airflow/example_dags/example_branch_day_of_week_operator.py
[2024-03-12T17:02:25.547+0000] {processor.py:830} INFO - Processing file /home/airflow/.local/lib/python3.8/site-packages/airflow/example_dags/example_branch_day_of_week_operator.py for tasks to queue
[2024-03-12T17:02:25.547+0000] {logging_mixin.py:188} INFO - [2024-03-12T17:02:25.547+0000] {dagbag.py:538} INFO - Filling up the DagBag from /home/airflow/.local/lib/python3.8/site-packages/airflow/example_dags/example_branch_day_of_week_operator.py
[2024-03-12T17:02:25.553+0000] {processor.py:840} INFO - DAG(s) 'example_weekday_branch_operator' retrieved from /home/airflow/.local/lib/python3.8/site-packages/airflow/example_dags/example_branch_day_of_week_operator.py
[2024-03-12T17:02:25.568+0000] {logging_mixin.py:188} INFO - [2024-03-12T17:02:25.567+0000] {dag.py:3036} INFO - Sync 1 DAGs
[2024-03-12T17:02:25.582+0000] {logging_mixin.py:188} INFO - [2024-03-12T17:02:25.582+0000] {dag.py:3823} INFO - Setting next_dagrun for example_weekday_branch_operator to 2024-03-11 00:00:00+00:00, run_after=2024-03-12 00:00:00+00:00
[2024-03-12T17:02:25.593+0000] {processor.py:183} INFO - Processing /home/airflow/.local/lib/python3.8/site-packages/airflow/example_dags/example_branch_day_of_week_operator.py took 0.050 seconds
[2024-03-12T17:02:56.475+0000] {processor.py:161} INFO - Started process (PID=860) to work on /home/airflow/.local/lib/python3.8/site-packages/airflow/example_dags/example_branch_day_of_week_operator.py
[2024-03-12T17:02:56.476+0000] {processor.py:830} INFO - Processing file /home/airflow/.local/lib/python3.8/site-packages/airflow/example_dags/example_branch_day_of_week_operator.py for tasks to queue
[2024-03-12T17:02:56.477+0000] {logging_mixin.py:188} INFO - [2024-03-12T17:02:56.477+0000] {dagbag.py:538} INFO - Filling up the DagBag from /home/airflow/.local/lib/python3.8/site-packages/airflow/example_dags/example_branch_day_of_week_operator.py
[2024-03-12T17:02:56.485+0000] {processor.py:840} INFO - DAG(s) 'example_weekday_branch_operator' retrieved from /home/airflow/.local/lib/python3.8/site-packages/airflow/example_dags/example_branch_day_of_week_operator.py
[2024-03-12T17:02:56.508+0000] {logging_mixin.py:188} INFO - [2024-03-12T17:02:56.508+0000] {dag.py:3036} INFO - Sync 1 DAGs
[2024-03-12T17:02:56.531+0000] {logging_mixin.py:188} INFO - [2024-03-12T17:02:56.531+0000] {dag.py:3823} INFO - Setting next_dagrun for example_weekday_branch_operator to 2024-03-11 00:00:00+00:00, run_after=2024-03-12 00:00:00+00:00
[2024-03-12T17:02:56.550+0000] {processor.py:183} INFO - Processing /home/airflow/.local/lib/python3.8/site-packages/airflow/example_dags/example_branch_day_of_week_operator.py took 0.079 seconds
[2024-03-12T17:03:26.895+0000] {processor.py:161} INFO - Started process (PID=1107) to work on /home/airflow/.local/lib/python3.8/site-packages/airflow/example_dags/example_branch_day_of_week_operator.py
[2024-03-12T17:03:26.896+0000] {processor.py:830} INFO - Processing file /home/airflow/.local/lib/python3.8/site-packages/airflow/example_dags/example_branch_day_of_week_operator.py for tasks to queue
[2024-03-12T17:03:26.897+0000] {logging_mixin.py:188} INFO - [2024-03-12T17:03:26.897+0000] {dagbag.py:538} INFO - Filling up the DagBag from /home/airflow/.local/lib/python3.8/site-packages/airflow/example_dags/example_branch_day_of_week_operator.py
[2024-03-12T17:03:26.906+0000] {processor.py:840} INFO - DAG(s) 'example_weekday_branch_operator' retrieved from /home/airflow/.local/lib/python3.8/site-packages/airflow/example_dags/example_branch_day_of_week_operator.py
[2024-03-12T17:03:26.928+0000] {logging_mixin.py:188} INFO - [2024-03-12T17:03:26.928+0000] {dag.py:3036} INFO - Sync 1 DAGs
[2024-03-12T17:03:26.947+0000] {logging_mixin.py:188} INFO - [2024-03-12T17:03:26.947+0000] {dag.py:3823} INFO - Setting next_dagrun for example_weekday_branch_operator to 2024-03-11 00:00:00+00:00, run_after=2024-03-12 00:00:00+00:00
[2024-03-12T17:03:26.970+0000] {processor.py:183} INFO - Processing /home/airflow/.local/lib/python3.8/site-packages/airflow/example_dags/example_branch_day_of_week_operator.py took 0.079 seconds
[2024-03-12T17:03:57.006+0000] {processor.py:161} INFO - Started process (PID=1356) to work on /home/airflow/.local/lib/python3.8/site-packages/airflow/example_dags/example_branch_day_of_week_operator.py
[2024-03-12T17:03:57.006+0000] {processor.py:830} INFO - Processing file /home/airflow/.local/lib/python3.8/site-packages/airflow/example_dags/example_branch_day_of_week_operator.py for tasks to queue
[2024-03-12T17:03:57.007+0000] {logging_mixin.py:188} INFO - [2024-03-12T17:03:57.007+0000] {dagbag.py:538} INFO - Filling up the DagBag from /home/airflow/.local/lib/python3.8/site-packages/airflow/example_dags/example_branch_day_of_week_operator.py
[2024-03-12T17:03:57.011+0000] {processor.py:840} INFO - DAG(s) 'example_weekday_branch_operator' retrieved from /home/airflow/.local/lib/python3.8/site-packages/airflow/example_dags/example_branch_day_of_week_operator.py
[2024-03-12T17:03:57.023+0000] {logging_mixin.py:188} INFO - [2024-03-12T17:03:57.023+0000] {dag.py:3036} INFO - Sync 1 DAGs
[2024-03-12T17:03:57.033+0000] {logging_mixin.py:188} INFO - [2024-03-12T17:03:57.033+0000] {dag.py:3823} INFO - Setting next_dagrun for example_weekday_branch_operator to 2024-03-11 00:00:00+00:00, run_after=2024-03-12 00:00:00+00:00
[2024-03-12T17:03:57.042+0000] {processor.py:183} INFO - Processing /home/airflow/.local/lib/python3.8/site-packages/airflow/example_dags/example_branch_day_of_week_operator.py took 0.039 seconds
[2024-03-12T17:04:27.065+0000] {processor.py:161} INFO - Started process (PID=1603) to work on /home/airflow/.local/lib/python3.8/site-packages/airflow/example_dags/example_branch_day_of_week_operator.py
[2024-03-12T17:04:27.066+0000] {processor.py:830} INFO - Processing file /home/airflow/.local/lib/python3.8/site-packages/airflow/example_dags/example_branch_day_of_week_operator.py for tasks to queue
[2024-03-12T17:04:27.067+0000] {logging_mixin.py:188} INFO - [2024-03-12T17:04:27.066+0000] {dagbag.py:538} INFO - Filling up the DagBag from /home/airflow/.local/lib/python3.8/site-packages/airflow/example_dags/example_branch_day_of_week_operator.py
[2024-03-12T17:04:27.071+0000] {processor.py:840} INFO - DAG(s) 'example_weekday_branch_operator' retrieved from /home/airflow/.local/lib/python3.8/site-packages/airflow/example_dags/example_branch_day_of_week_operator.py
[2024-03-12T17:04:27.082+0000] {logging_mixin.py:188} INFO - [2024-03-12T17:04:27.082+0000] {dag.py:3036} INFO - Sync 1 DAGs
[2024-03-12T17:04:27.092+0000] {logging_mixin.py:188} INFO - [2024-03-12T17:04:27.092+0000] {dag.py:3823} INFO - Setting next_dagrun for example_weekday_branch_operator to 2024-03-11 00:00:00+00:00, run_after=2024-03-12 00:00:00+00:00
[2024-03-12T17:04:27.100+0000] {processor.py:183} INFO - Processing /home/airflow/.local/lib/python3.8/site-packages/airflow/example_dags/example_branch_day_of_week_operator.py took 0.037 seconds
[2024-03-12T17:04:57.861+0000] {processor.py:161} INFO - Started process (PID=1848) to work on /home/airflow/.local/lib/python3.8/site-packages/airflow/example_dags/example_branch_day_of_week_operator.py
[2024-03-12T17:04:57.862+0000] {processor.py:830} INFO - Processing file /home/airflow/.local/lib/python3.8/site-packages/airflow/example_dags/example_branch_day_of_week_operator.py for tasks to queue
[2024-03-12T17:04:57.862+0000] {logging_mixin.py:188} INFO - [2024-03-12T17:04:57.862+0000] {dagbag.py:538} INFO - Filling up the DagBag from /home/airflow/.local/lib/python3.8/site-packages/airflow/example_dags/example_branch_day_of_week_operator.py
[2024-03-12T17:04:57.867+0000] {processor.py:840} INFO - DAG(s) 'example_weekday_branch_operator' retrieved from /home/airflow/.local/lib/python3.8/site-packages/airflow/example_dags/example_branch_day_of_week_operator.py
[2024-03-12T17:04:57.879+0000] {logging_mixin.py:188} INFO - [2024-03-12T17:04:57.879+0000] {dag.py:3036} INFO - Sync 1 DAGs
[2024-03-12T17:04:57.891+0000] {logging_mixin.py:188} INFO - [2024-03-12T17:04:57.890+0000] {dag.py:3823} INFO - Setting next_dagrun for example_weekday_branch_operator to 2024-03-11 00:00:00+00:00, run_after=2024-03-12 00:00:00+00:00
[2024-03-12T17:04:57.900+0000] {processor.py:183} INFO - Processing /home/airflow/.local/lib/python3.8/site-packages/airflow/example_dags/example_branch_day_of_week_operator.py took 0.041 seconds
[2024-03-12T17:05:28.641+0000] {processor.py:161} INFO - Started process (PID=2095) to work on /home/airflow/.local/lib/python3.8/site-packages/airflow/example_dags/example_branch_day_of_week_operator.py
[2024-03-12T17:05:28.642+0000] {processor.py:830} INFO - Processing file /home/airflow/.local/lib/python3.8/site-packages/airflow/example_dags/example_branch_day_of_week_operator.py for tasks to queue
[2024-03-12T17:05:28.642+0000] {logging_mixin.py:188} INFO - [2024-03-12T17:05:28.642+0000] {dagbag.py:538} INFO - Filling up the DagBag from /home/airflow/.local/lib/python3.8/site-packages/airflow/example_dags/example_branch_day_of_week_operator.py
[2024-03-12T17:05:28.647+0000] {processor.py:840} INFO - DAG(s) 'example_weekday_branch_operator' retrieved from /home/airflow/.local/lib/python3.8/site-packages/airflow/example_dags/example_branch_day_of_week_operator.py
[2024-03-12T17:05:28.658+0000] {logging_mixin.py:188} INFO - [2024-03-12T17:05:28.658+0000] {dag.py:3036} INFO - Sync 1 DAGs
[2024-03-12T17:05:28.669+0000] {logging_mixin.py:188} INFO - [2024-03-12T17:05:28.669+0000] {dag.py:3823} INFO - Setting next_dagrun for example_weekday_branch_operator to 2024-03-11 00:00:00+00:00, run_after=2024-03-12 00:00:00+00:00
[2024-03-12T17:05:28.677+0000] {processor.py:183} INFO - Processing /home/airflow/.local/lib/python3.8/site-packages/airflow/example_dags/example_branch_day_of_week_operator.py took 0.039 seconds
