[2024-03-12T17:01:53.201+0000] {processor.py:161} INFO - Started process (PID=276) to work on /home/airflow/.local/lib/python3.8/site-packages/airflow/example_dags/example_kubernetes_executor.py
[2024-03-12T17:01:53.205+0000] {processor.py:830} INFO - Processing file /home/airflow/.local/lib/python3.8/site-packages/airflow/example_dags/example_kubernetes_executor.py for tasks to queue
[2024-03-12T17:01:53.207+0000] {logging_mixin.py:188} INFO - [2024-03-12T17:01:53.207+0000] {dagbag.py:538} INFO - Filling up the DagBag from /home/airflow/.local/lib/python3.8/site-packages/airflow/example_dags/example_kubernetes_executor.py
[2024-03-12T17:01:53.224+0000] {processor.py:840} INFO - DAG(s) 'example_kubernetes_executor' retrieved from /home/airflow/.local/lib/python3.8/site-packages/airflow/example_dags/example_kubernetes_executor.py
[2024-03-12T17:01:53.352+0000] {logging_mixin.py:188} INFO - [2024-03-12T17:01:53.351+0000] {dag.py:3036} INFO - Sync 1 DAGs
[2024-03-12T17:01:53.365+0000] {logging_mixin.py:188} INFO - [2024-03-12T17:01:53.365+0000] {dag.py:3823} INFO - Setting next_dagrun for example_kubernetes_executor to None, run_after=None
[2024-03-12T17:01:53.397+0000] {processor.py:183} INFO - Processing /home/airflow/.local/lib/python3.8/site-packages/airflow/example_dags/example_kubernetes_executor.py took 0.199 seconds
[2024-03-12T17:02:23.828+0000] {processor.py:161} INFO - Started process (PID=523) to work on /home/airflow/.local/lib/python3.8/site-packages/airflow/example_dags/example_kubernetes_executor.py
[2024-03-12T17:02:23.829+0000] {processor.py:830} INFO - Processing file /home/airflow/.local/lib/python3.8/site-packages/airflow/example_dags/example_kubernetes_executor.py for tasks to queue
[2024-03-12T17:02:23.830+0000] {logging_mixin.py:188} INFO - [2024-03-12T17:02:23.830+0000] {dagbag.py:538} INFO - Filling up the DagBag from /home/airflow/.local/lib/python3.8/site-packages/airflow/example_dags/example_kubernetes_executor.py
[2024-03-12T17:02:23.838+0000] {processor.py:840} INFO - DAG(s) 'example_kubernetes_executor' retrieved from /home/airflow/.local/lib/python3.8/site-packages/airflow/example_dags/example_kubernetes_executor.py
[2024-03-12T17:02:23.861+0000] {logging_mixin.py:188} INFO - [2024-03-12T17:02:23.860+0000] {dag.py:3036} INFO - Sync 1 DAGs
[2024-03-12T17:02:23.867+0000] {logging_mixin.py:188} INFO - [2024-03-12T17:02:23.867+0000] {dag.py:3823} INFO - Setting next_dagrun for example_kubernetes_executor to None, run_after=None
[2024-03-12T17:02:23.877+0000] {processor.py:183} INFO - Processing /home/airflow/.local/lib/python3.8/site-packages/airflow/example_dags/example_kubernetes_executor.py took 0.052 seconds
[2024-03-12T17:02:54.368+0000] {processor.py:161} INFO - Started process (PID=770) to work on /home/airflow/.local/lib/python3.8/site-packages/airflow/example_dags/example_kubernetes_executor.py
[2024-03-12T17:02:54.369+0000] {processor.py:830} INFO - Processing file /home/airflow/.local/lib/python3.8/site-packages/airflow/example_dags/example_kubernetes_executor.py for tasks to queue
[2024-03-12T17:02:54.371+0000] {logging_mixin.py:188} INFO - [2024-03-12T17:02:54.370+0000] {dagbag.py:538} INFO - Filling up the DagBag from /home/airflow/.local/lib/python3.8/site-packages/airflow/example_dags/example_kubernetes_executor.py
[2024-03-12T17:02:54.387+0000] {processor.py:840} INFO - DAG(s) 'example_kubernetes_executor' retrieved from /home/airflow/.local/lib/python3.8/site-packages/airflow/example_dags/example_kubernetes_executor.py
[2024-03-12T17:02:54.434+0000] {logging_mixin.py:188} INFO - [2024-03-12T17:02:54.434+0000] {dag.py:3036} INFO - Sync 1 DAGs
[2024-03-12T17:02:54.446+0000] {logging_mixin.py:188} INFO - [2024-03-12T17:02:54.446+0000] {dag.py:3823} INFO - Setting next_dagrun for example_kubernetes_executor to None, run_after=None
[2024-03-12T17:02:54.465+0000] {processor.py:183} INFO - Processing /home/airflow/.local/lib/python3.8/site-packages/airflow/example_dags/example_kubernetes_executor.py took 0.104 seconds
[2024-03-12T17:03:24.728+0000] {processor.py:161} INFO - Started process (PID=1017) to work on /home/airflow/.local/lib/python3.8/site-packages/airflow/example_dags/example_kubernetes_executor.py
[2024-03-12T17:03:24.730+0000] {processor.py:830} INFO - Processing file /home/airflow/.local/lib/python3.8/site-packages/airflow/example_dags/example_kubernetes_executor.py for tasks to queue
[2024-03-12T17:03:24.732+0000] {logging_mixin.py:188} INFO - [2024-03-12T17:03:24.732+0000] {dagbag.py:538} INFO - Filling up the DagBag from /home/airflow/.local/lib/python3.8/site-packages/airflow/example_dags/example_kubernetes_executor.py
[2024-03-12T17:03:24.755+0000] {processor.py:840} INFO - DAG(s) 'example_kubernetes_executor' retrieved from /home/airflow/.local/lib/python3.8/site-packages/airflow/example_dags/example_kubernetes_executor.py
[2024-03-12T17:03:24.800+0000] {logging_mixin.py:188} INFO - [2024-03-12T17:03:24.799+0000] {dag.py:3036} INFO - Sync 1 DAGs
[2024-03-12T17:03:24.813+0000] {logging_mixin.py:188} INFO - [2024-03-12T17:03:24.813+0000] {dag.py:3823} INFO - Setting next_dagrun for example_kubernetes_executor to None, run_after=None
[2024-03-12T17:03:24.838+0000] {processor.py:183} INFO - Processing /home/airflow/.local/lib/python3.8/site-packages/airflow/example_dags/example_kubernetes_executor.py took 0.113 seconds
[2024-03-12T17:03:55.260+0000] {processor.py:161} INFO - Started process (PID=1264) to work on /home/airflow/.local/lib/python3.8/site-packages/airflow/example_dags/example_kubernetes_executor.py
[2024-03-12T17:03:55.261+0000] {processor.py:830} INFO - Processing file /home/airflow/.local/lib/python3.8/site-packages/airflow/example_dags/example_kubernetes_executor.py for tasks to queue
[2024-03-12T17:03:55.261+0000] {logging_mixin.py:188} INFO - [2024-03-12T17:03:55.261+0000] {dagbag.py:538} INFO - Filling up the DagBag from /home/airflow/.local/lib/python3.8/site-packages/airflow/example_dags/example_kubernetes_executor.py
[2024-03-12T17:03:55.270+0000] {processor.py:840} INFO - DAG(s) 'example_kubernetes_executor' retrieved from /home/airflow/.local/lib/python3.8/site-packages/airflow/example_dags/example_kubernetes_executor.py
[2024-03-12T17:03:55.290+0000] {logging_mixin.py:188} INFO - [2024-03-12T17:03:55.290+0000] {dag.py:3036} INFO - Sync 1 DAGs
[2024-03-12T17:03:55.296+0000] {logging_mixin.py:188} INFO - [2024-03-12T17:03:55.296+0000] {dag.py:3823} INFO - Setting next_dagrun for example_kubernetes_executor to None, run_after=None
[2024-03-12T17:03:55.305+0000] {processor.py:183} INFO - Processing /home/airflow/.local/lib/python3.8/site-packages/airflow/example_dags/example_kubernetes_executor.py took 0.048 seconds
[2024-03-12T17:04:25.354+0000] {processor.py:161} INFO - Started process (PID=1511) to work on /home/airflow/.local/lib/python3.8/site-packages/airflow/example_dags/example_kubernetes_executor.py
[2024-03-12T17:04:25.355+0000] {processor.py:830} INFO - Processing file /home/airflow/.local/lib/python3.8/site-packages/airflow/example_dags/example_kubernetes_executor.py for tasks to queue
[2024-03-12T17:04:25.356+0000] {logging_mixin.py:188} INFO - [2024-03-12T17:04:25.355+0000] {dagbag.py:538} INFO - Filling up the DagBag from /home/airflow/.local/lib/python3.8/site-packages/airflow/example_dags/example_kubernetes_executor.py
[2024-03-12T17:04:25.363+0000] {processor.py:840} INFO - DAG(s) 'example_kubernetes_executor' retrieved from /home/airflow/.local/lib/python3.8/site-packages/airflow/example_dags/example_kubernetes_executor.py
[2024-03-12T17:04:25.383+0000] {logging_mixin.py:188} INFO - [2024-03-12T17:04:25.383+0000] {dag.py:3036} INFO - Sync 1 DAGs
[2024-03-12T17:04:25.389+0000] {logging_mixin.py:188} INFO - [2024-03-12T17:04:25.389+0000] {dag.py:3823} INFO - Setting next_dagrun for example_kubernetes_executor to None, run_after=None
[2024-03-12T17:04:25.401+0000] {processor.py:183} INFO - Processing /home/airflow/.local/lib/python3.8/site-packages/airflow/example_dags/example_kubernetes_executor.py took 0.049 seconds
[2024-03-12T17:04:56.280+0000] {processor.py:161} INFO - Started process (PID=1758) to work on /home/airflow/.local/lib/python3.8/site-packages/airflow/example_dags/example_kubernetes_executor.py
[2024-03-12T17:04:56.281+0000] {processor.py:830} INFO - Processing file /home/airflow/.local/lib/python3.8/site-packages/airflow/example_dags/example_kubernetes_executor.py for tasks to queue
[2024-03-12T17:04:56.282+0000] {logging_mixin.py:188} INFO - [2024-03-12T17:04:56.282+0000] {dagbag.py:538} INFO - Filling up the DagBag from /home/airflow/.local/lib/python3.8/site-packages/airflow/example_dags/example_kubernetes_executor.py
[2024-03-12T17:04:56.291+0000] {processor.py:840} INFO - DAG(s) 'example_kubernetes_executor' retrieved from /home/airflow/.local/lib/python3.8/site-packages/airflow/example_dags/example_kubernetes_executor.py
[2024-03-12T17:04:56.312+0000] {logging_mixin.py:188} INFO - [2024-03-12T17:04:56.312+0000] {dag.py:3036} INFO - Sync 1 DAGs
[2024-03-12T17:04:56.322+0000] {logging_mixin.py:188} INFO - [2024-03-12T17:04:56.322+0000] {dag.py:3823} INFO - Setting next_dagrun for example_kubernetes_executor to None, run_after=None
[2024-03-12T17:04:56.332+0000] {processor.py:183} INFO - Processing /home/airflow/.local/lib/python3.8/site-packages/airflow/example_dags/example_kubernetes_executor.py took 0.055 seconds
[2024-03-12T17:05:27.057+0000] {processor.py:161} INFO - Started process (PID=2005) to work on /home/airflow/.local/lib/python3.8/site-packages/airflow/example_dags/example_kubernetes_executor.py
[2024-03-12T17:05:27.058+0000] {processor.py:830} INFO - Processing file /home/airflow/.local/lib/python3.8/site-packages/airflow/example_dags/example_kubernetes_executor.py for tasks to queue
[2024-03-12T17:05:27.058+0000] {logging_mixin.py:188} INFO - [2024-03-12T17:05:27.058+0000] {dagbag.py:538} INFO - Filling up the DagBag from /home/airflow/.local/lib/python3.8/site-packages/airflow/example_dags/example_kubernetes_executor.py
[2024-03-12T17:05:27.066+0000] {processor.py:840} INFO - DAG(s) 'example_kubernetes_executor' retrieved from /home/airflow/.local/lib/python3.8/site-packages/airflow/example_dags/example_kubernetes_executor.py
[2024-03-12T17:05:27.086+0000] {logging_mixin.py:188} INFO - [2024-03-12T17:05:27.086+0000] {dag.py:3036} INFO - Sync 1 DAGs
[2024-03-12T17:05:27.092+0000] {logging_mixin.py:188} INFO - [2024-03-12T17:05:27.092+0000] {dag.py:3823} INFO - Setting next_dagrun for example_kubernetes_executor to None, run_after=None
[2024-03-12T17:05:27.101+0000] {processor.py:183} INFO - Processing /home/airflow/.local/lib/python3.8/site-packages/airflow/example_dags/example_kubernetes_executor.py took 0.046 seconds
