[2024-03-12T17:01:52.628+0000] {processor.py:161} INFO - Started process (PID=248) to work on /home/airflow/.local/lib/python3.8/site-packages/airflow/example_dags/example_task_group_decorator.py
[2024-03-12T17:01:52.630+0000] {processor.py:830} INFO - Processing file /home/airflow/.local/lib/python3.8/site-packages/airflow/example_dags/example_task_group_decorator.py for tasks to queue
[2024-03-12T17:01:52.631+0000] {logging_mixin.py:188} INFO - [2024-03-12T17:01:52.631+0000] {dagbag.py:538} INFO - Filling up the DagBag from /home/airflow/.local/lib/python3.8/site-packages/airflow/example_dags/example_task_group_decorator.py
[2024-03-12T17:01:52.640+0000] {processor.py:840} INFO - DAG(s) 'example_task_group_decorator' retrieved from /home/airflow/.local/lib/python3.8/site-packages/airflow/example_dags/example_task_group_decorator.py
[2024-03-12T17:01:52.740+0000] {logging_mixin.py:188} INFO - [2024-03-12T17:01:52.740+0000] {dag.py:3036} INFO - Sync 1 DAGs
[2024-03-12T17:01:52.761+0000] {logging_mixin.py:188} INFO - [2024-03-12T17:01:52.760+0000] {dag.py:3823} INFO - Setting next_dagrun for example_task_group_decorator to 2024-03-11 00:00:00+00:00, run_after=2024-03-12 00:00:00+00:00
[2024-03-12T17:01:52.791+0000] {processor.py:183} INFO - Processing /home/airflow/.local/lib/python3.8/site-packages/airflow/example_dags/example_task_group_decorator.py took 0.167 seconds
[2024-03-12T17:02:23.639+0000] {processor.py:161} INFO - Started process (PID=493) to work on /home/airflow/.local/lib/python3.8/site-packages/airflow/example_dags/example_task_group_decorator.py
[2024-03-12T17:02:23.640+0000] {processor.py:830} INFO - Processing file /home/airflow/.local/lib/python3.8/site-packages/airflow/example_dags/example_task_group_decorator.py for tasks to queue
[2024-03-12T17:02:23.641+0000] {logging_mixin.py:188} INFO - [2024-03-12T17:02:23.640+0000] {dagbag.py:538} INFO - Filling up the DagBag from /home/airflow/.local/lib/python3.8/site-packages/airflow/example_dags/example_task_group_decorator.py
[2024-03-12T17:02:23.653+0000] {processor.py:840} INFO - DAG(s) 'example_task_group_decorator' retrieved from /home/airflow/.local/lib/python3.8/site-packages/airflow/example_dags/example_task_group_decorator.py
[2024-03-12T17:02:23.668+0000] {logging_mixin.py:188} INFO - [2024-03-12T17:02:23.668+0000] {dag.py:3036} INFO - Sync 1 DAGs
[2024-03-12T17:02:23.681+0000] {logging_mixin.py:188} INFO - [2024-03-12T17:02:23.680+0000] {dag.py:3823} INFO - Setting next_dagrun for example_task_group_decorator to 2024-03-11 00:00:00+00:00, run_after=2024-03-12 00:00:00+00:00
[2024-03-12T17:02:23.694+0000] {processor.py:183} INFO - Processing /home/airflow/.local/lib/python3.8/site-packages/airflow/example_dags/example_task_group_decorator.py took 0.058 seconds
[2024-03-12T17:02:54.035+0000] {processor.py:161} INFO - Started process (PID=740) to work on /home/airflow/.local/lib/python3.8/site-packages/airflow/example_dags/example_task_group_decorator.py
[2024-03-12T17:02:54.037+0000] {processor.py:830} INFO - Processing file /home/airflow/.local/lib/python3.8/site-packages/airflow/example_dags/example_task_group_decorator.py for tasks to queue
[2024-03-12T17:02:54.037+0000] {logging_mixin.py:188} INFO - [2024-03-12T17:02:54.037+0000] {dagbag.py:538} INFO - Filling up the DagBag from /home/airflow/.local/lib/python3.8/site-packages/airflow/example_dags/example_task_group_decorator.py
[2024-03-12T17:02:54.053+0000] {processor.py:840} INFO - DAG(s) 'example_task_group_decorator' retrieved from /home/airflow/.local/lib/python3.8/site-packages/airflow/example_dags/example_task_group_decorator.py
[2024-03-12T17:02:54.082+0000] {logging_mixin.py:188} INFO - [2024-03-12T17:02:54.081+0000] {dag.py:3036} INFO - Sync 1 DAGs
[2024-03-12T17:02:54.103+0000] {logging_mixin.py:188} INFO - [2024-03-12T17:02:54.103+0000] {dag.py:3823} INFO - Setting next_dagrun for example_task_group_decorator to 2024-03-11 00:00:00+00:00, run_after=2024-03-12 00:00:00+00:00
[2024-03-12T17:02:54.120+0000] {processor.py:183} INFO - Processing /home/airflow/.local/lib/python3.8/site-packages/airflow/example_dags/example_task_group_decorator.py took 0.088 seconds
[2024-03-12T17:03:24.370+0000] {processor.py:161} INFO - Started process (PID=987) to work on /home/airflow/.local/lib/python3.8/site-packages/airflow/example_dags/example_task_group_decorator.py
[2024-03-12T17:03:24.371+0000] {processor.py:830} INFO - Processing file /home/airflow/.local/lib/python3.8/site-packages/airflow/example_dags/example_task_group_decorator.py for tasks to queue
[2024-03-12T17:03:24.372+0000] {logging_mixin.py:188} INFO - [2024-03-12T17:03:24.372+0000] {dagbag.py:538} INFO - Filling up the DagBag from /home/airflow/.local/lib/python3.8/site-packages/airflow/example_dags/example_task_group_decorator.py
[2024-03-12T17:03:24.389+0000] {processor.py:840} INFO - DAG(s) 'example_task_group_decorator' retrieved from /home/airflow/.local/lib/python3.8/site-packages/airflow/example_dags/example_task_group_decorator.py
[2024-03-12T17:03:24.419+0000] {logging_mixin.py:188} INFO - [2024-03-12T17:03:24.419+0000] {dag.py:3036} INFO - Sync 1 DAGs
[2024-03-12T17:03:24.442+0000] {logging_mixin.py:188} INFO - [2024-03-12T17:03:24.441+0000] {dag.py:3823} INFO - Setting next_dagrun for example_task_group_decorator to 2024-03-11 00:00:00+00:00, run_after=2024-03-12 00:00:00+00:00
[2024-03-12T17:03:24.460+0000] {processor.py:183} INFO - Processing /home/airflow/.local/lib/python3.8/site-packages/airflow/example_dags/example_task_group_decorator.py took 0.094 seconds
[2024-03-12T17:03:55.093+0000] {processor.py:161} INFO - Started process (PID=1234) to work on /home/airflow/.local/lib/python3.8/site-packages/airflow/example_dags/example_task_group_decorator.py
[2024-03-12T17:03:55.094+0000] {processor.py:830} INFO - Processing file /home/airflow/.local/lib/python3.8/site-packages/airflow/example_dags/example_task_group_decorator.py for tasks to queue
[2024-03-12T17:03:55.095+0000] {logging_mixin.py:188} INFO - [2024-03-12T17:03:55.095+0000] {dagbag.py:538} INFO - Filling up the DagBag from /home/airflow/.local/lib/python3.8/site-packages/airflow/example_dags/example_task_group_decorator.py
[2024-03-12T17:03:55.103+0000] {processor.py:840} INFO - DAG(s) 'example_task_group_decorator' retrieved from /home/airflow/.local/lib/python3.8/site-packages/airflow/example_dags/example_task_group_decorator.py
[2024-03-12T17:03:55.117+0000] {logging_mixin.py:188} INFO - [2024-03-12T17:03:55.117+0000] {dag.py:3036} INFO - Sync 1 DAGs
[2024-03-12T17:03:55.129+0000] {logging_mixin.py:188} INFO - [2024-03-12T17:03:55.128+0000] {dag.py:3823} INFO - Setting next_dagrun for example_task_group_decorator to 2024-03-11 00:00:00+00:00, run_after=2024-03-12 00:00:00+00:00
[2024-03-12T17:03:55.137+0000] {processor.py:183} INFO - Processing /home/airflow/.local/lib/python3.8/site-packages/airflow/example_dags/example_task_group_decorator.py took 0.046 seconds
[2024-03-12T17:04:25.192+0000] {processor.py:161} INFO - Started process (PID=1481) to work on /home/airflow/.local/lib/python3.8/site-packages/airflow/example_dags/example_task_group_decorator.py
[2024-03-12T17:04:25.193+0000] {processor.py:830} INFO - Processing file /home/airflow/.local/lib/python3.8/site-packages/airflow/example_dags/example_task_group_decorator.py for tasks to queue
[2024-03-12T17:04:25.193+0000] {logging_mixin.py:188} INFO - [2024-03-12T17:04:25.193+0000] {dagbag.py:538} INFO - Filling up the DagBag from /home/airflow/.local/lib/python3.8/site-packages/airflow/example_dags/example_task_group_decorator.py
[2024-03-12T17:04:25.201+0000] {processor.py:840} INFO - DAG(s) 'example_task_group_decorator' retrieved from /home/airflow/.local/lib/python3.8/site-packages/airflow/example_dags/example_task_group_decorator.py
[2024-03-12T17:04:25.215+0000] {logging_mixin.py:188} INFO - [2024-03-12T17:04:25.214+0000] {dag.py:3036} INFO - Sync 1 DAGs
[2024-03-12T17:04:25.226+0000] {logging_mixin.py:188} INFO - [2024-03-12T17:04:25.226+0000] {dag.py:3823} INFO - Setting next_dagrun for example_task_group_decorator to 2024-03-11 00:00:00+00:00, run_after=2024-03-12 00:00:00+00:00
[2024-03-12T17:04:25.234+0000] {processor.py:183} INFO - Processing /home/airflow/.local/lib/python3.8/site-packages/airflow/example_dags/example_task_group_decorator.py took 0.044 seconds
[2024-03-12T17:04:56.116+0000] {processor.py:161} INFO - Started process (PID=1728) to work on /home/airflow/.local/lib/python3.8/site-packages/airflow/example_dags/example_task_group_decorator.py
[2024-03-12T17:04:56.117+0000] {processor.py:830} INFO - Processing file /home/airflow/.local/lib/python3.8/site-packages/airflow/example_dags/example_task_group_decorator.py for tasks to queue
[2024-03-12T17:04:56.118+0000] {logging_mixin.py:188} INFO - [2024-03-12T17:04:56.118+0000] {dagbag.py:538} INFO - Filling up the DagBag from /home/airflow/.local/lib/python3.8/site-packages/airflow/example_dags/example_task_group_decorator.py
[2024-03-12T17:04:56.126+0000] {processor.py:840} INFO - DAG(s) 'example_task_group_decorator' retrieved from /home/airflow/.local/lib/python3.8/site-packages/airflow/example_dags/example_task_group_decorator.py
[2024-03-12T17:04:56.140+0000] {logging_mixin.py:188} INFO - [2024-03-12T17:04:56.140+0000] {dag.py:3036} INFO - Sync 1 DAGs
[2024-03-12T17:04:56.151+0000] {logging_mixin.py:188} INFO - [2024-03-12T17:04:56.151+0000] {dag.py:3823} INFO - Setting next_dagrun for example_task_group_decorator to 2024-03-11 00:00:00+00:00, run_after=2024-03-12 00:00:00+00:00
[2024-03-12T17:04:56.161+0000] {processor.py:183} INFO - Processing /home/airflow/.local/lib/python3.8/site-packages/airflow/example_dags/example_task_group_decorator.py took 0.047 seconds
[2024-03-12T17:05:26.880+0000] {processor.py:161} INFO - Started process (PID=1975) to work on /home/airflow/.local/lib/python3.8/site-packages/airflow/example_dags/example_task_group_decorator.py
[2024-03-12T17:05:26.881+0000] {processor.py:830} INFO - Processing file /home/airflow/.local/lib/python3.8/site-packages/airflow/example_dags/example_task_group_decorator.py for tasks to queue
[2024-03-12T17:05:26.882+0000] {logging_mixin.py:188} INFO - [2024-03-12T17:05:26.882+0000] {dagbag.py:538} INFO - Filling up the DagBag from /home/airflow/.local/lib/python3.8/site-packages/airflow/example_dags/example_task_group_decorator.py
[2024-03-12T17:05:26.891+0000] {processor.py:840} INFO - DAG(s) 'example_task_group_decorator' retrieved from /home/airflow/.local/lib/python3.8/site-packages/airflow/example_dags/example_task_group_decorator.py
[2024-03-12T17:05:26.909+0000] {logging_mixin.py:188} INFO - [2024-03-12T17:05:26.908+0000] {dag.py:3036} INFO - Sync 1 DAGs
[2024-03-12T17:05:26.921+0000] {logging_mixin.py:188} INFO - [2024-03-12T17:05:26.921+0000] {dag.py:3823} INFO - Setting next_dagrun for example_task_group_decorator to 2024-03-11 00:00:00+00:00, run_after=2024-03-12 00:00:00+00:00
[2024-03-12T17:05:26.931+0000] {processor.py:183} INFO - Processing /home/airflow/.local/lib/python3.8/site-packages/airflow/example_dags/example_task_group_decorator.py took 0.053 seconds
