[2024-03-12T17:01:51.218+0000] {processor.py:161} INFO - Started process (PID=178) to work on /home/airflow/.local/lib/python3.8/site-packages/airflow/example_dags/example_branch_python_dop_operator_3.py
[2024-03-12T17:01:51.219+0000] {processor.py:830} INFO - Processing file /home/airflow/.local/lib/python3.8/site-packages/airflow/example_dags/example_branch_python_dop_operator_3.py for tasks to queue
[2024-03-12T17:01:51.220+0000] {logging_mixin.py:188} INFO - [2024-03-12T17:01:51.220+0000] {dagbag.py:538} INFO - Filling up the DagBag from /home/airflow/.local/lib/python3.8/site-packages/airflow/example_dags/example_branch_python_dop_operator_3.py
[2024-03-12T17:01:51.230+0000] {processor.py:840} INFO - DAG(s) 'example_branch_dop_operator_v3' retrieved from /home/airflow/.local/lib/python3.8/site-packages/airflow/example_dags/example_branch_python_dop_operator_3.py
[2024-03-12T17:01:51.317+0000] {logging_mixin.py:188} INFO - [2024-03-12T17:01:51.316+0000] {dag.py:3036} INFO - Sync 1 DAGs
[2024-03-12T17:01:51.334+0000] {logging_mixin.py:188} INFO - [2024-03-12T17:01:51.334+0000] {dag.py:3823} INFO - Setting next_dagrun for example_branch_dop_operator_v3 to 2024-03-12 17:00:00+00:00, run_after=2024-03-12 17:01:00+00:00
[2024-03-12T17:01:51.354+0000] {processor.py:183} INFO - Processing /home/airflow/.local/lib/python3.8/site-packages/airflow/example_dags/example_branch_python_dop_operator_3.py took 0.139 seconds
[2024-03-12T17:02:21.754+0000] {processor.py:161} INFO - Started process (PID=425) to work on /home/airflow/.local/lib/python3.8/site-packages/airflow/example_dags/example_branch_python_dop_operator_3.py
[2024-03-12T17:02:21.755+0000] {processor.py:830} INFO - Processing file /home/airflow/.local/lib/python3.8/site-packages/airflow/example_dags/example_branch_python_dop_operator_3.py for tasks to queue
[2024-03-12T17:02:21.756+0000] {logging_mixin.py:188} INFO - [2024-03-12T17:02:21.755+0000] {dagbag.py:538} INFO - Filling up the DagBag from /home/airflow/.local/lib/python3.8/site-packages/airflow/example_dags/example_branch_python_dop_operator_3.py
[2024-03-12T17:02:21.762+0000] {processor.py:840} INFO - DAG(s) 'example_branch_dop_operator_v3' retrieved from /home/airflow/.local/lib/python3.8/site-packages/airflow/example_dags/example_branch_python_dop_operator_3.py
[2024-03-12T17:02:21.775+0000] {logging_mixin.py:188} INFO - [2024-03-12T17:02:21.775+0000] {dag.py:3036} INFO - Sync 1 DAGs
[2024-03-12T17:02:21.789+0000] {logging_mixin.py:188} INFO - [2024-03-12T17:02:21.789+0000] {dag.py:3823} INFO - Setting next_dagrun for example_branch_dop_operator_v3 to 2024-03-12 17:01:00+00:00, run_after=2024-03-12 17:02:00+00:00
[2024-03-12T17:02:21.799+0000] {processor.py:183} INFO - Processing /home/airflow/.local/lib/python3.8/site-packages/airflow/example_dags/example_branch_python_dop_operator_3.py took 0.047 seconds
[2024-03-12T17:02:52.127+0000] {processor.py:161} INFO - Started process (PID=672) to work on /home/airflow/.local/lib/python3.8/site-packages/airflow/example_dags/example_branch_python_dop_operator_3.py
[2024-03-12T17:02:52.128+0000] {processor.py:830} INFO - Processing file /home/airflow/.local/lib/python3.8/site-packages/airflow/example_dags/example_branch_python_dop_operator_3.py for tasks to queue
[2024-03-12T17:02:52.129+0000] {logging_mixin.py:188} INFO - [2024-03-12T17:02:52.128+0000] {dagbag.py:538} INFO - Filling up the DagBag from /home/airflow/.local/lib/python3.8/site-packages/airflow/example_dags/example_branch_python_dop_operator_3.py
[2024-03-12T17:02:52.136+0000] {processor.py:840} INFO - DAG(s) 'example_branch_dop_operator_v3' retrieved from /home/airflow/.local/lib/python3.8/site-packages/airflow/example_dags/example_branch_python_dop_operator_3.py
[2024-03-12T17:02:52.158+0000] {logging_mixin.py:188} INFO - [2024-03-12T17:02:52.158+0000] {dag.py:3036} INFO - Sync 1 DAGs
[2024-03-12T17:02:52.183+0000] {logging_mixin.py:188} INFO - [2024-03-12T17:02:52.183+0000] {dag.py:3823} INFO - Setting next_dagrun for example_branch_dop_operator_v3 to 2024-03-12 17:01:00+00:00, run_after=2024-03-12 17:02:00+00:00
[2024-03-12T17:02:52.199+0000] {processor.py:183} INFO - Processing /home/airflow/.local/lib/python3.8/site-packages/airflow/example_dags/example_branch_python_dop_operator_3.py took 0.075 seconds
[2024-03-12T17:03:22.440+0000] {processor.py:161} INFO - Started process (PID=919) to work on /home/airflow/.local/lib/python3.8/site-packages/airflow/example_dags/example_branch_python_dop_operator_3.py
[2024-03-12T17:03:22.442+0000] {processor.py:830} INFO - Processing file /home/airflow/.local/lib/python3.8/site-packages/airflow/example_dags/example_branch_python_dop_operator_3.py for tasks to queue
[2024-03-12T17:03:22.443+0000] {logging_mixin.py:188} INFO - [2024-03-12T17:03:22.443+0000] {dagbag.py:538} INFO - Filling up the DagBag from /home/airflow/.local/lib/python3.8/site-packages/airflow/example_dags/example_branch_python_dop_operator_3.py
[2024-03-12T17:03:22.458+0000] {processor.py:840} INFO - DAG(s) 'example_branch_dop_operator_v3' retrieved from /home/airflow/.local/lib/python3.8/site-packages/airflow/example_dags/example_branch_python_dop_operator_3.py
[2024-03-12T17:03:22.495+0000] {logging_mixin.py:188} INFO - [2024-03-12T17:03:22.495+0000] {dag.py:3036} INFO - Sync 1 DAGs
[2024-03-12T17:03:22.537+0000] {logging_mixin.py:188} INFO - [2024-03-12T17:03:22.537+0000] {dag.py:3823} INFO - Setting next_dagrun for example_branch_dop_operator_v3 to 2024-03-12 17:02:00+00:00, run_after=2024-03-12 17:03:00+00:00
[2024-03-12T17:03:22.555+0000] {processor.py:183} INFO - Processing /home/airflow/.local/lib/python3.8/site-packages/airflow/example_dags/example_branch_python_dop_operator_3.py took 0.122 seconds
[2024-03-12T17:03:52.612+0000] {processor.py:161} INFO - Started process (PID=1166) to work on /home/airflow/.local/lib/python3.8/site-packages/airflow/example_dags/example_branch_python_dop_operator_3.py
[2024-03-12T17:03:52.613+0000] {processor.py:830} INFO - Processing file /home/airflow/.local/lib/python3.8/site-packages/airflow/example_dags/example_branch_python_dop_operator_3.py for tasks to queue
[2024-03-12T17:03:52.613+0000] {logging_mixin.py:188} INFO - [2024-03-12T17:03:52.613+0000] {dagbag.py:538} INFO - Filling up the DagBag from /home/airflow/.local/lib/python3.8/site-packages/airflow/example_dags/example_branch_python_dop_operator_3.py
[2024-03-12T17:03:52.619+0000] {processor.py:840} INFO - DAG(s) 'example_branch_dop_operator_v3' retrieved from /home/airflow/.local/lib/python3.8/site-packages/airflow/example_dags/example_branch_python_dop_operator_3.py
[2024-03-12T17:03:52.632+0000] {logging_mixin.py:188} INFO - [2024-03-12T17:03:52.631+0000] {dag.py:3036} INFO - Sync 1 DAGs
[2024-03-12T17:03:52.644+0000] {logging_mixin.py:188} INFO - [2024-03-12T17:03:52.644+0000] {dag.py:3823} INFO - Setting next_dagrun for example_branch_dop_operator_v3 to 2024-03-12 17:02:00+00:00, run_after=2024-03-12 17:03:00+00:00
[2024-03-12T17:03:52.653+0000] {processor.py:183} INFO - Processing /home/airflow/.local/lib/python3.8/site-packages/airflow/example_dags/example_branch_python_dop_operator_3.py took 0.044 seconds
[2024-03-12T17:04:22.748+0000] {processor.py:161} INFO - Started process (PID=1413) to work on /home/airflow/.local/lib/python3.8/site-packages/airflow/example_dags/example_branch_python_dop_operator_3.py
[2024-03-12T17:04:22.749+0000] {processor.py:830} INFO - Processing file /home/airflow/.local/lib/python3.8/site-packages/airflow/example_dags/example_branch_python_dop_operator_3.py for tasks to queue
[2024-03-12T17:04:22.749+0000] {logging_mixin.py:188} INFO - [2024-03-12T17:04:22.749+0000] {dagbag.py:538} INFO - Filling up the DagBag from /home/airflow/.local/lib/python3.8/site-packages/airflow/example_dags/example_branch_python_dop_operator_3.py
[2024-03-12T17:04:22.755+0000] {processor.py:840} INFO - DAG(s) 'example_branch_dop_operator_v3' retrieved from /home/airflow/.local/lib/python3.8/site-packages/airflow/example_dags/example_branch_python_dop_operator_3.py
[2024-03-12T17:04:22.767+0000] {logging_mixin.py:188} INFO - [2024-03-12T17:04:22.767+0000] {dag.py:3036} INFO - Sync 1 DAGs
[2024-03-12T17:04:22.780+0000] {logging_mixin.py:188} INFO - [2024-03-12T17:04:22.779+0000] {dag.py:3823} INFO - Setting next_dagrun for example_branch_dop_operator_v3 to 2024-03-12 17:03:00+00:00, run_after=2024-03-12 17:04:00+00:00
[2024-03-12T17:04:22.789+0000] {processor.py:183} INFO - Processing /home/airflow/.local/lib/python3.8/site-packages/airflow/example_dags/example_branch_python_dop_operator_3.py took 0.044 seconds
[2024-03-12T17:04:53.674+0000] {processor.py:161} INFO - Started process (PID=1660) to work on /home/airflow/.local/lib/python3.8/site-packages/airflow/example_dags/example_branch_python_dop_operator_3.py
[2024-03-12T17:04:53.674+0000] {processor.py:830} INFO - Processing file /home/airflow/.local/lib/python3.8/site-packages/airflow/example_dags/example_branch_python_dop_operator_3.py for tasks to queue
[2024-03-12T17:04:53.675+0000] {logging_mixin.py:188} INFO - [2024-03-12T17:04:53.675+0000] {dagbag.py:538} INFO - Filling up the DagBag from /home/airflow/.local/lib/python3.8/site-packages/airflow/example_dags/example_branch_python_dop_operator_3.py
[2024-03-12T17:04:53.687+0000] {processor.py:840} INFO - DAG(s) 'example_branch_dop_operator_v3' retrieved from /home/airflow/.local/lib/python3.8/site-packages/airflow/example_dags/example_branch_python_dop_operator_3.py
[2024-03-12T17:04:53.706+0000] {logging_mixin.py:188} INFO - [2024-03-12T17:04:53.706+0000] {dag.py:3036} INFO - Sync 1 DAGs
[2024-03-12T17:04:53.721+0000] {logging_mixin.py:188} INFO - [2024-03-12T17:04:53.721+0000] {dag.py:3823} INFO - Setting next_dagrun for example_branch_dop_operator_v3 to 2024-03-12 17:03:00+00:00, run_after=2024-03-12 17:04:00+00:00
[2024-03-12T17:04:53.729+0000] {processor.py:183} INFO - Processing /home/airflow/.local/lib/python3.8/site-packages/airflow/example_dags/example_branch_python_dop_operator_3.py took 0.058 seconds
[2024-03-12T17:05:24.386+0000] {processor.py:161} INFO - Started process (PID=1907) to work on /home/airflow/.local/lib/python3.8/site-packages/airflow/example_dags/example_branch_python_dop_operator_3.py
[2024-03-12T17:05:24.387+0000] {processor.py:830} INFO - Processing file /home/airflow/.local/lib/python3.8/site-packages/airflow/example_dags/example_branch_python_dop_operator_3.py for tasks to queue
[2024-03-12T17:05:24.388+0000] {logging_mixin.py:188} INFO - [2024-03-12T17:05:24.388+0000] {dagbag.py:538} INFO - Filling up the DagBag from /home/airflow/.local/lib/python3.8/site-packages/airflow/example_dags/example_branch_python_dop_operator_3.py
[2024-03-12T17:05:24.393+0000] {processor.py:840} INFO - DAG(s) 'example_branch_dop_operator_v3' retrieved from /home/airflow/.local/lib/python3.8/site-packages/airflow/example_dags/example_branch_python_dop_operator_3.py
[2024-03-12T17:05:24.408+0000] {logging_mixin.py:188} INFO - [2024-03-12T17:05:24.408+0000] {dag.py:3036} INFO - Sync 1 DAGs
[2024-03-12T17:05:24.421+0000] {logging_mixin.py:188} INFO - [2024-03-12T17:05:24.420+0000] {dag.py:3823} INFO - Setting next_dagrun for example_branch_dop_operator_v3 to 2024-03-12 17:04:00+00:00, run_after=2024-03-12 17:05:00+00:00
[2024-03-12T17:05:24.429+0000] {processor.py:183} INFO - Processing /home/airflow/.local/lib/python3.8/site-packages/airflow/example_dags/example_branch_python_dop_operator_3.py took 0.046 seconds
