[2024-02-03T18:53:52.342+0000] {processor.py:161} INFO - Started process (PID=236) to work on /home/airflow/.local/lib/python3.8/site-packages/airflow/example_dags/example_subdag_operator.py
[2024-02-03T18:53:52.342+0000] {processor.py:830} INFO - Processing file /home/airflow/.local/lib/python3.8/site-packages/airflow/example_dags/example_subdag_operator.py for tasks to queue
[2024-02-03T18:53:52.343+0000] {logging_mixin.py:188} INFO - [2024-02-03T18:53:52.343+0000] {dagbag.py:538} INFO - Filling up the DagBag from /home/airflow/.local/lib/python3.8/site-packages/airflow/example_dags/example_subdag_operator.py
[2024-02-03T18:53:52.357+0000] {processor.py:840} INFO - DAG(s) 'example_subdag_operator.section-1', 'example_subdag_operator.section-2', 'example_subdag_operator' retrieved from /home/airflow/.local/lib/python3.8/site-packages/airflow/example_dags/example_subdag_operator.py
[2024-02-03T18:53:52.359+0000] {logging_mixin.py:188} INFO - [2024-02-03T18:53:52.358+0000] {dag.py:3036} INFO - Sync 3 DAGs
[2024-02-03T18:53:52.371+0000] {logging_mixin.py:188} INFO - [2024-02-03T18:53:52.371+0000] {dag.py:3823} INFO - Setting next_dagrun for example_subdag_operator to 2022-01-01 00:00:00+00:00, run_after=2022-01-01 00:00:00+00:00
[2024-02-03T18:53:52.375+0000] {logging_mixin.py:188} INFO - [2024-02-03T18:53:52.375+0000] {dag.py:3823} INFO - Setting next_dagrun for example_subdag_operator.section-1 to None, run_after=None
[2024-02-03T18:53:52.376+0000] {logging_mixin.py:188} INFO - [2024-02-03T18:53:52.375+0000] {dag.py:3823} INFO - Setting next_dagrun for example_subdag_operator.section-2 to None, run_after=None
[2024-02-03T18:53:52.380+0000] {logging_mixin.py:188} INFO - [2024-02-03T18:53:52.380+0000] {dag.py:3036} INFO - Sync 2 DAGs
[2024-02-03T18:53:52.383+0000] {logging_mixin.py:188} INFO - [2024-02-03T18:53:52.383+0000] {dag.py:3823} INFO - Setting next_dagrun for example_subdag_operator.section-1 to None, run_after=None
[2024-02-03T18:53:52.383+0000] {logging_mixin.py:188} INFO - [2024-02-03T18:53:52.383+0000] {dag.py:3823} INFO - Setting next_dagrun for example_subdag_operator.section-2 to None, run_after=None
[2024-02-03T18:53:52.389+0000] {processor.py:183} INFO - Processing /home/airflow/.local/lib/python3.8/site-packages/airflow/example_dags/example_subdag_operator.py took 0.050 seconds
[2024-02-03T18:54:22.911+0000] {processor.py:161} INFO - Started process (PID=483) to work on /home/airflow/.local/lib/python3.8/site-packages/airflow/example_dags/example_subdag_operator.py
[2024-02-03T18:54:22.913+0000] {processor.py:830} INFO - Processing file /home/airflow/.local/lib/python3.8/site-packages/airflow/example_dags/example_subdag_operator.py for tasks to queue
[2024-02-03T18:54:22.915+0000] {logging_mixin.py:188} INFO - [2024-02-03T18:54:22.914+0000] {dagbag.py:538} INFO - Filling up the DagBag from /home/airflow/.local/lib/python3.8/site-packages/airflow/example_dags/example_subdag_operator.py
[2024-02-03T18:54:22.928+0000] {processor.py:840} INFO - DAG(s) 'example_subdag_operator.section-1', 'example_subdag_operator.section-2', 'example_subdag_operator' retrieved from /home/airflow/.local/lib/python3.8/site-packages/airflow/example_dags/example_subdag_operator.py
[2024-02-03T18:54:22.979+0000] {logging_mixin.py:188} INFO - [2024-02-03T18:54:22.979+0000] {dag.py:3036} INFO - Sync 3 DAGs
[2024-02-03T18:54:22.992+0000] {logging_mixin.py:188} INFO - [2024-02-03T18:54:22.992+0000] {dag.py:3823} INFO - Setting next_dagrun for example_subdag_operator to 2022-01-01 00:00:00+00:00, run_after=2022-01-01 00:00:00+00:00
[2024-02-03T18:54:22.993+0000] {logging_mixin.py:188} INFO - [2024-02-03T18:54:22.993+0000] {dag.py:3823} INFO - Setting next_dagrun for example_subdag_operator.section-1 to None, run_after=None
[2024-02-03T18:54:22.994+0000] {logging_mixin.py:188} INFO - [2024-02-03T18:54:22.994+0000] {dag.py:3823} INFO - Setting next_dagrun for example_subdag_operator.section-2 to None, run_after=None
[2024-02-03T18:54:23.000+0000] {logging_mixin.py:188} INFO - [2024-02-03T18:54:23.000+0000] {dag.py:3036} INFO - Sync 2 DAGs
[2024-02-03T18:54:23.003+0000] {logging_mixin.py:188} INFO - [2024-02-03T18:54:23.003+0000] {dag.py:3823} INFO - Setting next_dagrun for example_subdag_operator.section-1 to None, run_after=None
[2024-02-03T18:54:23.003+0000] {logging_mixin.py:188} INFO - [2024-02-03T18:54:23.003+0000] {dag.py:3823} INFO - Setting next_dagrun for example_subdag_operator.section-2 to None, run_after=None
[2024-02-03T18:54:23.008+0000] {processor.py:183} INFO - Processing /home/airflow/.local/lib/python3.8/site-packages/airflow/example_dags/example_subdag_operator.py took 0.100 seconds
[2024-02-03T18:54:53.338+0000] {processor.py:161} INFO - Started process (PID=730) to work on /home/airflow/.local/lib/python3.8/site-packages/airflow/example_dags/example_subdag_operator.py
[2024-02-03T18:54:53.339+0000] {processor.py:830} INFO - Processing file /home/airflow/.local/lib/python3.8/site-packages/airflow/example_dags/example_subdag_operator.py for tasks to queue
[2024-02-03T18:54:53.340+0000] {logging_mixin.py:188} INFO - [2024-02-03T18:54:53.340+0000] {dagbag.py:538} INFO - Filling up the DagBag from /home/airflow/.local/lib/python3.8/site-packages/airflow/example_dags/example_subdag_operator.py
[2024-02-03T18:54:53.357+0000] {processor.py:840} INFO - DAG(s) 'example_subdag_operator.section-1', 'example_subdag_operator.section-2', 'example_subdag_operator' retrieved from /home/airflow/.local/lib/python3.8/site-packages/airflow/example_dags/example_subdag_operator.py
[2024-02-03T18:54:53.368+0000] {logging_mixin.py:188} INFO - [2024-02-03T18:54:53.368+0000] {dag.py:3036} INFO - Sync 3 DAGs
[2024-02-03T18:54:53.383+0000] {logging_mixin.py:188} INFO - [2024-02-03T18:54:53.382+0000] {dag.py:3823} INFO - Setting next_dagrun for example_subdag_operator to 2022-01-01 00:00:00+00:00, run_after=2022-01-01 00:00:00+00:00
[2024-02-03T18:54:53.385+0000] {logging_mixin.py:188} INFO - [2024-02-03T18:54:53.385+0000] {dag.py:3823} INFO - Setting next_dagrun for example_subdag_operator.section-1 to None, run_after=None
[2024-02-03T18:54:53.386+0000] {logging_mixin.py:188} INFO - [2024-02-03T18:54:53.386+0000] {dag.py:3823} INFO - Setting next_dagrun for example_subdag_operator.section-2 to None, run_after=None
[2024-02-03T18:54:53.390+0000] {logging_mixin.py:188} INFO - [2024-02-03T18:54:53.390+0000] {dag.py:3036} INFO - Sync 2 DAGs
[2024-02-03T18:54:53.393+0000] {logging_mixin.py:188} INFO - [2024-02-03T18:54:53.393+0000] {dag.py:3823} INFO - Setting next_dagrun for example_subdag_operator.section-1 to None, run_after=None
[2024-02-03T18:54:53.394+0000] {logging_mixin.py:188} INFO - [2024-02-03T18:54:53.394+0000] {dag.py:3823} INFO - Setting next_dagrun for example_subdag_operator.section-2 to None, run_after=None
[2024-02-03T18:54:53.401+0000] {processor.py:183} INFO - Processing /home/airflow/.local/lib/python3.8/site-packages/airflow/example_dags/example_subdag_operator.py took 0.065 seconds
[2024-02-03T18:55:23.443+0000] {processor.py:161} INFO - Started process (PID=979) to work on /home/airflow/.local/lib/python3.8/site-packages/airflow/example_dags/example_subdag_operator.py
[2024-02-03T18:55:23.444+0000] {processor.py:830} INFO - Processing file /home/airflow/.local/lib/python3.8/site-packages/airflow/example_dags/example_subdag_operator.py for tasks to queue
[2024-02-03T18:55:23.445+0000] {logging_mixin.py:188} INFO - [2024-02-03T18:55:23.445+0000] {dagbag.py:538} INFO - Filling up the DagBag from /home/airflow/.local/lib/python3.8/site-packages/airflow/example_dags/example_subdag_operator.py
[2024-02-03T18:55:23.460+0000] {processor.py:840} INFO - DAG(s) 'example_subdag_operator.section-1', 'example_subdag_operator.section-2', 'example_subdag_operator' retrieved from /home/airflow/.local/lib/python3.8/site-packages/airflow/example_dags/example_subdag_operator.py
[2024-02-03T18:55:23.468+0000] {logging_mixin.py:188} INFO - [2024-02-03T18:55:23.467+0000] {dag.py:3036} INFO - Sync 3 DAGs
[2024-02-03T18:55:23.478+0000] {logging_mixin.py:188} INFO - [2024-02-03T18:55:23.478+0000] {dag.py:3823} INFO - Setting next_dagrun for example_subdag_operator to 2022-01-01 00:00:00+00:00, run_after=2022-01-01 00:00:00+00:00
[2024-02-03T18:55:23.480+0000] {logging_mixin.py:188} INFO - [2024-02-03T18:55:23.480+0000] {dag.py:3823} INFO - Setting next_dagrun for example_subdag_operator.section-1 to None, run_after=None
[2024-02-03T18:55:23.481+0000] {logging_mixin.py:188} INFO - [2024-02-03T18:55:23.480+0000] {dag.py:3823} INFO - Setting next_dagrun for example_subdag_operator.section-2 to None, run_after=None
[2024-02-03T18:55:23.484+0000] {logging_mixin.py:188} INFO - [2024-02-03T18:55:23.484+0000] {dag.py:3036} INFO - Sync 2 DAGs
[2024-02-03T18:55:23.487+0000] {logging_mixin.py:188} INFO - [2024-02-03T18:55:23.487+0000] {dag.py:3823} INFO - Setting next_dagrun for example_subdag_operator.section-1 to None, run_after=None
[2024-02-03T18:55:23.487+0000] {logging_mixin.py:188} INFO - [2024-02-03T18:55:23.487+0000] {dag.py:3823} INFO - Setting next_dagrun for example_subdag_operator.section-2 to None, run_after=None
[2024-02-03T18:55:23.493+0000] {processor.py:183} INFO - Processing /home/airflow/.local/lib/python3.8/site-packages/airflow/example_dags/example_subdag_operator.py took 0.051 seconds
[2024-02-03T18:55:54.169+0000] {processor.py:161} INFO - Started process (PID=1224) to work on /home/airflow/.local/lib/python3.8/site-packages/airflow/example_dags/example_subdag_operator.py
[2024-02-03T18:55:54.169+0000] {processor.py:830} INFO - Processing file /home/airflow/.local/lib/python3.8/site-packages/airflow/example_dags/example_subdag_operator.py for tasks to queue
[2024-02-03T18:55:54.170+0000] {logging_mixin.py:188} INFO - [2024-02-03T18:55:54.170+0000] {dagbag.py:538} INFO - Filling up the DagBag from /home/airflow/.local/lib/python3.8/site-packages/airflow/example_dags/example_subdag_operator.py
[2024-02-03T18:55:54.183+0000] {processor.py:840} INFO - DAG(s) 'example_subdag_operator.section-1', 'example_subdag_operator.section-2', 'example_subdag_operator' retrieved from /home/airflow/.local/lib/python3.8/site-packages/airflow/example_dags/example_subdag_operator.py
[2024-02-03T18:55:54.192+0000] {logging_mixin.py:188} INFO - [2024-02-03T18:55:54.192+0000] {dag.py:3036} INFO - Sync 3 DAGs
[2024-02-03T18:55:54.203+0000] {logging_mixin.py:188} INFO - [2024-02-03T18:55:54.203+0000] {dag.py:3823} INFO - Setting next_dagrun for example_subdag_operator to 2022-01-01 00:00:00+00:00, run_after=2022-01-01 00:00:00+00:00
[2024-02-03T18:55:54.205+0000] {logging_mixin.py:188} INFO - [2024-02-03T18:55:54.205+0000] {dag.py:3823} INFO - Setting next_dagrun for example_subdag_operator.section-1 to None, run_after=None
[2024-02-03T18:55:54.206+0000] {logging_mixin.py:188} INFO - [2024-02-03T18:55:54.206+0000] {dag.py:3823} INFO - Setting next_dagrun for example_subdag_operator.section-2 to None, run_after=None
[2024-02-03T18:55:54.210+0000] {logging_mixin.py:188} INFO - [2024-02-03T18:55:54.210+0000] {dag.py:3036} INFO - Sync 2 DAGs
[2024-02-03T18:55:54.212+0000] {logging_mixin.py:188} INFO - [2024-02-03T18:55:54.212+0000] {dag.py:3823} INFO - Setting next_dagrun for example_subdag_operator.section-1 to None, run_after=None
[2024-02-03T18:55:54.213+0000] {logging_mixin.py:188} INFO - [2024-02-03T18:55:54.213+0000] {dag.py:3823} INFO - Setting next_dagrun for example_subdag_operator.section-2 to None, run_after=None
[2024-02-03T18:55:54.218+0000] {processor.py:183} INFO - Processing /home/airflow/.local/lib/python3.8/site-packages/airflow/example_dags/example_subdag_operator.py took 0.052 seconds
[2024-02-03T18:56:24.961+0000] {processor.py:161} INFO - Started process (PID=1471) to work on /home/airflow/.local/lib/python3.8/site-packages/airflow/example_dags/example_subdag_operator.py
[2024-02-03T18:56:24.962+0000] {processor.py:830} INFO - Processing file /home/airflow/.local/lib/python3.8/site-packages/airflow/example_dags/example_subdag_operator.py for tasks to queue
[2024-02-03T18:56:24.962+0000] {logging_mixin.py:188} INFO - [2024-02-03T18:56:24.962+0000] {dagbag.py:538} INFO - Filling up the DagBag from /home/airflow/.local/lib/python3.8/site-packages/airflow/example_dags/example_subdag_operator.py
[2024-02-03T18:56:24.976+0000] {processor.py:840} INFO - DAG(s) 'example_subdag_operator.section-1', 'example_subdag_operator.section-2', 'example_subdag_operator' retrieved from /home/airflow/.local/lib/python3.8/site-packages/airflow/example_dags/example_subdag_operator.py
[2024-02-03T18:56:24.984+0000] {logging_mixin.py:188} INFO - [2024-02-03T18:56:24.984+0000] {dag.py:3036} INFO - Sync 3 DAGs
[2024-02-03T18:56:24.995+0000] {logging_mixin.py:188} INFO - [2024-02-03T18:56:24.994+0000] {dag.py:3823} INFO - Setting next_dagrun for example_subdag_operator to 2022-01-01 00:00:00+00:00, run_after=2022-01-01 00:00:00+00:00
[2024-02-03T18:56:24.997+0000] {logging_mixin.py:188} INFO - [2024-02-03T18:56:24.997+0000] {dag.py:3823} INFO - Setting next_dagrun for example_subdag_operator.section-1 to None, run_after=None
[2024-02-03T18:56:24.998+0000] {logging_mixin.py:188} INFO - [2024-02-03T18:56:24.998+0000] {dag.py:3823} INFO - Setting next_dagrun for example_subdag_operator.section-2 to None, run_after=None
[2024-02-03T18:56:25.001+0000] {logging_mixin.py:188} INFO - [2024-02-03T18:56:25.001+0000] {dag.py:3036} INFO - Sync 2 DAGs
[2024-02-03T18:56:25.004+0000] {logging_mixin.py:188} INFO - [2024-02-03T18:56:25.004+0000] {dag.py:3823} INFO - Setting next_dagrun for example_subdag_operator.section-1 to None, run_after=None
[2024-02-03T18:56:25.004+0000] {logging_mixin.py:188} INFO - [2024-02-03T18:56:25.004+0000] {dag.py:3823} INFO - Setting next_dagrun for example_subdag_operator.section-2 to None, run_after=None
[2024-02-03T18:56:25.009+0000] {processor.py:183} INFO - Processing /home/airflow/.local/lib/python3.8/site-packages/airflow/example_dags/example_subdag_operator.py took 0.050 seconds
[2024-02-03T18:56:55.787+0000] {processor.py:161} INFO - Started process (PID=1718) to work on /home/airflow/.local/lib/python3.8/site-packages/airflow/example_dags/example_subdag_operator.py
[2024-02-03T18:56:55.788+0000] {processor.py:830} INFO - Processing file /home/airflow/.local/lib/python3.8/site-packages/airflow/example_dags/example_subdag_operator.py for tasks to queue
[2024-02-03T18:56:55.788+0000] {logging_mixin.py:188} INFO - [2024-02-03T18:56:55.788+0000] {dagbag.py:538} INFO - Filling up the DagBag from /home/airflow/.local/lib/python3.8/site-packages/airflow/example_dags/example_subdag_operator.py
[2024-02-03T18:56:55.801+0000] {processor.py:840} INFO - DAG(s) 'example_subdag_operator.section-1', 'example_subdag_operator.section-2', 'example_subdag_operator' retrieved from /home/airflow/.local/lib/python3.8/site-packages/airflow/example_dags/example_subdag_operator.py
[2024-02-03T18:56:55.809+0000] {logging_mixin.py:188} INFO - [2024-02-03T18:56:55.809+0000] {dag.py:3036} INFO - Sync 3 DAGs
[2024-02-03T18:56:55.820+0000] {logging_mixin.py:188} INFO - [2024-02-03T18:56:55.820+0000] {dag.py:3823} INFO - Setting next_dagrun for example_subdag_operator to 2022-01-01 00:00:00+00:00, run_after=2022-01-01 00:00:00+00:00
[2024-02-03T18:56:55.822+0000] {logging_mixin.py:188} INFO - [2024-02-03T18:56:55.822+0000] {dag.py:3823} INFO - Setting next_dagrun for example_subdag_operator.section-1 to None, run_after=None
[2024-02-03T18:56:55.822+0000] {logging_mixin.py:188} INFO - [2024-02-03T18:56:55.822+0000] {dag.py:3823} INFO - Setting next_dagrun for example_subdag_operator.section-2 to None, run_after=None
[2024-02-03T18:56:55.826+0000] {logging_mixin.py:188} INFO - [2024-02-03T18:56:55.826+0000] {dag.py:3036} INFO - Sync 2 DAGs
[2024-02-03T18:56:55.829+0000] {logging_mixin.py:188} INFO - [2024-02-03T18:56:55.829+0000] {dag.py:3823} INFO - Setting next_dagrun for example_subdag_operator.section-1 to None, run_after=None
[2024-02-03T18:56:55.829+0000] {logging_mixin.py:188} INFO - [2024-02-03T18:56:55.829+0000] {dag.py:3823} INFO - Setting next_dagrun for example_subdag_operator.section-2 to None, run_after=None
[2024-02-03T18:56:55.835+0000] {processor.py:183} INFO - Processing /home/airflow/.local/lib/python3.8/site-packages/airflow/example_dags/example_subdag_operator.py took 0.050 seconds
[2024-02-03T18:57:26.768+0000] {processor.py:161} INFO - Started process (PID=1965) to work on /home/airflow/.local/lib/python3.8/site-packages/airflow/example_dags/example_subdag_operator.py
[2024-02-03T18:57:26.769+0000] {processor.py:830} INFO - Processing file /home/airflow/.local/lib/python3.8/site-packages/airflow/example_dags/example_subdag_operator.py for tasks to queue
[2024-02-03T18:57:26.770+0000] {logging_mixin.py:188} INFO - [2024-02-03T18:57:26.770+0000] {dagbag.py:538} INFO - Filling up the DagBag from /home/airflow/.local/lib/python3.8/site-packages/airflow/example_dags/example_subdag_operator.py
[2024-02-03T18:57:26.784+0000] {processor.py:840} INFO - DAG(s) 'example_subdag_operator.section-1', 'example_subdag_operator.section-2', 'example_subdag_operator' retrieved from /home/airflow/.local/lib/python3.8/site-packages/airflow/example_dags/example_subdag_operator.py
[2024-02-03T18:57:26.793+0000] {logging_mixin.py:188} INFO - [2024-02-03T18:57:26.793+0000] {dag.py:3036} INFO - Sync 3 DAGs
[2024-02-03T18:57:26.804+0000] {logging_mixin.py:188} INFO - [2024-02-03T18:57:26.804+0000] {dag.py:3823} INFO - Setting next_dagrun for example_subdag_operator to 2022-01-01 00:00:00+00:00, run_after=2022-01-01 00:00:00+00:00
[2024-02-03T18:57:26.806+0000] {logging_mixin.py:188} INFO - [2024-02-03T18:57:26.806+0000] {dag.py:3823} INFO - Setting next_dagrun for example_subdag_operator.section-1 to None, run_after=None
[2024-02-03T18:57:26.806+0000] {logging_mixin.py:188} INFO - [2024-02-03T18:57:26.806+0000] {dag.py:3823} INFO - Setting next_dagrun for example_subdag_operator.section-2 to None, run_after=None
[2024-02-03T18:57:26.810+0000] {logging_mixin.py:188} INFO - [2024-02-03T18:57:26.810+0000] {dag.py:3036} INFO - Sync 2 DAGs
[2024-02-03T18:57:26.813+0000] {logging_mixin.py:188} INFO - [2024-02-03T18:57:26.812+0000] {dag.py:3823} INFO - Setting next_dagrun for example_subdag_operator.section-1 to None, run_after=None
[2024-02-03T18:57:26.813+0000] {logging_mixin.py:188} INFO - [2024-02-03T18:57:26.813+0000] {dag.py:3823} INFO - Setting next_dagrun for example_subdag_operator.section-2 to None, run_after=None
[2024-02-03T18:57:26.818+0000] {processor.py:183} INFO - Processing /home/airflow/.local/lib/python3.8/site-packages/airflow/example_dags/example_subdag_operator.py took 0.052 seconds
[2024-02-03T18:57:57.443+0000] {processor.py:161} INFO - Started process (PID=2212) to work on /home/airflow/.local/lib/python3.8/site-packages/airflow/example_dags/example_subdag_operator.py
[2024-02-03T18:57:57.444+0000] {processor.py:830} INFO - Processing file /home/airflow/.local/lib/python3.8/site-packages/airflow/example_dags/example_subdag_operator.py for tasks to queue
[2024-02-03T18:57:57.444+0000] {logging_mixin.py:188} INFO - [2024-02-03T18:57:57.444+0000] {dagbag.py:538} INFO - Filling up the DagBag from /home/airflow/.local/lib/python3.8/site-packages/airflow/example_dags/example_subdag_operator.py
[2024-02-03T18:57:57.458+0000] {processor.py:840} INFO - DAG(s) 'example_subdag_operator.section-1', 'example_subdag_operator.section-2', 'example_subdag_operator' retrieved from /home/airflow/.local/lib/python3.8/site-packages/airflow/example_dags/example_subdag_operator.py
[2024-02-03T18:57:57.466+0000] {logging_mixin.py:188} INFO - [2024-02-03T18:57:57.466+0000] {dag.py:3036} INFO - Sync 3 DAGs
[2024-02-03T18:57:57.477+0000] {logging_mixin.py:188} INFO - [2024-02-03T18:57:57.477+0000] {dag.py:3823} INFO - Setting next_dagrun for example_subdag_operator to 2022-01-01 00:00:00+00:00, run_after=2022-01-01 00:00:00+00:00
[2024-02-03T18:57:57.479+0000] {logging_mixin.py:188} INFO - [2024-02-03T18:57:57.479+0000] {dag.py:3823} INFO - Setting next_dagrun for example_subdag_operator.section-1 to None, run_after=None
[2024-02-03T18:57:57.480+0000] {logging_mixin.py:188} INFO - [2024-02-03T18:57:57.480+0000] {dag.py:3823} INFO - Setting next_dagrun for example_subdag_operator.section-2 to None, run_after=None
[2024-02-03T18:57:57.483+0000] {logging_mixin.py:188} INFO - [2024-02-03T18:57:57.483+0000] {dag.py:3036} INFO - Sync 2 DAGs
[2024-02-03T18:57:57.486+0000] {logging_mixin.py:188} INFO - [2024-02-03T18:57:57.486+0000] {dag.py:3823} INFO - Setting next_dagrun for example_subdag_operator.section-1 to None, run_after=None
[2024-02-03T18:57:57.486+0000] {logging_mixin.py:188} INFO - [2024-02-03T18:57:57.486+0000] {dag.py:3823} INFO - Setting next_dagrun for example_subdag_operator.section-2 to None, run_after=None
[2024-02-03T18:57:57.492+0000] {processor.py:183} INFO - Processing /home/airflow/.local/lib/python3.8/site-packages/airflow/example_dags/example_subdag_operator.py took 0.050 seconds
[2024-02-03T18:58:28.241+0000] {processor.py:161} INFO - Started process (PID=2459) to work on /home/airflow/.local/lib/python3.8/site-packages/airflow/example_dags/example_subdag_operator.py
[2024-02-03T18:58:28.241+0000] {processor.py:830} INFO - Processing file /home/airflow/.local/lib/python3.8/site-packages/airflow/example_dags/example_subdag_operator.py for tasks to queue
[2024-02-03T18:58:28.242+0000] {logging_mixin.py:188} INFO - [2024-02-03T18:58:28.242+0000] {dagbag.py:538} INFO - Filling up the DagBag from /home/airflow/.local/lib/python3.8/site-packages/airflow/example_dags/example_subdag_operator.py
[2024-02-03T18:58:28.255+0000] {processor.py:840} INFO - DAG(s) 'example_subdag_operator.section-1', 'example_subdag_operator.section-2', 'example_subdag_operator' retrieved from /home/airflow/.local/lib/python3.8/site-packages/airflow/example_dags/example_subdag_operator.py
[2024-02-03T18:58:28.264+0000] {logging_mixin.py:188} INFO - [2024-02-03T18:58:28.264+0000] {dag.py:3036} INFO - Sync 3 DAGs
[2024-02-03T18:58:28.275+0000] {logging_mixin.py:188} INFO - [2024-02-03T18:58:28.275+0000] {dag.py:3823} INFO - Setting next_dagrun for example_subdag_operator to 2022-01-01 00:00:00+00:00, run_after=2022-01-01 00:00:00+00:00
[2024-02-03T18:58:28.277+0000] {logging_mixin.py:188} INFO - [2024-02-03T18:58:28.277+0000] {dag.py:3823} INFO - Setting next_dagrun for example_subdag_operator.section-1 to None, run_after=None
[2024-02-03T18:58:28.278+0000] {logging_mixin.py:188} INFO - [2024-02-03T18:58:28.278+0000] {dag.py:3823} INFO - Setting next_dagrun for example_subdag_operator.section-2 to None, run_after=None
[2024-02-03T18:58:28.282+0000] {logging_mixin.py:188} INFO - [2024-02-03T18:58:28.281+0000] {dag.py:3036} INFO - Sync 2 DAGs
[2024-02-03T18:58:28.284+0000] {logging_mixin.py:188} INFO - [2024-02-03T18:58:28.284+0000] {dag.py:3823} INFO - Setting next_dagrun for example_subdag_operator.section-1 to None, run_after=None
[2024-02-03T18:58:28.284+0000] {logging_mixin.py:188} INFO - [2024-02-03T18:58:28.284+0000] {dag.py:3823} INFO - Setting next_dagrun for example_subdag_operator.section-2 to None, run_after=None
[2024-02-03T18:58:28.289+0000] {processor.py:183} INFO - Processing /home/airflow/.local/lib/python3.8/site-packages/airflow/example_dags/example_subdag_operator.py took 0.051 seconds
[2024-02-03T18:58:59.099+0000] {processor.py:161} INFO - Started process (PID=2706) to work on /home/airflow/.local/lib/python3.8/site-packages/airflow/example_dags/example_subdag_operator.py
[2024-02-03T18:58:59.100+0000] {processor.py:830} INFO - Processing file /home/airflow/.local/lib/python3.8/site-packages/airflow/example_dags/example_subdag_operator.py for tasks to queue
[2024-02-03T18:58:59.100+0000] {logging_mixin.py:188} INFO - [2024-02-03T18:58:59.100+0000] {dagbag.py:538} INFO - Filling up the DagBag from /home/airflow/.local/lib/python3.8/site-packages/airflow/example_dags/example_subdag_operator.py
[2024-02-03T18:58:59.114+0000] {processor.py:840} INFO - DAG(s) 'example_subdag_operator.section-1', 'example_subdag_operator.section-2', 'example_subdag_operator' retrieved from /home/airflow/.local/lib/python3.8/site-packages/airflow/example_dags/example_subdag_operator.py
[2024-02-03T18:58:59.122+0000] {logging_mixin.py:188} INFO - [2024-02-03T18:58:59.122+0000] {dag.py:3036} INFO - Sync 3 DAGs
[2024-02-03T18:58:59.132+0000] {logging_mixin.py:188} INFO - [2024-02-03T18:58:59.132+0000] {dag.py:3823} INFO - Setting next_dagrun for example_subdag_operator to 2022-01-01 00:00:00+00:00, run_after=2022-01-01 00:00:00+00:00
[2024-02-03T18:58:59.134+0000] {logging_mixin.py:188} INFO - [2024-02-03T18:58:59.134+0000] {dag.py:3823} INFO - Setting next_dagrun for example_subdag_operator.section-1 to None, run_after=None
[2024-02-03T18:58:59.135+0000] {logging_mixin.py:188} INFO - [2024-02-03T18:58:59.135+0000] {dag.py:3823} INFO - Setting next_dagrun for example_subdag_operator.section-2 to None, run_after=None
[2024-02-03T18:58:59.138+0000] {logging_mixin.py:188} INFO - [2024-02-03T18:58:59.138+0000] {dag.py:3036} INFO - Sync 2 DAGs
[2024-02-03T18:58:59.141+0000] {logging_mixin.py:188} INFO - [2024-02-03T18:58:59.141+0000] {dag.py:3823} INFO - Setting next_dagrun for example_subdag_operator.section-1 to None, run_after=None
[2024-02-03T18:58:59.141+0000] {logging_mixin.py:188} INFO - [2024-02-03T18:58:59.141+0000] {dag.py:3823} INFO - Setting next_dagrun for example_subdag_operator.section-2 to None, run_after=None
[2024-02-03T18:58:59.146+0000] {processor.py:183} INFO - Processing /home/airflow/.local/lib/python3.8/site-packages/airflow/example_dags/example_subdag_operator.py took 0.049 seconds
[2024-02-03T18:59:29.858+0000] {processor.py:161} INFO - Started process (PID=2953) to work on /home/airflow/.local/lib/python3.8/site-packages/airflow/example_dags/example_subdag_operator.py
[2024-02-03T18:59:29.859+0000] {processor.py:830} INFO - Processing file /home/airflow/.local/lib/python3.8/site-packages/airflow/example_dags/example_subdag_operator.py for tasks to queue
[2024-02-03T18:59:29.859+0000] {logging_mixin.py:188} INFO - [2024-02-03T18:59:29.859+0000] {dagbag.py:538} INFO - Filling up the DagBag from /home/airflow/.local/lib/python3.8/site-packages/airflow/example_dags/example_subdag_operator.py
[2024-02-03T18:59:29.871+0000] {processor.py:840} INFO - DAG(s) 'example_subdag_operator.section-1', 'example_subdag_operator.section-2', 'example_subdag_operator' retrieved from /home/airflow/.local/lib/python3.8/site-packages/airflow/example_dags/example_subdag_operator.py
[2024-02-03T18:59:29.880+0000] {logging_mixin.py:188} INFO - [2024-02-03T18:59:29.879+0000] {dag.py:3036} INFO - Sync 3 DAGs
[2024-02-03T18:59:29.890+0000] {logging_mixin.py:188} INFO - [2024-02-03T18:59:29.890+0000] {dag.py:3823} INFO - Setting next_dagrun for example_subdag_operator to 2022-01-01 00:00:00+00:00, run_after=2022-01-01 00:00:00+00:00
[2024-02-03T18:59:29.892+0000] {logging_mixin.py:188} INFO - [2024-02-03T18:59:29.891+0000] {dag.py:3823} INFO - Setting next_dagrun for example_subdag_operator.section-1 to None, run_after=None
[2024-02-03T18:59:29.892+0000] {logging_mixin.py:188} INFO - [2024-02-03T18:59:29.892+0000] {dag.py:3823} INFO - Setting next_dagrun for example_subdag_operator.section-2 to None, run_after=None
[2024-02-03T18:59:29.896+0000] {logging_mixin.py:188} INFO - [2024-02-03T18:59:29.896+0000] {dag.py:3036} INFO - Sync 2 DAGs
[2024-02-03T18:59:29.899+0000] {logging_mixin.py:188} INFO - [2024-02-03T18:59:29.899+0000] {dag.py:3823} INFO - Setting next_dagrun for example_subdag_operator.section-1 to None, run_after=None
[2024-02-03T18:59:29.899+0000] {logging_mixin.py:188} INFO - [2024-02-03T18:59:29.899+0000] {dag.py:3823} INFO - Setting next_dagrun for example_subdag_operator.section-2 to None, run_after=None
[2024-02-03T18:59:29.904+0000] {processor.py:183} INFO - Processing /home/airflow/.local/lib/python3.8/site-packages/airflow/example_dags/example_subdag_operator.py took 0.049 seconds
[2024-02-03T19:00:00.647+0000] {processor.py:161} INFO - Started process (PID=3200) to work on /home/airflow/.local/lib/python3.8/site-packages/airflow/example_dags/example_subdag_operator.py
[2024-02-03T19:00:00.648+0000] {processor.py:830} INFO - Processing file /home/airflow/.local/lib/python3.8/site-packages/airflow/example_dags/example_subdag_operator.py for tasks to queue
[2024-02-03T19:00:00.649+0000] {logging_mixin.py:188} INFO - [2024-02-03T19:00:00.649+0000] {dagbag.py:538} INFO - Filling up the DagBag from /home/airflow/.local/lib/python3.8/site-packages/airflow/example_dags/example_subdag_operator.py
[2024-02-03T19:00:00.663+0000] {processor.py:840} INFO - DAG(s) 'example_subdag_operator.section-1', 'example_subdag_operator.section-2', 'example_subdag_operator' retrieved from /home/airflow/.local/lib/python3.8/site-packages/airflow/example_dags/example_subdag_operator.py
[2024-02-03T19:00:00.673+0000] {logging_mixin.py:188} INFO - [2024-02-03T19:00:00.673+0000] {dag.py:3036} INFO - Sync 3 DAGs
[2024-02-03T19:00:00.685+0000] {logging_mixin.py:188} INFO - [2024-02-03T19:00:00.685+0000] {dag.py:3823} INFO - Setting next_dagrun for example_subdag_operator to 2022-01-01 00:00:00+00:00, run_after=2022-01-01 00:00:00+00:00
[2024-02-03T19:00:00.688+0000] {logging_mixin.py:188} INFO - [2024-02-03T19:00:00.688+0000] {dag.py:3823} INFO - Setting next_dagrun for example_subdag_operator.section-1 to None, run_after=None
[2024-02-03T19:00:00.689+0000] {logging_mixin.py:188} INFO - [2024-02-03T19:00:00.689+0000] {dag.py:3823} INFO - Setting next_dagrun for example_subdag_operator.section-2 to None, run_after=None
[2024-02-03T19:00:00.692+0000] {logging_mixin.py:188} INFO - [2024-02-03T19:00:00.692+0000] {dag.py:3036} INFO - Sync 2 DAGs
[2024-02-03T19:00:00.695+0000] {logging_mixin.py:188} INFO - [2024-02-03T19:00:00.695+0000] {dag.py:3823} INFO - Setting next_dagrun for example_subdag_operator.section-1 to None, run_after=None
[2024-02-03T19:00:00.696+0000] {logging_mixin.py:188} INFO - [2024-02-03T19:00:00.696+0000] {dag.py:3823} INFO - Setting next_dagrun for example_subdag_operator.section-2 to None, run_after=None
[2024-02-03T19:00:00.701+0000] {processor.py:183} INFO - Processing /home/airflow/.local/lib/python3.8/site-packages/airflow/example_dags/example_subdag_operator.py took 0.056 seconds
[2024-02-03T19:00:31.538+0000] {processor.py:161} INFO - Started process (PID=3447) to work on /home/airflow/.local/lib/python3.8/site-packages/airflow/example_dags/example_subdag_operator.py
[2024-02-03T19:00:31.539+0000] {processor.py:830} INFO - Processing file /home/airflow/.local/lib/python3.8/site-packages/airflow/example_dags/example_subdag_operator.py for tasks to queue
[2024-02-03T19:00:31.539+0000] {logging_mixin.py:188} INFO - [2024-02-03T19:00:31.539+0000] {dagbag.py:538} INFO - Filling up the DagBag from /home/airflow/.local/lib/python3.8/site-packages/airflow/example_dags/example_subdag_operator.py
[2024-02-03T19:00:31.555+0000] {processor.py:840} INFO - DAG(s) 'example_subdag_operator.section-1', 'example_subdag_operator.section-2', 'example_subdag_operator' retrieved from /home/airflow/.local/lib/python3.8/site-packages/airflow/example_dags/example_subdag_operator.py
[2024-02-03T19:00:31.564+0000] {logging_mixin.py:188} INFO - [2024-02-03T19:00:31.564+0000] {dag.py:3036} INFO - Sync 3 DAGs
[2024-02-03T19:00:31.576+0000] {logging_mixin.py:188} INFO - [2024-02-03T19:00:31.576+0000] {dag.py:3823} INFO - Setting next_dagrun for example_subdag_operator to 2022-01-01 00:00:00+00:00, run_after=2022-01-01 00:00:00+00:00
[2024-02-03T19:00:31.579+0000] {logging_mixin.py:188} INFO - [2024-02-03T19:00:31.579+0000] {dag.py:3823} INFO - Setting next_dagrun for example_subdag_operator.section-1 to None, run_after=None
[2024-02-03T19:00:31.580+0000] {logging_mixin.py:188} INFO - [2024-02-03T19:00:31.580+0000] {dag.py:3823} INFO - Setting next_dagrun for example_subdag_operator.section-2 to None, run_after=None
[2024-02-03T19:00:31.585+0000] {logging_mixin.py:188} INFO - [2024-02-03T19:00:31.584+0000] {dag.py:3036} INFO - Sync 2 DAGs
[2024-02-03T19:00:31.588+0000] {logging_mixin.py:188} INFO - [2024-02-03T19:00:31.588+0000] {dag.py:3823} INFO - Setting next_dagrun for example_subdag_operator.section-1 to None, run_after=None
[2024-02-03T19:00:31.589+0000] {logging_mixin.py:188} INFO - [2024-02-03T19:00:31.589+0000] {dag.py:3823} INFO - Setting next_dagrun for example_subdag_operator.section-2 to None, run_after=None
[2024-02-03T19:00:31.597+0000] {processor.py:183} INFO - Processing /home/airflow/.local/lib/python3.8/site-packages/airflow/example_dags/example_subdag_operator.py took 0.062 seconds
[2024-02-03T19:01:01.690+0000] {processor.py:161} INFO - Started process (PID=3696) to work on /home/airflow/.local/lib/python3.8/site-packages/airflow/example_dags/example_subdag_operator.py
[2024-02-03T19:01:01.690+0000] {processor.py:830} INFO - Processing file /home/airflow/.local/lib/python3.8/site-packages/airflow/example_dags/example_subdag_operator.py for tasks to queue
[2024-02-03T19:01:01.691+0000] {logging_mixin.py:188} INFO - [2024-02-03T19:01:01.691+0000] {dagbag.py:538} INFO - Filling up the DagBag from /home/airflow/.local/lib/python3.8/site-packages/airflow/example_dags/example_subdag_operator.py
[2024-02-03T19:01:01.704+0000] {processor.py:840} INFO - DAG(s) 'example_subdag_operator.section-1', 'example_subdag_operator.section-2', 'example_subdag_operator' retrieved from /home/airflow/.local/lib/python3.8/site-packages/airflow/example_dags/example_subdag_operator.py
[2024-02-03T19:01:01.706+0000] {logging_mixin.py:188} INFO - [2024-02-03T19:01:01.706+0000] {dag.py:3036} INFO - Sync 3 DAGs
[2024-02-03T19:01:01.718+0000] {logging_mixin.py:188} INFO - [2024-02-03T19:01:01.718+0000] {dag.py:3823} INFO - Setting next_dagrun for example_subdag_operator to 2022-01-01 00:00:00+00:00, run_after=2022-01-01 00:00:00+00:00
[2024-02-03T19:01:01.720+0000] {logging_mixin.py:188} INFO - [2024-02-03T19:01:01.719+0000] {dag.py:3823} INFO - Setting next_dagrun for example_subdag_operator.section-1 to None, run_after=None
[2024-02-03T19:01:01.720+0000] {logging_mixin.py:188} INFO - [2024-02-03T19:01:01.720+0000] {dag.py:3823} INFO - Setting next_dagrun for example_subdag_operator.section-2 to None, run_after=None
[2024-02-03T19:01:01.724+0000] {logging_mixin.py:188} INFO - [2024-02-03T19:01:01.724+0000] {dag.py:3036} INFO - Sync 2 DAGs
[2024-02-03T19:01:01.726+0000] {logging_mixin.py:188} INFO - [2024-02-03T19:01:01.726+0000] {dag.py:3823} INFO - Setting next_dagrun for example_subdag_operator.section-1 to None, run_after=None
[2024-02-03T19:01:01.727+0000] {logging_mixin.py:188} INFO - [2024-02-03T19:01:01.727+0000] {dag.py:3823} INFO - Setting next_dagrun for example_subdag_operator.section-2 to None, run_after=None
[2024-02-03T19:01:01.732+0000] {processor.py:183} INFO - Processing /home/airflow/.local/lib/python3.8/site-packages/airflow/example_dags/example_subdag_operator.py took 0.045 seconds
[2024-02-03T19:01:32.241+0000] {processor.py:161} INFO - Started process (PID=3941) to work on /home/airflow/.local/lib/python3.8/site-packages/airflow/example_dags/example_subdag_operator.py
[2024-02-03T19:01:32.242+0000] {processor.py:830} INFO - Processing file /home/airflow/.local/lib/python3.8/site-packages/airflow/example_dags/example_subdag_operator.py for tasks to queue
[2024-02-03T19:01:32.242+0000] {logging_mixin.py:188} INFO - [2024-02-03T19:01:32.242+0000] {dagbag.py:538} INFO - Filling up the DagBag from /home/airflow/.local/lib/python3.8/site-packages/airflow/example_dags/example_subdag_operator.py
[2024-02-03T19:01:32.257+0000] {processor.py:840} INFO - DAG(s) 'example_subdag_operator.section-1', 'example_subdag_operator.section-2', 'example_subdag_operator' retrieved from /home/airflow/.local/lib/python3.8/site-packages/airflow/example_dags/example_subdag_operator.py
[2024-02-03T19:01:32.309+0000] {logging_mixin.py:188} INFO - [2024-02-03T19:01:32.309+0000] {dag.py:3036} INFO - Sync 3 DAGs
[2024-02-03T19:01:32.321+0000] {logging_mixin.py:188} INFO - [2024-02-03T19:01:32.321+0000] {dag.py:3823} INFO - Setting next_dagrun for example_subdag_operator to 2022-01-01 00:00:00+00:00, run_after=2022-01-01 00:00:00+00:00
[2024-02-03T19:01:32.323+0000] {logging_mixin.py:188} INFO - [2024-02-03T19:01:32.323+0000] {dag.py:3823} INFO - Setting next_dagrun for example_subdag_operator.section-1 to None, run_after=None
[2024-02-03T19:01:32.324+0000] {logging_mixin.py:188} INFO - [2024-02-03T19:01:32.324+0000] {dag.py:3823} INFO - Setting next_dagrun for example_subdag_operator.section-2 to None, run_after=None
[2024-02-03T19:01:32.329+0000] {logging_mixin.py:188} INFO - [2024-02-03T19:01:32.329+0000] {dag.py:3036} INFO - Sync 2 DAGs
[2024-02-03T19:01:32.332+0000] {logging_mixin.py:188} INFO - [2024-02-03T19:01:32.332+0000] {dag.py:3823} INFO - Setting next_dagrun for example_subdag_operator.section-1 to None, run_after=None
[2024-02-03T19:01:32.332+0000] {logging_mixin.py:188} INFO - [2024-02-03T19:01:32.332+0000] {dag.py:3823} INFO - Setting next_dagrun for example_subdag_operator.section-2 to None, run_after=None
[2024-02-03T19:01:32.338+0000] {processor.py:183} INFO - Processing /home/airflow/.local/lib/python3.8/site-packages/airflow/example_dags/example_subdag_operator.py took 0.099 seconds
[2024-02-03T19:02:02.808+0000] {processor.py:161} INFO - Started process (PID=4188) to work on /home/airflow/.local/lib/python3.8/site-packages/airflow/example_dags/example_subdag_operator.py
[2024-02-03T19:02:02.808+0000] {processor.py:830} INFO - Processing file /home/airflow/.local/lib/python3.8/site-packages/airflow/example_dags/example_subdag_operator.py for tasks to queue
[2024-02-03T19:02:02.809+0000] {logging_mixin.py:188} INFO - [2024-02-03T19:02:02.809+0000] {dagbag.py:538} INFO - Filling up the DagBag from /home/airflow/.local/lib/python3.8/site-packages/airflow/example_dags/example_subdag_operator.py
[2024-02-03T19:02:02.822+0000] {processor.py:840} INFO - DAG(s) 'example_subdag_operator.section-1', 'example_subdag_operator.section-2', 'example_subdag_operator' retrieved from /home/airflow/.local/lib/python3.8/site-packages/airflow/example_dags/example_subdag_operator.py
[2024-02-03T19:02:02.834+0000] {logging_mixin.py:188} INFO - [2024-02-03T19:02:02.834+0000] {dag.py:3036} INFO - Sync 3 DAGs
[2024-02-03T19:02:02.851+0000] {logging_mixin.py:188} INFO - [2024-02-03T19:02:02.851+0000] {dag.py:3823} INFO - Setting next_dagrun for example_subdag_operator to 2022-01-01 00:00:00+00:00, run_after=2022-01-01 00:00:00+00:00
[2024-02-03T19:02:02.853+0000] {logging_mixin.py:188} INFO - [2024-02-03T19:02:02.853+0000] {dag.py:3823} INFO - Setting next_dagrun for example_subdag_operator.section-1 to None, run_after=None
[2024-02-03T19:02:02.854+0000] {logging_mixin.py:188} INFO - [2024-02-03T19:02:02.854+0000] {dag.py:3823} INFO - Setting next_dagrun for example_subdag_operator.section-2 to None, run_after=None
[2024-02-03T19:02:02.858+0000] {logging_mixin.py:188} INFO - [2024-02-03T19:02:02.858+0000] {dag.py:3036} INFO - Sync 2 DAGs
[2024-02-03T19:02:02.861+0000] {logging_mixin.py:188} INFO - [2024-02-03T19:02:02.861+0000] {dag.py:3823} INFO - Setting next_dagrun for example_subdag_operator.section-1 to None, run_after=None
[2024-02-03T19:02:02.861+0000] {logging_mixin.py:188} INFO - [2024-02-03T19:02:02.861+0000] {dag.py:3823} INFO - Setting next_dagrun for example_subdag_operator.section-2 to None, run_after=None
[2024-02-03T19:02:02.867+0000] {processor.py:183} INFO - Processing /home/airflow/.local/lib/python3.8/site-packages/airflow/example_dags/example_subdag_operator.py took 0.062 seconds
[2024-02-03T19:02:32.925+0000] {processor.py:161} INFO - Started process (PID=4435) to work on /home/airflow/.local/lib/python3.8/site-packages/airflow/example_dags/example_subdag_operator.py
[2024-02-03T19:02:32.926+0000] {processor.py:830} INFO - Processing file /home/airflow/.local/lib/python3.8/site-packages/airflow/example_dags/example_subdag_operator.py for tasks to queue
[2024-02-03T19:02:32.926+0000] {logging_mixin.py:188} INFO - [2024-02-03T19:02:32.926+0000] {dagbag.py:538} INFO - Filling up the DagBag from /home/airflow/.local/lib/python3.8/site-packages/airflow/example_dags/example_subdag_operator.py
[2024-02-03T19:02:32.940+0000] {processor.py:840} INFO - DAG(s) 'example_subdag_operator.section-1', 'example_subdag_operator.section-2', 'example_subdag_operator' retrieved from /home/airflow/.local/lib/python3.8/site-packages/airflow/example_dags/example_subdag_operator.py
[2024-02-03T19:02:32.948+0000] {logging_mixin.py:188} INFO - [2024-02-03T19:02:32.948+0000] {dag.py:3036} INFO - Sync 3 DAGs
[2024-02-03T19:02:32.959+0000] {logging_mixin.py:188} INFO - [2024-02-03T19:02:32.959+0000] {dag.py:3823} INFO - Setting next_dagrun for example_subdag_operator to 2022-01-01 00:00:00+00:00, run_after=2022-01-01 00:00:00+00:00
[2024-02-03T19:02:32.961+0000] {logging_mixin.py:188} INFO - [2024-02-03T19:02:32.961+0000] {dag.py:3823} INFO - Setting next_dagrun for example_subdag_operator.section-1 to None, run_after=None
[2024-02-03T19:02:32.962+0000] {logging_mixin.py:188} INFO - [2024-02-03T19:02:32.962+0000] {dag.py:3823} INFO - Setting next_dagrun for example_subdag_operator.section-2 to None, run_after=None
[2024-02-03T19:02:32.965+0000] {logging_mixin.py:188} INFO - [2024-02-03T19:02:32.965+0000] {dag.py:3036} INFO - Sync 2 DAGs
[2024-02-03T19:02:32.968+0000] {logging_mixin.py:188} INFO - [2024-02-03T19:02:32.968+0000] {dag.py:3823} INFO - Setting next_dagrun for example_subdag_operator.section-1 to None, run_after=None
[2024-02-03T19:02:32.968+0000] {logging_mixin.py:188} INFO - [2024-02-03T19:02:32.968+0000] {dag.py:3823} INFO - Setting next_dagrun for example_subdag_operator.section-2 to None, run_after=None
[2024-02-03T19:02:32.973+0000] {processor.py:183} INFO - Processing /home/airflow/.local/lib/python3.8/site-packages/airflow/example_dags/example_subdag_operator.py took 0.050 seconds
[2024-02-03T19:03:03.173+0000] {processor.py:161} INFO - Started process (PID=4682) to work on /home/airflow/.local/lib/python3.8/site-packages/airflow/example_dags/example_subdag_operator.py
[2024-02-03T19:03:03.174+0000] {processor.py:830} INFO - Processing file /home/airflow/.local/lib/python3.8/site-packages/airflow/example_dags/example_subdag_operator.py for tasks to queue
[2024-02-03T19:03:03.174+0000] {logging_mixin.py:188} INFO - [2024-02-03T19:03:03.174+0000] {dagbag.py:538} INFO - Filling up the DagBag from /home/airflow/.local/lib/python3.8/site-packages/airflow/example_dags/example_subdag_operator.py
[2024-02-03T19:03:03.188+0000] {processor.py:840} INFO - DAG(s) 'example_subdag_operator.section-1', 'example_subdag_operator.section-2', 'example_subdag_operator' retrieved from /home/airflow/.local/lib/python3.8/site-packages/airflow/example_dags/example_subdag_operator.py
[2024-02-03T19:03:03.197+0000] {logging_mixin.py:188} INFO - [2024-02-03T19:03:03.197+0000] {dag.py:3036} INFO - Sync 3 DAGs
[2024-02-03T19:03:03.209+0000] {logging_mixin.py:188} INFO - [2024-02-03T19:03:03.209+0000] {dag.py:3823} INFO - Setting next_dagrun for example_subdag_operator to 2022-01-01 00:00:00+00:00, run_after=2022-01-01 00:00:00+00:00
[2024-02-03T19:03:03.211+0000] {logging_mixin.py:188} INFO - [2024-02-03T19:03:03.211+0000] {dag.py:3823} INFO - Setting next_dagrun for example_subdag_operator.section-1 to None, run_after=None
[2024-02-03T19:03:03.212+0000] {logging_mixin.py:188} INFO - [2024-02-03T19:03:03.212+0000] {dag.py:3823} INFO - Setting next_dagrun for example_subdag_operator.section-2 to None, run_after=None
[2024-02-03T19:03:03.215+0000] {logging_mixin.py:188} INFO - [2024-02-03T19:03:03.215+0000] {dag.py:3036} INFO - Sync 2 DAGs
[2024-02-03T19:03:03.219+0000] {logging_mixin.py:188} INFO - [2024-02-03T19:03:03.218+0000] {dag.py:3823} INFO - Setting next_dagrun for example_subdag_operator.section-1 to None, run_after=None
[2024-02-03T19:03:03.219+0000] {logging_mixin.py:188} INFO - [2024-02-03T19:03:03.219+0000] {dag.py:3823} INFO - Setting next_dagrun for example_subdag_operator.section-2 to None, run_after=None
[2024-02-03T19:03:03.224+0000] {processor.py:183} INFO - Processing /home/airflow/.local/lib/python3.8/site-packages/airflow/example_dags/example_subdag_operator.py took 0.053 seconds
[2024-02-03T19:03:33.915+0000] {processor.py:161} INFO - Started process (PID=4929) to work on /home/airflow/.local/lib/python3.8/site-packages/airflow/example_dags/example_subdag_operator.py
[2024-02-03T19:03:33.916+0000] {processor.py:830} INFO - Processing file /home/airflow/.local/lib/python3.8/site-packages/airflow/example_dags/example_subdag_operator.py for tasks to queue
[2024-02-03T19:03:33.916+0000] {logging_mixin.py:188} INFO - [2024-02-03T19:03:33.916+0000] {dagbag.py:538} INFO - Filling up the DagBag from /home/airflow/.local/lib/python3.8/site-packages/airflow/example_dags/example_subdag_operator.py
[2024-02-03T19:03:33.931+0000] {processor.py:840} INFO - DAG(s) 'example_subdag_operator.section-1', 'example_subdag_operator.section-2', 'example_subdag_operator' retrieved from /home/airflow/.local/lib/python3.8/site-packages/airflow/example_dags/example_subdag_operator.py
[2024-02-03T19:03:33.940+0000] {logging_mixin.py:188} INFO - [2024-02-03T19:03:33.940+0000] {dag.py:3036} INFO - Sync 3 DAGs
[2024-02-03T19:03:33.951+0000] {logging_mixin.py:188} INFO - [2024-02-03T19:03:33.951+0000] {dag.py:3823} INFO - Setting next_dagrun for example_subdag_operator to 2022-01-01 00:00:00+00:00, run_after=2022-01-01 00:00:00+00:00
[2024-02-03T19:03:33.953+0000] {logging_mixin.py:188} INFO - [2024-02-03T19:03:33.953+0000] {dag.py:3823} INFO - Setting next_dagrun for example_subdag_operator.section-1 to None, run_after=None
[2024-02-03T19:03:33.953+0000] {logging_mixin.py:188} INFO - [2024-02-03T19:03:33.953+0000] {dag.py:3823} INFO - Setting next_dagrun for example_subdag_operator.section-2 to None, run_after=None
[2024-02-03T19:03:33.957+0000] {logging_mixin.py:188} INFO - [2024-02-03T19:03:33.957+0000] {dag.py:3036} INFO - Sync 2 DAGs
[2024-02-03T19:03:33.959+0000] {logging_mixin.py:188} INFO - [2024-02-03T19:03:33.959+0000] {dag.py:3823} INFO - Setting next_dagrun for example_subdag_operator.section-1 to None, run_after=None
[2024-02-03T19:03:33.960+0000] {logging_mixin.py:188} INFO - [2024-02-03T19:03:33.960+0000] {dag.py:3823} INFO - Setting next_dagrun for example_subdag_operator.section-2 to None, run_after=None
[2024-02-03T19:03:33.965+0000] {processor.py:183} INFO - Processing /home/airflow/.local/lib/python3.8/site-packages/airflow/example_dags/example_subdag_operator.py took 0.052 seconds
[2024-02-03T19:04:04.695+0000] {processor.py:161} INFO - Started process (PID=5176) to work on /home/airflow/.local/lib/python3.8/site-packages/airflow/example_dags/example_subdag_operator.py
[2024-02-03T19:04:04.696+0000] {processor.py:830} INFO - Processing file /home/airflow/.local/lib/python3.8/site-packages/airflow/example_dags/example_subdag_operator.py for tasks to queue
[2024-02-03T19:04:04.696+0000] {logging_mixin.py:188} INFO - [2024-02-03T19:04:04.696+0000] {dagbag.py:538} INFO - Filling up the DagBag from /home/airflow/.local/lib/python3.8/site-packages/airflow/example_dags/example_subdag_operator.py
[2024-02-03T19:04:04.710+0000] {processor.py:840} INFO - DAG(s) 'example_subdag_operator.section-1', 'example_subdag_operator.section-2', 'example_subdag_operator' retrieved from /home/airflow/.local/lib/python3.8/site-packages/airflow/example_dags/example_subdag_operator.py
[2024-02-03T19:04:04.718+0000] {logging_mixin.py:188} INFO - [2024-02-03T19:04:04.718+0000] {dag.py:3036} INFO - Sync 3 DAGs
[2024-02-03T19:04:04.730+0000] {logging_mixin.py:188} INFO - [2024-02-03T19:04:04.729+0000] {dag.py:3823} INFO - Setting next_dagrun for example_subdag_operator to 2022-01-01 00:00:00+00:00, run_after=2022-01-01 00:00:00+00:00
[2024-02-03T19:04:04.732+0000] {logging_mixin.py:188} INFO - [2024-02-03T19:04:04.731+0000] {dag.py:3823} INFO - Setting next_dagrun for example_subdag_operator.section-1 to None, run_after=None
[2024-02-03T19:04:04.732+0000] {logging_mixin.py:188} INFO - [2024-02-03T19:04:04.732+0000] {dag.py:3823} INFO - Setting next_dagrun for example_subdag_operator.section-2 to None, run_after=None
[2024-02-03T19:04:04.736+0000] {logging_mixin.py:188} INFO - [2024-02-03T19:04:04.736+0000] {dag.py:3036} INFO - Sync 2 DAGs
[2024-02-03T19:04:04.739+0000] {logging_mixin.py:188} INFO - [2024-02-03T19:04:04.739+0000] {dag.py:3823} INFO - Setting next_dagrun for example_subdag_operator.section-1 to None, run_after=None
[2024-02-03T19:04:04.739+0000] {logging_mixin.py:188} INFO - [2024-02-03T19:04:04.739+0000] {dag.py:3823} INFO - Setting next_dagrun for example_subdag_operator.section-2 to None, run_after=None
[2024-02-03T19:04:04.744+0000] {processor.py:183} INFO - Processing /home/airflow/.local/lib/python3.8/site-packages/airflow/example_dags/example_subdag_operator.py took 0.051 seconds
[2024-02-03T19:04:35.571+0000] {processor.py:161} INFO - Started process (PID=5423) to work on /home/airflow/.local/lib/python3.8/site-packages/airflow/example_dags/example_subdag_operator.py
[2024-02-03T19:04:35.572+0000] {processor.py:830} INFO - Processing file /home/airflow/.local/lib/python3.8/site-packages/airflow/example_dags/example_subdag_operator.py for tasks to queue
[2024-02-03T19:04:35.573+0000] {logging_mixin.py:188} INFO - [2024-02-03T19:04:35.572+0000] {dagbag.py:538} INFO - Filling up the DagBag from /home/airflow/.local/lib/python3.8/site-packages/airflow/example_dags/example_subdag_operator.py
[2024-02-03T19:04:35.585+0000] {processor.py:840} INFO - DAG(s) 'example_subdag_operator.section-1', 'example_subdag_operator.section-2', 'example_subdag_operator' retrieved from /home/airflow/.local/lib/python3.8/site-packages/airflow/example_dags/example_subdag_operator.py
[2024-02-03T19:04:35.595+0000] {logging_mixin.py:188} INFO - [2024-02-03T19:04:35.594+0000] {dag.py:3036} INFO - Sync 3 DAGs
[2024-02-03T19:04:35.608+0000] {logging_mixin.py:188} INFO - [2024-02-03T19:04:35.608+0000] {dag.py:3823} INFO - Setting next_dagrun for example_subdag_operator to 2022-01-01 00:00:00+00:00, run_after=2022-01-01 00:00:00+00:00
[2024-02-03T19:04:35.611+0000] {logging_mixin.py:188} INFO - [2024-02-03T19:04:35.610+0000] {dag.py:3823} INFO - Setting next_dagrun for example_subdag_operator.section-1 to None, run_after=None
[2024-02-03T19:04:35.611+0000] {logging_mixin.py:188} INFO - [2024-02-03T19:04:35.611+0000] {dag.py:3823} INFO - Setting next_dagrun for example_subdag_operator.section-2 to None, run_after=None
[2024-02-03T19:04:35.617+0000] {logging_mixin.py:188} INFO - [2024-02-03T19:04:35.616+0000] {dag.py:3036} INFO - Sync 2 DAGs
[2024-02-03T19:04:35.621+0000] {logging_mixin.py:188} INFO - [2024-02-03T19:04:35.621+0000] {dag.py:3823} INFO - Setting next_dagrun for example_subdag_operator.section-1 to None, run_after=None
[2024-02-03T19:04:35.622+0000] {logging_mixin.py:188} INFO - [2024-02-03T19:04:35.622+0000] {dag.py:3823} INFO - Setting next_dagrun for example_subdag_operator.section-2 to None, run_after=None
[2024-02-03T19:04:35.629+0000] {processor.py:183} INFO - Processing /home/airflow/.local/lib/python3.8/site-packages/airflow/example_dags/example_subdag_operator.py took 0.060 seconds
[2024-02-03T19:05:05.682+0000] {processor.py:161} INFO - Started process (PID=5672) to work on /home/airflow/.local/lib/python3.8/site-packages/airflow/example_dags/example_subdag_operator.py
[2024-02-03T19:05:05.682+0000] {processor.py:830} INFO - Processing file /home/airflow/.local/lib/python3.8/site-packages/airflow/example_dags/example_subdag_operator.py for tasks to queue
[2024-02-03T19:05:05.683+0000] {logging_mixin.py:188} INFO - [2024-02-03T19:05:05.683+0000] {dagbag.py:538} INFO - Filling up the DagBag from /home/airflow/.local/lib/python3.8/site-packages/airflow/example_dags/example_subdag_operator.py
[2024-02-03T19:05:05.697+0000] {processor.py:840} INFO - DAG(s) 'example_subdag_operator.section-1', 'example_subdag_operator.section-2', 'example_subdag_operator' retrieved from /home/airflow/.local/lib/python3.8/site-packages/airflow/example_dags/example_subdag_operator.py
[2024-02-03T19:05:05.705+0000] {logging_mixin.py:188} INFO - [2024-02-03T19:05:05.705+0000] {dag.py:3036} INFO - Sync 3 DAGs
[2024-02-03T19:05:05.715+0000] {logging_mixin.py:188} INFO - [2024-02-03T19:05:05.715+0000] {dag.py:3823} INFO - Setting next_dagrun for example_subdag_operator to 2022-01-01 00:00:00+00:00, run_after=2022-01-01 00:00:00+00:00
[2024-02-03T19:05:05.717+0000] {logging_mixin.py:188} INFO - [2024-02-03T19:05:05.717+0000] {dag.py:3823} INFO - Setting next_dagrun for example_subdag_operator.section-1 to None, run_after=None
[2024-02-03T19:05:05.718+0000] {logging_mixin.py:188} INFO - [2024-02-03T19:05:05.718+0000] {dag.py:3823} INFO - Setting next_dagrun for example_subdag_operator.section-2 to None, run_after=None
[2024-02-03T19:05:05.721+0000] {logging_mixin.py:188} INFO - [2024-02-03T19:05:05.721+0000] {dag.py:3036} INFO - Sync 2 DAGs
[2024-02-03T19:05:05.724+0000] {logging_mixin.py:188} INFO - [2024-02-03T19:05:05.724+0000] {dag.py:3823} INFO - Setting next_dagrun for example_subdag_operator.section-1 to None, run_after=None
[2024-02-03T19:05:05.725+0000] {logging_mixin.py:188} INFO - [2024-02-03T19:05:05.725+0000] {dag.py:3823} INFO - Setting next_dagrun for example_subdag_operator.section-2 to None, run_after=None
[2024-02-03T19:05:05.730+0000] {processor.py:183} INFO - Processing /home/airflow/.local/lib/python3.8/site-packages/airflow/example_dags/example_subdag_operator.py took 0.050 seconds
[2024-02-03T19:05:35.796+0000] {processor.py:161} INFO - Started process (PID=5918) to work on /home/airflow/.local/lib/python3.8/site-packages/airflow/example_dags/example_subdag_operator.py
[2024-02-03T19:05:35.797+0000] {processor.py:830} INFO - Processing file /home/airflow/.local/lib/python3.8/site-packages/airflow/example_dags/example_subdag_operator.py for tasks to queue
[2024-02-03T19:05:35.797+0000] {logging_mixin.py:188} INFO - [2024-02-03T19:05:35.797+0000] {dagbag.py:538} INFO - Filling up the DagBag from /home/airflow/.local/lib/python3.8/site-packages/airflow/example_dags/example_subdag_operator.py
[2024-02-03T19:05:35.814+0000] {processor.py:840} INFO - DAG(s) 'example_subdag_operator.section-1', 'example_subdag_operator.section-2', 'example_subdag_operator' retrieved from /home/airflow/.local/lib/python3.8/site-packages/airflow/example_dags/example_subdag_operator.py
[2024-02-03T19:05:35.817+0000] {logging_mixin.py:188} INFO - [2024-02-03T19:05:35.817+0000] {dag.py:3036} INFO - Sync 3 DAGs
[2024-02-03T19:05:35.837+0000] {logging_mixin.py:188} INFO - [2024-02-03T19:05:35.836+0000] {dag.py:3823} INFO - Setting next_dagrun for example_subdag_operator to 2022-01-01 00:00:00+00:00, run_after=2022-01-01 00:00:00+00:00
[2024-02-03T19:05:35.839+0000] {logging_mixin.py:188} INFO - [2024-02-03T19:05:35.839+0000] {dag.py:3823} INFO - Setting next_dagrun for example_subdag_operator.section-1 to None, run_after=None
[2024-02-03T19:05:35.840+0000] {logging_mixin.py:188} INFO - [2024-02-03T19:05:35.839+0000] {dag.py:3823} INFO - Setting next_dagrun for example_subdag_operator.section-2 to None, run_after=None
[2024-02-03T19:05:35.845+0000] {logging_mixin.py:188} INFO - [2024-02-03T19:05:35.845+0000] {dag.py:3036} INFO - Sync 2 DAGs
[2024-02-03T19:05:35.848+0000] {logging_mixin.py:188} INFO - [2024-02-03T19:05:35.848+0000] {dag.py:3823} INFO - Setting next_dagrun for example_subdag_operator.section-1 to None, run_after=None
[2024-02-03T19:05:35.848+0000] {logging_mixin.py:188} INFO - [2024-02-03T19:05:35.848+0000] {dag.py:3823} INFO - Setting next_dagrun for example_subdag_operator.section-2 to None, run_after=None
[2024-02-03T19:05:35.854+0000] {processor.py:183} INFO - Processing /home/airflow/.local/lib/python3.8/site-packages/airflow/example_dags/example_subdag_operator.py took 0.060 seconds
[2024-02-03T19:06:06.790+0000] {processor.py:161} INFO - Started process (PID=6163) to work on /home/airflow/.local/lib/python3.8/site-packages/airflow/example_dags/example_subdag_operator.py
[2024-02-03T19:06:06.791+0000] {processor.py:830} INFO - Processing file /home/airflow/.local/lib/python3.8/site-packages/airflow/example_dags/example_subdag_operator.py for tasks to queue
[2024-02-03T19:06:06.791+0000] {logging_mixin.py:188} INFO - [2024-02-03T19:06:06.791+0000] {dagbag.py:538} INFO - Filling up the DagBag from /home/airflow/.local/lib/python3.8/site-packages/airflow/example_dags/example_subdag_operator.py
[2024-02-03T19:06:06.805+0000] {processor.py:840} INFO - DAG(s) 'example_subdag_operator.section-1', 'example_subdag_operator.section-2', 'example_subdag_operator' retrieved from /home/airflow/.local/lib/python3.8/site-packages/airflow/example_dags/example_subdag_operator.py
[2024-02-03T19:06:06.852+0000] {logging_mixin.py:188} INFO - [2024-02-03T19:06:06.851+0000] {dag.py:3036} INFO - Sync 3 DAGs
[2024-02-03T19:06:06.861+0000] {logging_mixin.py:188} INFO - [2024-02-03T19:06:06.861+0000] {dag.py:3823} INFO - Setting next_dagrun for example_subdag_operator to 2022-01-01 00:00:00+00:00, run_after=2022-01-01 00:00:00+00:00
[2024-02-03T19:06:06.863+0000] {logging_mixin.py:188} INFO - [2024-02-03T19:06:06.863+0000] {dag.py:3823} INFO - Setting next_dagrun for example_subdag_operator.section-1 to None, run_after=None
[2024-02-03T19:06:06.863+0000] {logging_mixin.py:188} INFO - [2024-02-03T19:06:06.863+0000] {dag.py:3823} INFO - Setting next_dagrun for example_subdag_operator.section-2 to None, run_after=None
[2024-02-03T19:06:06.868+0000] {logging_mixin.py:188} INFO - [2024-02-03T19:06:06.868+0000] {dag.py:3036} INFO - Sync 2 DAGs
[2024-02-03T19:06:06.870+0000] {logging_mixin.py:188} INFO - [2024-02-03T19:06:06.870+0000] {dag.py:3823} INFO - Setting next_dagrun for example_subdag_operator.section-1 to None, run_after=None
[2024-02-03T19:06:06.871+0000] {logging_mixin.py:188} INFO - [2024-02-03T19:06:06.871+0000] {dag.py:3823} INFO - Setting next_dagrun for example_subdag_operator.section-2 to None, run_after=None
[2024-02-03T19:06:06.876+0000] {processor.py:183} INFO - Processing /home/airflow/.local/lib/python3.8/site-packages/airflow/example_dags/example_subdag_operator.py took 0.087 seconds
[2024-02-03T19:06:37.055+0000] {processor.py:161} INFO - Started process (PID=6410) to work on /home/airflow/.local/lib/python3.8/site-packages/airflow/example_dags/example_subdag_operator.py
[2024-02-03T19:06:37.056+0000] {processor.py:830} INFO - Processing file /home/airflow/.local/lib/python3.8/site-packages/airflow/example_dags/example_subdag_operator.py for tasks to queue
[2024-02-03T19:06:37.056+0000] {logging_mixin.py:188} INFO - [2024-02-03T19:06:37.056+0000] {dagbag.py:538} INFO - Filling up the DagBag from /home/airflow/.local/lib/python3.8/site-packages/airflow/example_dags/example_subdag_operator.py
[2024-02-03T19:06:37.069+0000] {processor.py:840} INFO - DAG(s) 'example_subdag_operator.section-1', 'example_subdag_operator.section-2', 'example_subdag_operator' retrieved from /home/airflow/.local/lib/python3.8/site-packages/airflow/example_dags/example_subdag_operator.py
[2024-02-03T19:06:37.078+0000] {logging_mixin.py:188} INFO - [2024-02-03T19:06:37.078+0000] {dag.py:3036} INFO - Sync 3 DAGs
[2024-02-03T19:06:37.089+0000] {logging_mixin.py:188} INFO - [2024-02-03T19:06:37.088+0000] {dag.py:3823} INFO - Setting next_dagrun for example_subdag_operator to 2022-01-01 00:00:00+00:00, run_after=2022-01-01 00:00:00+00:00
[2024-02-03T19:06:37.090+0000] {logging_mixin.py:188} INFO - [2024-02-03T19:06:37.090+0000] {dag.py:3823} INFO - Setting next_dagrun for example_subdag_operator.section-1 to None, run_after=None
[2024-02-03T19:06:37.091+0000] {logging_mixin.py:188} INFO - [2024-02-03T19:06:37.091+0000] {dag.py:3823} INFO - Setting next_dagrun for example_subdag_operator.section-2 to None, run_after=None
[2024-02-03T19:06:37.095+0000] {logging_mixin.py:188} INFO - [2024-02-03T19:06:37.094+0000] {dag.py:3036} INFO - Sync 2 DAGs
[2024-02-03T19:06:37.097+0000] {logging_mixin.py:188} INFO - [2024-02-03T19:06:37.097+0000] {dag.py:3823} INFO - Setting next_dagrun for example_subdag_operator.section-1 to None, run_after=None
[2024-02-03T19:06:37.098+0000] {logging_mixin.py:188} INFO - [2024-02-03T19:06:37.098+0000] {dag.py:3823} INFO - Setting next_dagrun for example_subdag_operator.section-2 to None, run_after=None
[2024-02-03T19:06:37.103+0000] {processor.py:183} INFO - Processing /home/airflow/.local/lib/python3.8/site-packages/airflow/example_dags/example_subdag_operator.py took 0.050 seconds
[2024-02-03T19:07:07.169+0000] {processor.py:161} INFO - Started process (PID=6657) to work on /home/airflow/.local/lib/python3.8/site-packages/airflow/example_dags/example_subdag_operator.py
[2024-02-03T19:07:07.169+0000] {processor.py:830} INFO - Processing file /home/airflow/.local/lib/python3.8/site-packages/airflow/example_dags/example_subdag_operator.py for tasks to queue
[2024-02-03T19:07:07.170+0000] {logging_mixin.py:188} INFO - [2024-02-03T19:07:07.170+0000] {dagbag.py:538} INFO - Filling up the DagBag from /home/airflow/.local/lib/python3.8/site-packages/airflow/example_dags/example_subdag_operator.py
[2024-02-03T19:07:07.184+0000] {processor.py:840} INFO - DAG(s) 'example_subdag_operator.section-1', 'example_subdag_operator.section-2', 'example_subdag_operator' retrieved from /home/airflow/.local/lib/python3.8/site-packages/airflow/example_dags/example_subdag_operator.py
[2024-02-03T19:07:07.193+0000] {logging_mixin.py:188} INFO - [2024-02-03T19:07:07.193+0000] {dag.py:3036} INFO - Sync 3 DAGs
[2024-02-03T19:07:07.205+0000] {logging_mixin.py:188} INFO - [2024-02-03T19:07:07.204+0000] {dag.py:3823} INFO - Setting next_dagrun for example_subdag_operator to 2022-01-01 00:00:00+00:00, run_after=2022-01-01 00:00:00+00:00
[2024-02-03T19:07:07.207+0000] {logging_mixin.py:188} INFO - [2024-02-03T19:07:07.207+0000] {dag.py:3823} INFO - Setting next_dagrun for example_subdag_operator.section-1 to None, run_after=None
[2024-02-03T19:07:07.208+0000] {logging_mixin.py:188} INFO - [2024-02-03T19:07:07.208+0000] {dag.py:3823} INFO - Setting next_dagrun for example_subdag_operator.section-2 to None, run_after=None
[2024-02-03T19:07:07.212+0000] {logging_mixin.py:188} INFO - [2024-02-03T19:07:07.212+0000] {dag.py:3036} INFO - Sync 2 DAGs
[2024-02-03T19:07:07.215+0000] {logging_mixin.py:188} INFO - [2024-02-03T19:07:07.214+0000] {dag.py:3823} INFO - Setting next_dagrun for example_subdag_operator.section-1 to None, run_after=None
[2024-02-03T19:07:07.215+0000] {logging_mixin.py:188} INFO - [2024-02-03T19:07:07.215+0000] {dag.py:3823} INFO - Setting next_dagrun for example_subdag_operator.section-2 to None, run_after=None
[2024-02-03T19:07:07.220+0000] {processor.py:183} INFO - Processing /home/airflow/.local/lib/python3.8/site-packages/airflow/example_dags/example_subdag_operator.py took 0.053 seconds
[2024-02-03T19:07:37.282+0000] {processor.py:161} INFO - Started process (PID=6904) to work on /home/airflow/.local/lib/python3.8/site-packages/airflow/example_dags/example_subdag_operator.py
[2024-02-03T19:07:37.283+0000] {processor.py:830} INFO - Processing file /home/airflow/.local/lib/python3.8/site-packages/airflow/example_dags/example_subdag_operator.py for tasks to queue
[2024-02-03T19:07:37.283+0000] {logging_mixin.py:188} INFO - [2024-02-03T19:07:37.283+0000] {dagbag.py:538} INFO - Filling up the DagBag from /home/airflow/.local/lib/python3.8/site-packages/airflow/example_dags/example_subdag_operator.py
[2024-02-03T19:07:37.297+0000] {processor.py:840} INFO - DAG(s) 'example_subdag_operator.section-1', 'example_subdag_operator.section-2', 'example_subdag_operator' retrieved from /home/airflow/.local/lib/python3.8/site-packages/airflow/example_dags/example_subdag_operator.py
[2024-02-03T19:07:37.305+0000] {logging_mixin.py:188} INFO - [2024-02-03T19:07:37.305+0000] {dag.py:3036} INFO - Sync 3 DAGs
[2024-02-03T19:07:37.316+0000] {logging_mixin.py:188} INFO - [2024-02-03T19:07:37.316+0000] {dag.py:3823} INFO - Setting next_dagrun for example_subdag_operator to 2022-01-01 00:00:00+00:00, run_after=2022-01-01 00:00:00+00:00
[2024-02-03T19:07:37.318+0000] {logging_mixin.py:188} INFO - [2024-02-03T19:07:37.318+0000] {dag.py:3823} INFO - Setting next_dagrun for example_subdag_operator.section-1 to None, run_after=None
[2024-02-03T19:07:37.319+0000] {logging_mixin.py:188} INFO - [2024-02-03T19:07:37.318+0000] {dag.py:3823} INFO - Setting next_dagrun for example_subdag_operator.section-2 to None, run_after=None
[2024-02-03T19:07:37.322+0000] {logging_mixin.py:188} INFO - [2024-02-03T19:07:37.322+0000] {dag.py:3036} INFO - Sync 2 DAGs
[2024-02-03T19:07:37.325+0000] {logging_mixin.py:188} INFO - [2024-02-03T19:07:37.325+0000] {dag.py:3823} INFO - Setting next_dagrun for example_subdag_operator.section-1 to None, run_after=None
[2024-02-03T19:07:37.325+0000] {logging_mixin.py:188} INFO - [2024-02-03T19:07:37.325+0000] {dag.py:3823} INFO - Setting next_dagrun for example_subdag_operator.section-2 to None, run_after=None
[2024-02-03T19:07:37.330+0000] {processor.py:183} INFO - Processing /home/airflow/.local/lib/python3.8/site-packages/airflow/example_dags/example_subdag_operator.py took 0.050 seconds
[2024-02-03T19:08:07.504+0000] {processor.py:161} INFO - Started process (PID=7151) to work on /home/airflow/.local/lib/python3.8/site-packages/airflow/example_dags/example_subdag_operator.py
[2024-02-03T19:08:07.505+0000] {processor.py:830} INFO - Processing file /home/airflow/.local/lib/python3.8/site-packages/airflow/example_dags/example_subdag_operator.py for tasks to queue
[2024-02-03T19:08:07.506+0000] {logging_mixin.py:188} INFO - [2024-02-03T19:08:07.506+0000] {dagbag.py:538} INFO - Filling up the DagBag from /home/airflow/.local/lib/python3.8/site-packages/airflow/example_dags/example_subdag_operator.py
[2024-02-03T19:08:07.523+0000] {processor.py:840} INFO - DAG(s) 'example_subdag_operator.section-1', 'example_subdag_operator.section-2', 'example_subdag_operator' retrieved from /home/airflow/.local/lib/python3.8/site-packages/airflow/example_dags/example_subdag_operator.py
[2024-02-03T19:08:07.533+0000] {logging_mixin.py:188} INFO - [2024-02-03T19:08:07.533+0000] {dag.py:3036} INFO - Sync 3 DAGs
[2024-02-03T19:08:07.546+0000] {logging_mixin.py:188} INFO - [2024-02-03T19:08:07.546+0000] {dag.py:3823} INFO - Setting next_dagrun for example_subdag_operator to 2022-01-01 00:00:00+00:00, run_after=2022-01-01 00:00:00+00:00
[2024-02-03T19:08:07.549+0000] {logging_mixin.py:188} INFO - [2024-02-03T19:08:07.549+0000] {dag.py:3823} INFO - Setting next_dagrun for example_subdag_operator.section-1 to None, run_after=None
[2024-02-03T19:08:07.550+0000] {logging_mixin.py:188} INFO - [2024-02-03T19:08:07.550+0000] {dag.py:3823} INFO - Setting next_dagrun for example_subdag_operator.section-2 to None, run_after=None
[2024-02-03T19:08:07.553+0000] {logging_mixin.py:188} INFO - [2024-02-03T19:08:07.553+0000] {dag.py:3036} INFO - Sync 2 DAGs
[2024-02-03T19:08:07.557+0000] {logging_mixin.py:188} INFO - [2024-02-03T19:08:07.557+0000] {dag.py:3823} INFO - Setting next_dagrun for example_subdag_operator.section-1 to None, run_after=None
[2024-02-03T19:08:07.558+0000] {logging_mixin.py:188} INFO - [2024-02-03T19:08:07.558+0000] {dag.py:3823} INFO - Setting next_dagrun for example_subdag_operator.section-2 to None, run_after=None
[2024-02-03T19:08:07.564+0000] {processor.py:183} INFO - Processing /home/airflow/.local/lib/python3.8/site-packages/airflow/example_dags/example_subdag_operator.py took 0.063 seconds
[2024-02-03T19:08:37.650+0000] {processor.py:161} INFO - Started process (PID=7398) to work on /home/airflow/.local/lib/python3.8/site-packages/airflow/example_dags/example_subdag_operator.py
[2024-02-03T19:08:37.651+0000] {processor.py:830} INFO - Processing file /home/airflow/.local/lib/python3.8/site-packages/airflow/example_dags/example_subdag_operator.py for tasks to queue
[2024-02-03T19:08:37.652+0000] {logging_mixin.py:188} INFO - [2024-02-03T19:08:37.651+0000] {dagbag.py:538} INFO - Filling up the DagBag from /home/airflow/.local/lib/python3.8/site-packages/airflow/example_dags/example_subdag_operator.py
[2024-02-03T19:08:37.667+0000] {processor.py:840} INFO - DAG(s) 'example_subdag_operator.section-1', 'example_subdag_operator.section-2', 'example_subdag_operator' retrieved from /home/airflow/.local/lib/python3.8/site-packages/airflow/example_dags/example_subdag_operator.py
[2024-02-03T19:08:37.676+0000] {logging_mixin.py:188} INFO - [2024-02-03T19:08:37.676+0000] {dag.py:3036} INFO - Sync 3 DAGs
[2024-02-03T19:08:37.688+0000] {logging_mixin.py:188} INFO - [2024-02-03T19:08:37.688+0000] {dag.py:3823} INFO - Setting next_dagrun for example_subdag_operator to 2022-01-01 00:00:00+00:00, run_after=2022-01-01 00:00:00+00:00
[2024-02-03T19:08:37.691+0000] {logging_mixin.py:188} INFO - [2024-02-03T19:08:37.691+0000] {dag.py:3823} INFO - Setting next_dagrun for example_subdag_operator.section-1 to None, run_after=None
[2024-02-03T19:08:37.692+0000] {logging_mixin.py:188} INFO - [2024-02-03T19:08:37.692+0000] {dag.py:3823} INFO - Setting next_dagrun for example_subdag_operator.section-2 to None, run_after=None
[2024-02-03T19:08:37.697+0000] {logging_mixin.py:188} INFO - [2024-02-03T19:08:37.697+0000] {dag.py:3036} INFO - Sync 2 DAGs
[2024-02-03T19:08:37.700+0000] {logging_mixin.py:188} INFO - [2024-02-03T19:08:37.700+0000] {dag.py:3823} INFO - Setting next_dagrun for example_subdag_operator.section-1 to None, run_after=None
[2024-02-03T19:08:37.700+0000] {logging_mixin.py:188} INFO - [2024-02-03T19:08:37.700+0000] {dag.py:3823} INFO - Setting next_dagrun for example_subdag_operator.section-2 to None, run_after=None
[2024-02-03T19:08:37.707+0000] {processor.py:183} INFO - Processing /home/airflow/.local/lib/python3.8/site-packages/airflow/example_dags/example_subdag_operator.py took 0.059 seconds
[2024-02-03T19:09:08.680+0000] {processor.py:161} INFO - Started process (PID=7645) to work on /home/airflow/.local/lib/python3.8/site-packages/airflow/example_dags/example_subdag_operator.py
[2024-02-03T19:09:08.681+0000] {processor.py:830} INFO - Processing file /home/airflow/.local/lib/python3.8/site-packages/airflow/example_dags/example_subdag_operator.py for tasks to queue
[2024-02-03T19:09:08.682+0000] {logging_mixin.py:188} INFO - [2024-02-03T19:09:08.682+0000] {dagbag.py:538} INFO - Filling up the DagBag from /home/airflow/.local/lib/python3.8/site-packages/airflow/example_dags/example_subdag_operator.py
[2024-02-03T19:09:08.702+0000] {processor.py:840} INFO - DAG(s) 'example_subdag_operator.section-1', 'example_subdag_operator.section-2', 'example_subdag_operator' retrieved from /home/airflow/.local/lib/python3.8/site-packages/airflow/example_dags/example_subdag_operator.py
[2024-02-03T19:09:08.712+0000] {logging_mixin.py:188} INFO - [2024-02-03T19:09:08.712+0000] {dag.py:3036} INFO - Sync 3 DAGs
[2024-02-03T19:09:08.724+0000] {logging_mixin.py:188} INFO - [2024-02-03T19:09:08.724+0000] {dag.py:3823} INFO - Setting next_dagrun for example_subdag_operator to 2022-01-01 00:00:00+00:00, run_after=2022-01-01 00:00:00+00:00
[2024-02-03T19:09:08.726+0000] {logging_mixin.py:188} INFO - [2024-02-03T19:09:08.726+0000] {dag.py:3823} INFO - Setting next_dagrun for example_subdag_operator.section-1 to None, run_after=None
[2024-02-03T19:09:08.727+0000] {logging_mixin.py:188} INFO - [2024-02-03T19:09:08.727+0000] {dag.py:3823} INFO - Setting next_dagrun for example_subdag_operator.section-2 to None, run_after=None
[2024-02-03T19:09:08.731+0000] {logging_mixin.py:188} INFO - [2024-02-03T19:09:08.730+0000] {dag.py:3036} INFO - Sync 2 DAGs
[2024-02-03T19:09:08.734+0000] {logging_mixin.py:188} INFO - [2024-02-03T19:09:08.734+0000] {dag.py:3823} INFO - Setting next_dagrun for example_subdag_operator.section-1 to None, run_after=None
[2024-02-03T19:09:08.734+0000] {logging_mixin.py:188} INFO - [2024-02-03T19:09:08.734+0000] {dag.py:3823} INFO - Setting next_dagrun for example_subdag_operator.section-2 to None, run_after=None
[2024-02-03T19:09:08.741+0000] {processor.py:183} INFO - Processing /home/airflow/.local/lib/python3.8/site-packages/airflow/example_dags/example_subdag_operator.py took 0.065 seconds
[2024-02-03T19:09:39.472+0000] {processor.py:161} INFO - Started process (PID=7892) to work on /home/airflow/.local/lib/python3.8/site-packages/airflow/example_dags/example_subdag_operator.py
[2024-02-03T19:09:39.474+0000] {processor.py:830} INFO - Processing file /home/airflow/.local/lib/python3.8/site-packages/airflow/example_dags/example_subdag_operator.py for tasks to queue
[2024-02-03T19:09:39.476+0000] {logging_mixin.py:188} INFO - [2024-02-03T19:09:39.476+0000] {dagbag.py:538} INFO - Filling up the DagBag from /home/airflow/.local/lib/python3.8/site-packages/airflow/example_dags/example_subdag_operator.py
[2024-02-03T19:09:39.500+0000] {processor.py:840} INFO - DAG(s) 'example_subdag_operator.section-1', 'example_subdag_operator.section-2', 'example_subdag_operator' retrieved from /home/airflow/.local/lib/python3.8/site-packages/airflow/example_dags/example_subdag_operator.py
[2024-02-03T19:09:39.510+0000] {logging_mixin.py:188} INFO - [2024-02-03T19:09:39.510+0000] {dag.py:3036} INFO - Sync 3 DAGs
[2024-02-03T19:09:39.523+0000] {logging_mixin.py:188} INFO - [2024-02-03T19:09:39.523+0000] {dag.py:3823} INFO - Setting next_dagrun for example_subdag_operator to 2022-01-01 00:00:00+00:00, run_after=2022-01-01 00:00:00+00:00
[2024-02-03T19:09:39.526+0000] {logging_mixin.py:188} INFO - [2024-02-03T19:09:39.525+0000] {dag.py:3823} INFO - Setting next_dagrun for example_subdag_operator.section-1 to None, run_after=None
[2024-02-03T19:09:39.526+0000] {logging_mixin.py:188} INFO - [2024-02-03T19:09:39.526+0000] {dag.py:3823} INFO - Setting next_dagrun for example_subdag_operator.section-2 to None, run_after=None
[2024-02-03T19:09:39.531+0000] {logging_mixin.py:188} INFO - [2024-02-03T19:09:39.531+0000] {dag.py:3036} INFO - Sync 2 DAGs
[2024-02-03T19:09:39.535+0000] {logging_mixin.py:188} INFO - [2024-02-03T19:09:39.535+0000] {dag.py:3823} INFO - Setting next_dagrun for example_subdag_operator.section-1 to None, run_after=None
[2024-02-03T19:09:39.535+0000] {logging_mixin.py:188} INFO - [2024-02-03T19:09:39.535+0000] {dag.py:3823} INFO - Setting next_dagrun for example_subdag_operator.section-2 to None, run_after=None
[2024-02-03T19:09:39.543+0000] {processor.py:183} INFO - Processing /home/airflow/.local/lib/python3.8/site-packages/airflow/example_dags/example_subdag_operator.py took 0.076 seconds
[2024-02-03T19:10:09.720+0000] {processor.py:161} INFO - Started process (PID=8139) to work on /home/airflow/.local/lib/python3.8/site-packages/airflow/example_dags/example_subdag_operator.py
[2024-02-03T19:10:09.721+0000] {processor.py:830} INFO - Processing file /home/airflow/.local/lib/python3.8/site-packages/airflow/example_dags/example_subdag_operator.py for tasks to queue
[2024-02-03T19:10:09.721+0000] {logging_mixin.py:188} INFO - [2024-02-03T19:10:09.721+0000] {dagbag.py:538} INFO - Filling up the DagBag from /home/airflow/.local/lib/python3.8/site-packages/airflow/example_dags/example_subdag_operator.py
[2024-02-03T19:10:09.737+0000] {processor.py:840} INFO - DAG(s) 'example_subdag_operator.section-1', 'example_subdag_operator.section-2', 'example_subdag_operator' retrieved from /home/airflow/.local/lib/python3.8/site-packages/airflow/example_dags/example_subdag_operator.py
[2024-02-03T19:10:09.745+0000] {logging_mixin.py:188} INFO - [2024-02-03T19:10:09.745+0000] {dag.py:3036} INFO - Sync 3 DAGs
[2024-02-03T19:10:09.756+0000] {logging_mixin.py:188} INFO - [2024-02-03T19:10:09.756+0000] {dag.py:3823} INFO - Setting next_dagrun for example_subdag_operator to 2022-01-01 00:00:00+00:00, run_after=2022-01-01 00:00:00+00:00
[2024-02-03T19:10:09.758+0000] {logging_mixin.py:188} INFO - [2024-02-03T19:10:09.758+0000] {dag.py:3823} INFO - Setting next_dagrun for example_subdag_operator.section-1 to None, run_after=None
[2024-02-03T19:10:09.759+0000] {logging_mixin.py:188} INFO - [2024-02-03T19:10:09.759+0000] {dag.py:3823} INFO - Setting next_dagrun for example_subdag_operator.section-2 to None, run_after=None
[2024-02-03T19:10:09.764+0000] {logging_mixin.py:188} INFO - [2024-02-03T19:10:09.764+0000] {dag.py:3036} INFO - Sync 2 DAGs
[2024-02-03T19:10:09.769+0000] {logging_mixin.py:188} INFO - [2024-02-03T19:10:09.769+0000] {dag.py:3823} INFO - Setting next_dagrun for example_subdag_operator.section-1 to None, run_after=None
[2024-02-03T19:10:09.769+0000] {logging_mixin.py:188} INFO - [2024-02-03T19:10:09.769+0000] {dag.py:3823} INFO - Setting next_dagrun for example_subdag_operator.section-2 to None, run_after=None
[2024-02-03T19:10:09.781+0000] {processor.py:183} INFO - Processing /home/airflow/.local/lib/python3.8/site-packages/airflow/example_dags/example_subdag_operator.py took 0.063 seconds
