[2024-10-21T12:34:17.029+0000] {taskinstance.py:1956} INFO - Dependencies all met for dep_context=non-requeueable deps ti=<TaskInstance: cdc_to_minio.run_transfer_to_minio manual__2024-10-21T12:34:01.600334+00:00 [queued]>
[2024-10-21T12:34:17.035+0000] {taskinstance.py:1956} INFO - Dependencies all met for dep_context=requeueable deps ti=<TaskInstance: cdc_to_minio.run_transfer_to_minio manual__2024-10-21T12:34:01.600334+00:00 [queued]>
[2024-10-21T12:34:17.035+0000] {taskinstance.py:2170} INFO - Starting attempt 1 of 2
[2024-10-21T12:34:17.042+0000] {taskinstance.py:2191} INFO - Executing <Task(BashOperator): run_transfer_to_minio> on 2024-10-21 12:34:01.600334+00:00
[2024-10-21T12:34:17.044+0000] {standard_task_runner.py:60} INFO - Started process 1933 to run task
[2024-10-21T12:34:17.047+0000] {standard_task_runner.py:87} INFO - Running: ['***', 'tasks', 'run', 'cdc_to_minio', 'run_transfer_to_minio', 'manual__2024-10-21T12:34:01.600334+00:00', '--job-id', '272', '--raw', '--subdir', 'DAGS_FOLDER/pipeline_cdc_to_minio.py', '--cfg-path', '/tmp/tmp01ev_ruo']
[2024-10-21T12:34:17.049+0000] {standard_task_runner.py:88} INFO - Job 272: Subtask run_transfer_to_minio
[2024-10-21T12:34:17.075+0000] {task_command.py:423} INFO - Running <TaskInstance: cdc_to_minio.run_transfer_to_minio manual__2024-10-21T12:34:01.600334+00:00 [running]> on host 8af17f286df9
[2024-10-21T12:34:17.122+0000] {taskinstance.py:2480} INFO - Exporting env vars: AIRFLOW_CTX_DAG_OWNER='***' AIRFLOW_CTX_DAG_ID='cdc_to_minio' AIRFLOW_CTX_TASK_ID='run_transfer_to_minio' AIRFLOW_CTX_EXECUTION_DATE='2024-10-21T12:34:01.600334+00:00' AIRFLOW_CTX_TRY_NUMBER='1' AIRFLOW_CTX_DAG_RUN_ID='manual__2024-10-21T12:34:01.600334+00:00'
[2024-10-21T12:34:17.124+0000] {subprocess.py:63} INFO - Tmp dir root location: /tmp
[2024-10-21T12:34:17.124+0000] {subprocess.py:75} INFO - Running command: ['/usr/bin/bash', '-c', 'python3 /opt/***/src/other_services/transfer_to_minio.py']
[2024-10-21T12:34:17.130+0000] {subprocess.py:86} INFO - Output:
[2024-10-21T12:34:17.450+0000] {subprocess.py:93} INFO - Connected to Redis
[2024-10-21T12:34:17.450+0000] {subprocess.py:93} INFO - Connected to Minio
[2024-10-21T12:34:17.450+0000] {subprocess.py:93} INFO - Successfully uploaded cdc:sales:CNBN12RL.json to MinIO
[2024-10-21T12:34:17.450+0000] {subprocess.py:93} INFO - Deleted key cdc:sales:CNBN12RL from Redis
[2024-10-21T12:34:17.450+0000] {subprocess.py:93} INFO - Successfully uploaded cdc:sales:EAZDUUM9.json to MinIO
[2024-10-21T12:34:17.451+0000] {subprocess.py:93} INFO - Deleted key cdc:sales:EAZDUUM9 from Redis
[2024-10-21T12:34:17.465+0000] {subprocess.py:97} INFO - Command exited with return code 0
[2024-10-21T12:34:17.483+0000] {taskinstance.py:1138} INFO - Marking task as SUCCESS. dag_id=cdc_to_minio, task_id=run_transfer_to_minio, execution_date=20241021T123401, start_date=20241021T123417, end_date=20241021T123417
[2024-10-21T12:34:17.511+0000] {local_task_job_runner.py:234} INFO - Task exited with return code 0
[2024-10-21T12:34:17.521+0000] {taskinstance.py:3280} INFO - 0 downstream tasks scheduled from follow-on schedule check
