[2024-09-05T04:32:19.620+0000] {processor.py:161} INFO - Started process (PID=316) to work on /home/airflow/.local/lib/python3.8/site-packages/airflow/example_dags/example_python_operator.py
[2024-09-05T04:32:19.621+0000] {processor.py:830} INFO - Processing file /home/airflow/.local/lib/python3.8/site-packages/airflow/example_dags/example_python_operator.py for tasks to queue
[2024-09-05T04:32:19.621+0000] {logging_mixin.py:188} INFO - [2024-09-05T04:32:19.621+0000] {dagbag.py:538} INFO - Filling up the DagBag from /home/airflow/.local/lib/python3.8/site-packages/airflow/example_dags/example_python_operator.py
[2024-09-05T04:32:19.629+0000] {processor.py:840} INFO - DAG(s) 'example_python_operator' retrieved from /home/airflow/.local/lib/python3.8/site-packages/airflow/example_dags/example_python_operator.py
[2024-09-05T04:32:19.637+0000] {logging_mixin.py:188} INFO - [2024-09-05T04:32:19.637+0000] {dag.py:3036} INFO - Sync 1 DAGs
[2024-09-05T04:32:19.647+0000] {logging_mixin.py:188} INFO - [2024-09-05T04:32:19.647+0000] {dag.py:3823} INFO - Setting next_dagrun for example_python_operator to None, run_after=None
[2024-09-05T04:32:19.659+0000] {processor.py:183} INFO - Processing /home/airflow/.local/lib/python3.8/site-packages/airflow/example_dags/example_python_operator.py took 0.042 seconds
[2024-09-05T04:32:50.403+0000] {processor.py:161} INFO - Started process (PID=563) to work on /home/airflow/.local/lib/python3.8/site-packages/airflow/example_dags/example_python_operator.py
[2024-09-05T04:32:50.404+0000] {processor.py:830} INFO - Processing file /home/airflow/.local/lib/python3.8/site-packages/airflow/example_dags/example_python_operator.py for tasks to queue
[2024-09-05T04:32:50.404+0000] {logging_mixin.py:188} INFO - [2024-09-05T04:32:50.404+0000] {dagbag.py:538} INFO - Filling up the DagBag from /home/airflow/.local/lib/python3.8/site-packages/airflow/example_dags/example_python_operator.py
[2024-09-05T04:32:50.411+0000] {processor.py:840} INFO - DAG(s) 'example_python_operator' retrieved from /home/airflow/.local/lib/python3.8/site-packages/airflow/example_dags/example_python_operator.py
[2024-09-05T04:32:50.462+0000] {logging_mixin.py:188} INFO - [2024-09-05T04:32:50.462+0000] {dag.py:3036} INFO - Sync 1 DAGs
[2024-09-05T04:32:50.468+0000] {logging_mixin.py:188} INFO - [2024-09-05T04:32:50.468+0000] {dag.py:3823} INFO - Setting next_dagrun for example_python_operator to None, run_after=None
[2024-09-05T04:32:50.478+0000] {processor.py:183} INFO - Processing /home/airflow/.local/lib/python3.8/site-packages/airflow/example_dags/example_python_operator.py took 0.076 seconds
[2024-09-05T06:32:55.900+0000] {processor.py:161} INFO - Started process (PID=316) to work on /home/airflow/.local/lib/python3.8/site-packages/airflow/example_dags/example_python_operator.py
[2024-09-05T06:32:55.901+0000] {processor.py:830} INFO - Processing file /home/airflow/.local/lib/python3.8/site-packages/airflow/example_dags/example_python_operator.py for tasks to queue
[2024-09-05T06:32:55.901+0000] {logging_mixin.py:188} INFO - [2024-09-05T06:32:55.901+0000] {dagbag.py:538} INFO - Filling up the DagBag from /home/airflow/.local/lib/python3.8/site-packages/airflow/example_dags/example_python_operator.py
[2024-09-05T06:32:55.910+0000] {processor.py:840} INFO - DAG(s) 'example_python_operator' retrieved from /home/airflow/.local/lib/python3.8/site-packages/airflow/example_dags/example_python_operator.py
[2024-09-05T06:32:55.965+0000] {logging_mixin.py:188} INFO - [2024-09-05T06:32:55.965+0000] {dag.py:3036} INFO - Sync 1 DAGs
[2024-09-05T06:32:55.971+0000] {logging_mixin.py:188} INFO - [2024-09-05T06:32:55.971+0000] {dag.py:3823} INFO - Setting next_dagrun for example_python_operator to None, run_after=None
[2024-09-05T06:32:55.983+0000] {processor.py:183} INFO - Processing /home/airflow/.local/lib/python3.8/site-packages/airflow/example_dags/example_python_operator.py took 0.086 seconds
[2024-09-05T07:46:51.971+0000] {processor.py:161} INFO - Started process (PID=316) to work on /home/airflow/.local/lib/python3.8/site-packages/airflow/example_dags/example_python_operator.py
[2024-09-05T07:46:51.972+0000] {processor.py:830} INFO - Processing file /home/airflow/.local/lib/python3.8/site-packages/airflow/example_dags/example_python_operator.py for tasks to queue
[2024-09-05T07:46:51.972+0000] {logging_mixin.py:188} INFO - [2024-09-05T07:46:51.972+0000] {dagbag.py:538} INFO - Filling up the DagBag from /home/airflow/.local/lib/python3.8/site-packages/airflow/example_dags/example_python_operator.py
[2024-09-05T07:46:51.982+0000] {processor.py:840} INFO - DAG(s) 'example_python_operator' retrieved from /home/airflow/.local/lib/python3.8/site-packages/airflow/example_dags/example_python_operator.py
[2024-09-05T07:46:52.045+0000] {logging_mixin.py:188} INFO - [2024-09-05T07:46:52.045+0000] {dag.py:3036} INFO - Sync 1 DAGs
[2024-09-05T07:46:52.052+0000] {logging_mixin.py:188} INFO - [2024-09-05T07:46:52.051+0000] {dag.py:3823} INFO - Setting next_dagrun for example_python_operator to None, run_after=None
[2024-09-05T07:46:52.065+0000] {processor.py:183} INFO - Processing /home/airflow/.local/lib/python3.8/site-packages/airflow/example_dags/example_python_operator.py took 0.097 seconds
[2024-09-05T10:21:50.667+0000] {processor.py:161} INFO - Started process (PID=315) to work on /home/airflow/.local/lib/python3.8/site-packages/airflow/example_dags/example_python_operator.py
[2024-09-05T10:21:50.668+0000] {processor.py:830} INFO - Processing file /home/airflow/.local/lib/python3.8/site-packages/airflow/example_dags/example_python_operator.py for tasks to queue
[2024-09-05T10:21:50.669+0000] {logging_mixin.py:188} INFO - [2024-09-05T10:21:50.669+0000] {dagbag.py:538} INFO - Filling up the DagBag from /home/airflow/.local/lib/python3.8/site-packages/airflow/example_dags/example_python_operator.py
[2024-09-05T10:21:50.676+0000] {processor.py:840} INFO - DAG(s) 'example_python_operator' retrieved from /home/airflow/.local/lib/python3.8/site-packages/airflow/example_dags/example_python_operator.py
[2024-09-05T10:21:50.684+0000] {logging_mixin.py:188} INFO - [2024-09-05T10:21:50.684+0000] {dag.py:3036} INFO - Sync 1 DAGs
[2024-09-05T10:21:50.693+0000] {logging_mixin.py:188} INFO - [2024-09-05T10:21:50.693+0000] {dag.py:3823} INFO - Setting next_dagrun for example_python_operator to None, run_after=None
[2024-09-05T10:21:50.704+0000] {processor.py:183} INFO - Processing /home/airflow/.local/lib/python3.8/site-packages/airflow/example_dags/example_python_operator.py took 0.039 seconds
[2024-09-05T10:22:23.764+0000] {processor.py:161} INFO - Started process (PID=562) to work on /home/airflow/.local/lib/python3.8/site-packages/airflow/example_dags/example_python_operator.py
[2024-09-05T10:22:23.765+0000] {processor.py:830} INFO - Processing file /home/airflow/.local/lib/python3.8/site-packages/airflow/example_dags/example_python_operator.py for tasks to queue
[2024-09-05T10:22:23.765+0000] {logging_mixin.py:188} INFO - [2024-09-05T10:22:23.765+0000] {dagbag.py:538} INFO - Filling up the DagBag from /home/airflow/.local/lib/python3.8/site-packages/airflow/example_dags/example_python_operator.py
[2024-09-05T10:22:23.772+0000] {processor.py:840} INFO - DAG(s) 'example_python_operator' retrieved from /home/airflow/.local/lib/python3.8/site-packages/airflow/example_dags/example_python_operator.py
[2024-09-05T10:22:23.781+0000] {logging_mixin.py:188} INFO - [2024-09-05T10:22:23.781+0000] {dag.py:3036} INFO - Sync 1 DAGs
[2024-09-05T10:22:23.789+0000] {logging_mixin.py:188} INFO - [2024-09-05T10:22:23.789+0000] {dag.py:3823} INFO - Setting next_dagrun for example_python_operator to None, run_after=None
[2024-09-05T10:22:23.800+0000] {processor.py:183} INFO - Processing /home/airflow/.local/lib/python3.8/site-packages/airflow/example_dags/example_python_operator.py took 0.039 seconds
