[2024-09-05T04:32:19.402+0000] {processor.py:161} INFO - Started process (PID=286) to work on /home/airflow/.local/lib/python3.8/site-packages/airflow/example_dags/example_task_group.py
[2024-09-05T04:32:19.403+0000] {processor.py:830} INFO - Processing file /home/airflow/.local/lib/python3.8/site-packages/airflow/example_dags/example_task_group.py for tasks to queue
[2024-09-05T04:32:19.404+0000] {logging_mixin.py:188} INFO - [2024-09-05T04:32:19.404+0000] {dagbag.py:538} INFO - Filling up the DagBag from /home/airflow/.local/lib/python3.8/site-packages/airflow/example_dags/example_task_group.py
[2024-09-05T04:32:19.410+0000] {processor.py:840} INFO - DAG(s) 'example_task_group' retrieved from /home/airflow/.local/lib/python3.8/site-packages/airflow/example_dags/example_task_group.py
[2024-09-05T04:32:19.420+0000] {logging_mixin.py:188} INFO - [2024-09-05T04:32:19.420+0000] {dag.py:3036} INFO - Sync 1 DAGs
[2024-09-05T04:32:19.433+0000] {logging_mixin.py:188} INFO - [2024-09-05T04:32:19.433+0000] {dag.py:3823} INFO - Setting next_dagrun for example_task_group to 2024-09-04 00:00:00+00:00, run_after=2024-09-05 00:00:00+00:00
[2024-09-05T04:32:19.444+0000] {processor.py:183} INFO - Processing /home/airflow/.local/lib/python3.8/site-packages/airflow/example_dags/example_task_group.py took 0.044 seconds
[2024-09-05T04:32:50.101+0000] {processor.py:161} INFO - Started process (PID=533) to work on /home/airflow/.local/lib/python3.8/site-packages/airflow/example_dags/example_task_group.py
[2024-09-05T04:32:50.102+0000] {processor.py:830} INFO - Processing file /home/airflow/.local/lib/python3.8/site-packages/airflow/example_dags/example_task_group.py for tasks to queue
[2024-09-05T04:32:50.103+0000] {logging_mixin.py:188} INFO - [2024-09-05T04:32:50.102+0000] {dagbag.py:538} INFO - Filling up the DagBag from /home/airflow/.local/lib/python3.8/site-packages/airflow/example_dags/example_task_group.py
[2024-09-05T04:32:50.107+0000] {processor.py:840} INFO - DAG(s) 'example_task_group' retrieved from /home/airflow/.local/lib/python3.8/site-packages/airflow/example_dags/example_task_group.py
[2024-09-05T04:32:50.156+0000] {logging_mixin.py:188} INFO - [2024-09-05T04:32:50.156+0000] {dag.py:3036} INFO - Sync 1 DAGs
[2024-09-05T04:32:50.166+0000] {logging_mixin.py:188} INFO - [2024-09-05T04:32:50.166+0000] {dag.py:3823} INFO - Setting next_dagrun for example_task_group to 2024-09-04 00:00:00+00:00, run_after=2024-09-05 00:00:00+00:00
[2024-09-05T04:32:50.176+0000] {processor.py:183} INFO - Processing /home/airflow/.local/lib/python3.8/site-packages/airflow/example_dags/example_task_group.py took 0.077 seconds
[2024-09-05T06:32:55.586+0000] {processor.py:161} INFO - Started process (PID=286) to work on /home/airflow/.local/lib/python3.8/site-packages/airflow/example_dags/example_task_group.py
[2024-09-05T06:32:55.587+0000] {processor.py:830} INFO - Processing file /home/airflow/.local/lib/python3.8/site-packages/airflow/example_dags/example_task_group.py for tasks to queue
[2024-09-05T06:32:55.588+0000] {logging_mixin.py:188} INFO - [2024-09-05T06:32:55.587+0000] {dagbag.py:538} INFO - Filling up the DagBag from /home/airflow/.local/lib/python3.8/site-packages/airflow/example_dags/example_task_group.py
[2024-09-05T06:32:55.594+0000] {processor.py:840} INFO - DAG(s) 'example_task_group' retrieved from /home/airflow/.local/lib/python3.8/site-packages/airflow/example_dags/example_task_group.py
[2024-09-05T06:32:55.610+0000] {logging_mixin.py:188} INFO - [2024-09-05T06:32:55.610+0000] {dag.py:3036} INFO - Sync 1 DAGs
[2024-09-05T06:32:55.625+0000] {logging_mixin.py:188} INFO - [2024-09-05T06:32:55.625+0000] {dag.py:3823} INFO - Setting next_dagrun for example_task_group to 2024-09-04 00:00:00+00:00, run_after=2024-09-05 00:00:00+00:00
[2024-09-05T06:32:55.640+0000] {processor.py:183} INFO - Processing /home/airflow/.local/lib/python3.8/site-packages/airflow/example_dags/example_task_group.py took 0.057 seconds
[2024-09-05T07:46:51.647+0000] {processor.py:161} INFO - Started process (PID=286) to work on /home/airflow/.local/lib/python3.8/site-packages/airflow/example_dags/example_task_group.py
[2024-09-05T07:46:51.648+0000] {processor.py:830} INFO - Processing file /home/airflow/.local/lib/python3.8/site-packages/airflow/example_dags/example_task_group.py for tasks to queue
[2024-09-05T07:46:51.649+0000] {logging_mixin.py:188} INFO - [2024-09-05T07:46:51.649+0000] {dagbag.py:538} INFO - Filling up the DagBag from /home/airflow/.local/lib/python3.8/site-packages/airflow/example_dags/example_task_group.py
[2024-09-05T07:46:51.655+0000] {processor.py:840} INFO - DAG(s) 'example_task_group' retrieved from /home/airflow/.local/lib/python3.8/site-packages/airflow/example_dags/example_task_group.py
[2024-09-05T07:46:51.675+0000] {logging_mixin.py:188} INFO - [2024-09-05T07:46:51.675+0000] {dag.py:3036} INFO - Sync 1 DAGs
[2024-09-05T07:46:51.692+0000] {logging_mixin.py:188} INFO - [2024-09-05T07:46:51.692+0000] {dag.py:3823} INFO - Setting next_dagrun for example_task_group to 2024-09-04 00:00:00+00:00, run_after=2024-09-05 00:00:00+00:00
[2024-09-05T07:46:51.706+0000] {processor.py:183} INFO - Processing /home/airflow/.local/lib/python3.8/site-packages/airflow/example_dags/example_task_group.py took 0.062 seconds
[2024-09-05T10:21:50.440+0000] {processor.py:161} INFO - Started process (PID=285) to work on /home/airflow/.local/lib/python3.8/site-packages/airflow/example_dags/example_task_group.py
[2024-09-05T10:21:50.441+0000] {processor.py:830} INFO - Processing file /home/airflow/.local/lib/python3.8/site-packages/airflow/example_dags/example_task_group.py for tasks to queue
[2024-09-05T10:21:50.442+0000] {logging_mixin.py:188} INFO - [2024-09-05T10:21:50.441+0000] {dagbag.py:538} INFO - Filling up the DagBag from /home/airflow/.local/lib/python3.8/site-packages/airflow/example_dags/example_task_group.py
[2024-09-05T10:21:50.447+0000] {processor.py:840} INFO - DAG(s) 'example_task_group' retrieved from /home/airflow/.local/lib/python3.8/site-packages/airflow/example_dags/example_task_group.py
[2024-09-05T10:21:50.456+0000] {logging_mixin.py:188} INFO - [2024-09-05T10:21:50.456+0000] {dag.py:3036} INFO - Sync 1 DAGs
[2024-09-05T10:21:50.470+0000] {logging_mixin.py:188} INFO - [2024-09-05T10:21:50.470+0000] {dag.py:3823} INFO - Setting next_dagrun for example_task_group to 2024-09-04 00:00:00+00:00, run_after=2024-09-05 00:00:00+00:00
[2024-09-05T10:21:50.481+0000] {processor.py:183} INFO - Processing /home/airflow/.local/lib/python3.8/site-packages/airflow/example_dags/example_task_group.py took 0.043 seconds
[2024-09-05T10:22:23.393+0000] {processor.py:161} INFO - Started process (PID=532) to work on /home/airflow/.local/lib/python3.8/site-packages/airflow/example_dags/example_task_group.py
[2024-09-05T10:22:23.393+0000] {processor.py:830} INFO - Processing file /home/airflow/.local/lib/python3.8/site-packages/airflow/example_dags/example_task_group.py for tasks to queue
[2024-09-05T10:22:23.394+0000] {logging_mixin.py:188} INFO - [2024-09-05T10:22:23.394+0000] {dagbag.py:538} INFO - Filling up the DagBag from /home/airflow/.local/lib/python3.8/site-packages/airflow/example_dags/example_task_group.py
[2024-09-05T10:22:23.399+0000] {processor.py:840} INFO - DAG(s) 'example_task_group' retrieved from /home/airflow/.local/lib/python3.8/site-packages/airflow/example_dags/example_task_group.py
[2024-09-05T10:22:23.465+0000] {logging_mixin.py:188} INFO - [2024-09-05T10:22:23.465+0000] {dag.py:3036} INFO - Sync 1 DAGs
[2024-09-05T10:22:23.478+0000] {logging_mixin.py:188} INFO - [2024-09-05T10:22:23.478+0000] {dag.py:3823} INFO - Setting next_dagrun for example_task_group to 2024-09-04 00:00:00+00:00, run_after=2024-09-05 00:00:00+00:00
[2024-09-05T10:22:23.492+0000] {processor.py:183} INFO - Processing /home/airflow/.local/lib/python3.8/site-packages/airflow/example_dags/example_task_group.py took 0.102 seconds
