[2024-09-05T04:32:19.715+0000] {processor.py:161} INFO - Started process (PID=331) to work on /home/airflow/.local/lib/python3.8/site-packages/airflow/example_dags/example_complex.py
[2024-09-05T04:32:19.716+0000] {processor.py:830} INFO - Processing file /home/airflow/.local/lib/python3.8/site-packages/airflow/example_dags/example_complex.py for tasks to queue
[2024-09-05T04:32:19.717+0000] {logging_mixin.py:188} INFO - [2024-09-05T04:32:19.717+0000] {dagbag.py:538} INFO - Filling up the DagBag from /home/airflow/.local/lib/python3.8/site-packages/airflow/example_dags/example_complex.py
[2024-09-05T04:32:19.724+0000] {processor.py:840} INFO - DAG(s) 'example_complex' retrieved from /home/airflow/.local/lib/python3.8/site-packages/airflow/example_dags/example_complex.py
[2024-09-05T04:32:19.732+0000] {logging_mixin.py:188} INFO - [2024-09-05T04:32:19.732+0000] {dag.py:3036} INFO - Sync 1 DAGs
[2024-09-05T04:32:19.740+0000] {logging_mixin.py:188} INFO - [2024-09-05T04:32:19.740+0000] {dag.py:3823} INFO - Setting next_dagrun for example_complex to None, run_after=None
[2024-09-05T04:32:19.751+0000] {processor.py:183} INFO - Processing /home/airflow/.local/lib/python3.8/site-packages/airflow/example_dags/example_complex.py took 0.039 seconds
[2024-09-05T04:32:50.509+0000] {processor.py:161} INFO - Started process (PID=578) to work on /home/airflow/.local/lib/python3.8/site-packages/airflow/example_dags/example_complex.py
[2024-09-05T04:32:50.510+0000] {processor.py:830} INFO - Processing file /home/airflow/.local/lib/python3.8/site-packages/airflow/example_dags/example_complex.py for tasks to queue
[2024-09-05T04:32:50.511+0000] {logging_mixin.py:188} INFO - [2024-09-05T04:32:50.511+0000] {dagbag.py:538} INFO - Filling up the DagBag from /home/airflow/.local/lib/python3.8/site-packages/airflow/example_dags/example_complex.py
[2024-09-05T04:32:50.518+0000] {processor.py:840} INFO - DAG(s) 'example_complex' retrieved from /home/airflow/.local/lib/python3.8/site-packages/airflow/example_dags/example_complex.py
[2024-09-05T04:32:50.570+0000] {logging_mixin.py:188} INFO - [2024-09-05T04:32:50.570+0000] {dag.py:3036} INFO - Sync 1 DAGs
[2024-09-05T04:32:50.576+0000] {logging_mixin.py:188} INFO - [2024-09-05T04:32:50.576+0000] {dag.py:3823} INFO - Setting next_dagrun for example_complex to None, run_after=None
[2024-09-05T04:32:50.587+0000] {processor.py:183} INFO - Processing /home/airflow/.local/lib/python3.8/site-packages/airflow/example_dags/example_complex.py took 0.079 seconds
[2024-09-05T06:32:56.056+0000] {processor.py:161} INFO - Started process (PID=333) to work on /home/airflow/.local/lib/python3.8/site-packages/airflow/example_dags/example_complex.py
[2024-09-05T06:32:56.057+0000] {processor.py:830} INFO - Processing file /home/airflow/.local/lib/python3.8/site-packages/airflow/example_dags/example_complex.py for tasks to queue
[2024-09-05T06:32:56.058+0000] {logging_mixin.py:188} INFO - [2024-09-05T06:32:56.058+0000] {dagbag.py:538} INFO - Filling up the DagBag from /home/airflow/.local/lib/python3.8/site-packages/airflow/example_dags/example_complex.py
[2024-09-05T06:32:56.065+0000] {processor.py:840} INFO - DAG(s) 'example_complex' retrieved from /home/airflow/.local/lib/python3.8/site-packages/airflow/example_dags/example_complex.py
[2024-09-05T06:32:56.083+0000] {logging_mixin.py:188} INFO - [2024-09-05T06:32:56.083+0000] {dag.py:3036} INFO - Sync 1 DAGs
[2024-09-05T06:32:56.090+0000] {logging_mixin.py:188} INFO - [2024-09-05T06:32:56.090+0000] {dag.py:3823} INFO - Setting next_dagrun for example_complex to None, run_after=None
[2024-09-05T06:32:56.101+0000] {processor.py:183} INFO - Processing /home/airflow/.local/lib/python3.8/site-packages/airflow/example_dags/example_complex.py took 0.047 seconds
[2024-09-05T07:46:52.091+0000] {processor.py:161} INFO - Started process (PID=331) to work on /home/airflow/.local/lib/python3.8/site-packages/airflow/example_dags/example_complex.py
[2024-09-05T07:46:52.092+0000] {processor.py:830} INFO - Processing file /home/airflow/.local/lib/python3.8/site-packages/airflow/example_dags/example_complex.py for tasks to queue
[2024-09-05T07:46:52.092+0000] {logging_mixin.py:188} INFO - [2024-09-05T07:46:52.092+0000] {dagbag.py:538} INFO - Filling up the DagBag from /home/airflow/.local/lib/python3.8/site-packages/airflow/example_dags/example_complex.py
[2024-09-05T07:46:52.101+0000] {processor.py:840} INFO - DAG(s) 'example_complex' retrieved from /home/airflow/.local/lib/python3.8/site-packages/airflow/example_dags/example_complex.py
[2024-09-05T07:46:52.122+0000] {logging_mixin.py:188} INFO - [2024-09-05T07:46:52.122+0000] {dag.py:3036} INFO - Sync 1 DAGs
[2024-09-05T07:46:52.131+0000] {logging_mixin.py:188} INFO - [2024-09-05T07:46:52.131+0000] {dag.py:3823} INFO - Setting next_dagrun for example_complex to None, run_after=None
[2024-09-05T07:46:52.150+0000] {processor.py:183} INFO - Processing /home/airflow/.local/lib/python3.8/site-packages/airflow/example_dags/example_complex.py took 0.062 seconds
[2024-09-05T10:21:50.753+0000] {processor.py:161} INFO - Started process (PID=330) to work on /home/airflow/.local/lib/python3.8/site-packages/airflow/example_dags/example_complex.py
[2024-09-05T10:21:50.754+0000] {processor.py:830} INFO - Processing file /home/airflow/.local/lib/python3.8/site-packages/airflow/example_dags/example_complex.py for tasks to queue
[2024-09-05T10:21:50.754+0000] {logging_mixin.py:188} INFO - [2024-09-05T10:21:50.754+0000] {dagbag.py:538} INFO - Filling up the DagBag from /home/airflow/.local/lib/python3.8/site-packages/airflow/example_dags/example_complex.py
[2024-09-05T10:21:50.761+0000] {processor.py:840} INFO - DAG(s) 'example_complex' retrieved from /home/airflow/.local/lib/python3.8/site-packages/airflow/example_dags/example_complex.py
[2024-09-05T10:21:50.770+0000] {logging_mixin.py:188} INFO - [2024-09-05T10:21:50.769+0000] {dag.py:3036} INFO - Sync 1 DAGs
[2024-09-05T10:21:50.778+0000] {logging_mixin.py:188} INFO - [2024-09-05T10:21:50.778+0000] {dag.py:3823} INFO - Setting next_dagrun for example_complex to None, run_after=None
[2024-09-05T10:21:50.790+0000] {processor.py:183} INFO - Processing /home/airflow/.local/lib/python3.8/site-packages/airflow/example_dags/example_complex.py took 0.039 seconds
[2024-09-05T10:22:23.891+0000] {processor.py:161} INFO - Started process (PID=577) to work on /home/airflow/.local/lib/python3.8/site-packages/airflow/example_dags/example_complex.py
[2024-09-05T10:22:23.892+0000] {processor.py:830} INFO - Processing file /home/airflow/.local/lib/python3.8/site-packages/airflow/example_dags/example_complex.py for tasks to queue
[2024-09-05T10:22:23.893+0000] {logging_mixin.py:188} INFO - [2024-09-05T10:22:23.892+0000] {dagbag.py:538} INFO - Filling up the DagBag from /home/airflow/.local/lib/python3.8/site-packages/airflow/example_dags/example_complex.py
[2024-09-05T10:22:23.899+0000] {processor.py:840} INFO - DAG(s) 'example_complex' retrieved from /home/airflow/.local/lib/python3.8/site-packages/airflow/example_dags/example_complex.py
[2024-09-05T10:22:23.959+0000] {logging_mixin.py:188} INFO - [2024-09-05T10:22:23.959+0000] {dag.py:3036} INFO - Sync 1 DAGs
[2024-09-05T10:22:23.965+0000] {logging_mixin.py:188} INFO - [2024-09-05T10:22:23.964+0000] {dag.py:3823} INFO - Setting next_dagrun for example_complex to None, run_after=None
[2024-09-05T10:22:23.976+0000] {processor.py:183} INFO - Processing /home/airflow/.local/lib/python3.8/site-packages/airflow/example_dags/example_complex.py took 0.087 seconds
