[2024-09-05T04:32:19.877+0000] {processor.py:161} INFO - Started process (PID=358) to work on /home/airflow/.local/lib/python3.8/site-packages/airflow/example_dags/example_sensors.py
[2024-09-05T04:32:19.878+0000] {processor.py:830} INFO - Processing file /home/airflow/.local/lib/python3.8/site-packages/airflow/example_dags/example_sensors.py for tasks to queue
[2024-09-05T04:32:19.879+0000] {logging_mixin.py:188} INFO - [2024-09-05T04:32:19.879+0000] {dagbag.py:538} INFO - Filling up the DagBag from /home/airflow/.local/lib/python3.8/site-packages/airflow/example_dags/example_sensors.py
[2024-09-05T04:32:19.886+0000] {processor.py:840} INFO - DAG(s) 'example_sensors' retrieved from /home/airflow/.local/lib/python3.8/site-packages/airflow/example_dags/example_sensors.py
[2024-09-05T04:32:19.894+0000] {logging_mixin.py:188} INFO - [2024-09-05T04:32:19.894+0000] {dag.py:3036} INFO - Sync 1 DAGs
[2024-09-05T04:32:19.903+0000] {logging_mixin.py:188} INFO - [2024-09-05T04:32:19.902+0000] {dag.py:3823} INFO - Setting next_dagrun for example_sensors to None, run_after=None
[2024-09-05T04:32:19.916+0000] {processor.py:183} INFO - Processing /home/airflow/.local/lib/python3.8/site-packages/airflow/example_dags/example_sensors.py took 0.040 seconds
[2024-09-05T04:32:50.795+0000] {processor.py:161} INFO - Started process (PID=603) to work on /home/airflow/.local/lib/python3.8/site-packages/airflow/example_dags/example_sensors.py
[2024-09-05T04:32:50.796+0000] {processor.py:830} INFO - Processing file /home/airflow/.local/lib/python3.8/site-packages/airflow/example_dags/example_sensors.py for tasks to queue
[2024-09-05T04:32:50.797+0000] {logging_mixin.py:188} INFO - [2024-09-05T04:32:50.796+0000] {dagbag.py:538} INFO - Filling up the DagBag from /home/airflow/.local/lib/python3.8/site-packages/airflow/example_dags/example_sensors.py
[2024-09-05T04:32:50.803+0000] {processor.py:840} INFO - DAG(s) 'example_sensors' retrieved from /home/airflow/.local/lib/python3.8/site-packages/airflow/example_dags/example_sensors.py
[2024-09-05T04:32:50.863+0000] {logging_mixin.py:188} INFO - [2024-09-05T04:32:50.862+0000] {dag.py:3036} INFO - Sync 1 DAGs
[2024-09-05T04:32:50.868+0000] {logging_mixin.py:188} INFO - [2024-09-05T04:32:50.868+0000] {dag.py:3823} INFO - Setting next_dagrun for example_sensors to None, run_after=None
[2024-09-05T04:32:50.878+0000] {processor.py:183} INFO - Processing /home/airflow/.local/lib/python3.8/site-packages/airflow/example_dags/example_sensors.py took 0.084 seconds
[2024-09-05T06:32:56.235+0000] {processor.py:161} INFO - Started process (PID=356) to work on /home/airflow/.local/lib/python3.8/site-packages/airflow/example_dags/example_sensors.py
[2024-09-05T06:32:56.235+0000] {processor.py:830} INFO - Processing file /home/airflow/.local/lib/python3.8/site-packages/airflow/example_dags/example_sensors.py for tasks to queue
[2024-09-05T06:32:56.236+0000] {logging_mixin.py:188} INFO - [2024-09-05T06:32:56.236+0000] {dagbag.py:538} INFO - Filling up the DagBag from /home/airflow/.local/lib/python3.8/site-packages/airflow/example_dags/example_sensors.py
[2024-09-05T06:32:56.242+0000] {processor.py:840} INFO - DAG(s) 'example_sensors' retrieved from /home/airflow/.local/lib/python3.8/site-packages/airflow/example_dags/example_sensors.py
[2024-09-05T06:32:56.258+0000] {logging_mixin.py:188} INFO - [2024-09-05T06:32:56.258+0000] {dag.py:3036} INFO - Sync 1 DAGs
[2024-09-05T06:32:56.266+0000] {logging_mixin.py:188} INFO - [2024-09-05T06:32:56.266+0000] {dag.py:3823} INFO - Setting next_dagrun for example_sensors to None, run_after=None
[2024-09-05T06:32:56.288+0000] {processor.py:183} INFO - Processing /home/airflow/.local/lib/python3.8/site-packages/airflow/example_dags/example_sensors.py took 0.056 seconds
[2024-09-05T07:46:52.327+0000] {processor.py:161} INFO - Started process (PID=356) to work on /home/airflow/.local/lib/python3.8/site-packages/airflow/example_dags/example_sensors.py
[2024-09-05T07:46:52.328+0000] {processor.py:830} INFO - Processing file /home/airflow/.local/lib/python3.8/site-packages/airflow/example_dags/example_sensors.py for tasks to queue
[2024-09-05T07:46:52.329+0000] {logging_mixin.py:188} INFO - [2024-09-05T07:46:52.329+0000] {dagbag.py:538} INFO - Filling up the DagBag from /home/airflow/.local/lib/python3.8/site-packages/airflow/example_dags/example_sensors.py
[2024-09-05T07:46:52.336+0000] {processor.py:840} INFO - DAG(s) 'example_sensors' retrieved from /home/airflow/.local/lib/python3.8/site-packages/airflow/example_dags/example_sensors.py
[2024-09-05T07:46:52.354+0000] {logging_mixin.py:188} INFO - [2024-09-05T07:46:52.354+0000] {dag.py:3036} INFO - Sync 1 DAGs
[2024-09-05T07:46:52.364+0000] {logging_mixin.py:188} INFO - [2024-09-05T07:46:52.363+0000] {dag.py:3823} INFO - Setting next_dagrun for example_sensors to None, run_after=None
[2024-09-05T07:46:52.380+0000] {processor.py:183} INFO - Processing /home/airflow/.local/lib/python3.8/site-packages/airflow/example_dags/example_sensors.py took 0.055 seconds
[2024-09-05T10:21:50.918+0000] {processor.py:161} INFO - Started process (PID=357) to work on /home/airflow/.local/lib/python3.8/site-packages/airflow/example_dags/example_sensors.py
[2024-09-05T10:21:50.919+0000] {processor.py:830} INFO - Processing file /home/airflow/.local/lib/python3.8/site-packages/airflow/example_dags/example_sensors.py for tasks to queue
[2024-09-05T10:21:50.919+0000] {logging_mixin.py:188} INFO - [2024-09-05T10:21:50.919+0000] {dagbag.py:538} INFO - Filling up the DagBag from /home/airflow/.local/lib/python3.8/site-packages/airflow/example_dags/example_sensors.py
[2024-09-05T10:21:50.925+0000] {processor.py:840} INFO - DAG(s) 'example_sensors' retrieved from /home/airflow/.local/lib/python3.8/site-packages/airflow/example_dags/example_sensors.py
[2024-09-05T10:21:50.933+0000] {logging_mixin.py:188} INFO - [2024-09-05T10:21:50.933+0000] {dag.py:3036} INFO - Sync 1 DAGs
[2024-09-05T10:21:50.940+0000] {logging_mixin.py:188} INFO - [2024-09-05T10:21:50.940+0000] {dag.py:3823} INFO - Setting next_dagrun for example_sensors to None, run_after=None
[2024-09-05T10:21:50.949+0000] {processor.py:183} INFO - Processing /home/airflow/.local/lib/python3.8/site-packages/airflow/example_dags/example_sensors.py took 0.033 seconds
[2024-09-05T10:22:24.276+0000] {processor.py:161} INFO - Started process (PID=602) to work on /home/airflow/.local/lib/python3.8/site-packages/airflow/example_dags/example_sensors.py
[2024-09-05T10:22:24.284+0000] {processor.py:830} INFO - Processing file /home/airflow/.local/lib/python3.8/site-packages/airflow/example_dags/example_sensors.py for tasks to queue
[2024-09-05T10:22:24.289+0000] {logging_mixin.py:188} INFO - [2024-09-05T10:22:24.289+0000] {dagbag.py:538} INFO - Filling up the DagBag from /home/airflow/.local/lib/python3.8/site-packages/airflow/example_dags/example_sensors.py
[2024-09-05T10:22:24.297+0000] {processor.py:840} INFO - DAG(s) 'example_sensors' retrieved from /home/airflow/.local/lib/python3.8/site-packages/airflow/example_dags/example_sensors.py
[2024-09-05T10:22:24.376+0000] {logging_mixin.py:188} INFO - [2024-09-05T10:22:24.376+0000] {dag.py:3036} INFO - Sync 1 DAGs
[2024-09-05T10:22:24.385+0000] {logging_mixin.py:188} INFO - [2024-09-05T10:22:24.385+0000] {dag.py:3823} INFO - Setting next_dagrun for example_sensors to None, run_after=None
[2024-09-05T10:22:24.410+0000] {processor.py:183} INFO - Processing /home/airflow/.local/lib/python3.8/site-packages/airflow/example_dags/example_sensors.py took 0.137 seconds
