[2024-09-05T04:32:19.343+0000] {processor.py:161} INFO - Started process (PID=276) to work on /home/airflow/.local/lib/python3.8/site-packages/airflow/example_dags/example_kubernetes_executor.py
[2024-09-05T04:32:19.344+0000] {processor.py:830} INFO - Processing file /home/airflow/.local/lib/python3.8/site-packages/airflow/example_dags/example_kubernetes_executor.py for tasks to queue
[2024-09-05T04:32:19.345+0000] {logging_mixin.py:188} INFO - [2024-09-05T04:32:19.345+0000] {dagbag.py:538} INFO - Filling up the DagBag from /home/airflow/.local/lib/python3.8/site-packages/airflow/example_dags/example_kubernetes_executor.py
[2024-09-05T04:32:19.354+0000] {processor.py:840} INFO - DAG(s) 'example_kubernetes_executor' retrieved from /home/airflow/.local/lib/python3.8/site-packages/airflow/example_dags/example_kubernetes_executor.py
[2024-09-05T04:32:19.362+0000] {logging_mixin.py:188} INFO - [2024-09-05T04:32:19.362+0000] {dag.py:3036} INFO - Sync 1 DAGs
[2024-09-05T04:32:19.370+0000] {logging_mixin.py:188} INFO - [2024-09-05T04:32:19.370+0000] {dag.py:3823} INFO - Setting next_dagrun for example_kubernetes_executor to None, run_after=None
[2024-09-05T04:32:19.384+0000] {processor.py:183} INFO - Processing /home/airflow/.local/lib/python3.8/site-packages/airflow/example_dags/example_kubernetes_executor.py took 0.042 seconds
[2024-09-05T04:32:49.991+0000] {processor.py:161} INFO - Started process (PID=523) to work on /home/airflow/.local/lib/python3.8/site-packages/airflow/example_dags/example_kubernetes_executor.py
[2024-09-05T04:32:49.992+0000] {processor.py:830} INFO - Processing file /home/airflow/.local/lib/python3.8/site-packages/airflow/example_dags/example_kubernetes_executor.py for tasks to queue
[2024-09-05T04:32:49.993+0000] {logging_mixin.py:188} INFO - [2024-09-05T04:32:49.993+0000] {dagbag.py:538} INFO - Filling up the DagBag from /home/airflow/.local/lib/python3.8/site-packages/airflow/example_dags/example_kubernetes_executor.py
[2024-09-05T04:32:50.001+0000] {processor.py:840} INFO - DAG(s) 'example_kubernetes_executor' retrieved from /home/airflow/.local/lib/python3.8/site-packages/airflow/example_dags/example_kubernetes_executor.py
[2024-09-05T04:32:50.066+0000] {logging_mixin.py:188} INFO - [2024-09-05T04:32:50.066+0000] {dag.py:3036} INFO - Sync 1 DAGs
[2024-09-05T04:32:50.072+0000] {logging_mixin.py:188} INFO - [2024-09-05T04:32:50.072+0000] {dag.py:3823} INFO - Setting next_dagrun for example_kubernetes_executor to None, run_after=None
[2024-09-05T04:32:50.084+0000] {processor.py:183} INFO - Processing /home/airflow/.local/lib/python3.8/site-packages/airflow/example_dags/example_kubernetes_executor.py took 0.095 seconds
[2024-09-05T06:32:55.498+0000] {processor.py:161} INFO - Started process (PID=276) to work on /home/airflow/.local/lib/python3.8/site-packages/airflow/example_dags/example_kubernetes_executor.py
[2024-09-05T06:32:55.499+0000] {processor.py:830} INFO - Processing file /home/airflow/.local/lib/python3.8/site-packages/airflow/example_dags/example_kubernetes_executor.py for tasks to queue
[2024-09-05T06:32:55.499+0000] {logging_mixin.py:188} INFO - [2024-09-05T06:32:55.499+0000] {dagbag.py:538} INFO - Filling up the DagBag from /home/airflow/.local/lib/python3.8/site-packages/airflow/example_dags/example_kubernetes_executor.py
[2024-09-05T06:32:55.509+0000] {processor.py:840} INFO - DAG(s) 'example_kubernetes_executor' retrieved from /home/airflow/.local/lib/python3.8/site-packages/airflow/example_dags/example_kubernetes_executor.py
[2024-09-05T06:32:55.535+0000] {logging_mixin.py:188} INFO - [2024-09-05T06:32:55.535+0000] {dag.py:3036} INFO - Sync 1 DAGs
[2024-09-05T06:32:55.546+0000] {logging_mixin.py:188} INFO - [2024-09-05T06:32:55.546+0000] {dag.py:3823} INFO - Setting next_dagrun for example_kubernetes_executor to None, run_after=None
[2024-09-05T06:32:55.563+0000] {processor.py:183} INFO - Processing /home/airflow/.local/lib/python3.8/site-packages/airflow/example_dags/example_kubernetes_executor.py took 0.068 seconds
[2024-09-05T07:46:51.560+0000] {processor.py:161} INFO - Started process (PID=276) to work on /home/airflow/.local/lib/python3.8/site-packages/airflow/example_dags/example_kubernetes_executor.py
[2024-09-05T07:46:51.561+0000] {processor.py:830} INFO - Processing file /home/airflow/.local/lib/python3.8/site-packages/airflow/example_dags/example_kubernetes_executor.py for tasks to queue
[2024-09-05T07:46:51.562+0000] {logging_mixin.py:188} INFO - [2024-09-05T07:46:51.562+0000] {dagbag.py:538} INFO - Filling up the DagBag from /home/airflow/.local/lib/python3.8/site-packages/airflow/example_dags/example_kubernetes_executor.py
[2024-09-05T07:46:51.573+0000] {processor.py:840} INFO - DAG(s) 'example_kubernetes_executor' retrieved from /home/airflow/.local/lib/python3.8/site-packages/airflow/example_dags/example_kubernetes_executor.py
[2024-09-05T07:46:51.602+0000] {logging_mixin.py:188} INFO - [2024-09-05T07:46:51.601+0000] {dag.py:3036} INFO - Sync 1 DAGs
[2024-09-05T07:46:51.610+0000] {logging_mixin.py:188} INFO - [2024-09-05T07:46:51.610+0000] {dag.py:3823} INFO - Setting next_dagrun for example_kubernetes_executor to None, run_after=None
[2024-09-05T07:46:51.626+0000] {processor.py:183} INFO - Processing /home/airflow/.local/lib/python3.8/site-packages/airflow/example_dags/example_kubernetes_executor.py took 0.069 seconds
[2024-09-05T10:21:50.375+0000] {processor.py:161} INFO - Started process (PID=275) to work on /home/airflow/.local/lib/python3.8/site-packages/airflow/example_dags/example_kubernetes_executor.py
[2024-09-05T10:21:50.376+0000] {processor.py:830} INFO - Processing file /home/airflow/.local/lib/python3.8/site-packages/airflow/example_dags/example_kubernetes_executor.py for tasks to queue
[2024-09-05T10:21:50.377+0000] {logging_mixin.py:188} INFO - [2024-09-05T10:21:50.377+0000] {dagbag.py:538} INFO - Filling up the DagBag from /home/airflow/.local/lib/python3.8/site-packages/airflow/example_dags/example_kubernetes_executor.py
[2024-09-05T10:21:50.387+0000] {processor.py:840} INFO - DAG(s) 'example_kubernetes_executor' retrieved from /home/airflow/.local/lib/python3.8/site-packages/airflow/example_dags/example_kubernetes_executor.py
[2024-09-05T10:21:50.398+0000] {logging_mixin.py:188} INFO - [2024-09-05T10:21:50.398+0000] {dag.py:3036} INFO - Sync 1 DAGs
[2024-09-05T10:21:50.409+0000] {logging_mixin.py:188} INFO - [2024-09-05T10:21:50.409+0000] {dag.py:3823} INFO - Setting next_dagrun for example_kubernetes_executor to None, run_after=None
[2024-09-05T10:21:50.422+0000] {processor.py:183} INFO - Processing /home/airflow/.local/lib/python3.8/site-packages/airflow/example_dags/example_kubernetes_executor.py took 0.050 seconds
[2024-09-05T10:22:23.297+0000] {processor.py:161} INFO - Started process (PID=522) to work on /home/airflow/.local/lib/python3.8/site-packages/airflow/example_dags/example_kubernetes_executor.py
[2024-09-05T10:22:23.298+0000] {processor.py:830} INFO - Processing file /home/airflow/.local/lib/python3.8/site-packages/airflow/example_dags/example_kubernetes_executor.py for tasks to queue
[2024-09-05T10:22:23.298+0000] {logging_mixin.py:188} INFO - [2024-09-05T10:22:23.298+0000] {dagbag.py:538} INFO - Filling up the DagBag from /home/airflow/.local/lib/python3.8/site-packages/airflow/example_dags/example_kubernetes_executor.py
[2024-09-05T10:22:23.308+0000] {processor.py:840} INFO - DAG(s) 'example_kubernetes_executor' retrieved from /home/airflow/.local/lib/python3.8/site-packages/airflow/example_dags/example_kubernetes_executor.py
[2024-09-05T10:22:23.377+0000] {logging_mixin.py:188} INFO - [2024-09-05T10:22:23.377+0000] {dag.py:3036} INFO - Sync 1 DAGs
[2024-09-05T10:22:23.383+0000] {logging_mixin.py:188} INFO - [2024-09-05T10:22:23.383+0000] {dag.py:3823} INFO - Setting next_dagrun for example_kubernetes_executor to None, run_after=None
[2024-09-05T10:22:23.395+0000] {processor.py:183} INFO - Processing /home/airflow/.local/lib/python3.8/site-packages/airflow/example_dags/example_kubernetes_executor.py took 0.101 seconds
