[2024-02-03T18:53:52.972+0000] {processor.py:161} INFO - Started process (PID=331) to work on /home/airflow/.local/lib/python3.8/site-packages/airflow/example_dags/example_complex.py
[2024-02-03T18:53:52.973+0000] {processor.py:830} INFO - Processing file /home/airflow/.local/lib/python3.8/site-packages/airflow/example_dags/example_complex.py for tasks to queue
[2024-02-03T18:53:52.973+0000] {logging_mixin.py:188} INFO - [2024-02-03T18:53:52.973+0000] {dagbag.py:538} INFO - Filling up the DagBag from /home/airflow/.local/lib/python3.8/site-packages/airflow/example_dags/example_complex.py
[2024-02-03T18:53:52.980+0000] {processor.py:840} INFO - DAG(s) 'example_complex' retrieved from /home/airflow/.local/lib/python3.8/site-packages/airflow/example_dags/example_complex.py
[2024-02-03T18:53:52.988+0000] {logging_mixin.py:188} INFO - [2024-02-03T18:53:52.988+0000] {dag.py:3036} INFO - Sync 1 DAGs
[2024-02-03T18:53:52.996+0000] {logging_mixin.py:188} INFO - [2024-02-03T18:53:52.996+0000] {dag.py:3823} INFO - Setting next_dagrun for example_complex to None, run_after=None
[2024-02-03T18:53:53.007+0000] {processor.py:183} INFO - Processing /home/airflow/.local/lib/python3.8/site-packages/airflow/example_dags/example_complex.py took 0.037 seconds
[2024-02-03T18:54:23.901+0000] {processor.py:161} INFO - Started process (PID=578) to work on /home/airflow/.local/lib/python3.8/site-packages/airflow/example_dags/example_complex.py
[2024-02-03T18:54:23.901+0000] {processor.py:830} INFO - Processing file /home/airflow/.local/lib/python3.8/site-packages/airflow/example_dags/example_complex.py for tasks to queue
[2024-02-03T18:54:23.902+0000] {logging_mixin.py:188} INFO - [2024-02-03T18:54:23.902+0000] {dagbag.py:538} INFO - Filling up the DagBag from /home/airflow/.local/lib/python3.8/site-packages/airflow/example_dags/example_complex.py
[2024-02-03T18:54:23.908+0000] {processor.py:840} INFO - DAG(s) 'example_complex' retrieved from /home/airflow/.local/lib/python3.8/site-packages/airflow/example_dags/example_complex.py
[2024-02-03T18:54:23.969+0000] {logging_mixin.py:188} INFO - [2024-02-03T18:54:23.969+0000] {dag.py:3036} INFO - Sync 1 DAGs
[2024-02-03T18:54:23.975+0000] {logging_mixin.py:188} INFO - [2024-02-03T18:54:23.975+0000] {dag.py:3823} INFO - Setting next_dagrun for example_complex to None, run_after=None
[2024-02-03T18:54:23.987+0000] {processor.py:183} INFO - Processing /home/airflow/.local/lib/python3.8/site-packages/airflow/example_dags/example_complex.py took 0.089 seconds
[2024-02-03T18:54:54.992+0000] {processor.py:161} INFO - Started process (PID=825) to work on /home/airflow/.local/lib/python3.8/site-packages/airflow/example_dags/example_complex.py
[2024-02-03T18:54:54.993+0000] {processor.py:830} INFO - Processing file /home/airflow/.local/lib/python3.8/site-packages/airflow/example_dags/example_complex.py for tasks to queue
[2024-02-03T18:54:54.994+0000] {logging_mixin.py:188} INFO - [2024-02-03T18:54:54.994+0000] {dagbag.py:538} INFO - Filling up the DagBag from /home/airflow/.local/lib/python3.8/site-packages/airflow/example_dags/example_complex.py
[2024-02-03T18:54:55.005+0000] {processor.py:840} INFO - DAG(s) 'example_complex' retrieved from /home/airflow/.local/lib/python3.8/site-packages/airflow/example_dags/example_complex.py
[2024-02-03T18:54:55.027+0000] {logging_mixin.py:188} INFO - [2024-02-03T18:54:55.027+0000] {dag.py:3036} INFO - Sync 1 DAGs
[2024-02-03T18:54:55.035+0000] {logging_mixin.py:188} INFO - [2024-02-03T18:54:55.035+0000] {dag.py:3823} INFO - Setting next_dagrun for example_complex to None, run_after=None
[2024-02-03T18:54:55.045+0000] {processor.py:183} INFO - Processing /home/airflow/.local/lib/python3.8/site-packages/airflow/example_dags/example_complex.py took 0.057 seconds
[2024-02-03T18:55:26.046+0000] {processor.py:161} INFO - Started process (PID=1072) to work on /home/airflow/.local/lib/python3.8/site-packages/airflow/example_dags/example_complex.py
[2024-02-03T18:55:26.048+0000] {processor.py:830} INFO - Processing file /home/airflow/.local/lib/python3.8/site-packages/airflow/example_dags/example_complex.py for tasks to queue
[2024-02-03T18:55:26.049+0000] {logging_mixin.py:188} INFO - [2024-02-03T18:55:26.048+0000] {dagbag.py:538} INFO - Filling up the DagBag from /home/airflow/.local/lib/python3.8/site-packages/airflow/example_dags/example_complex.py
[2024-02-03T18:55:26.058+0000] {processor.py:840} INFO - DAG(s) 'example_complex' retrieved from /home/airflow/.local/lib/python3.8/site-packages/airflow/example_dags/example_complex.py
[2024-02-03T18:55:26.078+0000] {logging_mixin.py:188} INFO - [2024-02-03T18:55:26.078+0000] {dag.py:3036} INFO - Sync 1 DAGs
[2024-02-03T18:55:26.085+0000] {logging_mixin.py:188} INFO - [2024-02-03T18:55:26.084+0000] {dag.py:3823} INFO - Setting next_dagrun for example_complex to None, run_after=None
[2024-02-03T18:55:26.093+0000] {processor.py:183} INFO - Processing /home/airflow/.local/lib/python3.8/site-packages/airflow/example_dags/example_complex.py took 0.050 seconds
[2024-02-03T18:55:56.789+0000] {processor.py:161} INFO - Started process (PID=1319) to work on /home/airflow/.local/lib/python3.8/site-packages/airflow/example_dags/example_complex.py
[2024-02-03T18:55:56.790+0000] {processor.py:830} INFO - Processing file /home/airflow/.local/lib/python3.8/site-packages/airflow/example_dags/example_complex.py for tasks to queue
[2024-02-03T18:55:56.791+0000] {logging_mixin.py:188} INFO - [2024-02-03T18:55:56.791+0000] {dagbag.py:538} INFO - Filling up the DagBag from /home/airflow/.local/lib/python3.8/site-packages/airflow/example_dags/example_complex.py
[2024-02-03T18:55:56.803+0000] {processor.py:840} INFO - DAG(s) 'example_complex' retrieved from /home/airflow/.local/lib/python3.8/site-packages/airflow/example_dags/example_complex.py
[2024-02-03T18:55:56.826+0000] {logging_mixin.py:188} INFO - [2024-02-03T18:55:56.826+0000] {dag.py:3036} INFO - Sync 1 DAGs
[2024-02-03T18:55:56.833+0000] {logging_mixin.py:188} INFO - [2024-02-03T18:55:56.833+0000] {dag.py:3823} INFO - Setting next_dagrun for example_complex to None, run_after=None
[2024-02-03T18:55:56.843+0000] {processor.py:183} INFO - Processing /home/airflow/.local/lib/python3.8/site-packages/airflow/example_dags/example_complex.py took 0.057 seconds
[2024-02-03T18:56:27.599+0000] {processor.py:161} INFO - Started process (PID=1566) to work on /home/airflow/.local/lib/python3.8/site-packages/airflow/example_dags/example_complex.py
[2024-02-03T18:56:27.600+0000] {processor.py:830} INFO - Processing file /home/airflow/.local/lib/python3.8/site-packages/airflow/example_dags/example_complex.py for tasks to queue
[2024-02-03T18:56:27.601+0000] {logging_mixin.py:188} INFO - [2024-02-03T18:56:27.601+0000] {dagbag.py:538} INFO - Filling up the DagBag from /home/airflow/.local/lib/python3.8/site-packages/airflow/example_dags/example_complex.py
[2024-02-03T18:56:27.613+0000] {processor.py:840} INFO - DAG(s) 'example_complex' retrieved from /home/airflow/.local/lib/python3.8/site-packages/airflow/example_dags/example_complex.py
[2024-02-03T18:56:27.636+0000] {logging_mixin.py:188} INFO - [2024-02-03T18:56:27.636+0000] {dag.py:3036} INFO - Sync 1 DAGs
[2024-02-03T18:56:27.644+0000] {logging_mixin.py:188} INFO - [2024-02-03T18:56:27.643+0000] {dag.py:3823} INFO - Setting next_dagrun for example_complex to None, run_after=None
[2024-02-03T18:56:27.653+0000] {processor.py:183} INFO - Processing /home/airflow/.local/lib/python3.8/site-packages/airflow/example_dags/example_complex.py took 0.059 seconds
[2024-02-03T18:56:58.399+0000] {processor.py:161} INFO - Started process (PID=1813) to work on /home/airflow/.local/lib/python3.8/site-packages/airflow/example_dags/example_complex.py
[2024-02-03T18:56:58.399+0000] {processor.py:830} INFO - Processing file /home/airflow/.local/lib/python3.8/site-packages/airflow/example_dags/example_complex.py for tasks to queue
[2024-02-03T18:56:58.400+0000] {logging_mixin.py:188} INFO - [2024-02-03T18:56:58.400+0000] {dagbag.py:538} INFO - Filling up the DagBag from /home/airflow/.local/lib/python3.8/site-packages/airflow/example_dags/example_complex.py
[2024-02-03T18:56:58.408+0000] {processor.py:840} INFO - DAG(s) 'example_complex' retrieved from /home/airflow/.local/lib/python3.8/site-packages/airflow/example_dags/example_complex.py
[2024-02-03T18:56:58.429+0000] {logging_mixin.py:188} INFO - [2024-02-03T18:56:58.429+0000] {dag.py:3036} INFO - Sync 1 DAGs
[2024-02-03T18:56:58.437+0000] {logging_mixin.py:188} INFO - [2024-02-03T18:56:58.437+0000] {dag.py:3823} INFO - Setting next_dagrun for example_complex to None, run_after=None
[2024-02-03T18:56:58.448+0000] {processor.py:183} INFO - Processing /home/airflow/.local/lib/python3.8/site-packages/airflow/example_dags/example_complex.py took 0.052 seconds
[2024-02-03T18:57:29.347+0000] {processor.py:161} INFO - Started process (PID=2060) to work on /home/airflow/.local/lib/python3.8/site-packages/airflow/example_dags/example_complex.py
[2024-02-03T18:57:29.348+0000] {processor.py:830} INFO - Processing file /home/airflow/.local/lib/python3.8/site-packages/airflow/example_dags/example_complex.py for tasks to queue
[2024-02-03T18:57:29.349+0000] {logging_mixin.py:188} INFO - [2024-02-03T18:57:29.349+0000] {dagbag.py:538} INFO - Filling up the DagBag from /home/airflow/.local/lib/python3.8/site-packages/airflow/example_dags/example_complex.py
[2024-02-03T18:57:29.358+0000] {processor.py:840} INFO - DAG(s) 'example_complex' retrieved from /home/airflow/.local/lib/python3.8/site-packages/airflow/example_dags/example_complex.py
[2024-02-03T18:57:29.378+0000] {logging_mixin.py:188} INFO - [2024-02-03T18:57:29.378+0000] {dag.py:3036} INFO - Sync 1 DAGs
[2024-02-03T18:57:29.388+0000] {logging_mixin.py:188} INFO - [2024-02-03T18:57:29.388+0000] {dag.py:3823} INFO - Setting next_dagrun for example_complex to None, run_after=None
[2024-02-03T18:57:29.397+0000] {processor.py:183} INFO - Processing /home/airflow/.local/lib/python3.8/site-packages/airflow/example_dags/example_complex.py took 0.053 seconds
[2024-02-03T18:58:00.073+0000] {processor.py:161} INFO - Started process (PID=2307) to work on /home/airflow/.local/lib/python3.8/site-packages/airflow/example_dags/example_complex.py
[2024-02-03T18:58:00.074+0000] {processor.py:830} INFO - Processing file /home/airflow/.local/lib/python3.8/site-packages/airflow/example_dags/example_complex.py for tasks to queue
[2024-02-03T18:58:00.075+0000] {logging_mixin.py:188} INFO - [2024-02-03T18:58:00.075+0000] {dagbag.py:538} INFO - Filling up the DagBag from /home/airflow/.local/lib/python3.8/site-packages/airflow/example_dags/example_complex.py
[2024-02-03T18:58:00.086+0000] {processor.py:840} INFO - DAG(s) 'example_complex' retrieved from /home/airflow/.local/lib/python3.8/site-packages/airflow/example_dags/example_complex.py
[2024-02-03T18:58:00.107+0000] {logging_mixin.py:188} INFO - [2024-02-03T18:58:00.107+0000] {dag.py:3036} INFO - Sync 1 DAGs
[2024-02-03T18:58:00.114+0000] {logging_mixin.py:188} INFO - [2024-02-03T18:58:00.114+0000] {dag.py:3823} INFO - Setting next_dagrun for example_complex to None, run_after=None
[2024-02-03T18:58:00.123+0000] {processor.py:183} INFO - Processing /home/airflow/.local/lib/python3.8/site-packages/airflow/example_dags/example_complex.py took 0.054 seconds
[2024-02-03T18:58:30.883+0000] {processor.py:161} INFO - Started process (PID=2554) to work on /home/airflow/.local/lib/python3.8/site-packages/airflow/example_dags/example_complex.py
[2024-02-03T18:58:30.885+0000] {processor.py:830} INFO - Processing file /home/airflow/.local/lib/python3.8/site-packages/airflow/example_dags/example_complex.py for tasks to queue
[2024-02-03T18:58:30.886+0000] {logging_mixin.py:188} INFO - [2024-02-03T18:58:30.885+0000] {dagbag.py:538} INFO - Filling up the DagBag from /home/airflow/.local/lib/python3.8/site-packages/airflow/example_dags/example_complex.py
[2024-02-03T18:58:30.896+0000] {processor.py:840} INFO - DAG(s) 'example_complex' retrieved from /home/airflow/.local/lib/python3.8/site-packages/airflow/example_dags/example_complex.py
[2024-02-03T18:58:30.918+0000] {logging_mixin.py:188} INFO - [2024-02-03T18:58:30.918+0000] {dag.py:3036} INFO - Sync 1 DAGs
[2024-02-03T18:58:30.925+0000] {logging_mixin.py:188} INFO - [2024-02-03T18:58:30.925+0000] {dag.py:3823} INFO - Setting next_dagrun for example_complex to None, run_after=None
[2024-02-03T18:58:30.935+0000] {processor.py:183} INFO - Processing /home/airflow/.local/lib/python3.8/site-packages/airflow/example_dags/example_complex.py took 0.055 seconds
[2024-02-03T18:59:01.721+0000] {processor.py:161} INFO - Started process (PID=2801) to work on /home/airflow/.local/lib/python3.8/site-packages/airflow/example_dags/example_complex.py
[2024-02-03T18:59:01.722+0000] {processor.py:830} INFO - Processing file /home/airflow/.local/lib/python3.8/site-packages/airflow/example_dags/example_complex.py for tasks to queue
[2024-02-03T18:59:01.723+0000] {logging_mixin.py:188} INFO - [2024-02-03T18:59:01.722+0000] {dagbag.py:538} INFO - Filling up the DagBag from /home/airflow/.local/lib/python3.8/site-packages/airflow/example_dags/example_complex.py
[2024-02-03T18:59:01.732+0000] {processor.py:840} INFO - DAG(s) 'example_complex' retrieved from /home/airflow/.local/lib/python3.8/site-packages/airflow/example_dags/example_complex.py
[2024-02-03T18:59:01.753+0000] {logging_mixin.py:188} INFO - [2024-02-03T18:59:01.752+0000] {dag.py:3036} INFO - Sync 1 DAGs
[2024-02-03T18:59:01.759+0000] {logging_mixin.py:188} INFO - [2024-02-03T18:59:01.759+0000] {dag.py:3823} INFO - Setting next_dagrun for example_complex to None, run_after=None
[2024-02-03T18:59:01.769+0000] {processor.py:183} INFO - Processing /home/airflow/.local/lib/python3.8/site-packages/airflow/example_dags/example_complex.py took 0.052 seconds
[2024-02-03T18:59:32.484+0000] {processor.py:161} INFO - Started process (PID=3048) to work on /home/airflow/.local/lib/python3.8/site-packages/airflow/example_dags/example_complex.py
[2024-02-03T18:59:32.485+0000] {processor.py:830} INFO - Processing file /home/airflow/.local/lib/python3.8/site-packages/airflow/example_dags/example_complex.py for tasks to queue
[2024-02-03T18:59:32.486+0000] {logging_mixin.py:188} INFO - [2024-02-03T18:59:32.486+0000] {dagbag.py:538} INFO - Filling up the DagBag from /home/airflow/.local/lib/python3.8/site-packages/airflow/example_dags/example_complex.py
[2024-02-03T18:59:32.498+0000] {processor.py:840} INFO - DAG(s) 'example_complex' retrieved from /home/airflow/.local/lib/python3.8/site-packages/airflow/example_dags/example_complex.py
[2024-02-03T18:59:32.520+0000] {logging_mixin.py:188} INFO - [2024-02-03T18:59:32.520+0000] {dag.py:3036} INFO - Sync 1 DAGs
[2024-02-03T18:59:32.527+0000] {logging_mixin.py:188} INFO - [2024-02-03T18:59:32.527+0000] {dag.py:3823} INFO - Setting next_dagrun for example_complex to None, run_after=None
[2024-02-03T18:59:32.537+0000] {processor.py:183} INFO - Processing /home/airflow/.local/lib/python3.8/site-packages/airflow/example_dags/example_complex.py took 0.057 seconds
[2024-02-03T19:00:03.270+0000] {processor.py:161} INFO - Started process (PID=3295) to work on /home/airflow/.local/lib/python3.8/site-packages/airflow/example_dags/example_complex.py
[2024-02-03T19:00:03.271+0000] {processor.py:830} INFO - Processing file /home/airflow/.local/lib/python3.8/site-packages/airflow/example_dags/example_complex.py for tasks to queue
[2024-02-03T19:00:03.272+0000] {logging_mixin.py:188} INFO - [2024-02-03T19:00:03.272+0000] {dagbag.py:538} INFO - Filling up the DagBag from /home/airflow/.local/lib/python3.8/site-packages/airflow/example_dags/example_complex.py
[2024-02-03T19:00:03.281+0000] {processor.py:840} INFO - DAG(s) 'example_complex' retrieved from /home/airflow/.local/lib/python3.8/site-packages/airflow/example_dags/example_complex.py
[2024-02-03T19:00:03.301+0000] {logging_mixin.py:188} INFO - [2024-02-03T19:00:03.301+0000] {dag.py:3036} INFO - Sync 1 DAGs
[2024-02-03T19:00:03.308+0000] {logging_mixin.py:188} INFO - [2024-02-03T19:00:03.308+0000] {dag.py:3823} INFO - Setting next_dagrun for example_complex to None, run_after=None
[2024-02-03T19:00:03.317+0000] {processor.py:183} INFO - Processing /home/airflow/.local/lib/python3.8/site-packages/airflow/example_dags/example_complex.py took 0.051 seconds
[2024-02-03T19:00:34.215+0000] {processor.py:161} INFO - Started process (PID=3542) to work on /home/airflow/.local/lib/python3.8/site-packages/airflow/example_dags/example_complex.py
[2024-02-03T19:00:34.216+0000] {processor.py:830} INFO - Processing file /home/airflow/.local/lib/python3.8/site-packages/airflow/example_dags/example_complex.py for tasks to queue
[2024-02-03T19:00:34.217+0000] {logging_mixin.py:188} INFO - [2024-02-03T19:00:34.217+0000] {dagbag.py:538} INFO - Filling up the DagBag from /home/airflow/.local/lib/python3.8/site-packages/airflow/example_dags/example_complex.py
[2024-02-03T19:00:34.225+0000] {processor.py:840} INFO - DAG(s) 'example_complex' retrieved from /home/airflow/.local/lib/python3.8/site-packages/airflow/example_dags/example_complex.py
[2024-02-03T19:00:34.245+0000] {logging_mixin.py:188} INFO - [2024-02-03T19:00:34.245+0000] {dag.py:3036} INFO - Sync 1 DAGs
[2024-02-03T19:00:34.253+0000] {logging_mixin.py:188} INFO - [2024-02-03T19:00:34.252+0000] {dag.py:3823} INFO - Setting next_dagrun for example_complex to None, run_after=None
[2024-02-03T19:00:34.264+0000] {processor.py:183} INFO - Processing /home/airflow/.local/lib/python3.8/site-packages/airflow/example_dags/example_complex.py took 0.051 seconds
[2024-02-03T19:01:04.410+0000] {processor.py:161} INFO - Started process (PID=3789) to work on /home/airflow/.local/lib/python3.8/site-packages/airflow/example_dags/example_complex.py
[2024-02-03T19:01:04.411+0000] {processor.py:830} INFO - Processing file /home/airflow/.local/lib/python3.8/site-packages/airflow/example_dags/example_complex.py for tasks to queue
[2024-02-03T19:01:04.413+0000] {logging_mixin.py:188} INFO - [2024-02-03T19:01:04.412+0000] {dagbag.py:538} INFO - Filling up the DagBag from /home/airflow/.local/lib/python3.8/site-packages/airflow/example_dags/example_complex.py
[2024-02-03T19:01:04.425+0000] {processor.py:840} INFO - DAG(s) 'example_complex' retrieved from /home/airflow/.local/lib/python3.8/site-packages/airflow/example_dags/example_complex.py
[2024-02-03T19:01:04.436+0000] {logging_mixin.py:188} INFO - [2024-02-03T19:01:04.436+0000] {dag.py:3036} INFO - Sync 1 DAGs
[2024-02-03T19:01:04.446+0000] {logging_mixin.py:188} INFO - [2024-02-03T19:01:04.446+0000] {dag.py:3823} INFO - Setting next_dagrun for example_complex to None, run_after=None
[2024-02-03T19:01:04.457+0000] {processor.py:183} INFO - Processing /home/airflow/.local/lib/python3.8/site-packages/airflow/example_dags/example_complex.py took 0.052 seconds
[2024-02-03T19:01:35.270+0000] {processor.py:161} INFO - Started process (PID=4036) to work on /home/airflow/.local/lib/python3.8/site-packages/airflow/example_dags/example_complex.py
[2024-02-03T19:01:35.272+0000] {processor.py:830} INFO - Processing file /home/airflow/.local/lib/python3.8/site-packages/airflow/example_dags/example_complex.py for tasks to queue
[2024-02-03T19:01:35.273+0000] {logging_mixin.py:188} INFO - [2024-02-03T19:01:35.273+0000] {dagbag.py:538} INFO - Filling up the DagBag from /home/airflow/.local/lib/python3.8/site-packages/airflow/example_dags/example_complex.py
[2024-02-03T19:01:35.288+0000] {processor.py:840} INFO - DAG(s) 'example_complex' retrieved from /home/airflow/.local/lib/python3.8/site-packages/airflow/example_dags/example_complex.py
[2024-02-03T19:01:35.367+0000] {logging_mixin.py:188} INFO - [2024-02-03T19:01:35.367+0000] {dag.py:3036} INFO - Sync 1 DAGs
[2024-02-03T19:01:35.373+0000] {logging_mixin.py:188} INFO - [2024-02-03T19:01:35.373+0000] {dag.py:3823} INFO - Setting next_dagrun for example_complex to None, run_after=None
[2024-02-03T19:01:35.386+0000] {processor.py:183} INFO - Processing /home/airflow/.local/lib/python3.8/site-packages/airflow/example_dags/example_complex.py took 0.120 seconds
[2024-02-03T19:02:05.468+0000] {processor.py:161} INFO - Started process (PID=4283) to work on /home/airflow/.local/lib/python3.8/site-packages/airflow/example_dags/example_complex.py
[2024-02-03T19:02:05.469+0000] {processor.py:830} INFO - Processing file /home/airflow/.local/lib/python3.8/site-packages/airflow/example_dags/example_complex.py for tasks to queue
[2024-02-03T19:02:05.470+0000] {logging_mixin.py:188} INFO - [2024-02-03T19:02:05.470+0000] {dagbag.py:538} INFO - Filling up the DagBag from /home/airflow/.local/lib/python3.8/site-packages/airflow/example_dags/example_complex.py
[2024-02-03T19:02:05.482+0000] {processor.py:840} INFO - DAG(s) 'example_complex' retrieved from /home/airflow/.local/lib/python3.8/site-packages/airflow/example_dags/example_complex.py
[2024-02-03T19:02:05.504+0000] {logging_mixin.py:188} INFO - [2024-02-03T19:02:05.504+0000] {dag.py:3036} INFO - Sync 1 DAGs
[2024-02-03T19:02:05.512+0000] {logging_mixin.py:188} INFO - [2024-02-03T19:02:05.512+0000] {dag.py:3823} INFO - Setting next_dagrun for example_complex to None, run_after=None
[2024-02-03T19:02:05.521+0000] {processor.py:183} INFO - Processing /home/airflow/.local/lib/python3.8/site-packages/airflow/example_dags/example_complex.py took 0.058 seconds
[2024-02-03T19:02:35.570+0000] {processor.py:161} INFO - Started process (PID=4530) to work on /home/airflow/.local/lib/python3.8/site-packages/airflow/example_dags/example_complex.py
[2024-02-03T19:02:35.572+0000] {processor.py:830} INFO - Processing file /home/airflow/.local/lib/python3.8/site-packages/airflow/example_dags/example_complex.py for tasks to queue
[2024-02-03T19:02:35.572+0000] {logging_mixin.py:188} INFO - [2024-02-03T19:02:35.572+0000] {dagbag.py:538} INFO - Filling up the DagBag from /home/airflow/.local/lib/python3.8/site-packages/airflow/example_dags/example_complex.py
[2024-02-03T19:02:35.581+0000] {processor.py:840} INFO - DAG(s) 'example_complex' retrieved from /home/airflow/.local/lib/python3.8/site-packages/airflow/example_dags/example_complex.py
[2024-02-03T19:02:35.600+0000] {logging_mixin.py:188} INFO - [2024-02-03T19:02:35.600+0000] {dag.py:3036} INFO - Sync 1 DAGs
[2024-02-03T19:02:35.606+0000] {logging_mixin.py:188} INFO - [2024-02-03T19:02:35.606+0000] {dag.py:3823} INFO - Setting next_dagrun for example_complex to None, run_after=None
[2024-02-03T19:02:35.615+0000] {processor.py:183} INFO - Processing /home/airflow/.local/lib/python3.8/site-packages/airflow/example_dags/example_complex.py took 0.048 seconds
[2024-02-03T19:03:05.801+0000] {processor.py:161} INFO - Started process (PID=4777) to work on /home/airflow/.local/lib/python3.8/site-packages/airflow/example_dags/example_complex.py
[2024-02-03T19:03:05.802+0000] {processor.py:830} INFO - Processing file /home/airflow/.local/lib/python3.8/site-packages/airflow/example_dags/example_complex.py for tasks to queue
[2024-02-03T19:03:05.803+0000] {logging_mixin.py:188} INFO - [2024-02-03T19:03:05.802+0000] {dagbag.py:538} INFO - Filling up the DagBag from /home/airflow/.local/lib/python3.8/site-packages/airflow/example_dags/example_complex.py
[2024-02-03T19:03:05.813+0000] {processor.py:840} INFO - DAG(s) 'example_complex' retrieved from /home/airflow/.local/lib/python3.8/site-packages/airflow/example_dags/example_complex.py
[2024-02-03T19:03:05.837+0000] {logging_mixin.py:188} INFO - [2024-02-03T19:03:05.837+0000] {dag.py:3036} INFO - Sync 1 DAGs
[2024-02-03T19:03:05.844+0000] {logging_mixin.py:188} INFO - [2024-02-03T19:03:05.844+0000] {dag.py:3823} INFO - Setting next_dagrun for example_complex to None, run_after=None
[2024-02-03T19:03:05.854+0000] {processor.py:183} INFO - Processing /home/airflow/.local/lib/python3.8/site-packages/airflow/example_dags/example_complex.py took 0.056 seconds
[2024-02-03T19:03:36.585+0000] {processor.py:161} INFO - Started process (PID=5024) to work on /home/airflow/.local/lib/python3.8/site-packages/airflow/example_dags/example_complex.py
[2024-02-03T19:03:36.586+0000] {processor.py:830} INFO - Processing file /home/airflow/.local/lib/python3.8/site-packages/airflow/example_dags/example_complex.py for tasks to queue
[2024-02-03T19:03:36.587+0000] {logging_mixin.py:188} INFO - [2024-02-03T19:03:36.587+0000] {dagbag.py:538} INFO - Filling up the DagBag from /home/airflow/.local/lib/python3.8/site-packages/airflow/example_dags/example_complex.py
[2024-02-03T19:03:36.597+0000] {processor.py:840} INFO - DAG(s) 'example_complex' retrieved from /home/airflow/.local/lib/python3.8/site-packages/airflow/example_dags/example_complex.py
[2024-02-03T19:03:36.620+0000] {logging_mixin.py:188} INFO - [2024-02-03T19:03:36.620+0000] {dag.py:3036} INFO - Sync 1 DAGs
[2024-02-03T19:03:36.627+0000] {logging_mixin.py:188} INFO - [2024-02-03T19:03:36.627+0000] {dag.py:3823} INFO - Setting next_dagrun for example_complex to None, run_after=None
[2024-02-03T19:03:36.637+0000] {processor.py:183} INFO - Processing /home/airflow/.local/lib/python3.8/site-packages/airflow/example_dags/example_complex.py took 0.056 seconds
[2024-02-03T19:04:07.347+0000] {processor.py:161} INFO - Started process (PID=5271) to work on /home/airflow/.local/lib/python3.8/site-packages/airflow/example_dags/example_complex.py
[2024-02-03T19:04:07.348+0000] {processor.py:830} INFO - Processing file /home/airflow/.local/lib/python3.8/site-packages/airflow/example_dags/example_complex.py for tasks to queue
[2024-02-03T19:04:07.349+0000] {logging_mixin.py:188} INFO - [2024-02-03T19:04:07.349+0000] {dagbag.py:538} INFO - Filling up the DagBag from /home/airflow/.local/lib/python3.8/site-packages/airflow/example_dags/example_complex.py
[2024-02-03T19:04:07.357+0000] {processor.py:840} INFO - DAG(s) 'example_complex' retrieved from /home/airflow/.local/lib/python3.8/site-packages/airflow/example_dags/example_complex.py
[2024-02-03T19:04:07.376+0000] {logging_mixin.py:188} INFO - [2024-02-03T19:04:07.375+0000] {dag.py:3036} INFO - Sync 1 DAGs
[2024-02-03T19:04:07.382+0000] {logging_mixin.py:188} INFO - [2024-02-03T19:04:07.382+0000] {dag.py:3823} INFO - Setting next_dagrun for example_complex to None, run_after=None
[2024-02-03T19:04:07.391+0000] {processor.py:183} INFO - Processing /home/airflow/.local/lib/python3.8/site-packages/airflow/example_dags/example_complex.py took 0.047 seconds
[2024-02-03T19:04:38.203+0000] {processor.py:161} INFO - Started process (PID=5518) to work on /home/airflow/.local/lib/python3.8/site-packages/airflow/example_dags/example_complex.py
[2024-02-03T19:04:38.204+0000] {processor.py:830} INFO - Processing file /home/airflow/.local/lib/python3.8/site-packages/airflow/example_dags/example_complex.py for tasks to queue
[2024-02-03T19:04:38.205+0000] {logging_mixin.py:188} INFO - [2024-02-03T19:04:38.205+0000] {dagbag.py:538} INFO - Filling up the DagBag from /home/airflow/.local/lib/python3.8/site-packages/airflow/example_dags/example_complex.py
[2024-02-03T19:04:38.215+0000] {processor.py:840} INFO - DAG(s) 'example_complex' retrieved from /home/airflow/.local/lib/python3.8/site-packages/airflow/example_dags/example_complex.py
[2024-02-03T19:04:38.238+0000] {logging_mixin.py:188} INFO - [2024-02-03T19:04:38.238+0000] {dag.py:3036} INFO - Sync 1 DAGs
[2024-02-03T19:04:38.245+0000] {logging_mixin.py:188} INFO - [2024-02-03T19:04:38.245+0000] {dag.py:3823} INFO - Setting next_dagrun for example_complex to None, run_after=None
[2024-02-03T19:04:38.255+0000] {processor.py:183} INFO - Processing /home/airflow/.local/lib/python3.8/site-packages/airflow/example_dags/example_complex.py took 0.056 seconds
[2024-02-03T19:05:08.345+0000] {processor.py:161} INFO - Started process (PID=5765) to work on /home/airflow/.local/lib/python3.8/site-packages/airflow/example_dags/example_complex.py
[2024-02-03T19:05:08.346+0000] {processor.py:830} INFO - Processing file /home/airflow/.local/lib/python3.8/site-packages/airflow/example_dags/example_complex.py for tasks to queue
[2024-02-03T19:05:08.346+0000] {logging_mixin.py:188} INFO - [2024-02-03T19:05:08.346+0000] {dagbag.py:538} INFO - Filling up the DagBag from /home/airflow/.local/lib/python3.8/site-packages/airflow/example_dags/example_complex.py
[2024-02-03T19:05:08.353+0000] {processor.py:840} INFO - DAG(s) 'example_complex' retrieved from /home/airflow/.local/lib/python3.8/site-packages/airflow/example_dags/example_complex.py
[2024-02-03T19:05:08.372+0000] {logging_mixin.py:188} INFO - [2024-02-03T19:05:08.372+0000] {dag.py:3036} INFO - Sync 1 DAGs
[2024-02-03T19:05:08.380+0000] {logging_mixin.py:188} INFO - [2024-02-03T19:05:08.379+0000] {dag.py:3823} INFO - Setting next_dagrun for example_complex to None, run_after=None
[2024-02-03T19:05:08.392+0000] {processor.py:183} INFO - Processing /home/airflow/.local/lib/python3.8/site-packages/airflow/example_dags/example_complex.py took 0.049 seconds
[2024-02-03T19:05:39.376+0000] {processor.py:161} INFO - Started process (PID=6011) to work on /home/airflow/.local/lib/python3.8/site-packages/airflow/example_dags/example_complex.py
[2024-02-03T19:05:39.378+0000] {processor.py:830} INFO - Processing file /home/airflow/.local/lib/python3.8/site-packages/airflow/example_dags/example_complex.py for tasks to queue
[2024-02-03T19:05:39.379+0000] {logging_mixin.py:188} INFO - [2024-02-03T19:05:39.379+0000] {dagbag.py:538} INFO - Filling up the DagBag from /home/airflow/.local/lib/python3.8/site-packages/airflow/example_dags/example_complex.py
[2024-02-03T19:05:39.389+0000] {processor.py:840} INFO - DAG(s) 'example_complex' retrieved from /home/airflow/.local/lib/python3.8/site-packages/airflow/example_dags/example_complex.py
[2024-02-03T19:05:39.400+0000] {logging_mixin.py:188} INFO - [2024-02-03T19:05:39.400+0000] {dag.py:3036} INFO - Sync 1 DAGs
[2024-02-03T19:05:39.412+0000] {logging_mixin.py:188} INFO - [2024-02-03T19:05:39.412+0000] {dag.py:3823} INFO - Setting next_dagrun for example_complex to None, run_after=None
[2024-02-03T19:05:39.430+0000] {processor.py:183} INFO - Processing /home/airflow/.local/lib/python3.8/site-packages/airflow/example_dags/example_complex.py took 0.056 seconds
[2024-02-03T19:06:09.674+0000] {processor.py:161} INFO - Started process (PID=6258) to work on /home/airflow/.local/lib/python3.8/site-packages/airflow/example_dags/example_complex.py
[2024-02-03T19:06:09.675+0000] {processor.py:830} INFO - Processing file /home/airflow/.local/lib/python3.8/site-packages/airflow/example_dags/example_complex.py for tasks to queue
[2024-02-03T19:06:09.675+0000] {logging_mixin.py:188} INFO - [2024-02-03T19:06:09.675+0000] {dagbag.py:538} INFO - Filling up the DagBag from /home/airflow/.local/lib/python3.8/site-packages/airflow/example_dags/example_complex.py
[2024-02-03T19:06:09.683+0000] {processor.py:840} INFO - DAG(s) 'example_complex' retrieved from /home/airflow/.local/lib/python3.8/site-packages/airflow/example_dags/example_complex.py
[2024-02-03T19:06:09.740+0000] {logging_mixin.py:188} INFO - [2024-02-03T19:06:09.740+0000] {dag.py:3036} INFO - Sync 1 DAGs
[2024-02-03T19:06:09.745+0000] {logging_mixin.py:188} INFO - [2024-02-03T19:06:09.745+0000] {dag.py:3823} INFO - Setting next_dagrun for example_complex to None, run_after=None
[2024-02-03T19:06:09.755+0000] {processor.py:183} INFO - Processing /home/airflow/.local/lib/python3.8/site-packages/airflow/example_dags/example_complex.py took 0.084 seconds
[2024-02-03T19:06:39.790+0000] {processor.py:161} INFO - Started process (PID=6505) to work on /home/airflow/.local/lib/python3.8/site-packages/airflow/example_dags/example_complex.py
[2024-02-03T19:06:39.791+0000] {processor.py:830} INFO - Processing file /home/airflow/.local/lib/python3.8/site-packages/airflow/example_dags/example_complex.py for tasks to queue
[2024-02-03T19:06:39.791+0000] {logging_mixin.py:188} INFO - [2024-02-03T19:06:39.791+0000] {dagbag.py:538} INFO - Filling up the DagBag from /home/airflow/.local/lib/python3.8/site-packages/airflow/example_dags/example_complex.py
[2024-02-03T19:06:39.803+0000] {processor.py:840} INFO - DAG(s) 'example_complex' retrieved from /home/airflow/.local/lib/python3.8/site-packages/airflow/example_dags/example_complex.py
[2024-02-03T19:06:39.829+0000] {logging_mixin.py:188} INFO - [2024-02-03T19:06:39.829+0000] {dag.py:3036} INFO - Sync 1 DAGs
[2024-02-03T19:06:39.839+0000] {logging_mixin.py:188} INFO - [2024-02-03T19:06:39.839+0000] {dag.py:3823} INFO - Setting next_dagrun for example_complex to None, run_after=None
[2024-02-03T19:06:39.851+0000] {processor.py:183} INFO - Processing /home/airflow/.local/lib/python3.8/site-packages/airflow/example_dags/example_complex.py took 0.064 seconds
[2024-02-03T19:07:10.802+0000] {processor.py:161} INFO - Started process (PID=6752) to work on /home/airflow/.local/lib/python3.8/site-packages/airflow/example_dags/example_complex.py
[2024-02-03T19:07:10.804+0000] {processor.py:830} INFO - Processing file /home/airflow/.local/lib/python3.8/site-packages/airflow/example_dags/example_complex.py for tasks to queue
[2024-02-03T19:07:10.805+0000] {logging_mixin.py:188} INFO - [2024-02-03T19:07:10.805+0000] {dagbag.py:538} INFO - Filling up the DagBag from /home/airflow/.local/lib/python3.8/site-packages/airflow/example_dags/example_complex.py
[2024-02-03T19:07:10.818+0000] {processor.py:840} INFO - DAG(s) 'example_complex' retrieved from /home/airflow/.local/lib/python3.8/site-packages/airflow/example_dags/example_complex.py
[2024-02-03T19:07:10.841+0000] {logging_mixin.py:188} INFO - [2024-02-03T19:07:10.841+0000] {dag.py:3036} INFO - Sync 1 DAGs
[2024-02-03T19:07:10.849+0000] {logging_mixin.py:188} INFO - [2024-02-03T19:07:10.849+0000] {dag.py:3823} INFO - Setting next_dagrun for example_complex to None, run_after=None
[2024-02-03T19:07:10.860+0000] {processor.py:183} INFO - Processing /home/airflow/.local/lib/python3.8/site-packages/airflow/example_dags/example_complex.py took 0.062 seconds
[2024-02-03T19:07:40.936+0000] {processor.py:161} INFO - Started process (PID=6999) to work on /home/airflow/.local/lib/python3.8/site-packages/airflow/example_dags/example_complex.py
[2024-02-03T19:07:40.937+0000] {processor.py:830} INFO - Processing file /home/airflow/.local/lib/python3.8/site-packages/airflow/example_dags/example_complex.py for tasks to queue
[2024-02-03T19:07:40.938+0000] {logging_mixin.py:188} INFO - [2024-02-03T19:07:40.938+0000] {dagbag.py:538} INFO - Filling up the DagBag from /home/airflow/.local/lib/python3.8/site-packages/airflow/example_dags/example_complex.py
[2024-02-03T19:07:40.949+0000] {processor.py:840} INFO - DAG(s) 'example_complex' retrieved from /home/airflow/.local/lib/python3.8/site-packages/airflow/example_dags/example_complex.py
[2024-02-03T19:07:40.971+0000] {logging_mixin.py:188} INFO - [2024-02-03T19:07:40.971+0000] {dag.py:3036} INFO - Sync 1 DAGs
[2024-02-03T19:07:40.978+0000] {logging_mixin.py:188} INFO - [2024-02-03T19:07:40.978+0000] {dag.py:3823} INFO - Setting next_dagrun for example_complex to None, run_after=None
[2024-02-03T19:07:40.987+0000] {processor.py:183} INFO - Processing /home/airflow/.local/lib/python3.8/site-packages/airflow/example_dags/example_complex.py took 0.055 seconds
[2024-02-03T19:08:11.293+0000] {processor.py:161} INFO - Started process (PID=7246) to work on /home/airflow/.local/lib/python3.8/site-packages/airflow/example_dags/example_complex.py
[2024-02-03T19:08:11.294+0000] {processor.py:830} INFO - Processing file /home/airflow/.local/lib/python3.8/site-packages/airflow/example_dags/example_complex.py for tasks to queue
[2024-02-03T19:08:11.295+0000] {logging_mixin.py:188} INFO - [2024-02-03T19:08:11.295+0000] {dagbag.py:538} INFO - Filling up the DagBag from /home/airflow/.local/lib/python3.8/site-packages/airflow/example_dags/example_complex.py
[2024-02-03T19:08:11.307+0000] {processor.py:840} INFO - DAG(s) 'example_complex' retrieved from /home/airflow/.local/lib/python3.8/site-packages/airflow/example_dags/example_complex.py
[2024-02-03T19:08:11.332+0000] {logging_mixin.py:188} INFO - [2024-02-03T19:08:11.332+0000] {dag.py:3036} INFO - Sync 1 DAGs
[2024-02-03T19:08:11.340+0000] {logging_mixin.py:188} INFO - [2024-02-03T19:08:11.340+0000] {dag.py:3823} INFO - Setting next_dagrun for example_complex to None, run_after=None
[2024-02-03T19:08:11.351+0000] {processor.py:183} INFO - Processing /home/airflow/.local/lib/python3.8/site-packages/airflow/example_dags/example_complex.py took 0.062 seconds
[2024-02-03T19:08:41.498+0000] {processor.py:161} INFO - Started process (PID=7493) to work on /home/airflow/.local/lib/python3.8/site-packages/airflow/example_dags/example_complex.py
[2024-02-03T19:08:41.498+0000] {processor.py:830} INFO - Processing file /home/airflow/.local/lib/python3.8/site-packages/airflow/example_dags/example_complex.py for tasks to queue
[2024-02-03T19:08:41.499+0000] {logging_mixin.py:188} INFO - [2024-02-03T19:08:41.499+0000] {dagbag.py:538} INFO - Filling up the DagBag from /home/airflow/.local/lib/python3.8/site-packages/airflow/example_dags/example_complex.py
[2024-02-03T19:08:41.506+0000] {processor.py:840} INFO - DAG(s) 'example_complex' retrieved from /home/airflow/.local/lib/python3.8/site-packages/airflow/example_dags/example_complex.py
[2024-02-03T19:08:41.537+0000] {logging_mixin.py:188} INFO - [2024-02-03T19:08:41.537+0000] {dag.py:3036} INFO - Sync 1 DAGs
[2024-02-03T19:08:41.544+0000] {logging_mixin.py:188} INFO - [2024-02-03T19:08:41.544+0000] {dag.py:3823} INFO - Setting next_dagrun for example_complex to None, run_after=None
[2024-02-03T19:08:41.555+0000] {processor.py:183} INFO - Processing /home/airflow/.local/lib/python3.8/site-packages/airflow/example_dags/example_complex.py took 0.061 seconds
[2024-02-03T19:09:12.302+0000] {processor.py:161} INFO - Started process (PID=7740) to work on /home/airflow/.local/lib/python3.8/site-packages/airflow/example_dags/example_complex.py
[2024-02-03T19:09:12.303+0000] {processor.py:830} INFO - Processing file /home/airflow/.local/lib/python3.8/site-packages/airflow/example_dags/example_complex.py for tasks to queue
[2024-02-03T19:09:12.304+0000] {logging_mixin.py:188} INFO - [2024-02-03T19:09:12.303+0000] {dagbag.py:538} INFO - Filling up the DagBag from /home/airflow/.local/lib/python3.8/site-packages/airflow/example_dags/example_complex.py
[2024-02-03T19:09:12.310+0000] {processor.py:840} INFO - DAG(s) 'example_complex' retrieved from /home/airflow/.local/lib/python3.8/site-packages/airflow/example_dags/example_complex.py
[2024-02-03T19:09:12.327+0000] {logging_mixin.py:188} INFO - [2024-02-03T19:09:12.327+0000] {dag.py:3036} INFO - Sync 1 DAGs
[2024-02-03T19:09:12.333+0000] {logging_mixin.py:188} INFO - [2024-02-03T19:09:12.333+0000] {dag.py:3823} INFO - Setting next_dagrun for example_complex to None, run_after=None
[2024-02-03T19:09:12.343+0000] {processor.py:183} INFO - Processing /home/airflow/.local/lib/python3.8/site-packages/airflow/example_dags/example_complex.py took 0.044 seconds
[2024-02-03T19:09:43.134+0000] {processor.py:161} INFO - Started process (PID=7987) to work on /home/airflow/.local/lib/python3.8/site-packages/airflow/example_dags/example_complex.py
[2024-02-03T19:09:43.136+0000] {processor.py:830} INFO - Processing file /home/airflow/.local/lib/python3.8/site-packages/airflow/example_dags/example_complex.py for tasks to queue
[2024-02-03T19:09:43.137+0000] {logging_mixin.py:188} INFO - [2024-02-03T19:09:43.137+0000] {dagbag.py:538} INFO - Filling up the DagBag from /home/airflow/.local/lib/python3.8/site-packages/airflow/example_dags/example_complex.py
[2024-02-03T19:09:43.149+0000] {processor.py:840} INFO - DAG(s) 'example_complex' retrieved from /home/airflow/.local/lib/python3.8/site-packages/airflow/example_dags/example_complex.py
[2024-02-03T19:09:43.171+0000] {logging_mixin.py:188} INFO - [2024-02-03T19:09:43.171+0000] {dag.py:3036} INFO - Sync 1 DAGs
[2024-02-03T19:09:43.178+0000] {logging_mixin.py:188} INFO - [2024-02-03T19:09:43.178+0000] {dag.py:3823} INFO - Setting next_dagrun for example_complex to None, run_after=None
[2024-02-03T19:09:43.188+0000] {processor.py:183} INFO - Processing /home/airflow/.local/lib/python3.8/site-packages/airflow/example_dags/example_complex.py took 0.058 seconds
[2024-02-03T19:10:13.351+0000] {processor.py:161} INFO - Started process (PID=8234) to work on /home/airflow/.local/lib/python3.8/site-packages/airflow/example_dags/example_complex.py
[2024-02-03T19:10:13.352+0000] {processor.py:830} INFO - Processing file /home/airflow/.local/lib/python3.8/site-packages/airflow/example_dags/example_complex.py for tasks to queue
[2024-02-03T19:10:13.353+0000] {logging_mixin.py:188} INFO - [2024-02-03T19:10:13.353+0000] {dagbag.py:538} INFO - Filling up the DagBag from /home/airflow/.local/lib/python3.8/site-packages/airflow/example_dags/example_complex.py
[2024-02-03T19:10:13.364+0000] {processor.py:840} INFO - DAG(s) 'example_complex' retrieved from /home/airflow/.local/lib/python3.8/site-packages/airflow/example_dags/example_complex.py
[2024-02-03T19:10:13.386+0000] {logging_mixin.py:188} INFO - [2024-02-03T19:10:13.386+0000] {dag.py:3036} INFO - Sync 1 DAGs
[2024-02-03T19:10:13.394+0000] {logging_mixin.py:188} INFO - [2024-02-03T19:10:13.393+0000] {dag.py:3823} INFO - Setting next_dagrun for example_complex to None, run_after=None
[2024-02-03T19:10:13.403+0000] {processor.py:183} INFO - Processing /home/airflow/.local/lib/python3.8/site-packages/airflow/example_dags/example_complex.py took 0.056 seconds
