[2024-02-03T18:53:52.745+0000] {processor.py:161} INFO - Started process (PID=301) to work on /home/airflow/.local/lib/python3.8/site-packages/airflow/example_dags/example_setup_teardown.py
[2024-02-03T18:53:52.746+0000] {processor.py:830} INFO - Processing file /home/airflow/.local/lib/python3.8/site-packages/airflow/example_dags/example_setup_teardown.py for tasks to queue
[2024-02-03T18:53:52.747+0000] {logging_mixin.py:188} INFO - [2024-02-03T18:53:52.746+0000] {dagbag.py:538} INFO - Filling up the DagBag from /home/airflow/.local/lib/python3.8/site-packages/airflow/example_dags/example_setup_teardown.py
[2024-02-03T18:53:52.751+0000] {processor.py:840} INFO - DAG(s) 'example_setup_teardown' retrieved from /home/airflow/.local/lib/python3.8/site-packages/airflow/example_dags/example_setup_teardown.py
[2024-02-03T18:53:52.759+0000] {logging_mixin.py:188} INFO - [2024-02-03T18:53:52.759+0000] {dag.py:3036} INFO - Sync 1 DAGs
[2024-02-03T18:53:52.772+0000] {logging_mixin.py:188} INFO - [2024-02-03T18:53:52.772+0000] {dag.py:3823} INFO - Setting next_dagrun for example_setup_teardown to 2024-02-02 00:00:00+00:00, run_after=2024-02-03 00:00:00+00:00
[2024-02-03T18:53:52.781+0000] {processor.py:183} INFO - Processing /home/airflow/.local/lib/python3.8/site-packages/airflow/example_dags/example_setup_teardown.py took 0.039 seconds
[2024-02-03T18:54:23.609+0000] {processor.py:161} INFO - Started process (PID=548) to work on /home/airflow/.local/lib/python3.8/site-packages/airflow/example_dags/example_setup_teardown.py
[2024-02-03T18:54:23.610+0000] {processor.py:830} INFO - Processing file /home/airflow/.local/lib/python3.8/site-packages/airflow/example_dags/example_setup_teardown.py for tasks to queue
[2024-02-03T18:54:23.610+0000] {logging_mixin.py:188} INFO - [2024-02-03T18:54:23.610+0000] {dagbag.py:538} INFO - Filling up the DagBag from /home/airflow/.local/lib/python3.8/site-packages/airflow/example_dags/example_setup_teardown.py
[2024-02-03T18:54:23.616+0000] {processor.py:840} INFO - DAG(s) 'example_setup_teardown' retrieved from /home/airflow/.local/lib/python3.8/site-packages/airflow/example_dags/example_setup_teardown.py
[2024-02-03T18:54:23.669+0000] {logging_mixin.py:188} INFO - [2024-02-03T18:54:23.669+0000] {dag.py:3036} INFO - Sync 1 DAGs
[2024-02-03T18:54:23.681+0000] {logging_mixin.py:188} INFO - [2024-02-03T18:54:23.681+0000] {dag.py:3823} INFO - Setting next_dagrun for example_setup_teardown to 2024-02-02 00:00:00+00:00, run_after=2024-02-03 00:00:00+00:00
[2024-02-03T18:54:23.691+0000] {processor.py:183} INFO - Processing /home/airflow/.local/lib/python3.8/site-packages/airflow/example_dags/example_setup_teardown.py took 0.084 seconds
[2024-02-03T18:54:53.752+0000] {processor.py:161} INFO - Started process (PID=795) to work on /home/airflow/.local/lib/python3.8/site-packages/airflow/example_dags/example_setup_teardown.py
[2024-02-03T18:54:53.753+0000] {processor.py:830} INFO - Processing file /home/airflow/.local/lib/python3.8/site-packages/airflow/example_dags/example_setup_teardown.py for tasks to queue
[2024-02-03T18:54:53.754+0000] {logging_mixin.py:188} INFO - [2024-02-03T18:54:53.754+0000] {dagbag.py:538} INFO - Filling up the DagBag from /home/airflow/.local/lib/python3.8/site-packages/airflow/example_dags/example_setup_teardown.py
[2024-02-03T18:54:53.758+0000] {processor.py:840} INFO - DAG(s) 'example_setup_teardown' retrieved from /home/airflow/.local/lib/python3.8/site-packages/airflow/example_dags/example_setup_teardown.py
[2024-02-03T18:54:53.770+0000] {logging_mixin.py:188} INFO - [2024-02-03T18:54:53.770+0000] {dag.py:3036} INFO - Sync 1 DAGs
[2024-02-03T18:54:53.782+0000] {logging_mixin.py:188} INFO - [2024-02-03T18:54:53.782+0000] {dag.py:3823} INFO - Setting next_dagrun for example_setup_teardown to 2024-02-02 00:00:00+00:00, run_after=2024-02-03 00:00:00+00:00
[2024-02-03T18:54:53.791+0000] {processor.py:183} INFO - Processing /home/airflow/.local/lib/python3.8/site-packages/airflow/example_dags/example_setup_teardown.py took 0.041 seconds
[2024-02-03T18:55:23.805+0000] {processor.py:161} INFO - Started process (PID=1039) to work on /home/airflow/.local/lib/python3.8/site-packages/airflow/example_dags/example_setup_teardown.py
[2024-02-03T18:55:23.806+0000] {processor.py:830} INFO - Processing file /home/airflow/.local/lib/python3.8/site-packages/airflow/example_dags/example_setup_teardown.py for tasks to queue
[2024-02-03T18:55:23.806+0000] {logging_mixin.py:188} INFO - [2024-02-03T18:55:23.806+0000] {dagbag.py:538} INFO - Filling up the DagBag from /home/airflow/.local/lib/python3.8/site-packages/airflow/example_dags/example_setup_teardown.py
[2024-02-03T18:55:23.810+0000] {processor.py:840} INFO - DAG(s) 'example_setup_teardown' retrieved from /home/airflow/.local/lib/python3.8/site-packages/airflow/example_dags/example_setup_teardown.py
[2024-02-03T18:55:23.821+0000] {logging_mixin.py:188} INFO - [2024-02-03T18:55:23.821+0000] {dag.py:3036} INFO - Sync 1 DAGs
[2024-02-03T18:55:23.831+0000] {logging_mixin.py:188} INFO - [2024-02-03T18:55:23.831+0000] {dag.py:3823} INFO - Setting next_dagrun for example_setup_teardown to 2024-02-02 00:00:00+00:00, run_after=2024-02-03 00:00:00+00:00
[2024-02-03T18:55:23.839+0000] {processor.py:183} INFO - Processing /home/airflow/.local/lib/python3.8/site-packages/airflow/example_dags/example_setup_teardown.py took 0.036 seconds
[2024-02-03T18:55:54.550+0000] {processor.py:161} INFO - Started process (PID=1284) to work on /home/airflow/.local/lib/python3.8/site-packages/airflow/example_dags/example_setup_teardown.py
[2024-02-03T18:55:54.551+0000] {processor.py:830} INFO - Processing file /home/airflow/.local/lib/python3.8/site-packages/airflow/example_dags/example_setup_teardown.py for tasks to queue
[2024-02-03T18:55:54.551+0000] {logging_mixin.py:188} INFO - [2024-02-03T18:55:54.551+0000] {dagbag.py:538} INFO - Filling up the DagBag from /home/airflow/.local/lib/python3.8/site-packages/airflow/example_dags/example_setup_teardown.py
[2024-02-03T18:55:54.556+0000] {processor.py:840} INFO - DAG(s) 'example_setup_teardown' retrieved from /home/airflow/.local/lib/python3.8/site-packages/airflow/example_dags/example_setup_teardown.py
[2024-02-03T18:55:54.567+0000] {logging_mixin.py:188} INFO - [2024-02-03T18:55:54.567+0000] {dag.py:3036} INFO - Sync 1 DAGs
[2024-02-03T18:55:54.577+0000] {logging_mixin.py:188} INFO - [2024-02-03T18:55:54.577+0000] {dag.py:3823} INFO - Setting next_dagrun for example_setup_teardown to 2024-02-02 00:00:00+00:00, run_after=2024-02-03 00:00:00+00:00
[2024-02-03T18:55:54.585+0000] {processor.py:183} INFO - Processing /home/airflow/.local/lib/python3.8/site-packages/airflow/example_dags/example_setup_teardown.py took 0.037 seconds
[2024-02-03T18:56:25.333+0000] {processor.py:161} INFO - Started process (PID=1531) to work on /home/airflow/.local/lib/python3.8/site-packages/airflow/example_dags/example_setup_teardown.py
[2024-02-03T18:56:25.334+0000] {processor.py:830} INFO - Processing file /home/airflow/.local/lib/python3.8/site-packages/airflow/example_dags/example_setup_teardown.py for tasks to queue
[2024-02-03T18:56:25.334+0000] {logging_mixin.py:188} INFO - [2024-02-03T18:56:25.334+0000] {dagbag.py:538} INFO - Filling up the DagBag from /home/airflow/.local/lib/python3.8/site-packages/airflow/example_dags/example_setup_teardown.py
[2024-02-03T18:56:25.338+0000] {processor.py:840} INFO - DAG(s) 'example_setup_teardown' retrieved from /home/airflow/.local/lib/python3.8/site-packages/airflow/example_dags/example_setup_teardown.py
[2024-02-03T18:56:25.349+0000] {logging_mixin.py:188} INFO - [2024-02-03T18:56:25.349+0000] {dag.py:3036} INFO - Sync 1 DAGs
[2024-02-03T18:56:25.360+0000] {logging_mixin.py:188} INFO - [2024-02-03T18:56:25.360+0000] {dag.py:3823} INFO - Setting next_dagrun for example_setup_teardown to 2024-02-02 00:00:00+00:00, run_after=2024-02-03 00:00:00+00:00
[2024-02-03T18:56:25.367+0000] {processor.py:183} INFO - Processing /home/airflow/.local/lib/python3.8/site-packages/airflow/example_dags/example_setup_teardown.py took 0.037 seconds
[2024-02-03T18:56:56.141+0000] {processor.py:161} INFO - Started process (PID=1778) to work on /home/airflow/.local/lib/python3.8/site-packages/airflow/example_dags/example_setup_teardown.py
[2024-02-03T18:56:56.142+0000] {processor.py:830} INFO - Processing file /home/airflow/.local/lib/python3.8/site-packages/airflow/example_dags/example_setup_teardown.py for tasks to queue
[2024-02-03T18:56:56.143+0000] {logging_mixin.py:188} INFO - [2024-02-03T18:56:56.142+0000] {dagbag.py:538} INFO - Filling up the DagBag from /home/airflow/.local/lib/python3.8/site-packages/airflow/example_dags/example_setup_teardown.py
[2024-02-03T18:56:56.147+0000] {processor.py:840} INFO - DAG(s) 'example_setup_teardown' retrieved from /home/airflow/.local/lib/python3.8/site-packages/airflow/example_dags/example_setup_teardown.py
[2024-02-03T18:56:56.158+0000] {logging_mixin.py:188} INFO - [2024-02-03T18:56:56.158+0000] {dag.py:3036} INFO - Sync 1 DAGs
[2024-02-03T18:56:56.169+0000] {logging_mixin.py:188} INFO - [2024-02-03T18:56:56.168+0000] {dag.py:3823} INFO - Setting next_dagrun for example_setup_teardown to 2024-02-02 00:00:00+00:00, run_after=2024-02-03 00:00:00+00:00
[2024-02-03T18:56:56.177+0000] {processor.py:183} INFO - Processing /home/airflow/.local/lib/python3.8/site-packages/airflow/example_dags/example_setup_teardown.py took 0.038 seconds
[2024-02-03T18:57:27.101+0000] {processor.py:161} INFO - Started process (PID=2025) to work on /home/airflow/.local/lib/python3.8/site-packages/airflow/example_dags/example_setup_teardown.py
[2024-02-03T18:57:27.101+0000] {processor.py:830} INFO - Processing file /home/airflow/.local/lib/python3.8/site-packages/airflow/example_dags/example_setup_teardown.py for tasks to queue
[2024-02-03T18:57:27.102+0000] {logging_mixin.py:188} INFO - [2024-02-03T18:57:27.102+0000] {dagbag.py:538} INFO - Filling up the DagBag from /home/airflow/.local/lib/python3.8/site-packages/airflow/example_dags/example_setup_teardown.py
[2024-02-03T18:57:27.106+0000] {processor.py:840} INFO - DAG(s) 'example_setup_teardown' retrieved from /home/airflow/.local/lib/python3.8/site-packages/airflow/example_dags/example_setup_teardown.py
[2024-02-03T18:57:27.117+0000] {logging_mixin.py:188} INFO - [2024-02-03T18:57:27.117+0000] {dag.py:3036} INFO - Sync 1 DAGs
[2024-02-03T18:57:27.127+0000] {logging_mixin.py:188} INFO - [2024-02-03T18:57:27.126+0000] {dag.py:3823} INFO - Setting next_dagrun for example_setup_teardown to 2024-02-02 00:00:00+00:00, run_after=2024-02-03 00:00:00+00:00
[2024-02-03T18:57:27.134+0000] {processor.py:183} INFO - Processing /home/airflow/.local/lib/python3.8/site-packages/airflow/example_dags/example_setup_teardown.py took 0.035 seconds
[2024-02-03T18:57:57.806+0000] {processor.py:161} INFO - Started process (PID=2272) to work on /home/airflow/.local/lib/python3.8/site-packages/airflow/example_dags/example_setup_teardown.py
[2024-02-03T18:57:57.806+0000] {processor.py:830} INFO - Processing file /home/airflow/.local/lib/python3.8/site-packages/airflow/example_dags/example_setup_teardown.py for tasks to queue
[2024-02-03T18:57:57.807+0000] {logging_mixin.py:188} INFO - [2024-02-03T18:57:57.807+0000] {dagbag.py:538} INFO - Filling up the DagBag from /home/airflow/.local/lib/python3.8/site-packages/airflow/example_dags/example_setup_teardown.py
[2024-02-03T18:57:57.811+0000] {processor.py:840} INFO - DAG(s) 'example_setup_teardown' retrieved from /home/airflow/.local/lib/python3.8/site-packages/airflow/example_dags/example_setup_teardown.py
[2024-02-03T18:57:57.822+0000] {logging_mixin.py:188} INFO - [2024-02-03T18:57:57.822+0000] {dag.py:3036} INFO - Sync 1 DAGs
[2024-02-03T18:57:57.832+0000] {logging_mixin.py:188} INFO - [2024-02-03T18:57:57.832+0000] {dag.py:3823} INFO - Setting next_dagrun for example_setup_teardown to 2024-02-02 00:00:00+00:00, run_after=2024-02-03 00:00:00+00:00
[2024-02-03T18:57:57.839+0000] {processor.py:183} INFO - Processing /home/airflow/.local/lib/python3.8/site-packages/airflow/example_dags/example_setup_teardown.py took 0.036 seconds
[2024-02-03T18:58:28.614+0000] {processor.py:161} INFO - Started process (PID=2521) to work on /home/airflow/.local/lib/python3.8/site-packages/airflow/example_dags/example_setup_teardown.py
[2024-02-03T18:58:28.615+0000] {processor.py:830} INFO - Processing file /home/airflow/.local/lib/python3.8/site-packages/airflow/example_dags/example_setup_teardown.py for tasks to queue
[2024-02-03T18:58:28.615+0000] {logging_mixin.py:188} INFO - [2024-02-03T18:58:28.615+0000] {dagbag.py:538} INFO - Filling up the DagBag from /home/airflow/.local/lib/python3.8/site-packages/airflow/example_dags/example_setup_teardown.py
[2024-02-03T18:58:28.620+0000] {processor.py:840} INFO - DAG(s) 'example_setup_teardown' retrieved from /home/airflow/.local/lib/python3.8/site-packages/airflow/example_dags/example_setup_teardown.py
[2024-02-03T18:58:28.630+0000] {logging_mixin.py:188} INFO - [2024-02-03T18:58:28.630+0000] {dag.py:3036} INFO - Sync 1 DAGs
[2024-02-03T18:58:28.640+0000] {logging_mixin.py:188} INFO - [2024-02-03T18:58:28.640+0000] {dag.py:3823} INFO - Setting next_dagrun for example_setup_teardown to 2024-02-02 00:00:00+00:00, run_after=2024-02-03 00:00:00+00:00
[2024-02-03T18:58:28.648+0000] {processor.py:183} INFO - Processing /home/airflow/.local/lib/python3.8/site-packages/airflow/example_dags/example_setup_teardown.py took 0.036 seconds
[2024-02-03T18:58:59.471+0000] {processor.py:161} INFO - Started process (PID=2766) to work on /home/airflow/.local/lib/python3.8/site-packages/airflow/example_dags/example_setup_teardown.py
[2024-02-03T18:58:59.472+0000] {processor.py:830} INFO - Processing file /home/airflow/.local/lib/python3.8/site-packages/airflow/example_dags/example_setup_teardown.py for tasks to queue
[2024-02-03T18:58:59.473+0000] {logging_mixin.py:188} INFO - [2024-02-03T18:58:59.473+0000] {dagbag.py:538} INFO - Filling up the DagBag from /home/airflow/.local/lib/python3.8/site-packages/airflow/example_dags/example_setup_teardown.py
[2024-02-03T18:58:59.477+0000] {processor.py:840} INFO - DAG(s) 'example_setup_teardown' retrieved from /home/airflow/.local/lib/python3.8/site-packages/airflow/example_dags/example_setup_teardown.py
[2024-02-03T18:58:59.488+0000] {logging_mixin.py:188} INFO - [2024-02-03T18:58:59.488+0000] {dag.py:3036} INFO - Sync 1 DAGs
[2024-02-03T18:58:59.498+0000] {logging_mixin.py:188} INFO - [2024-02-03T18:58:59.498+0000] {dag.py:3823} INFO - Setting next_dagrun for example_setup_teardown to 2024-02-02 00:00:00+00:00, run_after=2024-02-03 00:00:00+00:00
[2024-02-03T18:58:59.506+0000] {processor.py:183} INFO - Processing /home/airflow/.local/lib/python3.8/site-packages/airflow/example_dags/example_setup_teardown.py took 0.037 seconds
[2024-02-03T18:59:30.198+0000] {processor.py:161} INFO - Started process (PID=3013) to work on /home/airflow/.local/lib/python3.8/site-packages/airflow/example_dags/example_setup_teardown.py
[2024-02-03T18:59:30.198+0000] {processor.py:830} INFO - Processing file /home/airflow/.local/lib/python3.8/site-packages/airflow/example_dags/example_setup_teardown.py for tasks to queue
[2024-02-03T18:59:30.199+0000] {logging_mixin.py:188} INFO - [2024-02-03T18:59:30.199+0000] {dagbag.py:538} INFO - Filling up the DagBag from /home/airflow/.local/lib/python3.8/site-packages/airflow/example_dags/example_setup_teardown.py
[2024-02-03T18:59:30.203+0000] {processor.py:840} INFO - DAG(s) 'example_setup_teardown' retrieved from /home/airflow/.local/lib/python3.8/site-packages/airflow/example_dags/example_setup_teardown.py
[2024-02-03T18:59:30.215+0000] {logging_mixin.py:188} INFO - [2024-02-03T18:59:30.215+0000] {dag.py:3036} INFO - Sync 1 DAGs
[2024-02-03T18:59:30.225+0000] {logging_mixin.py:188} INFO - [2024-02-03T18:59:30.225+0000] {dag.py:3823} INFO - Setting next_dagrun for example_setup_teardown to 2024-02-02 00:00:00+00:00, run_after=2024-02-03 00:00:00+00:00
[2024-02-03T18:59:30.233+0000] {processor.py:183} INFO - Processing /home/airflow/.local/lib/python3.8/site-packages/airflow/example_dags/example_setup_teardown.py took 0.038 seconds
[2024-02-03T19:00:01.048+0000] {processor.py:161} INFO - Started process (PID=3260) to work on /home/airflow/.local/lib/python3.8/site-packages/airflow/example_dags/example_setup_teardown.py
[2024-02-03T19:00:01.049+0000] {processor.py:830} INFO - Processing file /home/airflow/.local/lib/python3.8/site-packages/airflow/example_dags/example_setup_teardown.py for tasks to queue
[2024-02-03T19:00:01.050+0000] {logging_mixin.py:188} INFO - [2024-02-03T19:00:01.050+0000] {dagbag.py:538} INFO - Filling up the DagBag from /home/airflow/.local/lib/python3.8/site-packages/airflow/example_dags/example_setup_teardown.py
[2024-02-03T19:00:01.054+0000] {processor.py:840} INFO - DAG(s) 'example_setup_teardown' retrieved from /home/airflow/.local/lib/python3.8/site-packages/airflow/example_dags/example_setup_teardown.py
[2024-02-03T19:00:01.065+0000] {logging_mixin.py:188} INFO - [2024-02-03T19:00:01.065+0000] {dag.py:3036} INFO - Sync 1 DAGs
[2024-02-03T19:00:01.075+0000] {logging_mixin.py:188} INFO - [2024-02-03T19:00:01.075+0000] {dag.py:3823} INFO - Setting next_dagrun for example_setup_teardown to 2024-02-02 00:00:00+00:00, run_after=2024-02-03 00:00:00+00:00
[2024-02-03T19:00:01.083+0000] {processor.py:183} INFO - Processing /home/airflow/.local/lib/python3.8/site-packages/airflow/example_dags/example_setup_teardown.py took 0.037 seconds
[2024-02-03T19:00:31.950+0000] {processor.py:161} INFO - Started process (PID=3507) to work on /home/airflow/.local/lib/python3.8/site-packages/airflow/example_dags/example_setup_teardown.py
[2024-02-03T19:00:31.952+0000] {processor.py:830} INFO - Processing file /home/airflow/.local/lib/python3.8/site-packages/airflow/example_dags/example_setup_teardown.py for tasks to queue
[2024-02-03T19:00:31.953+0000] {logging_mixin.py:188} INFO - [2024-02-03T19:00:31.953+0000] {dagbag.py:538} INFO - Filling up the DagBag from /home/airflow/.local/lib/python3.8/site-packages/airflow/example_dags/example_setup_teardown.py
[2024-02-03T19:00:31.958+0000] {processor.py:840} INFO - DAG(s) 'example_setup_teardown' retrieved from /home/airflow/.local/lib/python3.8/site-packages/airflow/example_dags/example_setup_teardown.py
[2024-02-03T19:00:31.973+0000] {logging_mixin.py:188} INFO - [2024-02-03T19:00:31.973+0000] {dag.py:3036} INFO - Sync 1 DAGs
[2024-02-03T19:00:31.987+0000] {logging_mixin.py:188} INFO - [2024-02-03T19:00:31.987+0000] {dag.py:3823} INFO - Setting next_dagrun for example_setup_teardown to 2024-02-02 00:00:00+00:00, run_after=2024-02-03 00:00:00+00:00
[2024-02-03T19:00:31.998+0000] {processor.py:183} INFO - Processing /home/airflow/.local/lib/python3.8/site-packages/airflow/example_dags/example_setup_teardown.py took 0.050 seconds
[2024-02-03T19:01:02.122+0000] {processor.py:161} INFO - Started process (PID=3756) to work on /home/airflow/.local/lib/python3.8/site-packages/airflow/example_dags/example_setup_teardown.py
[2024-02-03T19:01:02.122+0000] {processor.py:830} INFO - Processing file /home/airflow/.local/lib/python3.8/site-packages/airflow/example_dags/example_setup_teardown.py for tasks to queue
[2024-02-03T19:01:02.123+0000] {logging_mixin.py:188} INFO - [2024-02-03T19:01:02.123+0000] {dagbag.py:538} INFO - Filling up the DagBag from /home/airflow/.local/lib/python3.8/site-packages/airflow/example_dags/example_setup_teardown.py
[2024-02-03T19:01:02.127+0000] {processor.py:840} INFO - DAG(s) 'example_setup_teardown' retrieved from /home/airflow/.local/lib/python3.8/site-packages/airflow/example_dags/example_setup_teardown.py
[2024-02-03T19:01:02.135+0000] {logging_mixin.py:188} INFO - [2024-02-03T19:01:02.135+0000] {dag.py:3036} INFO - Sync 1 DAGs
[2024-02-03T19:01:02.146+0000] {logging_mixin.py:188} INFO - [2024-02-03T19:01:02.146+0000] {dag.py:3823} INFO - Setting next_dagrun for example_setup_teardown to 2024-02-02 00:00:00+00:00, run_after=2024-02-03 00:00:00+00:00
[2024-02-03T19:01:02.155+0000] {processor.py:183} INFO - Processing /home/airflow/.local/lib/python3.8/site-packages/airflow/example_dags/example_setup_teardown.py took 0.035 seconds
[2024-02-03T19:01:32.924+0000] {processor.py:161} INFO - Started process (PID=4001) to work on /home/airflow/.local/lib/python3.8/site-packages/airflow/example_dags/example_setup_teardown.py
[2024-02-03T19:01:32.925+0000] {processor.py:830} INFO - Processing file /home/airflow/.local/lib/python3.8/site-packages/airflow/example_dags/example_setup_teardown.py for tasks to queue
[2024-02-03T19:01:32.926+0000] {logging_mixin.py:188} INFO - [2024-02-03T19:01:32.925+0000] {dagbag.py:538} INFO - Filling up the DagBag from /home/airflow/.local/lib/python3.8/site-packages/airflow/example_dags/example_setup_teardown.py
[2024-02-03T19:01:32.931+0000] {processor.py:840} INFO - DAG(s) 'example_setup_teardown' retrieved from /home/airflow/.local/lib/python3.8/site-packages/airflow/example_dags/example_setup_teardown.py
[2024-02-03T19:01:32.983+0000] {logging_mixin.py:188} INFO - [2024-02-03T19:01:32.983+0000] {dag.py:3036} INFO - Sync 1 DAGs
[2024-02-03T19:01:32.992+0000] {logging_mixin.py:188} INFO - [2024-02-03T19:01:32.992+0000] {dag.py:3823} INFO - Setting next_dagrun for example_setup_teardown to 2024-02-02 00:00:00+00:00, run_after=2024-02-03 00:00:00+00:00
[2024-02-03T19:01:33.001+0000] {processor.py:183} INFO - Processing /home/airflow/.local/lib/python3.8/site-packages/airflow/example_dags/example_setup_teardown.py took 0.079 seconds
[2024-02-03T19:02:03.236+0000] {processor.py:161} INFO - Started process (PID=4248) to work on /home/airflow/.local/lib/python3.8/site-packages/airflow/example_dags/example_setup_teardown.py
[2024-02-03T19:02:03.238+0000] {processor.py:830} INFO - Processing file /home/airflow/.local/lib/python3.8/site-packages/airflow/example_dags/example_setup_teardown.py for tasks to queue
[2024-02-03T19:02:03.239+0000] {logging_mixin.py:188} INFO - [2024-02-03T19:02:03.239+0000] {dagbag.py:538} INFO - Filling up the DagBag from /home/airflow/.local/lib/python3.8/site-packages/airflow/example_dags/example_setup_teardown.py
[2024-02-03T19:02:03.245+0000] {processor.py:840} INFO - DAG(s) 'example_setup_teardown' retrieved from /home/airflow/.local/lib/python3.8/site-packages/airflow/example_dags/example_setup_teardown.py
[2024-02-03T19:02:03.257+0000] {logging_mixin.py:188} INFO - [2024-02-03T19:02:03.257+0000] {dag.py:3036} INFO - Sync 1 DAGs
[2024-02-03T19:02:03.270+0000] {logging_mixin.py:188} INFO - [2024-02-03T19:02:03.269+0000] {dag.py:3823} INFO - Setting next_dagrun for example_setup_teardown to 2024-02-02 00:00:00+00:00, run_after=2024-02-03 00:00:00+00:00
[2024-02-03T19:02:03.279+0000] {processor.py:183} INFO - Processing /home/airflow/.local/lib/python3.8/site-packages/airflow/example_dags/example_setup_teardown.py took 0.046 seconds
[2024-02-03T19:02:33.294+0000] {processor.py:161} INFO - Started process (PID=4495) to work on /home/airflow/.local/lib/python3.8/site-packages/airflow/example_dags/example_setup_teardown.py
[2024-02-03T19:02:33.295+0000] {processor.py:830} INFO - Processing file /home/airflow/.local/lib/python3.8/site-packages/airflow/example_dags/example_setup_teardown.py for tasks to queue
[2024-02-03T19:02:33.295+0000] {logging_mixin.py:188} INFO - [2024-02-03T19:02:33.295+0000] {dagbag.py:538} INFO - Filling up the DagBag from /home/airflow/.local/lib/python3.8/site-packages/airflow/example_dags/example_setup_teardown.py
[2024-02-03T19:02:33.300+0000] {processor.py:840} INFO - DAG(s) 'example_setup_teardown' retrieved from /home/airflow/.local/lib/python3.8/site-packages/airflow/example_dags/example_setup_teardown.py
[2024-02-03T19:02:33.310+0000] {logging_mixin.py:188} INFO - [2024-02-03T19:02:33.310+0000] {dag.py:3036} INFO - Sync 1 DAGs
[2024-02-03T19:02:33.321+0000] {logging_mixin.py:188} INFO - [2024-02-03T19:02:33.321+0000] {dag.py:3823} INFO - Setting next_dagrun for example_setup_teardown to 2024-02-02 00:00:00+00:00, run_after=2024-02-03 00:00:00+00:00
[2024-02-03T19:02:33.330+0000] {processor.py:183} INFO - Processing /home/airflow/.local/lib/python3.8/site-packages/airflow/example_dags/example_setup_teardown.py took 0.038 seconds
[2024-02-03T19:03:03.549+0000] {processor.py:161} INFO - Started process (PID=4742) to work on /home/airflow/.local/lib/python3.8/site-packages/airflow/example_dags/example_setup_teardown.py
[2024-02-03T19:03:03.550+0000] {processor.py:830} INFO - Processing file /home/airflow/.local/lib/python3.8/site-packages/airflow/example_dags/example_setup_teardown.py for tasks to queue
[2024-02-03T19:03:03.550+0000] {logging_mixin.py:188} INFO - [2024-02-03T19:03:03.550+0000] {dagbag.py:538} INFO - Filling up the DagBag from /home/airflow/.local/lib/python3.8/site-packages/airflow/example_dags/example_setup_teardown.py
[2024-02-03T19:03:03.555+0000] {processor.py:840} INFO - DAG(s) 'example_setup_teardown' retrieved from /home/airflow/.local/lib/python3.8/site-packages/airflow/example_dags/example_setup_teardown.py
[2024-02-03T19:03:03.565+0000] {logging_mixin.py:188} INFO - [2024-02-03T19:03:03.565+0000] {dag.py:3036} INFO - Sync 1 DAGs
[2024-02-03T19:03:03.575+0000] {logging_mixin.py:188} INFO - [2024-02-03T19:03:03.575+0000] {dag.py:3823} INFO - Setting next_dagrun for example_setup_teardown to 2024-02-02 00:00:00+00:00, run_after=2024-02-03 00:00:00+00:00
[2024-02-03T19:03:03.583+0000] {processor.py:183} INFO - Processing /home/airflow/.local/lib/python3.8/site-packages/airflow/example_dags/example_setup_teardown.py took 0.036 seconds
[2024-02-03T19:03:34.338+0000] {processor.py:161} INFO - Started process (PID=4991) to work on /home/airflow/.local/lib/python3.8/site-packages/airflow/example_dags/example_setup_teardown.py
[2024-02-03T19:03:34.339+0000] {processor.py:830} INFO - Processing file /home/airflow/.local/lib/python3.8/site-packages/airflow/example_dags/example_setup_teardown.py for tasks to queue
[2024-02-03T19:03:34.339+0000] {logging_mixin.py:188} INFO - [2024-02-03T19:03:34.339+0000] {dagbag.py:538} INFO - Filling up the DagBag from /home/airflow/.local/lib/python3.8/site-packages/airflow/example_dags/example_setup_teardown.py
[2024-02-03T19:03:34.344+0000] {processor.py:840} INFO - DAG(s) 'example_setup_teardown' retrieved from /home/airflow/.local/lib/python3.8/site-packages/airflow/example_dags/example_setup_teardown.py
[2024-02-03T19:03:34.355+0000] {logging_mixin.py:188} INFO - [2024-02-03T19:03:34.355+0000] {dag.py:3036} INFO - Sync 1 DAGs
[2024-02-03T19:03:34.365+0000] {logging_mixin.py:188} INFO - [2024-02-03T19:03:34.364+0000] {dag.py:3823} INFO - Setting next_dagrun for example_setup_teardown to 2024-02-02 00:00:00+00:00, run_after=2024-02-03 00:00:00+00:00
[2024-02-03T19:03:34.373+0000] {processor.py:183} INFO - Processing /home/airflow/.local/lib/python3.8/site-packages/airflow/example_dags/example_setup_teardown.py took 0.036 seconds
[2024-02-03T19:04:05.114+0000] {processor.py:161} INFO - Started process (PID=5238) to work on /home/airflow/.local/lib/python3.8/site-packages/airflow/example_dags/example_setup_teardown.py
[2024-02-03T19:04:05.114+0000] {processor.py:830} INFO - Processing file /home/airflow/.local/lib/python3.8/site-packages/airflow/example_dags/example_setup_teardown.py for tasks to queue
[2024-02-03T19:04:05.115+0000] {logging_mixin.py:188} INFO - [2024-02-03T19:04:05.114+0000] {dagbag.py:538} INFO - Filling up the DagBag from /home/airflow/.local/lib/python3.8/site-packages/airflow/example_dags/example_setup_teardown.py
[2024-02-03T19:04:05.119+0000] {processor.py:840} INFO - DAG(s) 'example_setup_teardown' retrieved from /home/airflow/.local/lib/python3.8/site-packages/airflow/example_dags/example_setup_teardown.py
[2024-02-03T19:04:05.130+0000] {logging_mixin.py:188} INFO - [2024-02-03T19:04:05.130+0000] {dag.py:3036} INFO - Sync 1 DAGs
[2024-02-03T19:04:05.140+0000] {logging_mixin.py:188} INFO - [2024-02-03T19:04:05.140+0000] {dag.py:3823} INFO - Setting next_dagrun for example_setup_teardown to 2024-02-02 00:00:00+00:00, run_after=2024-02-03 00:00:00+00:00
[2024-02-03T19:04:05.148+0000] {processor.py:183} INFO - Processing /home/airflow/.local/lib/python3.8/site-packages/airflow/example_dags/example_setup_teardown.py took 0.036 seconds
[2024-02-03T19:04:35.942+0000] {processor.py:161} INFO - Started process (PID=5483) to work on /home/airflow/.local/lib/python3.8/site-packages/airflow/example_dags/example_setup_teardown.py
[2024-02-03T19:04:35.943+0000] {processor.py:830} INFO - Processing file /home/airflow/.local/lib/python3.8/site-packages/airflow/example_dags/example_setup_teardown.py for tasks to queue
[2024-02-03T19:04:35.944+0000] {logging_mixin.py:188} INFO - [2024-02-03T19:04:35.943+0000] {dagbag.py:538} INFO - Filling up the DagBag from /home/airflow/.local/lib/python3.8/site-packages/airflow/example_dags/example_setup_teardown.py
[2024-02-03T19:04:35.948+0000] {processor.py:840} INFO - DAG(s) 'example_setup_teardown' retrieved from /home/airflow/.local/lib/python3.8/site-packages/airflow/example_dags/example_setup_teardown.py
[2024-02-03T19:04:35.960+0000] {logging_mixin.py:188} INFO - [2024-02-03T19:04:35.959+0000] {dag.py:3036} INFO - Sync 1 DAGs
[2024-02-03T19:04:35.970+0000] {logging_mixin.py:188} INFO - [2024-02-03T19:04:35.970+0000] {dag.py:3823} INFO - Setting next_dagrun for example_setup_teardown to 2024-02-02 00:00:00+00:00, run_after=2024-02-03 00:00:00+00:00
[2024-02-03T19:04:35.978+0000] {processor.py:183} INFO - Processing /home/airflow/.local/lib/python3.8/site-packages/airflow/example_dags/example_setup_teardown.py took 0.039 seconds
[2024-02-03T19:05:06.018+0000] {processor.py:161} INFO - Started process (PID=5730) to work on /home/airflow/.local/lib/python3.8/site-packages/airflow/example_dags/example_setup_teardown.py
[2024-02-03T19:05:06.019+0000] {processor.py:830} INFO - Processing file /home/airflow/.local/lib/python3.8/site-packages/airflow/example_dags/example_setup_teardown.py for tasks to queue
[2024-02-03T19:05:06.020+0000] {logging_mixin.py:188} INFO - [2024-02-03T19:05:06.020+0000] {dagbag.py:538} INFO - Filling up the DagBag from /home/airflow/.local/lib/python3.8/site-packages/airflow/example_dags/example_setup_teardown.py
[2024-02-03T19:05:06.024+0000] {processor.py:840} INFO - DAG(s) 'example_setup_teardown' retrieved from /home/airflow/.local/lib/python3.8/site-packages/airflow/example_dags/example_setup_teardown.py
[2024-02-03T19:05:06.036+0000] {logging_mixin.py:188} INFO - [2024-02-03T19:05:06.036+0000] {dag.py:3036} INFO - Sync 1 DAGs
[2024-02-03T19:05:06.048+0000] {logging_mixin.py:188} INFO - [2024-02-03T19:05:06.048+0000] {dag.py:3823} INFO - Setting next_dagrun for example_setup_teardown to 2024-02-02 00:00:00+00:00, run_after=2024-02-03 00:00:00+00:00
[2024-02-03T19:05:06.057+0000] {processor.py:183} INFO - Processing /home/airflow/.local/lib/python3.8/site-packages/airflow/example_dags/example_setup_teardown.py took 0.041 seconds
[2024-02-03T19:05:36.143+0000] {processor.py:161} INFO - Started process (PID=5976) to work on /home/airflow/.local/lib/python3.8/site-packages/airflow/example_dags/example_setup_teardown.py
[2024-02-03T19:05:36.144+0000] {processor.py:830} INFO - Processing file /home/airflow/.local/lib/python3.8/site-packages/airflow/example_dags/example_setup_teardown.py for tasks to queue
[2024-02-03T19:05:36.145+0000] {logging_mixin.py:188} INFO - [2024-02-03T19:05:36.144+0000] {dagbag.py:538} INFO - Filling up the DagBag from /home/airflow/.local/lib/python3.8/site-packages/airflow/example_dags/example_setup_teardown.py
[2024-02-03T19:05:36.150+0000] {processor.py:840} INFO - DAG(s) 'example_setup_teardown' retrieved from /home/airflow/.local/lib/python3.8/site-packages/airflow/example_dags/example_setup_teardown.py
[2024-02-03T19:05:36.157+0000] {logging_mixin.py:188} INFO - [2024-02-03T19:05:36.157+0000] {dag.py:3036} INFO - Sync 1 DAGs
[2024-02-03T19:05:36.169+0000] {logging_mixin.py:188} INFO - [2024-02-03T19:05:36.169+0000] {dag.py:3823} INFO - Setting next_dagrun for example_setup_teardown to 2024-02-02 00:00:00+00:00, run_after=2024-02-03 00:00:00+00:00
[2024-02-03T19:05:36.178+0000] {processor.py:183} INFO - Processing /home/airflow/.local/lib/python3.8/site-packages/airflow/example_dags/example_setup_teardown.py took 0.037 seconds
[2024-02-03T19:06:07.349+0000] {processor.py:161} INFO - Started process (PID=6223) to work on /home/airflow/.local/lib/python3.8/site-packages/airflow/example_dags/example_setup_teardown.py
[2024-02-03T19:06:07.349+0000] {processor.py:830} INFO - Processing file /home/airflow/.local/lib/python3.8/site-packages/airflow/example_dags/example_setup_teardown.py for tasks to queue
[2024-02-03T19:06:07.350+0000] {logging_mixin.py:188} INFO - [2024-02-03T19:06:07.350+0000] {dagbag.py:538} INFO - Filling up the DagBag from /home/airflow/.local/lib/python3.8/site-packages/airflow/example_dags/example_setup_teardown.py
[2024-02-03T19:06:07.354+0000] {processor.py:840} INFO - DAG(s) 'example_setup_teardown' retrieved from /home/airflow/.local/lib/python3.8/site-packages/airflow/example_dags/example_setup_teardown.py
[2024-02-03T19:06:07.405+0000] {logging_mixin.py:188} INFO - [2024-02-03T19:06:07.405+0000] {dag.py:3036} INFO - Sync 1 DAGs
[2024-02-03T19:06:07.414+0000] {logging_mixin.py:188} INFO - [2024-02-03T19:06:07.414+0000] {dag.py:3823} INFO - Setting next_dagrun for example_setup_teardown to 2024-02-02 00:00:00+00:00, run_after=2024-02-03 00:00:00+00:00
[2024-02-03T19:06:07.423+0000] {processor.py:183} INFO - Processing /home/airflow/.local/lib/python3.8/site-packages/airflow/example_dags/example_setup_teardown.py took 0.076 seconds
[2024-02-03T19:06:37.459+0000] {processor.py:161} INFO - Started process (PID=6472) to work on /home/airflow/.local/lib/python3.8/site-packages/airflow/example_dags/example_setup_teardown.py
[2024-02-03T19:06:37.460+0000] {processor.py:830} INFO - Processing file /home/airflow/.local/lib/python3.8/site-packages/airflow/example_dags/example_setup_teardown.py for tasks to queue
[2024-02-03T19:06:37.460+0000] {logging_mixin.py:188} INFO - [2024-02-03T19:06:37.460+0000] {dagbag.py:538} INFO - Filling up the DagBag from /home/airflow/.local/lib/python3.8/site-packages/airflow/example_dags/example_setup_teardown.py
[2024-02-03T19:06:37.465+0000] {processor.py:840} INFO - DAG(s) 'example_setup_teardown' retrieved from /home/airflow/.local/lib/python3.8/site-packages/airflow/example_dags/example_setup_teardown.py
[2024-02-03T19:06:37.476+0000] {logging_mixin.py:188} INFO - [2024-02-03T19:06:37.476+0000] {dag.py:3036} INFO - Sync 1 DAGs
[2024-02-03T19:06:37.486+0000] {logging_mixin.py:188} INFO - [2024-02-03T19:06:37.486+0000] {dag.py:3823} INFO - Setting next_dagrun for example_setup_teardown to 2024-02-02 00:00:00+00:00, run_after=2024-02-03 00:00:00+00:00
[2024-02-03T19:06:37.494+0000] {processor.py:183} INFO - Processing /home/airflow/.local/lib/python3.8/site-packages/airflow/example_dags/example_setup_teardown.py took 0.037 seconds
[2024-02-03T19:07:07.535+0000] {processor.py:161} INFO - Started process (PID=6717) to work on /home/airflow/.local/lib/python3.8/site-packages/airflow/example_dags/example_setup_teardown.py
[2024-02-03T19:07:07.536+0000] {processor.py:830} INFO - Processing file /home/airflow/.local/lib/python3.8/site-packages/airflow/example_dags/example_setup_teardown.py for tasks to queue
[2024-02-03T19:07:07.537+0000] {logging_mixin.py:188} INFO - [2024-02-03T19:07:07.536+0000] {dagbag.py:538} INFO - Filling up the DagBag from /home/airflow/.local/lib/python3.8/site-packages/airflow/example_dags/example_setup_teardown.py
[2024-02-03T19:07:07.541+0000] {processor.py:840} INFO - DAG(s) 'example_setup_teardown' retrieved from /home/airflow/.local/lib/python3.8/site-packages/airflow/example_dags/example_setup_teardown.py
[2024-02-03T19:07:07.552+0000] {logging_mixin.py:188} INFO - [2024-02-03T19:07:07.552+0000] {dag.py:3036} INFO - Sync 1 DAGs
[2024-02-03T19:07:07.562+0000] {logging_mixin.py:188} INFO - [2024-02-03T19:07:07.562+0000] {dag.py:3823} INFO - Setting next_dagrun for example_setup_teardown to 2024-02-02 00:00:00+00:00, run_after=2024-02-03 00:00:00+00:00
[2024-02-03T19:07:07.570+0000] {processor.py:183} INFO - Processing /home/airflow/.local/lib/python3.8/site-packages/airflow/example_dags/example_setup_teardown.py took 0.037 seconds
[2024-02-03T19:07:37.650+0000] {processor.py:161} INFO - Started process (PID=6964) to work on /home/airflow/.local/lib/python3.8/site-packages/airflow/example_dags/example_setup_teardown.py
[2024-02-03T19:07:37.651+0000] {processor.py:830} INFO - Processing file /home/airflow/.local/lib/python3.8/site-packages/airflow/example_dags/example_setup_teardown.py for tasks to queue
[2024-02-03T19:07:37.652+0000] {logging_mixin.py:188} INFO - [2024-02-03T19:07:37.652+0000] {dagbag.py:538} INFO - Filling up the DagBag from /home/airflow/.local/lib/python3.8/site-packages/airflow/example_dags/example_setup_teardown.py
[2024-02-03T19:07:37.657+0000] {processor.py:840} INFO - DAG(s) 'example_setup_teardown' retrieved from /home/airflow/.local/lib/python3.8/site-packages/airflow/example_dags/example_setup_teardown.py
[2024-02-03T19:07:37.669+0000] {logging_mixin.py:188} INFO - [2024-02-03T19:07:37.669+0000] {dag.py:3036} INFO - Sync 1 DAGs
[2024-02-03T19:07:37.681+0000] {logging_mixin.py:188} INFO - [2024-02-03T19:07:37.681+0000] {dag.py:3823} INFO - Setting next_dagrun for example_setup_teardown to 2024-02-02 00:00:00+00:00, run_after=2024-02-03 00:00:00+00:00
[2024-02-03T19:07:37.690+0000] {processor.py:183} INFO - Processing /home/airflow/.local/lib/python3.8/site-packages/airflow/example_dags/example_setup_teardown.py took 0.042 seconds
[2024-02-03T19:08:07.958+0000] {processor.py:161} INFO - Started process (PID=7211) to work on /home/airflow/.local/lib/python3.8/site-packages/airflow/example_dags/example_setup_teardown.py
[2024-02-03T19:08:07.959+0000] {processor.py:830} INFO - Processing file /home/airflow/.local/lib/python3.8/site-packages/airflow/example_dags/example_setup_teardown.py for tasks to queue
[2024-02-03T19:08:07.959+0000] {logging_mixin.py:188} INFO - [2024-02-03T19:08:07.959+0000] {dagbag.py:538} INFO - Filling up the DagBag from /home/airflow/.local/lib/python3.8/site-packages/airflow/example_dags/example_setup_teardown.py
[2024-02-03T19:08:07.964+0000] {processor.py:840} INFO - DAG(s) 'example_setup_teardown' retrieved from /home/airflow/.local/lib/python3.8/site-packages/airflow/example_dags/example_setup_teardown.py
[2024-02-03T19:08:07.978+0000] {logging_mixin.py:188} INFO - [2024-02-03T19:08:07.977+0000] {dag.py:3036} INFO - Sync 1 DAGs
[2024-02-03T19:08:07.990+0000] {logging_mixin.py:188} INFO - [2024-02-03T19:08:07.990+0000] {dag.py:3823} INFO - Setting next_dagrun for example_setup_teardown to 2024-02-02 00:00:00+00:00, run_after=2024-02-03 00:00:00+00:00
[2024-02-03T19:08:08.001+0000] {processor.py:183} INFO - Processing /home/airflow/.local/lib/python3.8/site-packages/airflow/example_dags/example_setup_teardown.py took 0.046 seconds
[2024-02-03T19:08:38.051+0000] {processor.py:161} INFO - Started process (PID=7458) to work on /home/airflow/.local/lib/python3.8/site-packages/airflow/example_dags/example_setup_teardown.py
[2024-02-03T19:08:38.051+0000] {processor.py:830} INFO - Processing file /home/airflow/.local/lib/python3.8/site-packages/airflow/example_dags/example_setup_teardown.py for tasks to queue
[2024-02-03T19:08:38.052+0000] {logging_mixin.py:188} INFO - [2024-02-03T19:08:38.052+0000] {dagbag.py:538} INFO - Filling up the DagBag from /home/airflow/.local/lib/python3.8/site-packages/airflow/example_dags/example_setup_teardown.py
[2024-02-03T19:08:38.057+0000] {processor.py:840} INFO - DAG(s) 'example_setup_teardown' retrieved from /home/airflow/.local/lib/python3.8/site-packages/airflow/example_dags/example_setup_teardown.py
[2024-02-03T19:08:38.069+0000] {logging_mixin.py:188} INFO - [2024-02-03T19:08:38.069+0000] {dag.py:3036} INFO - Sync 1 DAGs
[2024-02-03T19:08:38.082+0000] {logging_mixin.py:188} INFO - [2024-02-03T19:08:38.082+0000] {dag.py:3823} INFO - Setting next_dagrun for example_setup_teardown to 2024-02-02 00:00:00+00:00, run_after=2024-02-03 00:00:00+00:00
[2024-02-03T19:08:38.093+0000] {processor.py:183} INFO - Processing /home/airflow/.local/lib/python3.8/site-packages/airflow/example_dags/example_setup_teardown.py took 0.045 seconds
[2024-02-03T19:09:09.033+0000] {processor.py:161} INFO - Started process (PID=7705) to work on /home/airflow/.local/lib/python3.8/site-packages/airflow/example_dags/example_setup_teardown.py
[2024-02-03T19:09:09.034+0000] {processor.py:830} INFO - Processing file /home/airflow/.local/lib/python3.8/site-packages/airflow/example_dags/example_setup_teardown.py for tasks to queue
[2024-02-03T19:09:09.034+0000] {logging_mixin.py:188} INFO - [2024-02-03T19:09:09.034+0000] {dagbag.py:538} INFO - Filling up the DagBag from /home/airflow/.local/lib/python3.8/site-packages/airflow/example_dags/example_setup_teardown.py
[2024-02-03T19:09:09.039+0000] {processor.py:840} INFO - DAG(s) 'example_setup_teardown' retrieved from /home/airflow/.local/lib/python3.8/site-packages/airflow/example_dags/example_setup_teardown.py
[2024-02-03T19:09:09.051+0000] {logging_mixin.py:188} INFO - [2024-02-03T19:09:09.051+0000] {dag.py:3036} INFO - Sync 1 DAGs
[2024-02-03T19:09:09.062+0000] {logging_mixin.py:188} INFO - [2024-02-03T19:09:09.062+0000] {dag.py:3823} INFO - Setting next_dagrun for example_setup_teardown to 2024-02-02 00:00:00+00:00, run_after=2024-02-03 00:00:00+00:00
[2024-02-03T19:09:09.071+0000] {processor.py:183} INFO - Processing /home/airflow/.local/lib/python3.8/site-packages/airflow/example_dags/example_setup_teardown.py took 0.040 seconds
[2024-02-03T19:09:39.863+0000] {processor.py:161} INFO - Started process (PID=7952) to work on /home/airflow/.local/lib/python3.8/site-packages/airflow/example_dags/example_setup_teardown.py
[2024-02-03T19:09:39.863+0000] {processor.py:830} INFO - Processing file /home/airflow/.local/lib/python3.8/site-packages/airflow/example_dags/example_setup_teardown.py for tasks to queue
[2024-02-03T19:09:39.864+0000] {logging_mixin.py:188} INFO - [2024-02-03T19:09:39.864+0000] {dagbag.py:538} INFO - Filling up the DagBag from /home/airflow/.local/lib/python3.8/site-packages/airflow/example_dags/example_setup_teardown.py
[2024-02-03T19:09:39.868+0000] {processor.py:840} INFO - DAG(s) 'example_setup_teardown' retrieved from /home/airflow/.local/lib/python3.8/site-packages/airflow/example_dags/example_setup_teardown.py
[2024-02-03T19:09:39.880+0000] {logging_mixin.py:188} INFO - [2024-02-03T19:09:39.880+0000] {dag.py:3036} INFO - Sync 1 DAGs
[2024-02-03T19:09:39.892+0000] {logging_mixin.py:188} INFO - [2024-02-03T19:09:39.892+0000] {dag.py:3823} INFO - Setting next_dagrun for example_setup_teardown to 2024-02-02 00:00:00+00:00, run_after=2024-02-03 00:00:00+00:00
[2024-02-03T19:09:39.900+0000] {processor.py:183} INFO - Processing /home/airflow/.local/lib/python3.8/site-packages/airflow/example_dags/example_setup_teardown.py took 0.040 seconds
[2024-02-03T19:10:10.078+0000] {processor.py:161} INFO - Started process (PID=8199) to work on /home/airflow/.local/lib/python3.8/site-packages/airflow/example_dags/example_setup_teardown.py
[2024-02-03T19:10:10.079+0000] {processor.py:830} INFO - Processing file /home/airflow/.local/lib/python3.8/site-packages/airflow/example_dags/example_setup_teardown.py for tasks to queue
[2024-02-03T19:10:10.079+0000] {logging_mixin.py:188} INFO - [2024-02-03T19:10:10.079+0000] {dagbag.py:538} INFO - Filling up the DagBag from /home/airflow/.local/lib/python3.8/site-packages/airflow/example_dags/example_setup_teardown.py
[2024-02-03T19:10:10.084+0000] {processor.py:840} INFO - DAG(s) 'example_setup_teardown' retrieved from /home/airflow/.local/lib/python3.8/site-packages/airflow/example_dags/example_setup_teardown.py
[2024-02-03T19:10:10.095+0000] {logging_mixin.py:188} INFO - [2024-02-03T19:10:10.095+0000] {dag.py:3036} INFO - Sync 1 DAGs
[2024-02-03T19:10:10.107+0000] {logging_mixin.py:188} INFO - [2024-02-03T19:10:10.107+0000] {dag.py:3823} INFO - Setting next_dagrun for example_setup_teardown to 2024-02-02 00:00:00+00:00, run_after=2024-02-03 00:00:00+00:00
[2024-02-03T19:10:10.116+0000] {processor.py:183} INFO - Processing /home/airflow/.local/lib/python3.8/site-packages/airflow/example_dags/example_setup_teardown.py took 0.040 seconds
