[2024-02-03T18:53:53.182+0000] {processor.py:161} INFO - Started process (PID=363) to work on /home/airflow/.local/lib/python3.8/site-packages/airflow/example_dags/example_bash_operator.py
[2024-02-03T18:53:53.183+0000] {processor.py:830} INFO - Processing file /home/airflow/.local/lib/python3.8/site-packages/airflow/example_dags/example_bash_operator.py for tasks to queue
[2024-02-03T18:53:53.183+0000] {logging_mixin.py:188} INFO - [2024-02-03T18:53:53.183+0000] {dagbag.py:538} INFO - Filling up the DagBag from /home/airflow/.local/lib/python3.8/site-packages/airflow/example_dags/example_bash_operator.py
[2024-02-03T18:53:53.191+0000] {processor.py:840} INFO - DAG(s) 'example_bash_operator' retrieved from /home/airflow/.local/lib/python3.8/site-packages/airflow/example_dags/example_bash_operator.py
[2024-02-03T18:53:53.199+0000] {logging_mixin.py:188} INFO - [2024-02-03T18:53:53.199+0000] {dag.py:3036} INFO - Sync 1 DAGs
[2024-02-03T18:53:53.212+0000] {logging_mixin.py:188} INFO - [2024-02-03T18:53:53.212+0000] {dag.py:3823} INFO - Setting next_dagrun for example_bash_operator to 2024-02-02 00:00:00+00:00, run_after=2024-02-03 00:00:00+00:00
[2024-02-03T18:53:53.221+0000] {processor.py:183} INFO - Processing /home/airflow/.local/lib/python3.8/site-packages/airflow/example_dags/example_bash_operator.py took 0.041 seconds
[2024-02-03T18:54:24.243+0000] {processor.py:161} INFO - Started process (PID=608) to work on /home/airflow/.local/lib/python3.8/site-packages/airflow/example_dags/example_bash_operator.py
[2024-02-03T18:54:24.244+0000] {processor.py:830} INFO - Processing file /home/airflow/.local/lib/python3.8/site-packages/airflow/example_dags/example_bash_operator.py for tasks to queue
[2024-02-03T18:54:24.244+0000] {logging_mixin.py:188} INFO - [2024-02-03T18:54:24.244+0000] {dagbag.py:538} INFO - Filling up the DagBag from /home/airflow/.local/lib/python3.8/site-packages/airflow/example_dags/example_bash_operator.py
[2024-02-03T18:54:24.253+0000] {processor.py:840} INFO - DAG(s) 'example_bash_operator' retrieved from /home/airflow/.local/lib/python3.8/site-packages/airflow/example_dags/example_bash_operator.py
[2024-02-03T18:54:24.311+0000] {logging_mixin.py:188} INFO - [2024-02-03T18:54:24.310+0000] {dag.py:3036} INFO - Sync 1 DAGs
[2024-02-03T18:54:24.322+0000] {logging_mixin.py:188} INFO - [2024-02-03T18:54:24.322+0000] {dag.py:3823} INFO - Setting next_dagrun for example_bash_operator to 2024-02-02 00:00:00+00:00, run_after=2024-02-03 00:00:00+00:00
[2024-02-03T18:54:24.333+0000] {processor.py:183} INFO - Processing /home/airflow/.local/lib/python3.8/site-packages/airflow/example_dags/example_bash_operator.py took 0.091 seconds
[2024-02-03T18:54:55.290+0000] {processor.py:161} INFO - Started process (PID=857) to work on /home/airflow/.local/lib/python3.8/site-packages/airflow/example_dags/example_bash_operator.py
[2024-02-03T18:54:55.291+0000] {processor.py:830} INFO - Processing file /home/airflow/.local/lib/python3.8/site-packages/airflow/example_dags/example_bash_operator.py for tasks to queue
[2024-02-03T18:54:55.292+0000] {logging_mixin.py:188} INFO - [2024-02-03T18:54:55.291+0000] {dagbag.py:538} INFO - Filling up the DagBag from /home/airflow/.local/lib/python3.8/site-packages/airflow/example_dags/example_bash_operator.py
[2024-02-03T18:54:55.300+0000] {processor.py:840} INFO - DAG(s) 'example_bash_operator' retrieved from /home/airflow/.local/lib/python3.8/site-packages/airflow/example_dags/example_bash_operator.py
[2024-02-03T18:54:55.316+0000] {logging_mixin.py:188} INFO - [2024-02-03T18:54:55.316+0000] {dag.py:3036} INFO - Sync 1 DAGs
[2024-02-03T18:54:55.329+0000] {logging_mixin.py:188} INFO - [2024-02-03T18:54:55.329+0000] {dag.py:3823} INFO - Setting next_dagrun for example_bash_operator to 2024-02-02 00:00:00+00:00, run_after=2024-02-03 00:00:00+00:00
[2024-02-03T18:54:55.340+0000] {processor.py:183} INFO - Processing /home/airflow/.local/lib/python3.8/site-packages/airflow/example_dags/example_bash_operator.py took 0.053 seconds
[2024-02-03T18:55:26.279+0000] {processor.py:161} INFO - Started process (PID=1102) to work on /home/airflow/.local/lib/python3.8/site-packages/airflow/example_dags/example_bash_operator.py
[2024-02-03T18:55:26.280+0000] {processor.py:830} INFO - Processing file /home/airflow/.local/lib/python3.8/site-packages/airflow/example_dags/example_bash_operator.py for tasks to queue
[2024-02-03T18:55:26.281+0000] {logging_mixin.py:188} INFO - [2024-02-03T18:55:26.281+0000] {dagbag.py:538} INFO - Filling up the DagBag from /home/airflow/.local/lib/python3.8/site-packages/airflow/example_dags/example_bash_operator.py
[2024-02-03T18:55:26.287+0000] {processor.py:840} INFO - DAG(s) 'example_bash_operator' retrieved from /home/airflow/.local/lib/python3.8/site-packages/airflow/example_dags/example_bash_operator.py
[2024-02-03T18:55:26.301+0000] {logging_mixin.py:188} INFO - [2024-02-03T18:55:26.301+0000] {dag.py:3036} INFO - Sync 1 DAGs
[2024-02-03T18:55:26.312+0000] {logging_mixin.py:188} INFO - [2024-02-03T18:55:26.312+0000] {dag.py:3823} INFO - Setting next_dagrun for example_bash_operator to 2024-02-02 00:00:00+00:00, run_after=2024-02-03 00:00:00+00:00
[2024-02-03T18:55:26.321+0000] {processor.py:183} INFO - Processing /home/airflow/.local/lib/python3.8/site-packages/airflow/example_dags/example_bash_operator.py took 0.043 seconds
[2024-02-03T18:55:57.028+0000] {processor.py:161} INFO - Started process (PID=1349) to work on /home/airflow/.local/lib/python3.8/site-packages/airflow/example_dags/example_bash_operator.py
[2024-02-03T18:55:57.029+0000] {processor.py:830} INFO - Processing file /home/airflow/.local/lib/python3.8/site-packages/airflow/example_dags/example_bash_operator.py for tasks to queue
[2024-02-03T18:55:57.029+0000] {logging_mixin.py:188} INFO - [2024-02-03T18:55:57.029+0000] {dagbag.py:538} INFO - Filling up the DagBag from /home/airflow/.local/lib/python3.8/site-packages/airflow/example_dags/example_bash_operator.py
[2024-02-03T18:55:57.035+0000] {processor.py:840} INFO - DAG(s) 'example_bash_operator' retrieved from /home/airflow/.local/lib/python3.8/site-packages/airflow/example_dags/example_bash_operator.py
[2024-02-03T18:55:57.049+0000] {logging_mixin.py:188} INFO - [2024-02-03T18:55:57.049+0000] {dag.py:3036} INFO - Sync 1 DAGs
[2024-02-03T18:55:57.060+0000] {logging_mixin.py:188} INFO - [2024-02-03T18:55:57.060+0000] {dag.py:3823} INFO - Setting next_dagrun for example_bash_operator to 2024-02-02 00:00:00+00:00, run_after=2024-02-03 00:00:00+00:00
[2024-02-03T18:55:57.069+0000] {processor.py:183} INFO - Processing /home/airflow/.local/lib/python3.8/site-packages/airflow/example_dags/example_bash_operator.py took 0.043 seconds
[2024-02-03T18:56:27.843+0000] {processor.py:161} INFO - Started process (PID=1596) to work on /home/airflow/.local/lib/python3.8/site-packages/airflow/example_dags/example_bash_operator.py
[2024-02-03T18:56:27.844+0000] {processor.py:830} INFO - Processing file /home/airflow/.local/lib/python3.8/site-packages/airflow/example_dags/example_bash_operator.py for tasks to queue
[2024-02-03T18:56:27.844+0000] {logging_mixin.py:188} INFO - [2024-02-03T18:56:27.844+0000] {dagbag.py:538} INFO - Filling up the DagBag from /home/airflow/.local/lib/python3.8/site-packages/airflow/example_dags/example_bash_operator.py
[2024-02-03T18:56:27.851+0000] {processor.py:840} INFO - DAG(s) 'example_bash_operator' retrieved from /home/airflow/.local/lib/python3.8/site-packages/airflow/example_dags/example_bash_operator.py
[2024-02-03T18:56:27.865+0000] {logging_mixin.py:188} INFO - [2024-02-03T18:56:27.865+0000] {dag.py:3036} INFO - Sync 1 DAGs
[2024-02-03T18:56:27.877+0000] {logging_mixin.py:188} INFO - [2024-02-03T18:56:27.877+0000] {dag.py:3823} INFO - Setting next_dagrun for example_bash_operator to 2024-02-02 00:00:00+00:00, run_after=2024-02-03 00:00:00+00:00
[2024-02-03T18:56:27.886+0000] {processor.py:183} INFO - Processing /home/airflow/.local/lib/python3.8/site-packages/airflow/example_dags/example_bash_operator.py took 0.045 seconds
[2024-02-03T18:56:58.644+0000] {processor.py:161} INFO - Started process (PID=1845) to work on /home/airflow/.local/lib/python3.8/site-packages/airflow/example_dags/example_bash_operator.py
[2024-02-03T18:56:58.644+0000] {processor.py:830} INFO - Processing file /home/airflow/.local/lib/python3.8/site-packages/airflow/example_dags/example_bash_operator.py for tasks to queue
[2024-02-03T18:56:58.645+0000] {logging_mixin.py:188} INFO - [2024-02-03T18:56:58.645+0000] {dagbag.py:538} INFO - Filling up the DagBag from /home/airflow/.local/lib/python3.8/site-packages/airflow/example_dags/example_bash_operator.py
[2024-02-03T18:56:58.652+0000] {processor.py:840} INFO - DAG(s) 'example_bash_operator' retrieved from /home/airflow/.local/lib/python3.8/site-packages/airflow/example_dags/example_bash_operator.py
[2024-02-03T18:56:58.668+0000] {logging_mixin.py:188} INFO - [2024-02-03T18:56:58.668+0000] {dag.py:3036} INFO - Sync 1 DAGs
[2024-02-03T18:56:58.680+0000] {logging_mixin.py:188} INFO - [2024-02-03T18:56:58.679+0000] {dag.py:3823} INFO - Setting next_dagrun for example_bash_operator to 2024-02-02 00:00:00+00:00, run_after=2024-02-03 00:00:00+00:00
[2024-02-03T18:56:58.689+0000] {processor.py:183} INFO - Processing /home/airflow/.local/lib/python3.8/site-packages/airflow/example_dags/example_bash_operator.py took 0.047 seconds
[2024-02-03T18:57:29.545+0000] {processor.py:161} INFO - Started process (PID=2090) to work on /home/airflow/.local/lib/python3.8/site-packages/airflow/example_dags/example_bash_operator.py
[2024-02-03T18:57:29.546+0000] {processor.py:830} INFO - Processing file /home/airflow/.local/lib/python3.8/site-packages/airflow/example_dags/example_bash_operator.py for tasks to queue
[2024-02-03T18:57:29.547+0000] {logging_mixin.py:188} INFO - [2024-02-03T18:57:29.547+0000] {dagbag.py:538} INFO - Filling up the DagBag from /home/airflow/.local/lib/python3.8/site-packages/airflow/example_dags/example_bash_operator.py
[2024-02-03T18:57:29.553+0000] {processor.py:840} INFO - DAG(s) 'example_bash_operator' retrieved from /home/airflow/.local/lib/python3.8/site-packages/airflow/example_dags/example_bash_operator.py
[2024-02-03T18:57:29.569+0000] {logging_mixin.py:188} INFO - [2024-02-03T18:57:29.569+0000] {dag.py:3036} INFO - Sync 1 DAGs
[2024-02-03T18:57:29.581+0000] {logging_mixin.py:188} INFO - [2024-02-03T18:57:29.581+0000] {dag.py:3823} INFO - Setting next_dagrun for example_bash_operator to 2024-02-02 00:00:00+00:00, run_after=2024-02-03 00:00:00+00:00
[2024-02-03T18:57:29.590+0000] {processor.py:183} INFO - Processing /home/airflow/.local/lib/python3.8/site-packages/airflow/example_dags/example_bash_operator.py took 0.046 seconds
[2024-02-03T18:58:00.309+0000] {processor.py:161} INFO - Started process (PID=2337) to work on /home/airflow/.local/lib/python3.8/site-packages/airflow/example_dags/example_bash_operator.py
[2024-02-03T18:58:00.310+0000] {processor.py:830} INFO - Processing file /home/airflow/.local/lib/python3.8/site-packages/airflow/example_dags/example_bash_operator.py for tasks to queue
[2024-02-03T18:58:00.311+0000] {logging_mixin.py:188} INFO - [2024-02-03T18:58:00.310+0000] {dagbag.py:538} INFO - Filling up the DagBag from /home/airflow/.local/lib/python3.8/site-packages/airflow/example_dags/example_bash_operator.py
[2024-02-03T18:58:00.317+0000] {processor.py:840} INFO - DAG(s) 'example_bash_operator' retrieved from /home/airflow/.local/lib/python3.8/site-packages/airflow/example_dags/example_bash_operator.py
[2024-02-03T18:58:00.331+0000] {logging_mixin.py:188} INFO - [2024-02-03T18:58:00.331+0000] {dag.py:3036} INFO - Sync 1 DAGs
[2024-02-03T18:58:00.342+0000] {logging_mixin.py:188} INFO - [2024-02-03T18:58:00.342+0000] {dag.py:3823} INFO - Setting next_dagrun for example_bash_operator to 2024-02-02 00:00:00+00:00, run_after=2024-02-03 00:00:00+00:00
[2024-02-03T18:58:00.351+0000] {processor.py:183} INFO - Processing /home/airflow/.local/lib/python3.8/site-packages/airflow/example_dags/example_bash_operator.py took 0.044 seconds
[2024-02-03T18:58:31.127+0000] {processor.py:161} INFO - Started process (PID=2584) to work on /home/airflow/.local/lib/python3.8/site-packages/airflow/example_dags/example_bash_operator.py
[2024-02-03T18:58:31.127+0000] {processor.py:830} INFO - Processing file /home/airflow/.local/lib/python3.8/site-packages/airflow/example_dags/example_bash_operator.py for tasks to queue
[2024-02-03T18:58:31.128+0000] {logging_mixin.py:188} INFO - [2024-02-03T18:58:31.128+0000] {dagbag.py:538} INFO - Filling up the DagBag from /home/airflow/.local/lib/python3.8/site-packages/airflow/example_dags/example_bash_operator.py
[2024-02-03T18:58:31.134+0000] {processor.py:840} INFO - DAG(s) 'example_bash_operator' retrieved from /home/airflow/.local/lib/python3.8/site-packages/airflow/example_dags/example_bash_operator.py
[2024-02-03T18:58:31.149+0000] {logging_mixin.py:188} INFO - [2024-02-03T18:58:31.149+0000] {dag.py:3036} INFO - Sync 1 DAGs
[2024-02-03T18:58:31.160+0000] {logging_mixin.py:188} INFO - [2024-02-03T18:58:31.160+0000] {dag.py:3823} INFO - Setting next_dagrun for example_bash_operator to 2024-02-02 00:00:00+00:00, run_after=2024-02-03 00:00:00+00:00
[2024-02-03T18:58:31.169+0000] {processor.py:183} INFO - Processing /home/airflow/.local/lib/python3.8/site-packages/airflow/example_dags/example_bash_operator.py took 0.044 seconds
[2024-02-03T18:59:01.960+0000] {processor.py:161} INFO - Started process (PID=2831) to work on /home/airflow/.local/lib/python3.8/site-packages/airflow/example_dags/example_bash_operator.py
[2024-02-03T18:59:01.961+0000] {processor.py:830} INFO - Processing file /home/airflow/.local/lib/python3.8/site-packages/airflow/example_dags/example_bash_operator.py for tasks to queue
[2024-02-03T18:59:01.961+0000] {logging_mixin.py:188} INFO - [2024-02-03T18:59:01.961+0000] {dagbag.py:538} INFO - Filling up the DagBag from /home/airflow/.local/lib/python3.8/site-packages/airflow/example_dags/example_bash_operator.py
[2024-02-03T18:59:01.968+0000] {processor.py:840} INFO - DAG(s) 'example_bash_operator' retrieved from /home/airflow/.local/lib/python3.8/site-packages/airflow/example_dags/example_bash_operator.py
[2024-02-03T18:59:01.986+0000] {logging_mixin.py:188} INFO - [2024-02-03T18:59:01.986+0000] {dag.py:3036} INFO - Sync 1 DAGs
[2024-02-03T18:59:01.998+0000] {logging_mixin.py:188} INFO - [2024-02-03T18:59:01.998+0000] {dag.py:3823} INFO - Setting next_dagrun for example_bash_operator to 2024-02-02 00:00:00+00:00, run_after=2024-02-03 00:00:00+00:00
[2024-02-03T18:59:02.019+0000] {processor.py:183} INFO - Processing /home/airflow/.local/lib/python3.8/site-packages/airflow/example_dags/example_bash_operator.py took 0.061 seconds
[2024-02-03T18:59:32.727+0000] {processor.py:161} INFO - Started process (PID=3078) to work on /home/airflow/.local/lib/python3.8/site-packages/airflow/example_dags/example_bash_operator.py
[2024-02-03T18:59:32.728+0000] {processor.py:830} INFO - Processing file /home/airflow/.local/lib/python3.8/site-packages/airflow/example_dags/example_bash_operator.py for tasks to queue
[2024-02-03T18:59:32.729+0000] {logging_mixin.py:188} INFO - [2024-02-03T18:59:32.728+0000] {dagbag.py:538} INFO - Filling up the DagBag from /home/airflow/.local/lib/python3.8/site-packages/airflow/example_dags/example_bash_operator.py
[2024-02-03T18:59:32.735+0000] {processor.py:840} INFO - DAG(s) 'example_bash_operator' retrieved from /home/airflow/.local/lib/python3.8/site-packages/airflow/example_dags/example_bash_operator.py
[2024-02-03T18:59:32.750+0000] {logging_mixin.py:188} INFO - [2024-02-03T18:59:32.750+0000] {dag.py:3036} INFO - Sync 1 DAGs
[2024-02-03T18:59:32.761+0000] {logging_mixin.py:188} INFO - [2024-02-03T18:59:32.761+0000] {dag.py:3823} INFO - Setting next_dagrun for example_bash_operator to 2024-02-02 00:00:00+00:00, run_after=2024-02-03 00:00:00+00:00
[2024-02-03T18:59:32.771+0000] {processor.py:183} INFO - Processing /home/airflow/.local/lib/python3.8/site-packages/airflow/example_dags/example_bash_operator.py took 0.046 seconds
[2024-02-03T19:00:03.505+0000] {processor.py:161} INFO - Started process (PID=3325) to work on /home/airflow/.local/lib/python3.8/site-packages/airflow/example_dags/example_bash_operator.py
[2024-02-03T19:00:03.506+0000] {processor.py:830} INFO - Processing file /home/airflow/.local/lib/python3.8/site-packages/airflow/example_dags/example_bash_operator.py for tasks to queue
[2024-02-03T19:00:03.507+0000] {logging_mixin.py:188} INFO - [2024-02-03T19:00:03.507+0000] {dagbag.py:538} INFO - Filling up the DagBag from /home/airflow/.local/lib/python3.8/site-packages/airflow/example_dags/example_bash_operator.py
[2024-02-03T19:00:03.513+0000] {processor.py:840} INFO - DAG(s) 'example_bash_operator' retrieved from /home/airflow/.local/lib/python3.8/site-packages/airflow/example_dags/example_bash_operator.py
[2024-02-03T19:00:03.528+0000] {logging_mixin.py:188} INFO - [2024-02-03T19:00:03.528+0000] {dag.py:3036} INFO - Sync 1 DAGs
[2024-02-03T19:00:03.539+0000] {logging_mixin.py:188} INFO - [2024-02-03T19:00:03.539+0000] {dag.py:3823} INFO - Setting next_dagrun for example_bash_operator to 2024-02-02 00:00:00+00:00, run_after=2024-02-03 00:00:00+00:00
[2024-02-03T19:00:03.548+0000] {processor.py:183} INFO - Processing /home/airflow/.local/lib/python3.8/site-packages/airflow/example_dags/example_bash_operator.py took 0.045 seconds
[2024-02-03T19:00:34.492+0000] {processor.py:161} INFO - Started process (PID=3574) to work on /home/airflow/.local/lib/python3.8/site-packages/airflow/example_dags/example_bash_operator.py
[2024-02-03T19:00:34.493+0000] {processor.py:830} INFO - Processing file /home/airflow/.local/lib/python3.8/site-packages/airflow/example_dags/example_bash_operator.py for tasks to queue
[2024-02-03T19:00:34.494+0000] {logging_mixin.py:188} INFO - [2024-02-03T19:00:34.494+0000] {dagbag.py:538} INFO - Filling up the DagBag from /home/airflow/.local/lib/python3.8/site-packages/airflow/example_dags/example_bash_operator.py
[2024-02-03T19:00:34.501+0000] {processor.py:840} INFO - DAG(s) 'example_bash_operator' retrieved from /home/airflow/.local/lib/python3.8/site-packages/airflow/example_dags/example_bash_operator.py
[2024-02-03T19:00:34.518+0000] {logging_mixin.py:188} INFO - [2024-02-03T19:00:34.518+0000] {dag.py:3036} INFO - Sync 1 DAGs
[2024-02-03T19:00:34.530+0000] {logging_mixin.py:188} INFO - [2024-02-03T19:00:34.530+0000] {dag.py:3823} INFO - Setting next_dagrun for example_bash_operator to 2024-02-02 00:00:00+00:00, run_after=2024-02-03 00:00:00+00:00
[2024-02-03T19:00:34.541+0000] {processor.py:183} INFO - Processing /home/airflow/.local/lib/python3.8/site-packages/airflow/example_dags/example_bash_operator.py took 0.050 seconds
[2024-02-03T19:01:04.673+0000] {processor.py:161} INFO - Started process (PID=3821) to work on /home/airflow/.local/lib/python3.8/site-packages/airflow/example_dags/example_bash_operator.py
[2024-02-03T19:01:04.674+0000] {processor.py:830} INFO - Processing file /home/airflow/.local/lib/python3.8/site-packages/airflow/example_dags/example_bash_operator.py for tasks to queue
[2024-02-03T19:01:04.675+0000] {logging_mixin.py:188} INFO - [2024-02-03T19:01:04.675+0000] {dagbag.py:538} INFO - Filling up the DagBag from /home/airflow/.local/lib/python3.8/site-packages/airflow/example_dags/example_bash_operator.py
[2024-02-03T19:01:04.684+0000] {processor.py:840} INFO - DAG(s) 'example_bash_operator' retrieved from /home/airflow/.local/lib/python3.8/site-packages/airflow/example_dags/example_bash_operator.py
[2024-02-03T19:01:04.693+0000] {logging_mixin.py:188} INFO - [2024-02-03T19:01:04.693+0000] {dag.py:3036} INFO - Sync 1 DAGs
[2024-02-03T19:01:04.708+0000] {logging_mixin.py:188} INFO - [2024-02-03T19:01:04.707+0000] {dag.py:3823} INFO - Setting next_dagrun for example_bash_operator to 2024-02-02 00:00:00+00:00, run_after=2024-02-03 00:00:00+00:00
[2024-02-03T19:01:04.720+0000] {processor.py:183} INFO - Processing /home/airflow/.local/lib/python3.8/site-packages/airflow/example_dags/example_bash_operator.py took 0.052 seconds
[2024-02-03T19:01:35.711+0000] {processor.py:161} INFO - Started process (PID=4066) to work on /home/airflow/.local/lib/python3.8/site-packages/airflow/example_dags/example_bash_operator.py
[2024-02-03T19:01:35.712+0000] {processor.py:830} INFO - Processing file /home/airflow/.local/lib/python3.8/site-packages/airflow/example_dags/example_bash_operator.py for tasks to queue
[2024-02-03T19:01:35.712+0000] {logging_mixin.py:188} INFO - [2024-02-03T19:01:35.712+0000] {dagbag.py:538} INFO - Filling up the DagBag from /home/airflow/.local/lib/python3.8/site-packages/airflow/example_dags/example_bash_operator.py
[2024-02-03T19:01:35.721+0000] {processor.py:840} INFO - DAG(s) 'example_bash_operator' retrieved from /home/airflow/.local/lib/python3.8/site-packages/airflow/example_dags/example_bash_operator.py
[2024-02-03T19:01:35.803+0000] {logging_mixin.py:188} INFO - [2024-02-03T19:01:35.802+0000] {dag.py:3036} INFO - Sync 1 DAGs
[2024-02-03T19:01:35.820+0000] {logging_mixin.py:188} INFO - [2024-02-03T19:01:35.820+0000] {dag.py:3823} INFO - Setting next_dagrun for example_bash_operator to 2024-02-02 00:00:00+00:00, run_after=2024-02-03 00:00:00+00:00
[2024-02-03T19:01:35.833+0000] {processor.py:183} INFO - Processing /home/airflow/.local/lib/python3.8/site-packages/airflow/example_dags/example_bash_operator.py took 0.125 seconds
[2024-02-03T19:02:06.759+0000] {processor.py:161} INFO - Started process (PID=4313) to work on /home/airflow/.local/lib/python3.8/site-packages/airflow/example_dags/example_bash_operator.py
[2024-02-03T19:02:06.760+0000] {processor.py:830} INFO - Processing file /home/airflow/.local/lib/python3.8/site-packages/airflow/example_dags/example_bash_operator.py for tasks to queue
[2024-02-03T19:02:06.760+0000] {logging_mixin.py:188} INFO - [2024-02-03T19:02:06.760+0000] {dagbag.py:538} INFO - Filling up the DagBag from /home/airflow/.local/lib/python3.8/site-packages/airflow/example_dags/example_bash_operator.py
[2024-02-03T19:02:06.768+0000] {processor.py:840} INFO - DAG(s) 'example_bash_operator' retrieved from /home/airflow/.local/lib/python3.8/site-packages/airflow/example_dags/example_bash_operator.py
[2024-02-03T19:02:06.786+0000] {logging_mixin.py:188} INFO - [2024-02-03T19:02:06.786+0000] {dag.py:3036} INFO - Sync 1 DAGs
[2024-02-03T19:02:06.803+0000] {logging_mixin.py:188} INFO - [2024-02-03T19:02:06.803+0000] {dag.py:3823} INFO - Setting next_dagrun for example_bash_operator to 2024-02-02 00:00:00+00:00, run_after=2024-02-03 00:00:00+00:00
[2024-02-03T19:02:06.814+0000] {processor.py:183} INFO - Processing /home/airflow/.local/lib/python3.8/site-packages/airflow/example_dags/example_bash_operator.py took 0.058 seconds
[2024-02-03T19:02:36.897+0000] {processor.py:161} INFO - Started process (PID=4560) to work on /home/airflow/.local/lib/python3.8/site-packages/airflow/example_dags/example_bash_operator.py
[2024-02-03T19:02:36.897+0000] {processor.py:830} INFO - Processing file /home/airflow/.local/lib/python3.8/site-packages/airflow/example_dags/example_bash_operator.py for tasks to queue
[2024-02-03T19:02:36.898+0000] {logging_mixin.py:188} INFO - [2024-02-03T19:02:36.898+0000] {dagbag.py:538} INFO - Filling up the DagBag from /home/airflow/.local/lib/python3.8/site-packages/airflow/example_dags/example_bash_operator.py
[2024-02-03T19:02:36.905+0000] {processor.py:840} INFO - DAG(s) 'example_bash_operator' retrieved from /home/airflow/.local/lib/python3.8/site-packages/airflow/example_dags/example_bash_operator.py
[2024-02-03T19:02:36.921+0000] {logging_mixin.py:188} INFO - [2024-02-03T19:02:36.921+0000] {dag.py:3036} INFO - Sync 1 DAGs
[2024-02-03T19:02:36.932+0000] {logging_mixin.py:188} INFO - [2024-02-03T19:02:36.932+0000] {dag.py:3823} INFO - Setting next_dagrun for example_bash_operator to 2024-02-02 00:00:00+00:00, run_after=2024-02-03 00:00:00+00:00
[2024-02-03T19:02:36.941+0000] {processor.py:183} INFO - Processing /home/airflow/.local/lib/python3.8/site-packages/airflow/example_dags/example_bash_operator.py took 0.046 seconds
[2024-02-03T19:03:07.090+0000] {processor.py:161} INFO - Started process (PID=4807) to work on /home/airflow/.local/lib/python3.8/site-packages/airflow/example_dags/example_bash_operator.py
[2024-02-03T19:03:07.091+0000] {processor.py:830} INFO - Processing file /home/airflow/.local/lib/python3.8/site-packages/airflow/example_dags/example_bash_operator.py for tasks to queue
[2024-02-03T19:03:07.091+0000] {logging_mixin.py:188} INFO - [2024-02-03T19:03:07.091+0000] {dagbag.py:538} INFO - Filling up the DagBag from /home/airflow/.local/lib/python3.8/site-packages/airflow/example_dags/example_bash_operator.py
[2024-02-03T19:03:07.098+0000] {processor.py:840} INFO - DAG(s) 'example_bash_operator' retrieved from /home/airflow/.local/lib/python3.8/site-packages/airflow/example_dags/example_bash_operator.py
[2024-02-03T19:03:07.114+0000] {logging_mixin.py:188} INFO - [2024-02-03T19:03:07.114+0000] {dag.py:3036} INFO - Sync 1 DAGs
[2024-02-03T19:03:07.126+0000] {logging_mixin.py:188} INFO - [2024-02-03T19:03:07.125+0000] {dag.py:3823} INFO - Setting next_dagrun for example_bash_operator to 2024-02-02 00:00:00+00:00, run_after=2024-02-03 00:00:00+00:00
[2024-02-03T19:03:07.134+0000] {processor.py:183} INFO - Processing /home/airflow/.local/lib/python3.8/site-packages/airflow/example_dags/example_bash_operator.py took 0.047 seconds
[2024-02-03T19:03:37.836+0000] {processor.py:161} INFO - Started process (PID=5054) to work on /home/airflow/.local/lib/python3.8/site-packages/airflow/example_dags/example_bash_operator.py
[2024-02-03T19:03:37.837+0000] {processor.py:830} INFO - Processing file /home/airflow/.local/lib/python3.8/site-packages/airflow/example_dags/example_bash_operator.py for tasks to queue
[2024-02-03T19:03:37.837+0000] {logging_mixin.py:188} INFO - [2024-02-03T19:03:37.837+0000] {dagbag.py:538} INFO - Filling up the DagBag from /home/airflow/.local/lib/python3.8/site-packages/airflow/example_dags/example_bash_operator.py
[2024-02-03T19:03:37.844+0000] {processor.py:840} INFO - DAG(s) 'example_bash_operator' retrieved from /home/airflow/.local/lib/python3.8/site-packages/airflow/example_dags/example_bash_operator.py
[2024-02-03T19:03:37.859+0000] {logging_mixin.py:188} INFO - [2024-02-03T19:03:37.859+0000] {dag.py:3036} INFO - Sync 1 DAGs
[2024-02-03T19:03:37.871+0000] {logging_mixin.py:188} INFO - [2024-02-03T19:03:37.871+0000] {dag.py:3823} INFO - Setting next_dagrun for example_bash_operator to 2024-02-02 00:00:00+00:00, run_after=2024-02-03 00:00:00+00:00
[2024-02-03T19:03:37.879+0000] {processor.py:183} INFO - Processing /home/airflow/.local/lib/python3.8/site-packages/airflow/example_dags/example_bash_operator.py took 0.045 seconds
[2024-02-03T19:04:08.596+0000] {processor.py:161} INFO - Started process (PID=5301) to work on /home/airflow/.local/lib/python3.8/site-packages/airflow/example_dags/example_bash_operator.py
[2024-02-03T19:04:08.596+0000] {processor.py:830} INFO - Processing file /home/airflow/.local/lib/python3.8/site-packages/airflow/example_dags/example_bash_operator.py for tasks to queue
[2024-02-03T19:04:08.597+0000] {logging_mixin.py:188} INFO - [2024-02-03T19:04:08.597+0000] {dagbag.py:538} INFO - Filling up the DagBag from /home/airflow/.local/lib/python3.8/site-packages/airflow/example_dags/example_bash_operator.py
[2024-02-03T19:04:08.604+0000] {processor.py:840} INFO - DAG(s) 'example_bash_operator' retrieved from /home/airflow/.local/lib/python3.8/site-packages/airflow/example_dags/example_bash_operator.py
[2024-02-03T19:04:08.620+0000] {logging_mixin.py:188} INFO - [2024-02-03T19:04:08.620+0000] {dag.py:3036} INFO - Sync 1 DAGs
[2024-02-03T19:04:08.634+0000] {logging_mixin.py:188} INFO - [2024-02-03T19:04:08.633+0000] {dag.py:3823} INFO - Setting next_dagrun for example_bash_operator to 2024-02-02 00:00:00+00:00, run_after=2024-02-03 00:00:00+00:00
[2024-02-03T19:04:08.647+0000] {processor.py:183} INFO - Processing /home/airflow/.local/lib/python3.8/site-packages/airflow/example_dags/example_bash_operator.py took 0.054 seconds
[2024-02-03T19:04:39.456+0000] {processor.py:161} INFO - Started process (PID=5548) to work on /home/airflow/.local/lib/python3.8/site-packages/airflow/example_dags/example_bash_operator.py
[2024-02-03T19:04:39.456+0000] {processor.py:830} INFO - Processing file /home/airflow/.local/lib/python3.8/site-packages/airflow/example_dags/example_bash_operator.py for tasks to queue
[2024-02-03T19:04:39.458+0000] {logging_mixin.py:188} INFO - [2024-02-03T19:04:39.458+0000] {dagbag.py:538} INFO - Filling up the DagBag from /home/airflow/.local/lib/python3.8/site-packages/airflow/example_dags/example_bash_operator.py
[2024-02-03T19:04:39.466+0000] {processor.py:840} INFO - DAG(s) 'example_bash_operator' retrieved from /home/airflow/.local/lib/python3.8/site-packages/airflow/example_dags/example_bash_operator.py
[2024-02-03T19:04:39.487+0000] {logging_mixin.py:188} INFO - [2024-02-03T19:04:39.486+0000] {dag.py:3036} INFO - Sync 1 DAGs
[2024-02-03T19:04:39.500+0000] {logging_mixin.py:188} INFO - [2024-02-03T19:04:39.500+0000] {dag.py:3823} INFO - Setting next_dagrun for example_bash_operator to 2024-02-02 00:00:00+00:00, run_after=2024-02-03 00:00:00+00:00
[2024-02-03T19:04:39.510+0000] {processor.py:183} INFO - Processing /home/airflow/.local/lib/python3.8/site-packages/airflow/example_dags/example_bash_operator.py took 0.057 seconds
[2024-02-03T19:05:09.618+0000] {processor.py:161} INFO - Started process (PID=5795) to work on /home/airflow/.local/lib/python3.8/site-packages/airflow/example_dags/example_bash_operator.py
[2024-02-03T19:05:09.619+0000] {processor.py:830} INFO - Processing file /home/airflow/.local/lib/python3.8/site-packages/airflow/example_dags/example_bash_operator.py for tasks to queue
[2024-02-03T19:05:09.620+0000] {logging_mixin.py:188} INFO - [2024-02-03T19:05:09.620+0000] {dagbag.py:538} INFO - Filling up the DagBag from /home/airflow/.local/lib/python3.8/site-packages/airflow/example_dags/example_bash_operator.py
[2024-02-03T19:05:09.627+0000] {processor.py:840} INFO - DAG(s) 'example_bash_operator' retrieved from /home/airflow/.local/lib/python3.8/site-packages/airflow/example_dags/example_bash_operator.py
[2024-02-03T19:05:09.644+0000] {logging_mixin.py:188} INFO - [2024-02-03T19:05:09.644+0000] {dag.py:3036} INFO - Sync 1 DAGs
[2024-02-03T19:05:09.657+0000] {logging_mixin.py:188} INFO - [2024-02-03T19:05:09.657+0000] {dag.py:3823} INFO - Setting next_dagrun for example_bash_operator to 2024-02-02 00:00:00+00:00, run_after=2024-02-03 00:00:00+00:00
[2024-02-03T19:05:09.666+0000] {processor.py:183} INFO - Processing /home/airflow/.local/lib/python3.8/site-packages/airflow/example_dags/example_bash_operator.py took 0.051 seconds
[2024-02-03T19:05:40.600+0000] {processor.py:161} INFO - Started process (PID=6043) to work on /home/airflow/.local/lib/python3.8/site-packages/airflow/example_dags/example_bash_operator.py
[2024-02-03T19:05:40.601+0000] {processor.py:830} INFO - Processing file /home/airflow/.local/lib/python3.8/site-packages/airflow/example_dags/example_bash_operator.py for tasks to queue
[2024-02-03T19:05:40.601+0000] {logging_mixin.py:188} INFO - [2024-02-03T19:05:40.601+0000] {dagbag.py:538} INFO - Filling up the DagBag from /home/airflow/.local/lib/python3.8/site-packages/airflow/example_dags/example_bash_operator.py
[2024-02-03T19:05:40.608+0000] {processor.py:840} INFO - DAG(s) 'example_bash_operator' retrieved from /home/airflow/.local/lib/python3.8/site-packages/airflow/example_dags/example_bash_operator.py
[2024-02-03T19:05:40.615+0000] {logging_mixin.py:188} INFO - [2024-02-03T19:05:40.615+0000] {dag.py:3036} INFO - Sync 1 DAGs
[2024-02-03T19:05:40.627+0000] {logging_mixin.py:188} INFO - [2024-02-03T19:05:40.627+0000] {dag.py:3823} INFO - Setting next_dagrun for example_bash_operator to 2024-02-02 00:00:00+00:00, run_after=2024-02-03 00:00:00+00:00
[2024-02-03T19:05:40.638+0000] {processor.py:183} INFO - Processing /home/airflow/.local/lib/python3.8/site-packages/airflow/example_dags/example_bash_operator.py took 0.040 seconds
[2024-02-03T19:06:11.031+0000] {processor.py:161} INFO - Started process (PID=6288) to work on /home/airflow/.local/lib/python3.8/site-packages/airflow/example_dags/example_bash_operator.py
[2024-02-03T19:06:11.031+0000] {processor.py:830} INFO - Processing file /home/airflow/.local/lib/python3.8/site-packages/airflow/example_dags/example_bash_operator.py for tasks to queue
[2024-02-03T19:06:11.032+0000] {logging_mixin.py:188} INFO - [2024-02-03T19:06:11.032+0000] {dagbag.py:538} INFO - Filling up the DagBag from /home/airflow/.local/lib/python3.8/site-packages/airflow/example_dags/example_bash_operator.py
[2024-02-03T19:06:11.039+0000] {processor.py:840} INFO - DAG(s) 'example_bash_operator' retrieved from /home/airflow/.local/lib/python3.8/site-packages/airflow/example_dags/example_bash_operator.py
[2024-02-03T19:06:11.091+0000] {logging_mixin.py:188} INFO - [2024-02-03T19:06:11.090+0000] {dag.py:3036} INFO - Sync 1 DAGs
[2024-02-03T19:06:11.100+0000] {logging_mixin.py:188} INFO - [2024-02-03T19:06:11.100+0000] {dag.py:3823} INFO - Setting next_dagrun for example_bash_operator to 2024-02-02 00:00:00+00:00, run_after=2024-02-03 00:00:00+00:00
[2024-02-03T19:06:11.110+0000] {processor.py:183} INFO - Processing /home/airflow/.local/lib/python3.8/site-packages/airflow/example_dags/example_bash_operator.py took 0.081 seconds
[2024-02-03T19:06:42.105+0000] {processor.py:161} INFO - Started process (PID=6537) to work on /home/airflow/.local/lib/python3.8/site-packages/airflow/example_dags/example_bash_operator.py
[2024-02-03T19:06:42.106+0000] {processor.py:830} INFO - Processing file /home/airflow/.local/lib/python3.8/site-packages/airflow/example_dags/example_bash_operator.py for tasks to queue
[2024-02-03T19:06:42.106+0000] {logging_mixin.py:188} INFO - [2024-02-03T19:06:42.106+0000] {dagbag.py:538} INFO - Filling up the DagBag from /home/airflow/.local/lib/python3.8/site-packages/airflow/example_dags/example_bash_operator.py
[2024-02-03T19:06:42.113+0000] {processor.py:840} INFO - DAG(s) 'example_bash_operator' retrieved from /home/airflow/.local/lib/python3.8/site-packages/airflow/example_dags/example_bash_operator.py
[2024-02-03T19:06:42.128+0000] {logging_mixin.py:188} INFO - [2024-02-03T19:06:42.128+0000] {dag.py:3036} INFO - Sync 1 DAGs
[2024-02-03T19:06:42.141+0000] {logging_mixin.py:188} INFO - [2024-02-03T19:06:42.141+0000] {dag.py:3823} INFO - Setting next_dagrun for example_bash_operator to 2024-02-02 00:00:00+00:00, run_after=2024-02-03 00:00:00+00:00
[2024-02-03T19:06:42.153+0000] {processor.py:183} INFO - Processing /home/airflow/.local/lib/python3.8/site-packages/airflow/example_dags/example_bash_operator.py took 0.050 seconds
[2024-02-03T19:07:13.136+0000] {processor.py:161} INFO - Started process (PID=6784) to work on /home/airflow/.local/lib/python3.8/site-packages/airflow/example_dags/example_bash_operator.py
[2024-02-03T19:07:13.137+0000] {processor.py:830} INFO - Processing file /home/airflow/.local/lib/python3.8/site-packages/airflow/example_dags/example_bash_operator.py for tasks to queue
[2024-02-03T19:07:13.138+0000] {logging_mixin.py:188} INFO - [2024-02-03T19:07:13.138+0000] {dagbag.py:538} INFO - Filling up the DagBag from /home/airflow/.local/lib/python3.8/site-packages/airflow/example_dags/example_bash_operator.py
[2024-02-03T19:07:13.151+0000] {processor.py:840} INFO - DAG(s) 'example_bash_operator' retrieved from /home/airflow/.local/lib/python3.8/site-packages/airflow/example_dags/example_bash_operator.py
[2024-02-03T19:07:13.174+0000] {logging_mixin.py:188} INFO - [2024-02-03T19:07:13.174+0000] {dag.py:3036} INFO - Sync 1 DAGs
[2024-02-03T19:07:13.187+0000] {logging_mixin.py:188} INFO - [2024-02-03T19:07:13.187+0000] {dag.py:3823} INFO - Setting next_dagrun for example_bash_operator to 2024-02-02 00:00:00+00:00, run_after=2024-02-03 00:00:00+00:00
[2024-02-03T19:07:13.196+0000] {processor.py:183} INFO - Processing /home/airflow/.local/lib/python3.8/site-packages/airflow/example_dags/example_bash_operator.py took 0.065 seconds
[2024-02-03T19:07:43.234+0000] {processor.py:161} INFO - Started process (PID=7031) to work on /home/airflow/.local/lib/python3.8/site-packages/airflow/example_dags/example_bash_operator.py
[2024-02-03T19:07:43.235+0000] {processor.py:830} INFO - Processing file /home/airflow/.local/lib/python3.8/site-packages/airflow/example_dags/example_bash_operator.py for tasks to queue
[2024-02-03T19:07:43.235+0000] {logging_mixin.py:188} INFO - [2024-02-03T19:07:43.235+0000] {dagbag.py:538} INFO - Filling up the DagBag from /home/airflow/.local/lib/python3.8/site-packages/airflow/example_dags/example_bash_operator.py
[2024-02-03T19:07:43.242+0000] {processor.py:840} INFO - DAG(s) 'example_bash_operator' retrieved from /home/airflow/.local/lib/python3.8/site-packages/airflow/example_dags/example_bash_operator.py
[2024-02-03T19:07:43.259+0000] {logging_mixin.py:188} INFO - [2024-02-03T19:07:43.259+0000] {dag.py:3036} INFO - Sync 1 DAGs
[2024-02-03T19:07:43.272+0000] {logging_mixin.py:188} INFO - [2024-02-03T19:07:43.272+0000] {dag.py:3823} INFO - Setting next_dagrun for example_bash_operator to 2024-02-02 00:00:00+00:00, run_after=2024-02-03 00:00:00+00:00
[2024-02-03T19:07:43.281+0000] {processor.py:183} INFO - Processing /home/airflow/.local/lib/python3.8/site-packages/airflow/example_dags/example_bash_operator.py took 0.050 seconds
[2024-02-03T19:08:13.619+0000] {processor.py:161} INFO - Started process (PID=7278) to work on /home/airflow/.local/lib/python3.8/site-packages/airflow/example_dags/example_bash_operator.py
[2024-02-03T19:08:13.620+0000] {processor.py:830} INFO - Processing file /home/airflow/.local/lib/python3.8/site-packages/airflow/example_dags/example_bash_operator.py for tasks to queue
[2024-02-03T19:08:13.621+0000] {logging_mixin.py:188} INFO - [2024-02-03T19:08:13.621+0000] {dagbag.py:538} INFO - Filling up the DagBag from /home/airflow/.local/lib/python3.8/site-packages/airflow/example_dags/example_bash_operator.py
[2024-02-03T19:08:13.629+0000] {processor.py:840} INFO - DAG(s) 'example_bash_operator' retrieved from /home/airflow/.local/lib/python3.8/site-packages/airflow/example_dags/example_bash_operator.py
[2024-02-03T19:08:13.648+0000] {logging_mixin.py:188} INFO - [2024-02-03T19:08:13.648+0000] {dag.py:3036} INFO - Sync 1 DAGs
[2024-02-03T19:08:13.662+0000] {logging_mixin.py:188} INFO - [2024-02-03T19:08:13.662+0000] {dag.py:3823} INFO - Setting next_dagrun for example_bash_operator to 2024-02-02 00:00:00+00:00, run_after=2024-02-03 00:00:00+00:00
[2024-02-03T19:08:13.675+0000] {processor.py:183} INFO - Processing /home/airflow/.local/lib/python3.8/site-packages/airflow/example_dags/example_bash_operator.py took 0.064 seconds
[2024-02-03T19:08:43.767+0000] {processor.py:161} INFO - Started process (PID=7525) to work on /home/airflow/.local/lib/python3.8/site-packages/airflow/example_dags/example_bash_operator.py
[2024-02-03T19:08:43.768+0000] {processor.py:830} INFO - Processing file /home/airflow/.local/lib/python3.8/site-packages/airflow/example_dags/example_bash_operator.py for tasks to queue
[2024-02-03T19:08:43.769+0000] {logging_mixin.py:188} INFO - [2024-02-03T19:08:43.769+0000] {dagbag.py:538} INFO - Filling up the DagBag from /home/airflow/.local/lib/python3.8/site-packages/airflow/example_dags/example_bash_operator.py
[2024-02-03T19:08:43.782+0000] {processor.py:840} INFO - DAG(s) 'example_bash_operator' retrieved from /home/airflow/.local/lib/python3.8/site-packages/airflow/example_dags/example_bash_operator.py
[2024-02-03T19:08:43.810+0000] {logging_mixin.py:188} INFO - [2024-02-03T19:08:43.810+0000] {dag.py:3036} INFO - Sync 1 DAGs
[2024-02-03T19:08:43.826+0000] {logging_mixin.py:188} INFO - [2024-02-03T19:08:43.825+0000] {dag.py:3823} INFO - Setting next_dagrun for example_bash_operator to 2024-02-02 00:00:00+00:00, run_after=2024-02-03 00:00:00+00:00
[2024-02-03T19:08:43.836+0000] {processor.py:183} INFO - Processing /home/airflow/.local/lib/python3.8/site-packages/airflow/example_dags/example_bash_operator.py took 0.073 seconds
[2024-02-03T19:09:14.607+0000] {processor.py:161} INFO - Started process (PID=7772) to work on /home/airflow/.local/lib/python3.8/site-packages/airflow/example_dags/example_bash_operator.py
[2024-02-03T19:09:14.609+0000] {processor.py:830} INFO - Processing file /home/airflow/.local/lib/python3.8/site-packages/airflow/example_dags/example_bash_operator.py for tasks to queue
[2024-02-03T19:09:14.610+0000] {logging_mixin.py:188} INFO - [2024-02-03T19:09:14.610+0000] {dagbag.py:538} INFO - Filling up the DagBag from /home/airflow/.local/lib/python3.8/site-packages/airflow/example_dags/example_bash_operator.py
[2024-02-03T19:09:14.622+0000] {processor.py:840} INFO - DAG(s) 'example_bash_operator' retrieved from /home/airflow/.local/lib/python3.8/site-packages/airflow/example_dags/example_bash_operator.py
[2024-02-03T19:09:14.642+0000] {logging_mixin.py:188} INFO - [2024-02-03T19:09:14.642+0000] {dag.py:3036} INFO - Sync 1 DAGs
[2024-02-03T19:09:14.654+0000] {logging_mixin.py:188} INFO - [2024-02-03T19:09:14.654+0000] {dag.py:3823} INFO - Setting next_dagrun for example_bash_operator to 2024-02-02 00:00:00+00:00, run_after=2024-02-03 00:00:00+00:00
[2024-02-03T19:09:14.663+0000] {processor.py:183} INFO - Processing /home/airflow/.local/lib/python3.8/site-packages/airflow/example_dags/example_bash_operator.py took 0.061 seconds
[2024-02-03T19:09:45.447+0000] {processor.py:161} INFO - Started process (PID=8019) to work on /home/airflow/.local/lib/python3.8/site-packages/airflow/example_dags/example_bash_operator.py
[2024-02-03T19:09:45.449+0000] {processor.py:830} INFO - Processing file /home/airflow/.local/lib/python3.8/site-packages/airflow/example_dags/example_bash_operator.py for tasks to queue
[2024-02-03T19:09:45.450+0000] {logging_mixin.py:188} INFO - [2024-02-03T19:09:45.450+0000] {dagbag.py:538} INFO - Filling up the DagBag from /home/airflow/.local/lib/python3.8/site-packages/airflow/example_dags/example_bash_operator.py
[2024-02-03T19:09:45.465+0000] {processor.py:840} INFO - DAG(s) 'example_bash_operator' retrieved from /home/airflow/.local/lib/python3.8/site-packages/airflow/example_dags/example_bash_operator.py
[2024-02-03T19:09:45.489+0000] {logging_mixin.py:188} INFO - [2024-02-03T19:09:45.488+0000] {dag.py:3036} INFO - Sync 1 DAGs
[2024-02-03T19:09:45.501+0000] {logging_mixin.py:188} INFO - [2024-02-03T19:09:45.501+0000] {dag.py:3823} INFO - Setting next_dagrun for example_bash_operator to 2024-02-02 00:00:00+00:00, run_after=2024-02-03 00:00:00+00:00
[2024-02-03T19:09:45.510+0000] {processor.py:183} INFO - Processing /home/airflow/.local/lib/python3.8/site-packages/airflow/example_dags/example_bash_operator.py took 0.069 seconds
[2024-02-03T19:10:15.674+0000] {processor.py:161} INFO - Started process (PID=8266) to work on /home/airflow/.local/lib/python3.8/site-packages/airflow/example_dags/example_bash_operator.py
[2024-02-03T19:10:15.676+0000] {processor.py:830} INFO - Processing file /home/airflow/.local/lib/python3.8/site-packages/airflow/example_dags/example_bash_operator.py for tasks to queue
[2024-02-03T19:10:15.677+0000] {logging_mixin.py:188} INFO - [2024-02-03T19:10:15.677+0000] {dagbag.py:538} INFO - Filling up the DagBag from /home/airflow/.local/lib/python3.8/site-packages/airflow/example_dags/example_bash_operator.py
[2024-02-03T19:10:15.691+0000] {processor.py:840} INFO - DAG(s) 'example_bash_operator' retrieved from /home/airflow/.local/lib/python3.8/site-packages/airflow/example_dags/example_bash_operator.py
[2024-02-03T19:10:15.714+0000] {logging_mixin.py:188} INFO - [2024-02-03T19:10:15.714+0000] {dag.py:3036} INFO - Sync 1 DAGs
[2024-02-03T19:10:15.727+0000] {logging_mixin.py:188} INFO - [2024-02-03T19:10:15.726+0000] {dag.py:3823} INFO - Setting next_dagrun for example_bash_operator to 2024-02-02 00:00:00+00:00, run_after=2024-02-03 00:00:00+00:00
[2024-02-03T19:10:15.736+0000] {processor.py:183} INFO - Processing /home/airflow/.local/lib/python3.8/site-packages/airflow/example_dags/example_bash_operator.py took 0.067 seconds
