[2024-02-03T18:53:53.002+0000] {processor.py:161} INFO - Started process (PID=336) to work on /home/airflow/.local/lib/python3.8/site-packages/airflow/example_dags/example_datasets.py
[2024-02-03T18:53:53.003+0000] {processor.py:830} INFO - Processing file /home/airflow/.local/lib/python3.8/site-packages/airflow/example_dags/example_datasets.py for tasks to queue
[2024-02-03T18:53:53.004+0000] {logging_mixin.py:188} INFO - [2024-02-03T18:53:53.004+0000] {dagbag.py:538} INFO - Filling up the DagBag from /home/airflow/.local/lib/python3.8/site-packages/airflow/example_dags/example_datasets.py
[2024-02-03T18:53:53.010+0000] {processor.py:840} INFO - DAG(s) 'dataset_consumes_unknown_never_scheduled', 'dataset_consumes_1_never_scheduled', 'dataset_consumes_1', 'dataset_produces_2', 'dataset_produces_1', 'dataset_consumes_1_and_2' retrieved from /home/airflow/.local/lib/python3.8/site-packages/airflow/example_dags/example_datasets.py
[2024-02-03T18:53:53.020+0000] {logging_mixin.py:188} INFO - [2024-02-03T18:53:53.019+0000] {dag.py:3036} INFO - Sync 6 DAGs
[2024-02-03T18:53:53.034+0000] {logging_mixin.py:188} INFO - [2024-02-03T18:53:53.034+0000] {dag.py:3823} INFO - Setting next_dagrun for dataset_consumes_1 to None, run_after=None
[2024-02-03T18:53:53.037+0000] {logging_mixin.py:188} INFO - [2024-02-03T18:53:53.037+0000] {dag.py:3823} INFO - Setting next_dagrun for dataset_consumes_1_and_2 to None, run_after=None
[2024-02-03T18:53:53.037+0000] {logging_mixin.py:188} INFO - [2024-02-03T18:53:53.037+0000] {dag.py:3823} INFO - Setting next_dagrun for dataset_consumes_1_never_scheduled to None, run_after=None
[2024-02-03T18:53:53.038+0000] {logging_mixin.py:188} INFO - [2024-02-03T18:53:53.038+0000] {dag.py:3823} INFO - Setting next_dagrun for dataset_consumes_unknown_never_scheduled to None, run_after=None
[2024-02-03T18:53:53.040+0000] {logging_mixin.py:188} INFO - [2024-02-03T18:53:53.040+0000] {dag.py:3823} INFO - Setting next_dagrun for dataset_produces_1 to 2024-02-02 00:00:00+00:00, run_after=2024-02-03 00:00:00+00:00
[2024-02-03T18:53:53.041+0000] {logging_mixin.py:188} INFO - [2024-02-03T18:53:53.041+0000] {dag.py:3823} INFO - Setting next_dagrun for dataset_produces_2 to None, run_after=None
[2024-02-03T18:53:53.057+0000] {processor.py:183} INFO - Processing /home/airflow/.local/lib/python3.8/site-packages/airflow/example_dags/example_datasets.py took 0.057 seconds
[2024-02-03T18:54:23.987+0000] {processor.py:161} INFO - Started process (PID=583) to work on /home/airflow/.local/lib/python3.8/site-packages/airflow/example_dags/example_datasets.py
[2024-02-03T18:54:23.988+0000] {processor.py:830} INFO - Processing file /home/airflow/.local/lib/python3.8/site-packages/airflow/example_dags/example_datasets.py for tasks to queue
[2024-02-03T18:54:23.988+0000] {logging_mixin.py:188} INFO - [2024-02-03T18:54:23.988+0000] {dagbag.py:538} INFO - Filling up the DagBag from /home/airflow/.local/lib/python3.8/site-packages/airflow/example_dags/example_datasets.py
[2024-02-03T18:54:23.994+0000] {processor.py:840} INFO - DAG(s) 'dataset_produces_1', 'dataset_consumes_1_and_2', 'dataset_produces_2', 'dataset_consumes_1', 'dataset_consumes_unknown_never_scheduled', 'dataset_consumes_1_never_scheduled' retrieved from /home/airflow/.local/lib/python3.8/site-packages/airflow/example_dags/example_datasets.py
[2024-02-03T18:54:24.077+0000] {logging_mixin.py:188} INFO - [2024-02-03T18:54:24.077+0000] {dag.py:3036} INFO - Sync 6 DAGs
[2024-02-03T18:54:24.089+0000] {logging_mixin.py:188} INFO - [2024-02-03T18:54:24.089+0000] {dag.py:3823} INFO - Setting next_dagrun for dataset_consumes_1 to None, run_after=None
[2024-02-03T18:54:24.091+0000] {logging_mixin.py:188} INFO - [2024-02-03T18:54:24.091+0000] {dag.py:3823} INFO - Setting next_dagrun for dataset_consumes_1_and_2 to None, run_after=None
[2024-02-03T18:54:24.092+0000] {logging_mixin.py:188} INFO - [2024-02-03T18:54:24.091+0000] {dag.py:3823} INFO - Setting next_dagrun for dataset_consumes_1_never_scheduled to None, run_after=None
[2024-02-03T18:54:24.092+0000] {logging_mixin.py:188} INFO - [2024-02-03T18:54:24.092+0000] {dag.py:3823} INFO - Setting next_dagrun for dataset_consumes_unknown_never_scheduled to None, run_after=None
[2024-02-03T18:54:24.094+0000] {logging_mixin.py:188} INFO - [2024-02-03T18:54:24.094+0000] {dag.py:3823} INFO - Setting next_dagrun for dataset_produces_1 to 2024-02-02 00:00:00+00:00, run_after=2024-02-03 00:00:00+00:00
[2024-02-03T18:54:24.094+0000] {logging_mixin.py:188} INFO - [2024-02-03T18:54:24.094+0000] {dag.py:3823} INFO - Setting next_dagrun for dataset_produces_2 to None, run_after=None
[2024-02-03T18:54:24.114+0000] {processor.py:183} INFO - Processing /home/airflow/.local/lib/python3.8/site-packages/airflow/example_dags/example_datasets.py took 0.130 seconds
[2024-02-03T18:54:55.057+0000] {processor.py:161} INFO - Started process (PID=832) to work on /home/airflow/.local/lib/python3.8/site-packages/airflow/example_dags/example_datasets.py
[2024-02-03T18:54:55.057+0000] {processor.py:830} INFO - Processing file /home/airflow/.local/lib/python3.8/site-packages/airflow/example_dags/example_datasets.py for tasks to queue
[2024-02-03T18:54:55.058+0000] {logging_mixin.py:188} INFO - [2024-02-03T18:54:55.058+0000] {dagbag.py:538} INFO - Filling up the DagBag from /home/airflow/.local/lib/python3.8/site-packages/airflow/example_dags/example_datasets.py
[2024-02-03T18:54:55.063+0000] {processor.py:840} INFO - DAG(s) 'dataset_consumes_1_and_2', 'dataset_produces_1', 'dataset_produces_2', 'dataset_consumes_1_never_scheduled', 'dataset_consumes_unknown_never_scheduled', 'dataset_consumes_1' retrieved from /home/airflow/.local/lib/python3.8/site-packages/airflow/example_dags/example_datasets.py
[2024-02-03T18:54:55.082+0000] {logging_mixin.py:188} INFO - [2024-02-03T18:54:55.082+0000] {dag.py:3036} INFO - Sync 6 DAGs
[2024-02-03T18:54:55.093+0000] {logging_mixin.py:188} INFO - [2024-02-03T18:54:55.093+0000] {dag.py:3823} INFO - Setting next_dagrun for dataset_consumes_1 to None, run_after=None
[2024-02-03T18:54:55.095+0000] {logging_mixin.py:188} INFO - [2024-02-03T18:54:55.095+0000] {dag.py:3823} INFO - Setting next_dagrun for dataset_consumes_1_and_2 to None, run_after=None
[2024-02-03T18:54:55.096+0000] {logging_mixin.py:188} INFO - [2024-02-03T18:54:55.096+0000] {dag.py:3823} INFO - Setting next_dagrun for dataset_consumes_1_never_scheduled to None, run_after=None
[2024-02-03T18:54:55.096+0000] {logging_mixin.py:188} INFO - [2024-02-03T18:54:55.096+0000] {dag.py:3823} INFO - Setting next_dagrun for dataset_consumes_unknown_never_scheduled to None, run_after=None
[2024-02-03T18:54:55.098+0000] {logging_mixin.py:188} INFO - [2024-02-03T18:54:55.098+0000] {dag.py:3823} INFO - Setting next_dagrun for dataset_produces_1 to 2024-02-02 00:00:00+00:00, run_after=2024-02-03 00:00:00+00:00
[2024-02-03T18:54:55.098+0000] {logging_mixin.py:188} INFO - [2024-02-03T18:54:55.098+0000] {dag.py:3823} INFO - Setting next_dagrun for dataset_produces_2 to None, run_after=None
[2024-02-03T18:54:55.115+0000] {processor.py:183} INFO - Processing /home/airflow/.local/lib/python3.8/site-packages/airflow/example_dags/example_datasets.py took 0.060 seconds
[2024-02-03T18:55:26.105+0000] {processor.py:161} INFO - Started process (PID=1079) to work on /home/airflow/.local/lib/python3.8/site-packages/airflow/example_dags/example_datasets.py
[2024-02-03T18:55:26.105+0000] {processor.py:830} INFO - Processing file /home/airflow/.local/lib/python3.8/site-packages/airflow/example_dags/example_datasets.py for tasks to queue
[2024-02-03T18:55:26.106+0000] {logging_mixin.py:188} INFO - [2024-02-03T18:55:26.106+0000] {dagbag.py:538} INFO - Filling up the DagBag from /home/airflow/.local/lib/python3.8/site-packages/airflow/example_dags/example_datasets.py
[2024-02-03T18:55:26.111+0000] {processor.py:840} INFO - DAG(s) 'dataset_produces_1', 'dataset_consumes_1', 'dataset_consumes_unknown_never_scheduled', 'dataset_consumes_1_and_2', 'dataset_produces_2', 'dataset_consumes_1_never_scheduled' retrieved from /home/airflow/.local/lib/python3.8/site-packages/airflow/example_dags/example_datasets.py
[2024-02-03T18:55:26.128+0000] {logging_mixin.py:188} INFO - [2024-02-03T18:55:26.128+0000] {dag.py:3036} INFO - Sync 6 DAGs
[2024-02-03T18:55:26.138+0000] {logging_mixin.py:188} INFO - [2024-02-03T18:55:26.138+0000] {dag.py:3823} INFO - Setting next_dagrun for dataset_consumes_1 to None, run_after=None
[2024-02-03T18:55:26.140+0000] {logging_mixin.py:188} INFO - [2024-02-03T18:55:26.139+0000] {dag.py:3823} INFO - Setting next_dagrun for dataset_consumes_1_and_2 to None, run_after=None
[2024-02-03T18:55:26.140+0000] {logging_mixin.py:188} INFO - [2024-02-03T18:55:26.140+0000] {dag.py:3823} INFO - Setting next_dagrun for dataset_consumes_1_never_scheduled to None, run_after=None
[2024-02-03T18:55:26.141+0000] {logging_mixin.py:188} INFO - [2024-02-03T18:55:26.141+0000] {dag.py:3823} INFO - Setting next_dagrun for dataset_consumes_unknown_never_scheduled to None, run_after=None
[2024-02-03T18:55:26.142+0000] {logging_mixin.py:188} INFO - [2024-02-03T18:55:26.142+0000] {dag.py:3823} INFO - Setting next_dagrun for dataset_produces_1 to 2024-02-02 00:00:00+00:00, run_after=2024-02-03 00:00:00+00:00
[2024-02-03T18:55:26.143+0000] {logging_mixin.py:188} INFO - [2024-02-03T18:55:26.143+0000] {dag.py:3823} INFO - Setting next_dagrun for dataset_produces_2 to None, run_after=None
[2024-02-03T18:55:26.156+0000] {processor.py:183} INFO - Processing /home/airflow/.local/lib/python3.8/site-packages/airflow/example_dags/example_datasets.py took 0.053 seconds
[2024-02-03T18:55:56.853+0000] {processor.py:161} INFO - Started process (PID=1326) to work on /home/airflow/.local/lib/python3.8/site-packages/airflow/example_dags/example_datasets.py
[2024-02-03T18:55:56.854+0000] {processor.py:830} INFO - Processing file /home/airflow/.local/lib/python3.8/site-packages/airflow/example_dags/example_datasets.py for tasks to queue
[2024-02-03T18:55:56.854+0000] {logging_mixin.py:188} INFO - [2024-02-03T18:55:56.854+0000] {dagbag.py:538} INFO - Filling up the DagBag from /home/airflow/.local/lib/python3.8/site-packages/airflow/example_dags/example_datasets.py
[2024-02-03T18:55:56.860+0000] {processor.py:840} INFO - DAG(s) 'dataset_produces_1', 'dataset_consumes_1_and_2', 'dataset_consumes_unknown_never_scheduled', 'dataset_consumes_1', 'dataset_consumes_1_never_scheduled', 'dataset_produces_2' retrieved from /home/airflow/.local/lib/python3.8/site-packages/airflow/example_dags/example_datasets.py
[2024-02-03T18:55:56.876+0000] {logging_mixin.py:188} INFO - [2024-02-03T18:55:56.876+0000] {dag.py:3036} INFO - Sync 6 DAGs
[2024-02-03T18:55:56.886+0000] {logging_mixin.py:188} INFO - [2024-02-03T18:55:56.886+0000] {dag.py:3823} INFO - Setting next_dagrun for dataset_consumes_1 to None, run_after=None
[2024-02-03T18:55:56.888+0000] {logging_mixin.py:188} INFO - [2024-02-03T18:55:56.888+0000] {dag.py:3823} INFO - Setting next_dagrun for dataset_consumes_1_and_2 to None, run_after=None
[2024-02-03T18:55:56.888+0000] {logging_mixin.py:188} INFO - [2024-02-03T18:55:56.888+0000] {dag.py:3823} INFO - Setting next_dagrun for dataset_consumes_1_never_scheduled to None, run_after=None
[2024-02-03T18:55:56.889+0000] {logging_mixin.py:188} INFO - [2024-02-03T18:55:56.889+0000] {dag.py:3823} INFO - Setting next_dagrun for dataset_consumes_unknown_never_scheduled to None, run_after=None
[2024-02-03T18:55:56.890+0000] {logging_mixin.py:188} INFO - [2024-02-03T18:55:56.890+0000] {dag.py:3823} INFO - Setting next_dagrun for dataset_produces_1 to 2024-02-02 00:00:00+00:00, run_after=2024-02-03 00:00:00+00:00
[2024-02-03T18:55:56.891+0000] {logging_mixin.py:188} INFO - [2024-02-03T18:55:56.891+0000] {dag.py:3823} INFO - Setting next_dagrun for dataset_produces_2 to None, run_after=None
[2024-02-03T18:55:56.903+0000] {processor.py:183} INFO - Processing /home/airflow/.local/lib/python3.8/site-packages/airflow/example_dags/example_datasets.py took 0.052 seconds
[2024-02-03T18:56:27.664+0000] {processor.py:161} INFO - Started process (PID=1573) to work on /home/airflow/.local/lib/python3.8/site-packages/airflow/example_dags/example_datasets.py
[2024-02-03T18:56:27.664+0000] {processor.py:830} INFO - Processing file /home/airflow/.local/lib/python3.8/site-packages/airflow/example_dags/example_datasets.py for tasks to queue
[2024-02-03T18:56:27.665+0000] {logging_mixin.py:188} INFO - [2024-02-03T18:56:27.665+0000] {dagbag.py:538} INFO - Filling up the DagBag from /home/airflow/.local/lib/python3.8/site-packages/airflow/example_dags/example_datasets.py
[2024-02-03T18:56:27.670+0000] {processor.py:840} INFO - DAG(s) 'dataset_consumes_1_and_2', 'dataset_produces_2', 'dataset_consumes_1', 'dataset_consumes_unknown_never_scheduled', 'dataset_produces_1', 'dataset_consumes_1_never_scheduled' retrieved from /home/airflow/.local/lib/python3.8/site-packages/airflow/example_dags/example_datasets.py
[2024-02-03T18:56:27.687+0000] {logging_mixin.py:188} INFO - [2024-02-03T18:56:27.687+0000] {dag.py:3036} INFO - Sync 6 DAGs
[2024-02-03T18:56:27.697+0000] {logging_mixin.py:188} INFO - [2024-02-03T18:56:27.697+0000] {dag.py:3823} INFO - Setting next_dagrun for dataset_consumes_1 to None, run_after=None
[2024-02-03T18:56:27.699+0000] {logging_mixin.py:188} INFO - [2024-02-03T18:56:27.699+0000] {dag.py:3823} INFO - Setting next_dagrun for dataset_consumes_1_and_2 to None, run_after=None
[2024-02-03T18:56:27.699+0000] {logging_mixin.py:188} INFO - [2024-02-03T18:56:27.699+0000] {dag.py:3823} INFO - Setting next_dagrun for dataset_consumes_1_never_scheduled to None, run_after=None
[2024-02-03T18:56:27.700+0000] {logging_mixin.py:188} INFO - [2024-02-03T18:56:27.700+0000] {dag.py:3823} INFO - Setting next_dagrun for dataset_consumes_unknown_never_scheduled to None, run_after=None
[2024-02-03T18:56:27.701+0000] {logging_mixin.py:188} INFO - [2024-02-03T18:56:27.701+0000] {dag.py:3823} INFO - Setting next_dagrun for dataset_produces_1 to 2024-02-02 00:00:00+00:00, run_after=2024-02-03 00:00:00+00:00
[2024-02-03T18:56:27.702+0000] {logging_mixin.py:188} INFO - [2024-02-03T18:56:27.702+0000] {dag.py:3823} INFO - Setting next_dagrun for dataset_produces_2 to None, run_after=None
[2024-02-03T18:56:27.715+0000] {processor.py:183} INFO - Processing /home/airflow/.local/lib/python3.8/site-packages/airflow/example_dags/example_datasets.py took 0.053 seconds
[2024-02-03T18:56:58.458+0000] {processor.py:161} INFO - Started process (PID=1820) to work on /home/airflow/.local/lib/python3.8/site-packages/airflow/example_dags/example_datasets.py
[2024-02-03T18:56:58.459+0000] {processor.py:830} INFO - Processing file /home/airflow/.local/lib/python3.8/site-packages/airflow/example_dags/example_datasets.py for tasks to queue
[2024-02-03T18:56:58.459+0000] {logging_mixin.py:188} INFO - [2024-02-03T18:56:58.459+0000] {dagbag.py:538} INFO - Filling up the DagBag from /home/airflow/.local/lib/python3.8/site-packages/airflow/example_dags/example_datasets.py
[2024-02-03T18:56:58.465+0000] {processor.py:840} INFO - DAG(s) 'dataset_consumes_1_never_scheduled', 'dataset_produces_2', 'dataset_consumes_1', 'dataset_produces_1', 'dataset_consumes_1_and_2', 'dataset_consumes_unknown_never_scheduled' retrieved from /home/airflow/.local/lib/python3.8/site-packages/airflow/example_dags/example_datasets.py
[2024-02-03T18:56:58.482+0000] {logging_mixin.py:188} INFO - [2024-02-03T18:56:58.482+0000] {dag.py:3036} INFO - Sync 6 DAGs
[2024-02-03T18:56:58.493+0000] {logging_mixin.py:188} INFO - [2024-02-03T18:56:58.493+0000] {dag.py:3823} INFO - Setting next_dagrun for dataset_consumes_1 to None, run_after=None
[2024-02-03T18:56:58.495+0000] {logging_mixin.py:188} INFO - [2024-02-03T18:56:58.495+0000] {dag.py:3823} INFO - Setting next_dagrun for dataset_consumes_1_and_2 to None, run_after=None
[2024-02-03T18:56:58.496+0000] {logging_mixin.py:188} INFO - [2024-02-03T18:56:58.496+0000] {dag.py:3823} INFO - Setting next_dagrun for dataset_consumes_1_never_scheduled to None, run_after=None
[2024-02-03T18:56:58.496+0000] {logging_mixin.py:188} INFO - [2024-02-03T18:56:58.496+0000] {dag.py:3823} INFO - Setting next_dagrun for dataset_consumes_unknown_never_scheduled to None, run_after=None
[2024-02-03T18:56:58.498+0000] {logging_mixin.py:188} INFO - [2024-02-03T18:56:58.498+0000] {dag.py:3823} INFO - Setting next_dagrun for dataset_produces_1 to 2024-02-02 00:00:00+00:00, run_after=2024-02-03 00:00:00+00:00
[2024-02-03T18:56:58.498+0000] {logging_mixin.py:188} INFO - [2024-02-03T18:56:58.498+0000] {dag.py:3823} INFO - Setting next_dagrun for dataset_produces_2 to None, run_after=None
[2024-02-03T18:56:58.512+0000] {processor.py:183} INFO - Processing /home/airflow/.local/lib/python3.8/site-packages/airflow/example_dags/example_datasets.py took 0.056 seconds
[2024-02-03T18:57:29.406+0000] {processor.py:161} INFO - Started process (PID=2067) to work on /home/airflow/.local/lib/python3.8/site-packages/airflow/example_dags/example_datasets.py
[2024-02-03T18:57:29.407+0000] {processor.py:830} INFO - Processing file /home/airflow/.local/lib/python3.8/site-packages/airflow/example_dags/example_datasets.py for tasks to queue
[2024-02-03T18:57:29.407+0000] {logging_mixin.py:188} INFO - [2024-02-03T18:57:29.407+0000] {dagbag.py:538} INFO - Filling up the DagBag from /home/airflow/.local/lib/python3.8/site-packages/airflow/example_dags/example_datasets.py
[2024-02-03T18:57:29.413+0000] {processor.py:840} INFO - DAG(s) 'dataset_consumes_1_never_scheduled', 'dataset_consumes_1_and_2', 'dataset_produces_1', 'dataset_produces_2', 'dataset_consumes_1', 'dataset_consumes_unknown_never_scheduled' retrieved from /home/airflow/.local/lib/python3.8/site-packages/airflow/example_dags/example_datasets.py
[2024-02-03T18:57:29.433+0000] {logging_mixin.py:188} INFO - [2024-02-03T18:57:29.433+0000] {dag.py:3036} INFO - Sync 6 DAGs
[2024-02-03T18:57:29.444+0000] {logging_mixin.py:188} INFO - [2024-02-03T18:57:29.443+0000] {dag.py:3823} INFO - Setting next_dagrun for dataset_consumes_1 to None, run_after=None
[2024-02-03T18:57:29.445+0000] {logging_mixin.py:188} INFO - [2024-02-03T18:57:29.445+0000] {dag.py:3823} INFO - Setting next_dagrun for dataset_consumes_1_and_2 to None, run_after=None
[2024-02-03T18:57:29.446+0000] {logging_mixin.py:188} INFO - [2024-02-03T18:57:29.446+0000] {dag.py:3823} INFO - Setting next_dagrun for dataset_consumes_1_never_scheduled to None, run_after=None
[2024-02-03T18:57:29.447+0000] {logging_mixin.py:188} INFO - [2024-02-03T18:57:29.447+0000] {dag.py:3823} INFO - Setting next_dagrun for dataset_consumes_unknown_never_scheduled to None, run_after=None
[2024-02-03T18:57:29.448+0000] {logging_mixin.py:188} INFO - [2024-02-03T18:57:29.448+0000] {dag.py:3823} INFO - Setting next_dagrun for dataset_produces_1 to 2024-02-02 00:00:00+00:00, run_after=2024-02-03 00:00:00+00:00
[2024-02-03T18:57:29.449+0000] {logging_mixin.py:188} INFO - [2024-02-03T18:57:29.449+0000] {dag.py:3823} INFO - Setting next_dagrun for dataset_produces_2 to None, run_after=None
[2024-02-03T18:57:29.466+0000] {processor.py:183} INFO - Processing /home/airflow/.local/lib/python3.8/site-packages/airflow/example_dags/example_datasets.py took 0.062 seconds
[2024-02-03T18:58:00.134+0000] {processor.py:161} INFO - Started process (PID=2314) to work on /home/airflow/.local/lib/python3.8/site-packages/airflow/example_dags/example_datasets.py
[2024-02-03T18:58:00.134+0000] {processor.py:830} INFO - Processing file /home/airflow/.local/lib/python3.8/site-packages/airflow/example_dags/example_datasets.py for tasks to queue
[2024-02-03T18:58:00.135+0000] {logging_mixin.py:188} INFO - [2024-02-03T18:58:00.135+0000] {dagbag.py:538} INFO - Filling up the DagBag from /home/airflow/.local/lib/python3.8/site-packages/airflow/example_dags/example_datasets.py
[2024-02-03T18:58:00.140+0000] {processor.py:840} INFO - DAG(s) 'dataset_produces_1', 'dataset_produces_2', 'dataset_consumes_1_and_2', 'dataset_consumes_1_never_scheduled', 'dataset_consumes_unknown_never_scheduled', 'dataset_consumes_1' retrieved from /home/airflow/.local/lib/python3.8/site-packages/airflow/example_dags/example_datasets.py
[2024-02-03T18:58:00.157+0000] {logging_mixin.py:188} INFO - [2024-02-03T18:58:00.157+0000] {dag.py:3036} INFO - Sync 6 DAGs
[2024-02-03T18:58:00.167+0000] {logging_mixin.py:188} INFO - [2024-02-03T18:58:00.167+0000] {dag.py:3823} INFO - Setting next_dagrun for dataset_consumes_1 to None, run_after=None
[2024-02-03T18:58:00.169+0000] {logging_mixin.py:188} INFO - [2024-02-03T18:58:00.169+0000] {dag.py:3823} INFO - Setting next_dagrun for dataset_consumes_1_and_2 to None, run_after=None
[2024-02-03T18:58:00.169+0000] {logging_mixin.py:188} INFO - [2024-02-03T18:58:00.169+0000] {dag.py:3823} INFO - Setting next_dagrun for dataset_consumes_1_never_scheduled to None, run_after=None
[2024-02-03T18:58:00.170+0000] {logging_mixin.py:188} INFO - [2024-02-03T18:58:00.170+0000] {dag.py:3823} INFO - Setting next_dagrun for dataset_consumes_unknown_never_scheduled to None, run_after=None
[2024-02-03T18:58:00.171+0000] {logging_mixin.py:188} INFO - [2024-02-03T18:58:00.171+0000] {dag.py:3823} INFO - Setting next_dagrun for dataset_produces_1 to 2024-02-02 00:00:00+00:00, run_after=2024-02-03 00:00:00+00:00
[2024-02-03T18:58:00.172+0000] {logging_mixin.py:188} INFO - [2024-02-03T18:58:00.172+0000] {dag.py:3823} INFO - Setting next_dagrun for dataset_produces_2 to None, run_after=None
[2024-02-03T18:58:00.185+0000] {processor.py:183} INFO - Processing /home/airflow/.local/lib/python3.8/site-packages/airflow/example_dags/example_datasets.py took 0.053 seconds
[2024-02-03T18:58:30.945+0000] {processor.py:161} INFO - Started process (PID=2561) to work on /home/airflow/.local/lib/python3.8/site-packages/airflow/example_dags/example_datasets.py
[2024-02-03T18:58:30.945+0000] {processor.py:830} INFO - Processing file /home/airflow/.local/lib/python3.8/site-packages/airflow/example_dags/example_datasets.py for tasks to queue
[2024-02-03T18:58:30.946+0000] {logging_mixin.py:188} INFO - [2024-02-03T18:58:30.946+0000] {dagbag.py:538} INFO - Filling up the DagBag from /home/airflow/.local/lib/python3.8/site-packages/airflow/example_dags/example_datasets.py
[2024-02-03T18:58:30.951+0000] {processor.py:840} INFO - DAG(s) 'dataset_consumes_1_and_2', 'dataset_produces_2', 'dataset_produces_1', 'dataset_consumes_1', 'dataset_consumes_unknown_never_scheduled', 'dataset_consumes_1_never_scheduled' retrieved from /home/airflow/.local/lib/python3.8/site-packages/airflow/example_dags/example_datasets.py
[2024-02-03T18:58:30.969+0000] {logging_mixin.py:188} INFO - [2024-02-03T18:58:30.968+0000] {dag.py:3036} INFO - Sync 6 DAGs
[2024-02-03T18:58:30.979+0000] {logging_mixin.py:188} INFO - [2024-02-03T18:58:30.979+0000] {dag.py:3823} INFO - Setting next_dagrun for dataset_consumes_1 to None, run_after=None
[2024-02-03T18:58:30.981+0000] {logging_mixin.py:188} INFO - [2024-02-03T18:58:30.981+0000] {dag.py:3823} INFO - Setting next_dagrun for dataset_consumes_1_and_2 to None, run_after=None
[2024-02-03T18:58:30.981+0000] {logging_mixin.py:188} INFO - [2024-02-03T18:58:30.981+0000] {dag.py:3823} INFO - Setting next_dagrun for dataset_consumes_1_never_scheduled to None, run_after=None
[2024-02-03T18:58:30.982+0000] {logging_mixin.py:188} INFO - [2024-02-03T18:58:30.982+0000] {dag.py:3823} INFO - Setting next_dagrun for dataset_consumes_unknown_never_scheduled to None, run_after=None
[2024-02-03T18:58:30.983+0000] {logging_mixin.py:188} INFO - [2024-02-03T18:58:30.983+0000] {dag.py:3823} INFO - Setting next_dagrun for dataset_produces_1 to 2024-02-02 00:00:00+00:00, run_after=2024-02-03 00:00:00+00:00
[2024-02-03T18:58:30.984+0000] {logging_mixin.py:188} INFO - [2024-02-03T18:58:30.984+0000] {dag.py:3823} INFO - Setting next_dagrun for dataset_produces_2 to None, run_after=None
[2024-02-03T18:58:30.996+0000] {processor.py:183} INFO - Processing /home/airflow/.local/lib/python3.8/site-packages/airflow/example_dags/example_datasets.py took 0.054 seconds
[2024-02-03T18:59:01.780+0000] {processor.py:161} INFO - Started process (PID=2808) to work on /home/airflow/.local/lib/python3.8/site-packages/airflow/example_dags/example_datasets.py
[2024-02-03T18:59:01.781+0000] {processor.py:830} INFO - Processing file /home/airflow/.local/lib/python3.8/site-packages/airflow/example_dags/example_datasets.py for tasks to queue
[2024-02-03T18:59:01.781+0000] {logging_mixin.py:188} INFO - [2024-02-03T18:59:01.781+0000] {dagbag.py:538} INFO - Filling up the DagBag from /home/airflow/.local/lib/python3.8/site-packages/airflow/example_dags/example_datasets.py
[2024-02-03T18:59:01.786+0000] {processor.py:840} INFO - DAG(s) 'dataset_produces_2', 'dataset_produces_1', 'dataset_consumes_1', 'dataset_consumes_1_never_scheduled', 'dataset_consumes_unknown_never_scheduled', 'dataset_consumes_1_and_2' retrieved from /home/airflow/.local/lib/python3.8/site-packages/airflow/example_dags/example_datasets.py
[2024-02-03T18:59:01.803+0000] {logging_mixin.py:188} INFO - [2024-02-03T18:59:01.803+0000] {dag.py:3036} INFO - Sync 6 DAGs
[2024-02-03T18:59:01.814+0000] {logging_mixin.py:188} INFO - [2024-02-03T18:59:01.814+0000] {dag.py:3823} INFO - Setting next_dagrun for dataset_consumes_1 to None, run_after=None
[2024-02-03T18:59:01.816+0000] {logging_mixin.py:188} INFO - [2024-02-03T18:59:01.815+0000] {dag.py:3823} INFO - Setting next_dagrun for dataset_consumes_1_and_2 to None, run_after=None
[2024-02-03T18:59:01.816+0000] {logging_mixin.py:188} INFO - [2024-02-03T18:59:01.816+0000] {dag.py:3823} INFO - Setting next_dagrun for dataset_consumes_1_never_scheduled to None, run_after=None
[2024-02-03T18:59:01.817+0000] {logging_mixin.py:188} INFO - [2024-02-03T18:59:01.817+0000] {dag.py:3823} INFO - Setting next_dagrun for dataset_consumes_unknown_never_scheduled to None, run_after=None
[2024-02-03T18:59:01.818+0000] {logging_mixin.py:188} INFO - [2024-02-03T18:59:01.818+0000] {dag.py:3823} INFO - Setting next_dagrun for dataset_produces_1 to 2024-02-02 00:00:00+00:00, run_after=2024-02-03 00:00:00+00:00
[2024-02-03T18:59:01.819+0000] {logging_mixin.py:188} INFO - [2024-02-03T18:59:01.819+0000] {dag.py:3823} INFO - Setting next_dagrun for dataset_produces_2 to None, run_after=None
[2024-02-03T18:59:01.831+0000] {processor.py:183} INFO - Processing /home/airflow/.local/lib/python3.8/site-packages/airflow/example_dags/example_datasets.py took 0.053 seconds
[2024-02-03T18:59:32.548+0000] {processor.py:161} INFO - Started process (PID=3055) to work on /home/airflow/.local/lib/python3.8/site-packages/airflow/example_dags/example_datasets.py
[2024-02-03T18:59:32.549+0000] {processor.py:830} INFO - Processing file /home/airflow/.local/lib/python3.8/site-packages/airflow/example_dags/example_datasets.py for tasks to queue
[2024-02-03T18:59:32.549+0000] {logging_mixin.py:188} INFO - [2024-02-03T18:59:32.549+0000] {dagbag.py:538} INFO - Filling up the DagBag from /home/airflow/.local/lib/python3.8/site-packages/airflow/example_dags/example_datasets.py
[2024-02-03T18:59:32.554+0000] {processor.py:840} INFO - DAG(s) 'dataset_consumes_1', 'dataset_consumes_1_and_2', 'dataset_consumes_unknown_never_scheduled', 'dataset_produces_2', 'dataset_consumes_1_never_scheduled', 'dataset_produces_1' retrieved from /home/airflow/.local/lib/python3.8/site-packages/airflow/example_dags/example_datasets.py
[2024-02-03T18:59:32.571+0000] {logging_mixin.py:188} INFO - [2024-02-03T18:59:32.571+0000] {dag.py:3036} INFO - Sync 6 DAGs
[2024-02-03T18:59:32.581+0000] {logging_mixin.py:188} INFO - [2024-02-03T18:59:32.581+0000] {dag.py:3823} INFO - Setting next_dagrun for dataset_consumes_1 to None, run_after=None
[2024-02-03T18:59:32.583+0000] {logging_mixin.py:188} INFO - [2024-02-03T18:59:32.583+0000] {dag.py:3823} INFO - Setting next_dagrun for dataset_consumes_1_and_2 to None, run_after=None
[2024-02-03T18:59:32.583+0000] {logging_mixin.py:188} INFO - [2024-02-03T18:59:32.583+0000] {dag.py:3823} INFO - Setting next_dagrun for dataset_consumes_1_never_scheduled to None, run_after=None
[2024-02-03T18:59:32.584+0000] {logging_mixin.py:188} INFO - [2024-02-03T18:59:32.584+0000] {dag.py:3823} INFO - Setting next_dagrun for dataset_consumes_unknown_never_scheduled to None, run_after=None
[2024-02-03T18:59:32.585+0000] {logging_mixin.py:188} INFO - [2024-02-03T18:59:32.585+0000] {dag.py:3823} INFO - Setting next_dagrun for dataset_produces_1 to 2024-02-02 00:00:00+00:00, run_after=2024-02-03 00:00:00+00:00
[2024-02-03T18:59:32.586+0000] {logging_mixin.py:188} INFO - [2024-02-03T18:59:32.586+0000] {dag.py:3823} INFO - Setting next_dagrun for dataset_produces_2 to None, run_after=None
[2024-02-03T18:59:32.599+0000] {processor.py:183} INFO - Processing /home/airflow/.local/lib/python3.8/site-packages/airflow/example_dags/example_datasets.py took 0.052 seconds
[2024-02-03T19:00:03.329+0000] {processor.py:161} INFO - Started process (PID=3302) to work on /home/airflow/.local/lib/python3.8/site-packages/airflow/example_dags/example_datasets.py
[2024-02-03T19:00:03.330+0000] {processor.py:830} INFO - Processing file /home/airflow/.local/lib/python3.8/site-packages/airflow/example_dags/example_datasets.py for tasks to queue
[2024-02-03T19:00:03.330+0000] {logging_mixin.py:188} INFO - [2024-02-03T19:00:03.330+0000] {dagbag.py:538} INFO - Filling up the DagBag from /home/airflow/.local/lib/python3.8/site-packages/airflow/example_dags/example_datasets.py
[2024-02-03T19:00:03.336+0000] {processor.py:840} INFO - DAG(s) 'dataset_produces_1', 'dataset_consumes_1_never_scheduled', 'dataset_consumes_1_and_2', 'dataset_produces_2', 'dataset_consumes_unknown_never_scheduled', 'dataset_consumes_1' retrieved from /home/airflow/.local/lib/python3.8/site-packages/airflow/example_dags/example_datasets.py
[2024-02-03T19:00:03.352+0000] {logging_mixin.py:188} INFO - [2024-02-03T19:00:03.352+0000] {dag.py:3036} INFO - Sync 6 DAGs
[2024-02-03T19:00:03.362+0000] {logging_mixin.py:188} INFO - [2024-02-03T19:00:03.362+0000] {dag.py:3823} INFO - Setting next_dagrun for dataset_consumes_1 to None, run_after=None
[2024-02-03T19:00:03.364+0000] {logging_mixin.py:188} INFO - [2024-02-03T19:00:03.364+0000] {dag.py:3823} INFO - Setting next_dagrun for dataset_consumes_1_and_2 to None, run_after=None
[2024-02-03T19:00:03.365+0000] {logging_mixin.py:188} INFO - [2024-02-03T19:00:03.365+0000] {dag.py:3823} INFO - Setting next_dagrun for dataset_consumes_1_never_scheduled to None, run_after=None
[2024-02-03T19:00:03.365+0000] {logging_mixin.py:188} INFO - [2024-02-03T19:00:03.365+0000] {dag.py:3823} INFO - Setting next_dagrun for dataset_consumes_unknown_never_scheduled to None, run_after=None
[2024-02-03T19:00:03.367+0000] {logging_mixin.py:188} INFO - [2024-02-03T19:00:03.367+0000] {dag.py:3823} INFO - Setting next_dagrun for dataset_produces_1 to 2024-02-02 00:00:00+00:00, run_after=2024-02-03 00:00:00+00:00
[2024-02-03T19:00:03.367+0000] {logging_mixin.py:188} INFO - [2024-02-03T19:00:03.367+0000] {dag.py:3823} INFO - Setting next_dagrun for dataset_produces_2 to None, run_after=None
[2024-02-03T19:00:03.380+0000] {processor.py:183} INFO - Processing /home/airflow/.local/lib/python3.8/site-packages/airflow/example_dags/example_datasets.py took 0.053 seconds
[2024-02-03T19:00:34.279+0000] {processor.py:161} INFO - Started process (PID=3549) to work on /home/airflow/.local/lib/python3.8/site-packages/airflow/example_dags/example_datasets.py
[2024-02-03T19:00:34.280+0000] {processor.py:830} INFO - Processing file /home/airflow/.local/lib/python3.8/site-packages/airflow/example_dags/example_datasets.py for tasks to queue
[2024-02-03T19:00:34.281+0000] {logging_mixin.py:188} INFO - [2024-02-03T19:00:34.280+0000] {dagbag.py:538} INFO - Filling up the DagBag from /home/airflow/.local/lib/python3.8/site-packages/airflow/example_dags/example_datasets.py
[2024-02-03T19:00:34.287+0000] {processor.py:840} INFO - DAG(s) 'dataset_produces_2', 'dataset_consumes_unknown_never_scheduled', 'dataset_consumes_1_and_2', 'dataset_consumes_1', 'dataset_consumes_1_never_scheduled', 'dataset_produces_1' retrieved from /home/airflow/.local/lib/python3.8/site-packages/airflow/example_dags/example_datasets.py
[2024-02-03T19:00:34.308+0000] {logging_mixin.py:188} INFO - [2024-02-03T19:00:34.307+0000] {dag.py:3036} INFO - Sync 6 DAGs
[2024-02-03T19:00:34.320+0000] {logging_mixin.py:188} INFO - [2024-02-03T19:00:34.320+0000] {dag.py:3823} INFO - Setting next_dagrun for dataset_consumes_1 to None, run_after=None
[2024-02-03T19:00:34.322+0000] {logging_mixin.py:188} INFO - [2024-02-03T19:00:34.322+0000] {dag.py:3823} INFO - Setting next_dagrun for dataset_consumes_1_and_2 to None, run_after=None
[2024-02-03T19:00:34.323+0000] {logging_mixin.py:188} INFO - [2024-02-03T19:00:34.323+0000] {dag.py:3823} INFO - Setting next_dagrun for dataset_consumes_1_never_scheduled to None, run_after=None
[2024-02-03T19:00:34.324+0000] {logging_mixin.py:188} INFO - [2024-02-03T19:00:34.324+0000] {dag.py:3823} INFO - Setting next_dagrun for dataset_consumes_unknown_never_scheduled to None, run_after=None
[2024-02-03T19:00:34.326+0000] {logging_mixin.py:188} INFO - [2024-02-03T19:00:34.325+0000] {dag.py:3823} INFO - Setting next_dagrun for dataset_produces_1 to 2024-02-02 00:00:00+00:00, run_after=2024-02-03 00:00:00+00:00
[2024-02-03T19:00:34.326+0000] {logging_mixin.py:188} INFO - [2024-02-03T19:00:34.326+0000] {dag.py:3823} INFO - Setting next_dagrun for dataset_produces_2 to None, run_after=None
[2024-02-03T19:00:34.343+0000] {processor.py:183} INFO - Processing /home/airflow/.local/lib/python3.8/site-packages/airflow/example_dags/example_datasets.py took 0.066 seconds
[2024-02-03T19:01:04.472+0000] {processor.py:161} INFO - Started process (PID=3796) to work on /home/airflow/.local/lib/python3.8/site-packages/airflow/example_dags/example_datasets.py
[2024-02-03T19:01:04.472+0000] {processor.py:830} INFO - Processing file /home/airflow/.local/lib/python3.8/site-packages/airflow/example_dags/example_datasets.py for tasks to queue
[2024-02-03T19:01:04.473+0000] {logging_mixin.py:188} INFO - [2024-02-03T19:01:04.473+0000] {dagbag.py:538} INFO - Filling up the DagBag from /home/airflow/.local/lib/python3.8/site-packages/airflow/example_dags/example_datasets.py
[2024-02-03T19:01:04.478+0000] {processor.py:840} INFO - DAG(s) 'dataset_consumes_1_and_2', 'dataset_consumes_1_never_scheduled', 'dataset_produces_2', 'dataset_consumes_unknown_never_scheduled', 'dataset_produces_1', 'dataset_consumes_1' retrieved from /home/airflow/.local/lib/python3.8/site-packages/airflow/example_dags/example_datasets.py
[2024-02-03T19:01:04.487+0000] {logging_mixin.py:188} INFO - [2024-02-03T19:01:04.487+0000] {dag.py:3036} INFO - Sync 6 DAGs
[2024-02-03T19:01:04.498+0000] {logging_mixin.py:188} INFO - [2024-02-03T19:01:04.498+0000] {dag.py:3823} INFO - Setting next_dagrun for dataset_consumes_1 to None, run_after=None
[2024-02-03T19:01:04.500+0000] {logging_mixin.py:188} INFO - [2024-02-03T19:01:04.499+0000] {dag.py:3823} INFO - Setting next_dagrun for dataset_consumes_1_and_2 to None, run_after=None
[2024-02-03T19:01:04.500+0000] {logging_mixin.py:188} INFO - [2024-02-03T19:01:04.500+0000] {dag.py:3823} INFO - Setting next_dagrun for dataset_consumes_1_never_scheduled to None, run_after=None
[2024-02-03T19:01:04.501+0000] {logging_mixin.py:188} INFO - [2024-02-03T19:01:04.501+0000] {dag.py:3823} INFO - Setting next_dagrun for dataset_consumes_unknown_never_scheduled to None, run_after=None
[2024-02-03T19:01:04.502+0000] {logging_mixin.py:188} INFO - [2024-02-03T19:01:04.502+0000] {dag.py:3823} INFO - Setting next_dagrun for dataset_produces_1 to 2024-02-02 00:00:00+00:00, run_after=2024-02-03 00:00:00+00:00
[2024-02-03T19:01:04.503+0000] {logging_mixin.py:188} INFO - [2024-02-03T19:01:04.503+0000] {dag.py:3823} INFO - Setting next_dagrun for dataset_produces_2 to None, run_after=None
[2024-02-03T19:01:04.516+0000] {processor.py:183} INFO - Processing /home/airflow/.local/lib/python3.8/site-packages/airflow/example_dags/example_datasets.py took 0.047 seconds
[2024-02-03T19:01:35.404+0000] {processor.py:161} INFO - Started process (PID=4043) to work on /home/airflow/.local/lib/python3.8/site-packages/airflow/example_dags/example_datasets.py
[2024-02-03T19:01:35.407+0000] {processor.py:830} INFO - Processing file /home/airflow/.local/lib/python3.8/site-packages/airflow/example_dags/example_datasets.py for tasks to queue
[2024-02-03T19:01:35.410+0000] {logging_mixin.py:188} INFO - [2024-02-03T19:01:35.409+0000] {dagbag.py:538} INFO - Filling up the DagBag from /home/airflow/.local/lib/python3.8/site-packages/airflow/example_dags/example_datasets.py
[2024-02-03T19:01:35.418+0000] {processor.py:840} INFO - DAG(s) 'dataset_consumes_1', 'dataset_produces_1', 'dataset_consumes_unknown_never_scheduled', 'dataset_consumes_1_never_scheduled', 'dataset_consumes_1_and_2', 'dataset_produces_2' retrieved from /home/airflow/.local/lib/python3.8/site-packages/airflow/example_dags/example_datasets.py
[2024-02-03T19:01:35.500+0000] {logging_mixin.py:188} INFO - [2024-02-03T19:01:35.500+0000] {dag.py:3036} INFO - Sync 6 DAGs
[2024-02-03T19:01:35.512+0000] {logging_mixin.py:188} INFO - [2024-02-03T19:01:35.512+0000] {dag.py:3823} INFO - Setting next_dagrun for dataset_consumes_1 to None, run_after=None
[2024-02-03T19:01:35.514+0000] {logging_mixin.py:188} INFO - [2024-02-03T19:01:35.514+0000] {dag.py:3823} INFO - Setting next_dagrun for dataset_consumes_1_and_2 to None, run_after=None
[2024-02-03T19:01:35.515+0000] {logging_mixin.py:188} INFO - [2024-02-03T19:01:35.514+0000] {dag.py:3823} INFO - Setting next_dagrun for dataset_consumes_1_never_scheduled to None, run_after=None
[2024-02-03T19:01:35.515+0000] {logging_mixin.py:188} INFO - [2024-02-03T19:01:35.515+0000] {dag.py:3823} INFO - Setting next_dagrun for dataset_consumes_unknown_never_scheduled to None, run_after=None
[2024-02-03T19:01:35.517+0000] {logging_mixin.py:188} INFO - [2024-02-03T19:01:35.517+0000] {dag.py:3823} INFO - Setting next_dagrun for dataset_produces_1 to 2024-02-02 00:00:00+00:00, run_after=2024-02-03 00:00:00+00:00
[2024-02-03T19:01:35.518+0000] {logging_mixin.py:188} INFO - [2024-02-03T19:01:35.518+0000] {dag.py:3823} INFO - Setting next_dagrun for dataset_produces_2 to None, run_after=None
[2024-02-03T19:01:35.538+0000] {processor.py:183} INFO - Processing /home/airflow/.local/lib/python3.8/site-packages/airflow/example_dags/example_datasets.py took 0.136 seconds
[2024-02-03T19:02:05.580+0000] {processor.py:161} INFO - Started process (PID=4295) to work on /home/airflow/.local/lib/python3.8/site-packages/airflow/example_dags/example_datasets.py
[2024-02-03T19:02:05.580+0000] {processor.py:830} INFO - Processing file /home/airflow/.local/lib/python3.8/site-packages/airflow/example_dags/example_datasets.py for tasks to queue
[2024-02-03T19:02:05.581+0000] {logging_mixin.py:188} INFO - [2024-02-03T19:02:05.581+0000] {dagbag.py:538} INFO - Filling up the DagBag from /home/airflow/.local/lib/python3.8/site-packages/airflow/example_dags/example_datasets.py
[2024-02-03T19:02:05.586+0000] {processor.py:840} INFO - DAG(s) 'dataset_produces_1', 'dataset_consumes_1_and_2', 'dataset_consumes_unknown_never_scheduled', 'dataset_consumes_1_never_scheduled', 'dataset_produces_2', 'dataset_consumes_1' retrieved from /home/airflow/.local/lib/python3.8/site-packages/airflow/example_dags/example_datasets.py
[2024-02-03T19:02:05.602+0000] {logging_mixin.py:188} INFO - [2024-02-03T19:02:05.602+0000] {dag.py:3036} INFO - Sync 6 DAGs
[2024-02-03T19:02:05.613+0000] {logging_mixin.py:188} INFO - [2024-02-03T19:02:05.612+0000] {dag.py:3823} INFO - Setting next_dagrun for dataset_consumes_1 to None, run_after=None
[2024-02-03T19:02:05.614+0000] {logging_mixin.py:188} INFO - [2024-02-03T19:02:05.614+0000] {dag.py:3823} INFO - Setting next_dagrun for dataset_consumes_1_and_2 to None, run_after=None
[2024-02-03T19:02:05.615+0000] {logging_mixin.py:188} INFO - [2024-02-03T19:02:05.615+0000] {dag.py:3823} INFO - Setting next_dagrun for dataset_consumes_1_never_scheduled to None, run_after=None
[2024-02-03T19:02:05.615+0000] {logging_mixin.py:188} INFO - [2024-02-03T19:02:05.615+0000] {dag.py:3823} INFO - Setting next_dagrun for dataset_consumes_unknown_never_scheduled to None, run_after=None
[2024-02-03T19:02:05.617+0000] {logging_mixin.py:188} INFO - [2024-02-03T19:02:05.617+0000] {dag.py:3823} INFO - Setting next_dagrun for dataset_produces_1 to 2024-02-02 00:00:00+00:00, run_after=2024-02-03 00:00:00+00:00
[2024-02-03T19:02:05.617+0000] {logging_mixin.py:188} INFO - [2024-02-03T19:02:05.617+0000] {dag.py:3823} INFO - Setting next_dagrun for dataset_produces_2 to None, run_after=None
[2024-02-03T19:02:05.630+0000] {processor.py:183} INFO - Processing /home/airflow/.local/lib/python3.8/site-packages/airflow/example_dags/example_datasets.py took 0.052 seconds
[2024-02-03T19:02:35.676+0000] {processor.py:161} INFO - Started process (PID=4542) to work on /home/airflow/.local/lib/python3.8/site-packages/airflow/example_dags/example_datasets.py
[2024-02-03T19:02:35.677+0000] {processor.py:830} INFO - Processing file /home/airflow/.local/lib/python3.8/site-packages/airflow/example_dags/example_datasets.py for tasks to queue
[2024-02-03T19:02:35.677+0000] {logging_mixin.py:188} INFO - [2024-02-03T19:02:35.677+0000] {dagbag.py:538} INFO - Filling up the DagBag from /home/airflow/.local/lib/python3.8/site-packages/airflow/example_dags/example_datasets.py
[2024-02-03T19:02:35.683+0000] {processor.py:840} INFO - DAG(s) 'dataset_consumes_unknown_never_scheduled', 'dataset_consumes_1_and_2', 'dataset_produces_2', 'dataset_consumes_1_never_scheduled', 'dataset_produces_1', 'dataset_consumes_1' retrieved from /home/airflow/.local/lib/python3.8/site-packages/airflow/example_dags/example_datasets.py
[2024-02-03T19:02:35.700+0000] {logging_mixin.py:188} INFO - [2024-02-03T19:02:35.699+0000] {dag.py:3036} INFO - Sync 6 DAGs
[2024-02-03T19:02:35.710+0000] {logging_mixin.py:188} INFO - [2024-02-03T19:02:35.710+0000] {dag.py:3823} INFO - Setting next_dagrun for dataset_consumes_1 to None, run_after=None
[2024-02-03T19:02:35.712+0000] {logging_mixin.py:188} INFO - [2024-02-03T19:02:35.712+0000] {dag.py:3823} INFO - Setting next_dagrun for dataset_consumes_1_and_2 to None, run_after=None
[2024-02-03T19:02:35.712+0000] {logging_mixin.py:188} INFO - [2024-02-03T19:02:35.712+0000] {dag.py:3823} INFO - Setting next_dagrun for dataset_consumes_1_never_scheduled to None, run_after=None
[2024-02-03T19:02:35.713+0000] {logging_mixin.py:188} INFO - [2024-02-03T19:02:35.713+0000] {dag.py:3823} INFO - Setting next_dagrun for dataset_consumes_unknown_never_scheduled to None, run_after=None
[2024-02-03T19:02:35.714+0000] {logging_mixin.py:188} INFO - [2024-02-03T19:02:35.714+0000] {dag.py:3823} INFO - Setting next_dagrun for dataset_produces_1 to 2024-02-02 00:00:00+00:00, run_after=2024-02-03 00:00:00+00:00
[2024-02-03T19:02:35.715+0000] {logging_mixin.py:188} INFO - [2024-02-03T19:02:35.715+0000] {dag.py:3823} INFO - Setting next_dagrun for dataset_produces_2 to None, run_after=None
[2024-02-03T19:02:35.728+0000] {processor.py:183} INFO - Processing /home/airflow/.local/lib/python3.8/site-packages/airflow/example_dags/example_datasets.py took 0.054 seconds
[2024-02-03T19:03:05.867+0000] {processor.py:161} INFO - Started process (PID=4784) to work on /home/airflow/.local/lib/python3.8/site-packages/airflow/example_dags/example_datasets.py
[2024-02-03T19:03:05.867+0000] {processor.py:830} INFO - Processing file /home/airflow/.local/lib/python3.8/site-packages/airflow/example_dags/example_datasets.py for tasks to queue
[2024-02-03T19:03:05.868+0000] {logging_mixin.py:188} INFO - [2024-02-03T19:03:05.868+0000] {dagbag.py:538} INFO - Filling up the DagBag from /home/airflow/.local/lib/python3.8/site-packages/airflow/example_dags/example_datasets.py
[2024-02-03T19:03:05.874+0000] {processor.py:840} INFO - DAG(s) 'dataset_produces_1', 'dataset_consumes_unknown_never_scheduled', 'dataset_consumes_1_and_2', 'dataset_produces_2', 'dataset_consumes_1', 'dataset_consumes_1_never_scheduled' retrieved from /home/airflow/.local/lib/python3.8/site-packages/airflow/example_dags/example_datasets.py
[2024-02-03T19:03:05.891+0000] {logging_mixin.py:188} INFO - [2024-02-03T19:03:05.891+0000] {dag.py:3036} INFO - Sync 6 DAGs
[2024-02-03T19:03:05.903+0000] {logging_mixin.py:188} INFO - [2024-02-03T19:03:05.903+0000] {dag.py:3823} INFO - Setting next_dagrun for dataset_consumes_1 to None, run_after=None
[2024-02-03T19:03:05.905+0000] {logging_mixin.py:188} INFO - [2024-02-03T19:03:05.905+0000] {dag.py:3823} INFO - Setting next_dagrun for dataset_consumes_1_and_2 to None, run_after=None
[2024-02-03T19:03:05.905+0000] {logging_mixin.py:188} INFO - [2024-02-03T19:03:05.905+0000] {dag.py:3823} INFO - Setting next_dagrun for dataset_consumes_1_never_scheduled to None, run_after=None
[2024-02-03T19:03:05.906+0000] {logging_mixin.py:188} INFO - [2024-02-03T19:03:05.906+0000] {dag.py:3823} INFO - Setting next_dagrun for dataset_consumes_unknown_never_scheduled to None, run_after=None
[2024-02-03T19:03:05.907+0000] {logging_mixin.py:188} INFO - [2024-02-03T19:03:05.907+0000] {dag.py:3823} INFO - Setting next_dagrun for dataset_produces_1 to 2024-02-02 00:00:00+00:00, run_after=2024-02-03 00:00:00+00:00
[2024-02-03T19:03:05.908+0000] {logging_mixin.py:188} INFO - [2024-02-03T19:03:05.908+0000] {dag.py:3823} INFO - Setting next_dagrun for dataset_produces_2 to None, run_after=None
[2024-02-03T19:03:05.922+0000] {processor.py:183} INFO - Processing /home/airflow/.local/lib/python3.8/site-packages/airflow/example_dags/example_datasets.py took 0.057 seconds
[2024-02-03T19:03:36.649+0000] {processor.py:161} INFO - Started process (PID=5031) to work on /home/airflow/.local/lib/python3.8/site-packages/airflow/example_dags/example_datasets.py
[2024-02-03T19:03:36.650+0000] {processor.py:830} INFO - Processing file /home/airflow/.local/lib/python3.8/site-packages/airflow/example_dags/example_datasets.py for tasks to queue
[2024-02-03T19:03:36.650+0000] {logging_mixin.py:188} INFO - [2024-02-03T19:03:36.650+0000] {dagbag.py:538} INFO - Filling up the DagBag from /home/airflow/.local/lib/python3.8/site-packages/airflow/example_dags/example_datasets.py
[2024-02-03T19:03:36.656+0000] {processor.py:840} INFO - DAG(s) 'dataset_consumes_unknown_never_scheduled', 'dataset_produces_2', 'dataset_consumes_1', 'dataset_produces_1', 'dataset_consumes_1_and_2', 'dataset_consumes_1_never_scheduled' retrieved from /home/airflow/.local/lib/python3.8/site-packages/airflow/example_dags/example_datasets.py
[2024-02-03T19:03:36.674+0000] {logging_mixin.py:188} INFO - [2024-02-03T19:03:36.674+0000] {dag.py:3036} INFO - Sync 6 DAGs
[2024-02-03T19:03:36.686+0000] {logging_mixin.py:188} INFO - [2024-02-03T19:03:36.686+0000] {dag.py:3823} INFO - Setting next_dagrun for dataset_consumes_1 to None, run_after=None
[2024-02-03T19:03:36.688+0000] {logging_mixin.py:188} INFO - [2024-02-03T19:03:36.687+0000] {dag.py:3823} INFO - Setting next_dagrun for dataset_consumes_1_and_2 to None, run_after=None
[2024-02-03T19:03:36.688+0000] {logging_mixin.py:188} INFO - [2024-02-03T19:03:36.688+0000] {dag.py:3823} INFO - Setting next_dagrun for dataset_consumes_1_never_scheduled to None, run_after=None
[2024-02-03T19:03:36.689+0000] {logging_mixin.py:188} INFO - [2024-02-03T19:03:36.689+0000] {dag.py:3823} INFO - Setting next_dagrun for dataset_consumes_unknown_never_scheduled to None, run_after=None
[2024-02-03T19:03:36.690+0000] {logging_mixin.py:188} INFO - [2024-02-03T19:03:36.690+0000] {dag.py:3823} INFO - Setting next_dagrun for dataset_produces_1 to 2024-02-02 00:00:00+00:00, run_after=2024-02-03 00:00:00+00:00
[2024-02-03T19:03:36.691+0000] {logging_mixin.py:188} INFO - [2024-02-03T19:03:36.691+0000] {dag.py:3823} INFO - Setting next_dagrun for dataset_produces_2 to None, run_after=None
[2024-02-03T19:03:36.706+0000] {processor.py:183} INFO - Processing /home/airflow/.local/lib/python3.8/site-packages/airflow/example_dags/example_datasets.py took 0.059 seconds
[2024-02-03T19:04:07.403+0000] {processor.py:161} INFO - Started process (PID=5278) to work on /home/airflow/.local/lib/python3.8/site-packages/airflow/example_dags/example_datasets.py
[2024-02-03T19:04:07.403+0000] {processor.py:830} INFO - Processing file /home/airflow/.local/lib/python3.8/site-packages/airflow/example_dags/example_datasets.py for tasks to queue
[2024-02-03T19:04:07.404+0000] {logging_mixin.py:188} INFO - [2024-02-03T19:04:07.404+0000] {dagbag.py:538} INFO - Filling up the DagBag from /home/airflow/.local/lib/python3.8/site-packages/airflow/example_dags/example_datasets.py
[2024-02-03T19:04:07.409+0000] {processor.py:840} INFO - DAG(s) 'dataset_consumes_1_never_scheduled', 'dataset_consumes_1', 'dataset_produces_2', 'dataset_consumes_1_and_2', 'dataset_consumes_unknown_never_scheduled', 'dataset_produces_1' retrieved from /home/airflow/.local/lib/python3.8/site-packages/airflow/example_dags/example_datasets.py
[2024-02-03T19:04:07.426+0000] {logging_mixin.py:188} INFO - [2024-02-03T19:04:07.426+0000] {dag.py:3036} INFO - Sync 6 DAGs
[2024-02-03T19:04:07.436+0000] {logging_mixin.py:188} INFO - [2024-02-03T19:04:07.436+0000] {dag.py:3823} INFO - Setting next_dagrun for dataset_consumes_1 to None, run_after=None
[2024-02-03T19:04:07.438+0000] {logging_mixin.py:188} INFO - [2024-02-03T19:04:07.438+0000] {dag.py:3823} INFO - Setting next_dagrun for dataset_consumes_1_and_2 to None, run_after=None
[2024-02-03T19:04:07.439+0000] {logging_mixin.py:188} INFO - [2024-02-03T19:04:07.439+0000] {dag.py:3823} INFO - Setting next_dagrun for dataset_consumes_1_never_scheduled to None, run_after=None
[2024-02-03T19:04:07.439+0000] {logging_mixin.py:188} INFO - [2024-02-03T19:04:07.439+0000] {dag.py:3823} INFO - Setting next_dagrun for dataset_consumes_unknown_never_scheduled to None, run_after=None
[2024-02-03T19:04:07.441+0000] {logging_mixin.py:188} INFO - [2024-02-03T19:04:07.440+0000] {dag.py:3823} INFO - Setting next_dagrun for dataset_produces_1 to 2024-02-02 00:00:00+00:00, run_after=2024-02-03 00:00:00+00:00
[2024-02-03T19:04:07.441+0000] {logging_mixin.py:188} INFO - [2024-02-03T19:04:07.441+0000] {dag.py:3823} INFO - Setting next_dagrun for dataset_produces_2 to None, run_after=None
[2024-02-03T19:04:07.454+0000] {processor.py:183} INFO - Processing /home/airflow/.local/lib/python3.8/site-packages/airflow/example_dags/example_datasets.py took 0.054 seconds
[2024-02-03T19:04:38.267+0000] {processor.py:161} INFO - Started process (PID=5525) to work on /home/airflow/.local/lib/python3.8/site-packages/airflow/example_dags/example_datasets.py
[2024-02-03T19:04:38.268+0000] {processor.py:830} INFO - Processing file /home/airflow/.local/lib/python3.8/site-packages/airflow/example_dags/example_datasets.py for tasks to queue
[2024-02-03T19:04:38.268+0000] {logging_mixin.py:188} INFO - [2024-02-03T19:04:38.268+0000] {dagbag.py:538} INFO - Filling up the DagBag from /home/airflow/.local/lib/python3.8/site-packages/airflow/example_dags/example_datasets.py
[2024-02-03T19:04:38.274+0000] {processor.py:840} INFO - DAG(s) 'dataset_consumes_1', 'dataset_produces_2', 'dataset_produces_1', 'dataset_consumes_1_never_scheduled', 'dataset_consumes_1_and_2', 'dataset_consumes_unknown_never_scheduled' retrieved from /home/airflow/.local/lib/python3.8/site-packages/airflow/example_dags/example_datasets.py
[2024-02-03T19:04:38.291+0000] {logging_mixin.py:188} INFO - [2024-02-03T19:04:38.291+0000] {dag.py:3036} INFO - Sync 6 DAGs
[2024-02-03T19:04:38.302+0000] {logging_mixin.py:188} INFO - [2024-02-03T19:04:38.301+0000] {dag.py:3823} INFO - Setting next_dagrun for dataset_consumes_1 to None, run_after=None
[2024-02-03T19:04:38.303+0000] {logging_mixin.py:188} INFO - [2024-02-03T19:04:38.303+0000] {dag.py:3823} INFO - Setting next_dagrun for dataset_consumes_1_and_2 to None, run_after=None
[2024-02-03T19:04:38.304+0000] {logging_mixin.py:188} INFO - [2024-02-03T19:04:38.304+0000] {dag.py:3823} INFO - Setting next_dagrun for dataset_consumes_1_never_scheduled to None, run_after=None
[2024-02-03T19:04:38.305+0000] {logging_mixin.py:188} INFO - [2024-02-03T19:04:38.305+0000] {dag.py:3823} INFO - Setting next_dagrun for dataset_consumes_unknown_never_scheduled to None, run_after=None
[2024-02-03T19:04:38.306+0000] {logging_mixin.py:188} INFO - [2024-02-03T19:04:38.306+0000] {dag.py:3823} INFO - Setting next_dagrun for dataset_produces_1 to 2024-02-02 00:00:00+00:00, run_after=2024-02-03 00:00:00+00:00
[2024-02-03T19:04:38.307+0000] {logging_mixin.py:188} INFO - [2024-02-03T19:04:38.306+0000] {dag.py:3823} INFO - Setting next_dagrun for dataset_produces_2 to None, run_after=None
[2024-02-03T19:04:38.320+0000] {processor.py:183} INFO - Processing /home/airflow/.local/lib/python3.8/site-packages/airflow/example_dags/example_datasets.py took 0.055 seconds
[2024-02-03T19:05:08.403+0000] {processor.py:161} INFO - Started process (PID=5772) to work on /home/airflow/.local/lib/python3.8/site-packages/airflow/example_dags/example_datasets.py
[2024-02-03T19:05:08.404+0000] {processor.py:830} INFO - Processing file /home/airflow/.local/lib/python3.8/site-packages/airflow/example_dags/example_datasets.py for tasks to queue
[2024-02-03T19:05:08.405+0000] {logging_mixin.py:188} INFO - [2024-02-03T19:05:08.404+0000] {dagbag.py:538} INFO - Filling up the DagBag from /home/airflow/.local/lib/python3.8/site-packages/airflow/example_dags/example_datasets.py
[2024-02-03T19:05:08.411+0000] {processor.py:840} INFO - DAG(s) 'dataset_produces_2', 'dataset_produces_1', 'dataset_consumes_1', 'dataset_consumes_1_and_2', 'dataset_consumes_unknown_never_scheduled', 'dataset_consumes_1_never_scheduled' retrieved from /home/airflow/.local/lib/python3.8/site-packages/airflow/example_dags/example_datasets.py
[2024-02-03T19:05:08.429+0000] {logging_mixin.py:188} INFO - [2024-02-03T19:05:08.429+0000] {dag.py:3036} INFO - Sync 6 DAGs
[2024-02-03T19:05:08.441+0000] {logging_mixin.py:188} INFO - [2024-02-03T19:05:08.441+0000] {dag.py:3823} INFO - Setting next_dagrun for dataset_consumes_1 to None, run_after=None
[2024-02-03T19:05:08.442+0000] {logging_mixin.py:188} INFO - [2024-02-03T19:05:08.442+0000] {dag.py:3823} INFO - Setting next_dagrun for dataset_consumes_1_and_2 to None, run_after=None
[2024-02-03T19:05:08.443+0000] {logging_mixin.py:188} INFO - [2024-02-03T19:05:08.443+0000] {dag.py:3823} INFO - Setting next_dagrun for dataset_consumes_1_never_scheduled to None, run_after=None
[2024-02-03T19:05:08.444+0000] {logging_mixin.py:188} INFO - [2024-02-03T19:05:08.444+0000] {dag.py:3823} INFO - Setting next_dagrun for dataset_consumes_unknown_never_scheduled to None, run_after=None
[2024-02-03T19:05:08.445+0000] {logging_mixin.py:188} INFO - [2024-02-03T19:05:08.445+0000] {dag.py:3823} INFO - Setting next_dagrun for dataset_produces_1 to 2024-02-02 00:00:00+00:00, run_after=2024-02-03 00:00:00+00:00
[2024-02-03T19:05:08.446+0000] {logging_mixin.py:188} INFO - [2024-02-03T19:05:08.446+0000] {dag.py:3823} INFO - Setting next_dagrun for dataset_produces_2 to None, run_after=None
[2024-02-03T19:05:08.461+0000] {processor.py:183} INFO - Processing /home/airflow/.local/lib/python3.8/site-packages/airflow/example_dags/example_datasets.py took 0.060 seconds
[2024-02-03T19:05:39.447+0000] {processor.py:161} INFO - Started process (PID=6018) to work on /home/airflow/.local/lib/python3.8/site-packages/airflow/example_dags/example_datasets.py
[2024-02-03T19:05:39.452+0000] {processor.py:830} INFO - Processing file /home/airflow/.local/lib/python3.8/site-packages/airflow/example_dags/example_datasets.py for tasks to queue
[2024-02-03T19:05:39.453+0000] {logging_mixin.py:188} INFO - [2024-02-03T19:05:39.453+0000] {dagbag.py:538} INFO - Filling up the DagBag from /home/airflow/.local/lib/python3.8/site-packages/airflow/example_dags/example_datasets.py
[2024-02-03T19:05:39.463+0000] {processor.py:840} INFO - DAG(s) 'dataset_consumes_1_and_2', 'dataset_produces_1', 'dataset_produces_2', 'dataset_consumes_1', 'dataset_consumes_unknown_never_scheduled', 'dataset_consumes_1_never_scheduled' retrieved from /home/airflow/.local/lib/python3.8/site-packages/airflow/example_dags/example_datasets.py
[2024-02-03T19:05:39.476+0000] {logging_mixin.py:188} INFO - [2024-02-03T19:05:39.476+0000] {dag.py:3036} INFO - Sync 6 DAGs
[2024-02-03T19:05:39.493+0000] {logging_mixin.py:188} INFO - [2024-02-03T19:05:39.493+0000] {dag.py:3823} INFO - Setting next_dagrun for dataset_consumes_1 to None, run_after=None
[2024-02-03T19:05:39.495+0000] {logging_mixin.py:188} INFO - [2024-02-03T19:05:39.495+0000] {dag.py:3823} INFO - Setting next_dagrun for dataset_consumes_1_and_2 to None, run_after=None
[2024-02-03T19:05:39.498+0000] {logging_mixin.py:188} INFO - [2024-02-03T19:05:39.498+0000] {dag.py:3823} INFO - Setting next_dagrun for dataset_consumes_1_never_scheduled to None, run_after=None
[2024-02-03T19:05:39.500+0000] {logging_mixin.py:188} INFO - [2024-02-03T19:05:39.500+0000] {dag.py:3823} INFO - Setting next_dagrun for dataset_consumes_unknown_never_scheduled to None, run_after=None
[2024-02-03T19:05:39.501+0000] {logging_mixin.py:188} INFO - [2024-02-03T19:05:39.501+0000] {dag.py:3823} INFO - Setting next_dagrun for dataset_produces_1 to 2024-02-02 00:00:00+00:00, run_after=2024-02-03 00:00:00+00:00
[2024-02-03T19:05:39.502+0000] {logging_mixin.py:188} INFO - [2024-02-03T19:05:39.502+0000] {dag.py:3823} INFO - Setting next_dagrun for dataset_produces_2 to None, run_after=None
[2024-02-03T19:05:39.517+0000] {processor.py:183} INFO - Processing /home/airflow/.local/lib/python3.8/site-packages/airflow/example_dags/example_datasets.py took 0.073 seconds
[2024-02-03T19:06:09.764+0000] {processor.py:161} INFO - Started process (PID=6265) to work on /home/airflow/.local/lib/python3.8/site-packages/airflow/example_dags/example_datasets.py
[2024-02-03T19:06:09.765+0000] {processor.py:830} INFO - Processing file /home/airflow/.local/lib/python3.8/site-packages/airflow/example_dags/example_datasets.py for tasks to queue
[2024-02-03T19:06:09.766+0000] {logging_mixin.py:188} INFO - [2024-02-03T19:06:09.765+0000] {dagbag.py:538} INFO - Filling up the DagBag from /home/airflow/.local/lib/python3.8/site-packages/airflow/example_dags/example_datasets.py
[2024-02-03T19:06:09.771+0000] {processor.py:840} INFO - DAG(s) 'dataset_consumes_unknown_never_scheduled', 'dataset_consumes_1_never_scheduled', 'dataset_produces_2', 'dataset_consumes_1_and_2', 'dataset_consumes_1', 'dataset_produces_1' retrieved from /home/airflow/.local/lib/python3.8/site-packages/airflow/example_dags/example_datasets.py
[2024-02-03T19:06:09.844+0000] {logging_mixin.py:188} INFO - [2024-02-03T19:06:09.844+0000] {dag.py:3036} INFO - Sync 6 DAGs
[2024-02-03T19:06:09.854+0000] {logging_mixin.py:188} INFO - [2024-02-03T19:06:09.854+0000] {dag.py:3823} INFO - Setting next_dagrun for dataset_consumes_1 to None, run_after=None
[2024-02-03T19:06:09.856+0000] {logging_mixin.py:188} INFO - [2024-02-03T19:06:09.856+0000] {dag.py:3823} INFO - Setting next_dagrun for dataset_consumes_1_and_2 to None, run_after=None
[2024-02-03T19:06:09.857+0000] {logging_mixin.py:188} INFO - [2024-02-03T19:06:09.857+0000] {dag.py:3823} INFO - Setting next_dagrun for dataset_consumes_1_never_scheduled to None, run_after=None
[2024-02-03T19:06:09.857+0000] {logging_mixin.py:188} INFO - [2024-02-03T19:06:09.857+0000] {dag.py:3823} INFO - Setting next_dagrun for dataset_consumes_unknown_never_scheduled to None, run_after=None
[2024-02-03T19:06:09.859+0000] {logging_mixin.py:188} INFO - [2024-02-03T19:06:09.859+0000] {dag.py:3823} INFO - Setting next_dagrun for dataset_produces_1 to 2024-02-02 00:00:00+00:00, run_after=2024-02-03 00:00:00+00:00
[2024-02-03T19:06:09.860+0000] {logging_mixin.py:188} INFO - [2024-02-03T19:06:09.860+0000] {dag.py:3823} INFO - Setting next_dagrun for dataset_produces_2 to None, run_after=None
[2024-02-03T19:06:09.876+0000] {processor.py:183} INFO - Processing /home/airflow/.local/lib/python3.8/site-packages/airflow/example_dags/example_datasets.py took 0.114 seconds
[2024-02-03T19:06:39.908+0000] {processor.py:161} INFO - Started process (PID=6517) to work on /home/airflow/.local/lib/python3.8/site-packages/airflow/example_dags/example_datasets.py
[2024-02-03T19:06:39.908+0000] {processor.py:830} INFO - Processing file /home/airflow/.local/lib/python3.8/site-packages/airflow/example_dags/example_datasets.py for tasks to queue
[2024-02-03T19:06:39.909+0000] {logging_mixin.py:188} INFO - [2024-02-03T19:06:39.909+0000] {dagbag.py:538} INFO - Filling up the DagBag from /home/airflow/.local/lib/python3.8/site-packages/airflow/example_dags/example_datasets.py
[2024-02-03T19:06:39.914+0000] {processor.py:840} INFO - DAG(s) 'dataset_consumes_1_and_2', 'dataset_consumes_1_never_scheduled', 'dataset_consumes_1', 'dataset_produces_1', 'dataset_consumes_unknown_never_scheduled', 'dataset_produces_2' retrieved from /home/airflow/.local/lib/python3.8/site-packages/airflow/example_dags/example_datasets.py
[2024-02-03T19:06:39.932+0000] {logging_mixin.py:188} INFO - [2024-02-03T19:06:39.932+0000] {dag.py:3036} INFO - Sync 6 DAGs
[2024-02-03T19:06:39.944+0000] {logging_mixin.py:188} INFO - [2024-02-03T19:06:39.944+0000] {dag.py:3823} INFO - Setting next_dagrun for dataset_consumes_1 to None, run_after=None
[2024-02-03T19:06:39.946+0000] {logging_mixin.py:188} INFO - [2024-02-03T19:06:39.946+0000] {dag.py:3823} INFO - Setting next_dagrun for dataset_consumes_1_and_2 to None, run_after=None
[2024-02-03T19:06:39.947+0000] {logging_mixin.py:188} INFO - [2024-02-03T19:06:39.947+0000] {dag.py:3823} INFO - Setting next_dagrun for dataset_consumes_1_never_scheduled to None, run_after=None
[2024-02-03T19:06:39.948+0000] {logging_mixin.py:188} INFO - [2024-02-03T19:06:39.948+0000] {dag.py:3823} INFO - Setting next_dagrun for dataset_consumes_unknown_never_scheduled to None, run_after=None
[2024-02-03T19:06:39.949+0000] {logging_mixin.py:188} INFO - [2024-02-03T19:06:39.949+0000] {dag.py:3823} INFO - Setting next_dagrun for dataset_produces_1 to 2024-02-02 00:00:00+00:00, run_after=2024-02-03 00:00:00+00:00
[2024-02-03T19:06:39.950+0000] {logging_mixin.py:188} INFO - [2024-02-03T19:06:39.950+0000] {dag.py:3823} INFO - Setting next_dagrun for dataset_produces_2 to None, run_after=None
[2024-02-03T19:06:39.966+0000] {processor.py:183} INFO - Processing /home/airflow/.local/lib/python3.8/site-packages/airflow/example_dags/example_datasets.py took 0.061 seconds
[2024-02-03T19:07:10.872+0000] {processor.py:161} INFO - Started process (PID=6759) to work on /home/airflow/.local/lib/python3.8/site-packages/airflow/example_dags/example_datasets.py
[2024-02-03T19:07:10.872+0000] {processor.py:830} INFO - Processing file /home/airflow/.local/lib/python3.8/site-packages/airflow/example_dags/example_datasets.py for tasks to queue
[2024-02-03T19:07:10.873+0000] {logging_mixin.py:188} INFO - [2024-02-03T19:07:10.873+0000] {dagbag.py:538} INFO - Filling up the DagBag from /home/airflow/.local/lib/python3.8/site-packages/airflow/example_dags/example_datasets.py
[2024-02-03T19:07:10.879+0000] {processor.py:840} INFO - DAG(s) 'dataset_consumes_1_and_2', 'dataset_produces_2', 'dataset_produces_1', 'dataset_consumes_1', 'dataset_consumes_1_never_scheduled', 'dataset_consumes_unknown_never_scheduled' retrieved from /home/airflow/.local/lib/python3.8/site-packages/airflow/example_dags/example_datasets.py
[2024-02-03T19:07:10.898+0000] {logging_mixin.py:188} INFO - [2024-02-03T19:07:10.897+0000] {dag.py:3036} INFO - Sync 6 DAGs
[2024-02-03T19:07:10.909+0000] {logging_mixin.py:188} INFO - [2024-02-03T19:07:10.909+0000] {dag.py:3823} INFO - Setting next_dagrun for dataset_consumes_1 to None, run_after=None
[2024-02-03T19:07:10.911+0000] {logging_mixin.py:188} INFO - [2024-02-03T19:07:10.910+0000] {dag.py:3823} INFO - Setting next_dagrun for dataset_consumes_1_and_2 to None, run_after=None
[2024-02-03T19:07:10.911+0000] {logging_mixin.py:188} INFO - [2024-02-03T19:07:10.911+0000] {dag.py:3823} INFO - Setting next_dagrun for dataset_consumes_1_never_scheduled to None, run_after=None
[2024-02-03T19:07:10.912+0000] {logging_mixin.py:188} INFO - [2024-02-03T19:07:10.912+0000] {dag.py:3823} INFO - Setting next_dagrun for dataset_consumes_unknown_never_scheduled to None, run_after=None
[2024-02-03T19:07:10.913+0000] {logging_mixin.py:188} INFO - [2024-02-03T19:07:10.913+0000] {dag.py:3823} INFO - Setting next_dagrun for dataset_produces_1 to 2024-02-02 00:00:00+00:00, run_after=2024-02-03 00:00:00+00:00
[2024-02-03T19:07:10.914+0000] {logging_mixin.py:188} INFO - [2024-02-03T19:07:10.914+0000] {dag.py:3823} INFO - Setting next_dagrun for dataset_produces_2 to None, run_after=None
[2024-02-03T19:07:10.928+0000] {processor.py:183} INFO - Processing /home/airflow/.local/lib/python3.8/site-packages/airflow/example_dags/example_datasets.py took 0.059 seconds
[2024-02-03T19:07:40.998+0000] {processor.py:161} INFO - Started process (PID=7006) to work on /home/airflow/.local/lib/python3.8/site-packages/airflow/example_dags/example_datasets.py
[2024-02-03T19:07:40.998+0000] {processor.py:830} INFO - Processing file /home/airflow/.local/lib/python3.8/site-packages/airflow/example_dags/example_datasets.py for tasks to queue
[2024-02-03T19:07:40.999+0000] {logging_mixin.py:188} INFO - [2024-02-03T19:07:40.999+0000] {dagbag.py:538} INFO - Filling up the DagBag from /home/airflow/.local/lib/python3.8/site-packages/airflow/example_dags/example_datasets.py
[2024-02-03T19:07:41.004+0000] {processor.py:840} INFO - DAG(s) 'dataset_produces_1', 'dataset_consumes_unknown_never_scheduled', 'dataset_consumes_1', 'dataset_consumes_1_never_scheduled', 'dataset_consumes_1_and_2', 'dataset_produces_2' retrieved from /home/airflow/.local/lib/python3.8/site-packages/airflow/example_dags/example_datasets.py
[2024-02-03T19:07:41.021+0000] {logging_mixin.py:188} INFO - [2024-02-03T19:07:41.021+0000] {dag.py:3036} INFO - Sync 6 DAGs
[2024-02-03T19:07:41.031+0000] {logging_mixin.py:188} INFO - [2024-02-03T19:07:41.031+0000] {dag.py:3823} INFO - Setting next_dagrun for dataset_consumes_1 to None, run_after=None
[2024-02-03T19:07:41.033+0000] {logging_mixin.py:188} INFO - [2024-02-03T19:07:41.033+0000] {dag.py:3823} INFO - Setting next_dagrun for dataset_consumes_1_and_2 to None, run_after=None
[2024-02-03T19:07:41.034+0000] {logging_mixin.py:188} INFO - [2024-02-03T19:07:41.034+0000] {dag.py:3823} INFO - Setting next_dagrun for dataset_consumes_1_never_scheduled to None, run_after=None
[2024-02-03T19:07:41.034+0000] {logging_mixin.py:188} INFO - [2024-02-03T19:07:41.034+0000] {dag.py:3823} INFO - Setting next_dagrun for dataset_consumes_unknown_never_scheduled to None, run_after=None
[2024-02-03T19:07:41.036+0000] {logging_mixin.py:188} INFO - [2024-02-03T19:07:41.035+0000] {dag.py:3823} INFO - Setting next_dagrun for dataset_produces_1 to 2024-02-02 00:00:00+00:00, run_after=2024-02-03 00:00:00+00:00
[2024-02-03T19:07:41.036+0000] {logging_mixin.py:188} INFO - [2024-02-03T19:07:41.036+0000] {dag.py:3823} INFO - Setting next_dagrun for dataset_produces_2 to None, run_after=None
[2024-02-03T19:07:41.049+0000] {processor.py:183} INFO - Processing /home/airflow/.local/lib/python3.8/site-packages/airflow/example_dags/example_datasets.py took 0.053 seconds
[2024-02-03T19:08:11.363+0000] {processor.py:161} INFO - Started process (PID=7253) to work on /home/airflow/.local/lib/python3.8/site-packages/airflow/example_dags/example_datasets.py
[2024-02-03T19:08:11.364+0000] {processor.py:830} INFO - Processing file /home/airflow/.local/lib/python3.8/site-packages/airflow/example_dags/example_datasets.py for tasks to queue
[2024-02-03T19:08:11.364+0000] {logging_mixin.py:188} INFO - [2024-02-03T19:08:11.364+0000] {dagbag.py:538} INFO - Filling up the DagBag from /home/airflow/.local/lib/python3.8/site-packages/airflow/example_dags/example_datasets.py
[2024-02-03T19:08:11.369+0000] {processor.py:840} INFO - DAG(s) 'dataset_produces_2', 'dataset_consumes_unknown_never_scheduled', 'dataset_produces_1', 'dataset_consumes_1', 'dataset_consumes_1_never_scheduled', 'dataset_consumes_1_and_2' retrieved from /home/airflow/.local/lib/python3.8/site-packages/airflow/example_dags/example_datasets.py
[2024-02-03T19:08:11.388+0000] {logging_mixin.py:188} INFO - [2024-02-03T19:08:11.388+0000] {dag.py:3036} INFO - Sync 6 DAGs
[2024-02-03T19:08:11.400+0000] {logging_mixin.py:188} INFO - [2024-02-03T19:08:11.399+0000] {dag.py:3823} INFO - Setting next_dagrun for dataset_consumes_1 to None, run_after=None
[2024-02-03T19:08:11.401+0000] {logging_mixin.py:188} INFO - [2024-02-03T19:08:11.401+0000] {dag.py:3823} INFO - Setting next_dagrun for dataset_consumes_1_and_2 to None, run_after=None
[2024-02-03T19:08:11.402+0000] {logging_mixin.py:188} INFO - [2024-02-03T19:08:11.402+0000] {dag.py:3823} INFO - Setting next_dagrun for dataset_consumes_1_never_scheduled to None, run_after=None
[2024-02-03T19:08:11.403+0000] {logging_mixin.py:188} INFO - [2024-02-03T19:08:11.403+0000] {dag.py:3823} INFO - Setting next_dagrun for dataset_consumes_unknown_never_scheduled to None, run_after=None
[2024-02-03T19:08:11.404+0000] {logging_mixin.py:188} INFO - [2024-02-03T19:08:11.404+0000] {dag.py:3823} INFO - Setting next_dagrun for dataset_produces_1 to 2024-02-02 00:00:00+00:00, run_after=2024-02-03 00:00:00+00:00
[2024-02-03T19:08:11.405+0000] {logging_mixin.py:188} INFO - [2024-02-03T19:08:11.405+0000] {dag.py:3823} INFO - Setting next_dagrun for dataset_produces_2 to None, run_after=None
[2024-02-03T19:08:11.420+0000] {processor.py:183} INFO - Processing /home/airflow/.local/lib/python3.8/site-packages/airflow/example_dags/example_datasets.py took 0.060 seconds
[2024-02-03T19:08:41.564+0000] {processor.py:161} INFO - Started process (PID=7498) to work on /home/airflow/.local/lib/python3.8/site-packages/airflow/example_dags/example_datasets.py
[2024-02-03T19:08:41.565+0000] {processor.py:830} INFO - Processing file /home/airflow/.local/lib/python3.8/site-packages/airflow/example_dags/example_datasets.py for tasks to queue
[2024-02-03T19:08:41.566+0000] {logging_mixin.py:188} INFO - [2024-02-03T19:08:41.565+0000] {dagbag.py:538} INFO - Filling up the DagBag from /home/airflow/.local/lib/python3.8/site-packages/airflow/example_dags/example_datasets.py
[2024-02-03T19:08:41.571+0000] {processor.py:840} INFO - DAG(s) 'dataset_produces_1', 'dataset_consumes_1_and_2', 'dataset_produces_2', 'dataset_consumes_1_never_scheduled', 'dataset_consumes_1', 'dataset_consumes_unknown_never_scheduled' retrieved from /home/airflow/.local/lib/python3.8/site-packages/airflow/example_dags/example_datasets.py
[2024-02-03T19:08:41.596+0000] {logging_mixin.py:188} INFO - [2024-02-03T19:08:41.596+0000] {dag.py:3036} INFO - Sync 6 DAGs
[2024-02-03T19:08:41.609+0000] {logging_mixin.py:188} INFO - [2024-02-03T19:08:41.608+0000] {dag.py:3823} INFO - Setting next_dagrun for dataset_consumes_1 to None, run_after=None
[2024-02-03T19:08:41.611+0000] {logging_mixin.py:188} INFO - [2024-02-03T19:08:41.611+0000] {dag.py:3823} INFO - Setting next_dagrun for dataset_consumes_1_and_2 to None, run_after=None
[2024-02-03T19:08:41.612+0000] {logging_mixin.py:188} INFO - [2024-02-03T19:08:41.612+0000] {dag.py:3823} INFO - Setting next_dagrun for dataset_consumes_1_never_scheduled to None, run_after=None
[2024-02-03T19:08:41.612+0000] {logging_mixin.py:188} INFO - [2024-02-03T19:08:41.612+0000] {dag.py:3823} INFO - Setting next_dagrun for dataset_consumes_unknown_never_scheduled to None, run_after=None
[2024-02-03T19:08:41.614+0000] {logging_mixin.py:188} INFO - [2024-02-03T19:08:41.614+0000] {dag.py:3823} INFO - Setting next_dagrun for dataset_produces_1 to 2024-02-02 00:00:00+00:00, run_after=2024-02-03 00:00:00+00:00
[2024-02-03T19:08:41.615+0000] {logging_mixin.py:188} INFO - [2024-02-03T19:08:41.615+0000] {dag.py:3823} INFO - Setting next_dagrun for dataset_produces_2 to None, run_after=None
[2024-02-03T19:08:41.633+0000] {processor.py:183} INFO - Processing /home/airflow/.local/lib/python3.8/site-packages/airflow/example_dags/example_datasets.py took 0.072 seconds
[2024-02-03T19:09:12.356+0000] {processor.py:161} INFO - Started process (PID=7747) to work on /home/airflow/.local/lib/python3.8/site-packages/airflow/example_dags/example_datasets.py
[2024-02-03T19:09:12.356+0000] {processor.py:830} INFO - Processing file /home/airflow/.local/lib/python3.8/site-packages/airflow/example_dags/example_datasets.py for tasks to queue
[2024-02-03T19:09:12.357+0000] {logging_mixin.py:188} INFO - [2024-02-03T19:09:12.357+0000] {dagbag.py:538} INFO - Filling up the DagBag from /home/airflow/.local/lib/python3.8/site-packages/airflow/example_dags/example_datasets.py
[2024-02-03T19:09:12.363+0000] {processor.py:840} INFO - DAG(s) 'dataset_produces_1', 'dataset_consumes_1', 'dataset_consumes_1_and_2', 'dataset_produces_2', 'dataset_consumes_unknown_never_scheduled', 'dataset_consumes_1_never_scheduled' retrieved from /home/airflow/.local/lib/python3.8/site-packages/airflow/example_dags/example_datasets.py
[2024-02-03T19:09:12.381+0000] {logging_mixin.py:188} INFO - [2024-02-03T19:09:12.381+0000] {dag.py:3036} INFO - Sync 6 DAGs
[2024-02-03T19:09:12.392+0000] {logging_mixin.py:188} INFO - [2024-02-03T19:09:12.392+0000] {dag.py:3823} INFO - Setting next_dagrun for dataset_consumes_1 to None, run_after=None
[2024-02-03T19:09:12.394+0000] {logging_mixin.py:188} INFO - [2024-02-03T19:09:12.394+0000] {dag.py:3823} INFO - Setting next_dagrun for dataset_consumes_1_and_2 to None, run_after=None
[2024-02-03T19:09:12.395+0000] {logging_mixin.py:188} INFO - [2024-02-03T19:09:12.394+0000] {dag.py:3823} INFO - Setting next_dagrun for dataset_consumes_1_never_scheduled to None, run_after=None
[2024-02-03T19:09:12.395+0000] {logging_mixin.py:188} INFO - [2024-02-03T19:09:12.395+0000] {dag.py:3823} INFO - Setting next_dagrun for dataset_consumes_unknown_never_scheduled to None, run_after=None
[2024-02-03T19:09:12.396+0000] {logging_mixin.py:188} INFO - [2024-02-03T19:09:12.396+0000] {dag.py:3823} INFO - Setting next_dagrun for dataset_produces_1 to 2024-02-02 00:00:00+00:00, run_after=2024-02-03 00:00:00+00:00
[2024-02-03T19:09:12.397+0000] {logging_mixin.py:188} INFO - [2024-02-03T19:09:12.397+0000] {dag.py:3823} INFO - Setting next_dagrun for dataset_produces_2 to None, run_after=None
[2024-02-03T19:09:12.411+0000] {processor.py:183} INFO - Processing /home/airflow/.local/lib/python3.8/site-packages/airflow/example_dags/example_datasets.py took 0.057 seconds
[2024-02-03T19:09:43.198+0000] {processor.py:161} INFO - Started process (PID=7994) to work on /home/airflow/.local/lib/python3.8/site-packages/airflow/example_dags/example_datasets.py
[2024-02-03T19:09:43.199+0000] {processor.py:830} INFO - Processing file /home/airflow/.local/lib/python3.8/site-packages/airflow/example_dags/example_datasets.py for tasks to queue
[2024-02-03T19:09:43.199+0000] {logging_mixin.py:188} INFO - [2024-02-03T19:09:43.199+0000] {dagbag.py:538} INFO - Filling up the DagBag from /home/airflow/.local/lib/python3.8/site-packages/airflow/example_dags/example_datasets.py
[2024-02-03T19:09:43.205+0000] {processor.py:840} INFO - DAG(s) 'dataset_consumes_1_and_2', 'dataset_consumes_1_never_scheduled', 'dataset_consumes_1', 'dataset_consumes_unknown_never_scheduled', 'dataset_produces_2', 'dataset_produces_1' retrieved from /home/airflow/.local/lib/python3.8/site-packages/airflow/example_dags/example_datasets.py
[2024-02-03T19:09:43.221+0000] {logging_mixin.py:188} INFO - [2024-02-03T19:09:43.221+0000] {dag.py:3036} INFO - Sync 6 DAGs
[2024-02-03T19:09:43.232+0000] {logging_mixin.py:188} INFO - [2024-02-03T19:09:43.232+0000] {dag.py:3823} INFO - Setting next_dagrun for dataset_consumes_1 to None, run_after=None
[2024-02-03T19:09:43.233+0000] {logging_mixin.py:188} INFO - [2024-02-03T19:09:43.233+0000] {dag.py:3823} INFO - Setting next_dagrun for dataset_consumes_1_and_2 to None, run_after=None
[2024-02-03T19:09:43.234+0000] {logging_mixin.py:188} INFO - [2024-02-03T19:09:43.234+0000] {dag.py:3823} INFO - Setting next_dagrun for dataset_consumes_1_never_scheduled to None, run_after=None
[2024-02-03T19:09:43.235+0000] {logging_mixin.py:188} INFO - [2024-02-03T19:09:43.235+0000] {dag.py:3823} INFO - Setting next_dagrun for dataset_consumes_unknown_never_scheduled to None, run_after=None
[2024-02-03T19:09:43.236+0000] {logging_mixin.py:188} INFO - [2024-02-03T19:09:43.236+0000] {dag.py:3823} INFO - Setting next_dagrun for dataset_produces_1 to 2024-02-02 00:00:00+00:00, run_after=2024-02-03 00:00:00+00:00
[2024-02-03T19:09:43.237+0000] {logging_mixin.py:188} INFO - [2024-02-03T19:09:43.236+0000] {dag.py:3823} INFO - Setting next_dagrun for dataset_produces_2 to None, run_after=None
[2024-02-03T19:09:43.250+0000] {processor.py:183} INFO - Processing /home/airflow/.local/lib/python3.8/site-packages/airflow/example_dags/example_datasets.py took 0.054 seconds
[2024-02-03T19:10:13.416+0000] {processor.py:161} INFO - Started process (PID=8241) to work on /home/airflow/.local/lib/python3.8/site-packages/airflow/example_dags/example_datasets.py
[2024-02-03T19:10:13.416+0000] {processor.py:830} INFO - Processing file /home/airflow/.local/lib/python3.8/site-packages/airflow/example_dags/example_datasets.py for tasks to queue
[2024-02-03T19:10:13.417+0000] {logging_mixin.py:188} INFO - [2024-02-03T19:10:13.417+0000] {dagbag.py:538} INFO - Filling up the DagBag from /home/airflow/.local/lib/python3.8/site-packages/airflow/example_dags/example_datasets.py
[2024-02-03T19:10:13.422+0000] {processor.py:840} INFO - DAG(s) 'dataset_consumes_1_never_scheduled', 'dataset_produces_2', 'dataset_consumes_1_and_2', 'dataset_consumes_unknown_never_scheduled', 'dataset_produces_1', 'dataset_consumes_1' retrieved from /home/airflow/.local/lib/python3.8/site-packages/airflow/example_dags/example_datasets.py
[2024-02-03T19:10:13.440+0000] {logging_mixin.py:188} INFO - [2024-02-03T19:10:13.440+0000] {dag.py:3036} INFO - Sync 6 DAGs
[2024-02-03T19:10:13.451+0000] {logging_mixin.py:188} INFO - [2024-02-03T19:10:13.451+0000] {dag.py:3823} INFO - Setting next_dagrun for dataset_consumes_1 to None, run_after=None
[2024-02-03T19:10:13.453+0000] {logging_mixin.py:188} INFO - [2024-02-03T19:10:13.453+0000] {dag.py:3823} INFO - Setting next_dagrun for dataset_consumes_1_and_2 to None, run_after=None
[2024-02-03T19:10:13.454+0000] {logging_mixin.py:188} INFO - [2024-02-03T19:10:13.454+0000] {dag.py:3823} INFO - Setting next_dagrun for dataset_consumes_1_never_scheduled to None, run_after=None
[2024-02-03T19:10:13.455+0000] {logging_mixin.py:188} INFO - [2024-02-03T19:10:13.455+0000] {dag.py:3823} INFO - Setting next_dagrun for dataset_consumes_unknown_never_scheduled to None, run_after=None
[2024-02-03T19:10:13.456+0000] {logging_mixin.py:188} INFO - [2024-02-03T19:10:13.456+0000] {dag.py:3823} INFO - Setting next_dagrun for dataset_produces_1 to 2024-02-02 00:00:00+00:00, run_after=2024-02-03 00:00:00+00:00
[2024-02-03T19:10:13.457+0000] {logging_mixin.py:188} INFO - [2024-02-03T19:10:13.457+0000] {dag.py:3823} INFO - Setting next_dagrun for dataset_produces_2 to None, run_after=None
[2024-02-03T19:10:13.471+0000] {processor.py:183} INFO - Processing /home/airflow/.local/lib/python3.8/site-packages/airflow/example_dags/example_datasets.py took 0.057 seconds
