[2024-02-03T18:53:52.565+0000] {processor.py:161} INFO - Started process (PID=271) to work on /home/airflow/.local/lib/python3.8/site-packages/airflow/example_dags/example_short_circuit_operator.py
[2024-02-03T18:53:52.566+0000] {processor.py:830} INFO - Processing file /home/airflow/.local/lib/python3.8/site-packages/airflow/example_dags/example_short_circuit_operator.py for tasks to queue
[2024-02-03T18:53:52.567+0000] {logging_mixin.py:188} INFO - [2024-02-03T18:53:52.567+0000] {dagbag.py:538} INFO - Filling up the DagBag from /home/airflow/.local/lib/python3.8/site-packages/airflow/example_dags/example_short_circuit_operator.py
[2024-02-03T18:53:52.574+0000] {processor.py:840} INFO - DAG(s) 'example_short_circuit_operator' retrieved from /home/airflow/.local/lib/python3.8/site-packages/airflow/example_dags/example_short_circuit_operator.py
[2024-02-03T18:53:52.582+0000] {logging_mixin.py:188} INFO - [2024-02-03T18:53:52.582+0000] {dag.py:3036} INFO - Sync 1 DAGs
[2024-02-03T18:53:52.598+0000] {logging_mixin.py:188} INFO - [2024-02-03T18:53:52.598+0000] {dag.py:3823} INFO - Setting next_dagrun for example_short_circuit_operator to 2024-02-02 00:00:00+00:00, run_after=2024-02-03 00:00:00+00:00
[2024-02-03T18:53:52.611+0000] {processor.py:183} INFO - Processing /home/airflow/.local/lib/python3.8/site-packages/airflow/example_dags/example_short_circuit_operator.py took 0.051 seconds
[2024-02-03T18:54:23.311+0000] {processor.py:161} INFO - Started process (PID=518) to work on /home/airflow/.local/lib/python3.8/site-packages/airflow/example_dags/example_short_circuit_operator.py
[2024-02-03T18:54:23.312+0000] {processor.py:830} INFO - Processing file /home/airflow/.local/lib/python3.8/site-packages/airflow/example_dags/example_short_circuit_operator.py for tasks to queue
[2024-02-03T18:54:23.313+0000] {logging_mixin.py:188} INFO - [2024-02-03T18:54:23.312+0000] {dagbag.py:538} INFO - Filling up the DagBag from /home/airflow/.local/lib/python3.8/site-packages/airflow/example_dags/example_short_circuit_operator.py
[2024-02-03T18:54:23.319+0000] {processor.py:840} INFO - DAG(s) 'example_short_circuit_operator' retrieved from /home/airflow/.local/lib/python3.8/site-packages/airflow/example_dags/example_short_circuit_operator.py
[2024-02-03T18:54:23.374+0000] {logging_mixin.py:188} INFO - [2024-02-03T18:54:23.374+0000] {dag.py:3036} INFO - Sync 1 DAGs
[2024-02-03T18:54:23.386+0000] {logging_mixin.py:188} INFO - [2024-02-03T18:54:23.386+0000] {dag.py:3823} INFO - Setting next_dagrun for example_short_circuit_operator to 2024-02-02 00:00:00+00:00, run_after=2024-02-03 00:00:00+00:00
[2024-02-03T18:54:23.395+0000] {processor.py:183} INFO - Processing /home/airflow/.local/lib/python3.8/site-packages/airflow/example_dags/example_short_circuit_operator.py took 0.086 seconds
[2024-02-03T18:54:53.578+0000] {processor.py:161} INFO - Started process (PID=767) to work on /home/airflow/.local/lib/python3.8/site-packages/airflow/example_dags/example_short_circuit_operator.py
[2024-02-03T18:54:53.578+0000] {processor.py:830} INFO - Processing file /home/airflow/.local/lib/python3.8/site-packages/airflow/example_dags/example_short_circuit_operator.py for tasks to queue
[2024-02-03T18:54:53.579+0000] {logging_mixin.py:188} INFO - [2024-02-03T18:54:53.579+0000] {dagbag.py:538} INFO - Filling up the DagBag from /home/airflow/.local/lib/python3.8/site-packages/airflow/example_dags/example_short_circuit_operator.py
[2024-02-03T18:54:53.584+0000] {processor.py:840} INFO - DAG(s) 'example_short_circuit_operator' retrieved from /home/airflow/.local/lib/python3.8/site-packages/airflow/example_dags/example_short_circuit_operator.py
[2024-02-03T18:54:53.597+0000] {logging_mixin.py:188} INFO - [2024-02-03T18:54:53.597+0000] {dag.py:3036} INFO - Sync 1 DAGs
[2024-02-03T18:54:53.607+0000] {logging_mixin.py:188} INFO - [2024-02-03T18:54:53.607+0000] {dag.py:3823} INFO - Setting next_dagrun for example_short_circuit_operator to 2024-02-02 00:00:00+00:00, run_after=2024-02-03 00:00:00+00:00
[2024-02-03T18:54:53.616+0000] {processor.py:183} INFO - Processing /home/airflow/.local/lib/python3.8/site-packages/airflow/example_dags/example_short_circuit_operator.py took 0.041 seconds
[2024-02-03T18:55:23.644+0000] {processor.py:161} INFO - Started process (PID=1014) to work on /home/airflow/.local/lib/python3.8/site-packages/airflow/example_dags/example_short_circuit_operator.py
[2024-02-03T18:55:23.644+0000] {processor.py:830} INFO - Processing file /home/airflow/.local/lib/python3.8/site-packages/airflow/example_dags/example_short_circuit_operator.py for tasks to queue
[2024-02-03T18:55:23.645+0000] {logging_mixin.py:188} INFO - [2024-02-03T18:55:23.645+0000] {dagbag.py:538} INFO - Filling up the DagBag from /home/airflow/.local/lib/python3.8/site-packages/airflow/example_dags/example_short_circuit_operator.py
[2024-02-03T18:55:23.650+0000] {processor.py:840} INFO - DAG(s) 'example_short_circuit_operator' retrieved from /home/airflow/.local/lib/python3.8/site-packages/airflow/example_dags/example_short_circuit_operator.py
[2024-02-03T18:55:23.662+0000] {logging_mixin.py:188} INFO - [2024-02-03T18:55:23.662+0000] {dag.py:3036} INFO - Sync 1 DAGs
[2024-02-03T18:55:23.672+0000] {logging_mixin.py:188} INFO - [2024-02-03T18:55:23.672+0000] {dag.py:3823} INFO - Setting next_dagrun for example_short_circuit_operator to 2024-02-02 00:00:00+00:00, run_after=2024-02-03 00:00:00+00:00
[2024-02-03T18:55:23.680+0000] {processor.py:183} INFO - Processing /home/airflow/.local/lib/python3.8/site-packages/airflow/example_dags/example_short_circuit_operator.py took 0.038 seconds
[2024-02-03T18:55:54.397+0000] {processor.py:161} INFO - Started process (PID=1261) to work on /home/airflow/.local/lib/python3.8/site-packages/airflow/example_dags/example_short_circuit_operator.py
[2024-02-03T18:55:54.398+0000] {processor.py:830} INFO - Processing file /home/airflow/.local/lib/python3.8/site-packages/airflow/example_dags/example_short_circuit_operator.py for tasks to queue
[2024-02-03T18:55:54.398+0000] {logging_mixin.py:188} INFO - [2024-02-03T18:55:54.398+0000] {dagbag.py:538} INFO - Filling up the DagBag from /home/airflow/.local/lib/python3.8/site-packages/airflow/example_dags/example_short_circuit_operator.py
[2024-02-03T18:55:54.403+0000] {processor.py:840} INFO - DAG(s) 'example_short_circuit_operator' retrieved from /home/airflow/.local/lib/python3.8/site-packages/airflow/example_dags/example_short_circuit_operator.py
[2024-02-03T18:55:54.415+0000] {logging_mixin.py:188} INFO - [2024-02-03T18:55:54.414+0000] {dag.py:3036} INFO - Sync 1 DAGs
[2024-02-03T18:55:54.425+0000] {logging_mixin.py:188} INFO - [2024-02-03T18:55:54.424+0000] {dag.py:3823} INFO - Setting next_dagrun for example_short_circuit_operator to 2024-02-02 00:00:00+00:00, run_after=2024-02-03 00:00:00+00:00
[2024-02-03T18:55:54.432+0000] {processor.py:183} INFO - Processing /home/airflow/.local/lib/python3.8/site-packages/airflow/example_dags/example_short_circuit_operator.py took 0.037 seconds
[2024-02-03T18:56:25.178+0000] {processor.py:161} INFO - Started process (PID=1508) to work on /home/airflow/.local/lib/python3.8/site-packages/airflow/example_dags/example_short_circuit_operator.py
[2024-02-03T18:56:25.179+0000] {processor.py:830} INFO - Processing file /home/airflow/.local/lib/python3.8/site-packages/airflow/example_dags/example_short_circuit_operator.py for tasks to queue
[2024-02-03T18:56:25.180+0000] {logging_mixin.py:188} INFO - [2024-02-03T18:56:25.179+0000] {dagbag.py:538} INFO - Filling up the DagBag from /home/airflow/.local/lib/python3.8/site-packages/airflow/example_dags/example_short_circuit_operator.py
[2024-02-03T18:56:25.184+0000] {processor.py:840} INFO - DAG(s) 'example_short_circuit_operator' retrieved from /home/airflow/.local/lib/python3.8/site-packages/airflow/example_dags/example_short_circuit_operator.py
[2024-02-03T18:56:25.197+0000] {logging_mixin.py:188} INFO - [2024-02-03T18:56:25.196+0000] {dag.py:3036} INFO - Sync 1 DAGs
[2024-02-03T18:56:25.207+0000] {logging_mixin.py:188} INFO - [2024-02-03T18:56:25.206+0000] {dag.py:3823} INFO - Setting next_dagrun for example_short_circuit_operator to 2024-02-02 00:00:00+00:00, run_after=2024-02-03 00:00:00+00:00
[2024-02-03T18:56:25.215+0000] {processor.py:183} INFO - Processing /home/airflow/.local/lib/python3.8/site-packages/airflow/example_dags/example_short_circuit_operator.py took 0.039 seconds
[2024-02-03T18:56:56.003+0000] {processor.py:161} INFO - Started process (PID=1753) to work on /home/airflow/.local/lib/python3.8/site-packages/airflow/example_dags/example_short_circuit_operator.py
[2024-02-03T18:56:56.004+0000] {processor.py:830} INFO - Processing file /home/airflow/.local/lib/python3.8/site-packages/airflow/example_dags/example_short_circuit_operator.py for tasks to queue
[2024-02-03T18:56:56.004+0000] {logging_mixin.py:188} INFO - [2024-02-03T18:56:56.004+0000] {dagbag.py:538} INFO - Filling up the DagBag from /home/airflow/.local/lib/python3.8/site-packages/airflow/example_dags/example_short_circuit_operator.py
[2024-02-03T18:56:56.009+0000] {processor.py:840} INFO - DAG(s) 'example_short_circuit_operator' retrieved from /home/airflow/.local/lib/python3.8/site-packages/airflow/example_dags/example_short_circuit_operator.py
[2024-02-03T18:56:56.022+0000] {logging_mixin.py:188} INFO - [2024-02-03T18:56:56.022+0000] {dag.py:3036} INFO - Sync 1 DAGs
[2024-02-03T18:56:56.034+0000] {logging_mixin.py:188} INFO - [2024-02-03T18:56:56.034+0000] {dag.py:3823} INFO - Setting next_dagrun for example_short_circuit_operator to 2024-02-02 00:00:00+00:00, run_after=2024-02-03 00:00:00+00:00
[2024-02-03T18:56:56.043+0000] {processor.py:183} INFO - Processing /home/airflow/.local/lib/python3.8/site-packages/airflow/example_dags/example_short_circuit_operator.py took 0.042 seconds
[2024-02-03T18:57:26.948+0000] {processor.py:161} INFO - Started process (PID=2000) to work on /home/airflow/.local/lib/python3.8/site-packages/airflow/example_dags/example_short_circuit_operator.py
[2024-02-03T18:57:26.949+0000] {processor.py:830} INFO - Processing file /home/airflow/.local/lib/python3.8/site-packages/airflow/example_dags/example_short_circuit_operator.py for tasks to queue
[2024-02-03T18:57:26.949+0000] {logging_mixin.py:188} INFO - [2024-02-03T18:57:26.949+0000] {dagbag.py:538} INFO - Filling up the DagBag from /home/airflow/.local/lib/python3.8/site-packages/airflow/example_dags/example_short_circuit_operator.py
[2024-02-03T18:57:26.954+0000] {processor.py:840} INFO - DAG(s) 'example_short_circuit_operator' retrieved from /home/airflow/.local/lib/python3.8/site-packages/airflow/example_dags/example_short_circuit_operator.py
[2024-02-03T18:57:26.967+0000] {logging_mixin.py:188} INFO - [2024-02-03T18:57:26.967+0000] {dag.py:3036} INFO - Sync 1 DAGs
[2024-02-03T18:57:26.978+0000] {logging_mixin.py:188} INFO - [2024-02-03T18:57:26.978+0000] {dag.py:3823} INFO - Setting next_dagrun for example_short_circuit_operator to 2024-02-02 00:00:00+00:00, run_after=2024-02-03 00:00:00+00:00
[2024-02-03T18:57:26.987+0000] {processor.py:183} INFO - Processing /home/airflow/.local/lib/python3.8/site-packages/airflow/example_dags/example_short_circuit_operator.py took 0.042 seconds
[2024-02-03T18:57:57.654+0000] {processor.py:161} INFO - Started process (PID=2249) to work on /home/airflow/.local/lib/python3.8/site-packages/airflow/example_dags/example_short_circuit_operator.py
[2024-02-03T18:57:57.655+0000] {processor.py:830} INFO - Processing file /home/airflow/.local/lib/python3.8/site-packages/airflow/example_dags/example_short_circuit_operator.py for tasks to queue
[2024-02-03T18:57:57.655+0000] {logging_mixin.py:188} INFO - [2024-02-03T18:57:57.655+0000] {dagbag.py:538} INFO - Filling up the DagBag from /home/airflow/.local/lib/python3.8/site-packages/airflow/example_dags/example_short_circuit_operator.py
[2024-02-03T18:57:57.660+0000] {processor.py:840} INFO - DAG(s) 'example_short_circuit_operator' retrieved from /home/airflow/.local/lib/python3.8/site-packages/airflow/example_dags/example_short_circuit_operator.py
[2024-02-03T18:57:57.672+0000] {logging_mixin.py:188} INFO - [2024-02-03T18:57:57.672+0000] {dag.py:3036} INFO - Sync 1 DAGs
[2024-02-03T18:57:57.682+0000] {logging_mixin.py:188} INFO - [2024-02-03T18:57:57.682+0000] {dag.py:3823} INFO - Setting next_dagrun for example_short_circuit_operator to 2024-02-02 00:00:00+00:00, run_after=2024-02-03 00:00:00+00:00
[2024-02-03T18:57:57.690+0000] {processor.py:183} INFO - Processing /home/airflow/.local/lib/python3.8/site-packages/airflow/example_dags/example_short_circuit_operator.py took 0.038 seconds
[2024-02-03T18:58:28.418+0000] {processor.py:161} INFO - Started process (PID=2494) to work on /home/airflow/.local/lib/python3.8/site-packages/airflow/example_dags/example_short_circuit_operator.py
[2024-02-03T18:58:28.419+0000] {processor.py:830} INFO - Processing file /home/airflow/.local/lib/python3.8/site-packages/airflow/example_dags/example_short_circuit_operator.py for tasks to queue
[2024-02-03T18:58:28.420+0000] {logging_mixin.py:188} INFO - [2024-02-03T18:58:28.419+0000] {dagbag.py:538} INFO - Filling up the DagBag from /home/airflow/.local/lib/python3.8/site-packages/airflow/example_dags/example_short_circuit_operator.py
[2024-02-03T18:58:28.424+0000] {processor.py:840} INFO - DAG(s) 'example_short_circuit_operator' retrieved from /home/airflow/.local/lib/python3.8/site-packages/airflow/example_dags/example_short_circuit_operator.py
[2024-02-03T18:58:28.437+0000] {logging_mixin.py:188} INFO - [2024-02-03T18:58:28.437+0000] {dag.py:3036} INFO - Sync 1 DAGs
[2024-02-03T18:58:28.448+0000] {logging_mixin.py:188} INFO - [2024-02-03T18:58:28.447+0000] {dag.py:3823} INFO - Setting next_dagrun for example_short_circuit_operator to 2024-02-02 00:00:00+00:00, run_after=2024-02-03 00:00:00+00:00
[2024-02-03T18:58:28.457+0000] {processor.py:183} INFO - Processing /home/airflow/.local/lib/python3.8/site-packages/airflow/example_dags/example_short_circuit_operator.py took 0.041 seconds
[2024-02-03T18:58:59.308+0000] {processor.py:161} INFO - Started process (PID=2743) to work on /home/airflow/.local/lib/python3.8/site-packages/airflow/example_dags/example_short_circuit_operator.py
[2024-02-03T18:58:59.309+0000] {processor.py:830} INFO - Processing file /home/airflow/.local/lib/python3.8/site-packages/airflow/example_dags/example_short_circuit_operator.py for tasks to queue
[2024-02-03T18:58:59.309+0000] {logging_mixin.py:188} INFO - [2024-02-03T18:58:59.309+0000] {dagbag.py:538} INFO - Filling up the DagBag from /home/airflow/.local/lib/python3.8/site-packages/airflow/example_dags/example_short_circuit_operator.py
[2024-02-03T18:58:59.314+0000] {processor.py:840} INFO - DAG(s) 'example_short_circuit_operator' retrieved from /home/airflow/.local/lib/python3.8/site-packages/airflow/example_dags/example_short_circuit_operator.py
[2024-02-03T18:58:59.327+0000] {logging_mixin.py:188} INFO - [2024-02-03T18:58:59.327+0000] {dag.py:3036} INFO - Sync 1 DAGs
[2024-02-03T18:58:59.338+0000] {logging_mixin.py:188} INFO - [2024-02-03T18:58:59.338+0000] {dag.py:3823} INFO - Setting next_dagrun for example_short_circuit_operator to 2024-02-02 00:00:00+00:00, run_after=2024-02-03 00:00:00+00:00
[2024-02-03T18:58:59.347+0000] {processor.py:183} INFO - Processing /home/airflow/.local/lib/python3.8/site-packages/airflow/example_dags/example_short_circuit_operator.py took 0.041 seconds
[2024-02-03T18:59:30.059+0000] {processor.py:161} INFO - Started process (PID=2988) to work on /home/airflow/.local/lib/python3.8/site-packages/airflow/example_dags/example_short_circuit_operator.py
[2024-02-03T18:59:30.060+0000] {processor.py:830} INFO - Processing file /home/airflow/.local/lib/python3.8/site-packages/airflow/example_dags/example_short_circuit_operator.py for tasks to queue
[2024-02-03T18:59:30.060+0000] {logging_mixin.py:188} INFO - [2024-02-03T18:59:30.060+0000] {dagbag.py:538} INFO - Filling up the DagBag from /home/airflow/.local/lib/python3.8/site-packages/airflow/example_dags/example_short_circuit_operator.py
[2024-02-03T18:59:30.065+0000] {processor.py:840} INFO - DAG(s) 'example_short_circuit_operator' retrieved from /home/airflow/.local/lib/python3.8/site-packages/airflow/example_dags/example_short_circuit_operator.py
[2024-02-03T18:59:30.078+0000] {logging_mixin.py:188} INFO - [2024-02-03T18:59:30.078+0000] {dag.py:3036} INFO - Sync 1 DAGs
[2024-02-03T18:59:30.090+0000] {logging_mixin.py:188} INFO - [2024-02-03T18:59:30.090+0000] {dag.py:3823} INFO - Setting next_dagrun for example_short_circuit_operator to 2024-02-02 00:00:00+00:00, run_after=2024-02-03 00:00:00+00:00
[2024-02-03T18:59:30.099+0000] {processor.py:183} INFO - Processing /home/airflow/.local/lib/python3.8/site-packages/airflow/example_dags/example_short_circuit_operator.py took 0.042 seconds
[2024-02-03T19:00:00.878+0000] {processor.py:161} INFO - Started process (PID=3237) to work on /home/airflow/.local/lib/python3.8/site-packages/airflow/example_dags/example_short_circuit_operator.py
[2024-02-03T19:00:00.879+0000] {processor.py:830} INFO - Processing file /home/airflow/.local/lib/python3.8/site-packages/airflow/example_dags/example_short_circuit_operator.py for tasks to queue
[2024-02-03T19:00:00.880+0000] {logging_mixin.py:188} INFO - [2024-02-03T19:00:00.879+0000] {dagbag.py:538} INFO - Filling up the DagBag from /home/airflow/.local/lib/python3.8/site-packages/airflow/example_dags/example_short_circuit_operator.py
[2024-02-03T19:00:00.884+0000] {processor.py:840} INFO - DAG(s) 'example_short_circuit_operator' retrieved from /home/airflow/.local/lib/python3.8/site-packages/airflow/example_dags/example_short_circuit_operator.py
[2024-02-03T19:00:00.897+0000] {logging_mixin.py:188} INFO - [2024-02-03T19:00:00.897+0000] {dag.py:3036} INFO - Sync 1 DAGs
[2024-02-03T19:00:00.907+0000] {logging_mixin.py:188} INFO - [2024-02-03T19:00:00.907+0000] {dag.py:3823} INFO - Setting next_dagrun for example_short_circuit_operator to 2024-02-02 00:00:00+00:00, run_after=2024-02-03 00:00:00+00:00
[2024-02-03T19:00:00.916+0000] {processor.py:183} INFO - Processing /home/airflow/.local/lib/python3.8/site-packages/airflow/example_dags/example_short_circuit_operator.py took 0.039 seconds
[2024-02-03T19:00:31.781+0000] {processor.py:161} INFO - Started process (PID=3482) to work on /home/airflow/.local/lib/python3.8/site-packages/airflow/example_dags/example_short_circuit_operator.py
[2024-02-03T19:00:31.782+0000] {processor.py:830} INFO - Processing file /home/airflow/.local/lib/python3.8/site-packages/airflow/example_dags/example_short_circuit_operator.py for tasks to queue
[2024-02-03T19:00:31.782+0000] {logging_mixin.py:188} INFO - [2024-02-03T19:00:31.782+0000] {dagbag.py:538} INFO - Filling up the DagBag from /home/airflow/.local/lib/python3.8/site-packages/airflow/example_dags/example_short_circuit_operator.py
[2024-02-03T19:00:31.789+0000] {processor.py:840} INFO - DAG(s) 'example_short_circuit_operator' retrieved from /home/airflow/.local/lib/python3.8/site-packages/airflow/example_dags/example_short_circuit_operator.py
[2024-02-03T19:00:31.803+0000] {logging_mixin.py:188} INFO - [2024-02-03T19:00:31.803+0000] {dag.py:3036} INFO - Sync 1 DAGs
[2024-02-03T19:00:31.816+0000] {logging_mixin.py:188} INFO - [2024-02-03T19:00:31.816+0000] {dag.py:3823} INFO - Setting next_dagrun for example_short_circuit_operator to 2024-02-02 00:00:00+00:00, run_after=2024-02-03 00:00:00+00:00
[2024-02-03T19:00:31.828+0000] {processor.py:183} INFO - Processing /home/airflow/.local/lib/python3.8/site-packages/airflow/example_dags/example_short_circuit_operator.py took 0.050 seconds
[2024-02-03T19:01:01.884+0000] {processor.py:161} INFO - Started process (PID=3731) to work on /home/airflow/.local/lib/python3.8/site-packages/airflow/example_dags/example_short_circuit_operator.py
[2024-02-03T19:01:01.885+0000] {processor.py:830} INFO - Processing file /home/airflow/.local/lib/python3.8/site-packages/airflow/example_dags/example_short_circuit_operator.py for tasks to queue
[2024-02-03T19:01:01.885+0000] {logging_mixin.py:188} INFO - [2024-02-03T19:01:01.885+0000] {dagbag.py:538} INFO - Filling up the DagBag from /home/airflow/.local/lib/python3.8/site-packages/airflow/example_dags/example_short_circuit_operator.py
[2024-02-03T19:01:01.890+0000] {processor.py:840} INFO - DAG(s) 'example_short_circuit_operator' retrieved from /home/airflow/.local/lib/python3.8/site-packages/airflow/example_dags/example_short_circuit_operator.py
[2024-02-03T19:01:01.897+0000] {logging_mixin.py:188} INFO - [2024-02-03T19:01:01.897+0000] {dag.py:3036} INFO - Sync 1 DAGs
[2024-02-03T19:01:01.908+0000] {logging_mixin.py:188} INFO - [2024-02-03T19:01:01.908+0000] {dag.py:3823} INFO - Setting next_dagrun for example_short_circuit_operator to 2024-02-02 00:00:00+00:00, run_after=2024-02-03 00:00:00+00:00
[2024-02-03T19:01:01.916+0000] {processor.py:183} INFO - Processing /home/airflow/.local/lib/python3.8/site-packages/airflow/example_dags/example_short_circuit_operator.py took 0.034 seconds
[2024-02-03T19:01:32.620+0000] {processor.py:161} INFO - Started process (PID=3976) to work on /home/airflow/.local/lib/python3.8/site-packages/airflow/example_dags/example_short_circuit_operator.py
[2024-02-03T19:01:32.621+0000] {processor.py:830} INFO - Processing file /home/airflow/.local/lib/python3.8/site-packages/airflow/example_dags/example_short_circuit_operator.py for tasks to queue
[2024-02-03T19:01:32.622+0000] {logging_mixin.py:188} INFO - [2024-02-03T19:01:32.622+0000] {dagbag.py:538} INFO - Filling up the DagBag from /home/airflow/.local/lib/python3.8/site-packages/airflow/example_dags/example_short_circuit_operator.py
[2024-02-03T19:01:32.627+0000] {processor.py:840} INFO - DAG(s) 'example_short_circuit_operator' retrieved from /home/airflow/.local/lib/python3.8/site-packages/airflow/example_dags/example_short_circuit_operator.py
[2024-02-03T19:01:32.689+0000] {logging_mixin.py:188} INFO - [2024-02-03T19:01:32.689+0000] {dag.py:3036} INFO - Sync 1 DAGs
[2024-02-03T19:01:32.705+0000] {logging_mixin.py:188} INFO - [2024-02-03T19:01:32.705+0000] {dag.py:3823} INFO - Setting next_dagrun for example_short_circuit_operator to 2024-02-02 00:00:00+00:00, run_after=2024-02-03 00:00:00+00:00
[2024-02-03T19:01:32.716+0000] {processor.py:183} INFO - Processing /home/airflow/.local/lib/python3.8/site-packages/airflow/example_dags/example_short_circuit_operator.py took 0.099 seconds
[2024-02-03T19:02:03.048+0000] {processor.py:161} INFO - Started process (PID=4223) to work on /home/airflow/.local/lib/python3.8/site-packages/airflow/example_dags/example_short_circuit_operator.py
[2024-02-03T19:02:03.050+0000] {processor.py:830} INFO - Processing file /home/airflow/.local/lib/python3.8/site-packages/airflow/example_dags/example_short_circuit_operator.py for tasks to queue
[2024-02-03T19:02:03.050+0000] {logging_mixin.py:188} INFO - [2024-02-03T19:02:03.050+0000] {dagbag.py:538} INFO - Filling up the DagBag from /home/airflow/.local/lib/python3.8/site-packages/airflow/example_dags/example_short_circuit_operator.py
[2024-02-03T19:02:03.056+0000] {processor.py:840} INFO - DAG(s) 'example_short_circuit_operator' retrieved from /home/airflow/.local/lib/python3.8/site-packages/airflow/example_dags/example_short_circuit_operator.py
[2024-02-03T19:02:03.072+0000] {logging_mixin.py:188} INFO - [2024-02-03T19:02:03.072+0000] {dag.py:3036} INFO - Sync 1 DAGs
[2024-02-03T19:02:03.087+0000] {logging_mixin.py:188} INFO - [2024-02-03T19:02:03.087+0000] {dag.py:3823} INFO - Setting next_dagrun for example_short_circuit_operator to 2024-02-02 00:00:00+00:00, run_after=2024-02-03 00:00:00+00:00
[2024-02-03T19:02:03.097+0000] {processor.py:183} INFO - Processing /home/airflow/.local/lib/python3.8/site-packages/airflow/example_dags/example_short_circuit_operator.py took 0.051 seconds
[2024-02-03T19:02:33.140+0000] {processor.py:161} INFO - Started process (PID=4470) to work on /home/airflow/.local/lib/python3.8/site-packages/airflow/example_dags/example_short_circuit_operator.py
[2024-02-03T19:02:33.140+0000] {processor.py:830} INFO - Processing file /home/airflow/.local/lib/python3.8/site-packages/airflow/example_dags/example_short_circuit_operator.py for tasks to queue
[2024-02-03T19:02:33.141+0000] {logging_mixin.py:188} INFO - [2024-02-03T19:02:33.141+0000] {dagbag.py:538} INFO - Filling up the DagBag from /home/airflow/.local/lib/python3.8/site-packages/airflow/example_dags/example_short_circuit_operator.py
[2024-02-03T19:02:33.146+0000] {processor.py:840} INFO - DAG(s) 'example_short_circuit_operator' retrieved from /home/airflow/.local/lib/python3.8/site-packages/airflow/example_dags/example_short_circuit_operator.py
[2024-02-03T19:02:33.158+0000] {logging_mixin.py:188} INFO - [2024-02-03T19:02:33.158+0000] {dag.py:3036} INFO - Sync 1 DAGs
[2024-02-03T19:02:33.169+0000] {logging_mixin.py:188} INFO - [2024-02-03T19:02:33.168+0000] {dag.py:3823} INFO - Setting next_dagrun for example_short_circuit_operator to 2024-02-02 00:00:00+00:00, run_after=2024-02-03 00:00:00+00:00
[2024-02-03T19:02:33.178+0000] {processor.py:183} INFO - Processing /home/airflow/.local/lib/python3.8/site-packages/airflow/example_dags/example_short_circuit_operator.py took 0.041 seconds
[2024-02-03T19:03:03.395+0000] {processor.py:161} INFO - Started process (PID=4719) to work on /home/airflow/.local/lib/python3.8/site-packages/airflow/example_dags/example_short_circuit_operator.py
[2024-02-03T19:03:03.395+0000] {processor.py:830} INFO - Processing file /home/airflow/.local/lib/python3.8/site-packages/airflow/example_dags/example_short_circuit_operator.py for tasks to queue
[2024-02-03T19:03:03.396+0000] {logging_mixin.py:188} INFO - [2024-02-03T19:03:03.396+0000] {dagbag.py:538} INFO - Filling up the DagBag from /home/airflow/.local/lib/python3.8/site-packages/airflow/example_dags/example_short_circuit_operator.py
[2024-02-03T19:03:03.401+0000] {processor.py:840} INFO - DAG(s) 'example_short_circuit_operator' retrieved from /home/airflow/.local/lib/python3.8/site-packages/airflow/example_dags/example_short_circuit_operator.py
[2024-02-03T19:03:03.413+0000] {logging_mixin.py:188} INFO - [2024-02-03T19:03:03.413+0000] {dag.py:3036} INFO - Sync 1 DAGs
[2024-02-03T19:03:03.423+0000] {logging_mixin.py:188} INFO - [2024-02-03T19:03:03.423+0000] {dag.py:3823} INFO - Setting next_dagrun for example_short_circuit_operator to 2024-02-02 00:00:00+00:00, run_after=2024-02-03 00:00:00+00:00
[2024-02-03T19:03:03.431+0000] {processor.py:183} INFO - Processing /home/airflow/.local/lib/python3.8/site-packages/airflow/example_dags/example_short_circuit_operator.py took 0.038 seconds
[2024-02-03T19:03:34.134+0000] {processor.py:161} INFO - Started process (PID=4966) to work on /home/airflow/.local/lib/python3.8/site-packages/airflow/example_dags/example_short_circuit_operator.py
[2024-02-03T19:03:34.134+0000] {processor.py:830} INFO - Processing file /home/airflow/.local/lib/python3.8/site-packages/airflow/example_dags/example_short_circuit_operator.py for tasks to queue
[2024-02-03T19:03:34.135+0000] {logging_mixin.py:188} INFO - [2024-02-03T19:03:34.135+0000] {dagbag.py:538} INFO - Filling up the DagBag from /home/airflow/.local/lib/python3.8/site-packages/airflow/example_dags/example_short_circuit_operator.py
[2024-02-03T19:03:34.140+0000] {processor.py:840} INFO - DAG(s) 'example_short_circuit_operator' retrieved from /home/airflow/.local/lib/python3.8/site-packages/airflow/example_dags/example_short_circuit_operator.py
[2024-02-03T19:03:34.152+0000] {logging_mixin.py:188} INFO - [2024-02-03T19:03:34.152+0000] {dag.py:3036} INFO - Sync 1 DAGs
[2024-02-03T19:03:34.162+0000] {logging_mixin.py:188} INFO - [2024-02-03T19:03:34.162+0000] {dag.py:3823} INFO - Setting next_dagrun for example_short_circuit_operator to 2024-02-02 00:00:00+00:00, run_after=2024-02-03 00:00:00+00:00
[2024-02-03T19:03:34.170+0000] {processor.py:183} INFO - Processing /home/airflow/.local/lib/python3.8/site-packages/airflow/example_dags/example_short_circuit_operator.py took 0.038 seconds
[2024-02-03T19:04:04.913+0000] {processor.py:161} INFO - Started process (PID=5213) to work on /home/airflow/.local/lib/python3.8/site-packages/airflow/example_dags/example_short_circuit_operator.py
[2024-02-03T19:04:04.913+0000] {processor.py:830} INFO - Processing file /home/airflow/.local/lib/python3.8/site-packages/airflow/example_dags/example_short_circuit_operator.py for tasks to queue
[2024-02-03T19:04:04.914+0000] {logging_mixin.py:188} INFO - [2024-02-03T19:04:04.914+0000] {dagbag.py:538} INFO - Filling up the DagBag from /home/airflow/.local/lib/python3.8/site-packages/airflow/example_dags/example_short_circuit_operator.py
[2024-02-03T19:04:04.919+0000] {processor.py:840} INFO - DAG(s) 'example_short_circuit_operator' retrieved from /home/airflow/.local/lib/python3.8/site-packages/airflow/example_dags/example_short_circuit_operator.py
[2024-02-03T19:04:04.931+0000] {logging_mixin.py:188} INFO - [2024-02-03T19:04:04.931+0000] {dag.py:3036} INFO - Sync 1 DAGs
[2024-02-03T19:04:04.941+0000] {logging_mixin.py:188} INFO - [2024-02-03T19:04:04.941+0000] {dag.py:3823} INFO - Setting next_dagrun for example_short_circuit_operator to 2024-02-02 00:00:00+00:00, run_after=2024-02-03 00:00:00+00:00
[2024-02-03T19:04:04.948+0000] {processor.py:183} INFO - Processing /home/airflow/.local/lib/python3.8/site-packages/airflow/example_dags/example_short_circuit_operator.py took 0.038 seconds
[2024-02-03T19:04:35.791+0000] {processor.py:161} INFO - Started process (PID=5458) to work on /home/airflow/.local/lib/python3.8/site-packages/airflow/example_dags/example_short_circuit_operator.py
[2024-02-03T19:04:35.792+0000] {processor.py:830} INFO - Processing file /home/airflow/.local/lib/python3.8/site-packages/airflow/example_dags/example_short_circuit_operator.py for tasks to queue
[2024-02-03T19:04:35.793+0000] {logging_mixin.py:188} INFO - [2024-02-03T19:04:35.792+0000] {dagbag.py:538} INFO - Filling up the DagBag from /home/airflow/.local/lib/python3.8/site-packages/airflow/example_dags/example_short_circuit_operator.py
[2024-02-03T19:04:35.798+0000] {processor.py:840} INFO - DAG(s) 'example_short_circuit_operator' retrieved from /home/airflow/.local/lib/python3.8/site-packages/airflow/example_dags/example_short_circuit_operator.py
[2024-02-03T19:04:35.812+0000] {logging_mixin.py:188} INFO - [2024-02-03T19:04:35.812+0000] {dag.py:3036} INFO - Sync 1 DAGs
[2024-02-03T19:04:35.825+0000] {logging_mixin.py:188} INFO - [2024-02-03T19:04:35.825+0000] {dag.py:3823} INFO - Setting next_dagrun for example_short_circuit_operator to 2024-02-02 00:00:00+00:00, run_after=2024-02-03 00:00:00+00:00
[2024-02-03T19:04:35.834+0000] {processor.py:183} INFO - Processing /home/airflow/.local/lib/python3.8/site-packages/airflow/example_dags/example_short_circuit_operator.py took 0.045 seconds
[2024-02-03T19:05:05.856+0000] {processor.py:161} INFO - Started process (PID=5705) to work on /home/airflow/.local/lib/python3.8/site-packages/airflow/example_dags/example_short_circuit_operator.py
[2024-02-03T19:05:05.857+0000] {processor.py:830} INFO - Processing file /home/airflow/.local/lib/python3.8/site-packages/airflow/example_dags/example_short_circuit_operator.py for tasks to queue
[2024-02-03T19:05:05.857+0000] {logging_mixin.py:188} INFO - [2024-02-03T19:05:05.857+0000] {dagbag.py:538} INFO - Filling up the DagBag from /home/airflow/.local/lib/python3.8/site-packages/airflow/example_dags/example_short_circuit_operator.py
[2024-02-03T19:05:05.862+0000] {processor.py:840} INFO - DAG(s) 'example_short_circuit_operator' retrieved from /home/airflow/.local/lib/python3.8/site-packages/airflow/example_dags/example_short_circuit_operator.py
[2024-02-03T19:05:05.875+0000] {logging_mixin.py:188} INFO - [2024-02-03T19:05:05.875+0000] {dag.py:3036} INFO - Sync 1 DAGs
[2024-02-03T19:05:05.886+0000] {logging_mixin.py:188} INFO - [2024-02-03T19:05:05.886+0000] {dag.py:3823} INFO - Setting next_dagrun for example_short_circuit_operator to 2024-02-02 00:00:00+00:00, run_after=2024-02-03 00:00:00+00:00
[2024-02-03T19:05:05.895+0000] {processor.py:183} INFO - Processing /home/airflow/.local/lib/python3.8/site-packages/airflow/example_dags/example_short_circuit_operator.py took 0.042 seconds
[2024-02-03T19:05:35.981+0000] {processor.py:161} INFO - Started process (PID=5951) to work on /home/airflow/.local/lib/python3.8/site-packages/airflow/example_dags/example_short_circuit_operator.py
[2024-02-03T19:05:35.982+0000] {processor.py:830} INFO - Processing file /home/airflow/.local/lib/python3.8/site-packages/airflow/example_dags/example_short_circuit_operator.py for tasks to queue
[2024-02-03T19:05:35.983+0000] {logging_mixin.py:188} INFO - [2024-02-03T19:05:35.982+0000] {dagbag.py:538} INFO - Filling up the DagBag from /home/airflow/.local/lib/python3.8/site-packages/airflow/example_dags/example_short_circuit_operator.py
[2024-02-03T19:05:35.988+0000] {processor.py:840} INFO - DAG(s) 'example_short_circuit_operator' retrieved from /home/airflow/.local/lib/python3.8/site-packages/airflow/example_dags/example_short_circuit_operator.py
[2024-02-03T19:05:35.995+0000] {logging_mixin.py:188} INFO - [2024-02-03T19:05:35.995+0000] {dag.py:3036} INFO - Sync 1 DAGs
[2024-02-03T19:05:36.012+0000] {logging_mixin.py:188} INFO - [2024-02-03T19:05:36.012+0000] {dag.py:3823} INFO - Setting next_dagrun for example_short_circuit_operator to 2024-02-02 00:00:00+00:00, run_after=2024-02-03 00:00:00+00:00
[2024-02-03T19:05:36.028+0000] {processor.py:183} INFO - Processing /home/airflow/.local/lib/python3.8/site-packages/airflow/example_dags/example_short_circuit_operator.py took 0.049 seconds
[2024-02-03T19:06:07.111+0000] {processor.py:161} INFO - Started process (PID=6198) to work on /home/airflow/.local/lib/python3.8/site-packages/airflow/example_dags/example_short_circuit_operator.py
[2024-02-03T19:06:07.111+0000] {processor.py:830} INFO - Processing file /home/airflow/.local/lib/python3.8/site-packages/airflow/example_dags/example_short_circuit_operator.py for tasks to queue
[2024-02-03T19:06:07.112+0000] {logging_mixin.py:188} INFO - [2024-02-03T19:06:07.112+0000] {dagbag.py:538} INFO - Filling up the DagBag from /home/airflow/.local/lib/python3.8/site-packages/airflow/example_dags/example_short_circuit_operator.py
[2024-02-03T19:06:07.117+0000] {processor.py:840} INFO - DAG(s) 'example_short_circuit_operator' retrieved from /home/airflow/.local/lib/python3.8/site-packages/airflow/example_dags/example_short_circuit_operator.py
[2024-02-03T19:06:07.168+0000] {logging_mixin.py:188} INFO - [2024-02-03T19:06:07.168+0000] {dag.py:3036} INFO - Sync 1 DAGs
[2024-02-03T19:06:07.178+0000] {logging_mixin.py:188} INFO - [2024-02-03T19:06:07.178+0000] {dag.py:3823} INFO - Setting next_dagrun for example_short_circuit_operator to 2024-02-02 00:00:00+00:00, run_after=2024-02-03 00:00:00+00:00
[2024-02-03T19:06:07.187+0000] {processor.py:183} INFO - Processing /home/airflow/.local/lib/python3.8/site-packages/airflow/example_dags/example_short_circuit_operator.py took 0.079 seconds
[2024-02-03T19:06:37.259+0000] {processor.py:161} INFO - Started process (PID=6445) to work on /home/airflow/.local/lib/python3.8/site-packages/airflow/example_dags/example_short_circuit_operator.py
[2024-02-03T19:06:37.260+0000] {processor.py:830} INFO - Processing file /home/airflow/.local/lib/python3.8/site-packages/airflow/example_dags/example_short_circuit_operator.py for tasks to queue
[2024-02-03T19:06:37.260+0000] {logging_mixin.py:188} INFO - [2024-02-03T19:06:37.260+0000] {dagbag.py:538} INFO - Filling up the DagBag from /home/airflow/.local/lib/python3.8/site-packages/airflow/example_dags/example_short_circuit_operator.py
[2024-02-03T19:06:37.265+0000] {processor.py:840} INFO - DAG(s) 'example_short_circuit_operator' retrieved from /home/airflow/.local/lib/python3.8/site-packages/airflow/example_dags/example_short_circuit_operator.py
[2024-02-03T19:06:37.278+0000] {logging_mixin.py:188} INFO - [2024-02-03T19:06:37.278+0000] {dag.py:3036} INFO - Sync 1 DAGs
[2024-02-03T19:06:37.290+0000] {logging_mixin.py:188} INFO - [2024-02-03T19:06:37.290+0000] {dag.py:3823} INFO - Setting next_dagrun for example_short_circuit_operator to 2024-02-02 00:00:00+00:00, run_after=2024-02-03 00:00:00+00:00
[2024-02-03T19:06:37.299+0000] {processor.py:183} INFO - Processing /home/airflow/.local/lib/python3.8/site-packages/airflow/example_dags/example_short_circuit_operator.py took 0.042 seconds
[2024-02-03T19:07:07.383+0000] {processor.py:161} INFO - Started process (PID=6694) to work on /home/airflow/.local/lib/python3.8/site-packages/airflow/example_dags/example_short_circuit_operator.py
[2024-02-03T19:07:07.383+0000] {processor.py:830} INFO - Processing file /home/airflow/.local/lib/python3.8/site-packages/airflow/example_dags/example_short_circuit_operator.py for tasks to queue
[2024-02-03T19:07:07.384+0000] {logging_mixin.py:188} INFO - [2024-02-03T19:07:07.384+0000] {dagbag.py:538} INFO - Filling up the DagBag from /home/airflow/.local/lib/python3.8/site-packages/airflow/example_dags/example_short_circuit_operator.py
[2024-02-03T19:07:07.389+0000] {processor.py:840} INFO - DAG(s) 'example_short_circuit_operator' retrieved from /home/airflow/.local/lib/python3.8/site-packages/airflow/example_dags/example_short_circuit_operator.py
[2024-02-03T19:07:07.401+0000] {logging_mixin.py:188} INFO - [2024-02-03T19:07:07.401+0000] {dag.py:3036} INFO - Sync 1 DAGs
[2024-02-03T19:07:07.411+0000] {logging_mixin.py:188} INFO - [2024-02-03T19:07:07.410+0000] {dag.py:3823} INFO - Setting next_dagrun for example_short_circuit_operator to 2024-02-02 00:00:00+00:00, run_after=2024-02-03 00:00:00+00:00
[2024-02-03T19:07:07.419+0000] {processor.py:183} INFO - Processing /home/airflow/.local/lib/python3.8/site-packages/airflow/example_dags/example_short_circuit_operator.py took 0.038 seconds
[2024-02-03T19:07:37.493+0000] {processor.py:161} INFO - Started process (PID=6941) to work on /home/airflow/.local/lib/python3.8/site-packages/airflow/example_dags/example_short_circuit_operator.py
[2024-02-03T19:07:37.494+0000] {processor.py:830} INFO - Processing file /home/airflow/.local/lib/python3.8/site-packages/airflow/example_dags/example_short_circuit_operator.py for tasks to queue
[2024-02-03T19:07:37.495+0000] {logging_mixin.py:188} INFO - [2024-02-03T19:07:37.494+0000] {dagbag.py:538} INFO - Filling up the DagBag from /home/airflow/.local/lib/python3.8/site-packages/airflow/example_dags/example_short_circuit_operator.py
[2024-02-03T19:07:37.499+0000] {processor.py:840} INFO - DAG(s) 'example_short_circuit_operator' retrieved from /home/airflow/.local/lib/python3.8/site-packages/airflow/example_dags/example_short_circuit_operator.py
[2024-02-03T19:07:37.511+0000] {logging_mixin.py:188} INFO - [2024-02-03T19:07:37.511+0000] {dag.py:3036} INFO - Sync 1 DAGs
[2024-02-03T19:07:37.522+0000] {logging_mixin.py:188} INFO - [2024-02-03T19:07:37.521+0000] {dag.py:3823} INFO - Setting next_dagrun for example_short_circuit_operator to 2024-02-02 00:00:00+00:00, run_after=2024-02-03 00:00:00+00:00
[2024-02-03T19:07:37.530+0000] {processor.py:183} INFO - Processing /home/airflow/.local/lib/python3.8/site-packages/airflow/example_dags/example_short_circuit_operator.py took 0.038 seconds
[2024-02-03T19:08:07.766+0000] {processor.py:161} INFO - Started process (PID=7186) to work on /home/airflow/.local/lib/python3.8/site-packages/airflow/example_dags/example_short_circuit_operator.py
[2024-02-03T19:08:07.767+0000] {processor.py:830} INFO - Processing file /home/airflow/.local/lib/python3.8/site-packages/airflow/example_dags/example_short_circuit_operator.py for tasks to queue
[2024-02-03T19:08:07.767+0000] {logging_mixin.py:188} INFO - [2024-02-03T19:08:07.767+0000] {dagbag.py:538} INFO - Filling up the DagBag from /home/airflow/.local/lib/python3.8/site-packages/airflow/example_dags/example_short_circuit_operator.py
[2024-02-03T19:08:07.772+0000] {processor.py:840} INFO - DAG(s) 'example_short_circuit_operator' retrieved from /home/airflow/.local/lib/python3.8/site-packages/airflow/example_dags/example_short_circuit_operator.py
[2024-02-03T19:08:07.787+0000] {logging_mixin.py:188} INFO - [2024-02-03T19:08:07.787+0000] {dag.py:3036} INFO - Sync 1 DAGs
[2024-02-03T19:08:07.800+0000] {logging_mixin.py:188} INFO - [2024-02-03T19:08:07.800+0000] {dag.py:3823} INFO - Setting next_dagrun for example_short_circuit_operator to 2024-02-02 00:00:00+00:00, run_after=2024-02-03 00:00:00+00:00
[2024-02-03T19:08:07.810+0000] {processor.py:183} INFO - Processing /home/airflow/.local/lib/python3.8/site-packages/airflow/example_dags/example_short_circuit_operator.py took 0.047 seconds
[2024-02-03T19:08:37.885+0000] {processor.py:161} INFO - Started process (PID=7433) to work on /home/airflow/.local/lib/python3.8/site-packages/airflow/example_dags/example_short_circuit_operator.py
[2024-02-03T19:08:37.885+0000] {processor.py:830} INFO - Processing file /home/airflow/.local/lib/python3.8/site-packages/airflow/example_dags/example_short_circuit_operator.py for tasks to queue
[2024-02-03T19:08:37.886+0000] {logging_mixin.py:188} INFO - [2024-02-03T19:08:37.886+0000] {dagbag.py:538} INFO - Filling up the DagBag from /home/airflow/.local/lib/python3.8/site-packages/airflow/example_dags/example_short_circuit_operator.py
[2024-02-03T19:08:37.892+0000] {processor.py:840} INFO - DAG(s) 'example_short_circuit_operator' retrieved from /home/airflow/.local/lib/python3.8/site-packages/airflow/example_dags/example_short_circuit_operator.py
[2024-02-03T19:08:37.907+0000] {logging_mixin.py:188} INFO - [2024-02-03T19:08:37.907+0000] {dag.py:3036} INFO - Sync 1 DAGs
[2024-02-03T19:08:37.921+0000] {logging_mixin.py:188} INFO - [2024-02-03T19:08:37.921+0000] {dag.py:3823} INFO - Setting next_dagrun for example_short_circuit_operator to 2024-02-02 00:00:00+00:00, run_after=2024-02-03 00:00:00+00:00
[2024-02-03T19:08:37.934+0000] {processor.py:183} INFO - Processing /home/airflow/.local/lib/python3.8/site-packages/airflow/example_dags/example_short_circuit_operator.py took 0.051 seconds
[2024-02-03T19:09:08.896+0000] {processor.py:161} INFO - Started process (PID=7680) to work on /home/airflow/.local/lib/python3.8/site-packages/airflow/example_dags/example_short_circuit_operator.py
[2024-02-03T19:09:08.897+0000] {processor.py:830} INFO - Processing file /home/airflow/.local/lib/python3.8/site-packages/airflow/example_dags/example_short_circuit_operator.py for tasks to queue
[2024-02-03T19:09:08.898+0000] {logging_mixin.py:188} INFO - [2024-02-03T19:09:08.898+0000] {dagbag.py:538} INFO - Filling up the DagBag from /home/airflow/.local/lib/python3.8/site-packages/airflow/example_dags/example_short_circuit_operator.py
[2024-02-03T19:09:08.903+0000] {processor.py:840} INFO - DAG(s) 'example_short_circuit_operator' retrieved from /home/airflow/.local/lib/python3.8/site-packages/airflow/example_dags/example_short_circuit_operator.py
[2024-02-03T19:09:08.915+0000] {logging_mixin.py:188} INFO - [2024-02-03T19:09:08.915+0000] {dag.py:3036} INFO - Sync 1 DAGs
[2024-02-03T19:09:08.927+0000] {logging_mixin.py:188} INFO - [2024-02-03T19:09:08.927+0000] {dag.py:3823} INFO - Setting next_dagrun for example_short_circuit_operator to 2024-02-02 00:00:00+00:00, run_after=2024-02-03 00:00:00+00:00
[2024-02-03T19:09:08.937+0000] {processor.py:183} INFO - Processing /home/airflow/.local/lib/python3.8/site-packages/airflow/example_dags/example_short_circuit_operator.py took 0.042 seconds
[2024-02-03T19:09:39.716+0000] {processor.py:161} INFO - Started process (PID=7927) to work on /home/airflow/.local/lib/python3.8/site-packages/airflow/example_dags/example_short_circuit_operator.py
[2024-02-03T19:09:39.716+0000] {processor.py:830} INFO - Processing file /home/airflow/.local/lib/python3.8/site-packages/airflow/example_dags/example_short_circuit_operator.py for tasks to queue
[2024-02-03T19:09:39.717+0000] {logging_mixin.py:188} INFO - [2024-02-03T19:09:39.717+0000] {dagbag.py:538} INFO - Filling up the DagBag from /home/airflow/.local/lib/python3.8/site-packages/airflow/example_dags/example_short_circuit_operator.py
[2024-02-03T19:09:39.722+0000] {processor.py:840} INFO - DAG(s) 'example_short_circuit_operator' retrieved from /home/airflow/.local/lib/python3.8/site-packages/airflow/example_dags/example_short_circuit_operator.py
[2024-02-03T19:09:39.735+0000] {logging_mixin.py:188} INFO - [2024-02-03T19:09:39.735+0000] {dag.py:3036} INFO - Sync 1 DAGs
[2024-02-03T19:09:39.747+0000] {logging_mixin.py:188} INFO - [2024-02-03T19:09:39.747+0000] {dag.py:3823} INFO - Setting next_dagrun for example_short_circuit_operator to 2024-02-02 00:00:00+00:00, run_after=2024-02-03 00:00:00+00:00
[2024-02-03T19:09:39.756+0000] {processor.py:183} INFO - Processing /home/airflow/.local/lib/python3.8/site-packages/airflow/example_dags/example_short_circuit_operator.py took 0.043 seconds
[2024-02-03T19:10:09.935+0000] {processor.py:161} INFO - Started process (PID=8174) to work on /home/airflow/.local/lib/python3.8/site-packages/airflow/example_dags/example_short_circuit_operator.py
[2024-02-03T19:10:09.935+0000] {processor.py:830} INFO - Processing file /home/airflow/.local/lib/python3.8/site-packages/airflow/example_dags/example_short_circuit_operator.py for tasks to queue
[2024-02-03T19:10:09.936+0000] {logging_mixin.py:188} INFO - [2024-02-03T19:10:09.936+0000] {dagbag.py:538} INFO - Filling up the DagBag from /home/airflow/.local/lib/python3.8/site-packages/airflow/example_dags/example_short_circuit_operator.py
[2024-02-03T19:10:09.941+0000] {processor.py:840} INFO - DAG(s) 'example_short_circuit_operator' retrieved from /home/airflow/.local/lib/python3.8/site-packages/airflow/example_dags/example_short_circuit_operator.py
[2024-02-03T19:10:09.954+0000] {logging_mixin.py:188} INFO - [2024-02-03T19:10:09.953+0000] {dag.py:3036} INFO - Sync 1 DAGs
[2024-02-03T19:10:09.965+0000] {logging_mixin.py:188} INFO - [2024-02-03T19:10:09.965+0000] {dag.py:3823} INFO - Setting next_dagrun for example_short_circuit_operator to 2024-02-02 00:00:00+00:00, run_after=2024-02-03 00:00:00+00:00
[2024-02-03T19:10:09.975+0000] {processor.py:183} INFO - Processing /home/airflow/.local/lib/python3.8/site-packages/airflow/example_dags/example_short_circuit_operator.py took 0.042 seconds
