[2024-02-03T18:53:52.852+0000] {processor.py:161} INFO - Started process (PID=311) to work on /home/airflow/.local/lib/python3.8/site-packages/airflow/example_dags/example_trigger_target_dag.py
[2024-02-03T18:53:52.852+0000] {processor.py:830} INFO - Processing file /home/airflow/.local/lib/python3.8/site-packages/airflow/example_dags/example_trigger_target_dag.py for tasks to queue
[2024-02-03T18:53:52.853+0000] {logging_mixin.py:188} INFO - [2024-02-03T18:53:52.853+0000] {dagbag.py:538} INFO - Filling up the DagBag from /home/airflow/.local/lib/python3.8/site-packages/airflow/example_dags/example_trigger_target_dag.py
[2024-02-03T18:53:52.858+0000] {processor.py:840} INFO - DAG(s) 'example_trigger_target_dag' retrieved from /home/airflow/.local/lib/python3.8/site-packages/airflow/example_dags/example_trigger_target_dag.py
[2024-02-03T18:53:52.868+0000] {logging_mixin.py:188} INFO - [2024-02-03T18:53:52.868+0000] {dag.py:3036} INFO - Sync 1 DAGs
[2024-02-03T18:53:52.878+0000] {logging_mixin.py:188} INFO - [2024-02-03T18:53:52.878+0000] {dag.py:3823} INFO - Setting next_dagrun for example_trigger_target_dag to None, run_after=None
[2024-02-03T18:53:52.893+0000] {processor.py:183} INFO - Processing /home/airflow/.local/lib/python3.8/site-packages/airflow/example_dags/example_trigger_target_dag.py took 0.045 seconds
[2024-02-03T18:54:23.707+0000] {processor.py:161} INFO - Started process (PID=558) to work on /home/airflow/.local/lib/python3.8/site-packages/airflow/example_dags/example_trigger_target_dag.py
[2024-02-03T18:54:23.708+0000] {processor.py:830} INFO - Processing file /home/airflow/.local/lib/python3.8/site-packages/airflow/example_dags/example_trigger_target_dag.py for tasks to queue
[2024-02-03T18:54:23.709+0000] {logging_mixin.py:188} INFO - [2024-02-03T18:54:23.708+0000] {dagbag.py:538} INFO - Filling up the DagBag from /home/airflow/.local/lib/python3.8/site-packages/airflow/example_dags/example_trigger_target_dag.py
[2024-02-03T18:54:23.712+0000] {processor.py:840} INFO - DAG(s) 'example_trigger_target_dag' retrieved from /home/airflow/.local/lib/python3.8/site-packages/airflow/example_dags/example_trigger_target_dag.py
[2024-02-03T18:54:23.765+0000] {logging_mixin.py:188} INFO - [2024-02-03T18:54:23.765+0000] {dag.py:3036} INFO - Sync 1 DAGs
[2024-02-03T18:54:23.771+0000] {logging_mixin.py:188} INFO - [2024-02-03T18:54:23.771+0000] {dag.py:3823} INFO - Setting next_dagrun for example_trigger_target_dag to None, run_after=None
[2024-02-03T18:54:23.783+0000] {processor.py:183} INFO - Processing /home/airflow/.local/lib/python3.8/site-packages/airflow/example_dags/example_trigger_target_dag.py took 0.078 seconds
[2024-02-03T18:54:53.868+0000] {processor.py:161} INFO - Started process (PID=807) to work on /home/airflow/.local/lib/python3.8/site-packages/airflow/example_dags/example_trigger_target_dag.py
[2024-02-03T18:54:53.868+0000] {processor.py:830} INFO - Processing file /home/airflow/.local/lib/python3.8/site-packages/airflow/example_dags/example_trigger_target_dag.py for tasks to queue
[2024-02-03T18:54:53.869+0000] {logging_mixin.py:188} INFO - [2024-02-03T18:54:53.869+0000] {dagbag.py:538} INFO - Filling up the DagBag from /home/airflow/.local/lib/python3.8/site-packages/airflow/example_dags/example_trigger_target_dag.py
[2024-02-03T18:54:53.872+0000] {processor.py:840} INFO - DAG(s) 'example_trigger_target_dag' retrieved from /home/airflow/.local/lib/python3.8/site-packages/airflow/example_dags/example_trigger_target_dag.py
[2024-02-03T18:54:53.884+0000] {logging_mixin.py:188} INFO - [2024-02-03T18:54:53.884+0000] {dag.py:3036} INFO - Sync 1 DAGs
[2024-02-03T18:54:53.890+0000] {logging_mixin.py:188} INFO - [2024-02-03T18:54:53.890+0000] {dag.py:3823} INFO - Setting next_dagrun for example_trigger_target_dag to None, run_after=None
[2024-02-03T18:54:53.898+0000] {processor.py:183} INFO - Processing /home/airflow/.local/lib/python3.8/site-packages/airflow/example_dags/example_trigger_target_dag.py took 0.033 seconds
[2024-02-03T18:55:24.927+0000] {processor.py:161} INFO - Started process (PID=1052) to work on /home/airflow/.local/lib/python3.8/site-packages/airflow/example_dags/example_trigger_target_dag.py
[2024-02-03T18:55:24.928+0000] {processor.py:830} INFO - Processing file /home/airflow/.local/lib/python3.8/site-packages/airflow/example_dags/example_trigger_target_dag.py for tasks to queue
[2024-02-03T18:55:24.929+0000] {logging_mixin.py:188} INFO - [2024-02-03T18:55:24.928+0000] {dagbag.py:538} INFO - Filling up the DagBag from /home/airflow/.local/lib/python3.8/site-packages/airflow/example_dags/example_trigger_target_dag.py
[2024-02-03T18:55:24.932+0000] {processor.py:840} INFO - DAG(s) 'example_trigger_target_dag' retrieved from /home/airflow/.local/lib/python3.8/site-packages/airflow/example_dags/example_trigger_target_dag.py
[2024-02-03T18:55:24.944+0000] {logging_mixin.py:188} INFO - [2024-02-03T18:55:24.944+0000] {dag.py:3036} INFO - Sync 1 DAGs
[2024-02-03T18:55:24.950+0000] {logging_mixin.py:188} INFO - [2024-02-03T18:55:24.950+0000] {dag.py:3823} INFO - Setting next_dagrun for example_trigger_target_dag to None, run_after=None
[2024-02-03T18:55:24.959+0000] {processor.py:183} INFO - Processing /home/airflow/.local/lib/python3.8/site-packages/airflow/example_dags/example_trigger_target_dag.py took 0.033 seconds
[2024-02-03T18:55:55.684+0000] {processor.py:161} INFO - Started process (PID=1299) to work on /home/airflow/.local/lib/python3.8/site-packages/airflow/example_dags/example_trigger_target_dag.py
[2024-02-03T18:55:55.685+0000] {processor.py:830} INFO - Processing file /home/airflow/.local/lib/python3.8/site-packages/airflow/example_dags/example_trigger_target_dag.py for tasks to queue
[2024-02-03T18:55:55.685+0000] {logging_mixin.py:188} INFO - [2024-02-03T18:55:55.685+0000] {dagbag.py:538} INFO - Filling up the DagBag from /home/airflow/.local/lib/python3.8/site-packages/airflow/example_dags/example_trigger_target_dag.py
[2024-02-03T18:55:55.689+0000] {processor.py:840} INFO - DAG(s) 'example_trigger_target_dag' retrieved from /home/airflow/.local/lib/python3.8/site-packages/airflow/example_dags/example_trigger_target_dag.py
[2024-02-03T18:55:55.701+0000] {logging_mixin.py:188} INFO - [2024-02-03T18:55:55.700+0000] {dag.py:3036} INFO - Sync 1 DAGs
[2024-02-03T18:55:55.707+0000] {logging_mixin.py:188} INFO - [2024-02-03T18:55:55.707+0000] {dag.py:3823} INFO - Setting next_dagrun for example_trigger_target_dag to None, run_after=None
[2024-02-03T18:55:55.717+0000] {processor.py:183} INFO - Processing /home/airflow/.local/lib/python3.8/site-packages/airflow/example_dags/example_trigger_target_dag.py took 0.035 seconds
[2024-02-03T18:56:26.461+0000] {processor.py:161} INFO - Started process (PID=1546) to work on /home/airflow/.local/lib/python3.8/site-packages/airflow/example_dags/example_trigger_target_dag.py
[2024-02-03T18:56:26.462+0000] {processor.py:830} INFO - Processing file /home/airflow/.local/lib/python3.8/site-packages/airflow/example_dags/example_trigger_target_dag.py for tasks to queue
[2024-02-03T18:56:26.462+0000] {logging_mixin.py:188} INFO - [2024-02-03T18:56:26.462+0000] {dagbag.py:538} INFO - Filling up the DagBag from /home/airflow/.local/lib/python3.8/site-packages/airflow/example_dags/example_trigger_target_dag.py
[2024-02-03T18:56:26.466+0000] {processor.py:840} INFO - DAG(s) 'example_trigger_target_dag' retrieved from /home/airflow/.local/lib/python3.8/site-packages/airflow/example_dags/example_trigger_target_dag.py
[2024-02-03T18:56:26.477+0000] {logging_mixin.py:188} INFO - [2024-02-03T18:56:26.477+0000] {dag.py:3036} INFO - Sync 1 DAGs
[2024-02-03T18:56:26.484+0000] {logging_mixin.py:188} INFO - [2024-02-03T18:56:26.484+0000] {dag.py:3823} INFO - Setting next_dagrun for example_trigger_target_dag to None, run_after=None
[2024-02-03T18:56:26.493+0000] {processor.py:183} INFO - Processing /home/airflow/.local/lib/python3.8/site-packages/airflow/example_dags/example_trigger_target_dag.py took 0.034 seconds
[2024-02-03T18:56:57.264+0000] {processor.py:161} INFO - Started process (PID=1793) to work on /home/airflow/.local/lib/python3.8/site-packages/airflow/example_dags/example_trigger_target_dag.py
[2024-02-03T18:56:57.265+0000] {processor.py:830} INFO - Processing file /home/airflow/.local/lib/python3.8/site-packages/airflow/example_dags/example_trigger_target_dag.py for tasks to queue
[2024-02-03T18:56:57.268+0000] {logging_mixin.py:188} INFO - [2024-02-03T18:56:57.268+0000] {dagbag.py:538} INFO - Filling up the DagBag from /home/airflow/.local/lib/python3.8/site-packages/airflow/example_dags/example_trigger_target_dag.py
[2024-02-03T18:56:57.275+0000] {processor.py:840} INFO - DAG(s) 'example_trigger_target_dag' retrieved from /home/airflow/.local/lib/python3.8/site-packages/airflow/example_dags/example_trigger_target_dag.py
[2024-02-03T18:56:57.288+0000] {logging_mixin.py:188} INFO - [2024-02-03T18:56:57.287+0000] {dag.py:3036} INFO - Sync 1 DAGs
[2024-02-03T18:56:57.295+0000] {logging_mixin.py:188} INFO - [2024-02-03T18:56:57.294+0000] {dag.py:3823} INFO - Setting next_dagrun for example_trigger_target_dag to None, run_after=None
[2024-02-03T18:56:57.305+0000] {processor.py:183} INFO - Processing /home/airflow/.local/lib/python3.8/site-packages/airflow/example_dags/example_trigger_target_dag.py took 0.043 seconds
[2024-02-03T18:57:28.231+0000] {processor.py:161} INFO - Started process (PID=2040) to work on /home/airflow/.local/lib/python3.8/site-packages/airflow/example_dags/example_trigger_target_dag.py
[2024-02-03T18:57:28.231+0000] {processor.py:830} INFO - Processing file /home/airflow/.local/lib/python3.8/site-packages/airflow/example_dags/example_trigger_target_dag.py for tasks to queue
[2024-02-03T18:57:28.232+0000] {logging_mixin.py:188} INFO - [2024-02-03T18:57:28.232+0000] {dagbag.py:538} INFO - Filling up the DagBag from /home/airflow/.local/lib/python3.8/site-packages/airflow/example_dags/example_trigger_target_dag.py
[2024-02-03T18:57:28.235+0000] {processor.py:840} INFO - DAG(s) 'example_trigger_target_dag' retrieved from /home/airflow/.local/lib/python3.8/site-packages/airflow/example_dags/example_trigger_target_dag.py
[2024-02-03T18:57:28.247+0000] {logging_mixin.py:188} INFO - [2024-02-03T18:57:28.247+0000] {dag.py:3036} INFO - Sync 1 DAGs
[2024-02-03T18:57:28.253+0000] {logging_mixin.py:188} INFO - [2024-02-03T18:57:28.253+0000] {dag.py:3823} INFO - Setting next_dagrun for example_trigger_target_dag to None, run_after=None
[2024-02-03T18:57:28.262+0000] {processor.py:183} INFO - Processing /home/airflow/.local/lib/python3.8/site-packages/airflow/example_dags/example_trigger_target_dag.py took 0.034 seconds
[2024-02-03T18:57:58.938+0000] {processor.py:161} INFO - Started process (PID=2287) to work on /home/airflow/.local/lib/python3.8/site-packages/airflow/example_dags/example_trigger_target_dag.py
[2024-02-03T18:57:58.939+0000] {processor.py:830} INFO - Processing file /home/airflow/.local/lib/python3.8/site-packages/airflow/example_dags/example_trigger_target_dag.py for tasks to queue
[2024-02-03T18:57:58.939+0000] {logging_mixin.py:188} INFO - [2024-02-03T18:57:58.939+0000] {dagbag.py:538} INFO - Filling up the DagBag from /home/airflow/.local/lib/python3.8/site-packages/airflow/example_dags/example_trigger_target_dag.py
[2024-02-03T18:57:58.943+0000] {processor.py:840} INFO - DAG(s) 'example_trigger_target_dag' retrieved from /home/airflow/.local/lib/python3.8/site-packages/airflow/example_dags/example_trigger_target_dag.py
[2024-02-03T18:57:58.954+0000] {logging_mixin.py:188} INFO - [2024-02-03T18:57:58.954+0000] {dag.py:3036} INFO - Sync 1 DAGs
[2024-02-03T18:57:58.961+0000] {logging_mixin.py:188} INFO - [2024-02-03T18:57:58.961+0000] {dag.py:3823} INFO - Setting next_dagrun for example_trigger_target_dag to None, run_after=None
[2024-02-03T18:57:58.970+0000] {processor.py:183} INFO - Processing /home/airflow/.local/lib/python3.8/site-packages/airflow/example_dags/example_trigger_target_dag.py took 0.034 seconds
[2024-02-03T18:58:29.740+0000] {processor.py:161} INFO - Started process (PID=2534) to work on /home/airflow/.local/lib/python3.8/site-packages/airflow/example_dags/example_trigger_target_dag.py
[2024-02-03T18:58:29.741+0000] {processor.py:830} INFO - Processing file /home/airflow/.local/lib/python3.8/site-packages/airflow/example_dags/example_trigger_target_dag.py for tasks to queue
[2024-02-03T18:58:29.742+0000] {logging_mixin.py:188} INFO - [2024-02-03T18:58:29.742+0000] {dagbag.py:538} INFO - Filling up the DagBag from /home/airflow/.local/lib/python3.8/site-packages/airflow/example_dags/example_trigger_target_dag.py
[2024-02-03T18:58:29.745+0000] {processor.py:840} INFO - DAG(s) 'example_trigger_target_dag' retrieved from /home/airflow/.local/lib/python3.8/site-packages/airflow/example_dags/example_trigger_target_dag.py
[2024-02-03T18:58:29.757+0000] {logging_mixin.py:188} INFO - [2024-02-03T18:58:29.757+0000] {dag.py:3036} INFO - Sync 1 DAGs
[2024-02-03T18:58:29.764+0000] {logging_mixin.py:188} INFO - [2024-02-03T18:58:29.763+0000] {dag.py:3823} INFO - Setting next_dagrun for example_trigger_target_dag to None, run_after=None
[2024-02-03T18:58:29.773+0000] {processor.py:183} INFO - Processing /home/airflow/.local/lib/python3.8/site-packages/airflow/example_dags/example_trigger_target_dag.py took 0.034 seconds
[2024-02-03T18:59:00.601+0000] {processor.py:161} INFO - Started process (PID=2781) to work on /home/airflow/.local/lib/python3.8/site-packages/airflow/example_dags/example_trigger_target_dag.py
[2024-02-03T18:59:00.602+0000] {processor.py:830} INFO - Processing file /home/airflow/.local/lib/python3.8/site-packages/airflow/example_dags/example_trigger_target_dag.py for tasks to queue
[2024-02-03T18:59:00.602+0000] {logging_mixin.py:188} INFO - [2024-02-03T18:59:00.602+0000] {dagbag.py:538} INFO - Filling up the DagBag from /home/airflow/.local/lib/python3.8/site-packages/airflow/example_dags/example_trigger_target_dag.py
[2024-02-03T18:59:00.606+0000] {processor.py:840} INFO - DAG(s) 'example_trigger_target_dag' retrieved from /home/airflow/.local/lib/python3.8/site-packages/airflow/example_dags/example_trigger_target_dag.py
[2024-02-03T18:59:00.618+0000] {logging_mixin.py:188} INFO - [2024-02-03T18:59:00.618+0000] {dag.py:3036} INFO - Sync 1 DAGs
[2024-02-03T18:59:00.624+0000] {logging_mixin.py:188} INFO - [2024-02-03T18:59:00.624+0000] {dag.py:3823} INFO - Setting next_dagrun for example_trigger_target_dag to None, run_after=None
[2024-02-03T18:59:00.633+0000] {processor.py:183} INFO - Processing /home/airflow/.local/lib/python3.8/site-packages/airflow/example_dags/example_trigger_target_dag.py took 0.034 seconds
[2024-02-03T18:59:31.342+0000] {processor.py:161} INFO - Started process (PID=3028) to work on /home/airflow/.local/lib/python3.8/site-packages/airflow/example_dags/example_trigger_target_dag.py
[2024-02-03T18:59:31.343+0000] {processor.py:830} INFO - Processing file /home/airflow/.local/lib/python3.8/site-packages/airflow/example_dags/example_trigger_target_dag.py for tasks to queue
[2024-02-03T18:59:31.343+0000] {logging_mixin.py:188} INFO - [2024-02-03T18:59:31.343+0000] {dagbag.py:538} INFO - Filling up the DagBag from /home/airflow/.local/lib/python3.8/site-packages/airflow/example_dags/example_trigger_target_dag.py
[2024-02-03T18:59:31.347+0000] {processor.py:840} INFO - DAG(s) 'example_trigger_target_dag' retrieved from /home/airflow/.local/lib/python3.8/site-packages/airflow/example_dags/example_trigger_target_dag.py
[2024-02-03T18:59:31.358+0000] {logging_mixin.py:188} INFO - [2024-02-03T18:59:31.358+0000] {dag.py:3036} INFO - Sync 1 DAGs
[2024-02-03T18:59:31.365+0000] {logging_mixin.py:188} INFO - [2024-02-03T18:59:31.365+0000] {dag.py:3823} INFO - Setting next_dagrun for example_trigger_target_dag to None, run_after=None
[2024-02-03T18:59:31.374+0000] {processor.py:183} INFO - Processing /home/airflow/.local/lib/python3.8/site-packages/airflow/example_dags/example_trigger_target_dag.py took 0.034 seconds
[2024-02-03T19:00:02.140+0000] {processor.py:161} INFO - Started process (PID=3275) to work on /home/airflow/.local/lib/python3.8/site-packages/airflow/example_dags/example_trigger_target_dag.py
[2024-02-03T19:00:02.140+0000] {processor.py:830} INFO - Processing file /home/airflow/.local/lib/python3.8/site-packages/airflow/example_dags/example_trigger_target_dag.py for tasks to queue
[2024-02-03T19:00:02.141+0000] {logging_mixin.py:188} INFO - [2024-02-03T19:00:02.141+0000] {dagbag.py:538} INFO - Filling up the DagBag from /home/airflow/.local/lib/python3.8/site-packages/airflow/example_dags/example_trigger_target_dag.py
[2024-02-03T19:00:02.145+0000] {processor.py:840} INFO - DAG(s) 'example_trigger_target_dag' retrieved from /home/airflow/.local/lib/python3.8/site-packages/airflow/example_dags/example_trigger_target_dag.py
[2024-02-03T19:00:02.158+0000] {logging_mixin.py:188} INFO - [2024-02-03T19:00:02.157+0000] {dag.py:3036} INFO - Sync 1 DAGs
[2024-02-03T19:00:02.164+0000] {logging_mixin.py:188} INFO - [2024-02-03T19:00:02.164+0000] {dag.py:3823} INFO - Setting next_dagrun for example_trigger_target_dag to None, run_after=None
[2024-02-03T19:00:02.174+0000] {processor.py:183} INFO - Processing /home/airflow/.local/lib/python3.8/site-packages/airflow/example_dags/example_trigger_target_dag.py took 0.036 seconds
[2024-02-03T19:00:33.075+0000] {processor.py:161} INFO - Started process (PID=3522) to work on /home/airflow/.local/lib/python3.8/site-packages/airflow/example_dags/example_trigger_target_dag.py
[2024-02-03T19:00:33.076+0000] {processor.py:830} INFO - Processing file /home/airflow/.local/lib/python3.8/site-packages/airflow/example_dags/example_trigger_target_dag.py for tasks to queue
[2024-02-03T19:00:33.077+0000] {logging_mixin.py:188} INFO - [2024-02-03T19:00:33.077+0000] {dagbag.py:538} INFO - Filling up the DagBag from /home/airflow/.local/lib/python3.8/site-packages/airflow/example_dags/example_trigger_target_dag.py
[2024-02-03T19:00:33.081+0000] {processor.py:840} INFO - DAG(s) 'example_trigger_target_dag' retrieved from /home/airflow/.local/lib/python3.8/site-packages/airflow/example_dags/example_trigger_target_dag.py
[2024-02-03T19:00:33.094+0000] {logging_mixin.py:188} INFO - [2024-02-03T19:00:33.094+0000] {dag.py:3036} INFO - Sync 1 DAGs
[2024-02-03T19:00:33.103+0000] {logging_mixin.py:188} INFO - [2024-02-03T19:00:33.103+0000] {dag.py:3823} INFO - Setting next_dagrun for example_trigger_target_dag to None, run_after=None
[2024-02-03T19:00:33.115+0000] {processor.py:183} INFO - Processing /home/airflow/.local/lib/python3.8/site-packages/airflow/example_dags/example_trigger_target_dag.py took 0.042 seconds
[2024-02-03T19:01:03.154+0000] {processor.py:161} INFO - Started process (PID=3764) to work on /home/airflow/.local/lib/python3.8/site-packages/airflow/example_dags/example_trigger_target_dag.py
[2024-02-03T19:01:03.155+0000] {processor.py:830} INFO - Processing file /home/airflow/.local/lib/python3.8/site-packages/airflow/example_dags/example_trigger_target_dag.py for tasks to queue
[2024-02-03T19:01:03.156+0000] {logging_mixin.py:188} INFO - [2024-02-03T19:01:03.156+0000] {dagbag.py:538} INFO - Filling up the DagBag from /home/airflow/.local/lib/python3.8/site-packages/airflow/example_dags/example_trigger_target_dag.py
[2024-02-03T19:01:03.160+0000] {processor.py:840} INFO - DAG(s) 'example_trigger_target_dag' retrieved from /home/airflow/.local/lib/python3.8/site-packages/airflow/example_dags/example_trigger_target_dag.py
[2024-02-03T19:01:03.169+0000] {logging_mixin.py:188} INFO - [2024-02-03T19:01:03.169+0000] {dag.py:3036} INFO - Sync 1 DAGs
[2024-02-03T19:01:03.179+0000] {logging_mixin.py:188} INFO - [2024-02-03T19:01:03.179+0000] {dag.py:3823} INFO - Setting next_dagrun for example_trigger_target_dag to None, run_after=None
[2024-02-03T19:01:03.193+0000] {processor.py:183} INFO - Processing /home/airflow/.local/lib/python3.8/site-packages/airflow/example_dags/example_trigger_target_dag.py took 0.042 seconds
[2024-02-03T19:01:34.120+0000] {processor.py:161} INFO - Started process (PID=4016) to work on /home/airflow/.local/lib/python3.8/site-packages/airflow/example_dags/example_trigger_target_dag.py
[2024-02-03T19:01:34.120+0000] {processor.py:830} INFO - Processing file /home/airflow/.local/lib/python3.8/site-packages/airflow/example_dags/example_trigger_target_dag.py for tasks to queue
[2024-02-03T19:01:34.121+0000] {logging_mixin.py:188} INFO - [2024-02-03T19:01:34.121+0000] {dagbag.py:538} INFO - Filling up the DagBag from /home/airflow/.local/lib/python3.8/site-packages/airflow/example_dags/example_trigger_target_dag.py
[2024-02-03T19:01:34.125+0000] {processor.py:840} INFO - DAG(s) 'example_trigger_target_dag' retrieved from /home/airflow/.local/lib/python3.8/site-packages/airflow/example_dags/example_trigger_target_dag.py
[2024-02-03T19:01:34.175+0000] {logging_mixin.py:188} INFO - [2024-02-03T19:01:34.175+0000] {dag.py:3036} INFO - Sync 1 DAGs
[2024-02-03T19:01:34.180+0000] {logging_mixin.py:188} INFO - [2024-02-03T19:01:34.180+0000] {dag.py:3823} INFO - Setting next_dagrun for example_trigger_target_dag to None, run_after=None
[2024-02-03T19:01:34.188+0000] {processor.py:183} INFO - Processing /home/airflow/.local/lib/python3.8/site-packages/airflow/example_dags/example_trigger_target_dag.py took 0.071 seconds
[2024-02-03T19:02:04.328+0000] {processor.py:161} INFO - Started process (PID=4263) to work on /home/airflow/.local/lib/python3.8/site-packages/airflow/example_dags/example_trigger_target_dag.py
[2024-02-03T19:02:04.329+0000] {processor.py:830} INFO - Processing file /home/airflow/.local/lib/python3.8/site-packages/airflow/example_dags/example_trigger_target_dag.py for tasks to queue
[2024-02-03T19:02:04.329+0000] {logging_mixin.py:188} INFO - [2024-02-03T19:02:04.329+0000] {dagbag.py:538} INFO - Filling up the DagBag from /home/airflow/.local/lib/python3.8/site-packages/airflow/example_dags/example_trigger_target_dag.py
[2024-02-03T19:02:04.333+0000] {processor.py:840} INFO - DAG(s) 'example_trigger_target_dag' retrieved from /home/airflow/.local/lib/python3.8/site-packages/airflow/example_dags/example_trigger_target_dag.py
[2024-02-03T19:02:04.345+0000] {logging_mixin.py:188} INFO - [2024-02-03T19:02:04.345+0000] {dag.py:3036} INFO - Sync 1 DAGs
[2024-02-03T19:02:04.351+0000] {logging_mixin.py:188} INFO - [2024-02-03T19:02:04.351+0000] {dag.py:3823} INFO - Setting next_dagrun for example_trigger_target_dag to None, run_after=None
[2024-02-03T19:02:04.360+0000] {processor.py:183} INFO - Processing /home/airflow/.local/lib/python3.8/site-packages/airflow/example_dags/example_trigger_target_dag.py took 0.034 seconds
[2024-02-03T19:02:34.421+0000] {processor.py:161} INFO - Started process (PID=4510) to work on /home/airflow/.local/lib/python3.8/site-packages/airflow/example_dags/example_trigger_target_dag.py
[2024-02-03T19:02:34.422+0000] {processor.py:830} INFO - Processing file /home/airflow/.local/lib/python3.8/site-packages/airflow/example_dags/example_trigger_target_dag.py for tasks to queue
[2024-02-03T19:02:34.423+0000] {logging_mixin.py:188} INFO - [2024-02-03T19:02:34.422+0000] {dagbag.py:538} INFO - Filling up the DagBag from /home/airflow/.local/lib/python3.8/site-packages/airflow/example_dags/example_trigger_target_dag.py
[2024-02-03T19:02:34.426+0000] {processor.py:840} INFO - DAG(s) 'example_trigger_target_dag' retrieved from /home/airflow/.local/lib/python3.8/site-packages/airflow/example_dags/example_trigger_target_dag.py
[2024-02-03T19:02:34.438+0000] {logging_mixin.py:188} INFO - [2024-02-03T19:02:34.438+0000] {dag.py:3036} INFO - Sync 1 DAGs
[2024-02-03T19:02:34.445+0000] {logging_mixin.py:188} INFO - [2024-02-03T19:02:34.445+0000] {dag.py:3823} INFO - Setting next_dagrun for example_trigger_target_dag to None, run_after=None
[2024-02-03T19:02:34.454+0000] {processor.py:183} INFO - Processing /home/airflow/.local/lib/python3.8/site-packages/airflow/example_dags/example_trigger_target_dag.py took 0.035 seconds
[2024-02-03T19:03:04.674+0000] {processor.py:161} INFO - Started process (PID=4757) to work on /home/airflow/.local/lib/python3.8/site-packages/airflow/example_dags/example_trigger_target_dag.py
[2024-02-03T19:03:04.675+0000] {processor.py:830} INFO - Processing file /home/airflow/.local/lib/python3.8/site-packages/airflow/example_dags/example_trigger_target_dag.py for tasks to queue
[2024-02-03T19:03:04.676+0000] {logging_mixin.py:188} INFO - [2024-02-03T19:03:04.675+0000] {dagbag.py:538} INFO - Filling up the DagBag from /home/airflow/.local/lib/python3.8/site-packages/airflow/example_dags/example_trigger_target_dag.py
[2024-02-03T19:03:04.680+0000] {processor.py:840} INFO - DAG(s) 'example_trigger_target_dag' retrieved from /home/airflow/.local/lib/python3.8/site-packages/airflow/example_dags/example_trigger_target_dag.py
[2024-02-03T19:03:04.692+0000] {logging_mixin.py:188} INFO - [2024-02-03T19:03:04.692+0000] {dag.py:3036} INFO - Sync 1 DAGs
[2024-02-03T19:03:04.700+0000] {logging_mixin.py:188} INFO - [2024-02-03T19:03:04.700+0000] {dag.py:3823} INFO - Setting next_dagrun for example_trigger_target_dag to None, run_after=None
[2024-02-03T19:03:04.715+0000] {processor.py:183} INFO - Processing /home/airflow/.local/lib/python3.8/site-packages/airflow/example_dags/example_trigger_target_dag.py took 0.042 seconds
[2024-02-03T19:03:35.456+0000] {processor.py:161} INFO - Started process (PID=5004) to work on /home/airflow/.local/lib/python3.8/site-packages/airflow/example_dags/example_trigger_target_dag.py
[2024-02-03T19:03:35.457+0000] {processor.py:830} INFO - Processing file /home/airflow/.local/lib/python3.8/site-packages/airflow/example_dags/example_trigger_target_dag.py for tasks to queue
[2024-02-03T19:03:35.457+0000] {logging_mixin.py:188} INFO - [2024-02-03T19:03:35.457+0000] {dagbag.py:538} INFO - Filling up the DagBag from /home/airflow/.local/lib/python3.8/site-packages/airflow/example_dags/example_trigger_target_dag.py
[2024-02-03T19:03:35.461+0000] {processor.py:840} INFO - DAG(s) 'example_trigger_target_dag' retrieved from /home/airflow/.local/lib/python3.8/site-packages/airflow/example_dags/example_trigger_target_dag.py
[2024-02-03T19:03:35.473+0000] {logging_mixin.py:188} INFO - [2024-02-03T19:03:35.473+0000] {dag.py:3036} INFO - Sync 1 DAGs
[2024-02-03T19:03:35.479+0000] {logging_mixin.py:188} INFO - [2024-02-03T19:03:35.479+0000] {dag.py:3823} INFO - Setting next_dagrun for example_trigger_target_dag to None, run_after=None
[2024-02-03T19:03:35.488+0000] {processor.py:183} INFO - Processing /home/airflow/.local/lib/python3.8/site-packages/airflow/example_dags/example_trigger_target_dag.py took 0.034 seconds
[2024-02-03T19:04:06.228+0000] {processor.py:161} INFO - Started process (PID=5251) to work on /home/airflow/.local/lib/python3.8/site-packages/airflow/example_dags/example_trigger_target_dag.py
[2024-02-03T19:04:06.229+0000] {processor.py:830} INFO - Processing file /home/airflow/.local/lib/python3.8/site-packages/airflow/example_dags/example_trigger_target_dag.py for tasks to queue
[2024-02-03T19:04:06.229+0000] {logging_mixin.py:188} INFO - [2024-02-03T19:04:06.229+0000] {dagbag.py:538} INFO - Filling up the DagBag from /home/airflow/.local/lib/python3.8/site-packages/airflow/example_dags/example_trigger_target_dag.py
[2024-02-03T19:04:06.233+0000] {processor.py:840} INFO - DAG(s) 'example_trigger_target_dag' retrieved from /home/airflow/.local/lib/python3.8/site-packages/airflow/example_dags/example_trigger_target_dag.py
[2024-02-03T19:04:06.245+0000] {logging_mixin.py:188} INFO - [2024-02-03T19:04:06.244+0000] {dag.py:3036} INFO - Sync 1 DAGs
[2024-02-03T19:04:06.251+0000] {logging_mixin.py:188} INFO - [2024-02-03T19:04:06.251+0000] {dag.py:3823} INFO - Setting next_dagrun for example_trigger_target_dag to None, run_after=None
[2024-02-03T19:04:06.260+0000] {processor.py:183} INFO - Processing /home/airflow/.local/lib/python3.8/site-packages/airflow/example_dags/example_trigger_target_dag.py took 0.034 seconds
[2024-02-03T19:04:37.071+0000] {processor.py:161} INFO - Started process (PID=5498) to work on /home/airflow/.local/lib/python3.8/site-packages/airflow/example_dags/example_trigger_target_dag.py
[2024-02-03T19:04:37.071+0000] {processor.py:830} INFO - Processing file /home/airflow/.local/lib/python3.8/site-packages/airflow/example_dags/example_trigger_target_dag.py for tasks to queue
[2024-02-03T19:04:37.072+0000] {logging_mixin.py:188} INFO - [2024-02-03T19:04:37.072+0000] {dagbag.py:538} INFO - Filling up the DagBag from /home/airflow/.local/lib/python3.8/site-packages/airflow/example_dags/example_trigger_target_dag.py
[2024-02-03T19:04:37.076+0000] {processor.py:840} INFO - DAG(s) 'example_trigger_target_dag' retrieved from /home/airflow/.local/lib/python3.8/site-packages/airflow/example_dags/example_trigger_target_dag.py
[2024-02-03T19:04:37.088+0000] {logging_mixin.py:188} INFO - [2024-02-03T19:04:37.087+0000] {dag.py:3036} INFO - Sync 1 DAGs
[2024-02-03T19:04:37.094+0000] {logging_mixin.py:188} INFO - [2024-02-03T19:04:37.094+0000] {dag.py:3823} INFO - Setting next_dagrun for example_trigger_target_dag to None, run_after=None
[2024-02-03T19:04:37.103+0000] {processor.py:183} INFO - Processing /home/airflow/.local/lib/python3.8/site-packages/airflow/example_dags/example_trigger_target_dag.py took 0.034 seconds
[2024-02-03T19:05:07.184+0000] {processor.py:161} INFO - Started process (PID=5745) to work on /home/airflow/.local/lib/python3.8/site-packages/airflow/example_dags/example_trigger_target_dag.py
[2024-02-03T19:05:07.185+0000] {processor.py:830} INFO - Processing file /home/airflow/.local/lib/python3.8/site-packages/airflow/example_dags/example_trigger_target_dag.py for tasks to queue
[2024-02-03T19:05:07.185+0000] {logging_mixin.py:188} INFO - [2024-02-03T19:05:07.185+0000] {dagbag.py:538} INFO - Filling up the DagBag from /home/airflow/.local/lib/python3.8/site-packages/airflow/example_dags/example_trigger_target_dag.py
[2024-02-03T19:05:07.189+0000] {processor.py:840} INFO - DAG(s) 'example_trigger_target_dag' retrieved from /home/airflow/.local/lib/python3.8/site-packages/airflow/example_dags/example_trigger_target_dag.py
[2024-02-03T19:05:07.202+0000] {logging_mixin.py:188} INFO - [2024-02-03T19:05:07.202+0000] {dag.py:3036} INFO - Sync 1 DAGs
[2024-02-03T19:05:07.209+0000] {logging_mixin.py:188} INFO - [2024-02-03T19:05:07.208+0000] {dag.py:3823} INFO - Setting next_dagrun for example_trigger_target_dag to None, run_after=None
[2024-02-03T19:05:07.218+0000] {processor.py:183} INFO - Processing /home/airflow/.local/lib/python3.8/site-packages/airflow/example_dags/example_trigger_target_dag.py took 0.037 seconds
[2024-02-03T19:05:37.240+0000] {processor.py:161} INFO - Started process (PID=5988) to work on /home/airflow/.local/lib/python3.8/site-packages/airflow/example_dags/example_trigger_target_dag.py
[2024-02-03T19:05:37.240+0000] {processor.py:830} INFO - Processing file /home/airflow/.local/lib/python3.8/site-packages/airflow/example_dags/example_trigger_target_dag.py for tasks to queue
[2024-02-03T19:05:37.241+0000] {logging_mixin.py:188} INFO - [2024-02-03T19:05:37.241+0000] {dagbag.py:538} INFO - Filling up the DagBag from /home/airflow/.local/lib/python3.8/site-packages/airflow/example_dags/example_trigger_target_dag.py
[2024-02-03T19:05:37.245+0000] {processor.py:840} INFO - DAG(s) 'example_trigger_target_dag' retrieved from /home/airflow/.local/lib/python3.8/site-packages/airflow/example_dags/example_trigger_target_dag.py
[2024-02-03T19:05:37.252+0000] {logging_mixin.py:188} INFO - [2024-02-03T19:05:37.251+0000] {dag.py:3036} INFO - Sync 1 DAGs
[2024-02-03T19:05:37.259+0000] {logging_mixin.py:188} INFO - [2024-02-03T19:05:37.259+0000] {dag.py:3823} INFO - Setting next_dagrun for example_trigger_target_dag to None, run_after=None
[2024-02-03T19:05:37.268+0000] {processor.py:183} INFO - Processing /home/airflow/.local/lib/python3.8/site-packages/airflow/example_dags/example_trigger_target_dag.py took 0.030 seconds
[2024-02-03T19:06:07.437+0000] {processor.py:161} INFO - Started process (PID=6233) to work on /home/airflow/.local/lib/python3.8/site-packages/airflow/example_dags/example_trigger_target_dag.py
[2024-02-03T19:06:07.437+0000] {processor.py:830} INFO - Processing file /home/airflow/.local/lib/python3.8/site-packages/airflow/example_dags/example_trigger_target_dag.py for tasks to queue
[2024-02-03T19:06:07.438+0000] {logging_mixin.py:188} INFO - [2024-02-03T19:06:07.438+0000] {dagbag.py:538} INFO - Filling up the DagBag from /home/airflow/.local/lib/python3.8/site-packages/airflow/example_dags/example_trigger_target_dag.py
[2024-02-03T19:06:07.442+0000] {processor.py:840} INFO - DAG(s) 'example_trigger_target_dag' retrieved from /home/airflow/.local/lib/python3.8/site-packages/airflow/example_dags/example_trigger_target_dag.py
[2024-02-03T19:06:07.491+0000] {logging_mixin.py:188} INFO - [2024-02-03T19:06:07.490+0000] {dag.py:3036} INFO - Sync 1 DAGs
[2024-02-03T19:06:07.495+0000] {logging_mixin.py:188} INFO - [2024-02-03T19:06:07.495+0000] {dag.py:3823} INFO - Setting next_dagrun for example_trigger_target_dag to None, run_after=None
[2024-02-03T19:06:07.503+0000] {processor.py:183} INFO - Processing /home/airflow/.local/lib/python3.8/site-packages/airflow/example_dags/example_trigger_target_dag.py took 0.069 seconds
[2024-02-03T19:06:37.570+0000] {processor.py:161} INFO - Started process (PID=6482) to work on /home/airflow/.local/lib/python3.8/site-packages/airflow/example_dags/example_trigger_target_dag.py
[2024-02-03T19:06:37.571+0000] {processor.py:830} INFO - Processing file /home/airflow/.local/lib/python3.8/site-packages/airflow/example_dags/example_trigger_target_dag.py for tasks to queue
[2024-02-03T19:06:37.572+0000] {logging_mixin.py:188} INFO - [2024-02-03T19:06:37.572+0000] {dagbag.py:538} INFO - Filling up the DagBag from /home/airflow/.local/lib/python3.8/site-packages/airflow/example_dags/example_trigger_target_dag.py
[2024-02-03T19:06:37.576+0000] {processor.py:840} INFO - DAG(s) 'example_trigger_target_dag' retrieved from /home/airflow/.local/lib/python3.8/site-packages/airflow/example_dags/example_trigger_target_dag.py
[2024-02-03T19:06:37.587+0000] {logging_mixin.py:188} INFO - [2024-02-03T19:06:37.586+0000] {dag.py:3036} INFO - Sync 1 DAGs
[2024-02-03T19:06:37.593+0000] {logging_mixin.py:188} INFO - [2024-02-03T19:06:37.592+0000] {dag.py:3823} INFO - Setting next_dagrun for example_trigger_target_dag to None, run_after=None
[2024-02-03T19:06:37.601+0000] {processor.py:183} INFO - Processing /home/airflow/.local/lib/python3.8/site-packages/airflow/example_dags/example_trigger_target_dag.py took 0.032 seconds
[2024-02-03T19:07:07.644+0000] {processor.py:161} INFO - Started process (PID=6729) to work on /home/airflow/.local/lib/python3.8/site-packages/airflow/example_dags/example_trigger_target_dag.py
[2024-02-03T19:07:07.645+0000] {processor.py:830} INFO - Processing file /home/airflow/.local/lib/python3.8/site-packages/airflow/example_dags/example_trigger_target_dag.py for tasks to queue
[2024-02-03T19:07:07.645+0000] {logging_mixin.py:188} INFO - [2024-02-03T19:07:07.645+0000] {dagbag.py:538} INFO - Filling up the DagBag from /home/airflow/.local/lib/python3.8/site-packages/airflow/example_dags/example_trigger_target_dag.py
[2024-02-03T19:07:07.649+0000] {processor.py:840} INFO - DAG(s) 'example_trigger_target_dag' retrieved from /home/airflow/.local/lib/python3.8/site-packages/airflow/example_dags/example_trigger_target_dag.py
[2024-02-03T19:07:07.660+0000] {logging_mixin.py:188} INFO - [2024-02-03T19:07:07.659+0000] {dag.py:3036} INFO - Sync 1 DAGs
[2024-02-03T19:07:07.665+0000] {logging_mixin.py:188} INFO - [2024-02-03T19:07:07.665+0000] {dag.py:3823} INFO - Setting next_dagrun for example_trigger_target_dag to None, run_after=None
[2024-02-03T19:07:07.674+0000] {processor.py:183} INFO - Processing /home/airflow/.local/lib/python3.8/site-packages/airflow/example_dags/example_trigger_target_dag.py took 0.031 seconds
[2024-02-03T19:07:37.705+0000] {processor.py:161} INFO - Started process (PID=6974) to work on /home/airflow/.local/lib/python3.8/site-packages/airflow/example_dags/example_trigger_target_dag.py
[2024-02-03T19:07:37.706+0000] {processor.py:830} INFO - Processing file /home/airflow/.local/lib/python3.8/site-packages/airflow/example_dags/example_trigger_target_dag.py for tasks to queue
[2024-02-03T19:07:37.707+0000] {logging_mixin.py:188} INFO - [2024-02-03T19:07:37.707+0000] {dagbag.py:538} INFO - Filling up the DagBag from /home/airflow/.local/lib/python3.8/site-packages/airflow/example_dags/example_trigger_target_dag.py
[2024-02-03T19:07:37.711+0000] {processor.py:840} INFO - DAG(s) 'example_trigger_target_dag' retrieved from /home/airflow/.local/lib/python3.8/site-packages/airflow/example_dags/example_trigger_target_dag.py
[2024-02-03T19:07:37.724+0000] {logging_mixin.py:188} INFO - [2024-02-03T19:07:37.723+0000] {dag.py:3036} INFO - Sync 1 DAGs
[2024-02-03T19:07:37.730+0000] {logging_mixin.py:188} INFO - [2024-02-03T19:07:37.730+0000] {dag.py:3823} INFO - Setting next_dagrun for example_trigger_target_dag to None, run_after=None
[2024-02-03T19:07:37.740+0000] {processor.py:183} INFO - Processing /home/airflow/.local/lib/python3.8/site-packages/airflow/example_dags/example_trigger_target_dag.py took 0.037 seconds
[2024-02-03T19:08:08.085+0000] {processor.py:161} INFO - Started process (PID=7223) to work on /home/airflow/.local/lib/python3.8/site-packages/airflow/example_dags/example_trigger_target_dag.py
[2024-02-03T19:08:08.086+0000] {processor.py:830} INFO - Processing file /home/airflow/.local/lib/python3.8/site-packages/airflow/example_dags/example_trigger_target_dag.py for tasks to queue
[2024-02-03T19:08:08.086+0000] {logging_mixin.py:188} INFO - [2024-02-03T19:08:08.086+0000] {dagbag.py:538} INFO - Filling up the DagBag from /home/airflow/.local/lib/python3.8/site-packages/airflow/example_dags/example_trigger_target_dag.py
[2024-02-03T19:08:08.091+0000] {processor.py:840} INFO - DAG(s) 'example_trigger_target_dag' retrieved from /home/airflow/.local/lib/python3.8/site-packages/airflow/example_dags/example_trigger_target_dag.py
[2024-02-03T19:08:08.103+0000] {logging_mixin.py:188} INFO - [2024-02-03T19:08:08.103+0000] {dag.py:3036} INFO - Sync 1 DAGs
[2024-02-03T19:08:08.110+0000] {logging_mixin.py:188} INFO - [2024-02-03T19:08:08.109+0000] {dag.py:3823} INFO - Setting next_dagrun for example_trigger_target_dag to None, run_after=None
[2024-02-03T19:08:08.119+0000] {processor.py:183} INFO - Processing /home/airflow/.local/lib/python3.8/site-packages/airflow/example_dags/example_trigger_target_dag.py took 0.036 seconds
[2024-02-03T19:08:38.181+0000] {processor.py:161} INFO - Started process (PID=7470) to work on /home/airflow/.local/lib/python3.8/site-packages/airflow/example_dags/example_trigger_target_dag.py
[2024-02-03T19:08:38.181+0000] {processor.py:830} INFO - Processing file /home/airflow/.local/lib/python3.8/site-packages/airflow/example_dags/example_trigger_target_dag.py for tasks to queue
[2024-02-03T19:08:38.182+0000] {logging_mixin.py:188} INFO - [2024-02-03T19:08:38.182+0000] {dagbag.py:538} INFO - Filling up the DagBag from /home/airflow/.local/lib/python3.8/site-packages/airflow/example_dags/example_trigger_target_dag.py
[2024-02-03T19:08:38.186+0000] {processor.py:840} INFO - DAG(s) 'example_trigger_target_dag' retrieved from /home/airflow/.local/lib/python3.8/site-packages/airflow/example_dags/example_trigger_target_dag.py
[2024-02-03T19:08:38.198+0000] {logging_mixin.py:188} INFO - [2024-02-03T19:08:38.198+0000] {dag.py:3036} INFO - Sync 1 DAGs
[2024-02-03T19:08:38.204+0000] {logging_mixin.py:188} INFO - [2024-02-03T19:08:38.204+0000] {dag.py:3823} INFO - Setting next_dagrun for example_trigger_target_dag to None, run_after=None
[2024-02-03T19:08:38.215+0000] {processor.py:183} INFO - Processing /home/airflow/.local/lib/python3.8/site-packages/airflow/example_dags/example_trigger_target_dag.py took 0.036 seconds
[2024-02-03T19:09:09.085+0000] {processor.py:161} INFO - Started process (PID=7715) to work on /home/airflow/.local/lib/python3.8/site-packages/airflow/example_dags/example_trigger_target_dag.py
[2024-02-03T19:09:09.086+0000] {processor.py:830} INFO - Processing file /home/airflow/.local/lib/python3.8/site-packages/airflow/example_dags/example_trigger_target_dag.py for tasks to queue
[2024-02-03T19:09:09.086+0000] {logging_mixin.py:188} INFO - [2024-02-03T19:09:09.086+0000] {dagbag.py:538} INFO - Filling up the DagBag from /home/airflow/.local/lib/python3.8/site-packages/airflow/example_dags/example_trigger_target_dag.py
[2024-02-03T19:09:09.090+0000] {processor.py:840} INFO - DAG(s) 'example_trigger_target_dag' retrieved from /home/airflow/.local/lib/python3.8/site-packages/airflow/example_dags/example_trigger_target_dag.py
[2024-02-03T19:09:09.101+0000] {logging_mixin.py:188} INFO - [2024-02-03T19:09:09.101+0000] {dag.py:3036} INFO - Sync 1 DAGs
[2024-02-03T19:09:09.107+0000] {logging_mixin.py:188} INFO - [2024-02-03T19:09:09.107+0000] {dag.py:3823} INFO - Setting next_dagrun for example_trigger_target_dag to None, run_after=None
[2024-02-03T19:09:09.116+0000] {processor.py:183} INFO - Processing /home/airflow/.local/lib/python3.8/site-packages/airflow/example_dags/example_trigger_target_dag.py took 0.033 seconds
[2024-02-03T19:09:39.914+0000] {processor.py:161} INFO - Started process (PID=7962) to work on /home/airflow/.local/lib/python3.8/site-packages/airflow/example_dags/example_trigger_target_dag.py
[2024-02-03T19:09:39.915+0000] {processor.py:830} INFO - Processing file /home/airflow/.local/lib/python3.8/site-packages/airflow/example_dags/example_trigger_target_dag.py for tasks to queue
[2024-02-03T19:09:39.916+0000] {logging_mixin.py:188} INFO - [2024-02-03T19:09:39.915+0000] {dagbag.py:538} INFO - Filling up the DagBag from /home/airflow/.local/lib/python3.8/site-packages/airflow/example_dags/example_trigger_target_dag.py
[2024-02-03T19:09:39.919+0000] {processor.py:840} INFO - DAG(s) 'example_trigger_target_dag' retrieved from /home/airflow/.local/lib/python3.8/site-packages/airflow/example_dags/example_trigger_target_dag.py
[2024-02-03T19:09:39.931+0000] {logging_mixin.py:188} INFO - [2024-02-03T19:09:39.931+0000] {dag.py:3036} INFO - Sync 1 DAGs
[2024-02-03T19:09:39.937+0000] {logging_mixin.py:188} INFO - [2024-02-03T19:09:39.937+0000] {dag.py:3823} INFO - Setting next_dagrun for example_trigger_target_dag to None, run_after=None
[2024-02-03T19:09:39.946+0000] {processor.py:183} INFO - Processing /home/airflow/.local/lib/python3.8/site-packages/airflow/example_dags/example_trigger_target_dag.py took 0.033 seconds
[2024-02-03T19:10:10.131+0000] {processor.py:161} INFO - Started process (PID=8209) to work on /home/airflow/.local/lib/python3.8/site-packages/airflow/example_dags/example_trigger_target_dag.py
[2024-02-03T19:10:10.131+0000] {processor.py:830} INFO - Processing file /home/airflow/.local/lib/python3.8/site-packages/airflow/example_dags/example_trigger_target_dag.py for tasks to queue
[2024-02-03T19:10:10.132+0000] {logging_mixin.py:188} INFO - [2024-02-03T19:10:10.132+0000] {dagbag.py:538} INFO - Filling up the DagBag from /home/airflow/.local/lib/python3.8/site-packages/airflow/example_dags/example_trigger_target_dag.py
[2024-02-03T19:10:10.136+0000] {processor.py:840} INFO - DAG(s) 'example_trigger_target_dag' retrieved from /home/airflow/.local/lib/python3.8/site-packages/airflow/example_dags/example_trigger_target_dag.py
[2024-02-03T19:10:10.147+0000] {logging_mixin.py:188} INFO - [2024-02-03T19:10:10.147+0000] {dag.py:3036} INFO - Sync 1 DAGs
[2024-02-03T19:10:10.153+0000] {logging_mixin.py:188} INFO - [2024-02-03T19:10:10.153+0000] {dag.py:3823} INFO - Setting next_dagrun for example_trigger_target_dag to None, run_after=None
[2024-02-03T19:10:10.162+0000] {processor.py:183} INFO - Processing /home/airflow/.local/lib/python3.8/site-packages/airflow/example_dags/example_trigger_target_dag.py took 0.033 seconds
