[2024-02-03T18:53:52.406+0000] {processor.py:161} INFO - Started process (PID=246) to work on /home/airflow/.local/lib/python3.8/site-packages/airflow/example_dags/example_task_group_decorator.py
[2024-02-03T18:53:52.407+0000] {processor.py:830} INFO - Processing file /home/airflow/.local/lib/python3.8/site-packages/airflow/example_dags/example_task_group_decorator.py for tasks to queue
[2024-02-03T18:53:52.407+0000] {logging_mixin.py:188} INFO - [2024-02-03T18:53:52.407+0000] {dagbag.py:538} INFO - Filling up the DagBag from /home/airflow/.local/lib/python3.8/site-packages/airflow/example_dags/example_task_group_decorator.py
[2024-02-03T18:53:52.416+0000] {processor.py:840} INFO - DAG(s) 'example_task_group_decorator' retrieved from /home/airflow/.local/lib/python3.8/site-packages/airflow/example_dags/example_task_group_decorator.py
[2024-02-03T18:53:52.423+0000] {logging_mixin.py:188} INFO - [2024-02-03T18:53:52.423+0000] {dag.py:3036} INFO - Sync 1 DAGs
[2024-02-03T18:53:52.436+0000] {logging_mixin.py:188} INFO - [2024-02-03T18:53:52.436+0000] {dag.py:3823} INFO - Setting next_dagrun for example_task_group_decorator to 2024-02-02 00:00:00+00:00, run_after=2024-02-03 00:00:00+00:00
[2024-02-03T18:53:52.447+0000] {processor.py:183} INFO - Processing /home/airflow/.local/lib/python3.8/site-packages/airflow/example_dags/example_task_group_decorator.py took 0.043 seconds
[2024-02-03T18:54:23.026+0000] {processor.py:161} INFO - Started process (PID=493) to work on /home/airflow/.local/lib/python3.8/site-packages/airflow/example_dags/example_task_group_decorator.py
[2024-02-03T18:54:23.027+0000] {processor.py:830} INFO - Processing file /home/airflow/.local/lib/python3.8/site-packages/airflow/example_dags/example_task_group_decorator.py for tasks to queue
[2024-02-03T18:54:23.027+0000] {logging_mixin.py:188} INFO - [2024-02-03T18:54:23.027+0000] {dagbag.py:538} INFO - Filling up the DagBag from /home/airflow/.local/lib/python3.8/site-packages/airflow/example_dags/example_task_group_decorator.py
[2024-02-03T18:54:23.037+0000] {processor.py:840} INFO - DAG(s) 'example_task_group_decorator' retrieved from /home/airflow/.local/lib/python3.8/site-packages/airflow/example_dags/example_task_group_decorator.py
[2024-02-03T18:54:23.096+0000] {logging_mixin.py:188} INFO - [2024-02-03T18:54:23.095+0000] {dag.py:3036} INFO - Sync 1 DAGs
[2024-02-03T18:54:23.108+0000] {logging_mixin.py:188} INFO - [2024-02-03T18:54:23.108+0000] {dag.py:3823} INFO - Setting next_dagrun for example_task_group_decorator to 2024-02-02 00:00:00+00:00, run_after=2024-02-03 00:00:00+00:00
[2024-02-03T18:54:23.120+0000] {processor.py:183} INFO - Processing /home/airflow/.local/lib/python3.8/site-packages/airflow/example_dags/example_task_group_decorator.py took 0.096 seconds
[2024-02-03T18:54:53.417+0000] {processor.py:161} INFO - Started process (PID=742) to work on /home/airflow/.local/lib/python3.8/site-packages/airflow/example_dags/example_task_group_decorator.py
[2024-02-03T18:54:53.417+0000] {processor.py:830} INFO - Processing file /home/airflow/.local/lib/python3.8/site-packages/airflow/example_dags/example_task_group_decorator.py for tasks to queue
[2024-02-03T18:54:53.418+0000] {logging_mixin.py:188} INFO - [2024-02-03T18:54:53.418+0000] {dagbag.py:538} INFO - Filling up the DagBag from /home/airflow/.local/lib/python3.8/site-packages/airflow/example_dags/example_task_group_decorator.py
[2024-02-03T18:54:53.427+0000] {processor.py:840} INFO - DAG(s) 'example_task_group_decorator' retrieved from /home/airflow/.local/lib/python3.8/site-packages/airflow/example_dags/example_task_group_decorator.py
[2024-02-03T18:54:53.440+0000] {logging_mixin.py:188} INFO - [2024-02-03T18:54:53.440+0000] {dag.py:3036} INFO - Sync 1 DAGs
[2024-02-03T18:54:53.452+0000] {logging_mixin.py:188} INFO - [2024-02-03T18:54:53.452+0000] {dag.py:3823} INFO - Setting next_dagrun for example_task_group_decorator to 2024-02-02 00:00:00+00:00, run_after=2024-02-03 00:00:00+00:00
[2024-02-03T18:54:53.461+0000] {processor.py:183} INFO - Processing /home/airflow/.local/lib/python3.8/site-packages/airflow/example_dags/example_task_group_decorator.py took 0.046 seconds
[2024-02-03T18:55:23.492+0000] {processor.py:161} INFO - Started process (PID=987) to work on /home/airflow/.local/lib/python3.8/site-packages/airflow/example_dags/example_task_group_decorator.py
[2024-02-03T18:55:23.493+0000] {processor.py:830} INFO - Processing file /home/airflow/.local/lib/python3.8/site-packages/airflow/example_dags/example_task_group_decorator.py for tasks to queue
[2024-02-03T18:55:23.493+0000] {logging_mixin.py:188} INFO - [2024-02-03T18:55:23.493+0000] {dagbag.py:538} INFO - Filling up the DagBag from /home/airflow/.local/lib/python3.8/site-packages/airflow/example_dags/example_task_group_decorator.py
[2024-02-03T18:55:23.501+0000] {processor.py:840} INFO - DAG(s) 'example_task_group_decorator' retrieved from /home/airflow/.local/lib/python3.8/site-packages/airflow/example_dags/example_task_group_decorator.py
[2024-02-03T18:55:23.514+0000] {logging_mixin.py:188} INFO - [2024-02-03T18:55:23.514+0000] {dag.py:3036} INFO - Sync 1 DAGs
[2024-02-03T18:55:23.525+0000] {logging_mixin.py:188} INFO - [2024-02-03T18:55:23.525+0000] {dag.py:3823} INFO - Setting next_dagrun for example_task_group_decorator to 2024-02-02 00:00:00+00:00, run_after=2024-02-03 00:00:00+00:00
[2024-02-03T18:55:23.534+0000] {processor.py:183} INFO - Processing /home/airflow/.local/lib/python3.8/site-packages/airflow/example_dags/example_task_group_decorator.py took 0.044 seconds
[2024-02-03T18:55:54.233+0000] {processor.py:161} INFO - Started process (PID=1236) to work on /home/airflow/.local/lib/python3.8/site-packages/airflow/example_dags/example_task_group_decorator.py
[2024-02-03T18:55:54.234+0000] {processor.py:830} INFO - Processing file /home/airflow/.local/lib/python3.8/site-packages/airflow/example_dags/example_task_group_decorator.py for tasks to queue
[2024-02-03T18:55:54.235+0000] {logging_mixin.py:188} INFO - [2024-02-03T18:55:54.235+0000] {dagbag.py:538} INFO - Filling up the DagBag from /home/airflow/.local/lib/python3.8/site-packages/airflow/example_dags/example_task_group_decorator.py
[2024-02-03T18:55:54.242+0000] {processor.py:840} INFO - DAG(s) 'example_task_group_decorator' retrieved from /home/airflow/.local/lib/python3.8/site-packages/airflow/example_dags/example_task_group_decorator.py
[2024-02-03T18:55:54.257+0000] {logging_mixin.py:188} INFO - [2024-02-03T18:55:54.256+0000] {dag.py:3036} INFO - Sync 1 DAGs
[2024-02-03T18:55:54.267+0000] {logging_mixin.py:188} INFO - [2024-02-03T18:55:54.267+0000] {dag.py:3823} INFO - Setting next_dagrun for example_task_group_decorator to 2024-02-02 00:00:00+00:00, run_after=2024-02-03 00:00:00+00:00
[2024-02-03T18:55:54.275+0000] {processor.py:183} INFO - Processing /home/airflow/.local/lib/python3.8/site-packages/airflow/example_dags/example_task_group_decorator.py took 0.044 seconds
[2024-02-03T18:56:25.019+0000] {processor.py:161} INFO - Started process (PID=1483) to work on /home/airflow/.local/lib/python3.8/site-packages/airflow/example_dags/example_task_group_decorator.py
[2024-02-03T18:56:25.020+0000] {processor.py:830} INFO - Processing file /home/airflow/.local/lib/python3.8/site-packages/airflow/example_dags/example_task_group_decorator.py for tasks to queue
[2024-02-03T18:56:25.021+0000] {logging_mixin.py:188} INFO - [2024-02-03T18:56:25.020+0000] {dagbag.py:538} INFO - Filling up the DagBag from /home/airflow/.local/lib/python3.8/site-packages/airflow/example_dags/example_task_group_decorator.py
[2024-02-03T18:56:25.028+0000] {processor.py:840} INFO - DAG(s) 'example_task_group_decorator' retrieved from /home/airflow/.local/lib/python3.8/site-packages/airflow/example_dags/example_task_group_decorator.py
[2024-02-03T18:56:25.041+0000] {logging_mixin.py:188} INFO - [2024-02-03T18:56:25.041+0000] {dag.py:3036} INFO - Sync 1 DAGs
[2024-02-03T18:56:25.051+0000] {logging_mixin.py:188} INFO - [2024-02-03T18:56:25.051+0000] {dag.py:3823} INFO - Setting next_dagrun for example_task_group_decorator to 2024-02-02 00:00:00+00:00, run_after=2024-02-03 00:00:00+00:00
[2024-02-03T18:56:25.059+0000] {processor.py:183} INFO - Processing /home/airflow/.local/lib/python3.8/site-packages/airflow/example_dags/example_task_group_decorator.py took 0.041 seconds
[2024-02-03T18:56:55.853+0000] {processor.py:161} INFO - Started process (PID=1728) to work on /home/airflow/.local/lib/python3.8/site-packages/airflow/example_dags/example_task_group_decorator.py
[2024-02-03T18:56:55.854+0000] {processor.py:830} INFO - Processing file /home/airflow/.local/lib/python3.8/site-packages/airflow/example_dags/example_task_group_decorator.py for tasks to queue
[2024-02-03T18:56:55.855+0000] {logging_mixin.py:188} INFO - [2024-02-03T18:56:55.855+0000] {dagbag.py:538} INFO - Filling up the DagBag from /home/airflow/.local/lib/python3.8/site-packages/airflow/example_dags/example_task_group_decorator.py
[2024-02-03T18:56:55.864+0000] {processor.py:840} INFO - DAG(s) 'example_task_group_decorator' retrieved from /home/airflow/.local/lib/python3.8/site-packages/airflow/example_dags/example_task_group_decorator.py
[2024-02-03T18:56:55.879+0000] {logging_mixin.py:188} INFO - [2024-02-03T18:56:55.879+0000] {dag.py:3036} INFO - Sync 1 DAGs
[2024-02-03T18:56:55.892+0000] {logging_mixin.py:188} INFO - [2024-02-03T18:56:55.892+0000] {dag.py:3823} INFO - Setting next_dagrun for example_task_group_decorator to 2024-02-02 00:00:00+00:00, run_after=2024-02-03 00:00:00+00:00
[2024-02-03T18:56:55.902+0000] {processor.py:183} INFO - Processing /home/airflow/.local/lib/python3.8/site-packages/airflow/example_dags/example_task_group_decorator.py took 0.051 seconds
[2024-02-03T18:57:26.832+0000] {processor.py:161} INFO - Started process (PID=1977) to work on /home/airflow/.local/lib/python3.8/site-packages/airflow/example_dags/example_task_group_decorator.py
[2024-02-03T18:57:26.832+0000] {processor.py:830} INFO - Processing file /home/airflow/.local/lib/python3.8/site-packages/airflow/example_dags/example_task_group_decorator.py for tasks to queue
[2024-02-03T18:57:26.833+0000] {logging_mixin.py:188} INFO - [2024-02-03T18:57:26.833+0000] {dagbag.py:538} INFO - Filling up the DagBag from /home/airflow/.local/lib/python3.8/site-packages/airflow/example_dags/example_task_group_decorator.py
[2024-02-03T18:57:26.841+0000] {processor.py:840} INFO - DAG(s) 'example_task_group_decorator' retrieved from /home/airflow/.local/lib/python3.8/site-packages/airflow/example_dags/example_task_group_decorator.py
[2024-02-03T18:57:26.853+0000] {logging_mixin.py:188} INFO - [2024-02-03T18:57:26.853+0000] {dag.py:3036} INFO - Sync 1 DAGs
[2024-02-03T18:57:26.864+0000] {logging_mixin.py:188} INFO - [2024-02-03T18:57:26.864+0000] {dag.py:3823} INFO - Setting next_dagrun for example_task_group_decorator to 2024-02-02 00:00:00+00:00, run_after=2024-02-03 00:00:00+00:00
[2024-02-03T18:57:26.874+0000] {processor.py:183} INFO - Processing /home/airflow/.local/lib/python3.8/site-packages/airflow/example_dags/example_task_group_decorator.py took 0.044 seconds
[2024-02-03T18:57:57.506+0000] {processor.py:161} INFO - Started process (PID=2224) to work on /home/airflow/.local/lib/python3.8/site-packages/airflow/example_dags/example_task_group_decorator.py
[2024-02-03T18:57:57.507+0000] {processor.py:830} INFO - Processing file /home/airflow/.local/lib/python3.8/site-packages/airflow/example_dags/example_task_group_decorator.py for tasks to queue
[2024-02-03T18:57:57.507+0000] {logging_mixin.py:188} INFO - [2024-02-03T18:57:57.507+0000] {dagbag.py:538} INFO - Filling up the DagBag from /home/airflow/.local/lib/python3.8/site-packages/airflow/example_dags/example_task_group_decorator.py
[2024-02-03T18:57:57.515+0000] {processor.py:840} INFO - DAG(s) 'example_task_group_decorator' retrieved from /home/airflow/.local/lib/python3.8/site-packages/airflow/example_dags/example_task_group_decorator.py
[2024-02-03T18:57:57.528+0000] {logging_mixin.py:188} INFO - [2024-02-03T18:57:57.528+0000] {dag.py:3036} INFO - Sync 1 DAGs
[2024-02-03T18:57:57.539+0000] {logging_mixin.py:188} INFO - [2024-02-03T18:57:57.538+0000] {dag.py:3823} INFO - Setting next_dagrun for example_task_group_decorator to 2024-02-02 00:00:00+00:00, run_after=2024-02-03 00:00:00+00:00
[2024-02-03T18:57:57.547+0000] {processor.py:183} INFO - Processing /home/airflow/.local/lib/python3.8/site-packages/airflow/example_dags/example_task_group_decorator.py took 0.043 seconds
[2024-02-03T18:58:28.304+0000] {processor.py:161} INFO - Started process (PID=2471) to work on /home/airflow/.local/lib/python3.8/site-packages/airflow/example_dags/example_task_group_decorator.py
[2024-02-03T18:58:28.304+0000] {processor.py:830} INFO - Processing file /home/airflow/.local/lib/python3.8/site-packages/airflow/example_dags/example_task_group_decorator.py for tasks to queue
[2024-02-03T18:58:28.305+0000] {logging_mixin.py:188} INFO - [2024-02-03T18:58:28.305+0000] {dagbag.py:538} INFO - Filling up the DagBag from /home/airflow/.local/lib/python3.8/site-packages/airflow/example_dags/example_task_group_decorator.py
[2024-02-03T18:58:28.313+0000] {processor.py:840} INFO - DAG(s) 'example_task_group_decorator' retrieved from /home/airflow/.local/lib/python3.8/site-packages/airflow/example_dags/example_task_group_decorator.py
[2024-02-03T18:58:28.326+0000] {logging_mixin.py:188} INFO - [2024-02-03T18:58:28.326+0000] {dag.py:3036} INFO - Sync 1 DAGs
[2024-02-03T18:58:28.337+0000] {logging_mixin.py:188} INFO - [2024-02-03T18:58:28.337+0000] {dag.py:3823} INFO - Setting next_dagrun for example_task_group_decorator to 2024-02-02 00:00:00+00:00, run_after=2024-02-03 00:00:00+00:00
[2024-02-03T18:58:28.345+0000] {processor.py:183} INFO - Processing /home/airflow/.local/lib/python3.8/site-packages/airflow/example_dags/example_task_group_decorator.py took 0.044 seconds
[2024-02-03T18:58:59.156+0000] {processor.py:161} INFO - Started process (PID=2718) to work on /home/airflow/.local/lib/python3.8/site-packages/airflow/example_dags/example_task_group_decorator.py
[2024-02-03T18:58:59.157+0000] {processor.py:830} INFO - Processing file /home/airflow/.local/lib/python3.8/site-packages/airflow/example_dags/example_task_group_decorator.py for tasks to queue
[2024-02-03T18:58:59.158+0000] {logging_mixin.py:188} INFO - [2024-02-03T18:58:59.157+0000] {dagbag.py:538} INFO - Filling up the DagBag from /home/airflow/.local/lib/python3.8/site-packages/airflow/example_dags/example_task_group_decorator.py
[2024-02-03T18:58:59.165+0000] {processor.py:840} INFO - DAG(s) 'example_task_group_decorator' retrieved from /home/airflow/.local/lib/python3.8/site-packages/airflow/example_dags/example_task_group_decorator.py
[2024-02-03T18:58:59.177+0000] {logging_mixin.py:188} INFO - [2024-02-03T18:58:59.177+0000] {dag.py:3036} INFO - Sync 1 DAGs
[2024-02-03T18:58:59.187+0000] {logging_mixin.py:188} INFO - [2024-02-03T18:58:59.187+0000] {dag.py:3823} INFO - Setting next_dagrun for example_task_group_decorator to 2024-02-02 00:00:00+00:00, run_after=2024-02-03 00:00:00+00:00
[2024-02-03T18:58:59.195+0000] {processor.py:183} INFO - Processing /home/airflow/.local/lib/python3.8/site-packages/airflow/example_dags/example_task_group_decorator.py took 0.040 seconds
[2024-02-03T18:59:29.919+0000] {processor.py:161} INFO - Started process (PID=2963) to work on /home/airflow/.local/lib/python3.8/site-packages/airflow/example_dags/example_task_group_decorator.py
[2024-02-03T18:59:29.920+0000] {processor.py:830} INFO - Processing file /home/airflow/.local/lib/python3.8/site-packages/airflow/example_dags/example_task_group_decorator.py for tasks to queue
[2024-02-03T18:59:29.921+0000] {logging_mixin.py:188} INFO - [2024-02-03T18:59:29.921+0000] {dagbag.py:538} INFO - Filling up the DagBag from /home/airflow/.local/lib/python3.8/site-packages/airflow/example_dags/example_task_group_decorator.py
[2024-02-03T18:59:29.928+0000] {processor.py:840} INFO - DAG(s) 'example_task_group_decorator' retrieved from /home/airflow/.local/lib/python3.8/site-packages/airflow/example_dags/example_task_group_decorator.py
[2024-02-03T18:59:29.942+0000] {logging_mixin.py:188} INFO - [2024-02-03T18:59:29.942+0000] {dag.py:3036} INFO - Sync 1 DAGs
[2024-02-03T18:59:29.953+0000] {logging_mixin.py:188} INFO - [2024-02-03T18:59:29.953+0000] {dag.py:3823} INFO - Setting next_dagrun for example_task_group_decorator to 2024-02-02 00:00:00+00:00, run_after=2024-02-03 00:00:00+00:00
[2024-02-03T18:59:29.963+0000] {processor.py:183} INFO - Processing /home/airflow/.local/lib/python3.8/site-packages/airflow/example_dags/example_task_group_decorator.py took 0.045 seconds
[2024-02-03T19:00:00.718+0000] {processor.py:161} INFO - Started process (PID=3212) to work on /home/airflow/.local/lib/python3.8/site-packages/airflow/example_dags/example_task_group_decorator.py
[2024-02-03T19:00:00.719+0000] {processor.py:830} INFO - Processing file /home/airflow/.local/lib/python3.8/site-packages/airflow/example_dags/example_task_group_decorator.py for tasks to queue
[2024-02-03T19:00:00.720+0000] {logging_mixin.py:188} INFO - [2024-02-03T19:00:00.719+0000] {dagbag.py:538} INFO - Filling up the DagBag from /home/airflow/.local/lib/python3.8/site-packages/airflow/example_dags/example_task_group_decorator.py
[2024-02-03T19:00:00.728+0000] {processor.py:840} INFO - DAG(s) 'example_task_group_decorator' retrieved from /home/airflow/.local/lib/python3.8/site-packages/airflow/example_dags/example_task_group_decorator.py
[2024-02-03T19:00:00.741+0000] {logging_mixin.py:188} INFO - [2024-02-03T19:00:00.741+0000] {dag.py:3036} INFO - Sync 1 DAGs
[2024-02-03T19:00:00.752+0000] {logging_mixin.py:188} INFO - [2024-02-03T19:00:00.752+0000] {dag.py:3823} INFO - Setting next_dagrun for example_task_group_decorator to 2024-02-02 00:00:00+00:00, run_after=2024-02-03 00:00:00+00:00
[2024-02-03T19:00:00.761+0000] {processor.py:183} INFO - Processing /home/airflow/.local/lib/python3.8/site-packages/airflow/example_dags/example_task_group_decorator.py took 0.046 seconds
[2024-02-03T19:00:31.615+0000] {processor.py:161} INFO - Started process (PID=3457) to work on /home/airflow/.local/lib/python3.8/site-packages/airflow/example_dags/example_task_group_decorator.py
[2024-02-03T19:00:31.615+0000] {processor.py:830} INFO - Processing file /home/airflow/.local/lib/python3.8/site-packages/airflow/example_dags/example_task_group_decorator.py for tasks to queue
[2024-02-03T19:00:31.616+0000] {logging_mixin.py:188} INFO - [2024-02-03T19:00:31.616+0000] {dagbag.py:538} INFO - Filling up the DagBag from /home/airflow/.local/lib/python3.8/site-packages/airflow/example_dags/example_task_group_decorator.py
[2024-02-03T19:00:31.627+0000] {processor.py:840} INFO - DAG(s) 'example_task_group_decorator' retrieved from /home/airflow/.local/lib/python3.8/site-packages/airflow/example_dags/example_task_group_decorator.py
[2024-02-03T19:00:31.643+0000] {logging_mixin.py:188} INFO - [2024-02-03T19:00:31.643+0000] {dag.py:3036} INFO - Sync 1 DAGs
[2024-02-03T19:00:31.657+0000] {logging_mixin.py:188} INFO - [2024-02-03T19:00:31.657+0000] {dag.py:3823} INFO - Setting next_dagrun for example_task_group_decorator to 2024-02-02 00:00:00+00:00, run_after=2024-02-03 00:00:00+00:00
[2024-02-03T19:00:31.668+0000] {processor.py:183} INFO - Processing /home/airflow/.local/lib/python3.8/site-packages/airflow/example_dags/example_task_group_decorator.py took 0.056 seconds
[2024-02-03T19:01:01.740+0000] {processor.py:161} INFO - Started process (PID=3706) to work on /home/airflow/.local/lib/python3.8/site-packages/airflow/example_dags/example_task_group_decorator.py
[2024-02-03T19:01:01.741+0000] {processor.py:830} INFO - Processing file /home/airflow/.local/lib/python3.8/site-packages/airflow/example_dags/example_task_group_decorator.py for tasks to queue
[2024-02-03T19:01:01.742+0000] {logging_mixin.py:188} INFO - [2024-02-03T19:01:01.741+0000] {dagbag.py:538} INFO - Filling up the DagBag from /home/airflow/.local/lib/python3.8/site-packages/airflow/example_dags/example_task_group_decorator.py
[2024-02-03T19:01:01.750+0000] {processor.py:840} INFO - DAG(s) 'example_task_group_decorator' retrieved from /home/airflow/.local/lib/python3.8/site-packages/airflow/example_dags/example_task_group_decorator.py
[2024-02-03T19:01:01.757+0000] {logging_mixin.py:188} INFO - [2024-02-03T19:01:01.757+0000] {dag.py:3036} INFO - Sync 1 DAGs
[2024-02-03T19:01:01.769+0000] {logging_mixin.py:188} INFO - [2024-02-03T19:01:01.769+0000] {dag.py:3823} INFO - Setting next_dagrun for example_task_group_decorator to 2024-02-02 00:00:00+00:00, run_after=2024-02-03 00:00:00+00:00
[2024-02-03T19:01:01.777+0000] {processor.py:183} INFO - Processing /home/airflow/.local/lib/python3.8/site-packages/airflow/example_dags/example_task_group_decorator.py took 0.039 seconds
[2024-02-03T19:01:32.355+0000] {processor.py:161} INFO - Started process (PID=3951) to work on /home/airflow/.local/lib/python3.8/site-packages/airflow/example_dags/example_task_group_decorator.py
[2024-02-03T19:01:32.356+0000] {processor.py:830} INFO - Processing file /home/airflow/.local/lib/python3.8/site-packages/airflow/example_dags/example_task_group_decorator.py for tasks to queue
[2024-02-03T19:01:32.357+0000] {logging_mixin.py:188} INFO - [2024-02-03T19:01:32.356+0000] {dagbag.py:538} INFO - Filling up the DagBag from /home/airflow/.local/lib/python3.8/site-packages/airflow/example_dags/example_task_group_decorator.py
[2024-02-03T19:01:32.364+0000] {processor.py:840} INFO - DAG(s) 'example_task_group_decorator' retrieved from /home/airflow/.local/lib/python3.8/site-packages/airflow/example_dags/example_task_group_decorator.py
[2024-02-03T19:01:32.422+0000] {logging_mixin.py:188} INFO - [2024-02-03T19:01:32.421+0000] {dag.py:3036} INFO - Sync 1 DAGs
[2024-02-03T19:01:32.432+0000] {logging_mixin.py:188} INFO - [2024-02-03T19:01:32.432+0000] {dag.py:3823} INFO - Setting next_dagrun for example_task_group_decorator to 2024-02-02 00:00:00+00:00, run_after=2024-02-03 00:00:00+00:00
[2024-02-03T19:01:32.443+0000] {processor.py:183} INFO - Processing /home/airflow/.local/lib/python3.8/site-packages/airflow/example_dags/example_task_group_decorator.py took 0.090 seconds
[2024-02-03T19:02:02.890+0000] {processor.py:161} INFO - Started process (PID=4198) to work on /home/airflow/.local/lib/python3.8/site-packages/airflow/example_dags/example_task_group_decorator.py
[2024-02-03T19:02:02.891+0000] {processor.py:830} INFO - Processing file /home/airflow/.local/lib/python3.8/site-packages/airflow/example_dags/example_task_group_decorator.py for tasks to queue
[2024-02-03T19:02:02.891+0000] {logging_mixin.py:188} INFO - [2024-02-03T19:02:02.891+0000] {dagbag.py:538} INFO - Filling up the DagBag from /home/airflow/.local/lib/python3.8/site-packages/airflow/example_dags/example_task_group_decorator.py
[2024-02-03T19:02:02.900+0000] {processor.py:840} INFO - DAG(s) 'example_task_group_decorator' retrieved from /home/airflow/.local/lib/python3.8/site-packages/airflow/example_dags/example_task_group_decorator.py
[2024-02-03T19:02:02.915+0000] {logging_mixin.py:188} INFO - [2024-02-03T19:02:02.915+0000] {dag.py:3036} INFO - Sync 1 DAGs
[2024-02-03T19:02:02.929+0000] {logging_mixin.py:188} INFO - [2024-02-03T19:02:02.929+0000] {dag.py:3823} INFO - Setting next_dagrun for example_task_group_decorator to 2024-02-02 00:00:00+00:00, run_after=2024-02-03 00:00:00+00:00
[2024-02-03T19:02:02.939+0000] {processor.py:183} INFO - Processing /home/airflow/.local/lib/python3.8/site-packages/airflow/example_dags/example_task_group_decorator.py took 0.052 seconds
[2024-02-03T19:02:32.986+0000] {processor.py:161} INFO - Started process (PID=4447) to work on /home/airflow/.local/lib/python3.8/site-packages/airflow/example_dags/example_task_group_decorator.py
[2024-02-03T19:02:32.987+0000] {processor.py:830} INFO - Processing file /home/airflow/.local/lib/python3.8/site-packages/airflow/example_dags/example_task_group_decorator.py for tasks to queue
[2024-02-03T19:02:32.987+0000] {logging_mixin.py:188} INFO - [2024-02-03T19:02:32.987+0000] {dagbag.py:538} INFO - Filling up the DagBag from /home/airflow/.local/lib/python3.8/site-packages/airflow/example_dags/example_task_group_decorator.py
[2024-02-03T19:02:32.995+0000] {processor.py:840} INFO - DAG(s) 'example_task_group_decorator' retrieved from /home/airflow/.local/lib/python3.8/site-packages/airflow/example_dags/example_task_group_decorator.py
[2024-02-03T19:02:33.007+0000] {logging_mixin.py:188} INFO - [2024-02-03T19:02:33.007+0000] {dag.py:3036} INFO - Sync 1 DAGs
[2024-02-03T19:02:33.017+0000] {logging_mixin.py:188} INFO - [2024-02-03T19:02:33.017+0000] {dag.py:3823} INFO - Setting next_dagrun for example_task_group_decorator to 2024-02-02 00:00:00+00:00, run_after=2024-02-03 00:00:00+00:00
[2024-02-03T19:02:33.025+0000] {processor.py:183} INFO - Processing /home/airflow/.local/lib/python3.8/site-packages/airflow/example_dags/example_task_group_decorator.py took 0.041 seconds
[2024-02-03T19:03:03.238+0000] {processor.py:161} INFO - Started process (PID=4694) to work on /home/airflow/.local/lib/python3.8/site-packages/airflow/example_dags/example_task_group_decorator.py
[2024-02-03T19:03:03.239+0000] {processor.py:830} INFO - Processing file /home/airflow/.local/lib/python3.8/site-packages/airflow/example_dags/example_task_group_decorator.py for tasks to queue
[2024-02-03T19:03:03.239+0000] {logging_mixin.py:188} INFO - [2024-02-03T19:03:03.239+0000] {dagbag.py:538} INFO - Filling up the DagBag from /home/airflow/.local/lib/python3.8/site-packages/airflow/example_dags/example_task_group_decorator.py
[2024-02-03T19:03:03.247+0000] {processor.py:840} INFO - DAG(s) 'example_task_group_decorator' retrieved from /home/airflow/.local/lib/python3.8/site-packages/airflow/example_dags/example_task_group_decorator.py
[2024-02-03T19:03:03.260+0000] {logging_mixin.py:188} INFO - [2024-02-03T19:03:03.259+0000] {dag.py:3036} INFO - Sync 1 DAGs
[2024-02-03T19:03:03.269+0000] {logging_mixin.py:188} INFO - [2024-02-03T19:03:03.269+0000] {dag.py:3823} INFO - Setting next_dagrun for example_task_group_decorator to 2024-02-02 00:00:00+00:00, run_after=2024-02-03 00:00:00+00:00
[2024-02-03T19:03:03.277+0000] {processor.py:183} INFO - Processing /home/airflow/.local/lib/python3.8/site-packages/airflow/example_dags/example_task_group_decorator.py took 0.041 seconds
[2024-02-03T19:03:33.980+0000] {processor.py:161} INFO - Started process (PID=4941) to work on /home/airflow/.local/lib/python3.8/site-packages/airflow/example_dags/example_task_group_decorator.py
[2024-02-03T19:03:33.980+0000] {processor.py:830} INFO - Processing file /home/airflow/.local/lib/python3.8/site-packages/airflow/example_dags/example_task_group_decorator.py for tasks to queue
[2024-02-03T19:03:33.981+0000] {logging_mixin.py:188} INFO - [2024-02-03T19:03:33.981+0000] {dagbag.py:538} INFO - Filling up the DagBag from /home/airflow/.local/lib/python3.8/site-packages/airflow/example_dags/example_task_group_decorator.py
[2024-02-03T19:03:33.989+0000] {processor.py:840} INFO - DAG(s) 'example_task_group_decorator' retrieved from /home/airflow/.local/lib/python3.8/site-packages/airflow/example_dags/example_task_group_decorator.py
[2024-02-03T19:03:34.003+0000] {logging_mixin.py:188} INFO - [2024-02-03T19:03:34.002+0000] {dag.py:3036} INFO - Sync 1 DAGs
[2024-02-03T19:03:34.013+0000] {logging_mixin.py:188} INFO - [2024-02-03T19:03:34.013+0000] {dag.py:3823} INFO - Setting next_dagrun for example_task_group_decorator to 2024-02-02 00:00:00+00:00, run_after=2024-02-03 00:00:00+00:00
[2024-02-03T19:03:34.022+0000] {processor.py:183} INFO - Processing /home/airflow/.local/lib/python3.8/site-packages/airflow/example_dags/example_task_group_decorator.py took 0.044 seconds
[2024-02-03T19:04:04.759+0000] {processor.py:161} INFO - Started process (PID=5188) to work on /home/airflow/.local/lib/python3.8/site-packages/airflow/example_dags/example_task_group_decorator.py
[2024-02-03T19:04:04.759+0000] {processor.py:830} INFO - Processing file /home/airflow/.local/lib/python3.8/site-packages/airflow/example_dags/example_task_group_decorator.py for tasks to queue
[2024-02-03T19:04:04.760+0000] {logging_mixin.py:188} INFO - [2024-02-03T19:04:04.760+0000] {dagbag.py:538} INFO - Filling up the DagBag from /home/airflow/.local/lib/python3.8/site-packages/airflow/example_dags/example_task_group_decorator.py
[2024-02-03T19:04:04.768+0000] {processor.py:840} INFO - DAG(s) 'example_task_group_decorator' retrieved from /home/airflow/.local/lib/python3.8/site-packages/airflow/example_dags/example_task_group_decorator.py
[2024-02-03T19:04:04.781+0000] {logging_mixin.py:188} INFO - [2024-02-03T19:04:04.781+0000] {dag.py:3036} INFO - Sync 1 DAGs
[2024-02-03T19:04:04.792+0000] {logging_mixin.py:188} INFO - [2024-02-03T19:04:04.792+0000] {dag.py:3823} INFO - Setting next_dagrun for example_task_group_decorator to 2024-02-02 00:00:00+00:00, run_after=2024-02-03 00:00:00+00:00
[2024-02-03T19:04:04.800+0000] {processor.py:183} INFO - Processing /home/airflow/.local/lib/python3.8/site-packages/airflow/example_dags/example_task_group_decorator.py took 0.044 seconds
[2024-02-03T19:04:35.648+0000] {processor.py:161} INFO - Started process (PID=5433) to work on /home/airflow/.local/lib/python3.8/site-packages/airflow/example_dags/example_task_group_decorator.py
[2024-02-03T19:04:35.649+0000] {processor.py:830} INFO - Processing file /home/airflow/.local/lib/python3.8/site-packages/airflow/example_dags/example_task_group_decorator.py for tasks to queue
[2024-02-03T19:04:35.650+0000] {logging_mixin.py:188} INFO - [2024-02-03T19:04:35.650+0000] {dagbag.py:538} INFO - Filling up the DagBag from /home/airflow/.local/lib/python3.8/site-packages/airflow/example_dags/example_task_group_decorator.py
[2024-02-03T19:04:35.658+0000] {processor.py:840} INFO - DAG(s) 'example_task_group_decorator' retrieved from /home/airflow/.local/lib/python3.8/site-packages/airflow/example_dags/example_task_group_decorator.py
[2024-02-03T19:04:35.672+0000] {logging_mixin.py:188} INFO - [2024-02-03T19:04:35.672+0000] {dag.py:3036} INFO - Sync 1 DAGs
[2024-02-03T19:04:35.684+0000] {logging_mixin.py:188} INFO - [2024-02-03T19:04:35.684+0000] {dag.py:3823} INFO - Setting next_dagrun for example_task_group_decorator to 2024-02-02 00:00:00+00:00, run_after=2024-02-03 00:00:00+00:00
[2024-02-03T19:04:35.694+0000] {processor.py:183} INFO - Processing /home/airflow/.local/lib/python3.8/site-packages/airflow/example_dags/example_task_group_decorator.py took 0.047 seconds
[2024-02-03T19:05:05.730+0000] {processor.py:161} INFO - Started process (PID=5680) to work on /home/airflow/.local/lib/python3.8/site-packages/airflow/example_dags/example_task_group_decorator.py
[2024-02-03T19:05:05.731+0000] {processor.py:830} INFO - Processing file /home/airflow/.local/lib/python3.8/site-packages/airflow/example_dags/example_task_group_decorator.py for tasks to queue
[2024-02-03T19:05:05.732+0000] {logging_mixin.py:188} INFO - [2024-02-03T19:05:05.732+0000] {dagbag.py:538} INFO - Filling up the DagBag from /home/airflow/.local/lib/python3.8/site-packages/airflow/example_dags/example_task_group_decorator.py
[2024-02-03T19:05:05.740+0000] {processor.py:840} INFO - DAG(s) 'example_task_group_decorator' retrieved from /home/airflow/.local/lib/python3.8/site-packages/airflow/example_dags/example_task_group_decorator.py
[2024-02-03T19:05:05.753+0000] {logging_mixin.py:188} INFO - [2024-02-03T19:05:05.753+0000] {dag.py:3036} INFO - Sync 1 DAGs
[2024-02-03T19:05:05.765+0000] {logging_mixin.py:188} INFO - [2024-02-03T19:05:05.765+0000] {dag.py:3823} INFO - Setting next_dagrun for example_task_group_decorator to 2024-02-02 00:00:00+00:00, run_after=2024-02-03 00:00:00+00:00
[2024-02-03T19:05:05.774+0000] {processor.py:183} INFO - Processing /home/airflow/.local/lib/python3.8/site-packages/airflow/example_dags/example_task_group_decorator.py took 0.046 seconds
[2024-02-03T19:05:35.856+0000] {processor.py:161} INFO - Started process (PID=5926) to work on /home/airflow/.local/lib/python3.8/site-packages/airflow/example_dags/example_task_group_decorator.py
[2024-02-03T19:05:35.856+0000] {processor.py:830} INFO - Processing file /home/airflow/.local/lib/python3.8/site-packages/airflow/example_dags/example_task_group_decorator.py for tasks to queue
[2024-02-03T19:05:35.857+0000] {logging_mixin.py:188} INFO - [2024-02-03T19:05:35.857+0000] {dagbag.py:538} INFO - Filling up the DagBag from /home/airflow/.local/lib/python3.8/site-packages/airflow/example_dags/example_task_group_decorator.py
[2024-02-03T19:05:35.866+0000] {processor.py:840} INFO - DAG(s) 'example_task_group_decorator' retrieved from /home/airflow/.local/lib/python3.8/site-packages/airflow/example_dags/example_task_group_decorator.py
[2024-02-03T19:05:35.874+0000] {logging_mixin.py:188} INFO - [2024-02-03T19:05:35.874+0000] {dag.py:3036} INFO - Sync 1 DAGs
[2024-02-03T19:05:35.887+0000] {logging_mixin.py:188} INFO - [2024-02-03T19:05:35.887+0000] {dag.py:3823} INFO - Setting next_dagrun for example_task_group_decorator to 2024-02-02 00:00:00+00:00, run_after=2024-02-03 00:00:00+00:00
[2024-02-03T19:05:35.899+0000] {processor.py:183} INFO - Processing /home/airflow/.local/lib/python3.8/site-packages/airflow/example_dags/example_task_group_decorator.py took 0.046 seconds
[2024-02-03T19:06:06.890+0000] {processor.py:161} INFO - Started process (PID=6173) to work on /home/airflow/.local/lib/python3.8/site-packages/airflow/example_dags/example_task_group_decorator.py
[2024-02-03T19:06:06.890+0000] {processor.py:830} INFO - Processing file /home/airflow/.local/lib/python3.8/site-packages/airflow/example_dags/example_task_group_decorator.py for tasks to queue
[2024-02-03T19:06:06.891+0000] {logging_mixin.py:188} INFO - [2024-02-03T19:06:06.891+0000] {dagbag.py:538} INFO - Filling up the DagBag from /home/airflow/.local/lib/python3.8/site-packages/airflow/example_dags/example_task_group_decorator.py
[2024-02-03T19:06:06.899+0000] {processor.py:840} INFO - DAG(s) 'example_task_group_decorator' retrieved from /home/airflow/.local/lib/python3.8/site-packages/airflow/example_dags/example_task_group_decorator.py
[2024-02-03T19:06:06.952+0000] {logging_mixin.py:188} INFO - [2024-02-03T19:06:06.952+0000] {dag.py:3036} INFO - Sync 1 DAGs
[2024-02-03T19:06:06.962+0000] {logging_mixin.py:188} INFO - [2024-02-03T19:06:06.962+0000] {dag.py:3823} INFO - Setting next_dagrun for example_task_group_decorator to 2024-02-02 00:00:00+00:00, run_after=2024-02-03 00:00:00+00:00
[2024-02-03T19:06:06.970+0000] {processor.py:183} INFO - Processing /home/airflow/.local/lib/python3.8/site-packages/airflow/example_dags/example_task_group_decorator.py took 0.082 seconds
[2024-02-03T19:06:37.119+0000] {processor.py:161} INFO - Started process (PID=6420) to work on /home/airflow/.local/lib/python3.8/site-packages/airflow/example_dags/example_task_group_decorator.py
[2024-02-03T19:06:37.119+0000] {processor.py:830} INFO - Processing file /home/airflow/.local/lib/python3.8/site-packages/airflow/example_dags/example_task_group_decorator.py for tasks to queue
[2024-02-03T19:06:37.120+0000] {logging_mixin.py:188} INFO - [2024-02-03T19:06:37.120+0000] {dagbag.py:538} INFO - Filling up the DagBag from /home/airflow/.local/lib/python3.8/site-packages/airflow/example_dags/example_task_group_decorator.py
[2024-02-03T19:06:37.127+0000] {processor.py:840} INFO - DAG(s) 'example_task_group_decorator' retrieved from /home/airflow/.local/lib/python3.8/site-packages/airflow/example_dags/example_task_group_decorator.py
[2024-02-03T19:06:37.141+0000] {logging_mixin.py:188} INFO - [2024-02-03T19:06:37.141+0000] {dag.py:3036} INFO - Sync 1 DAGs
[2024-02-03T19:06:37.153+0000] {logging_mixin.py:188} INFO - [2024-02-03T19:06:37.153+0000] {dag.py:3823} INFO - Setting next_dagrun for example_task_group_decorator to 2024-02-02 00:00:00+00:00, run_after=2024-02-03 00:00:00+00:00
[2024-02-03T19:06:37.162+0000] {processor.py:183} INFO - Processing /home/airflow/.local/lib/python3.8/site-packages/airflow/example_dags/example_task_group_decorator.py took 0.046 seconds
[2024-02-03T19:07:07.235+0000] {processor.py:161} INFO - Started process (PID=6669) to work on /home/airflow/.local/lib/python3.8/site-packages/airflow/example_dags/example_task_group_decorator.py
[2024-02-03T19:07:07.235+0000] {processor.py:830} INFO - Processing file /home/airflow/.local/lib/python3.8/site-packages/airflow/example_dags/example_task_group_decorator.py for tasks to queue
[2024-02-03T19:07:07.236+0000] {logging_mixin.py:188} INFO - [2024-02-03T19:07:07.236+0000] {dagbag.py:538} INFO - Filling up the DagBag from /home/airflow/.local/lib/python3.8/site-packages/airflow/example_dags/example_task_group_decorator.py
[2024-02-03T19:07:07.244+0000] {processor.py:840} INFO - DAG(s) 'example_task_group_decorator' retrieved from /home/airflow/.local/lib/python3.8/site-packages/airflow/example_dags/example_task_group_decorator.py
[2024-02-03T19:07:07.257+0000] {logging_mixin.py:188} INFO - [2024-02-03T19:07:07.257+0000] {dag.py:3036} INFO - Sync 1 DAGs
[2024-02-03T19:07:07.267+0000] {logging_mixin.py:188} INFO - [2024-02-03T19:07:07.267+0000] {dag.py:3823} INFO - Setting next_dagrun for example_task_group_decorator to 2024-02-02 00:00:00+00:00, run_after=2024-02-03 00:00:00+00:00
[2024-02-03T19:07:07.276+0000] {processor.py:183} INFO - Processing /home/airflow/.local/lib/python3.8/site-packages/airflow/example_dags/example_task_group_decorator.py took 0.043 seconds
[2024-02-03T19:07:37.344+0000] {processor.py:161} INFO - Started process (PID=6916) to work on /home/airflow/.local/lib/python3.8/site-packages/airflow/example_dags/example_task_group_decorator.py
[2024-02-03T19:07:37.345+0000] {processor.py:830} INFO - Processing file /home/airflow/.local/lib/python3.8/site-packages/airflow/example_dags/example_task_group_decorator.py for tasks to queue
[2024-02-03T19:07:37.345+0000] {logging_mixin.py:188} INFO - [2024-02-03T19:07:37.345+0000] {dagbag.py:538} INFO - Filling up the DagBag from /home/airflow/.local/lib/python3.8/site-packages/airflow/example_dags/example_task_group_decorator.py
[2024-02-03T19:07:37.353+0000] {processor.py:840} INFO - DAG(s) 'example_task_group_decorator' retrieved from /home/airflow/.local/lib/python3.8/site-packages/airflow/example_dags/example_task_group_decorator.py
[2024-02-03T19:07:37.367+0000] {logging_mixin.py:188} INFO - [2024-02-03T19:07:37.366+0000] {dag.py:3036} INFO - Sync 1 DAGs
[2024-02-03T19:07:37.377+0000] {logging_mixin.py:188} INFO - [2024-02-03T19:07:37.377+0000] {dag.py:3823} INFO - Setting next_dagrun for example_task_group_decorator to 2024-02-02 00:00:00+00:00, run_after=2024-02-03 00:00:00+00:00
[2024-02-03T19:07:37.385+0000] {processor.py:183} INFO - Processing /home/airflow/.local/lib/python3.8/site-packages/airflow/example_dags/example_task_group_decorator.py took 0.043 seconds
[2024-02-03T19:08:07.582+0000] {processor.py:161} INFO - Started process (PID=7163) to work on /home/airflow/.local/lib/python3.8/site-packages/airflow/example_dags/example_task_group_decorator.py
[2024-02-03T19:08:07.582+0000] {processor.py:830} INFO - Processing file /home/airflow/.local/lib/python3.8/site-packages/airflow/example_dags/example_task_group_decorator.py for tasks to queue
[2024-02-03T19:08:07.583+0000] {logging_mixin.py:188} INFO - [2024-02-03T19:08:07.583+0000] {dagbag.py:538} INFO - Filling up the DagBag from /home/airflow/.local/lib/python3.8/site-packages/airflow/example_dags/example_task_group_decorator.py
[2024-02-03T19:08:07.592+0000] {processor.py:840} INFO - DAG(s) 'example_task_group_decorator' retrieved from /home/airflow/.local/lib/python3.8/site-packages/airflow/example_dags/example_task_group_decorator.py
[2024-02-03T19:08:07.605+0000] {logging_mixin.py:188} INFO - [2024-02-03T19:08:07.605+0000] {dag.py:3036} INFO - Sync 1 DAGs
[2024-02-03T19:08:07.617+0000] {logging_mixin.py:188} INFO - [2024-02-03T19:08:07.617+0000] {dag.py:3823} INFO - Setting next_dagrun for example_task_group_decorator to 2024-02-02 00:00:00+00:00, run_after=2024-02-03 00:00:00+00:00
[2024-02-03T19:08:07.628+0000] {processor.py:183} INFO - Processing /home/airflow/.local/lib/python3.8/site-packages/airflow/example_dags/example_task_group_decorator.py took 0.048 seconds
[2024-02-03T19:08:37.727+0000] {processor.py:161} INFO - Started process (PID=7408) to work on /home/airflow/.local/lib/python3.8/site-packages/airflow/example_dags/example_task_group_decorator.py
[2024-02-03T19:08:37.728+0000] {processor.py:830} INFO - Processing file /home/airflow/.local/lib/python3.8/site-packages/airflow/example_dags/example_task_group_decorator.py for tasks to queue
[2024-02-03T19:08:37.728+0000] {logging_mixin.py:188} INFO - [2024-02-03T19:08:37.728+0000] {dagbag.py:538} INFO - Filling up the DagBag from /home/airflow/.local/lib/python3.8/site-packages/airflow/example_dags/example_task_group_decorator.py
[2024-02-03T19:08:37.737+0000] {processor.py:840} INFO - DAG(s) 'example_task_group_decorator' retrieved from /home/airflow/.local/lib/python3.8/site-packages/airflow/example_dags/example_task_group_decorator.py
[2024-02-03T19:08:37.752+0000] {logging_mixin.py:188} INFO - [2024-02-03T19:08:37.752+0000] {dag.py:3036} INFO - Sync 1 DAGs
[2024-02-03T19:08:37.765+0000] {logging_mixin.py:188} INFO - [2024-02-03T19:08:37.765+0000] {dag.py:3823} INFO - Setting next_dagrun for example_task_group_decorator to 2024-02-02 00:00:00+00:00, run_after=2024-02-03 00:00:00+00:00
[2024-02-03T19:08:37.776+0000] {processor.py:183} INFO - Processing /home/airflow/.local/lib/python3.8/site-packages/airflow/example_dags/example_task_group_decorator.py took 0.051 seconds
[2024-02-03T19:09:08.757+0000] {processor.py:161} INFO - Started process (PID=7655) to work on /home/airflow/.local/lib/python3.8/site-packages/airflow/example_dags/example_task_group_decorator.py
[2024-02-03T19:09:08.757+0000] {processor.py:830} INFO - Processing file /home/airflow/.local/lib/python3.8/site-packages/airflow/example_dags/example_task_group_decorator.py for tasks to queue
[2024-02-03T19:09:08.758+0000] {logging_mixin.py:188} INFO - [2024-02-03T19:09:08.758+0000] {dagbag.py:538} INFO - Filling up the DagBag from /home/airflow/.local/lib/python3.8/site-packages/airflow/example_dags/example_task_group_decorator.py
[2024-02-03T19:09:08.766+0000] {processor.py:840} INFO - DAG(s) 'example_task_group_decorator' retrieved from /home/airflow/.local/lib/python3.8/site-packages/airflow/example_dags/example_task_group_decorator.py
[2024-02-03T19:09:08.780+0000] {logging_mixin.py:188} INFO - [2024-02-03T19:09:08.780+0000] {dag.py:3036} INFO - Sync 1 DAGs
[2024-02-03T19:09:08.792+0000] {logging_mixin.py:188} INFO - [2024-02-03T19:09:08.792+0000] {dag.py:3823} INFO - Setting next_dagrun for example_task_group_decorator to 2024-02-02 00:00:00+00:00, run_after=2024-02-03 00:00:00+00:00
[2024-02-03T19:09:08.801+0000] {processor.py:183} INFO - Processing /home/airflow/.local/lib/python3.8/site-packages/airflow/example_dags/example_task_group_decorator.py took 0.046 seconds
[2024-02-03T19:09:39.563+0000] {processor.py:161} INFO - Started process (PID=7902) to work on /home/airflow/.local/lib/python3.8/site-packages/airflow/example_dags/example_task_group_decorator.py
[2024-02-03T19:09:39.564+0000] {processor.py:830} INFO - Processing file /home/airflow/.local/lib/python3.8/site-packages/airflow/example_dags/example_task_group_decorator.py for tasks to queue
[2024-02-03T19:09:39.566+0000] {logging_mixin.py:188} INFO - [2024-02-03T19:09:39.565+0000] {dagbag.py:538} INFO - Filling up the DagBag from /home/airflow/.local/lib/python3.8/site-packages/airflow/example_dags/example_task_group_decorator.py
[2024-02-03T19:09:39.576+0000] {processor.py:840} INFO - DAG(s) 'example_task_group_decorator' retrieved from /home/airflow/.local/lib/python3.8/site-packages/airflow/example_dags/example_task_group_decorator.py
[2024-02-03T19:09:39.590+0000] {logging_mixin.py:188} INFO - [2024-02-03T19:09:39.590+0000] {dag.py:3036} INFO - Sync 1 DAGs
[2024-02-03T19:09:39.603+0000] {logging_mixin.py:188} INFO - [2024-02-03T19:09:39.603+0000] {dag.py:3823} INFO - Setting next_dagrun for example_task_group_decorator to 2024-02-02 00:00:00+00:00, run_after=2024-02-03 00:00:00+00:00
[2024-02-03T19:09:39.617+0000] {processor.py:183} INFO - Processing /home/airflow/.local/lib/python3.8/site-packages/airflow/example_dags/example_task_group_decorator.py took 0.056 seconds
[2024-02-03T19:10:09.797+0000] {processor.py:161} INFO - Started process (PID=8149) to work on /home/airflow/.local/lib/python3.8/site-packages/airflow/example_dags/example_task_group_decorator.py
[2024-02-03T19:10:09.797+0000] {processor.py:830} INFO - Processing file /home/airflow/.local/lib/python3.8/site-packages/airflow/example_dags/example_task_group_decorator.py for tasks to queue
[2024-02-03T19:10:09.798+0000] {logging_mixin.py:188} INFO - [2024-02-03T19:10:09.798+0000] {dagbag.py:538} INFO - Filling up the DagBag from /home/airflow/.local/lib/python3.8/site-packages/airflow/example_dags/example_task_group_decorator.py
[2024-02-03T19:10:09.806+0000] {processor.py:840} INFO - DAG(s) 'example_task_group_decorator' retrieved from /home/airflow/.local/lib/python3.8/site-packages/airflow/example_dags/example_task_group_decorator.py
[2024-02-03T19:10:09.821+0000] {logging_mixin.py:188} INFO - [2024-02-03T19:10:09.821+0000] {dag.py:3036} INFO - Sync 1 DAGs
[2024-02-03T19:10:09.834+0000] {logging_mixin.py:188} INFO - [2024-02-03T19:10:09.834+0000] {dag.py:3823} INFO - Setting next_dagrun for example_task_group_decorator to 2024-02-02 00:00:00+00:00, run_after=2024-02-03 00:00:00+00:00
[2024-02-03T19:10:09.843+0000] {processor.py:183} INFO - Processing /home/airflow/.local/lib/python3.8/site-packages/airflow/example_dags/example_task_group_decorator.py took 0.048 seconds
