[2024-09-13T02:38:44.433+0000] {processor.py:161} INFO - Started process (PID=381) to work on /home/airflow/.local/lib/python3.8/site-packages/airflow/example_dags/example_branch_datetime_operator.py
[2024-09-13T02:38:44.438+0000] {processor.py:830} INFO - Processing file /home/airflow/.local/lib/python3.8/site-packages/airflow/example_dags/example_branch_datetime_operator.py for tasks to queue
[2024-09-13T02:38:44.440+0000] {logging_mixin.py:188} INFO - [2024-09-13T02:38:44.439+0000] {dagbag.py:538} INFO - Filling up the DagBag from /home/airflow/.local/lib/python3.8/site-packages/airflow/example_dags/example_branch_datetime_operator.py
[2024-09-13T02:38:44.451+0000] {processor.py:840} INFO - DAG(s) 'example_branch_datetime_operator_2', 'example_branch_datetime_operator_3', 'example_branch_datetime_operator' retrieved from /home/airflow/.local/lib/python3.8/site-packages/airflow/example_dags/example_branch_datetime_operator.py
[2024-09-13T02:38:44.509+0000] {logging_mixin.py:188} INFO - [2024-09-13T02:38:44.509+0000] {dag.py:3036} INFO - Sync 3 DAGs
[2024-09-13T02:38:44.532+0000] {logging_mixin.py:188} INFO - [2024-09-13T02:38:44.532+0000] {dag.py:3823} INFO - Setting next_dagrun for example_branch_datetime_operator to 2024-09-12 00:00:00+00:00, run_after=2024-09-13 00:00:00+00:00
[2024-09-13T02:38:44.539+0000] {logging_mixin.py:188} INFO - [2024-09-13T02:38:44.539+0000] {dag.py:3823} INFO - Setting next_dagrun for example_branch_datetime_operator_2 to 2024-09-12 00:00:00+00:00, run_after=2024-09-13 00:00:00+00:00
[2024-09-13T02:38:44.543+0000] {logging_mixin.py:188} INFO - [2024-09-13T02:38:44.542+0000] {dag.py:3823} INFO - Setting next_dagrun for example_branch_datetime_operator_3 to 2024-09-12 00:00:00+00:00, run_after=2024-09-13 00:00:00+00:00
[2024-09-13T02:38:44.563+0000] {processor.py:183} INFO - Processing /home/airflow/.local/lib/python3.8/site-packages/airflow/example_dags/example_branch_datetime_operator.py took 0.134 seconds
[2024-09-13T02:39:15.390+0000] {processor.py:161} INFO - Started process (PID=626) to work on /home/airflow/.local/lib/python3.8/site-packages/airflow/example_dags/example_branch_datetime_operator.py
[2024-09-13T02:39:15.400+0000] {processor.py:830} INFO - Processing file /home/airflow/.local/lib/python3.8/site-packages/airflow/example_dags/example_branch_datetime_operator.py for tasks to queue
[2024-09-13T02:39:15.402+0000] {logging_mixin.py:188} INFO - [2024-09-13T02:39:15.402+0000] {dagbag.py:538} INFO - Filling up the DagBag from /home/airflow/.local/lib/python3.8/site-packages/airflow/example_dags/example_branch_datetime_operator.py
[2024-09-13T02:39:15.418+0000] {processor.py:840} INFO - DAG(s) 'example_branch_datetime_operator', 'example_branch_datetime_operator_2', 'example_branch_datetime_operator_3' retrieved from /home/airflow/.local/lib/python3.8/site-packages/airflow/example_dags/example_branch_datetime_operator.py
[2024-09-13T02:39:15.433+0000] {logging_mixin.py:188} INFO - [2024-09-13T02:39:15.433+0000] {dag.py:3036} INFO - Sync 3 DAGs
[2024-09-13T02:39:15.444+0000] {logging_mixin.py:188} INFO - [2024-09-13T02:39:15.444+0000] {dag.py:3823} INFO - Setting next_dagrun for example_branch_datetime_operator to 2024-09-12 00:00:00+00:00, run_after=2024-09-13 00:00:00+00:00
[2024-09-13T02:39:15.447+0000] {logging_mixin.py:188} INFO - [2024-09-13T02:39:15.446+0000] {dag.py:3823} INFO - Setting next_dagrun for example_branch_datetime_operator_2 to 2024-09-12 00:00:00+00:00, run_after=2024-09-13 00:00:00+00:00
[2024-09-13T02:39:15.448+0000] {logging_mixin.py:188} INFO - [2024-09-13T02:39:15.448+0000] {dag.py:3823} INFO - Setting next_dagrun for example_branch_datetime_operator_3 to 2024-09-12 00:00:00+00:00, run_after=2024-09-13 00:00:00+00:00
[2024-09-13T02:39:15.456+0000] {processor.py:183} INFO - Processing /home/airflow/.local/lib/python3.8/site-packages/airflow/example_dags/example_branch_datetime_operator.py took 0.072 seconds
[2024-09-13T02:39:46.183+0000] {processor.py:161} INFO - Started process (PID=875) to work on /home/airflow/.local/lib/python3.8/site-packages/airflow/example_dags/example_branch_datetime_operator.py
[2024-09-13T02:39:46.184+0000] {processor.py:830} INFO - Processing file /home/airflow/.local/lib/python3.8/site-packages/airflow/example_dags/example_branch_datetime_operator.py for tasks to queue
[2024-09-13T02:39:46.185+0000] {logging_mixin.py:188} INFO - [2024-09-13T02:39:46.184+0000] {dagbag.py:538} INFO - Filling up the DagBag from /home/airflow/.local/lib/python3.8/site-packages/airflow/example_dags/example_branch_datetime_operator.py
[2024-09-13T02:39:46.192+0000] {processor.py:840} INFO - DAG(s) 'example_branch_datetime_operator', 'example_branch_datetime_operator_2', 'example_branch_datetime_operator_3' retrieved from /home/airflow/.local/lib/python3.8/site-packages/airflow/example_dags/example_branch_datetime_operator.py
[2024-09-13T02:39:46.210+0000] {logging_mixin.py:188} INFO - [2024-09-13T02:39:46.210+0000] {dag.py:3036} INFO - Sync 3 DAGs
[2024-09-13T02:39:46.222+0000] {logging_mixin.py:188} INFO - [2024-09-13T02:39:46.222+0000] {dag.py:3823} INFO - Setting next_dagrun for example_branch_datetime_operator to 2024-09-12 00:00:00+00:00, run_after=2024-09-13 00:00:00+00:00
[2024-09-13T02:39:46.225+0000] {logging_mixin.py:188} INFO - [2024-09-13T02:39:46.225+0000] {dag.py:3823} INFO - Setting next_dagrun for example_branch_datetime_operator_2 to 2024-09-12 00:00:00+00:00, run_after=2024-09-13 00:00:00+00:00
[2024-09-13T02:39:46.227+0000] {logging_mixin.py:188} INFO - [2024-09-13T02:39:46.227+0000] {dag.py:3823} INFO - Setting next_dagrun for example_branch_datetime_operator_3 to 2024-09-12 00:00:00+00:00, run_after=2024-09-13 00:00:00+00:00
[2024-09-13T02:39:46.236+0000] {processor.py:183} INFO - Processing /home/airflow/.local/lib/python3.8/site-packages/airflow/example_dags/example_branch_datetime_operator.py took 0.056 seconds
[2024-09-13T02:40:16.270+0000] {processor.py:161} INFO - Started process (PID=1126) to work on /home/airflow/.local/lib/python3.8/site-packages/airflow/example_dags/example_branch_datetime_operator.py
[2024-09-13T02:40:16.271+0000] {processor.py:830} INFO - Processing file /home/airflow/.local/lib/python3.8/site-packages/airflow/example_dags/example_branch_datetime_operator.py for tasks to queue
[2024-09-13T02:40:16.271+0000] {logging_mixin.py:188} INFO - [2024-09-13T02:40:16.271+0000] {dagbag.py:538} INFO - Filling up the DagBag from /home/airflow/.local/lib/python3.8/site-packages/airflow/example_dags/example_branch_datetime_operator.py
[2024-09-13T02:40:16.278+0000] {processor.py:840} INFO - DAG(s) 'example_branch_datetime_operator', 'example_branch_datetime_operator_2', 'example_branch_datetime_operator_3' retrieved from /home/airflow/.local/lib/python3.8/site-packages/airflow/example_dags/example_branch_datetime_operator.py
[2024-09-13T02:40:16.297+0000] {logging_mixin.py:188} INFO - [2024-09-13T02:40:16.297+0000] {dag.py:3036} INFO - Sync 3 DAGs
[2024-09-13T02:40:16.312+0000] {logging_mixin.py:188} INFO - [2024-09-13T02:40:16.312+0000] {dag.py:3823} INFO - Setting next_dagrun for example_branch_datetime_operator to 2024-09-12 00:00:00+00:00, run_after=2024-09-13 00:00:00+00:00
[2024-09-13T02:40:16.315+0000] {logging_mixin.py:188} INFO - [2024-09-13T02:40:16.315+0000] {dag.py:3823} INFO - Setting next_dagrun for example_branch_datetime_operator_2 to 2024-09-12 00:00:00+00:00, run_after=2024-09-13 00:00:00+00:00
[2024-09-13T02:40:16.317+0000] {logging_mixin.py:188} INFO - [2024-09-13T02:40:16.316+0000] {dag.py:3823} INFO - Setting next_dagrun for example_branch_datetime_operator_3 to 2024-09-12 00:00:00+00:00, run_after=2024-09-13 00:00:00+00:00
[2024-09-13T02:40:16.327+0000] {processor.py:183} INFO - Processing /home/airflow/.local/lib/python3.8/site-packages/airflow/example_dags/example_branch_datetime_operator.py took 0.060 seconds
[2024-09-13T02:40:46.463+0000] {processor.py:161} INFO - Started process (PID=1370) to work on /home/airflow/.local/lib/python3.8/site-packages/airflow/example_dags/example_branch_datetime_operator.py
[2024-09-13T02:40:46.464+0000] {processor.py:830} INFO - Processing file /home/airflow/.local/lib/python3.8/site-packages/airflow/example_dags/example_branch_datetime_operator.py for tasks to queue
[2024-09-13T02:40:46.464+0000] {logging_mixin.py:188} INFO - [2024-09-13T02:40:46.464+0000] {dagbag.py:538} INFO - Filling up the DagBag from /home/airflow/.local/lib/python3.8/site-packages/airflow/example_dags/example_branch_datetime_operator.py
[2024-09-13T02:40:46.470+0000] {processor.py:840} INFO - DAG(s) 'example_branch_datetime_operator_2', 'example_branch_datetime_operator_3', 'example_branch_datetime_operator' retrieved from /home/airflow/.local/lib/python3.8/site-packages/airflow/example_dags/example_branch_datetime_operator.py
[2024-09-13T02:40:46.486+0000] {logging_mixin.py:188} INFO - [2024-09-13T02:40:46.486+0000] {dag.py:3036} INFO - Sync 3 DAGs
[2024-09-13T02:40:46.499+0000] {logging_mixin.py:188} INFO - [2024-09-13T02:40:46.498+0000] {dag.py:3823} INFO - Setting next_dagrun for example_branch_datetime_operator to 2024-09-12 00:00:00+00:00, run_after=2024-09-13 00:00:00+00:00
[2024-09-13T02:40:46.501+0000] {logging_mixin.py:188} INFO - [2024-09-13T02:40:46.501+0000] {dag.py:3823} INFO - Setting next_dagrun for example_branch_datetime_operator_2 to 2024-09-12 00:00:00+00:00, run_after=2024-09-13 00:00:00+00:00
[2024-09-13T02:40:46.503+0000] {logging_mixin.py:188} INFO - [2024-09-13T02:40:46.503+0000] {dag.py:3823} INFO - Setting next_dagrun for example_branch_datetime_operator_3 to 2024-09-12 00:00:00+00:00, run_after=2024-09-13 00:00:00+00:00
[2024-09-13T02:40:46.511+0000] {processor.py:183} INFO - Processing /home/airflow/.local/lib/python3.8/site-packages/airflow/example_dags/example_branch_datetime_operator.py took 0.050 seconds
[2024-09-13T02:41:17.462+0000] {processor.py:161} INFO - Started process (PID=1615) to work on /home/airflow/.local/lib/python3.8/site-packages/airflow/example_dags/example_branch_datetime_operator.py
[2024-09-13T02:41:17.463+0000] {processor.py:830} INFO - Processing file /home/airflow/.local/lib/python3.8/site-packages/airflow/example_dags/example_branch_datetime_operator.py for tasks to queue
[2024-09-13T02:41:17.464+0000] {logging_mixin.py:188} INFO - [2024-09-13T02:41:17.464+0000] {dagbag.py:538} INFO - Filling up the DagBag from /home/airflow/.local/lib/python3.8/site-packages/airflow/example_dags/example_branch_datetime_operator.py
[2024-09-13T02:41:17.471+0000] {processor.py:840} INFO - DAG(s) 'example_branch_datetime_operator_2', 'example_branch_datetime_operator_3', 'example_branch_datetime_operator' retrieved from /home/airflow/.local/lib/python3.8/site-packages/airflow/example_dags/example_branch_datetime_operator.py
[2024-09-13T02:41:17.490+0000] {logging_mixin.py:188} INFO - [2024-09-13T02:41:17.490+0000] {dag.py:3036} INFO - Sync 3 DAGs
[2024-09-13T02:41:17.504+0000] {logging_mixin.py:188} INFO - [2024-09-13T02:41:17.503+0000] {dag.py:3823} INFO - Setting next_dagrun for example_branch_datetime_operator to 2024-09-12 00:00:00+00:00, run_after=2024-09-13 00:00:00+00:00
[2024-09-13T02:41:17.507+0000] {logging_mixin.py:188} INFO - [2024-09-13T02:41:17.507+0000] {dag.py:3823} INFO - Setting next_dagrun for example_branch_datetime_operator_2 to 2024-09-12 00:00:00+00:00, run_after=2024-09-13 00:00:00+00:00
[2024-09-13T02:41:17.509+0000] {logging_mixin.py:188} INFO - [2024-09-13T02:41:17.509+0000] {dag.py:3823} INFO - Setting next_dagrun for example_branch_datetime_operator_3 to 2024-09-12 00:00:00+00:00, run_after=2024-09-13 00:00:00+00:00
[2024-09-13T02:41:17.520+0000] {processor.py:183} INFO - Processing /home/airflow/.local/lib/python3.8/site-packages/airflow/example_dags/example_branch_datetime_operator.py took 0.060 seconds
[2024-09-13T02:41:48.201+0000] {processor.py:161} INFO - Started process (PID=1861) to work on /home/airflow/.local/lib/python3.8/site-packages/airflow/example_dags/example_branch_datetime_operator.py
[2024-09-13T02:41:48.201+0000] {processor.py:830} INFO - Processing file /home/airflow/.local/lib/python3.8/site-packages/airflow/example_dags/example_branch_datetime_operator.py for tasks to queue
[2024-09-13T02:41:48.202+0000] {logging_mixin.py:188} INFO - [2024-09-13T02:41:48.202+0000] {dagbag.py:538} INFO - Filling up the DagBag from /home/airflow/.local/lib/python3.8/site-packages/airflow/example_dags/example_branch_datetime_operator.py
[2024-09-13T02:41:48.208+0000] {processor.py:840} INFO - DAG(s) 'example_branch_datetime_operator_2', 'example_branch_datetime_operator', 'example_branch_datetime_operator_3' retrieved from /home/airflow/.local/lib/python3.8/site-packages/airflow/example_dags/example_branch_datetime_operator.py
[2024-09-13T02:41:48.224+0000] {logging_mixin.py:188} INFO - [2024-09-13T02:41:48.224+0000] {dag.py:3036} INFO - Sync 3 DAGs
[2024-09-13T02:41:48.236+0000] {logging_mixin.py:188} INFO - [2024-09-13T02:41:48.236+0000] {dag.py:3823} INFO - Setting next_dagrun for example_branch_datetime_operator to 2024-09-12 00:00:00+00:00, run_after=2024-09-13 00:00:00+00:00
[2024-09-13T02:41:48.239+0000] {logging_mixin.py:188} INFO - [2024-09-13T02:41:48.238+0000] {dag.py:3823} INFO - Setting next_dagrun for example_branch_datetime_operator_2 to 2024-09-12 00:00:00+00:00, run_after=2024-09-13 00:00:00+00:00
[2024-09-13T02:41:48.240+0000] {logging_mixin.py:188} INFO - [2024-09-13T02:41:48.240+0000] {dag.py:3823} INFO - Setting next_dagrun for example_branch_datetime_operator_3 to 2024-09-12 00:00:00+00:00, run_after=2024-09-13 00:00:00+00:00
[2024-09-13T02:41:48.251+0000] {processor.py:183} INFO - Processing /home/airflow/.local/lib/python3.8/site-packages/airflow/example_dags/example_branch_datetime_operator.py took 0.052 seconds
[2024-09-13T02:42:18.805+0000] {processor.py:161} INFO - Started process (PID=2108) to work on /home/airflow/.local/lib/python3.8/site-packages/airflow/example_dags/example_branch_datetime_operator.py
[2024-09-13T02:42:18.806+0000] {processor.py:830} INFO - Processing file /home/airflow/.local/lib/python3.8/site-packages/airflow/example_dags/example_branch_datetime_operator.py for tasks to queue
[2024-09-13T02:42:18.807+0000] {logging_mixin.py:188} INFO - [2024-09-13T02:42:18.806+0000] {dagbag.py:538} INFO - Filling up the DagBag from /home/airflow/.local/lib/python3.8/site-packages/airflow/example_dags/example_branch_datetime_operator.py
[2024-09-13T02:42:18.812+0000] {processor.py:840} INFO - DAG(s) 'example_branch_datetime_operator_3', 'example_branch_datetime_operator_2', 'example_branch_datetime_operator' retrieved from /home/airflow/.local/lib/python3.8/site-packages/airflow/example_dags/example_branch_datetime_operator.py
[2024-09-13T02:42:18.899+0000] {logging_mixin.py:188} INFO - [2024-09-13T02:42:18.899+0000] {dag.py:3036} INFO - Sync 3 DAGs
[2024-09-13T02:42:18.913+0000] {logging_mixin.py:188} INFO - [2024-09-13T02:42:18.913+0000] {dag.py:3823} INFO - Setting next_dagrun for example_branch_datetime_operator to 2024-09-12 00:00:00+00:00, run_after=2024-09-13 00:00:00+00:00
[2024-09-13T02:42:18.916+0000] {logging_mixin.py:188} INFO - [2024-09-13T02:42:18.916+0000] {dag.py:3823} INFO - Setting next_dagrun for example_branch_datetime_operator_2 to 2024-09-12 00:00:00+00:00, run_after=2024-09-13 00:00:00+00:00
[2024-09-13T02:42:18.918+0000] {logging_mixin.py:188} INFO - [2024-09-13T02:42:18.918+0000] {dag.py:3823} INFO - Setting next_dagrun for example_branch_datetime_operator_3 to 2024-09-12 00:00:00+00:00, run_after=2024-09-13 00:00:00+00:00
[2024-09-13T02:42:18.926+0000] {processor.py:183} INFO - Processing /home/airflow/.local/lib/python3.8/site-packages/airflow/example_dags/example_branch_datetime_operator.py took 0.123 seconds
[2024-09-13T02:42:49.746+0000] {processor.py:161} INFO - Started process (PID=2355) to work on /home/airflow/.local/lib/python3.8/site-packages/airflow/example_dags/example_branch_datetime_operator.py
[2024-09-13T02:42:49.747+0000] {processor.py:830} INFO - Processing file /home/airflow/.local/lib/python3.8/site-packages/airflow/example_dags/example_branch_datetime_operator.py for tasks to queue
[2024-09-13T02:42:49.748+0000] {logging_mixin.py:188} INFO - [2024-09-13T02:42:49.748+0000] {dagbag.py:538} INFO - Filling up the DagBag from /home/airflow/.local/lib/python3.8/site-packages/airflow/example_dags/example_branch_datetime_operator.py
[2024-09-13T02:42:49.754+0000] {processor.py:840} INFO - DAG(s) 'example_branch_datetime_operator', 'example_branch_datetime_operator_3', 'example_branch_datetime_operator_2' retrieved from /home/airflow/.local/lib/python3.8/site-packages/airflow/example_dags/example_branch_datetime_operator.py
[2024-09-13T02:42:49.769+0000] {logging_mixin.py:188} INFO - [2024-09-13T02:42:49.769+0000] {dag.py:3036} INFO - Sync 3 DAGs
[2024-09-13T02:42:49.782+0000] {logging_mixin.py:188} INFO - [2024-09-13T02:42:49.781+0000] {dag.py:3823} INFO - Setting next_dagrun for example_branch_datetime_operator to 2024-09-12 00:00:00+00:00, run_after=2024-09-13 00:00:00+00:00
[2024-09-13T02:42:49.785+0000] {logging_mixin.py:188} INFO - [2024-09-13T02:42:49.784+0000] {dag.py:3823} INFO - Setting next_dagrun for example_branch_datetime_operator_2 to 2024-09-12 00:00:00+00:00, run_after=2024-09-13 00:00:00+00:00
[2024-09-13T02:42:49.819+0000] {logging_mixin.py:188} INFO - [2024-09-13T02:42:49.818+0000] {dag.py:3823} INFO - Setting next_dagrun for example_branch_datetime_operator_3 to 2024-09-12 00:00:00+00:00, run_after=2024-09-13 00:00:00+00:00
[2024-09-13T02:42:49.871+0000] {processor.py:183} INFO - Processing /home/airflow/.local/lib/python3.8/site-packages/airflow/example_dags/example_branch_datetime_operator.py took 0.127 seconds
[2024-09-13T02:43:19.902+0000] {processor.py:161} INFO - Started process (PID=2602) to work on /home/airflow/.local/lib/python3.8/site-packages/airflow/example_dags/example_branch_datetime_operator.py
[2024-09-13T02:43:19.903+0000] {processor.py:830} INFO - Processing file /home/airflow/.local/lib/python3.8/site-packages/airflow/example_dags/example_branch_datetime_operator.py for tasks to queue
[2024-09-13T02:43:19.904+0000] {logging_mixin.py:188} INFO - [2024-09-13T02:43:19.903+0000] {dagbag.py:538} INFO - Filling up the DagBag from /home/airflow/.local/lib/python3.8/site-packages/airflow/example_dags/example_branch_datetime_operator.py
[2024-09-13T02:43:19.909+0000] {processor.py:840} INFO - DAG(s) 'example_branch_datetime_operator_2', 'example_branch_datetime_operator', 'example_branch_datetime_operator_3' retrieved from /home/airflow/.local/lib/python3.8/site-packages/airflow/example_dags/example_branch_datetime_operator.py
[2024-09-13T02:43:19.928+0000] {logging_mixin.py:188} INFO - [2024-09-13T02:43:19.928+0000] {dag.py:3036} INFO - Sync 3 DAGs
[2024-09-13T02:43:19.942+0000] {logging_mixin.py:188} INFO - [2024-09-13T02:43:19.941+0000] {dag.py:3823} INFO - Setting next_dagrun for example_branch_datetime_operator to 2024-09-12 00:00:00+00:00, run_after=2024-09-13 00:00:00+00:00
[2024-09-13T02:43:19.945+0000] {logging_mixin.py:188} INFO - [2024-09-13T02:43:19.944+0000] {dag.py:3823} INFO - Setting next_dagrun for example_branch_datetime_operator_2 to 2024-09-12 00:00:00+00:00, run_after=2024-09-13 00:00:00+00:00
[2024-09-13T02:43:19.946+0000] {logging_mixin.py:188} INFO - [2024-09-13T02:43:19.946+0000] {dag.py:3823} INFO - Setting next_dagrun for example_branch_datetime_operator_3 to 2024-09-12 00:00:00+00:00, run_after=2024-09-13 00:00:00+00:00
[2024-09-13T02:43:19.955+0000] {processor.py:183} INFO - Processing /home/airflow/.local/lib/python3.8/site-packages/airflow/example_dags/example_branch_datetime_operator.py took 0.055 seconds
[2024-09-13T02:43:50.563+0000] {processor.py:161} INFO - Started process (PID=2849) to work on /home/airflow/.local/lib/python3.8/site-packages/airflow/example_dags/example_branch_datetime_operator.py
[2024-09-13T02:43:50.564+0000] {processor.py:830} INFO - Processing file /home/airflow/.local/lib/python3.8/site-packages/airflow/example_dags/example_branch_datetime_operator.py for tasks to queue
[2024-09-13T02:43:50.565+0000] {logging_mixin.py:188} INFO - [2024-09-13T02:43:50.565+0000] {dagbag.py:538} INFO - Filling up the DagBag from /home/airflow/.local/lib/python3.8/site-packages/airflow/example_dags/example_branch_datetime_operator.py
[2024-09-13T02:43:50.571+0000] {processor.py:840} INFO - DAG(s) 'example_branch_datetime_operator', 'example_branch_datetime_operator_3', 'example_branch_datetime_operator_2' retrieved from /home/airflow/.local/lib/python3.8/site-packages/airflow/example_dags/example_branch_datetime_operator.py
[2024-09-13T02:43:50.586+0000] {logging_mixin.py:188} INFO - [2024-09-13T02:43:50.586+0000] {dag.py:3036} INFO - Sync 3 DAGs
[2024-09-13T02:43:50.600+0000] {logging_mixin.py:188} INFO - [2024-09-13T02:43:50.599+0000] {dag.py:3823} INFO - Setting next_dagrun for example_branch_datetime_operator to 2024-09-12 00:00:00+00:00, run_after=2024-09-13 00:00:00+00:00
[2024-09-13T02:43:50.603+0000] {logging_mixin.py:188} INFO - [2024-09-13T02:43:50.602+0000] {dag.py:3823} INFO - Setting next_dagrun for example_branch_datetime_operator_2 to 2024-09-12 00:00:00+00:00, run_after=2024-09-13 00:00:00+00:00
[2024-09-13T02:43:50.605+0000] {logging_mixin.py:188} INFO - [2024-09-13T02:43:50.605+0000] {dag.py:3823} INFO - Setting next_dagrun for example_branch_datetime_operator_3 to 2024-09-12 00:00:00+00:00, run_after=2024-09-13 00:00:00+00:00
[2024-09-13T02:43:50.614+0000] {processor.py:183} INFO - Processing /home/airflow/.local/lib/python3.8/site-packages/airflow/example_dags/example_branch_datetime_operator.py took 0.053 seconds
[2024-09-13T02:44:21.266+0000] {processor.py:161} INFO - Started process (PID=3096) to work on /home/airflow/.local/lib/python3.8/site-packages/airflow/example_dags/example_branch_datetime_operator.py
[2024-09-13T02:44:21.267+0000] {processor.py:830} INFO - Processing file /home/airflow/.local/lib/python3.8/site-packages/airflow/example_dags/example_branch_datetime_operator.py for tasks to queue
[2024-09-13T02:44:21.268+0000] {logging_mixin.py:188} INFO - [2024-09-13T02:44:21.267+0000] {dagbag.py:538} INFO - Filling up the DagBag from /home/airflow/.local/lib/python3.8/site-packages/airflow/example_dags/example_branch_datetime_operator.py
[2024-09-13T02:44:21.273+0000] {processor.py:840} INFO - DAG(s) 'example_branch_datetime_operator', 'example_branch_datetime_operator_3', 'example_branch_datetime_operator_2' retrieved from /home/airflow/.local/lib/python3.8/site-packages/airflow/example_dags/example_branch_datetime_operator.py
[2024-09-13T02:44:21.289+0000] {logging_mixin.py:188} INFO - [2024-09-13T02:44:21.289+0000] {dag.py:3036} INFO - Sync 3 DAGs
[2024-09-13T02:44:21.301+0000] {logging_mixin.py:188} INFO - [2024-09-13T02:44:21.301+0000] {dag.py:3823} INFO - Setting next_dagrun for example_branch_datetime_operator to 2024-09-12 00:00:00+00:00, run_after=2024-09-13 00:00:00+00:00
[2024-09-13T02:44:21.304+0000] {logging_mixin.py:188} INFO - [2024-09-13T02:44:21.304+0000] {dag.py:3823} INFO - Setting next_dagrun for example_branch_datetime_operator_2 to 2024-09-12 00:00:00+00:00, run_after=2024-09-13 00:00:00+00:00
[2024-09-13T02:44:21.305+0000] {logging_mixin.py:188} INFO - [2024-09-13T02:44:21.305+0000] {dag.py:3823} INFO - Setting next_dagrun for example_branch_datetime_operator_3 to 2024-09-12 00:00:00+00:00, run_after=2024-09-13 00:00:00+00:00
[2024-09-13T02:44:21.314+0000] {processor.py:183} INFO - Processing /home/airflow/.local/lib/python3.8/site-packages/airflow/example_dags/example_branch_datetime_operator.py took 0.050 seconds
[2024-09-13T02:44:51.992+0000] {processor.py:161} INFO - Started process (PID=3343) to work on /home/airflow/.local/lib/python3.8/site-packages/airflow/example_dags/example_branch_datetime_operator.py
[2024-09-13T02:44:51.993+0000] {processor.py:830} INFO - Processing file /home/airflow/.local/lib/python3.8/site-packages/airflow/example_dags/example_branch_datetime_operator.py for tasks to queue
[2024-09-13T02:44:51.994+0000] {logging_mixin.py:188} INFO - [2024-09-13T02:44:51.994+0000] {dagbag.py:538} INFO - Filling up the DagBag from /home/airflow/.local/lib/python3.8/site-packages/airflow/example_dags/example_branch_datetime_operator.py
[2024-09-13T02:44:52.000+0000] {processor.py:840} INFO - DAG(s) 'example_branch_datetime_operator', 'example_branch_datetime_operator_2', 'example_branch_datetime_operator_3' retrieved from /home/airflow/.local/lib/python3.8/site-packages/airflow/example_dags/example_branch_datetime_operator.py
[2024-09-13T02:44:52.017+0000] {logging_mixin.py:188} INFO - [2024-09-13T02:44:52.016+0000] {dag.py:3036} INFO - Sync 3 DAGs
[2024-09-13T02:44:52.030+0000] {logging_mixin.py:188} INFO - [2024-09-13T02:44:52.029+0000] {dag.py:3823} INFO - Setting next_dagrun for example_branch_datetime_operator to 2024-09-12 00:00:00+00:00, run_after=2024-09-13 00:00:00+00:00
[2024-09-13T02:44:52.033+0000] {logging_mixin.py:188} INFO - [2024-09-13T02:44:52.033+0000] {dag.py:3823} INFO - Setting next_dagrun for example_branch_datetime_operator_2 to 2024-09-12 00:00:00+00:00, run_after=2024-09-13 00:00:00+00:00
[2024-09-13T02:44:52.036+0000] {logging_mixin.py:188} INFO - [2024-09-13T02:44:52.036+0000] {dag.py:3823} INFO - Setting next_dagrun for example_branch_datetime_operator_3 to 2024-09-12 00:00:00+00:00, run_after=2024-09-13 00:00:00+00:00
[2024-09-13T02:44:52.047+0000] {processor.py:183} INFO - Processing /home/airflow/.local/lib/python3.8/site-packages/airflow/example_dags/example_branch_datetime_operator.py took 0.057 seconds
[2024-09-13T02:45:22.823+0000] {processor.py:161} INFO - Started process (PID=3590) to work on /home/airflow/.local/lib/python3.8/site-packages/airflow/example_dags/example_branch_datetime_operator.py
[2024-09-13T02:45:22.824+0000] {processor.py:830} INFO - Processing file /home/airflow/.local/lib/python3.8/site-packages/airflow/example_dags/example_branch_datetime_operator.py for tasks to queue
[2024-09-13T02:45:22.825+0000] {logging_mixin.py:188} INFO - [2024-09-13T02:45:22.825+0000] {dagbag.py:538} INFO - Filling up the DagBag from /home/airflow/.local/lib/python3.8/site-packages/airflow/example_dags/example_branch_datetime_operator.py
[2024-09-13T02:45:22.835+0000] {processor.py:840} INFO - DAG(s) 'example_branch_datetime_operator_2', 'example_branch_datetime_operator_3', 'example_branch_datetime_operator' retrieved from /home/airflow/.local/lib/python3.8/site-packages/airflow/example_dags/example_branch_datetime_operator.py
[2024-09-13T02:45:22.870+0000] {logging_mixin.py:188} INFO - [2024-09-13T02:45:22.870+0000] {dag.py:3036} INFO - Sync 3 DAGs
[2024-09-13T02:45:22.887+0000] {logging_mixin.py:188} INFO - [2024-09-13T02:45:22.887+0000] {dag.py:3823} INFO - Setting next_dagrun for example_branch_datetime_operator to 2024-09-12 00:00:00+00:00, run_after=2024-09-13 00:00:00+00:00
[2024-09-13T02:45:22.890+0000] {logging_mixin.py:188} INFO - [2024-09-13T02:45:22.890+0000] {dag.py:3823} INFO - Setting next_dagrun for example_branch_datetime_operator_2 to 2024-09-12 00:00:00+00:00, run_after=2024-09-13 00:00:00+00:00
[2024-09-13T02:45:22.892+0000] {logging_mixin.py:188} INFO - [2024-09-13T02:45:22.892+0000] {dag.py:3823} INFO - Setting next_dagrun for example_branch_datetime_operator_3 to 2024-09-12 00:00:00+00:00, run_after=2024-09-13 00:00:00+00:00
[2024-09-13T02:45:22.902+0000] {processor.py:183} INFO - Processing /home/airflow/.local/lib/python3.8/site-packages/airflow/example_dags/example_branch_datetime_operator.py took 0.082 seconds
[2024-09-13T02:45:53.071+0000] {processor.py:161} INFO - Started process (PID=3837) to work on /home/airflow/.local/lib/python3.8/site-packages/airflow/example_dags/example_branch_datetime_operator.py
[2024-09-13T02:45:53.072+0000] {processor.py:830} INFO - Processing file /home/airflow/.local/lib/python3.8/site-packages/airflow/example_dags/example_branch_datetime_operator.py for tasks to queue
[2024-09-13T02:45:53.072+0000] {logging_mixin.py:188} INFO - [2024-09-13T02:45:53.072+0000] {dagbag.py:538} INFO - Filling up the DagBag from /home/airflow/.local/lib/python3.8/site-packages/airflow/example_dags/example_branch_datetime_operator.py
[2024-09-13T02:45:53.079+0000] {processor.py:840} INFO - DAG(s) 'example_branch_datetime_operator', 'example_branch_datetime_operator_3', 'example_branch_datetime_operator_2' retrieved from /home/airflow/.local/lib/python3.8/site-packages/airflow/example_dags/example_branch_datetime_operator.py
[2024-09-13T02:45:53.105+0000] {logging_mixin.py:188} INFO - [2024-09-13T02:45:53.105+0000] {dag.py:3036} INFO - Sync 3 DAGs
[2024-09-13T02:45:53.124+0000] {logging_mixin.py:188} INFO - [2024-09-13T02:45:53.124+0000] {dag.py:3823} INFO - Setting next_dagrun for example_branch_datetime_operator to 2024-09-12 00:00:00+00:00, run_after=2024-09-13 00:00:00+00:00
[2024-09-13T02:45:53.128+0000] {logging_mixin.py:188} INFO - [2024-09-13T02:45:53.128+0000] {dag.py:3823} INFO - Setting next_dagrun for example_branch_datetime_operator_2 to 2024-09-12 00:00:00+00:00, run_after=2024-09-13 00:00:00+00:00
[2024-09-13T02:45:53.130+0000] {logging_mixin.py:188} INFO - [2024-09-13T02:45:53.130+0000] {dag.py:3823} INFO - Setting next_dagrun for example_branch_datetime_operator_3 to 2024-09-12 00:00:00+00:00, run_after=2024-09-13 00:00:00+00:00
[2024-09-13T02:45:53.144+0000] {processor.py:183} INFO - Processing /home/airflow/.local/lib/python3.8/site-packages/airflow/example_dags/example_branch_datetime_operator.py took 0.077 seconds
[2024-09-13T02:46:23.194+0000] {processor.py:161} INFO - Started process (PID=4084) to work on /home/airflow/.local/lib/python3.8/site-packages/airflow/example_dags/example_branch_datetime_operator.py
[2024-09-13T02:46:23.195+0000] {processor.py:830} INFO - Processing file /home/airflow/.local/lib/python3.8/site-packages/airflow/example_dags/example_branch_datetime_operator.py for tasks to queue
[2024-09-13T02:46:23.195+0000] {logging_mixin.py:188} INFO - [2024-09-13T02:46:23.195+0000] {dagbag.py:538} INFO - Filling up the DagBag from /home/airflow/.local/lib/python3.8/site-packages/airflow/example_dags/example_branch_datetime_operator.py
[2024-09-13T02:46:23.201+0000] {processor.py:840} INFO - DAG(s) 'example_branch_datetime_operator', 'example_branch_datetime_operator_3', 'example_branch_datetime_operator_2' retrieved from /home/airflow/.local/lib/python3.8/site-packages/airflow/example_dags/example_branch_datetime_operator.py
[2024-09-13T02:46:23.216+0000] {logging_mixin.py:188} INFO - [2024-09-13T02:46:23.216+0000] {dag.py:3036} INFO - Sync 3 DAGs
[2024-09-13T02:46:23.228+0000] {logging_mixin.py:188} INFO - [2024-09-13T02:46:23.228+0000] {dag.py:3823} INFO - Setting next_dagrun for example_branch_datetime_operator to 2024-09-12 00:00:00+00:00, run_after=2024-09-13 00:00:00+00:00
[2024-09-13T02:46:23.230+0000] {logging_mixin.py:188} INFO - [2024-09-13T02:46:23.230+0000] {dag.py:3823} INFO - Setting next_dagrun for example_branch_datetime_operator_2 to 2024-09-12 00:00:00+00:00, run_after=2024-09-13 00:00:00+00:00
[2024-09-13T02:46:23.232+0000] {logging_mixin.py:188} INFO - [2024-09-13T02:46:23.232+0000] {dag.py:3823} INFO - Setting next_dagrun for example_branch_datetime_operator_3 to 2024-09-12 00:00:00+00:00, run_after=2024-09-13 00:00:00+00:00
[2024-09-13T02:46:23.241+0000] {processor.py:183} INFO - Processing /home/airflow/.local/lib/python3.8/site-packages/airflow/example_dags/example_branch_datetime_operator.py took 0.049 seconds
[2024-09-13T02:46:53.385+0000] {processor.py:161} INFO - Started process (PID=4331) to work on /home/airflow/.local/lib/python3.8/site-packages/airflow/example_dags/example_branch_datetime_operator.py
[2024-09-13T02:46:53.386+0000] {processor.py:830} INFO - Processing file /home/airflow/.local/lib/python3.8/site-packages/airflow/example_dags/example_branch_datetime_operator.py for tasks to queue
[2024-09-13T02:46:53.387+0000] {logging_mixin.py:188} INFO - [2024-09-13T02:46:53.386+0000] {dagbag.py:538} INFO - Filling up the DagBag from /home/airflow/.local/lib/python3.8/site-packages/airflow/example_dags/example_branch_datetime_operator.py
[2024-09-13T02:46:53.392+0000] {processor.py:840} INFO - DAG(s) 'example_branch_datetime_operator_2', 'example_branch_datetime_operator', 'example_branch_datetime_operator_3' retrieved from /home/airflow/.local/lib/python3.8/site-packages/airflow/example_dags/example_branch_datetime_operator.py
[2024-09-13T02:46:53.408+0000] {logging_mixin.py:188} INFO - [2024-09-13T02:46:53.408+0000] {dag.py:3036} INFO - Sync 3 DAGs
[2024-09-13T02:46:53.421+0000] {logging_mixin.py:188} INFO - [2024-09-13T02:46:53.420+0000] {dag.py:3823} INFO - Setting next_dagrun for example_branch_datetime_operator to 2024-09-12 00:00:00+00:00, run_after=2024-09-13 00:00:00+00:00
[2024-09-13T02:46:53.424+0000] {logging_mixin.py:188} INFO - [2024-09-13T02:46:53.423+0000] {dag.py:3823} INFO - Setting next_dagrun for example_branch_datetime_operator_2 to 2024-09-12 00:00:00+00:00, run_after=2024-09-13 00:00:00+00:00
[2024-09-13T02:46:53.425+0000] {logging_mixin.py:188} INFO - [2024-09-13T02:46:53.425+0000] {dag.py:3823} INFO - Setting next_dagrun for example_branch_datetime_operator_3 to 2024-09-12 00:00:00+00:00, run_after=2024-09-13 00:00:00+00:00
[2024-09-13T02:46:53.435+0000] {processor.py:183} INFO - Processing /home/airflow/.local/lib/python3.8/site-packages/airflow/example_dags/example_branch_datetime_operator.py took 0.052 seconds
[2024-09-13T02:47:24.208+0000] {processor.py:161} INFO - Started process (PID=4578) to work on /home/airflow/.local/lib/python3.8/site-packages/airflow/example_dags/example_branch_datetime_operator.py
[2024-09-13T02:47:24.209+0000] {processor.py:830} INFO - Processing file /home/airflow/.local/lib/python3.8/site-packages/airflow/example_dags/example_branch_datetime_operator.py for tasks to queue
[2024-09-13T02:47:24.210+0000] {logging_mixin.py:188} INFO - [2024-09-13T02:47:24.210+0000] {dagbag.py:538} INFO - Filling up the DagBag from /home/airflow/.local/lib/python3.8/site-packages/airflow/example_dags/example_branch_datetime_operator.py
[2024-09-13T02:47:24.216+0000] {processor.py:840} INFO - DAG(s) 'example_branch_datetime_operator_3', 'example_branch_datetime_operator_2', 'example_branch_datetime_operator' retrieved from /home/airflow/.local/lib/python3.8/site-packages/airflow/example_dags/example_branch_datetime_operator.py
[2024-09-13T02:47:24.234+0000] {logging_mixin.py:188} INFO - [2024-09-13T02:47:24.234+0000] {dag.py:3036} INFO - Sync 3 DAGs
[2024-09-13T02:47:24.250+0000] {logging_mixin.py:188} INFO - [2024-09-13T02:47:24.250+0000] {dag.py:3823} INFO - Setting next_dagrun for example_branch_datetime_operator to 2024-09-12 00:00:00+00:00, run_after=2024-09-13 00:00:00+00:00
[2024-09-13T02:47:24.253+0000] {logging_mixin.py:188} INFO - [2024-09-13T02:47:24.253+0000] {dag.py:3823} INFO - Setting next_dagrun for example_branch_datetime_operator_2 to 2024-09-12 00:00:00+00:00, run_after=2024-09-13 00:00:00+00:00
[2024-09-13T02:47:24.255+0000] {logging_mixin.py:188} INFO - [2024-09-13T02:47:24.255+0000] {dag.py:3823} INFO - Setting next_dagrun for example_branch_datetime_operator_3 to 2024-09-12 00:00:00+00:00, run_after=2024-09-13 00:00:00+00:00
[2024-09-13T02:47:24.265+0000] {processor.py:183} INFO - Processing /home/airflow/.local/lib/python3.8/site-packages/airflow/example_dags/example_branch_datetime_operator.py took 0.059 seconds
[2024-09-13T02:47:55.378+0000] {processor.py:161} INFO - Started process (PID=4825) to work on /home/airflow/.local/lib/python3.8/site-packages/airflow/example_dags/example_branch_datetime_operator.py
[2024-09-13T02:47:55.379+0000] {processor.py:830} INFO - Processing file /home/airflow/.local/lib/python3.8/site-packages/airflow/example_dags/example_branch_datetime_operator.py for tasks to queue
[2024-09-13T02:47:55.380+0000] {logging_mixin.py:188} INFO - [2024-09-13T02:47:55.380+0000] {dagbag.py:538} INFO - Filling up the DagBag from /home/airflow/.local/lib/python3.8/site-packages/airflow/example_dags/example_branch_datetime_operator.py
[2024-09-13T02:47:55.385+0000] {processor.py:840} INFO - DAG(s) 'example_branch_datetime_operator_3', 'example_branch_datetime_operator', 'example_branch_datetime_operator_2' retrieved from /home/airflow/.local/lib/python3.8/site-packages/airflow/example_dags/example_branch_datetime_operator.py
[2024-09-13T02:47:55.401+0000] {logging_mixin.py:188} INFO - [2024-09-13T02:47:55.401+0000] {dag.py:3036} INFO - Sync 3 DAGs
[2024-09-13T02:47:55.414+0000] {logging_mixin.py:188} INFO - [2024-09-13T02:47:55.414+0000] {dag.py:3823} INFO - Setting next_dagrun for example_branch_datetime_operator to 2024-09-12 00:00:00+00:00, run_after=2024-09-13 00:00:00+00:00
[2024-09-13T02:47:55.417+0000] {logging_mixin.py:188} INFO - [2024-09-13T02:47:55.417+0000] {dag.py:3823} INFO - Setting next_dagrun for example_branch_datetime_operator_2 to 2024-09-12 00:00:00+00:00, run_after=2024-09-13 00:00:00+00:00
[2024-09-13T02:47:55.420+0000] {logging_mixin.py:188} INFO - [2024-09-13T02:47:55.420+0000] {dag.py:3823} INFO - Setting next_dagrun for example_branch_datetime_operator_3 to 2024-09-12 00:00:00+00:00, run_after=2024-09-13 00:00:00+00:00
[2024-09-13T02:47:55.430+0000] {processor.py:183} INFO - Processing /home/airflow/.local/lib/python3.8/site-packages/airflow/example_dags/example_branch_datetime_operator.py took 0.055 seconds
[2024-09-13T02:48:26.382+0000] {processor.py:161} INFO - Started process (PID=5072) to work on /home/airflow/.local/lib/python3.8/site-packages/airflow/example_dags/example_branch_datetime_operator.py
[2024-09-13T02:48:26.383+0000] {processor.py:830} INFO - Processing file /home/airflow/.local/lib/python3.8/site-packages/airflow/example_dags/example_branch_datetime_operator.py for tasks to queue
[2024-09-13T02:48:26.383+0000] {logging_mixin.py:188} INFO - [2024-09-13T02:48:26.383+0000] {dagbag.py:538} INFO - Filling up the DagBag from /home/airflow/.local/lib/python3.8/site-packages/airflow/example_dags/example_branch_datetime_operator.py
[2024-09-13T02:48:26.389+0000] {processor.py:840} INFO - DAG(s) 'example_branch_datetime_operator_2', 'example_branch_datetime_operator', 'example_branch_datetime_operator_3' retrieved from /home/airflow/.local/lib/python3.8/site-packages/airflow/example_dags/example_branch_datetime_operator.py
[2024-09-13T02:48:26.406+0000] {logging_mixin.py:188} INFO - [2024-09-13T02:48:26.406+0000] {dag.py:3036} INFO - Sync 3 DAGs
[2024-09-13T02:48:26.422+0000] {logging_mixin.py:188} INFO - [2024-09-13T02:48:26.422+0000] {dag.py:3823} INFO - Setting next_dagrun for example_branch_datetime_operator to 2024-09-12 00:00:00+00:00, run_after=2024-09-13 00:00:00+00:00
[2024-09-13T02:48:26.426+0000] {logging_mixin.py:188} INFO - [2024-09-13T02:48:26.426+0000] {dag.py:3823} INFO - Setting next_dagrun for example_branch_datetime_operator_2 to 2024-09-12 00:00:00+00:00, run_after=2024-09-13 00:00:00+00:00
[2024-09-13T02:48:26.428+0000] {logging_mixin.py:188} INFO - [2024-09-13T02:48:26.428+0000] {dag.py:3823} INFO - Setting next_dagrun for example_branch_datetime_operator_3 to 2024-09-12 00:00:00+00:00, run_after=2024-09-13 00:00:00+00:00
[2024-09-13T02:48:26.440+0000] {processor.py:183} INFO - Processing /home/airflow/.local/lib/python3.8/site-packages/airflow/example_dags/example_branch_datetime_operator.py took 0.061 seconds
[2024-09-13T02:48:57.197+0000] {processor.py:161} INFO - Started process (PID=5319) to work on /home/airflow/.local/lib/python3.8/site-packages/airflow/example_dags/example_branch_datetime_operator.py
[2024-09-13T02:48:57.198+0000] {processor.py:830} INFO - Processing file /home/airflow/.local/lib/python3.8/site-packages/airflow/example_dags/example_branch_datetime_operator.py for tasks to queue
[2024-09-13T02:48:57.199+0000] {logging_mixin.py:188} INFO - [2024-09-13T02:48:57.199+0000] {dagbag.py:538} INFO - Filling up the DagBag from /home/airflow/.local/lib/python3.8/site-packages/airflow/example_dags/example_branch_datetime_operator.py
[2024-09-13T02:48:57.204+0000] {processor.py:840} INFO - DAG(s) 'example_branch_datetime_operator_3', 'example_branch_datetime_operator_2', 'example_branch_datetime_operator' retrieved from /home/airflow/.local/lib/python3.8/site-packages/airflow/example_dags/example_branch_datetime_operator.py
[2024-09-13T02:48:57.221+0000] {logging_mixin.py:188} INFO - [2024-09-13T02:48:57.221+0000] {dag.py:3036} INFO - Sync 3 DAGs
[2024-09-13T02:48:57.235+0000] {logging_mixin.py:188} INFO - [2024-09-13T02:48:57.235+0000] {dag.py:3823} INFO - Setting next_dagrun for example_branch_datetime_operator to 2024-09-12 00:00:00+00:00, run_after=2024-09-13 00:00:00+00:00
[2024-09-13T02:48:57.238+0000] {logging_mixin.py:188} INFO - [2024-09-13T02:48:57.238+0000] {dag.py:3823} INFO - Setting next_dagrun for example_branch_datetime_operator_2 to 2024-09-12 00:00:00+00:00, run_after=2024-09-13 00:00:00+00:00
[2024-09-13T02:48:57.241+0000] {logging_mixin.py:188} INFO - [2024-09-13T02:48:57.241+0000] {dag.py:3823} INFO - Setting next_dagrun for example_branch_datetime_operator_3 to 2024-09-12 00:00:00+00:00, run_after=2024-09-13 00:00:00+00:00
[2024-09-13T02:48:57.252+0000] {processor.py:183} INFO - Processing /home/airflow/.local/lib/python3.8/site-packages/airflow/example_dags/example_branch_datetime_operator.py took 0.057 seconds
[2024-09-13T02:49:27.904+0000] {processor.py:161} INFO - Started process (PID=5566) to work on /home/airflow/.local/lib/python3.8/site-packages/airflow/example_dags/example_branch_datetime_operator.py
[2024-09-13T02:49:27.905+0000] {processor.py:830} INFO - Processing file /home/airflow/.local/lib/python3.8/site-packages/airflow/example_dags/example_branch_datetime_operator.py for tasks to queue
[2024-09-13T02:49:27.906+0000] {logging_mixin.py:188} INFO - [2024-09-13T02:49:27.906+0000] {dagbag.py:538} INFO - Filling up the DagBag from /home/airflow/.local/lib/python3.8/site-packages/airflow/example_dags/example_branch_datetime_operator.py
[2024-09-13T02:49:27.911+0000] {processor.py:840} INFO - DAG(s) 'example_branch_datetime_operator_3', 'example_branch_datetime_operator_2', 'example_branch_datetime_operator' retrieved from /home/airflow/.local/lib/python3.8/site-packages/airflow/example_dags/example_branch_datetime_operator.py
[2024-09-13T02:49:27.927+0000] {logging_mixin.py:188} INFO - [2024-09-13T02:49:27.927+0000] {dag.py:3036} INFO - Sync 3 DAGs
[2024-09-13T02:49:27.942+0000] {logging_mixin.py:188} INFO - [2024-09-13T02:49:27.942+0000] {dag.py:3823} INFO - Setting next_dagrun for example_branch_datetime_operator to 2024-09-12 00:00:00+00:00, run_after=2024-09-13 00:00:00+00:00
[2024-09-13T02:49:27.946+0000] {logging_mixin.py:188} INFO - [2024-09-13T02:49:27.945+0000] {dag.py:3823} INFO - Setting next_dagrun for example_branch_datetime_operator_2 to 2024-09-12 00:00:00+00:00, run_after=2024-09-13 00:00:00+00:00
[2024-09-13T02:49:27.947+0000] {logging_mixin.py:188} INFO - [2024-09-13T02:49:27.947+0000] {dag.py:3823} INFO - Setting next_dagrun for example_branch_datetime_operator_3 to 2024-09-12 00:00:00+00:00, run_after=2024-09-13 00:00:00+00:00
[2024-09-13T02:49:27.958+0000] {processor.py:183} INFO - Processing /home/airflow/.local/lib/python3.8/site-packages/airflow/example_dags/example_branch_datetime_operator.py took 0.056 seconds
[2024-09-13T02:49:58.156+0000] {processor.py:161} INFO - Started process (PID=5813) to work on /home/airflow/.local/lib/python3.8/site-packages/airflow/example_dags/example_branch_datetime_operator.py
[2024-09-13T02:49:58.157+0000] {processor.py:830} INFO - Processing file /home/airflow/.local/lib/python3.8/site-packages/airflow/example_dags/example_branch_datetime_operator.py for tasks to queue
[2024-09-13T02:49:58.157+0000] {logging_mixin.py:188} INFO - [2024-09-13T02:49:58.157+0000] {dagbag.py:538} INFO - Filling up the DagBag from /home/airflow/.local/lib/python3.8/site-packages/airflow/example_dags/example_branch_datetime_operator.py
[2024-09-13T02:49:58.164+0000] {processor.py:840} INFO - DAG(s) 'example_branch_datetime_operator_2', 'example_branch_datetime_operator_3', 'example_branch_datetime_operator' retrieved from /home/airflow/.local/lib/python3.8/site-packages/airflow/example_dags/example_branch_datetime_operator.py
[2024-09-13T02:49:58.184+0000] {logging_mixin.py:188} INFO - [2024-09-13T02:49:58.184+0000] {dag.py:3036} INFO - Sync 3 DAGs
[2024-09-13T02:49:58.198+0000] {logging_mixin.py:188} INFO - [2024-09-13T02:49:58.198+0000] {dag.py:3823} INFO - Setting next_dagrun for example_branch_datetime_operator to 2024-09-12 00:00:00+00:00, run_after=2024-09-13 00:00:00+00:00
[2024-09-13T02:49:58.202+0000] {logging_mixin.py:188} INFO - [2024-09-13T02:49:58.202+0000] {dag.py:3823} INFO - Setting next_dagrun for example_branch_datetime_operator_2 to 2024-09-12 00:00:00+00:00, run_after=2024-09-13 00:00:00+00:00
[2024-09-13T02:49:58.204+0000] {logging_mixin.py:188} INFO - [2024-09-13T02:49:58.204+0000] {dag.py:3823} INFO - Setting next_dagrun for example_branch_datetime_operator_3 to 2024-09-12 00:00:00+00:00, run_after=2024-09-13 00:00:00+00:00
[2024-09-13T02:49:58.214+0000] {processor.py:183} INFO - Processing /home/airflow/.local/lib/python3.8/site-packages/airflow/example_dags/example_branch_datetime_operator.py took 0.060 seconds
[2024-09-13T02:50:28.837+0000] {processor.py:161} INFO - Started process (PID=6060) to work on /home/airflow/.local/lib/python3.8/site-packages/airflow/example_dags/example_branch_datetime_operator.py
[2024-09-13T02:50:28.839+0000] {processor.py:830} INFO - Processing file /home/airflow/.local/lib/python3.8/site-packages/airflow/example_dags/example_branch_datetime_operator.py for tasks to queue
[2024-09-13T02:50:28.839+0000] {logging_mixin.py:188} INFO - [2024-09-13T02:50:28.839+0000] {dagbag.py:538} INFO - Filling up the DagBag from /home/airflow/.local/lib/python3.8/site-packages/airflow/example_dags/example_branch_datetime_operator.py
[2024-09-13T02:50:28.845+0000] {processor.py:840} INFO - DAG(s) 'example_branch_datetime_operator', 'example_branch_datetime_operator_2', 'example_branch_datetime_operator_3' retrieved from /home/airflow/.local/lib/python3.8/site-packages/airflow/example_dags/example_branch_datetime_operator.py
[2024-09-13T02:50:28.861+0000] {logging_mixin.py:188} INFO - [2024-09-13T02:50:28.861+0000] {dag.py:3036} INFO - Sync 3 DAGs
[2024-09-13T02:50:28.874+0000] {logging_mixin.py:188} INFO - [2024-09-13T02:50:28.874+0000] {dag.py:3823} INFO - Setting next_dagrun for example_branch_datetime_operator to 2024-09-12 00:00:00+00:00, run_after=2024-09-13 00:00:00+00:00
[2024-09-13T02:50:28.877+0000] {logging_mixin.py:188} INFO - [2024-09-13T02:50:28.877+0000] {dag.py:3823} INFO - Setting next_dagrun for example_branch_datetime_operator_2 to 2024-09-12 00:00:00+00:00, run_after=2024-09-13 00:00:00+00:00
[2024-09-13T02:50:28.879+0000] {logging_mixin.py:188} INFO - [2024-09-13T02:50:28.879+0000] {dag.py:3823} INFO - Setting next_dagrun for example_branch_datetime_operator_3 to 2024-09-12 00:00:00+00:00, run_after=2024-09-13 00:00:00+00:00
[2024-09-13T02:50:28.888+0000] {processor.py:183} INFO - Processing /home/airflow/.local/lib/python3.8/site-packages/airflow/example_dags/example_branch_datetime_operator.py took 0.054 seconds
[2024-09-13T02:50:59.535+0000] {processor.py:161} INFO - Started process (PID=6307) to work on /home/airflow/.local/lib/python3.8/site-packages/airflow/example_dags/example_branch_datetime_operator.py
[2024-09-13T02:50:59.536+0000] {processor.py:830} INFO - Processing file /home/airflow/.local/lib/python3.8/site-packages/airflow/example_dags/example_branch_datetime_operator.py for tasks to queue
[2024-09-13T02:50:59.536+0000] {logging_mixin.py:188} INFO - [2024-09-13T02:50:59.536+0000] {dagbag.py:538} INFO - Filling up the DagBag from /home/airflow/.local/lib/python3.8/site-packages/airflow/example_dags/example_branch_datetime_operator.py
[2024-09-13T02:50:59.542+0000] {processor.py:840} INFO - DAG(s) 'example_branch_datetime_operator_3', 'example_branch_datetime_operator', 'example_branch_datetime_operator_2' retrieved from /home/airflow/.local/lib/python3.8/site-packages/airflow/example_dags/example_branch_datetime_operator.py
[2024-09-13T02:50:59.560+0000] {logging_mixin.py:188} INFO - [2024-09-13T02:50:59.560+0000] {dag.py:3036} INFO - Sync 3 DAGs
[2024-09-13T02:50:59.575+0000] {logging_mixin.py:188} INFO - [2024-09-13T02:50:59.574+0000] {dag.py:3823} INFO - Setting next_dagrun for example_branch_datetime_operator to 2024-09-12 00:00:00+00:00, run_after=2024-09-13 00:00:00+00:00
[2024-09-13T02:50:59.578+0000] {logging_mixin.py:188} INFO - [2024-09-13T02:50:59.577+0000] {dag.py:3823} INFO - Setting next_dagrun for example_branch_datetime_operator_2 to 2024-09-12 00:00:00+00:00, run_after=2024-09-13 00:00:00+00:00
[2024-09-13T02:50:59.579+0000] {logging_mixin.py:188} INFO - [2024-09-13T02:50:59.579+0000] {dag.py:3823} INFO - Setting next_dagrun for example_branch_datetime_operator_3 to 2024-09-12 00:00:00+00:00, run_after=2024-09-13 00:00:00+00:00
[2024-09-13T02:50:59.589+0000] {processor.py:183} INFO - Processing /home/airflow/.local/lib/python3.8/site-packages/airflow/example_dags/example_branch_datetime_operator.py took 0.056 seconds
[2024-09-13T02:51:30.252+0000] {processor.py:161} INFO - Started process (PID=6554) to work on /home/airflow/.local/lib/python3.8/site-packages/airflow/example_dags/example_branch_datetime_operator.py
[2024-09-13T02:51:30.252+0000] {processor.py:830} INFO - Processing file /home/airflow/.local/lib/python3.8/site-packages/airflow/example_dags/example_branch_datetime_operator.py for tasks to queue
[2024-09-13T02:51:30.253+0000] {logging_mixin.py:188} INFO - [2024-09-13T02:51:30.253+0000] {dagbag.py:538} INFO - Filling up the DagBag from /home/airflow/.local/lib/python3.8/site-packages/airflow/example_dags/example_branch_datetime_operator.py
[2024-09-13T02:51:30.259+0000] {processor.py:840} INFO - DAG(s) 'example_branch_datetime_operator_2', 'example_branch_datetime_operator_3', 'example_branch_datetime_operator' retrieved from /home/airflow/.local/lib/python3.8/site-packages/airflow/example_dags/example_branch_datetime_operator.py
[2024-09-13T02:51:30.275+0000] {logging_mixin.py:188} INFO - [2024-09-13T02:51:30.275+0000] {dag.py:3036} INFO - Sync 3 DAGs
[2024-09-13T02:51:30.288+0000] {logging_mixin.py:188} INFO - [2024-09-13T02:51:30.288+0000] {dag.py:3823} INFO - Setting next_dagrun for example_branch_datetime_operator to 2024-09-12 00:00:00+00:00, run_after=2024-09-13 00:00:00+00:00
[2024-09-13T02:51:30.291+0000] {logging_mixin.py:188} INFO - [2024-09-13T02:51:30.291+0000] {dag.py:3823} INFO - Setting next_dagrun for example_branch_datetime_operator_2 to 2024-09-12 00:00:00+00:00, run_after=2024-09-13 00:00:00+00:00
[2024-09-13T02:51:30.292+0000] {logging_mixin.py:188} INFO - [2024-09-13T02:51:30.292+0000] {dag.py:3823} INFO - Setting next_dagrun for example_branch_datetime_operator_3 to 2024-09-12 00:00:00+00:00, run_after=2024-09-13 00:00:00+00:00
[2024-09-13T02:51:30.301+0000] {processor.py:183} INFO - Processing /home/airflow/.local/lib/python3.8/site-packages/airflow/example_dags/example_branch_datetime_operator.py took 0.053 seconds
[2024-09-13T02:52:01.115+0000] {processor.py:161} INFO - Started process (PID=6801) to work on /home/airflow/.local/lib/python3.8/site-packages/airflow/example_dags/example_branch_datetime_operator.py
[2024-09-13T02:52:01.116+0000] {processor.py:830} INFO - Processing file /home/airflow/.local/lib/python3.8/site-packages/airflow/example_dags/example_branch_datetime_operator.py for tasks to queue
[2024-09-13T02:52:01.117+0000] {logging_mixin.py:188} INFO - [2024-09-13T02:52:01.117+0000] {dagbag.py:538} INFO - Filling up the DagBag from /home/airflow/.local/lib/python3.8/site-packages/airflow/example_dags/example_branch_datetime_operator.py
[2024-09-13T02:52:01.123+0000] {processor.py:840} INFO - DAG(s) 'example_branch_datetime_operator_3', 'example_branch_datetime_operator_2', 'example_branch_datetime_operator' retrieved from /home/airflow/.local/lib/python3.8/site-packages/airflow/example_dags/example_branch_datetime_operator.py
[2024-09-13T02:52:01.140+0000] {logging_mixin.py:188} INFO - [2024-09-13T02:52:01.140+0000] {dag.py:3036} INFO - Sync 3 DAGs
[2024-09-13T02:52:01.153+0000] {logging_mixin.py:188} INFO - [2024-09-13T02:52:01.153+0000] {dag.py:3823} INFO - Setting next_dagrun for example_branch_datetime_operator to 2024-09-12 00:00:00+00:00, run_after=2024-09-13 00:00:00+00:00
[2024-09-13T02:52:01.156+0000] {logging_mixin.py:188} INFO - [2024-09-13T02:52:01.156+0000] {dag.py:3823} INFO - Setting next_dagrun for example_branch_datetime_operator_2 to 2024-09-12 00:00:00+00:00, run_after=2024-09-13 00:00:00+00:00
[2024-09-13T02:52:01.158+0000] {logging_mixin.py:188} INFO - [2024-09-13T02:52:01.158+0000] {dag.py:3823} INFO - Setting next_dagrun for example_branch_datetime_operator_3 to 2024-09-12 00:00:00+00:00, run_after=2024-09-13 00:00:00+00:00
[2024-09-13T02:52:01.167+0000] {processor.py:183} INFO - Processing /home/airflow/.local/lib/python3.8/site-packages/airflow/example_dags/example_branch_datetime_operator.py took 0.054 seconds
[2024-09-13T02:52:31.480+0000] {processor.py:161} INFO - Started process (PID=7050) to work on /home/airflow/.local/lib/python3.8/site-packages/airflow/example_dags/example_branch_datetime_operator.py
[2024-09-13T02:52:31.481+0000] {processor.py:830} INFO - Processing file /home/airflow/.local/lib/python3.8/site-packages/airflow/example_dags/example_branch_datetime_operator.py for tasks to queue
[2024-09-13T02:52:31.482+0000] {logging_mixin.py:188} INFO - [2024-09-13T02:52:31.482+0000] {dagbag.py:538} INFO - Filling up the DagBag from /home/airflow/.local/lib/python3.8/site-packages/airflow/example_dags/example_branch_datetime_operator.py
[2024-09-13T02:52:31.489+0000] {processor.py:840} INFO - DAG(s) 'example_branch_datetime_operator', 'example_branch_datetime_operator_2', 'example_branch_datetime_operator_3' retrieved from /home/airflow/.local/lib/python3.8/site-packages/airflow/example_dags/example_branch_datetime_operator.py
[2024-09-13T02:52:31.509+0000] {logging_mixin.py:188} INFO - [2024-09-13T02:52:31.509+0000] {dag.py:3036} INFO - Sync 3 DAGs
[2024-09-13T02:52:31.523+0000] {logging_mixin.py:188} INFO - [2024-09-13T02:52:31.523+0000] {dag.py:3823} INFO - Setting next_dagrun for example_branch_datetime_operator to 2024-09-12 00:00:00+00:00, run_after=2024-09-13 00:00:00+00:00
[2024-09-13T02:52:31.526+0000] {logging_mixin.py:188} INFO - [2024-09-13T02:52:31.526+0000] {dag.py:3823} INFO - Setting next_dagrun for example_branch_datetime_operator_2 to 2024-09-12 00:00:00+00:00, run_after=2024-09-13 00:00:00+00:00
[2024-09-13T02:52:31.529+0000] {logging_mixin.py:188} INFO - [2024-09-13T02:52:31.529+0000] {dag.py:3823} INFO - Setting next_dagrun for example_branch_datetime_operator_3 to 2024-09-12 00:00:00+00:00, run_after=2024-09-13 00:00:00+00:00
[2024-09-13T02:52:31.539+0000] {processor.py:183} INFO - Processing /home/airflow/.local/lib/python3.8/site-packages/airflow/example_dags/example_branch_datetime_operator.py took 0.062 seconds
[2024-09-13T02:53:02.178+0000] {processor.py:161} INFO - Started process (PID=7295) to work on /home/airflow/.local/lib/python3.8/site-packages/airflow/example_dags/example_branch_datetime_operator.py
[2024-09-13T02:53:02.179+0000] {processor.py:830} INFO - Processing file /home/airflow/.local/lib/python3.8/site-packages/airflow/example_dags/example_branch_datetime_operator.py for tasks to queue
[2024-09-13T02:53:02.180+0000] {logging_mixin.py:188} INFO - [2024-09-13T02:53:02.180+0000] {dagbag.py:538} INFO - Filling up the DagBag from /home/airflow/.local/lib/python3.8/site-packages/airflow/example_dags/example_branch_datetime_operator.py
[2024-09-13T02:53:02.186+0000] {processor.py:840} INFO - DAG(s) 'example_branch_datetime_operator_2', 'example_branch_datetime_operator', 'example_branch_datetime_operator_3' retrieved from /home/airflow/.local/lib/python3.8/site-packages/airflow/example_dags/example_branch_datetime_operator.py
[2024-09-13T02:53:02.202+0000] {logging_mixin.py:188} INFO - [2024-09-13T02:53:02.202+0000] {dag.py:3036} INFO - Sync 3 DAGs
[2024-09-13T02:53:02.216+0000] {logging_mixin.py:188} INFO - [2024-09-13T02:53:02.216+0000] {dag.py:3823} INFO - Setting next_dagrun for example_branch_datetime_operator to 2024-09-12 00:00:00+00:00, run_after=2024-09-13 00:00:00+00:00
[2024-09-13T02:53:02.219+0000] {logging_mixin.py:188} INFO - [2024-09-13T02:53:02.219+0000] {dag.py:3823} INFO - Setting next_dagrun for example_branch_datetime_operator_2 to 2024-09-12 00:00:00+00:00, run_after=2024-09-13 00:00:00+00:00
[2024-09-13T02:53:02.221+0000] {logging_mixin.py:188} INFO - [2024-09-13T02:53:02.221+0000] {dag.py:3823} INFO - Setting next_dagrun for example_branch_datetime_operator_3 to 2024-09-12 00:00:00+00:00, run_after=2024-09-13 00:00:00+00:00
[2024-09-13T02:53:02.231+0000] {processor.py:183} INFO - Processing /home/airflow/.local/lib/python3.8/site-packages/airflow/example_dags/example_branch_datetime_operator.py took 0.055 seconds
[2024-09-13T02:53:32.687+0000] {processor.py:161} INFO - Started process (PID=7542) to work on /home/airflow/.local/lib/python3.8/site-packages/airflow/example_dags/example_branch_datetime_operator.py
[2024-09-13T02:53:32.687+0000] {processor.py:830} INFO - Processing file /home/airflow/.local/lib/python3.8/site-packages/airflow/example_dags/example_branch_datetime_operator.py for tasks to queue
[2024-09-13T02:53:32.688+0000] {logging_mixin.py:188} INFO - [2024-09-13T02:53:32.688+0000] {dagbag.py:538} INFO - Filling up the DagBag from /home/airflow/.local/lib/python3.8/site-packages/airflow/example_dags/example_branch_datetime_operator.py
[2024-09-13T02:53:32.694+0000] {processor.py:840} INFO - DAG(s) 'example_branch_datetime_operator_2', 'example_branch_datetime_operator', 'example_branch_datetime_operator_3' retrieved from /home/airflow/.local/lib/python3.8/site-packages/airflow/example_dags/example_branch_datetime_operator.py
[2024-09-13T02:53:32.710+0000] {logging_mixin.py:188} INFO - [2024-09-13T02:53:32.710+0000] {dag.py:3036} INFO - Sync 3 DAGs
[2024-09-13T02:53:32.724+0000] {logging_mixin.py:188} INFO - [2024-09-13T02:53:32.724+0000] {dag.py:3823} INFO - Setting next_dagrun for example_branch_datetime_operator to 2024-09-12 00:00:00+00:00, run_after=2024-09-13 00:00:00+00:00
[2024-09-13T02:53:32.727+0000] {logging_mixin.py:188} INFO - [2024-09-13T02:53:32.727+0000] {dag.py:3823} INFO - Setting next_dagrun for example_branch_datetime_operator_2 to 2024-09-12 00:00:00+00:00, run_after=2024-09-13 00:00:00+00:00
[2024-09-13T02:53:32.729+0000] {logging_mixin.py:188} INFO - [2024-09-13T02:53:32.729+0000] {dag.py:3823} INFO - Setting next_dagrun for example_branch_datetime_operator_3 to 2024-09-12 00:00:00+00:00, run_after=2024-09-13 00:00:00+00:00
[2024-09-13T02:53:32.738+0000] {processor.py:183} INFO - Processing /home/airflow/.local/lib/python3.8/site-packages/airflow/example_dags/example_branch_datetime_operator.py took 0.054 seconds
[2024-09-13T02:54:03.693+0000] {processor.py:161} INFO - Started process (PID=7789) to work on /home/airflow/.local/lib/python3.8/site-packages/airflow/example_dags/example_branch_datetime_operator.py
[2024-09-13T02:54:03.694+0000] {processor.py:830} INFO - Processing file /home/airflow/.local/lib/python3.8/site-packages/airflow/example_dags/example_branch_datetime_operator.py for tasks to queue
[2024-09-13T02:54:03.694+0000] {logging_mixin.py:188} INFO - [2024-09-13T02:54:03.694+0000] {dagbag.py:538} INFO - Filling up the DagBag from /home/airflow/.local/lib/python3.8/site-packages/airflow/example_dags/example_branch_datetime_operator.py
[2024-09-13T02:54:03.700+0000] {processor.py:840} INFO - DAG(s) 'example_branch_datetime_operator_3', 'example_branch_datetime_operator', 'example_branch_datetime_operator_2' retrieved from /home/airflow/.local/lib/python3.8/site-packages/airflow/example_dags/example_branch_datetime_operator.py
[2024-09-13T02:54:03.716+0000] {logging_mixin.py:188} INFO - [2024-09-13T02:54:03.716+0000] {dag.py:3036} INFO - Sync 3 DAGs
[2024-09-13T02:54:03.729+0000] {logging_mixin.py:188} INFO - [2024-09-13T02:54:03.729+0000] {dag.py:3823} INFO - Setting next_dagrun for example_branch_datetime_operator to 2024-09-12 00:00:00+00:00, run_after=2024-09-13 00:00:00+00:00
[2024-09-13T02:54:03.732+0000] {logging_mixin.py:188} INFO - [2024-09-13T02:54:03.732+0000] {dag.py:3823} INFO - Setting next_dagrun for example_branch_datetime_operator_2 to 2024-09-12 00:00:00+00:00, run_after=2024-09-13 00:00:00+00:00
[2024-09-13T02:54:03.733+0000] {logging_mixin.py:188} INFO - [2024-09-13T02:54:03.733+0000] {dag.py:3823} INFO - Setting next_dagrun for example_branch_datetime_operator_3 to 2024-09-12 00:00:00+00:00, run_after=2024-09-13 00:00:00+00:00
[2024-09-13T02:54:03.741+0000] {processor.py:183} INFO - Processing /home/airflow/.local/lib/python3.8/site-packages/airflow/example_dags/example_branch_datetime_operator.py took 0.050 seconds
[2024-09-13T02:54:33.912+0000] {processor.py:161} INFO - Started process (PID=8038) to work on /home/airflow/.local/lib/python3.8/site-packages/airflow/example_dags/example_branch_datetime_operator.py
[2024-09-13T02:54:33.913+0000] {processor.py:830} INFO - Processing file /home/airflow/.local/lib/python3.8/site-packages/airflow/example_dags/example_branch_datetime_operator.py for tasks to queue
[2024-09-13T02:54:33.913+0000] {logging_mixin.py:188} INFO - [2024-09-13T02:54:33.913+0000] {dagbag.py:538} INFO - Filling up the DagBag from /home/airflow/.local/lib/python3.8/site-packages/airflow/example_dags/example_branch_datetime_operator.py
[2024-09-13T02:54:33.920+0000] {processor.py:840} INFO - DAG(s) 'example_branch_datetime_operator_2', 'example_branch_datetime_operator', 'example_branch_datetime_operator_3' retrieved from /home/airflow/.local/lib/python3.8/site-packages/airflow/example_dags/example_branch_datetime_operator.py
[2024-09-13T02:54:33.937+0000] {logging_mixin.py:188} INFO - [2024-09-13T02:54:33.936+0000] {dag.py:3036} INFO - Sync 3 DAGs
[2024-09-13T02:54:33.950+0000] {logging_mixin.py:188} INFO - [2024-09-13T02:54:33.950+0000] {dag.py:3823} INFO - Setting next_dagrun for example_branch_datetime_operator to 2024-09-12 00:00:00+00:00, run_after=2024-09-13 00:00:00+00:00
[2024-09-13T02:54:33.953+0000] {logging_mixin.py:188} INFO - [2024-09-13T02:54:33.952+0000] {dag.py:3823} INFO - Setting next_dagrun for example_branch_datetime_operator_2 to 2024-09-12 00:00:00+00:00, run_after=2024-09-13 00:00:00+00:00
[2024-09-13T02:54:33.954+0000] {logging_mixin.py:188} INFO - [2024-09-13T02:54:33.954+0000] {dag.py:3823} INFO - Setting next_dagrun for example_branch_datetime_operator_3 to 2024-09-12 00:00:00+00:00, run_after=2024-09-13 00:00:00+00:00
[2024-09-13T02:54:33.963+0000] {processor.py:183} INFO - Processing /home/airflow/.local/lib/python3.8/site-packages/airflow/example_dags/example_branch_datetime_operator.py took 0.053 seconds
[2024-09-13T02:55:04.029+0000] {processor.py:161} INFO - Started process (PID=8295) to work on /home/airflow/.local/lib/python3.8/site-packages/airflow/example_dags/example_branch_datetime_operator.py
[2024-09-13T02:55:04.030+0000] {processor.py:830} INFO - Processing file /home/airflow/.local/lib/python3.8/site-packages/airflow/example_dags/example_branch_datetime_operator.py for tasks to queue
[2024-09-13T02:55:04.031+0000] {logging_mixin.py:188} INFO - [2024-09-13T02:55:04.031+0000] {dagbag.py:538} INFO - Filling up the DagBag from /home/airflow/.local/lib/python3.8/site-packages/airflow/example_dags/example_branch_datetime_operator.py
[2024-09-13T02:55:04.036+0000] {processor.py:840} INFO - DAG(s) 'example_branch_datetime_operator_2', 'example_branch_datetime_operator_3', 'example_branch_datetime_operator' retrieved from /home/airflow/.local/lib/python3.8/site-packages/airflow/example_dags/example_branch_datetime_operator.py
[2024-09-13T02:55:04.051+0000] {logging_mixin.py:188} INFO - [2024-09-13T02:55:04.051+0000] {dag.py:3036} INFO - Sync 3 DAGs
[2024-09-13T02:55:04.062+0000] {logging_mixin.py:188} INFO - [2024-09-13T02:55:04.062+0000] {dag.py:3823} INFO - Setting next_dagrun for example_branch_datetime_operator to 2024-09-12 00:00:00+00:00, run_after=2024-09-13 00:00:00+00:00
[2024-09-13T02:55:04.064+0000] {logging_mixin.py:188} INFO - [2024-09-13T02:55:04.064+0000] {dag.py:3823} INFO - Setting next_dagrun for example_branch_datetime_operator_2 to 2024-09-12 00:00:00+00:00, run_after=2024-09-13 00:00:00+00:00
[2024-09-13T02:55:04.066+0000] {logging_mixin.py:188} INFO - [2024-09-13T02:55:04.065+0000] {dag.py:3823} INFO - Setting next_dagrun for example_branch_datetime_operator_3 to 2024-09-12 00:00:00+00:00, run_after=2024-09-13 00:00:00+00:00
[2024-09-13T02:55:04.073+0000] {processor.py:183} INFO - Processing /home/airflow/.local/lib/python3.8/site-packages/airflow/example_dags/example_branch_datetime_operator.py took 0.046 seconds
[2024-09-13T02:55:34.670+0000] {processor.py:161} INFO - Started process (PID=8530) to work on /home/airflow/.local/lib/python3.8/site-packages/airflow/example_dags/example_branch_datetime_operator.py
[2024-09-13T02:55:34.671+0000] {processor.py:830} INFO - Processing file /home/airflow/.local/lib/python3.8/site-packages/airflow/example_dags/example_branch_datetime_operator.py for tasks to queue
[2024-09-13T02:55:34.672+0000] {logging_mixin.py:188} INFO - [2024-09-13T02:55:34.672+0000] {dagbag.py:538} INFO - Filling up the DagBag from /home/airflow/.local/lib/python3.8/site-packages/airflow/example_dags/example_branch_datetime_operator.py
[2024-09-13T02:55:34.678+0000] {processor.py:840} INFO - DAG(s) 'example_branch_datetime_operator_3', 'example_branch_datetime_operator_2', 'example_branch_datetime_operator' retrieved from /home/airflow/.local/lib/python3.8/site-packages/airflow/example_dags/example_branch_datetime_operator.py
[2024-09-13T02:55:34.695+0000] {logging_mixin.py:188} INFO - [2024-09-13T02:55:34.694+0000] {dag.py:3036} INFO - Sync 3 DAGs
[2024-09-13T02:55:34.708+0000] {logging_mixin.py:188} INFO - [2024-09-13T02:55:34.708+0000] {dag.py:3823} INFO - Setting next_dagrun for example_branch_datetime_operator to 2024-09-12 00:00:00+00:00, run_after=2024-09-13 00:00:00+00:00
[2024-09-13T02:55:34.711+0000] {logging_mixin.py:188} INFO - [2024-09-13T02:55:34.711+0000] {dag.py:3823} INFO - Setting next_dagrun for example_branch_datetime_operator_2 to 2024-09-12 00:00:00+00:00, run_after=2024-09-13 00:00:00+00:00
[2024-09-13T02:55:34.714+0000] {logging_mixin.py:188} INFO - [2024-09-13T02:55:34.713+0000] {dag.py:3823} INFO - Setting next_dagrun for example_branch_datetime_operator_3 to 2024-09-12 00:00:00+00:00, run_after=2024-09-13 00:00:00+00:00
[2024-09-13T02:55:34.723+0000] {processor.py:183} INFO - Processing /home/airflow/.local/lib/python3.8/site-packages/airflow/example_dags/example_branch_datetime_operator.py took 0.056 seconds
