[2024-09-13T02:38:44.298+0000] {processor.py:161} INFO - Started process (PID=371) to work on /home/airflow/.local/lib/python3.8/site-packages/airflow/example_dags/example_time_delta_sensor_async.py
[2024-09-13T02:38:44.300+0000] {processor.py:830} INFO - Processing file /home/airflow/.local/lib/python3.8/site-packages/airflow/example_dags/example_time_delta_sensor_async.py for tasks to queue
[2024-09-13T02:38:44.303+0000] {logging_mixin.py:188} INFO - [2024-09-13T02:38:44.302+0000] {dagbag.py:538} INFO - Filling up the DagBag from /home/airflow/.local/lib/python3.8/site-packages/airflow/example_dags/example_time_delta_sensor_async.py
[2024-09-13T02:38:44.313+0000] {processor.py:840} INFO - DAG(s) 'example_time_delta_sensor_async' retrieved from /home/airflow/.local/lib/python3.8/site-packages/airflow/example_dags/example_time_delta_sensor_async.py
[2024-09-13T02:38:44.349+0000] {logging_mixin.py:188} INFO - [2024-09-13T02:38:44.348+0000] {dag.py:3036} INFO - Sync 1 DAGs
[2024-09-13T02:38:44.362+0000] {logging_mixin.py:188} INFO - [2024-09-13T02:38:44.362+0000] {dag.py:3823} INFO - Setting next_dagrun for example_time_delta_sensor_async to None, run_after=None
[2024-09-13T02:38:44.387+0000] {processor.py:183} INFO - Processing /home/airflow/.local/lib/python3.8/site-packages/airflow/example_dags/example_time_delta_sensor_async.py took 0.094 seconds
[2024-09-13T02:39:15.305+0000] {processor.py:161} INFO - Started process (PID=620) to work on /home/airflow/.local/lib/python3.8/site-packages/airflow/example_dags/example_time_delta_sensor_async.py
[2024-09-13T02:39:15.306+0000] {processor.py:830} INFO - Processing file /home/airflow/.local/lib/python3.8/site-packages/airflow/example_dags/example_time_delta_sensor_async.py for tasks to queue
[2024-09-13T02:39:15.306+0000] {logging_mixin.py:188} INFO - [2024-09-13T02:39:15.306+0000] {dagbag.py:538} INFO - Filling up the DagBag from /home/airflow/.local/lib/python3.8/site-packages/airflow/example_dags/example_time_delta_sensor_async.py
[2024-09-13T02:39:15.309+0000] {processor.py:840} INFO - DAG(s) 'example_time_delta_sensor_async' retrieved from /home/airflow/.local/lib/python3.8/site-packages/airflow/example_dags/example_time_delta_sensor_async.py
[2024-09-13T02:39:15.321+0000] {logging_mixin.py:188} INFO - [2024-09-13T02:39:15.321+0000] {dag.py:3036} INFO - Sync 1 DAGs
[2024-09-13T02:39:15.327+0000] {logging_mixin.py:188} INFO - [2024-09-13T02:39:15.327+0000] {dag.py:3823} INFO - Setting next_dagrun for example_time_delta_sensor_async to None, run_after=None
[2024-09-13T02:39:15.350+0000] {processor.py:183} INFO - Processing /home/airflow/.local/lib/python3.8/site-packages/airflow/example_dags/example_time_delta_sensor_async.py took 0.046 seconds
[2024-09-13T02:39:46.131+0000] {processor.py:161} INFO - Started process (PID=867) to work on /home/airflow/.local/lib/python3.8/site-packages/airflow/example_dags/example_time_delta_sensor_async.py
[2024-09-13T02:39:46.132+0000] {processor.py:830} INFO - Processing file /home/airflow/.local/lib/python3.8/site-packages/airflow/example_dags/example_time_delta_sensor_async.py for tasks to queue
[2024-09-13T02:39:46.133+0000] {logging_mixin.py:188} INFO - [2024-09-13T02:39:46.133+0000] {dagbag.py:538} INFO - Filling up the DagBag from /home/airflow/.local/lib/python3.8/site-packages/airflow/example_dags/example_time_delta_sensor_async.py
[2024-09-13T02:39:46.136+0000] {processor.py:840} INFO - DAG(s) 'example_time_delta_sensor_async' retrieved from /home/airflow/.local/lib/python3.8/site-packages/airflow/example_dags/example_time_delta_sensor_async.py
[2024-09-13T02:39:46.148+0000] {logging_mixin.py:188} INFO - [2024-09-13T02:39:46.148+0000] {dag.py:3036} INFO - Sync 1 DAGs
[2024-09-13T02:39:46.155+0000] {logging_mixin.py:188} INFO - [2024-09-13T02:39:46.154+0000] {dag.py:3823} INFO - Setting next_dagrun for example_time_delta_sensor_async to None, run_after=None
[2024-09-13T02:39:46.165+0000] {processor.py:183} INFO - Processing /home/airflow/.local/lib/python3.8/site-packages/airflow/example_dags/example_time_delta_sensor_async.py took 0.035 seconds
[2024-09-13T02:40:16.194+0000] {processor.py:161} INFO - Started process (PID=1113) to work on /home/airflow/.local/lib/python3.8/site-packages/airflow/example_dags/example_time_delta_sensor_async.py
[2024-09-13T02:40:16.195+0000] {processor.py:830} INFO - Processing file /home/airflow/.local/lib/python3.8/site-packages/airflow/example_dags/example_time_delta_sensor_async.py for tasks to queue
[2024-09-13T02:40:16.195+0000] {logging_mixin.py:188} INFO - [2024-09-13T02:40:16.195+0000] {dagbag.py:538} INFO - Filling up the DagBag from /home/airflow/.local/lib/python3.8/site-packages/airflow/example_dags/example_time_delta_sensor_async.py
[2024-09-13T02:40:16.198+0000] {processor.py:840} INFO - DAG(s) 'example_time_delta_sensor_async' retrieved from /home/airflow/.local/lib/python3.8/site-packages/airflow/example_dags/example_time_delta_sensor_async.py
[2024-09-13T02:40:16.210+0000] {logging_mixin.py:188} INFO - [2024-09-13T02:40:16.210+0000] {dag.py:3036} INFO - Sync 1 DAGs
[2024-09-13T02:40:16.216+0000] {logging_mixin.py:188} INFO - [2024-09-13T02:40:16.216+0000] {dag.py:3823} INFO - Setting next_dagrun for example_time_delta_sensor_async to None, run_after=None
[2024-09-13T02:40:16.225+0000] {processor.py:183} INFO - Processing /home/airflow/.local/lib/python3.8/site-packages/airflow/example_dags/example_time_delta_sensor_async.py took 0.033 seconds
[2024-09-13T02:40:46.317+0000] {processor.py:161} INFO - Started process (PID=1358) to work on /home/airflow/.local/lib/python3.8/site-packages/airflow/example_dags/example_time_delta_sensor_async.py
[2024-09-13T02:40:46.318+0000] {processor.py:830} INFO - Processing file /home/airflow/.local/lib/python3.8/site-packages/airflow/example_dags/example_time_delta_sensor_async.py for tasks to queue
[2024-09-13T02:40:46.319+0000] {logging_mixin.py:188} INFO - [2024-09-13T02:40:46.319+0000] {dagbag.py:538} INFO - Filling up the DagBag from /home/airflow/.local/lib/python3.8/site-packages/airflow/example_dags/example_time_delta_sensor_async.py
[2024-09-13T02:40:46.322+0000] {processor.py:840} INFO - DAG(s) 'example_time_delta_sensor_async' retrieved from /home/airflow/.local/lib/python3.8/site-packages/airflow/example_dags/example_time_delta_sensor_async.py
[2024-09-13T02:40:46.334+0000] {logging_mixin.py:188} INFO - [2024-09-13T02:40:46.333+0000] {dag.py:3036} INFO - Sync 1 DAGs
[2024-09-13T02:40:46.340+0000] {logging_mixin.py:188} INFO - [2024-09-13T02:40:46.340+0000] {dag.py:3823} INFO - Setting next_dagrun for example_time_delta_sensor_async to None, run_after=None
[2024-09-13T02:40:46.349+0000] {processor.py:183} INFO - Processing /home/airflow/.local/lib/python3.8/site-packages/airflow/example_dags/example_time_delta_sensor_async.py took 0.033 seconds
[2024-09-13T02:41:16.398+0000] {processor.py:161} INFO - Started process (PID=1605) to work on /home/airflow/.local/lib/python3.8/site-packages/airflow/example_dags/example_time_delta_sensor_async.py
[2024-09-13T02:41:16.399+0000] {processor.py:830} INFO - Processing file /home/airflow/.local/lib/python3.8/site-packages/airflow/example_dags/example_time_delta_sensor_async.py for tasks to queue
[2024-09-13T02:41:16.399+0000] {logging_mixin.py:188} INFO - [2024-09-13T02:41:16.399+0000] {dagbag.py:538} INFO - Filling up the DagBag from /home/airflow/.local/lib/python3.8/site-packages/airflow/example_dags/example_time_delta_sensor_async.py
[2024-09-13T02:41:16.402+0000] {processor.py:840} INFO - DAG(s) 'example_time_delta_sensor_async' retrieved from /home/airflow/.local/lib/python3.8/site-packages/airflow/example_dags/example_time_delta_sensor_async.py
[2024-09-13T02:41:16.417+0000] {logging_mixin.py:188} INFO - [2024-09-13T02:41:16.416+0000] {dag.py:3036} INFO - Sync 1 DAGs
[2024-09-13T02:41:16.424+0000] {logging_mixin.py:188} INFO - [2024-09-13T02:41:16.424+0000] {dag.py:3823} INFO - Setting next_dagrun for example_time_delta_sensor_async to None, run_after=None
[2024-09-13T02:41:16.436+0000] {processor.py:183} INFO - Processing /home/airflow/.local/lib/python3.8/site-packages/airflow/example_dags/example_time_delta_sensor_async.py took 0.040 seconds
[2024-09-13T02:41:47.173+0000] {processor.py:161} INFO - Started process (PID=1851) to work on /home/airflow/.local/lib/python3.8/site-packages/airflow/example_dags/example_time_delta_sensor_async.py
[2024-09-13T02:41:47.174+0000] {processor.py:830} INFO - Processing file /home/airflow/.local/lib/python3.8/site-packages/airflow/example_dags/example_time_delta_sensor_async.py for tasks to queue
[2024-09-13T02:41:47.175+0000] {logging_mixin.py:188} INFO - [2024-09-13T02:41:47.174+0000] {dagbag.py:538} INFO - Filling up the DagBag from /home/airflow/.local/lib/python3.8/site-packages/airflow/example_dags/example_time_delta_sensor_async.py
[2024-09-13T02:41:47.178+0000] {processor.py:840} INFO - DAG(s) 'example_time_delta_sensor_async' retrieved from /home/airflow/.local/lib/python3.8/site-packages/airflow/example_dags/example_time_delta_sensor_async.py
[2024-09-13T02:41:47.189+0000] {logging_mixin.py:188} INFO - [2024-09-13T02:41:47.189+0000] {dag.py:3036} INFO - Sync 1 DAGs
[2024-09-13T02:41:47.196+0000] {logging_mixin.py:188} INFO - [2024-09-13T02:41:47.195+0000] {dag.py:3823} INFO - Setting next_dagrun for example_time_delta_sensor_async to None, run_after=None
[2024-09-13T02:41:47.204+0000] {processor.py:183} INFO - Processing /home/airflow/.local/lib/python3.8/site-packages/airflow/example_dags/example_time_delta_sensor_async.py took 0.033 seconds
[2024-09-13T02:42:17.779+0000] {processor.py:161} INFO - Started process (PID=2098) to work on /home/airflow/.local/lib/python3.8/site-packages/airflow/example_dags/example_time_delta_sensor_async.py
[2024-09-13T02:42:17.780+0000] {processor.py:830} INFO - Processing file /home/airflow/.local/lib/python3.8/site-packages/airflow/example_dags/example_time_delta_sensor_async.py for tasks to queue
[2024-09-13T02:42:17.780+0000] {logging_mixin.py:188} INFO - [2024-09-13T02:42:17.780+0000] {dagbag.py:538} INFO - Filling up the DagBag from /home/airflow/.local/lib/python3.8/site-packages/airflow/example_dags/example_time_delta_sensor_async.py
[2024-09-13T02:42:17.784+0000] {processor.py:840} INFO - DAG(s) 'example_time_delta_sensor_async' retrieved from /home/airflow/.local/lib/python3.8/site-packages/airflow/example_dags/example_time_delta_sensor_async.py
[2024-09-13T02:42:17.796+0000] {logging_mixin.py:188} INFO - [2024-09-13T02:42:17.796+0000] {dag.py:3036} INFO - Sync 1 DAGs
[2024-09-13T02:42:17.803+0000] {logging_mixin.py:188} INFO - [2024-09-13T02:42:17.803+0000] {dag.py:3823} INFO - Setting next_dagrun for example_time_delta_sensor_async to None, run_after=None
[2024-09-13T02:42:17.814+0000] {processor.py:183} INFO - Processing /home/airflow/.local/lib/python3.8/site-packages/airflow/example_dags/example_time_delta_sensor_async.py took 0.037 seconds
[2024-09-13T02:42:48.709+0000] {processor.py:161} INFO - Started process (PID=2345) to work on /home/airflow/.local/lib/python3.8/site-packages/airflow/example_dags/example_time_delta_sensor_async.py
[2024-09-13T02:42:48.710+0000] {processor.py:830} INFO - Processing file /home/airflow/.local/lib/python3.8/site-packages/airflow/example_dags/example_time_delta_sensor_async.py for tasks to queue
[2024-09-13T02:42:48.711+0000] {logging_mixin.py:188} INFO - [2024-09-13T02:42:48.711+0000] {dagbag.py:538} INFO - Filling up the DagBag from /home/airflow/.local/lib/python3.8/site-packages/airflow/example_dags/example_time_delta_sensor_async.py
[2024-09-13T02:42:48.714+0000] {processor.py:840} INFO - DAG(s) 'example_time_delta_sensor_async' retrieved from /home/airflow/.local/lib/python3.8/site-packages/airflow/example_dags/example_time_delta_sensor_async.py
[2024-09-13T02:42:48.726+0000] {logging_mixin.py:188} INFO - [2024-09-13T02:42:48.726+0000] {dag.py:3036} INFO - Sync 1 DAGs
[2024-09-13T02:42:48.733+0000] {logging_mixin.py:188} INFO - [2024-09-13T02:42:48.733+0000] {dag.py:3823} INFO - Setting next_dagrun for example_time_delta_sensor_async to None, run_after=None
[2024-09-13T02:42:48.742+0000] {processor.py:183} INFO - Processing /home/airflow/.local/lib/python3.8/site-packages/airflow/example_dags/example_time_delta_sensor_async.py took 0.035 seconds
[2024-09-13T02:43:19.840+0000] {processor.py:161} INFO - Started process (PID=2592) to work on /home/airflow/.local/lib/python3.8/site-packages/airflow/example_dags/example_time_delta_sensor_async.py
[2024-09-13T02:43:19.841+0000] {processor.py:830} INFO - Processing file /home/airflow/.local/lib/python3.8/site-packages/airflow/example_dags/example_time_delta_sensor_async.py for tasks to queue
[2024-09-13T02:43:19.842+0000] {logging_mixin.py:188} INFO - [2024-09-13T02:43:19.842+0000] {dagbag.py:538} INFO - Filling up the DagBag from /home/airflow/.local/lib/python3.8/site-packages/airflow/example_dags/example_time_delta_sensor_async.py
[2024-09-13T02:43:19.845+0000] {processor.py:840} INFO - DAG(s) 'example_time_delta_sensor_async' retrieved from /home/airflow/.local/lib/python3.8/site-packages/airflow/example_dags/example_time_delta_sensor_async.py
[2024-09-13T02:43:19.860+0000] {logging_mixin.py:188} INFO - [2024-09-13T02:43:19.859+0000] {dag.py:3036} INFO - Sync 1 DAGs
[2024-09-13T02:43:19.868+0000] {logging_mixin.py:188} INFO - [2024-09-13T02:43:19.868+0000] {dag.py:3823} INFO - Setting next_dagrun for example_time_delta_sensor_async to None, run_after=None
[2024-09-13T02:43:19.881+0000] {processor.py:183} INFO - Processing /home/airflow/.local/lib/python3.8/site-packages/airflow/example_dags/example_time_delta_sensor_async.py took 0.044 seconds
[2024-09-13T02:43:50.510+0000] {processor.py:161} INFO - Started process (PID=2839) to work on /home/airflow/.local/lib/python3.8/site-packages/airflow/example_dags/example_time_delta_sensor_async.py
[2024-09-13T02:43:50.511+0000] {processor.py:830} INFO - Processing file /home/airflow/.local/lib/python3.8/site-packages/airflow/example_dags/example_time_delta_sensor_async.py for tasks to queue
[2024-09-13T02:43:50.511+0000] {logging_mixin.py:188} INFO - [2024-09-13T02:43:50.511+0000] {dagbag.py:538} INFO - Filling up the DagBag from /home/airflow/.local/lib/python3.8/site-packages/airflow/example_dags/example_time_delta_sensor_async.py
[2024-09-13T02:43:50.514+0000] {processor.py:840} INFO - DAG(s) 'example_time_delta_sensor_async' retrieved from /home/airflow/.local/lib/python3.8/site-packages/airflow/example_dags/example_time_delta_sensor_async.py
[2024-09-13T02:43:50.529+0000] {logging_mixin.py:188} INFO - [2024-09-13T02:43:50.528+0000] {dag.py:3036} INFO - Sync 1 DAGs
[2024-09-13T02:43:50.535+0000] {logging_mixin.py:188} INFO - [2024-09-13T02:43:50.535+0000] {dag.py:3823} INFO - Setting next_dagrun for example_time_delta_sensor_async to None, run_after=None
[2024-09-13T02:43:50.546+0000] {processor.py:183} INFO - Processing /home/airflow/.local/lib/python3.8/site-packages/airflow/example_dags/example_time_delta_sensor_async.py took 0.039 seconds
[2024-09-13T02:44:21.217+0000] {processor.py:161} INFO - Started process (PID=3086) to work on /home/airflow/.local/lib/python3.8/site-packages/airflow/example_dags/example_time_delta_sensor_async.py
[2024-09-13T02:44:21.218+0000] {processor.py:830} INFO - Processing file /home/airflow/.local/lib/python3.8/site-packages/airflow/example_dags/example_time_delta_sensor_async.py for tasks to queue
[2024-09-13T02:44:21.219+0000] {logging_mixin.py:188} INFO - [2024-09-13T02:44:21.219+0000] {dagbag.py:538} INFO - Filling up the DagBag from /home/airflow/.local/lib/python3.8/site-packages/airflow/example_dags/example_time_delta_sensor_async.py
[2024-09-13T02:44:21.222+0000] {processor.py:840} INFO - DAG(s) 'example_time_delta_sensor_async' retrieved from /home/airflow/.local/lib/python3.8/site-packages/airflow/example_dags/example_time_delta_sensor_async.py
[2024-09-13T02:44:21.235+0000] {logging_mixin.py:188} INFO - [2024-09-13T02:44:21.235+0000] {dag.py:3036} INFO - Sync 1 DAGs
[2024-09-13T02:44:21.242+0000] {logging_mixin.py:188} INFO - [2024-09-13T02:44:21.241+0000] {dag.py:3823} INFO - Setting next_dagrun for example_time_delta_sensor_async to None, run_after=None
[2024-09-13T02:44:21.251+0000] {processor.py:183} INFO - Processing /home/airflow/.local/lib/python3.8/site-packages/airflow/example_dags/example_time_delta_sensor_async.py took 0.037 seconds
[2024-09-13T02:44:51.938+0000] {processor.py:161} INFO - Started process (PID=3333) to work on /home/airflow/.local/lib/python3.8/site-packages/airflow/example_dags/example_time_delta_sensor_async.py
[2024-09-13T02:44:51.938+0000] {processor.py:830} INFO - Processing file /home/airflow/.local/lib/python3.8/site-packages/airflow/example_dags/example_time_delta_sensor_async.py for tasks to queue
[2024-09-13T02:44:51.939+0000] {logging_mixin.py:188} INFO - [2024-09-13T02:44:51.939+0000] {dagbag.py:538} INFO - Filling up the DagBag from /home/airflow/.local/lib/python3.8/site-packages/airflow/example_dags/example_time_delta_sensor_async.py
[2024-09-13T02:44:51.942+0000] {processor.py:840} INFO - DAG(s) 'example_time_delta_sensor_async' retrieved from /home/airflow/.local/lib/python3.8/site-packages/airflow/example_dags/example_time_delta_sensor_async.py
[2024-09-13T02:44:51.956+0000] {logging_mixin.py:188} INFO - [2024-09-13T02:44:51.956+0000] {dag.py:3036} INFO - Sync 1 DAGs
[2024-09-13T02:44:51.964+0000] {logging_mixin.py:188} INFO - [2024-09-13T02:44:51.964+0000] {dag.py:3823} INFO - Setting next_dagrun for example_time_delta_sensor_async to None, run_after=None
[2024-09-13T02:44:51.976+0000] {processor.py:183} INFO - Processing /home/airflow/.local/lib/python3.8/site-packages/airflow/example_dags/example_time_delta_sensor_async.py took 0.040 seconds
[2024-09-13T02:45:22.739+0000] {processor.py:161} INFO - Started process (PID=3580) to work on /home/airflow/.local/lib/python3.8/site-packages/airflow/example_dags/example_time_delta_sensor_async.py
[2024-09-13T02:45:22.746+0000] {processor.py:830} INFO - Processing file /home/airflow/.local/lib/python3.8/site-packages/airflow/example_dags/example_time_delta_sensor_async.py for tasks to queue
[2024-09-13T02:45:22.749+0000] {logging_mixin.py:188} INFO - [2024-09-13T02:45:22.749+0000] {dagbag.py:538} INFO - Filling up the DagBag from /home/airflow/.local/lib/python3.8/site-packages/airflow/example_dags/example_time_delta_sensor_async.py
[2024-09-13T02:45:22.756+0000] {processor.py:840} INFO - DAG(s) 'example_time_delta_sensor_async' retrieved from /home/airflow/.local/lib/python3.8/site-packages/airflow/example_dags/example_time_delta_sensor_async.py
[2024-09-13T02:45:22.772+0000] {logging_mixin.py:188} INFO - [2024-09-13T02:45:22.772+0000] {dag.py:3036} INFO - Sync 1 DAGs
[2024-09-13T02:45:22.780+0000] {logging_mixin.py:188} INFO - [2024-09-13T02:45:22.780+0000] {dag.py:3823} INFO - Setting next_dagrun for example_time_delta_sensor_async to None, run_after=None
[2024-09-13T02:45:22.794+0000] {processor.py:183} INFO - Processing /home/airflow/.local/lib/python3.8/site-packages/airflow/example_dags/example_time_delta_sensor_async.py took 0.061 seconds
[2024-09-13T02:45:53.005+0000] {processor.py:161} INFO - Started process (PID=3829) to work on /home/airflow/.local/lib/python3.8/site-packages/airflow/example_dags/example_time_delta_sensor_async.py
[2024-09-13T02:45:53.006+0000] {processor.py:830} INFO - Processing file /home/airflow/.local/lib/python3.8/site-packages/airflow/example_dags/example_time_delta_sensor_async.py for tasks to queue
[2024-09-13T02:45:53.006+0000] {logging_mixin.py:188} INFO - [2024-09-13T02:45:53.006+0000] {dagbag.py:538} INFO - Filling up the DagBag from /home/airflow/.local/lib/python3.8/site-packages/airflow/example_dags/example_time_delta_sensor_async.py
[2024-09-13T02:45:53.010+0000] {processor.py:840} INFO - DAG(s) 'example_time_delta_sensor_async' retrieved from /home/airflow/.local/lib/python3.8/site-packages/airflow/example_dags/example_time_delta_sensor_async.py
[2024-09-13T02:45:53.027+0000] {logging_mixin.py:188} INFO - [2024-09-13T02:45:53.027+0000] {dag.py:3036} INFO - Sync 1 DAGs
[2024-09-13T02:45:53.034+0000] {logging_mixin.py:188} INFO - [2024-09-13T02:45:53.034+0000] {dag.py:3823} INFO - Setting next_dagrun for example_time_delta_sensor_async to None, run_after=None
[2024-09-13T02:45:53.045+0000] {processor.py:183} INFO - Processing /home/airflow/.local/lib/python3.8/site-packages/airflow/example_dags/example_time_delta_sensor_async.py took 0.043 seconds
[2024-09-13T02:46:23.063+0000] {processor.py:161} INFO - Started process (PID=4074) to work on /home/airflow/.local/lib/python3.8/site-packages/airflow/example_dags/example_time_delta_sensor_async.py
[2024-09-13T02:46:23.064+0000] {processor.py:830} INFO - Processing file /home/airflow/.local/lib/python3.8/site-packages/airflow/example_dags/example_time_delta_sensor_async.py for tasks to queue
[2024-09-13T02:46:23.065+0000] {logging_mixin.py:188} INFO - [2024-09-13T02:46:23.065+0000] {dagbag.py:538} INFO - Filling up the DagBag from /home/airflow/.local/lib/python3.8/site-packages/airflow/example_dags/example_time_delta_sensor_async.py
[2024-09-13T02:46:23.067+0000] {processor.py:840} INFO - DAG(s) 'example_time_delta_sensor_async' retrieved from /home/airflow/.local/lib/python3.8/site-packages/airflow/example_dags/example_time_delta_sensor_async.py
[2024-09-13T02:46:23.079+0000] {logging_mixin.py:188} INFO - [2024-09-13T02:46:23.079+0000] {dag.py:3036} INFO - Sync 1 DAGs
[2024-09-13T02:46:23.085+0000] {logging_mixin.py:188} INFO - [2024-09-13T02:46:23.085+0000] {dag.py:3823} INFO - Setting next_dagrun for example_time_delta_sensor_async to None, run_after=None
[2024-09-13T02:46:23.094+0000] {processor.py:183} INFO - Processing /home/airflow/.local/lib/python3.8/site-packages/airflow/example_dags/example_time_delta_sensor_async.py took 0.033 seconds
[2024-09-13T02:46:53.337+0000] {processor.py:161} INFO - Started process (PID=4323) to work on /home/airflow/.local/lib/python3.8/site-packages/airflow/example_dags/example_time_delta_sensor_async.py
[2024-09-13T02:46:53.338+0000] {processor.py:830} INFO - Processing file /home/airflow/.local/lib/python3.8/site-packages/airflow/example_dags/example_time_delta_sensor_async.py for tasks to queue
[2024-09-13T02:46:53.338+0000] {logging_mixin.py:188} INFO - [2024-09-13T02:46:53.338+0000] {dagbag.py:538} INFO - Filling up the DagBag from /home/airflow/.local/lib/python3.8/site-packages/airflow/example_dags/example_time_delta_sensor_async.py
[2024-09-13T02:46:53.341+0000] {processor.py:840} INFO - DAG(s) 'example_time_delta_sensor_async' retrieved from /home/airflow/.local/lib/python3.8/site-packages/airflow/example_dags/example_time_delta_sensor_async.py
[2024-09-13T02:46:53.353+0000] {logging_mixin.py:188} INFO - [2024-09-13T02:46:53.353+0000] {dag.py:3036} INFO - Sync 1 DAGs
[2024-09-13T02:46:53.360+0000] {logging_mixin.py:188} INFO - [2024-09-13T02:46:53.360+0000] {dag.py:3823} INFO - Setting next_dagrun for example_time_delta_sensor_async to None, run_after=None
[2024-09-13T02:46:53.369+0000] {processor.py:183} INFO - Processing /home/airflow/.local/lib/python3.8/site-packages/airflow/example_dags/example_time_delta_sensor_async.py took 0.034 seconds
[2024-09-13T02:47:24.143+0000] {processor.py:161} INFO - Started process (PID=4570) to work on /home/airflow/.local/lib/python3.8/site-packages/airflow/example_dags/example_time_delta_sensor_async.py
[2024-09-13T02:47:24.146+0000] {processor.py:830} INFO - Processing file /home/airflow/.local/lib/python3.8/site-packages/airflow/example_dags/example_time_delta_sensor_async.py for tasks to queue
[2024-09-13T02:47:24.147+0000] {logging_mixin.py:188} INFO - [2024-09-13T02:47:24.147+0000] {dagbag.py:538} INFO - Filling up the DagBag from /home/airflow/.local/lib/python3.8/site-packages/airflow/example_dags/example_time_delta_sensor_async.py
[2024-09-13T02:47:24.153+0000] {processor.py:840} INFO - DAG(s) 'example_time_delta_sensor_async' retrieved from /home/airflow/.local/lib/python3.8/site-packages/airflow/example_dags/example_time_delta_sensor_async.py
[2024-09-13T02:47:24.168+0000] {logging_mixin.py:188} INFO - [2024-09-13T02:47:24.168+0000] {dag.py:3036} INFO - Sync 1 DAGs
[2024-09-13T02:47:24.175+0000] {logging_mixin.py:188} INFO - [2024-09-13T02:47:24.175+0000] {dag.py:3823} INFO - Setting next_dagrun for example_time_delta_sensor_async to None, run_after=None
[2024-09-13T02:47:24.190+0000] {processor.py:183} INFO - Processing /home/airflow/.local/lib/python3.8/site-packages/airflow/example_dags/example_time_delta_sensor_async.py took 0.050 seconds
[2024-09-13T02:47:55.324+0000] {processor.py:161} INFO - Started process (PID=4815) to work on /home/airflow/.local/lib/python3.8/site-packages/airflow/example_dags/example_time_delta_sensor_async.py
[2024-09-13T02:47:55.325+0000] {processor.py:830} INFO - Processing file /home/airflow/.local/lib/python3.8/site-packages/airflow/example_dags/example_time_delta_sensor_async.py for tasks to queue
[2024-09-13T02:47:55.325+0000] {logging_mixin.py:188} INFO - [2024-09-13T02:47:55.325+0000] {dagbag.py:538} INFO - Filling up the DagBag from /home/airflow/.local/lib/python3.8/site-packages/airflow/example_dags/example_time_delta_sensor_async.py
[2024-09-13T02:47:55.328+0000] {processor.py:840} INFO - DAG(s) 'example_time_delta_sensor_async' retrieved from /home/airflow/.local/lib/python3.8/site-packages/airflow/example_dags/example_time_delta_sensor_async.py
[2024-09-13T02:47:55.342+0000] {logging_mixin.py:188} INFO - [2024-09-13T02:47:55.342+0000] {dag.py:3036} INFO - Sync 1 DAGs
[2024-09-13T02:47:55.350+0000] {logging_mixin.py:188} INFO - [2024-09-13T02:47:55.350+0000] {dag.py:3823} INFO - Setting next_dagrun for example_time_delta_sensor_async to None, run_after=None
[2024-09-13T02:47:55.361+0000] {processor.py:183} INFO - Processing /home/airflow/.local/lib/python3.8/site-packages/airflow/example_dags/example_time_delta_sensor_async.py took 0.040 seconds
[2024-09-13T02:48:26.326+0000] {processor.py:161} INFO - Started process (PID=5062) to work on /home/airflow/.local/lib/python3.8/site-packages/airflow/example_dags/example_time_delta_sensor_async.py
[2024-09-13T02:48:26.327+0000] {processor.py:830} INFO - Processing file /home/airflow/.local/lib/python3.8/site-packages/airflow/example_dags/example_time_delta_sensor_async.py for tasks to queue
[2024-09-13T02:48:26.327+0000] {logging_mixin.py:188} INFO - [2024-09-13T02:48:26.327+0000] {dagbag.py:538} INFO - Filling up the DagBag from /home/airflow/.local/lib/python3.8/site-packages/airflow/example_dags/example_time_delta_sensor_async.py
[2024-09-13T02:48:26.330+0000] {processor.py:840} INFO - DAG(s) 'example_time_delta_sensor_async' retrieved from /home/airflow/.local/lib/python3.8/site-packages/airflow/example_dags/example_time_delta_sensor_async.py
[2024-09-13T02:48:26.344+0000] {logging_mixin.py:188} INFO - [2024-09-13T02:48:26.344+0000] {dag.py:3036} INFO - Sync 1 DAGs
[2024-09-13T02:48:26.351+0000] {logging_mixin.py:188} INFO - [2024-09-13T02:48:26.351+0000] {dag.py:3823} INFO - Setting next_dagrun for example_time_delta_sensor_async to None, run_after=None
[2024-09-13T02:48:26.363+0000] {processor.py:183} INFO - Processing /home/airflow/.local/lib/python3.8/site-packages/airflow/example_dags/example_time_delta_sensor_async.py took 0.040 seconds
[2024-09-13T02:48:57.148+0000] {processor.py:161} INFO - Started process (PID=5309) to work on /home/airflow/.local/lib/python3.8/site-packages/airflow/example_dags/example_time_delta_sensor_async.py
[2024-09-13T02:48:57.149+0000] {processor.py:830} INFO - Processing file /home/airflow/.local/lib/python3.8/site-packages/airflow/example_dags/example_time_delta_sensor_async.py for tasks to queue
[2024-09-13T02:48:57.150+0000] {logging_mixin.py:188} INFO - [2024-09-13T02:48:57.150+0000] {dagbag.py:538} INFO - Filling up the DagBag from /home/airflow/.local/lib/python3.8/site-packages/airflow/example_dags/example_time_delta_sensor_async.py
[2024-09-13T02:48:57.153+0000] {processor.py:840} INFO - DAG(s) 'example_time_delta_sensor_async' retrieved from /home/airflow/.local/lib/python3.8/site-packages/airflow/example_dags/example_time_delta_sensor_async.py
[2024-09-13T02:48:57.165+0000] {logging_mixin.py:188} INFO - [2024-09-13T02:48:57.165+0000] {dag.py:3036} INFO - Sync 1 DAGs
[2024-09-13T02:48:57.172+0000] {logging_mixin.py:188} INFO - [2024-09-13T02:48:57.172+0000] {dag.py:3823} INFO - Setting next_dagrun for example_time_delta_sensor_async to None, run_after=None
[2024-09-13T02:48:57.182+0000] {processor.py:183} INFO - Processing /home/airflow/.local/lib/python3.8/site-packages/airflow/example_dags/example_time_delta_sensor_async.py took 0.035 seconds
[2024-09-13T02:49:27.856+0000] {processor.py:161} INFO - Started process (PID=5558) to work on /home/airflow/.local/lib/python3.8/site-packages/airflow/example_dags/example_time_delta_sensor_async.py
[2024-09-13T02:49:27.857+0000] {processor.py:830} INFO - Processing file /home/airflow/.local/lib/python3.8/site-packages/airflow/example_dags/example_time_delta_sensor_async.py for tasks to queue
[2024-09-13T02:49:27.858+0000] {logging_mixin.py:188} INFO - [2024-09-13T02:49:27.857+0000] {dagbag.py:538} INFO - Filling up the DagBag from /home/airflow/.local/lib/python3.8/site-packages/airflow/example_dags/example_time_delta_sensor_async.py
[2024-09-13T02:49:27.861+0000] {processor.py:840} INFO - DAG(s) 'example_time_delta_sensor_async' retrieved from /home/airflow/.local/lib/python3.8/site-packages/airflow/example_dags/example_time_delta_sensor_async.py
[2024-09-13T02:49:27.873+0000] {logging_mixin.py:188} INFO - [2024-09-13T02:49:27.873+0000] {dag.py:3036} INFO - Sync 1 DAGs
[2024-09-13T02:49:27.879+0000] {logging_mixin.py:188} INFO - [2024-09-13T02:49:27.879+0000] {dag.py:3823} INFO - Setting next_dagrun for example_time_delta_sensor_async to None, run_after=None
[2024-09-13T02:49:27.889+0000] {processor.py:183} INFO - Processing /home/airflow/.local/lib/python3.8/site-packages/airflow/example_dags/example_time_delta_sensor_async.py took 0.035 seconds
[2024-09-13T02:49:58.096+0000] {processor.py:161} INFO - Started process (PID=5803) to work on /home/airflow/.local/lib/python3.8/site-packages/airflow/example_dags/example_time_delta_sensor_async.py
[2024-09-13T02:49:58.097+0000] {processor.py:830} INFO - Processing file /home/airflow/.local/lib/python3.8/site-packages/airflow/example_dags/example_time_delta_sensor_async.py for tasks to queue
[2024-09-13T02:49:58.097+0000] {logging_mixin.py:188} INFO - [2024-09-13T02:49:58.097+0000] {dagbag.py:538} INFO - Filling up the DagBag from /home/airflow/.local/lib/python3.8/site-packages/airflow/example_dags/example_time_delta_sensor_async.py
[2024-09-13T02:49:58.101+0000] {processor.py:840} INFO - DAG(s) 'example_time_delta_sensor_async' retrieved from /home/airflow/.local/lib/python3.8/site-packages/airflow/example_dags/example_time_delta_sensor_async.py
[2024-09-13T02:49:58.115+0000] {logging_mixin.py:188} INFO - [2024-09-13T02:49:58.115+0000] {dag.py:3036} INFO - Sync 1 DAGs
[2024-09-13T02:49:58.123+0000] {logging_mixin.py:188} INFO - [2024-09-13T02:49:58.123+0000] {dag.py:3823} INFO - Setting next_dagrun for example_time_delta_sensor_async to None, run_after=None
[2024-09-13T02:49:58.135+0000] {processor.py:183} INFO - Processing /home/airflow/.local/lib/python3.8/site-packages/airflow/example_dags/example_time_delta_sensor_async.py took 0.041 seconds
[2024-09-13T02:50:28.783+0000] {processor.py:161} INFO - Started process (PID=6050) to work on /home/airflow/.local/lib/python3.8/site-packages/airflow/example_dags/example_time_delta_sensor_async.py
[2024-09-13T02:50:28.784+0000] {processor.py:830} INFO - Processing file /home/airflow/.local/lib/python3.8/site-packages/airflow/example_dags/example_time_delta_sensor_async.py for tasks to queue
[2024-09-13T02:50:28.785+0000] {logging_mixin.py:188} INFO - [2024-09-13T02:50:28.785+0000] {dagbag.py:538} INFO - Filling up the DagBag from /home/airflow/.local/lib/python3.8/site-packages/airflow/example_dags/example_time_delta_sensor_async.py
[2024-09-13T02:50:28.788+0000] {processor.py:840} INFO - DAG(s) 'example_time_delta_sensor_async' retrieved from /home/airflow/.local/lib/python3.8/site-packages/airflow/example_dags/example_time_delta_sensor_async.py
[2024-09-13T02:50:28.801+0000] {logging_mixin.py:188} INFO - [2024-09-13T02:50:28.800+0000] {dag.py:3036} INFO - Sync 1 DAGs
[2024-09-13T02:50:28.807+0000] {logging_mixin.py:188} INFO - [2024-09-13T02:50:28.807+0000] {dag.py:3823} INFO - Setting next_dagrun for example_time_delta_sensor_async to None, run_after=None
[2024-09-13T02:50:28.818+0000] {processor.py:183} INFO - Processing /home/airflow/.local/lib/python3.8/site-packages/airflow/example_dags/example_time_delta_sensor_async.py took 0.037 seconds
[2024-09-13T02:50:59.486+0000] {processor.py:161} INFO - Started process (PID=6297) to work on /home/airflow/.local/lib/python3.8/site-packages/airflow/example_dags/example_time_delta_sensor_async.py
[2024-09-13T02:50:59.487+0000] {processor.py:830} INFO - Processing file /home/airflow/.local/lib/python3.8/site-packages/airflow/example_dags/example_time_delta_sensor_async.py for tasks to queue
[2024-09-13T02:50:59.488+0000] {logging_mixin.py:188} INFO - [2024-09-13T02:50:59.487+0000] {dagbag.py:538} INFO - Filling up the DagBag from /home/airflow/.local/lib/python3.8/site-packages/airflow/example_dags/example_time_delta_sensor_async.py
[2024-09-13T02:50:59.491+0000] {processor.py:840} INFO - DAG(s) 'example_time_delta_sensor_async' retrieved from /home/airflow/.local/lib/python3.8/site-packages/airflow/example_dags/example_time_delta_sensor_async.py
[2024-09-13T02:50:59.503+0000] {logging_mixin.py:188} INFO - [2024-09-13T02:50:59.503+0000] {dag.py:3036} INFO - Sync 1 DAGs
[2024-09-13T02:50:59.510+0000] {logging_mixin.py:188} INFO - [2024-09-13T02:50:59.510+0000] {dag.py:3823} INFO - Setting next_dagrun for example_time_delta_sensor_async to None, run_after=None
[2024-09-13T02:50:59.520+0000] {processor.py:183} INFO - Processing /home/airflow/.local/lib/python3.8/site-packages/airflow/example_dags/example_time_delta_sensor_async.py took 0.036 seconds
[2024-09-13T02:51:30.192+0000] {processor.py:161} INFO - Started process (PID=6544) to work on /home/airflow/.local/lib/python3.8/site-packages/airflow/example_dags/example_time_delta_sensor_async.py
[2024-09-13T02:51:30.193+0000] {processor.py:830} INFO - Processing file /home/airflow/.local/lib/python3.8/site-packages/airflow/example_dags/example_time_delta_sensor_async.py for tasks to queue
[2024-09-13T02:51:30.194+0000] {logging_mixin.py:188} INFO - [2024-09-13T02:51:30.194+0000] {dagbag.py:538} INFO - Filling up the DagBag from /home/airflow/.local/lib/python3.8/site-packages/airflow/example_dags/example_time_delta_sensor_async.py
[2024-09-13T02:51:30.197+0000] {processor.py:840} INFO - DAG(s) 'example_time_delta_sensor_async' retrieved from /home/airflow/.local/lib/python3.8/site-packages/airflow/example_dags/example_time_delta_sensor_async.py
[2024-09-13T02:51:30.213+0000] {logging_mixin.py:188} INFO - [2024-09-13T02:51:30.213+0000] {dag.py:3036} INFO - Sync 1 DAGs
[2024-09-13T02:51:30.220+0000] {logging_mixin.py:188} INFO - [2024-09-13T02:51:30.220+0000] {dag.py:3823} INFO - Setting next_dagrun for example_time_delta_sensor_async to None, run_after=None
[2024-09-13T02:51:30.231+0000] {processor.py:183} INFO - Processing /home/airflow/.local/lib/python3.8/site-packages/airflow/example_dags/example_time_delta_sensor_async.py took 0.042 seconds
[2024-09-13T02:52:01.025+0000] {processor.py:161} INFO - Started process (PID=6791) to work on /home/airflow/.local/lib/python3.8/site-packages/airflow/example_dags/example_time_delta_sensor_async.py
[2024-09-13T02:52:01.029+0000] {processor.py:830} INFO - Processing file /home/airflow/.local/lib/python3.8/site-packages/airflow/example_dags/example_time_delta_sensor_async.py for tasks to queue
[2024-09-13T02:52:01.030+0000] {logging_mixin.py:188} INFO - [2024-09-13T02:52:01.030+0000] {dagbag.py:538} INFO - Filling up the DagBag from /home/airflow/.local/lib/python3.8/site-packages/airflow/example_dags/example_time_delta_sensor_async.py
[2024-09-13T02:52:01.039+0000] {processor.py:840} INFO - DAG(s) 'example_time_delta_sensor_async' retrieved from /home/airflow/.local/lib/python3.8/site-packages/airflow/example_dags/example_time_delta_sensor_async.py
[2024-09-13T02:52:01.075+0000] {logging_mixin.py:188} INFO - [2024-09-13T02:52:01.075+0000] {dag.py:3036} INFO - Sync 1 DAGs
[2024-09-13T02:52:01.085+0000] {logging_mixin.py:188} INFO - [2024-09-13T02:52:01.085+0000] {dag.py:3823} INFO - Setting next_dagrun for example_time_delta_sensor_async to None, run_after=None
[2024-09-13T02:52:01.098+0000] {processor.py:183} INFO - Processing /home/airflow/.local/lib/python3.8/site-packages/airflow/example_dags/example_time_delta_sensor_async.py took 0.077 seconds
[2024-09-13T02:52:31.366+0000] {processor.py:161} INFO - Started process (PID=7038) to work on /home/airflow/.local/lib/python3.8/site-packages/airflow/example_dags/example_time_delta_sensor_async.py
[2024-09-13T02:52:31.367+0000] {processor.py:830} INFO - Processing file /home/airflow/.local/lib/python3.8/site-packages/airflow/example_dags/example_time_delta_sensor_async.py for tasks to queue
[2024-09-13T02:52:31.368+0000] {logging_mixin.py:188} INFO - [2024-09-13T02:52:31.368+0000] {dagbag.py:538} INFO - Filling up the DagBag from /home/airflow/.local/lib/python3.8/site-packages/airflow/example_dags/example_time_delta_sensor_async.py
[2024-09-13T02:52:31.371+0000] {processor.py:840} INFO - DAG(s) 'example_time_delta_sensor_async' retrieved from /home/airflow/.local/lib/python3.8/site-packages/airflow/example_dags/example_time_delta_sensor_async.py
[2024-09-13T02:52:31.386+0000] {logging_mixin.py:188} INFO - [2024-09-13T02:52:31.386+0000] {dag.py:3036} INFO - Sync 1 DAGs
[2024-09-13T02:52:31.395+0000] {logging_mixin.py:188} INFO - [2024-09-13T02:52:31.395+0000] {dag.py:3823} INFO - Setting next_dagrun for example_time_delta_sensor_async to None, run_after=None
[2024-09-13T02:52:31.409+0000] {processor.py:183} INFO - Processing /home/airflow/.local/lib/python3.8/site-packages/airflow/example_dags/example_time_delta_sensor_async.py took 0.045 seconds
[2024-09-13T02:53:02.131+0000] {processor.py:161} INFO - Started process (PID=7285) to work on /home/airflow/.local/lib/python3.8/site-packages/airflow/example_dags/example_time_delta_sensor_async.py
[2024-09-13T02:53:02.132+0000] {processor.py:830} INFO - Processing file /home/airflow/.local/lib/python3.8/site-packages/airflow/example_dags/example_time_delta_sensor_async.py for tasks to queue
[2024-09-13T02:53:02.132+0000] {logging_mixin.py:188} INFO - [2024-09-13T02:53:02.132+0000] {dagbag.py:538} INFO - Filling up the DagBag from /home/airflow/.local/lib/python3.8/site-packages/airflow/example_dags/example_time_delta_sensor_async.py
[2024-09-13T02:53:02.135+0000] {processor.py:840} INFO - DAG(s) 'example_time_delta_sensor_async' retrieved from /home/airflow/.local/lib/python3.8/site-packages/airflow/example_dags/example_time_delta_sensor_async.py
[2024-09-13T02:53:02.147+0000] {logging_mixin.py:188} INFO - [2024-09-13T02:53:02.147+0000] {dag.py:3036} INFO - Sync 1 DAGs
[2024-09-13T02:53:02.154+0000] {logging_mixin.py:188} INFO - [2024-09-13T02:53:02.154+0000] {dag.py:3823} INFO - Setting next_dagrun for example_time_delta_sensor_async to None, run_after=None
[2024-09-13T02:53:02.163+0000] {processor.py:183} INFO - Processing /home/airflow/.local/lib/python3.8/site-packages/airflow/example_dags/example_time_delta_sensor_async.py took 0.034 seconds
[2024-09-13T02:53:32.625+0000] {processor.py:161} INFO - Started process (PID=7532) to work on /home/airflow/.local/lib/python3.8/site-packages/airflow/example_dags/example_time_delta_sensor_async.py
[2024-09-13T02:53:32.626+0000] {processor.py:830} INFO - Processing file /home/airflow/.local/lib/python3.8/site-packages/airflow/example_dags/example_time_delta_sensor_async.py for tasks to queue
[2024-09-13T02:53:32.627+0000] {logging_mixin.py:188} INFO - [2024-09-13T02:53:32.626+0000] {dagbag.py:538} INFO - Filling up the DagBag from /home/airflow/.local/lib/python3.8/site-packages/airflow/example_dags/example_time_delta_sensor_async.py
[2024-09-13T02:53:32.631+0000] {processor.py:840} INFO - DAG(s) 'example_time_delta_sensor_async' retrieved from /home/airflow/.local/lib/python3.8/site-packages/airflow/example_dags/example_time_delta_sensor_async.py
[2024-09-13T02:53:32.645+0000] {logging_mixin.py:188} INFO - [2024-09-13T02:53:32.645+0000] {dag.py:3036} INFO - Sync 1 DAGs
[2024-09-13T02:53:32.653+0000] {logging_mixin.py:188} INFO - [2024-09-13T02:53:32.653+0000] {dag.py:3823} INFO - Setting next_dagrun for example_time_delta_sensor_async to None, run_after=None
[2024-09-13T02:53:32.666+0000] {processor.py:183} INFO - Processing /home/airflow/.local/lib/python3.8/site-packages/airflow/example_dags/example_time_delta_sensor_async.py took 0.044 seconds
[2024-09-13T02:54:03.635+0000] {processor.py:161} INFO - Started process (PID=7779) to work on /home/airflow/.local/lib/python3.8/site-packages/airflow/example_dags/example_time_delta_sensor_async.py
[2024-09-13T02:54:03.636+0000] {processor.py:830} INFO - Processing file /home/airflow/.local/lib/python3.8/site-packages/airflow/example_dags/example_time_delta_sensor_async.py for tasks to queue
[2024-09-13T02:54:03.637+0000] {logging_mixin.py:188} INFO - [2024-09-13T02:54:03.637+0000] {dagbag.py:538} INFO - Filling up the DagBag from /home/airflow/.local/lib/python3.8/site-packages/airflow/example_dags/example_time_delta_sensor_async.py
[2024-09-13T02:54:03.640+0000] {processor.py:840} INFO - DAG(s) 'example_time_delta_sensor_async' retrieved from /home/airflow/.local/lib/python3.8/site-packages/airflow/example_dags/example_time_delta_sensor_async.py
[2024-09-13T02:54:03.653+0000] {logging_mixin.py:188} INFO - [2024-09-13T02:54:03.653+0000] {dag.py:3036} INFO - Sync 1 DAGs
[2024-09-13T02:54:03.660+0000] {logging_mixin.py:188} INFO - [2024-09-13T02:54:03.660+0000] {dag.py:3823} INFO - Setting next_dagrun for example_time_delta_sensor_async to None, run_after=None
[2024-09-13T02:54:03.674+0000] {processor.py:183} INFO - Processing /home/airflow/.local/lib/python3.8/site-packages/airflow/example_dags/example_time_delta_sensor_async.py took 0.041 seconds
[2024-09-13T02:54:33.811+0000] {processor.py:161} INFO - Started process (PID=8026) to work on /home/airflow/.local/lib/python3.8/site-packages/airflow/example_dags/example_time_delta_sensor_async.py
[2024-09-13T02:54:33.812+0000] {processor.py:830} INFO - Processing file /home/airflow/.local/lib/python3.8/site-packages/airflow/example_dags/example_time_delta_sensor_async.py for tasks to queue
[2024-09-13T02:54:33.813+0000] {logging_mixin.py:188} INFO - [2024-09-13T02:54:33.812+0000] {dagbag.py:538} INFO - Filling up the DagBag from /home/airflow/.local/lib/python3.8/site-packages/airflow/example_dags/example_time_delta_sensor_async.py
[2024-09-13T02:54:33.816+0000] {processor.py:840} INFO - DAG(s) 'example_time_delta_sensor_async' retrieved from /home/airflow/.local/lib/python3.8/site-packages/airflow/example_dags/example_time_delta_sensor_async.py
[2024-09-13T02:54:33.828+0000] {logging_mixin.py:188} INFO - [2024-09-13T02:54:33.828+0000] {dag.py:3036} INFO - Sync 1 DAGs
[2024-09-13T02:54:33.835+0000] {logging_mixin.py:188} INFO - [2024-09-13T02:54:33.834+0000] {dag.py:3823} INFO - Setting next_dagrun for example_time_delta_sensor_async to None, run_after=None
[2024-09-13T02:54:33.845+0000] {processor.py:183} INFO - Processing /home/airflow/.local/lib/python3.8/site-packages/airflow/example_dags/example_time_delta_sensor_async.py took 0.037 seconds
[2024-09-13T02:55:03.923+0000] {processor.py:161} INFO - Started process (PID=8273) to work on /home/airflow/.local/lib/python3.8/site-packages/airflow/example_dags/example_time_delta_sensor_async.py
[2024-09-13T02:55:03.924+0000] {processor.py:830} INFO - Processing file /home/airflow/.local/lib/python3.8/site-packages/airflow/example_dags/example_time_delta_sensor_async.py for tasks to queue
[2024-09-13T02:55:03.924+0000] {logging_mixin.py:188} INFO - [2024-09-13T02:55:03.924+0000] {dagbag.py:538} INFO - Filling up the DagBag from /home/airflow/.local/lib/python3.8/site-packages/airflow/example_dags/example_time_delta_sensor_async.py
[2024-09-13T02:55:03.927+0000] {processor.py:840} INFO - DAG(s) 'example_time_delta_sensor_async' retrieved from /home/airflow/.local/lib/python3.8/site-packages/airflow/example_dags/example_time_delta_sensor_async.py
[2024-09-13T02:55:03.939+0000] {logging_mixin.py:188} INFO - [2024-09-13T02:55:03.939+0000] {dag.py:3036} INFO - Sync 1 DAGs
[2024-09-13T02:55:03.946+0000] {logging_mixin.py:188} INFO - [2024-09-13T02:55:03.946+0000] {dag.py:3823} INFO - Setting next_dagrun for example_time_delta_sensor_async to None, run_after=None
[2024-09-13T02:55:03.955+0000] {processor.py:183} INFO - Processing /home/airflow/.local/lib/python3.8/site-packages/airflow/example_dags/example_time_delta_sensor_async.py took 0.035 seconds
[2024-09-13T02:55:34.618+0000] {processor.py:161} INFO - Started process (PID=8520) to work on /home/airflow/.local/lib/python3.8/site-packages/airflow/example_dags/example_time_delta_sensor_async.py
[2024-09-13T02:55:34.619+0000] {processor.py:830} INFO - Processing file /home/airflow/.local/lib/python3.8/site-packages/airflow/example_dags/example_time_delta_sensor_async.py for tasks to queue
[2024-09-13T02:55:34.620+0000] {logging_mixin.py:188} INFO - [2024-09-13T02:55:34.619+0000] {dagbag.py:538} INFO - Filling up the DagBag from /home/airflow/.local/lib/python3.8/site-packages/airflow/example_dags/example_time_delta_sensor_async.py
[2024-09-13T02:55:34.623+0000] {processor.py:840} INFO - DAG(s) 'example_time_delta_sensor_async' retrieved from /home/airflow/.local/lib/python3.8/site-packages/airflow/example_dags/example_time_delta_sensor_async.py
[2024-09-13T02:55:34.636+0000] {logging_mixin.py:188} INFO - [2024-09-13T02:55:34.636+0000] {dag.py:3036} INFO - Sync 1 DAGs
[2024-09-13T02:55:34.643+0000] {logging_mixin.py:188} INFO - [2024-09-13T02:55:34.643+0000] {dag.py:3823} INFO - Setting next_dagrun for example_time_delta_sensor_async to None, run_after=None
[2024-09-13T02:55:34.654+0000] {processor.py:183} INFO - Processing /home/airflow/.local/lib/python3.8/site-packages/airflow/example_dags/example_time_delta_sensor_async.py took 0.038 seconds
