[2024-09-13T02:38:43.403+0000] {processor.py:161} INFO - Started process (PID=311) to work on /home/airflow/.local/lib/python3.8/site-packages/airflow/example_dags/example_trigger_target_dag.py
[2024-09-13T02:38:43.404+0000] {processor.py:830} INFO - Processing file /home/airflow/.local/lib/python3.8/site-packages/airflow/example_dags/example_trigger_target_dag.py for tasks to queue
[2024-09-13T02:38:43.406+0000] {logging_mixin.py:188} INFO - [2024-09-13T02:38:43.405+0000] {dagbag.py:538} INFO - Filling up the DagBag from /home/airflow/.local/lib/python3.8/site-packages/airflow/example_dags/example_trigger_target_dag.py
[2024-09-13T02:38:43.412+0000] {processor.py:840} INFO - DAG(s) 'example_trigger_target_dag' retrieved from /home/airflow/.local/lib/python3.8/site-packages/airflow/example_dags/example_trigger_target_dag.py
[2024-09-13T02:38:43.433+0000] {logging_mixin.py:188} INFO - [2024-09-13T02:38:43.433+0000] {dag.py:3036} INFO - Sync 1 DAGs
[2024-09-13T02:38:43.446+0000] {logging_mixin.py:188} INFO - [2024-09-13T02:38:43.446+0000] {dag.py:3823} INFO - Setting next_dagrun for example_trigger_target_dag to None, run_after=None
[2024-09-13T02:38:43.472+0000] {processor.py:183} INFO - Processing /home/airflow/.local/lib/python3.8/site-packages/airflow/example_dags/example_trigger_target_dag.py took 0.072 seconds
[2024-09-13T02:39:13.938+0000] {processor.py:161} INFO - Started process (PID=558) to work on /home/airflow/.local/lib/python3.8/site-packages/airflow/example_dags/example_trigger_target_dag.py
[2024-09-13T02:39:13.938+0000] {processor.py:830} INFO - Processing file /home/airflow/.local/lib/python3.8/site-packages/airflow/example_dags/example_trigger_target_dag.py for tasks to queue
[2024-09-13T02:39:13.939+0000] {logging_mixin.py:188} INFO - [2024-09-13T02:39:13.939+0000] {dagbag.py:538} INFO - Filling up the DagBag from /home/airflow/.local/lib/python3.8/site-packages/airflow/example_dags/example_trigger_target_dag.py
[2024-09-13T02:39:13.944+0000] {processor.py:840} INFO - DAG(s) 'example_trigger_target_dag' retrieved from /home/airflow/.local/lib/python3.8/site-packages/airflow/example_dags/example_trigger_target_dag.py
[2024-09-13T02:39:13.962+0000] {logging_mixin.py:188} INFO - [2024-09-13T02:39:13.962+0000] {dag.py:3036} INFO - Sync 1 DAGs
[2024-09-13T02:39:13.969+0000] {logging_mixin.py:188} INFO - [2024-09-13T02:39:13.969+0000] {dag.py:3823} INFO - Setting next_dagrun for example_trigger_target_dag to None, run_after=None
[2024-09-13T02:39:13.979+0000] {processor.py:183} INFO - Processing /home/airflow/.local/lib/python3.8/site-packages/airflow/example_dags/example_trigger_target_dag.py took 0.044 seconds
[2024-09-13T02:39:44.703+0000] {processor.py:161} INFO - Started process (PID=807) to work on /home/airflow/.local/lib/python3.8/site-packages/airflow/example_dags/example_trigger_target_dag.py
[2024-09-13T02:39:44.704+0000] {processor.py:830} INFO - Processing file /home/airflow/.local/lib/python3.8/site-packages/airflow/example_dags/example_trigger_target_dag.py for tasks to queue
[2024-09-13T02:39:44.705+0000] {logging_mixin.py:188} INFO - [2024-09-13T02:39:44.704+0000] {dagbag.py:538} INFO - Filling up the DagBag from /home/airflow/.local/lib/python3.8/site-packages/airflow/example_dags/example_trigger_target_dag.py
[2024-09-13T02:39:44.708+0000] {processor.py:840} INFO - DAG(s) 'example_trigger_target_dag' retrieved from /home/airflow/.local/lib/python3.8/site-packages/airflow/example_dags/example_trigger_target_dag.py
[2024-09-13T02:39:44.720+0000] {logging_mixin.py:188} INFO - [2024-09-13T02:39:44.720+0000] {dag.py:3036} INFO - Sync 1 DAGs
[2024-09-13T02:39:44.727+0000] {logging_mixin.py:188} INFO - [2024-09-13T02:39:44.727+0000] {dag.py:3823} INFO - Setting next_dagrun for example_trigger_target_dag to None, run_after=None
[2024-09-13T02:39:44.736+0000] {processor.py:183} INFO - Processing /home/airflow/.local/lib/python3.8/site-packages/airflow/example_dags/example_trigger_target_dag.py took 0.035 seconds
[2024-09-13T02:40:15.701+0000] {processor.py:161} INFO - Started process (PID=1053) to work on /home/airflow/.local/lib/python3.8/site-packages/airflow/example_dags/example_trigger_target_dag.py
[2024-09-13T02:40:15.702+0000] {processor.py:830} INFO - Processing file /home/airflow/.local/lib/python3.8/site-packages/airflow/example_dags/example_trigger_target_dag.py for tasks to queue
[2024-09-13T02:40:15.702+0000] {logging_mixin.py:188} INFO - [2024-09-13T02:40:15.702+0000] {dagbag.py:538} INFO - Filling up the DagBag from /home/airflow/.local/lib/python3.8/site-packages/airflow/example_dags/example_trigger_target_dag.py
[2024-09-13T02:40:15.706+0000] {processor.py:840} INFO - DAG(s) 'example_trigger_target_dag' retrieved from /home/airflow/.local/lib/python3.8/site-packages/airflow/example_dags/example_trigger_target_dag.py
[2024-09-13T02:40:15.718+0000] {logging_mixin.py:188} INFO - [2024-09-13T02:40:15.718+0000] {dag.py:3036} INFO - Sync 1 DAGs
[2024-09-13T02:40:15.724+0000] {logging_mixin.py:188} INFO - [2024-09-13T02:40:15.724+0000] {dag.py:3823} INFO - Setting next_dagrun for example_trigger_target_dag to None, run_after=None
[2024-09-13T02:40:15.733+0000] {processor.py:183} INFO - Processing /home/airflow/.local/lib/python3.8/site-packages/airflow/example_dags/example_trigger_target_dag.py took 0.034 seconds
[2024-09-13T02:40:45.884+0000] {processor.py:161} INFO - Started process (PID=1298) to work on /home/airflow/.local/lib/python3.8/site-packages/airflow/example_dags/example_trigger_target_dag.py
[2024-09-13T02:40:45.885+0000] {processor.py:830} INFO - Processing file /home/airflow/.local/lib/python3.8/site-packages/airflow/example_dags/example_trigger_target_dag.py for tasks to queue
[2024-09-13T02:40:45.885+0000] {logging_mixin.py:188} INFO - [2024-09-13T02:40:45.885+0000] {dagbag.py:538} INFO - Filling up the DagBag from /home/airflow/.local/lib/python3.8/site-packages/airflow/example_dags/example_trigger_target_dag.py
[2024-09-13T02:40:45.890+0000] {processor.py:840} INFO - DAG(s) 'example_trigger_target_dag' retrieved from /home/airflow/.local/lib/python3.8/site-packages/airflow/example_dags/example_trigger_target_dag.py
[2024-09-13T02:40:45.905+0000] {logging_mixin.py:188} INFO - [2024-09-13T02:40:45.905+0000] {dag.py:3036} INFO - Sync 1 DAGs
[2024-09-13T02:40:45.914+0000] {logging_mixin.py:188} INFO - [2024-09-13T02:40:45.914+0000] {dag.py:3823} INFO - Setting next_dagrun for example_trigger_target_dag to None, run_after=None
[2024-09-13T02:40:45.927+0000] {processor.py:183} INFO - Processing /home/airflow/.local/lib/python3.8/site-packages/airflow/example_dags/example_trigger_target_dag.py took 0.046 seconds
[2024-09-13T02:41:15.953+0000] {processor.py:161} INFO - Started process (PID=1540) to work on /home/airflow/.local/lib/python3.8/site-packages/airflow/example_dags/example_trigger_target_dag.py
[2024-09-13T02:41:15.954+0000] {processor.py:830} INFO - Processing file /home/airflow/.local/lib/python3.8/site-packages/airflow/example_dags/example_trigger_target_dag.py for tasks to queue
[2024-09-13T02:41:15.955+0000] {logging_mixin.py:188} INFO - [2024-09-13T02:41:15.954+0000] {dagbag.py:538} INFO - Filling up the DagBag from /home/airflow/.local/lib/python3.8/site-packages/airflow/example_dags/example_trigger_target_dag.py
[2024-09-13T02:41:15.959+0000] {processor.py:840} INFO - DAG(s) 'example_trigger_target_dag' retrieved from /home/airflow/.local/lib/python3.8/site-packages/airflow/example_dags/example_trigger_target_dag.py
[2024-09-13T02:41:15.974+0000] {logging_mixin.py:188} INFO - [2024-09-13T02:41:15.973+0000] {dag.py:3036} INFO - Sync 1 DAGs
[2024-09-13T02:41:15.980+0000] {logging_mixin.py:188} INFO - [2024-09-13T02:41:15.980+0000] {dag.py:3823} INFO - Setting next_dagrun for example_trigger_target_dag to None, run_after=None
[2024-09-13T02:41:15.991+0000] {processor.py:183} INFO - Processing /home/airflow/.local/lib/python3.8/site-packages/airflow/example_dags/example_trigger_target_dag.py took 0.040 seconds
[2024-09-13T02:41:46.789+0000] {processor.py:161} INFO - Started process (PID=1791) to work on /home/airflow/.local/lib/python3.8/site-packages/airflow/example_dags/example_trigger_target_dag.py
[2024-09-13T02:41:46.790+0000] {processor.py:830} INFO - Processing file /home/airflow/.local/lib/python3.8/site-packages/airflow/example_dags/example_trigger_target_dag.py for tasks to queue
[2024-09-13T02:41:46.790+0000] {logging_mixin.py:188} INFO - [2024-09-13T02:41:46.790+0000] {dagbag.py:538} INFO - Filling up the DagBag from /home/airflow/.local/lib/python3.8/site-packages/airflow/example_dags/example_trigger_target_dag.py
[2024-09-13T02:41:46.794+0000] {processor.py:840} INFO - DAG(s) 'example_trigger_target_dag' retrieved from /home/airflow/.local/lib/python3.8/site-packages/airflow/example_dags/example_trigger_target_dag.py
[2024-09-13T02:41:46.809+0000] {logging_mixin.py:188} INFO - [2024-09-13T02:41:46.809+0000] {dag.py:3036} INFO - Sync 1 DAGs
[2024-09-13T02:41:46.816+0000] {logging_mixin.py:188} INFO - [2024-09-13T02:41:46.816+0000] {dag.py:3823} INFO - Setting next_dagrun for example_trigger_target_dag to None, run_after=None
[2024-09-13T02:41:46.828+0000] {processor.py:183} INFO - Processing /home/airflow/.local/lib/python3.8/site-packages/airflow/example_dags/example_trigger_target_dag.py took 0.041 seconds
[2024-09-13T02:42:17.417+0000] {processor.py:161} INFO - Started process (PID=2038) to work on /home/airflow/.local/lib/python3.8/site-packages/airflow/example_dags/example_trigger_target_dag.py
[2024-09-13T02:42:17.418+0000] {processor.py:830} INFO - Processing file /home/airflow/.local/lib/python3.8/site-packages/airflow/example_dags/example_trigger_target_dag.py for tasks to queue
[2024-09-13T02:42:17.419+0000] {logging_mixin.py:188} INFO - [2024-09-13T02:42:17.419+0000] {dagbag.py:538} INFO - Filling up the DagBag from /home/airflow/.local/lib/python3.8/site-packages/airflow/example_dags/example_trigger_target_dag.py
[2024-09-13T02:42:17.423+0000] {processor.py:840} INFO - DAG(s) 'example_trigger_target_dag' retrieved from /home/airflow/.local/lib/python3.8/site-packages/airflow/example_dags/example_trigger_target_dag.py
[2024-09-13T02:42:17.439+0000] {logging_mixin.py:188} INFO - [2024-09-13T02:42:17.439+0000] {dag.py:3036} INFO - Sync 1 DAGs
[2024-09-13T02:42:17.447+0000] {logging_mixin.py:188} INFO - [2024-09-13T02:42:17.446+0000] {dag.py:3823} INFO - Setting next_dagrun for example_trigger_target_dag to None, run_after=None
[2024-09-13T02:42:17.458+0000] {processor.py:183} INFO - Processing /home/airflow/.local/lib/python3.8/site-packages/airflow/example_dags/example_trigger_target_dag.py took 0.044 seconds
[2024-09-13T02:42:48.339+0000] {processor.py:161} INFO - Started process (PID=2285) to work on /home/airflow/.local/lib/python3.8/site-packages/airflow/example_dags/example_trigger_target_dag.py
[2024-09-13T02:42:48.341+0000] {processor.py:830} INFO - Processing file /home/airflow/.local/lib/python3.8/site-packages/airflow/example_dags/example_trigger_target_dag.py for tasks to queue
[2024-09-13T02:42:48.342+0000] {logging_mixin.py:188} INFO - [2024-09-13T02:42:48.342+0000] {dagbag.py:538} INFO - Filling up the DagBag from /home/airflow/.local/lib/python3.8/site-packages/airflow/example_dags/example_trigger_target_dag.py
[2024-09-13T02:42:48.346+0000] {processor.py:840} INFO - DAG(s) 'example_trigger_target_dag' retrieved from /home/airflow/.local/lib/python3.8/site-packages/airflow/example_dags/example_trigger_target_dag.py
[2024-09-13T02:42:48.360+0000] {logging_mixin.py:188} INFO - [2024-09-13T02:42:48.360+0000] {dag.py:3036} INFO - Sync 1 DAGs
[2024-09-13T02:42:48.368+0000] {logging_mixin.py:188} INFO - [2024-09-13T02:42:48.368+0000] {dag.py:3823} INFO - Setting next_dagrun for example_trigger_target_dag to None, run_after=None
[2024-09-13T02:42:48.380+0000] {processor.py:183} INFO - Processing /home/airflow/.local/lib/python3.8/site-packages/airflow/example_dags/example_trigger_target_dag.py took 0.044 seconds
[2024-09-13T02:43:19.379+0000] {processor.py:161} INFO - Started process (PID=2533) to work on /home/airflow/.local/lib/python3.8/site-packages/airflow/example_dags/example_trigger_target_dag.py
[2024-09-13T02:43:19.380+0000] {processor.py:830} INFO - Processing file /home/airflow/.local/lib/python3.8/site-packages/airflow/example_dags/example_trigger_target_dag.py for tasks to queue
[2024-09-13T02:43:19.380+0000] {logging_mixin.py:188} INFO - [2024-09-13T02:43:19.380+0000] {dagbag.py:538} INFO - Filling up the DagBag from /home/airflow/.local/lib/python3.8/site-packages/airflow/example_dags/example_trigger_target_dag.py
[2024-09-13T02:43:19.384+0000] {processor.py:840} INFO - DAG(s) 'example_trigger_target_dag' retrieved from /home/airflow/.local/lib/python3.8/site-packages/airflow/example_dags/example_trigger_target_dag.py
[2024-09-13T02:43:19.399+0000] {logging_mixin.py:188} INFO - [2024-09-13T02:43:19.399+0000] {dag.py:3036} INFO - Sync 1 DAGs
[2024-09-13T02:43:19.406+0000] {logging_mixin.py:188} INFO - [2024-09-13T02:43:19.406+0000] {dag.py:3823} INFO - Setting next_dagrun for example_trigger_target_dag to None, run_after=None
[2024-09-13T02:43:19.418+0000] {processor.py:183} INFO - Processing /home/airflow/.local/lib/python3.8/site-packages/airflow/example_dags/example_trigger_target_dag.py took 0.041 seconds
[2024-09-13T02:43:50.086+0000] {processor.py:161} INFO - Started process (PID=2779) to work on /home/airflow/.local/lib/python3.8/site-packages/airflow/example_dags/example_trigger_target_dag.py
[2024-09-13T02:43:50.086+0000] {processor.py:830} INFO - Processing file /home/airflow/.local/lib/python3.8/site-packages/airflow/example_dags/example_trigger_target_dag.py for tasks to queue
[2024-09-13T02:43:50.087+0000] {logging_mixin.py:188} INFO - [2024-09-13T02:43:50.087+0000] {dagbag.py:538} INFO - Filling up the DagBag from /home/airflow/.local/lib/python3.8/site-packages/airflow/example_dags/example_trigger_target_dag.py
[2024-09-13T02:43:50.091+0000] {processor.py:840} INFO - DAG(s) 'example_trigger_target_dag' retrieved from /home/airflow/.local/lib/python3.8/site-packages/airflow/example_dags/example_trigger_target_dag.py
[2024-09-13T02:43:50.103+0000] {logging_mixin.py:188} INFO - [2024-09-13T02:43:50.102+0000] {dag.py:3036} INFO - Sync 1 DAGs
[2024-09-13T02:43:50.109+0000] {logging_mixin.py:188} INFO - [2024-09-13T02:43:50.109+0000] {dag.py:3823} INFO - Setting next_dagrun for example_trigger_target_dag to None, run_after=None
[2024-09-13T02:43:50.120+0000] {processor.py:183} INFO - Processing /home/airflow/.local/lib/python3.8/site-packages/airflow/example_dags/example_trigger_target_dag.py took 0.036 seconds
[2024-09-13T02:44:20.815+0000] {processor.py:161} INFO - Started process (PID=3026) to work on /home/airflow/.local/lib/python3.8/site-packages/airflow/example_dags/example_trigger_target_dag.py
[2024-09-13T02:44:20.815+0000] {processor.py:830} INFO - Processing file /home/airflow/.local/lib/python3.8/site-packages/airflow/example_dags/example_trigger_target_dag.py for tasks to queue
[2024-09-13T02:44:20.816+0000] {logging_mixin.py:188} INFO - [2024-09-13T02:44:20.816+0000] {dagbag.py:538} INFO - Filling up the DagBag from /home/airflow/.local/lib/python3.8/site-packages/airflow/example_dags/example_trigger_target_dag.py
[2024-09-13T02:44:20.820+0000] {processor.py:840} INFO - DAG(s) 'example_trigger_target_dag' retrieved from /home/airflow/.local/lib/python3.8/site-packages/airflow/example_dags/example_trigger_target_dag.py
[2024-09-13T02:44:20.834+0000] {logging_mixin.py:188} INFO - [2024-09-13T02:44:20.834+0000] {dag.py:3036} INFO - Sync 1 DAGs
[2024-09-13T02:44:20.842+0000] {logging_mixin.py:188} INFO - [2024-09-13T02:44:20.842+0000] {dag.py:3823} INFO - Setting next_dagrun for example_trigger_target_dag to None, run_after=None
[2024-09-13T02:44:20.853+0000] {processor.py:183} INFO - Processing /home/airflow/.local/lib/python3.8/site-packages/airflow/example_dags/example_trigger_target_dag.py took 0.041 seconds
[2024-09-13T02:44:51.564+0000] {processor.py:161} INFO - Started process (PID=3273) to work on /home/airflow/.local/lib/python3.8/site-packages/airflow/example_dags/example_trigger_target_dag.py
[2024-09-13T02:44:51.565+0000] {processor.py:830} INFO - Processing file /home/airflow/.local/lib/python3.8/site-packages/airflow/example_dags/example_trigger_target_dag.py for tasks to queue
[2024-09-13T02:44:51.566+0000] {logging_mixin.py:188} INFO - [2024-09-13T02:44:51.566+0000] {dagbag.py:538} INFO - Filling up the DagBag from /home/airflow/.local/lib/python3.8/site-packages/airflow/example_dags/example_trigger_target_dag.py
[2024-09-13T02:44:51.570+0000] {processor.py:840} INFO - DAG(s) 'example_trigger_target_dag' retrieved from /home/airflow/.local/lib/python3.8/site-packages/airflow/example_dags/example_trigger_target_dag.py
[2024-09-13T02:44:51.583+0000] {logging_mixin.py:188} INFO - [2024-09-13T02:44:51.582+0000] {dag.py:3036} INFO - Sync 1 DAGs
[2024-09-13T02:44:51.589+0000] {logging_mixin.py:188} INFO - [2024-09-13T02:44:51.589+0000] {dag.py:3823} INFO - Setting next_dagrun for example_trigger_target_dag to None, run_after=None
[2024-09-13T02:44:51.600+0000] {processor.py:183} INFO - Processing /home/airflow/.local/lib/python3.8/site-packages/airflow/example_dags/example_trigger_target_dag.py took 0.039 seconds
[2024-09-13T02:45:22.279+0000] {processor.py:161} INFO - Started process (PID=3520) to work on /home/airflow/.local/lib/python3.8/site-packages/airflow/example_dags/example_trigger_target_dag.py
[2024-09-13T02:45:22.281+0000] {processor.py:830} INFO - Processing file /home/airflow/.local/lib/python3.8/site-packages/airflow/example_dags/example_trigger_target_dag.py for tasks to queue
[2024-09-13T02:45:22.282+0000] {logging_mixin.py:188} INFO - [2024-09-13T02:45:22.282+0000] {dagbag.py:538} INFO - Filling up the DagBag from /home/airflow/.local/lib/python3.8/site-packages/airflow/example_dags/example_trigger_target_dag.py
[2024-09-13T02:45:22.287+0000] {processor.py:840} INFO - DAG(s) 'example_trigger_target_dag' retrieved from /home/airflow/.local/lib/python3.8/site-packages/airflow/example_dags/example_trigger_target_dag.py
[2024-09-13T02:45:22.301+0000] {logging_mixin.py:188} INFO - [2024-09-13T02:45:22.301+0000] {dag.py:3036} INFO - Sync 1 DAGs
[2024-09-13T02:45:22.309+0000] {logging_mixin.py:188} INFO - [2024-09-13T02:45:22.309+0000] {dag.py:3823} INFO - Setting next_dagrun for example_trigger_target_dag to None, run_after=None
[2024-09-13T02:45:22.326+0000] {processor.py:183} INFO - Processing /home/airflow/.local/lib/python3.8/site-packages/airflow/example_dags/example_trigger_target_dag.py took 0.049 seconds
[2024-09-13T02:45:52.486+0000] {processor.py:161} INFO - Started process (PID=3767) to work on /home/airflow/.local/lib/python3.8/site-packages/airflow/example_dags/example_trigger_target_dag.py
[2024-09-13T02:45:52.487+0000] {processor.py:830} INFO - Processing file /home/airflow/.local/lib/python3.8/site-packages/airflow/example_dags/example_trigger_target_dag.py for tasks to queue
[2024-09-13T02:45:52.487+0000] {logging_mixin.py:188} INFO - [2024-09-13T02:45:52.487+0000] {dagbag.py:538} INFO - Filling up the DagBag from /home/airflow/.local/lib/python3.8/site-packages/airflow/example_dags/example_trigger_target_dag.py
[2024-09-13T02:45:52.491+0000] {processor.py:840} INFO - DAG(s) 'example_trigger_target_dag' retrieved from /home/airflow/.local/lib/python3.8/site-packages/airflow/example_dags/example_trigger_target_dag.py
[2024-09-13T02:45:52.505+0000] {logging_mixin.py:188} INFO - [2024-09-13T02:45:52.504+0000] {dag.py:3036} INFO - Sync 1 DAGs
[2024-09-13T02:45:52.513+0000] {logging_mixin.py:188} INFO - [2024-09-13T02:45:52.513+0000] {dag.py:3823} INFO - Setting next_dagrun for example_trigger_target_dag to None, run_after=None
[2024-09-13T02:45:52.525+0000] {processor.py:183} INFO - Processing /home/airflow/.local/lib/python3.8/site-packages/airflow/example_dags/example_trigger_target_dag.py took 0.042 seconds
[2024-09-13T02:46:22.620+0000] {processor.py:161} INFO - Started process (PID=4014) to work on /home/airflow/.local/lib/python3.8/site-packages/airflow/example_dags/example_trigger_target_dag.py
[2024-09-13T02:46:22.621+0000] {processor.py:830} INFO - Processing file /home/airflow/.local/lib/python3.8/site-packages/airflow/example_dags/example_trigger_target_dag.py for tasks to queue
[2024-09-13T02:46:22.621+0000] {logging_mixin.py:188} INFO - [2024-09-13T02:46:22.621+0000] {dagbag.py:538} INFO - Filling up the DagBag from /home/airflow/.local/lib/python3.8/site-packages/airflow/example_dags/example_trigger_target_dag.py
[2024-09-13T02:46:22.625+0000] {processor.py:840} INFO - DAG(s) 'example_trigger_target_dag' retrieved from /home/airflow/.local/lib/python3.8/site-packages/airflow/example_dags/example_trigger_target_dag.py
[2024-09-13T02:46:22.638+0000] {logging_mixin.py:188} INFO - [2024-09-13T02:46:22.638+0000] {dag.py:3036} INFO - Sync 1 DAGs
[2024-09-13T02:46:22.646+0000] {logging_mixin.py:188} INFO - [2024-09-13T02:46:22.646+0000] {dag.py:3823} INFO - Setting next_dagrun for example_trigger_target_dag to None, run_after=None
[2024-09-13T02:46:22.657+0000] {processor.py:183} INFO - Processing /home/airflow/.local/lib/python3.8/site-packages/airflow/example_dags/example_trigger_target_dag.py took 0.039 seconds
[2024-09-13T02:46:52.899+0000] {processor.py:161} INFO - Started process (PID=4263) to work on /home/airflow/.local/lib/python3.8/site-packages/airflow/example_dags/example_trigger_target_dag.py
[2024-09-13T02:46:52.900+0000] {processor.py:830} INFO - Processing file /home/airflow/.local/lib/python3.8/site-packages/airflow/example_dags/example_trigger_target_dag.py for tasks to queue
[2024-09-13T02:46:52.900+0000] {logging_mixin.py:188} INFO - [2024-09-13T02:46:52.900+0000] {dagbag.py:538} INFO - Filling up the DagBag from /home/airflow/.local/lib/python3.8/site-packages/airflow/example_dags/example_trigger_target_dag.py
[2024-09-13T02:46:52.904+0000] {processor.py:840} INFO - DAG(s) 'example_trigger_target_dag' retrieved from /home/airflow/.local/lib/python3.8/site-packages/airflow/example_dags/example_trigger_target_dag.py
[2024-09-13T02:46:52.916+0000] {logging_mixin.py:188} INFO - [2024-09-13T02:46:52.916+0000] {dag.py:3036} INFO - Sync 1 DAGs
[2024-09-13T02:46:52.922+0000] {logging_mixin.py:188} INFO - [2024-09-13T02:46:52.922+0000] {dag.py:3823} INFO - Setting next_dagrun for example_trigger_target_dag to None, run_after=None
[2024-09-13T02:46:52.932+0000] {processor.py:183} INFO - Processing /home/airflow/.local/lib/python3.8/site-packages/airflow/example_dags/example_trigger_target_dag.py took 0.035 seconds
[2024-09-13T02:47:23.620+0000] {processor.py:161} INFO - Started process (PID=4508) to work on /home/airflow/.local/lib/python3.8/site-packages/airflow/example_dags/example_trigger_target_dag.py
[2024-09-13T02:47:23.621+0000] {processor.py:830} INFO - Processing file /home/airflow/.local/lib/python3.8/site-packages/airflow/example_dags/example_trigger_target_dag.py for tasks to queue
[2024-09-13T02:47:23.622+0000] {logging_mixin.py:188} INFO - [2024-09-13T02:47:23.622+0000] {dagbag.py:538} INFO - Filling up the DagBag from /home/airflow/.local/lib/python3.8/site-packages/airflow/example_dags/example_trigger_target_dag.py
[2024-09-13T02:47:23.626+0000] {processor.py:840} INFO - DAG(s) 'example_trigger_target_dag' retrieved from /home/airflow/.local/lib/python3.8/site-packages/airflow/example_dags/example_trigger_target_dag.py
[2024-09-13T02:47:23.641+0000] {logging_mixin.py:188} INFO - [2024-09-13T02:47:23.641+0000] {dag.py:3036} INFO - Sync 1 DAGs
[2024-09-13T02:47:23.650+0000] {logging_mixin.py:188} INFO - [2024-09-13T02:47:23.650+0000] {dag.py:3823} INFO - Setting next_dagrun for example_trigger_target_dag to None, run_after=None
[2024-09-13T02:47:23.663+0000] {processor.py:183} INFO - Processing /home/airflow/.local/lib/python3.8/site-packages/airflow/example_dags/example_trigger_target_dag.py took 0.045 seconds
[2024-09-13T02:47:54.918+0000] {processor.py:161} INFO - Started process (PID=4755) to work on /home/airflow/.local/lib/python3.8/site-packages/airflow/example_dags/example_trigger_target_dag.py
[2024-09-13T02:47:54.919+0000] {processor.py:830} INFO - Processing file /home/airflow/.local/lib/python3.8/site-packages/airflow/example_dags/example_trigger_target_dag.py for tasks to queue
[2024-09-13T02:47:54.920+0000] {logging_mixin.py:188} INFO - [2024-09-13T02:47:54.919+0000] {dagbag.py:538} INFO - Filling up the DagBag from /home/airflow/.local/lib/python3.8/site-packages/airflow/example_dags/example_trigger_target_dag.py
[2024-09-13T02:47:54.924+0000] {processor.py:840} INFO - DAG(s) 'example_trigger_target_dag' retrieved from /home/airflow/.local/lib/python3.8/site-packages/airflow/example_dags/example_trigger_target_dag.py
[2024-09-13T02:47:54.939+0000] {logging_mixin.py:188} INFO - [2024-09-13T02:47:54.938+0000] {dag.py:3036} INFO - Sync 1 DAGs
[2024-09-13T02:47:54.946+0000] {logging_mixin.py:188} INFO - [2024-09-13T02:47:54.946+0000] {dag.py:3823} INFO - Setting next_dagrun for example_trigger_target_dag to None, run_after=None
[2024-09-13T02:47:54.958+0000] {processor.py:183} INFO - Processing /home/airflow/.local/lib/python3.8/site-packages/airflow/example_dags/example_trigger_target_dag.py took 0.045 seconds
[2024-09-13T02:48:25.842+0000] {processor.py:161} INFO - Started process (PID=5002) to work on /home/airflow/.local/lib/python3.8/site-packages/airflow/example_dags/example_trigger_target_dag.py
[2024-09-13T02:48:25.843+0000] {processor.py:830} INFO - Processing file /home/airflow/.local/lib/python3.8/site-packages/airflow/example_dags/example_trigger_target_dag.py for tasks to queue
[2024-09-13T02:48:25.844+0000] {logging_mixin.py:188} INFO - [2024-09-13T02:48:25.844+0000] {dagbag.py:538} INFO - Filling up the DagBag from /home/airflow/.local/lib/python3.8/site-packages/airflow/example_dags/example_trigger_target_dag.py
[2024-09-13T02:48:25.852+0000] {processor.py:840} INFO - DAG(s) 'example_trigger_target_dag' retrieved from /home/airflow/.local/lib/python3.8/site-packages/airflow/example_dags/example_trigger_target_dag.py
[2024-09-13T02:48:25.878+0000] {logging_mixin.py:188} INFO - [2024-09-13T02:48:25.877+0000] {dag.py:3036} INFO - Sync 1 DAGs
[2024-09-13T02:48:25.890+0000] {logging_mixin.py:188} INFO - [2024-09-13T02:48:25.890+0000] {dag.py:3823} INFO - Setting next_dagrun for example_trigger_target_dag to None, run_after=None
[2024-09-13T02:48:25.915+0000] {processor.py:183} INFO - Processing /home/airflow/.local/lib/python3.8/site-packages/airflow/example_dags/example_trigger_target_dag.py took 0.076 seconds
[2024-09-13T02:48:56.785+0000] {processor.py:161} INFO - Started process (PID=5249) to work on /home/airflow/.local/lib/python3.8/site-packages/airflow/example_dags/example_trigger_target_dag.py
[2024-09-13T02:48:56.786+0000] {processor.py:830} INFO - Processing file /home/airflow/.local/lib/python3.8/site-packages/airflow/example_dags/example_trigger_target_dag.py for tasks to queue
[2024-09-13T02:48:56.787+0000] {logging_mixin.py:188} INFO - [2024-09-13T02:48:56.787+0000] {dagbag.py:538} INFO - Filling up the DagBag from /home/airflow/.local/lib/python3.8/site-packages/airflow/example_dags/example_trigger_target_dag.py
[2024-09-13T02:48:56.790+0000] {processor.py:840} INFO - DAG(s) 'example_trigger_target_dag' retrieved from /home/airflow/.local/lib/python3.8/site-packages/airflow/example_dags/example_trigger_target_dag.py
[2024-09-13T02:48:56.803+0000] {logging_mixin.py:188} INFO - [2024-09-13T02:48:56.802+0000] {dag.py:3036} INFO - Sync 1 DAGs
[2024-09-13T02:48:56.809+0000] {logging_mixin.py:188} INFO - [2024-09-13T02:48:56.809+0000] {dag.py:3823} INFO - Setting next_dagrun for example_trigger_target_dag to None, run_after=None
[2024-09-13T02:48:56.819+0000] {processor.py:183} INFO - Processing /home/airflow/.local/lib/python3.8/site-packages/airflow/example_dags/example_trigger_target_dag.py took 0.035 seconds
[2024-09-13T02:49:27.443+0000] {processor.py:161} INFO - Started process (PID=5498) to work on /home/airflow/.local/lib/python3.8/site-packages/airflow/example_dags/example_trigger_target_dag.py
[2024-09-13T02:49:27.444+0000] {processor.py:830} INFO - Processing file /home/airflow/.local/lib/python3.8/site-packages/airflow/example_dags/example_trigger_target_dag.py for tasks to queue
[2024-09-13T02:49:27.445+0000] {logging_mixin.py:188} INFO - [2024-09-13T02:49:27.444+0000] {dagbag.py:538} INFO - Filling up the DagBag from /home/airflow/.local/lib/python3.8/site-packages/airflow/example_dags/example_trigger_target_dag.py
[2024-09-13T02:49:27.449+0000] {processor.py:840} INFO - DAG(s) 'example_trigger_target_dag' retrieved from /home/airflow/.local/lib/python3.8/site-packages/airflow/example_dags/example_trigger_target_dag.py
[2024-09-13T02:49:27.460+0000] {logging_mixin.py:188} INFO - [2024-09-13T02:49:27.460+0000] {dag.py:3036} INFO - Sync 1 DAGs
[2024-09-13T02:49:27.467+0000] {logging_mixin.py:188} INFO - [2024-09-13T02:49:27.467+0000] {dag.py:3823} INFO - Setting next_dagrun for example_trigger_target_dag to None, run_after=None
[2024-09-13T02:49:27.477+0000] {processor.py:183} INFO - Processing /home/airflow/.local/lib/python3.8/site-packages/airflow/example_dags/example_trigger_target_dag.py took 0.035 seconds
[2024-09-13T02:49:57.704+0000] {processor.py:161} INFO - Started process (PID=5743) to work on /home/airflow/.local/lib/python3.8/site-packages/airflow/example_dags/example_trigger_target_dag.py
[2024-09-13T02:49:57.705+0000] {processor.py:830} INFO - Processing file /home/airflow/.local/lib/python3.8/site-packages/airflow/example_dags/example_trigger_target_dag.py for tasks to queue
[2024-09-13T02:49:57.705+0000] {logging_mixin.py:188} INFO - [2024-09-13T02:49:57.705+0000] {dagbag.py:538} INFO - Filling up the DagBag from /home/airflow/.local/lib/python3.8/site-packages/airflow/example_dags/example_trigger_target_dag.py
[2024-09-13T02:49:57.709+0000] {processor.py:840} INFO - DAG(s) 'example_trigger_target_dag' retrieved from /home/airflow/.local/lib/python3.8/site-packages/airflow/example_dags/example_trigger_target_dag.py
[2024-09-13T02:49:57.721+0000] {logging_mixin.py:188} INFO - [2024-09-13T02:49:57.721+0000] {dag.py:3036} INFO - Sync 1 DAGs
[2024-09-13T02:49:57.728+0000] {logging_mixin.py:188} INFO - [2024-09-13T02:49:57.728+0000] {dag.py:3823} INFO - Setting next_dagrun for example_trigger_target_dag to None, run_after=None
[2024-09-13T02:49:57.738+0000] {processor.py:183} INFO - Processing /home/airflow/.local/lib/python3.8/site-packages/airflow/example_dags/example_trigger_target_dag.py took 0.036 seconds
[2024-09-13T02:50:28.393+0000] {processor.py:161} INFO - Started process (PID=5992) to work on /home/airflow/.local/lib/python3.8/site-packages/airflow/example_dags/example_trigger_target_dag.py
[2024-09-13T02:50:28.394+0000] {processor.py:830} INFO - Processing file /home/airflow/.local/lib/python3.8/site-packages/airflow/example_dags/example_trigger_target_dag.py for tasks to queue
[2024-09-13T02:50:28.394+0000] {logging_mixin.py:188} INFO - [2024-09-13T02:50:28.394+0000] {dagbag.py:538} INFO - Filling up the DagBag from /home/airflow/.local/lib/python3.8/site-packages/airflow/example_dags/example_trigger_target_dag.py
[2024-09-13T02:50:28.399+0000] {processor.py:840} INFO - DAG(s) 'example_trigger_target_dag' retrieved from /home/airflow/.local/lib/python3.8/site-packages/airflow/example_dags/example_trigger_target_dag.py
[2024-09-13T02:50:28.412+0000] {logging_mixin.py:188} INFO - [2024-09-13T02:50:28.412+0000] {dag.py:3036} INFO - Sync 1 DAGs
[2024-09-13T02:50:28.420+0000] {logging_mixin.py:188} INFO - [2024-09-13T02:50:28.420+0000] {dag.py:3823} INFO - Setting next_dagrun for example_trigger_target_dag to None, run_after=None
[2024-09-13T02:50:28.431+0000] {processor.py:183} INFO - Processing /home/airflow/.local/lib/python3.8/site-packages/airflow/example_dags/example_trigger_target_dag.py took 0.040 seconds
[2024-09-13T02:50:59.123+0000] {processor.py:161} INFO - Started process (PID=6237) to work on /home/airflow/.local/lib/python3.8/site-packages/airflow/example_dags/example_trigger_target_dag.py
[2024-09-13T02:50:59.123+0000] {processor.py:830} INFO - Processing file /home/airflow/.local/lib/python3.8/site-packages/airflow/example_dags/example_trigger_target_dag.py for tasks to queue
[2024-09-13T02:50:59.124+0000] {logging_mixin.py:188} INFO - [2024-09-13T02:50:59.124+0000] {dagbag.py:538} INFO - Filling up the DagBag from /home/airflow/.local/lib/python3.8/site-packages/airflow/example_dags/example_trigger_target_dag.py
[2024-09-13T02:50:59.128+0000] {processor.py:840} INFO - DAG(s) 'example_trigger_target_dag' retrieved from /home/airflow/.local/lib/python3.8/site-packages/airflow/example_dags/example_trigger_target_dag.py
[2024-09-13T02:50:59.139+0000] {logging_mixin.py:188} INFO - [2024-09-13T02:50:59.139+0000] {dag.py:3036} INFO - Sync 1 DAGs
[2024-09-13T02:50:59.145+0000] {logging_mixin.py:188} INFO - [2024-09-13T02:50:59.145+0000] {dag.py:3823} INFO - Setting next_dagrun for example_trigger_target_dag to None, run_after=None
[2024-09-13T02:50:59.155+0000] {processor.py:183} INFO - Processing /home/airflow/.local/lib/python3.8/site-packages/airflow/example_dags/example_trigger_target_dag.py took 0.035 seconds
[2024-09-13T02:51:29.815+0000] {processor.py:161} INFO - Started process (PID=6486) to work on /home/airflow/.local/lib/python3.8/site-packages/airflow/example_dags/example_trigger_target_dag.py
[2024-09-13T02:51:29.816+0000] {processor.py:830} INFO - Processing file /home/airflow/.local/lib/python3.8/site-packages/airflow/example_dags/example_trigger_target_dag.py for tasks to queue
[2024-09-13T02:51:29.817+0000] {logging_mixin.py:188} INFO - [2024-09-13T02:51:29.817+0000] {dagbag.py:538} INFO - Filling up the DagBag from /home/airflow/.local/lib/python3.8/site-packages/airflow/example_dags/example_trigger_target_dag.py
[2024-09-13T02:51:29.821+0000] {processor.py:840} INFO - DAG(s) 'example_trigger_target_dag' retrieved from /home/airflow/.local/lib/python3.8/site-packages/airflow/example_dags/example_trigger_target_dag.py
[2024-09-13T02:51:29.834+0000] {logging_mixin.py:188} INFO - [2024-09-13T02:51:29.834+0000] {dag.py:3036} INFO - Sync 1 DAGs
[2024-09-13T02:51:29.841+0000] {logging_mixin.py:188} INFO - [2024-09-13T02:51:29.841+0000] {dag.py:3823} INFO - Setting next_dagrun for example_trigger_target_dag to None, run_after=None
[2024-09-13T02:51:29.852+0000] {processor.py:183} INFO - Processing /home/airflow/.local/lib/python3.8/site-packages/airflow/example_dags/example_trigger_target_dag.py took 0.040 seconds
[2024-09-13T02:52:00.588+0000] {processor.py:161} INFO - Started process (PID=6731) to work on /home/airflow/.local/lib/python3.8/site-packages/airflow/example_dags/example_trigger_target_dag.py
[2024-09-13T02:52:00.590+0000] {processor.py:830} INFO - Processing file /home/airflow/.local/lib/python3.8/site-packages/airflow/example_dags/example_trigger_target_dag.py for tasks to queue
[2024-09-13T02:52:00.591+0000] {logging_mixin.py:188} INFO - [2024-09-13T02:52:00.591+0000] {dagbag.py:538} INFO - Filling up the DagBag from /home/airflow/.local/lib/python3.8/site-packages/airflow/example_dags/example_trigger_target_dag.py
[2024-09-13T02:52:00.600+0000] {processor.py:840} INFO - DAG(s) 'example_trigger_target_dag' retrieved from /home/airflow/.local/lib/python3.8/site-packages/airflow/example_dags/example_trigger_target_dag.py
[2024-09-13T02:52:00.617+0000] {logging_mixin.py:188} INFO - [2024-09-13T02:52:00.617+0000] {dag.py:3036} INFO - Sync 1 DAGs
[2024-09-13T02:52:00.624+0000] {logging_mixin.py:188} INFO - [2024-09-13T02:52:00.624+0000] {dag.py:3823} INFO - Setting next_dagrun for example_trigger_target_dag to None, run_after=None
[2024-09-13T02:52:00.636+0000] {processor.py:183} INFO - Processing /home/airflow/.local/lib/python3.8/site-packages/airflow/example_dags/example_trigger_target_dag.py took 0.050 seconds
[2024-09-13T02:52:30.822+0000] {processor.py:161} INFO - Started process (PID=6980) to work on /home/airflow/.local/lib/python3.8/site-packages/airflow/example_dags/example_trigger_target_dag.py
[2024-09-13T02:52:30.823+0000] {processor.py:830} INFO - Processing file /home/airflow/.local/lib/python3.8/site-packages/airflow/example_dags/example_trigger_target_dag.py for tasks to queue
[2024-09-13T02:52:30.824+0000] {logging_mixin.py:188} INFO - [2024-09-13T02:52:30.824+0000] {dagbag.py:538} INFO - Filling up the DagBag from /home/airflow/.local/lib/python3.8/site-packages/airflow/example_dags/example_trigger_target_dag.py
[2024-09-13T02:52:30.829+0000] {processor.py:840} INFO - DAG(s) 'example_trigger_target_dag' retrieved from /home/airflow/.local/lib/python3.8/site-packages/airflow/example_dags/example_trigger_target_dag.py
[2024-09-13T02:52:30.846+0000] {logging_mixin.py:188} INFO - [2024-09-13T02:52:30.846+0000] {dag.py:3036} INFO - Sync 1 DAGs
[2024-09-13T02:52:30.857+0000] {logging_mixin.py:188} INFO - [2024-09-13T02:52:30.857+0000] {dag.py:3823} INFO - Setting next_dagrun for example_trigger_target_dag to None, run_after=None
[2024-09-13T02:52:30.875+0000] {processor.py:183} INFO - Processing /home/airflow/.local/lib/python3.8/site-packages/airflow/example_dags/example_trigger_target_dag.py took 0.056 seconds
[2024-09-13T02:53:01.703+0000] {processor.py:161} INFO - Started process (PID=7227) to work on /home/airflow/.local/lib/python3.8/site-packages/airflow/example_dags/example_trigger_target_dag.py
[2024-09-13T02:53:01.704+0000] {processor.py:830} INFO - Processing file /home/airflow/.local/lib/python3.8/site-packages/airflow/example_dags/example_trigger_target_dag.py for tasks to queue
[2024-09-13T02:53:01.705+0000] {logging_mixin.py:188} INFO - [2024-09-13T02:53:01.705+0000] {dagbag.py:538} INFO - Filling up the DagBag from /home/airflow/.local/lib/python3.8/site-packages/airflow/example_dags/example_trigger_target_dag.py
[2024-09-13T02:53:01.710+0000] {processor.py:840} INFO - DAG(s) 'example_trigger_target_dag' retrieved from /home/airflow/.local/lib/python3.8/site-packages/airflow/example_dags/example_trigger_target_dag.py
[2024-09-13T02:53:01.724+0000] {logging_mixin.py:188} INFO - [2024-09-13T02:53:01.723+0000] {dag.py:3036} INFO - Sync 1 DAGs
[2024-09-13T02:53:01.730+0000] {logging_mixin.py:188} INFO - [2024-09-13T02:53:01.730+0000] {dag.py:3823} INFO - Setting next_dagrun for example_trigger_target_dag to None, run_after=None
[2024-09-13T02:53:01.741+0000] {processor.py:183} INFO - Processing /home/airflow/.local/lib/python3.8/site-packages/airflow/example_dags/example_trigger_target_dag.py took 0.042 seconds
[2024-09-13T02:53:32.224+0000] {processor.py:161} INFO - Started process (PID=7474) to work on /home/airflow/.local/lib/python3.8/site-packages/airflow/example_dags/example_trigger_target_dag.py
[2024-09-13T02:53:32.224+0000] {processor.py:830} INFO - Processing file /home/airflow/.local/lib/python3.8/site-packages/airflow/example_dags/example_trigger_target_dag.py for tasks to queue
[2024-09-13T02:53:32.225+0000] {logging_mixin.py:188} INFO - [2024-09-13T02:53:32.225+0000] {dagbag.py:538} INFO - Filling up the DagBag from /home/airflow/.local/lib/python3.8/site-packages/airflow/example_dags/example_trigger_target_dag.py
[2024-09-13T02:53:32.229+0000] {processor.py:840} INFO - DAG(s) 'example_trigger_target_dag' retrieved from /home/airflow/.local/lib/python3.8/site-packages/airflow/example_dags/example_trigger_target_dag.py
[2024-09-13T02:53:32.242+0000] {logging_mixin.py:188} INFO - [2024-09-13T02:53:32.242+0000] {dag.py:3036} INFO - Sync 1 DAGs
[2024-09-13T02:53:32.249+0000] {logging_mixin.py:188} INFO - [2024-09-13T02:53:32.249+0000] {dag.py:3823} INFO - Setting next_dagrun for example_trigger_target_dag to None, run_after=None
[2024-09-13T02:53:32.260+0000] {processor.py:183} INFO - Processing /home/airflow/.local/lib/python3.8/site-packages/airflow/example_dags/example_trigger_target_dag.py took 0.038 seconds
[2024-09-13T02:54:03.202+0000] {processor.py:161} INFO - Started process (PID=7719) to work on /home/airflow/.local/lib/python3.8/site-packages/airflow/example_dags/example_trigger_target_dag.py
[2024-09-13T02:54:03.203+0000] {processor.py:830} INFO - Processing file /home/airflow/.local/lib/python3.8/site-packages/airflow/example_dags/example_trigger_target_dag.py for tasks to queue
[2024-09-13T02:54:03.204+0000] {logging_mixin.py:188} INFO - [2024-09-13T02:54:03.204+0000] {dagbag.py:538} INFO - Filling up the DagBag from /home/airflow/.local/lib/python3.8/site-packages/airflow/example_dags/example_trigger_target_dag.py
[2024-09-13T02:54:03.208+0000] {processor.py:840} INFO - DAG(s) 'example_trigger_target_dag' retrieved from /home/airflow/.local/lib/python3.8/site-packages/airflow/example_dags/example_trigger_target_dag.py
[2024-09-13T02:54:03.220+0000] {logging_mixin.py:188} INFO - [2024-09-13T02:54:03.220+0000] {dag.py:3036} INFO - Sync 1 DAGs
[2024-09-13T02:54:03.228+0000] {logging_mixin.py:188} INFO - [2024-09-13T02:54:03.228+0000] {dag.py:3823} INFO - Setting next_dagrun for example_trigger_target_dag to None, run_after=None
[2024-09-13T02:54:03.238+0000] {processor.py:183} INFO - Processing /home/airflow/.local/lib/python3.8/site-packages/airflow/example_dags/example_trigger_target_dag.py took 0.038 seconds
[2024-09-13T02:54:33.311+0000] {processor.py:161} INFO - Started process (PID=7966) to work on /home/airflow/.local/lib/python3.8/site-packages/airflow/example_dags/example_trigger_target_dag.py
[2024-09-13T02:54:33.312+0000] {processor.py:830} INFO - Processing file /home/airflow/.local/lib/python3.8/site-packages/airflow/example_dags/example_trigger_target_dag.py for tasks to queue
[2024-09-13T02:54:33.313+0000] {logging_mixin.py:188} INFO - [2024-09-13T02:54:33.312+0000] {dagbag.py:538} INFO - Filling up the DagBag from /home/airflow/.local/lib/python3.8/site-packages/airflow/example_dags/example_trigger_target_dag.py
[2024-09-13T02:54:33.317+0000] {processor.py:840} INFO - DAG(s) 'example_trigger_target_dag' retrieved from /home/airflow/.local/lib/python3.8/site-packages/airflow/example_dags/example_trigger_target_dag.py
[2024-09-13T02:54:33.333+0000] {logging_mixin.py:188} INFO - [2024-09-13T02:54:33.333+0000] {dag.py:3036} INFO - Sync 1 DAGs
[2024-09-13T02:54:33.343+0000] {logging_mixin.py:188} INFO - [2024-09-13T02:54:33.342+0000] {dag.py:3823} INFO - Setting next_dagrun for example_trigger_target_dag to None, run_after=None
[2024-09-13T02:54:33.355+0000] {processor.py:183} INFO - Processing /home/airflow/.local/lib/python3.8/site-packages/airflow/example_dags/example_trigger_target_dag.py took 0.048 seconds
[2024-09-13T02:55:03.411+0000] {processor.py:161} INFO - Started process (PID=8213) to work on /home/airflow/.local/lib/python3.8/site-packages/airflow/example_dags/example_trigger_target_dag.py
[2024-09-13T02:55:03.412+0000] {processor.py:830} INFO - Processing file /home/airflow/.local/lib/python3.8/site-packages/airflow/example_dags/example_trigger_target_dag.py for tasks to queue
[2024-09-13T02:55:03.413+0000] {logging_mixin.py:188} INFO - [2024-09-13T02:55:03.412+0000] {dagbag.py:538} INFO - Filling up the DagBag from /home/airflow/.local/lib/python3.8/site-packages/airflow/example_dags/example_trigger_target_dag.py
[2024-09-13T02:55:03.417+0000] {processor.py:840} INFO - DAG(s) 'example_trigger_target_dag' retrieved from /home/airflow/.local/lib/python3.8/site-packages/airflow/example_dags/example_trigger_target_dag.py
[2024-09-13T02:55:03.430+0000] {logging_mixin.py:188} INFO - [2024-09-13T02:55:03.430+0000] {dag.py:3036} INFO - Sync 1 DAGs
[2024-09-13T02:55:03.437+0000] {logging_mixin.py:188} INFO - [2024-09-13T02:55:03.437+0000] {dag.py:3823} INFO - Setting next_dagrun for example_trigger_target_dag to None, run_after=None
[2024-09-13T02:55:03.447+0000] {processor.py:183} INFO - Processing /home/airflow/.local/lib/python3.8/site-packages/airflow/example_dags/example_trigger_target_dag.py took 0.038 seconds
[2024-09-13T02:55:34.210+0000] {processor.py:161} INFO - Started process (PID=8462) to work on /home/airflow/.local/lib/python3.8/site-packages/airflow/example_dags/example_trigger_target_dag.py
[2024-09-13T02:55:34.211+0000] {processor.py:830} INFO - Processing file /home/airflow/.local/lib/python3.8/site-packages/airflow/example_dags/example_trigger_target_dag.py for tasks to queue
[2024-09-13T02:55:34.212+0000] {logging_mixin.py:188} INFO - [2024-09-13T02:55:34.212+0000] {dagbag.py:538} INFO - Filling up the DagBag from /home/airflow/.local/lib/python3.8/site-packages/airflow/example_dags/example_trigger_target_dag.py
[2024-09-13T02:55:34.216+0000] {processor.py:840} INFO - DAG(s) 'example_trigger_target_dag' retrieved from /home/airflow/.local/lib/python3.8/site-packages/airflow/example_dags/example_trigger_target_dag.py
[2024-09-13T02:55:34.229+0000] {logging_mixin.py:188} INFO - [2024-09-13T02:55:34.229+0000] {dag.py:3036} INFO - Sync 1 DAGs
[2024-09-13T02:55:34.236+0000] {logging_mixin.py:188} INFO - [2024-09-13T02:55:34.236+0000] {dag.py:3823} INFO - Setting next_dagrun for example_trigger_target_dag to None, run_after=None
[2024-09-13T02:55:34.247+0000] {processor.py:183} INFO - Processing /home/airflow/.local/lib/python3.8/site-packages/airflow/example_dags/example_trigger_target_dag.py took 0.039 seconds
