[2024-09-13T02:38:42.898+0000] {processor.py:161} INFO - Started process (PID=271) to work on /home/airflow/.local/lib/python3.8/site-packages/airflow/example_dags/example_short_circuit_operator.py
[2024-09-13T02:38:42.900+0000] {processor.py:830} INFO - Processing file /home/airflow/.local/lib/python3.8/site-packages/airflow/example_dags/example_short_circuit_operator.py for tasks to queue
[2024-09-13T02:38:42.902+0000] {logging_mixin.py:188} INFO - [2024-09-13T02:38:42.902+0000] {dagbag.py:538} INFO - Filling up the DagBag from /home/airflow/.local/lib/python3.8/site-packages/airflow/example_dags/example_short_circuit_operator.py
[2024-09-13T02:38:42.908+0000] {processor.py:840} INFO - DAG(s) 'example_short_circuit_operator' retrieved from /home/airflow/.local/lib/python3.8/site-packages/airflow/example_dags/example_short_circuit_operator.py
[2024-09-13T02:38:42.936+0000] {logging_mixin.py:188} INFO - [2024-09-13T02:38:42.935+0000] {dag.py:3036} INFO - Sync 1 DAGs
[2024-09-13T02:38:42.957+0000] {logging_mixin.py:188} INFO - [2024-09-13T02:38:42.957+0000] {dag.py:3823} INFO - Setting next_dagrun for example_short_circuit_operator to 2024-09-12 00:00:00+00:00, run_after=2024-09-13 00:00:00+00:00
[2024-09-13T02:38:42.984+0000] {processor.py:183} INFO - Processing /home/airflow/.local/lib/python3.8/site-packages/airflow/example_dags/example_short_circuit_operator.py took 0.090 seconds
[2024-09-13T02:39:13.639+0000] {processor.py:161} INFO - Started process (PID=518) to work on /home/airflow/.local/lib/python3.8/site-packages/airflow/example_dags/example_short_circuit_operator.py
[2024-09-13T02:39:13.640+0000] {processor.py:830} INFO - Processing file /home/airflow/.local/lib/python3.8/site-packages/airflow/example_dags/example_short_circuit_operator.py for tasks to queue
[2024-09-13T02:39:13.640+0000] {logging_mixin.py:188} INFO - [2024-09-13T02:39:13.640+0000] {dagbag.py:538} INFO - Filling up the DagBag from /home/airflow/.local/lib/python3.8/site-packages/airflow/example_dags/example_short_circuit_operator.py
[2024-09-13T02:39:13.645+0000] {processor.py:840} INFO - DAG(s) 'example_short_circuit_operator' retrieved from /home/airflow/.local/lib/python3.8/site-packages/airflow/example_dags/example_short_circuit_operator.py
[2024-09-13T02:39:13.658+0000] {logging_mixin.py:188} INFO - [2024-09-13T02:39:13.658+0000] {dag.py:3036} INFO - Sync 1 DAGs
[2024-09-13T02:39:13.669+0000] {logging_mixin.py:188} INFO - [2024-09-13T02:39:13.669+0000] {dag.py:3823} INFO - Setting next_dagrun for example_short_circuit_operator to 2024-09-12 00:00:00+00:00, run_after=2024-09-13 00:00:00+00:00
[2024-09-13T02:39:13.679+0000] {processor.py:183} INFO - Processing /home/airflow/.local/lib/python3.8/site-packages/airflow/example_dags/example_short_circuit_operator.py took 0.043 seconds
[2024-09-13T02:39:44.360+0000] {processor.py:161} INFO - Started process (PID=767) to work on /home/airflow/.local/lib/python3.8/site-packages/airflow/example_dags/example_short_circuit_operator.py
[2024-09-13T02:39:44.361+0000] {processor.py:830} INFO - Processing file /home/airflow/.local/lib/python3.8/site-packages/airflow/example_dags/example_short_circuit_operator.py for tasks to queue
[2024-09-13T02:39:44.362+0000] {logging_mixin.py:188} INFO - [2024-09-13T02:39:44.361+0000] {dagbag.py:538} INFO - Filling up the DagBag from /home/airflow/.local/lib/python3.8/site-packages/airflow/example_dags/example_short_circuit_operator.py
[2024-09-13T02:39:44.366+0000] {processor.py:840} INFO - DAG(s) 'example_short_circuit_operator' retrieved from /home/airflow/.local/lib/python3.8/site-packages/airflow/example_dags/example_short_circuit_operator.py
[2024-09-13T02:39:44.378+0000] {logging_mixin.py:188} INFO - [2024-09-13T02:39:44.378+0000] {dag.py:3036} INFO - Sync 1 DAGs
[2024-09-13T02:39:44.388+0000] {logging_mixin.py:188} INFO - [2024-09-13T02:39:44.388+0000] {dag.py:3823} INFO - Setting next_dagrun for example_short_circuit_operator to 2024-09-12 00:00:00+00:00, run_after=2024-09-13 00:00:00+00:00
[2024-09-13T02:39:44.397+0000] {processor.py:183} INFO - Processing /home/airflow/.local/lib/python3.8/site-packages/airflow/example_dags/example_short_circuit_operator.py took 0.038 seconds
[2024-09-13T02:40:15.402+0000] {processor.py:161} INFO - Started process (PID=1013) to work on /home/airflow/.local/lib/python3.8/site-packages/airflow/example_dags/example_short_circuit_operator.py
[2024-09-13T02:40:15.403+0000] {processor.py:830} INFO - Processing file /home/airflow/.local/lib/python3.8/site-packages/airflow/example_dags/example_short_circuit_operator.py for tasks to queue
[2024-09-13T02:40:15.403+0000] {logging_mixin.py:188} INFO - [2024-09-13T02:40:15.403+0000] {dagbag.py:538} INFO - Filling up the DagBag from /home/airflow/.local/lib/python3.8/site-packages/airflow/example_dags/example_short_circuit_operator.py
[2024-09-13T02:40:15.408+0000] {processor.py:840} INFO - DAG(s) 'example_short_circuit_operator' retrieved from /home/airflow/.local/lib/python3.8/site-packages/airflow/example_dags/example_short_circuit_operator.py
[2024-09-13T02:40:15.420+0000] {logging_mixin.py:188} INFO - [2024-09-13T02:40:15.420+0000] {dag.py:3036} INFO - Sync 1 DAGs
[2024-09-13T02:40:15.431+0000] {logging_mixin.py:188} INFO - [2024-09-13T02:40:15.431+0000] {dag.py:3823} INFO - Setting next_dagrun for example_short_circuit_operator to 2024-09-12 00:00:00+00:00, run_after=2024-09-13 00:00:00+00:00
[2024-09-13T02:40:15.439+0000] {processor.py:183} INFO - Processing /home/airflow/.local/lib/python3.8/site-packages/airflow/example_dags/example_short_circuit_operator.py took 0.039 seconds
[2024-09-13T02:40:45.560+0000] {processor.py:161} INFO - Started process (PID=1258) to work on /home/airflow/.local/lib/python3.8/site-packages/airflow/example_dags/example_short_circuit_operator.py
[2024-09-13T02:40:45.561+0000] {processor.py:830} INFO - Processing file /home/airflow/.local/lib/python3.8/site-packages/airflow/example_dags/example_short_circuit_operator.py for tasks to queue
[2024-09-13T02:40:45.562+0000] {logging_mixin.py:188} INFO - [2024-09-13T02:40:45.562+0000] {dagbag.py:538} INFO - Filling up the DagBag from /home/airflow/.local/lib/python3.8/site-packages/airflow/example_dags/example_short_circuit_operator.py
[2024-09-13T02:40:45.569+0000] {processor.py:840} INFO - DAG(s) 'example_short_circuit_operator' retrieved from /home/airflow/.local/lib/python3.8/site-packages/airflow/example_dags/example_short_circuit_operator.py
[2024-09-13T02:40:45.581+0000] {logging_mixin.py:188} INFO - [2024-09-13T02:40:45.581+0000] {dag.py:3036} INFO - Sync 1 DAGs
[2024-09-13T02:40:45.593+0000] {logging_mixin.py:188} INFO - [2024-09-13T02:40:45.593+0000] {dag.py:3823} INFO - Setting next_dagrun for example_short_circuit_operator to 2024-09-12 00:00:00+00:00, run_after=2024-09-13 00:00:00+00:00
[2024-09-13T02:40:45.604+0000] {processor.py:183} INFO - Processing /home/airflow/.local/lib/python3.8/site-packages/airflow/example_dags/example_short_circuit_operator.py took 0.047 seconds
[2024-09-13T02:41:15.687+0000] {processor.py:161} INFO - Started process (PID=1505) to work on /home/airflow/.local/lib/python3.8/site-packages/airflow/example_dags/example_short_circuit_operator.py
[2024-09-13T02:41:15.687+0000] {processor.py:830} INFO - Processing file /home/airflow/.local/lib/python3.8/site-packages/airflow/example_dags/example_short_circuit_operator.py for tasks to queue
[2024-09-13T02:41:15.688+0000] {logging_mixin.py:188} INFO - [2024-09-13T02:41:15.688+0000] {dagbag.py:538} INFO - Filling up the DagBag from /home/airflow/.local/lib/python3.8/site-packages/airflow/example_dags/example_short_circuit_operator.py
[2024-09-13T02:41:15.692+0000] {processor.py:840} INFO - DAG(s) 'example_short_circuit_operator' retrieved from /home/airflow/.local/lib/python3.8/site-packages/airflow/example_dags/example_short_circuit_operator.py
[2024-09-13T02:41:15.705+0000] {logging_mixin.py:188} INFO - [2024-09-13T02:41:15.705+0000] {dag.py:3036} INFO - Sync 1 DAGs
[2024-09-13T02:41:15.718+0000] {logging_mixin.py:188} INFO - [2024-09-13T02:41:15.718+0000] {dag.py:3823} INFO - Setting next_dagrun for example_short_circuit_operator to 2024-09-12 00:00:00+00:00, run_after=2024-09-13 00:00:00+00:00
[2024-09-13T02:41:15.729+0000] {processor.py:183} INFO - Processing /home/airflow/.local/lib/python3.8/site-packages/airflow/example_dags/example_short_circuit_operator.py took 0.044 seconds
[2024-09-13T02:41:46.489+0000] {processor.py:161} INFO - Started process (PID=1751) to work on /home/airflow/.local/lib/python3.8/site-packages/airflow/example_dags/example_short_circuit_operator.py
[2024-09-13T02:41:46.489+0000] {processor.py:830} INFO - Processing file /home/airflow/.local/lib/python3.8/site-packages/airflow/example_dags/example_short_circuit_operator.py for tasks to queue
[2024-09-13T02:41:46.490+0000] {logging_mixin.py:188} INFO - [2024-09-13T02:41:46.490+0000] {dagbag.py:538} INFO - Filling up the DagBag from /home/airflow/.local/lib/python3.8/site-packages/airflow/example_dags/example_short_circuit_operator.py
[2024-09-13T02:41:46.495+0000] {processor.py:840} INFO - DAG(s) 'example_short_circuit_operator' retrieved from /home/airflow/.local/lib/python3.8/site-packages/airflow/example_dags/example_short_circuit_operator.py
[2024-09-13T02:41:46.508+0000] {logging_mixin.py:188} INFO - [2024-09-13T02:41:46.507+0000] {dag.py:3036} INFO - Sync 1 DAGs
[2024-09-13T02:41:46.519+0000] {logging_mixin.py:188} INFO - [2024-09-13T02:41:46.519+0000] {dag.py:3823} INFO - Setting next_dagrun for example_short_circuit_operator to 2024-09-12 00:00:00+00:00, run_after=2024-09-13 00:00:00+00:00
[2024-09-13T02:41:46.530+0000] {processor.py:183} INFO - Processing /home/airflow/.local/lib/python3.8/site-packages/airflow/example_dags/example_short_circuit_operator.py took 0.043 seconds
[2024-09-13T02:42:17.109+0000] {processor.py:161} INFO - Started process (PID=1998) to work on /home/airflow/.local/lib/python3.8/site-packages/airflow/example_dags/example_short_circuit_operator.py
[2024-09-13T02:42:17.110+0000] {processor.py:830} INFO - Processing file /home/airflow/.local/lib/python3.8/site-packages/airflow/example_dags/example_short_circuit_operator.py for tasks to queue
[2024-09-13T02:42:17.111+0000] {logging_mixin.py:188} INFO - [2024-09-13T02:42:17.111+0000] {dagbag.py:538} INFO - Filling up the DagBag from /home/airflow/.local/lib/python3.8/site-packages/airflow/example_dags/example_short_circuit_operator.py
[2024-09-13T02:42:17.116+0000] {processor.py:840} INFO - DAG(s) 'example_short_circuit_operator' retrieved from /home/airflow/.local/lib/python3.8/site-packages/airflow/example_dags/example_short_circuit_operator.py
[2024-09-13T02:42:17.129+0000] {logging_mixin.py:188} INFO - [2024-09-13T02:42:17.129+0000] {dag.py:3036} INFO - Sync 1 DAGs
[2024-09-13T02:42:17.141+0000] {logging_mixin.py:188} INFO - [2024-09-13T02:42:17.141+0000] {dag.py:3823} INFO - Setting next_dagrun for example_short_circuit_operator to 2024-09-12 00:00:00+00:00, run_after=2024-09-13 00:00:00+00:00
[2024-09-13T02:42:17.151+0000] {processor.py:183} INFO - Processing /home/airflow/.local/lib/python3.8/site-packages/airflow/example_dags/example_short_circuit_operator.py took 0.044 seconds
[2024-09-13T02:42:48.031+0000] {processor.py:161} INFO - Started process (PID=2245) to work on /home/airflow/.local/lib/python3.8/site-packages/airflow/example_dags/example_short_circuit_operator.py
[2024-09-13T02:42:48.032+0000] {processor.py:830} INFO - Processing file /home/airflow/.local/lib/python3.8/site-packages/airflow/example_dags/example_short_circuit_operator.py for tasks to queue
[2024-09-13T02:42:48.032+0000] {logging_mixin.py:188} INFO - [2024-09-13T02:42:48.032+0000] {dagbag.py:538} INFO - Filling up the DagBag from /home/airflow/.local/lib/python3.8/site-packages/airflow/example_dags/example_short_circuit_operator.py
[2024-09-13T02:42:48.038+0000] {processor.py:840} INFO - DAG(s) 'example_short_circuit_operator' retrieved from /home/airflow/.local/lib/python3.8/site-packages/airflow/example_dags/example_short_circuit_operator.py
[2024-09-13T02:42:48.054+0000] {logging_mixin.py:188} INFO - [2024-09-13T02:42:48.054+0000] {dag.py:3036} INFO - Sync 1 DAGs
[2024-09-13T02:42:48.066+0000] {logging_mixin.py:188} INFO - [2024-09-13T02:42:48.066+0000] {dag.py:3823} INFO - Setting next_dagrun for example_short_circuit_operator to 2024-09-12 00:00:00+00:00, run_after=2024-09-13 00:00:00+00:00
[2024-09-13T02:42:48.077+0000] {processor.py:183} INFO - Processing /home/airflow/.local/lib/python3.8/site-packages/airflow/example_dags/example_short_circuit_operator.py took 0.049 seconds
[2024-09-13T02:43:19.056+0000] {processor.py:161} INFO - Started process (PID=2492) to work on /home/airflow/.local/lib/python3.8/site-packages/airflow/example_dags/example_short_circuit_operator.py
[2024-09-13T02:43:19.057+0000] {processor.py:830} INFO - Processing file /home/airflow/.local/lib/python3.8/site-packages/airflow/example_dags/example_short_circuit_operator.py for tasks to queue
[2024-09-13T02:43:19.058+0000] {logging_mixin.py:188} INFO - [2024-09-13T02:43:19.058+0000] {dagbag.py:538} INFO - Filling up the DagBag from /home/airflow/.local/lib/python3.8/site-packages/airflow/example_dags/example_short_circuit_operator.py
[2024-09-13T02:43:19.063+0000] {processor.py:840} INFO - DAG(s) 'example_short_circuit_operator' retrieved from /home/airflow/.local/lib/python3.8/site-packages/airflow/example_dags/example_short_circuit_operator.py
[2024-09-13T02:43:19.078+0000] {logging_mixin.py:188} INFO - [2024-09-13T02:43:19.078+0000] {dag.py:3036} INFO - Sync 1 DAGs
[2024-09-13T02:43:19.092+0000] {logging_mixin.py:188} INFO - [2024-09-13T02:43:19.092+0000] {dag.py:3823} INFO - Setting next_dagrun for example_short_circuit_operator to 2024-09-12 00:00:00+00:00, run_after=2024-09-13 00:00:00+00:00
[2024-09-13T02:43:19.103+0000] {processor.py:183} INFO - Processing /home/airflow/.local/lib/python3.8/site-packages/airflow/example_dags/example_short_circuit_operator.py took 0.049 seconds
[2024-09-13T02:43:49.811+0000] {processor.py:161} INFO - Started process (PID=2739) to work on /home/airflow/.local/lib/python3.8/site-packages/airflow/example_dags/example_short_circuit_operator.py
[2024-09-13T02:43:49.812+0000] {processor.py:830} INFO - Processing file /home/airflow/.local/lib/python3.8/site-packages/airflow/example_dags/example_short_circuit_operator.py for tasks to queue
[2024-09-13T02:43:49.813+0000] {logging_mixin.py:188} INFO - [2024-09-13T02:43:49.813+0000] {dagbag.py:538} INFO - Filling up the DagBag from /home/airflow/.local/lib/python3.8/site-packages/airflow/example_dags/example_short_circuit_operator.py
[2024-09-13T02:43:49.818+0000] {processor.py:840} INFO - DAG(s) 'example_short_circuit_operator' retrieved from /home/airflow/.local/lib/python3.8/site-packages/airflow/example_dags/example_short_circuit_operator.py
[2024-09-13T02:43:49.832+0000] {logging_mixin.py:188} INFO - [2024-09-13T02:43:49.832+0000] {dag.py:3036} INFO - Sync 1 DAGs
[2024-09-13T02:43:49.845+0000] {logging_mixin.py:188} INFO - [2024-09-13T02:43:49.845+0000] {dag.py:3823} INFO - Setting next_dagrun for example_short_circuit_operator to 2024-09-12 00:00:00+00:00, run_after=2024-09-13 00:00:00+00:00
[2024-09-13T02:43:49.856+0000] {processor.py:183} INFO - Processing /home/airflow/.local/lib/python3.8/site-packages/airflow/example_dags/example_short_circuit_operator.py took 0.047 seconds
[2024-09-13T02:44:20.529+0000] {processor.py:161} INFO - Started process (PID=2986) to work on /home/airflow/.local/lib/python3.8/site-packages/airflow/example_dags/example_short_circuit_operator.py
[2024-09-13T02:44:20.530+0000] {processor.py:830} INFO - Processing file /home/airflow/.local/lib/python3.8/site-packages/airflow/example_dags/example_short_circuit_operator.py for tasks to queue
[2024-09-13T02:44:20.530+0000] {logging_mixin.py:188} INFO - [2024-09-13T02:44:20.530+0000] {dagbag.py:538} INFO - Filling up the DagBag from /home/airflow/.local/lib/python3.8/site-packages/airflow/example_dags/example_short_circuit_operator.py
[2024-09-13T02:44:20.535+0000] {processor.py:840} INFO - DAG(s) 'example_short_circuit_operator' retrieved from /home/airflow/.local/lib/python3.8/site-packages/airflow/example_dags/example_short_circuit_operator.py
[2024-09-13T02:44:20.548+0000] {logging_mixin.py:188} INFO - [2024-09-13T02:44:20.548+0000] {dag.py:3036} INFO - Sync 1 DAGs
[2024-09-13T02:44:20.560+0000] {logging_mixin.py:188} INFO - [2024-09-13T02:44:20.560+0000] {dag.py:3823} INFO - Setting next_dagrun for example_short_circuit_operator to 2024-09-12 00:00:00+00:00, run_after=2024-09-13 00:00:00+00:00
[2024-09-13T02:44:20.570+0000] {processor.py:183} INFO - Processing /home/airflow/.local/lib/python3.8/site-packages/airflow/example_dags/example_short_circuit_operator.py took 0.044 seconds
[2024-09-13T02:44:51.193+0000] {processor.py:161} INFO - Started process (PID=3233) to work on /home/airflow/.local/lib/python3.8/site-packages/airflow/example_dags/example_short_circuit_operator.py
[2024-09-13T02:44:51.194+0000] {processor.py:830} INFO - Processing file /home/airflow/.local/lib/python3.8/site-packages/airflow/example_dags/example_short_circuit_operator.py for tasks to queue
[2024-09-13T02:44:51.194+0000] {logging_mixin.py:188} INFO - [2024-09-13T02:44:51.194+0000] {dagbag.py:538} INFO - Filling up the DagBag from /home/airflow/.local/lib/python3.8/site-packages/airflow/example_dags/example_short_circuit_operator.py
[2024-09-13T02:44:51.199+0000] {processor.py:840} INFO - DAG(s) 'example_short_circuit_operator' retrieved from /home/airflow/.local/lib/python3.8/site-packages/airflow/example_dags/example_short_circuit_operator.py
[2024-09-13T02:44:51.212+0000] {logging_mixin.py:188} INFO - [2024-09-13T02:44:51.212+0000] {dag.py:3036} INFO - Sync 1 DAGs
[2024-09-13T02:44:51.224+0000] {logging_mixin.py:188} INFO - [2024-09-13T02:44:51.224+0000] {dag.py:3823} INFO - Setting next_dagrun for example_short_circuit_operator to 2024-09-12 00:00:00+00:00, run_after=2024-09-13 00:00:00+00:00
[2024-09-13T02:44:51.234+0000] {processor.py:183} INFO - Processing /home/airflow/.local/lib/python3.8/site-packages/airflow/example_dags/example_short_circuit_operator.py took 0.044 seconds
[2024-09-13T02:45:21.918+0000] {processor.py:161} INFO - Started process (PID=3480) to work on /home/airflow/.local/lib/python3.8/site-packages/airflow/example_dags/example_short_circuit_operator.py
[2024-09-13T02:45:21.919+0000] {processor.py:830} INFO - Processing file /home/airflow/.local/lib/python3.8/site-packages/airflow/example_dags/example_short_circuit_operator.py for tasks to queue
[2024-09-13T02:45:21.920+0000] {logging_mixin.py:188} INFO - [2024-09-13T02:45:21.920+0000] {dagbag.py:538} INFO - Filling up the DagBag from /home/airflow/.local/lib/python3.8/site-packages/airflow/example_dags/example_short_circuit_operator.py
[2024-09-13T02:45:21.925+0000] {processor.py:840} INFO - DAG(s) 'example_short_circuit_operator' retrieved from /home/airflow/.local/lib/python3.8/site-packages/airflow/example_dags/example_short_circuit_operator.py
[2024-09-13T02:45:21.940+0000] {logging_mixin.py:188} INFO - [2024-09-13T02:45:21.939+0000] {dag.py:3036} INFO - Sync 1 DAGs
[2024-09-13T02:45:21.953+0000] {logging_mixin.py:188} INFO - [2024-09-13T02:45:21.952+0000] {dag.py:3823} INFO - Setting next_dagrun for example_short_circuit_operator to 2024-09-12 00:00:00+00:00, run_after=2024-09-13 00:00:00+00:00
[2024-09-13T02:45:21.965+0000] {processor.py:183} INFO - Processing /home/airflow/.local/lib/python3.8/site-packages/airflow/example_dags/example_short_circuit_operator.py took 0.049 seconds
[2024-09-13T02:45:52.043+0000] {processor.py:161} INFO - Started process (PID=3729) to work on /home/airflow/.local/lib/python3.8/site-packages/airflow/example_dags/example_short_circuit_operator.py
[2024-09-13T02:45:52.045+0000] {processor.py:830} INFO - Processing file /home/airflow/.local/lib/python3.8/site-packages/airflow/example_dags/example_short_circuit_operator.py for tasks to queue
[2024-09-13T02:45:52.045+0000] {logging_mixin.py:188} INFO - [2024-09-13T02:45:52.045+0000] {dagbag.py:538} INFO - Filling up the DagBag from /home/airflow/.local/lib/python3.8/site-packages/airflow/example_dags/example_short_circuit_operator.py
[2024-09-13T02:45:52.050+0000] {processor.py:840} INFO - DAG(s) 'example_short_circuit_operator' retrieved from /home/airflow/.local/lib/python3.8/site-packages/airflow/example_dags/example_short_circuit_operator.py
[2024-09-13T02:45:52.065+0000] {logging_mixin.py:188} INFO - [2024-09-13T02:45:52.065+0000] {dag.py:3036} INFO - Sync 1 DAGs
[2024-09-13T02:45:52.080+0000] {logging_mixin.py:188} INFO - [2024-09-13T02:45:52.080+0000] {dag.py:3823} INFO - Setting next_dagrun for example_short_circuit_operator to 2024-09-12 00:00:00+00:00, run_after=2024-09-13 00:00:00+00:00
[2024-09-13T02:45:52.092+0000] {processor.py:183} INFO - Processing /home/airflow/.local/lib/python3.8/site-packages/airflow/example_dags/example_short_circuit_operator.py took 0.051 seconds
[2024-09-13T02:46:22.257+0000] {processor.py:161} INFO - Started process (PID=3974) to work on /home/airflow/.local/lib/python3.8/site-packages/airflow/example_dags/example_short_circuit_operator.py
[2024-09-13T02:46:22.258+0000] {processor.py:830} INFO - Processing file /home/airflow/.local/lib/python3.8/site-packages/airflow/example_dags/example_short_circuit_operator.py for tasks to queue
[2024-09-13T02:46:22.258+0000] {logging_mixin.py:188} INFO - [2024-09-13T02:46:22.258+0000] {dagbag.py:538} INFO - Filling up the DagBag from /home/airflow/.local/lib/python3.8/site-packages/airflow/example_dags/example_short_circuit_operator.py
[2024-09-13T02:46:22.263+0000] {processor.py:840} INFO - DAG(s) 'example_short_circuit_operator' retrieved from /home/airflow/.local/lib/python3.8/site-packages/airflow/example_dags/example_short_circuit_operator.py
[2024-09-13T02:46:22.276+0000] {logging_mixin.py:188} INFO - [2024-09-13T02:46:22.276+0000] {dag.py:3036} INFO - Sync 1 DAGs
[2024-09-13T02:46:22.287+0000] {logging_mixin.py:188} INFO - [2024-09-13T02:46:22.287+0000] {dag.py:3823} INFO - Setting next_dagrun for example_short_circuit_operator to 2024-09-12 00:00:00+00:00, run_after=2024-09-13 00:00:00+00:00
[2024-09-13T02:46:22.297+0000] {processor.py:183} INFO - Processing /home/airflow/.local/lib/python3.8/site-packages/airflow/example_dags/example_short_circuit_operator.py took 0.042 seconds
[2024-09-13T02:46:52.595+0000] {processor.py:161} INFO - Started process (PID=4221) to work on /home/airflow/.local/lib/python3.8/site-packages/airflow/example_dags/example_short_circuit_operator.py
[2024-09-13T02:46:52.596+0000] {processor.py:830} INFO - Processing file /home/airflow/.local/lib/python3.8/site-packages/airflow/example_dags/example_short_circuit_operator.py for tasks to queue
[2024-09-13T02:46:52.596+0000] {logging_mixin.py:188} INFO - [2024-09-13T02:46:52.596+0000] {dagbag.py:538} INFO - Filling up the DagBag from /home/airflow/.local/lib/python3.8/site-packages/airflow/example_dags/example_short_circuit_operator.py
[2024-09-13T02:46:52.601+0000] {processor.py:840} INFO - DAG(s) 'example_short_circuit_operator' retrieved from /home/airflow/.local/lib/python3.8/site-packages/airflow/example_dags/example_short_circuit_operator.py
[2024-09-13T02:46:52.614+0000] {logging_mixin.py:188} INFO - [2024-09-13T02:46:52.614+0000] {dag.py:3036} INFO - Sync 1 DAGs
[2024-09-13T02:46:52.626+0000] {logging_mixin.py:188} INFO - [2024-09-13T02:46:52.626+0000] {dag.py:3823} INFO - Setting next_dagrun for example_short_circuit_operator to 2024-09-12 00:00:00+00:00, run_after=2024-09-13 00:00:00+00:00
[2024-09-13T02:46:52.637+0000] {processor.py:183} INFO - Processing /home/airflow/.local/lib/python3.8/site-packages/airflow/example_dags/example_short_circuit_operator.py took 0.044 seconds
[2024-09-13T02:47:23.288+0000] {processor.py:161} INFO - Started process (PID=4468) to work on /home/airflow/.local/lib/python3.8/site-packages/airflow/example_dags/example_short_circuit_operator.py
[2024-09-13T02:47:23.289+0000] {processor.py:830} INFO - Processing file /home/airflow/.local/lib/python3.8/site-packages/airflow/example_dags/example_short_circuit_operator.py for tasks to queue
[2024-09-13T02:47:23.290+0000] {logging_mixin.py:188} INFO - [2024-09-13T02:47:23.289+0000] {dagbag.py:538} INFO - Filling up the DagBag from /home/airflow/.local/lib/python3.8/site-packages/airflow/example_dags/example_short_circuit_operator.py
[2024-09-13T02:47:23.295+0000] {processor.py:840} INFO - DAG(s) 'example_short_circuit_operator' retrieved from /home/airflow/.local/lib/python3.8/site-packages/airflow/example_dags/example_short_circuit_operator.py
[2024-09-13T02:47:23.309+0000] {logging_mixin.py:188} INFO - [2024-09-13T02:47:23.309+0000] {dag.py:3036} INFO - Sync 1 DAGs
[2024-09-13T02:47:23.321+0000] {logging_mixin.py:188} INFO - [2024-09-13T02:47:23.321+0000] {dag.py:3823} INFO - Setting next_dagrun for example_short_circuit_operator to 2024-09-12 00:00:00+00:00, run_after=2024-09-13 00:00:00+00:00
[2024-09-13T02:47:23.332+0000] {processor.py:183} INFO - Processing /home/airflow/.local/lib/python3.8/site-packages/airflow/example_dags/example_short_circuit_operator.py took 0.046 seconds
[2024-09-13T02:47:54.417+0000] {processor.py:161} INFO - Started process (PID=4715) to work on /home/airflow/.local/lib/python3.8/site-packages/airflow/example_dags/example_short_circuit_operator.py
[2024-09-13T02:47:54.423+0000] {processor.py:830} INFO - Processing file /home/airflow/.local/lib/python3.8/site-packages/airflow/example_dags/example_short_circuit_operator.py for tasks to queue
[2024-09-13T02:47:54.425+0000] {logging_mixin.py:188} INFO - [2024-09-13T02:47:54.425+0000] {dagbag.py:538} INFO - Filling up the DagBag from /home/airflow/.local/lib/python3.8/site-packages/airflow/example_dags/example_short_circuit_operator.py
[2024-09-13T02:47:54.473+0000] {processor.py:840} INFO - DAG(s) 'example_short_circuit_operator' retrieved from /home/airflow/.local/lib/python3.8/site-packages/airflow/example_dags/example_short_circuit_operator.py
[2024-09-13T02:47:54.591+0000] {logging_mixin.py:188} INFO - [2024-09-13T02:47:54.591+0000] {dag.py:3036} INFO - Sync 1 DAGs
[2024-09-13T02:47:54.609+0000] {logging_mixin.py:188} INFO - [2024-09-13T02:47:54.609+0000] {dag.py:3823} INFO - Setting next_dagrun for example_short_circuit_operator to 2024-09-12 00:00:00+00:00, run_after=2024-09-13 00:00:00+00:00
[2024-09-13T02:47:54.625+0000] {processor.py:183} INFO - Processing /home/airflow/.local/lib/python3.8/site-packages/airflow/example_dags/example_short_circuit_operator.py took 0.260 seconds
[2024-09-13T02:48:25.291+0000] {processor.py:161} INFO - Started process (PID=4964) to work on /home/airflow/.local/lib/python3.8/site-packages/airflow/example_dags/example_short_circuit_operator.py
[2024-09-13T02:48:25.292+0000] {processor.py:830} INFO - Processing file /home/airflow/.local/lib/python3.8/site-packages/airflow/example_dags/example_short_circuit_operator.py for tasks to queue
[2024-09-13T02:48:25.292+0000] {logging_mixin.py:188} INFO - [2024-09-13T02:48:25.292+0000] {dagbag.py:538} INFO - Filling up the DagBag from /home/airflow/.local/lib/python3.8/site-packages/airflow/example_dags/example_short_circuit_operator.py
[2024-09-13T02:48:25.297+0000] {processor.py:840} INFO - DAG(s) 'example_short_circuit_operator' retrieved from /home/airflow/.local/lib/python3.8/site-packages/airflow/example_dags/example_short_circuit_operator.py
[2024-09-13T02:48:25.309+0000] {logging_mixin.py:188} INFO - [2024-09-13T02:48:25.309+0000] {dag.py:3036} INFO - Sync 1 DAGs
[2024-09-13T02:48:25.319+0000] {logging_mixin.py:188} INFO - [2024-09-13T02:48:25.319+0000] {dag.py:3823} INFO - Setting next_dagrun for example_short_circuit_operator to 2024-09-12 00:00:00+00:00, run_after=2024-09-13 00:00:00+00:00
[2024-09-13T02:48:25.328+0000] {processor.py:183} INFO - Processing /home/airflow/.local/lib/python3.8/site-packages/airflow/example_dags/example_short_circuit_operator.py took 0.038 seconds
[2024-09-13T02:48:55.425+0000] {processor.py:161} INFO - Started process (PID=5211) to work on /home/airflow/.local/lib/python3.8/site-packages/airflow/example_dags/example_short_circuit_operator.py
[2024-09-13T02:48:55.426+0000] {processor.py:830} INFO - Processing file /home/airflow/.local/lib/python3.8/site-packages/airflow/example_dags/example_short_circuit_operator.py for tasks to queue
[2024-09-13T02:48:55.427+0000] {logging_mixin.py:188} INFO - [2024-09-13T02:48:55.427+0000] {dagbag.py:538} INFO - Filling up the DagBag from /home/airflow/.local/lib/python3.8/site-packages/airflow/example_dags/example_short_circuit_operator.py
[2024-09-13T02:48:55.432+0000] {processor.py:840} INFO - DAG(s) 'example_short_circuit_operator' retrieved from /home/airflow/.local/lib/python3.8/site-packages/airflow/example_dags/example_short_circuit_operator.py
[2024-09-13T02:48:55.445+0000] {logging_mixin.py:188} INFO - [2024-09-13T02:48:55.444+0000] {dag.py:3036} INFO - Sync 1 DAGs
[2024-09-13T02:48:55.458+0000] {logging_mixin.py:188} INFO - [2024-09-13T02:48:55.458+0000] {dag.py:3823} INFO - Setting next_dagrun for example_short_circuit_operator to 2024-09-12 00:00:00+00:00, run_after=2024-09-13 00:00:00+00:00
[2024-09-13T02:48:55.467+0000] {processor.py:183} INFO - Processing /home/airflow/.local/lib/python3.8/site-packages/airflow/example_dags/example_short_circuit_operator.py took 0.044 seconds
[2024-09-13T02:49:26.107+0000] {processor.py:161} INFO - Started process (PID=5458) to work on /home/airflow/.local/lib/python3.8/site-packages/airflow/example_dags/example_short_circuit_operator.py
[2024-09-13T02:49:26.108+0000] {processor.py:830} INFO - Processing file /home/airflow/.local/lib/python3.8/site-packages/airflow/example_dags/example_short_circuit_operator.py for tasks to queue
[2024-09-13T02:49:26.108+0000] {logging_mixin.py:188} INFO - [2024-09-13T02:49:26.108+0000] {dagbag.py:538} INFO - Filling up the DagBag from /home/airflow/.local/lib/python3.8/site-packages/airflow/example_dags/example_short_circuit_operator.py
[2024-09-13T02:49:26.114+0000] {processor.py:840} INFO - DAG(s) 'example_short_circuit_operator' retrieved from /home/airflow/.local/lib/python3.8/site-packages/airflow/example_dags/example_short_circuit_operator.py
[2024-09-13T02:49:26.135+0000] {logging_mixin.py:188} INFO - [2024-09-13T02:49:26.135+0000] {dag.py:3036} INFO - Sync 1 DAGs
[2024-09-13T02:49:26.151+0000] {logging_mixin.py:188} INFO - [2024-09-13T02:49:26.150+0000] {dag.py:3823} INFO - Setting next_dagrun for example_short_circuit_operator to 2024-09-12 00:00:00+00:00, run_after=2024-09-13 00:00:00+00:00
[2024-09-13T02:49:26.160+0000] {processor.py:183} INFO - Processing /home/airflow/.local/lib/python3.8/site-packages/airflow/example_dags/example_short_circuit_operator.py took 0.058 seconds
[2024-09-13T02:49:56.346+0000] {processor.py:161} INFO - Started process (PID=5705) to work on /home/airflow/.local/lib/python3.8/site-packages/airflow/example_dags/example_short_circuit_operator.py
[2024-09-13T02:49:56.347+0000] {processor.py:830} INFO - Processing file /home/airflow/.local/lib/python3.8/site-packages/airflow/example_dags/example_short_circuit_operator.py for tasks to queue
[2024-09-13T02:49:56.348+0000] {logging_mixin.py:188} INFO - [2024-09-13T02:49:56.347+0000] {dagbag.py:538} INFO - Filling up the DagBag from /home/airflow/.local/lib/python3.8/site-packages/airflow/example_dags/example_short_circuit_operator.py
[2024-09-13T02:49:56.353+0000] {processor.py:840} INFO - DAG(s) 'example_short_circuit_operator' retrieved from /home/airflow/.local/lib/python3.8/site-packages/airflow/example_dags/example_short_circuit_operator.py
[2024-09-13T02:49:56.367+0000] {logging_mixin.py:188} INFO - [2024-09-13T02:49:56.367+0000] {dag.py:3036} INFO - Sync 1 DAGs
[2024-09-13T02:49:56.379+0000] {logging_mixin.py:188} INFO - [2024-09-13T02:49:56.379+0000] {dag.py:3823} INFO - Setting next_dagrun for example_short_circuit_operator to 2024-09-12 00:00:00+00:00, run_after=2024-09-13 00:00:00+00:00
[2024-09-13T02:49:56.388+0000] {processor.py:183} INFO - Processing /home/airflow/.local/lib/python3.8/site-packages/airflow/example_dags/example_short_circuit_operator.py took 0.044 seconds
[2024-09-13T02:50:27.058+0000] {processor.py:161} INFO - Started process (PID=5952) to work on /home/airflow/.local/lib/python3.8/site-packages/airflow/example_dags/example_short_circuit_operator.py
[2024-09-13T02:50:27.059+0000] {processor.py:830} INFO - Processing file /home/airflow/.local/lib/python3.8/site-packages/airflow/example_dags/example_short_circuit_operator.py for tasks to queue
[2024-09-13T02:50:27.059+0000] {logging_mixin.py:188} INFO - [2024-09-13T02:50:27.059+0000] {dagbag.py:538} INFO - Filling up the DagBag from /home/airflow/.local/lib/python3.8/site-packages/airflow/example_dags/example_short_circuit_operator.py
[2024-09-13T02:50:27.065+0000] {processor.py:840} INFO - DAG(s) 'example_short_circuit_operator' retrieved from /home/airflow/.local/lib/python3.8/site-packages/airflow/example_dags/example_short_circuit_operator.py
[2024-09-13T02:50:27.078+0000] {logging_mixin.py:188} INFO - [2024-09-13T02:50:27.077+0000] {dag.py:3036} INFO - Sync 1 DAGs
[2024-09-13T02:50:27.090+0000] {logging_mixin.py:188} INFO - [2024-09-13T02:50:27.090+0000] {dag.py:3823} INFO - Setting next_dagrun for example_short_circuit_operator to 2024-09-12 00:00:00+00:00, run_after=2024-09-13 00:00:00+00:00
[2024-09-13T02:50:27.099+0000] {processor.py:183} INFO - Processing /home/airflow/.local/lib/python3.8/site-packages/airflow/example_dags/example_short_circuit_operator.py took 0.043 seconds
[2024-09-13T02:50:57.801+0000] {processor.py:161} INFO - Started process (PID=6199) to work on /home/airflow/.local/lib/python3.8/site-packages/airflow/example_dags/example_short_circuit_operator.py
[2024-09-13T02:50:57.802+0000] {processor.py:830} INFO - Processing file /home/airflow/.local/lib/python3.8/site-packages/airflow/example_dags/example_short_circuit_operator.py for tasks to queue
[2024-09-13T02:50:57.802+0000] {logging_mixin.py:188} INFO - [2024-09-13T02:50:57.802+0000] {dagbag.py:538} INFO - Filling up the DagBag from /home/airflow/.local/lib/python3.8/site-packages/airflow/example_dags/example_short_circuit_operator.py
[2024-09-13T02:50:57.807+0000] {processor.py:840} INFO - DAG(s) 'example_short_circuit_operator' retrieved from /home/airflow/.local/lib/python3.8/site-packages/airflow/example_dags/example_short_circuit_operator.py
[2024-09-13T02:50:57.822+0000] {logging_mixin.py:188} INFO - [2024-09-13T02:50:57.822+0000] {dag.py:3036} INFO - Sync 1 DAGs
[2024-09-13T02:50:57.832+0000] {logging_mixin.py:188} INFO - [2024-09-13T02:50:57.832+0000] {dag.py:3823} INFO - Setting next_dagrun for example_short_circuit_operator to 2024-09-12 00:00:00+00:00, run_after=2024-09-13 00:00:00+00:00
[2024-09-13T02:50:57.841+0000] {processor.py:183} INFO - Processing /home/airflow/.local/lib/python3.8/site-packages/airflow/example_dags/example_short_circuit_operator.py took 0.042 seconds
[2024-09-13T02:51:28.430+0000] {processor.py:161} INFO - Started process (PID=6446) to work on /home/airflow/.local/lib/python3.8/site-packages/airflow/example_dags/example_short_circuit_operator.py
[2024-09-13T02:51:28.431+0000] {processor.py:830} INFO - Processing file /home/airflow/.local/lib/python3.8/site-packages/airflow/example_dags/example_short_circuit_operator.py for tasks to queue
[2024-09-13T02:51:28.431+0000] {logging_mixin.py:188} INFO - [2024-09-13T02:51:28.431+0000] {dagbag.py:538} INFO - Filling up the DagBag from /home/airflow/.local/lib/python3.8/site-packages/airflow/example_dags/example_short_circuit_operator.py
[2024-09-13T02:51:28.437+0000] {processor.py:840} INFO - DAG(s) 'example_short_circuit_operator' retrieved from /home/airflow/.local/lib/python3.8/site-packages/airflow/example_dags/example_short_circuit_operator.py
[2024-09-13T02:51:28.450+0000] {logging_mixin.py:188} INFO - [2024-09-13T02:51:28.450+0000] {dag.py:3036} INFO - Sync 1 DAGs
[2024-09-13T02:51:28.463+0000] {logging_mixin.py:188} INFO - [2024-09-13T02:51:28.463+0000] {dag.py:3823} INFO - Setting next_dagrun for example_short_circuit_operator to 2024-09-12 00:00:00+00:00, run_after=2024-09-13 00:00:00+00:00
[2024-09-13T02:51:28.473+0000] {processor.py:183} INFO - Processing /home/airflow/.local/lib/python3.8/site-packages/airflow/example_dags/example_short_circuit_operator.py took 0.044 seconds
[2024-09-13T02:51:59.566+0000] {processor.py:161} INFO - Started process (PID=6693) to work on /home/airflow/.local/lib/python3.8/site-packages/airflow/example_dags/example_short_circuit_operator.py
[2024-09-13T02:51:59.568+0000] {processor.py:830} INFO - Processing file /home/airflow/.local/lib/python3.8/site-packages/airflow/example_dags/example_short_circuit_operator.py for tasks to queue
[2024-09-13T02:51:59.571+0000] {logging_mixin.py:188} INFO - [2024-09-13T02:51:59.571+0000] {dagbag.py:538} INFO - Filling up the DagBag from /home/airflow/.local/lib/python3.8/site-packages/airflow/example_dags/example_short_circuit_operator.py
[2024-09-13T02:51:59.600+0000] {processor.py:840} INFO - DAG(s) 'example_short_circuit_operator' retrieved from /home/airflow/.local/lib/python3.8/site-packages/airflow/example_dags/example_short_circuit_operator.py
[2024-09-13T02:51:59.708+0000] {logging_mixin.py:188} INFO - [2024-09-13T02:51:59.708+0000] {dag.py:3036} INFO - Sync 1 DAGs
[2024-09-13T02:51:59.735+0000] {logging_mixin.py:188} INFO - [2024-09-13T02:51:59.735+0000] {dag.py:3823} INFO - Setting next_dagrun for example_short_circuit_operator to 2024-09-12 00:00:00+00:00, run_after=2024-09-13 00:00:00+00:00
[2024-09-13T02:51:59.857+0000] {processor.py:183} INFO - Processing /home/airflow/.local/lib/python3.8/site-packages/airflow/example_dags/example_short_circuit_operator.py took 0.294 seconds
[2024-09-13T02:52:30.332+0000] {processor.py:161} INFO - Started process (PID=6940) to work on /home/airflow/.local/lib/python3.8/site-packages/airflow/example_dags/example_short_circuit_operator.py
[2024-09-13T02:52:30.333+0000] {processor.py:830} INFO - Processing file /home/airflow/.local/lib/python3.8/site-packages/airflow/example_dags/example_short_circuit_operator.py for tasks to queue
[2024-09-13T02:52:30.334+0000] {logging_mixin.py:188} INFO - [2024-09-13T02:52:30.334+0000] {dagbag.py:538} INFO - Filling up the DagBag from /home/airflow/.local/lib/python3.8/site-packages/airflow/example_dags/example_short_circuit_operator.py
[2024-09-13T02:52:30.341+0000] {processor.py:840} INFO - DAG(s) 'example_short_circuit_operator' retrieved from /home/airflow/.local/lib/python3.8/site-packages/airflow/example_dags/example_short_circuit_operator.py
[2024-09-13T02:52:30.360+0000] {logging_mixin.py:188} INFO - [2024-09-13T02:52:30.360+0000] {dag.py:3036} INFO - Sync 1 DAGs
[2024-09-13T02:52:30.373+0000] {logging_mixin.py:188} INFO - [2024-09-13T02:52:30.373+0000] {dag.py:3823} INFO - Setting next_dagrun for example_short_circuit_operator to 2024-09-12 00:00:00+00:00, run_after=2024-09-13 00:00:00+00:00
[2024-09-13T02:52:30.384+0000] {processor.py:183} INFO - Processing /home/airflow/.local/lib/python3.8/site-packages/airflow/example_dags/example_short_circuit_operator.py took 0.058 seconds
[2024-09-13T02:53:00.429+0000] {processor.py:161} INFO - Started process (PID=7187) to work on /home/airflow/.local/lib/python3.8/site-packages/airflow/example_dags/example_short_circuit_operator.py
[2024-09-13T02:53:00.430+0000] {processor.py:830} INFO - Processing file /home/airflow/.local/lib/python3.8/site-packages/airflow/example_dags/example_short_circuit_operator.py for tasks to queue
[2024-09-13T02:53:00.430+0000] {logging_mixin.py:188} INFO - [2024-09-13T02:53:00.430+0000] {dagbag.py:538} INFO - Filling up the DagBag from /home/airflow/.local/lib/python3.8/site-packages/airflow/example_dags/example_short_circuit_operator.py
[2024-09-13T02:53:00.436+0000] {processor.py:840} INFO - DAG(s) 'example_short_circuit_operator' retrieved from /home/airflow/.local/lib/python3.8/site-packages/airflow/example_dags/example_short_circuit_operator.py
[2024-09-13T02:53:00.452+0000] {logging_mixin.py:188} INFO - [2024-09-13T02:53:00.452+0000] {dag.py:3036} INFO - Sync 1 DAGs
[2024-09-13T02:53:00.465+0000] {logging_mixin.py:188} INFO - [2024-09-13T02:53:00.464+0000] {dag.py:3823} INFO - Setting next_dagrun for example_short_circuit_operator to 2024-09-12 00:00:00+00:00, run_after=2024-09-13 00:00:00+00:00
[2024-09-13T02:53:00.474+0000] {processor.py:183} INFO - Processing /home/airflow/.local/lib/python3.8/site-packages/airflow/example_dags/example_short_circuit_operator.py took 0.047 seconds
[2024-09-13T02:53:31.002+0000] {processor.py:161} INFO - Started process (PID=7432) to work on /home/airflow/.local/lib/python3.8/site-packages/airflow/example_dags/example_short_circuit_operator.py
[2024-09-13T02:53:31.004+0000] {processor.py:830} INFO - Processing file /home/airflow/.local/lib/python3.8/site-packages/airflow/example_dags/example_short_circuit_operator.py for tasks to queue
[2024-09-13T02:53:31.006+0000] {logging_mixin.py:188} INFO - [2024-09-13T02:53:31.006+0000] {dagbag.py:538} INFO - Filling up the DagBag from /home/airflow/.local/lib/python3.8/site-packages/airflow/example_dags/example_short_circuit_operator.py
[2024-09-13T02:53:31.016+0000] {processor.py:840} INFO - DAG(s) 'example_short_circuit_operator' retrieved from /home/airflow/.local/lib/python3.8/site-packages/airflow/example_dags/example_short_circuit_operator.py
[2024-09-13T02:53:31.034+0000] {logging_mixin.py:188} INFO - [2024-09-13T02:53:31.034+0000] {dag.py:3036} INFO - Sync 1 DAGs
[2024-09-13T02:53:31.046+0000] {logging_mixin.py:188} INFO - [2024-09-13T02:53:31.045+0000] {dag.py:3823} INFO - Setting next_dagrun for example_short_circuit_operator to 2024-09-12 00:00:00+00:00, run_after=2024-09-13 00:00:00+00:00
[2024-09-13T02:53:31.054+0000] {processor.py:183} INFO - Processing /home/airflow/.local/lib/python3.8/site-packages/airflow/example_dags/example_short_circuit_operator.py took 0.063 seconds
[2024-09-13T02:54:01.782+0000] {processor.py:161} INFO - Started process (PID=7679) to work on /home/airflow/.local/lib/python3.8/site-packages/airflow/example_dags/example_short_circuit_operator.py
[2024-09-13T02:54:01.783+0000] {processor.py:830} INFO - Processing file /home/airflow/.local/lib/python3.8/site-packages/airflow/example_dags/example_short_circuit_operator.py for tasks to queue
[2024-09-13T02:54:01.783+0000] {logging_mixin.py:188} INFO - [2024-09-13T02:54:01.783+0000] {dagbag.py:538} INFO - Filling up the DagBag from /home/airflow/.local/lib/python3.8/site-packages/airflow/example_dags/example_short_circuit_operator.py
[2024-09-13T02:54:01.788+0000] {processor.py:840} INFO - DAG(s) 'example_short_circuit_operator' retrieved from /home/airflow/.local/lib/python3.8/site-packages/airflow/example_dags/example_short_circuit_operator.py
[2024-09-13T02:54:01.800+0000] {logging_mixin.py:188} INFO - [2024-09-13T02:54:01.800+0000] {dag.py:3036} INFO - Sync 1 DAGs
[2024-09-13T02:54:01.812+0000] {logging_mixin.py:188} INFO - [2024-09-13T02:54:01.812+0000] {dag.py:3823} INFO - Setting next_dagrun for example_short_circuit_operator to 2024-09-12 00:00:00+00:00, run_after=2024-09-13 00:00:00+00:00
[2024-09-13T02:54:01.824+0000] {processor.py:183} INFO - Processing /home/airflow/.local/lib/python3.8/site-packages/airflow/example_dags/example_short_circuit_operator.py took 0.044 seconds
[2024-09-13T02:54:31.966+0000] {processor.py:161} INFO - Started process (PID=7926) to work on /home/airflow/.local/lib/python3.8/site-packages/airflow/example_dags/example_short_circuit_operator.py
[2024-09-13T02:54:31.967+0000] {processor.py:830} INFO - Processing file /home/airflow/.local/lib/python3.8/site-packages/airflow/example_dags/example_short_circuit_operator.py for tasks to queue
[2024-09-13T02:54:31.968+0000] {logging_mixin.py:188} INFO - [2024-09-13T02:54:31.968+0000] {dagbag.py:538} INFO - Filling up the DagBag from /home/airflow/.local/lib/python3.8/site-packages/airflow/example_dags/example_short_circuit_operator.py
[2024-09-13T02:54:31.973+0000] {processor.py:840} INFO - DAG(s) 'example_short_circuit_operator' retrieved from /home/airflow/.local/lib/python3.8/site-packages/airflow/example_dags/example_short_circuit_operator.py
[2024-09-13T02:54:31.987+0000] {logging_mixin.py:188} INFO - [2024-09-13T02:54:31.987+0000] {dag.py:3036} INFO - Sync 1 DAGs
[2024-09-13T02:54:31.999+0000] {logging_mixin.py:188} INFO - [2024-09-13T02:54:31.999+0000] {dag.py:3823} INFO - Setting next_dagrun for example_short_circuit_operator to 2024-09-12 00:00:00+00:00, run_after=2024-09-13 00:00:00+00:00
[2024-09-13T02:54:32.009+0000] {processor.py:183} INFO - Processing /home/airflow/.local/lib/python3.8/site-packages/airflow/example_dags/example_short_circuit_operator.py took 0.046 seconds
[2024-09-13T02:55:02.063+0000] {processor.py:161} INFO - Started process (PID=8173) to work on /home/airflow/.local/lib/python3.8/site-packages/airflow/example_dags/example_short_circuit_operator.py
[2024-09-13T02:55:02.064+0000] {processor.py:830} INFO - Processing file /home/airflow/.local/lib/python3.8/site-packages/airflow/example_dags/example_short_circuit_operator.py for tasks to queue
[2024-09-13T02:55:02.065+0000] {logging_mixin.py:188} INFO - [2024-09-13T02:55:02.065+0000] {dagbag.py:538} INFO - Filling up the DagBag from /home/airflow/.local/lib/python3.8/site-packages/airflow/example_dags/example_short_circuit_operator.py
[2024-09-13T02:55:02.069+0000] {processor.py:840} INFO - DAG(s) 'example_short_circuit_operator' retrieved from /home/airflow/.local/lib/python3.8/site-packages/airflow/example_dags/example_short_circuit_operator.py
[2024-09-13T02:55:02.082+0000] {logging_mixin.py:188} INFO - [2024-09-13T02:55:02.082+0000] {dag.py:3036} INFO - Sync 1 DAGs
[2024-09-13T02:55:02.092+0000] {logging_mixin.py:188} INFO - [2024-09-13T02:55:02.092+0000] {dag.py:3823} INFO - Setting next_dagrun for example_short_circuit_operator to 2024-09-12 00:00:00+00:00, run_after=2024-09-13 00:00:00+00:00
[2024-09-13T02:55:02.102+0000] {processor.py:183} INFO - Processing /home/airflow/.local/lib/python3.8/site-packages/airflow/example_dags/example_short_circuit_operator.py took 0.041 seconds
[2024-09-13T02:55:32.898+0000] {processor.py:161} INFO - Started process (PID=8420) to work on /home/airflow/.local/lib/python3.8/site-packages/airflow/example_dags/example_short_circuit_operator.py
[2024-09-13T02:55:32.898+0000] {processor.py:830} INFO - Processing file /home/airflow/.local/lib/python3.8/site-packages/airflow/example_dags/example_short_circuit_operator.py for tasks to queue
[2024-09-13T02:55:32.899+0000] {logging_mixin.py:188} INFO - [2024-09-13T02:55:32.899+0000] {dagbag.py:538} INFO - Filling up the DagBag from /home/airflow/.local/lib/python3.8/site-packages/airflow/example_dags/example_short_circuit_operator.py
[2024-09-13T02:55:32.903+0000] {processor.py:840} INFO - DAG(s) 'example_short_circuit_operator' retrieved from /home/airflow/.local/lib/python3.8/site-packages/airflow/example_dags/example_short_circuit_operator.py
[2024-09-13T02:55:32.917+0000] {logging_mixin.py:188} INFO - [2024-09-13T02:55:32.916+0000] {dag.py:3036} INFO - Sync 1 DAGs
[2024-09-13T02:55:32.928+0000] {logging_mixin.py:188} INFO - [2024-09-13T02:55:32.928+0000] {dag.py:3823} INFO - Setting next_dagrun for example_short_circuit_operator to 2024-09-12 00:00:00+00:00, run_after=2024-09-13 00:00:00+00:00
[2024-09-13T02:55:32.940+0000] {processor.py:183} INFO - Processing /home/airflow/.local/lib/python3.8/site-packages/airflow/example_dags/example_short_circuit_operator.py took 0.045 seconds
