[2024-09-13T02:38:43.916+0000] {processor.py:161} INFO - Started process (PID=341) to work on /home/airflow/.local/lib/python3.8/site-packages/airflow/example_dags/example_skip_dag.py
[2024-09-13T02:38:43.917+0000] {processor.py:830} INFO - Processing file /home/airflow/.local/lib/python3.8/site-packages/airflow/example_dags/example_skip_dag.py for tasks to queue
[2024-09-13T02:38:43.918+0000] {logging_mixin.py:188} INFO - [2024-09-13T02:38:43.918+0000] {dagbag.py:538} INFO - Filling up the DagBag from /home/airflow/.local/lib/python3.8/site-packages/airflow/example_dags/example_skip_dag.py
[2024-09-13T02:38:43.924+0000] {processor.py:840} INFO - DAG(s) 'example_skip_dag' retrieved from /home/airflow/.local/lib/python3.8/site-packages/airflow/example_dags/example_skip_dag.py
[2024-09-13T02:38:43.946+0000] {logging_mixin.py:188} INFO - [2024-09-13T02:38:43.946+0000] {dag.py:3036} INFO - Sync 1 DAGs
[2024-09-13T02:38:43.967+0000] {logging_mixin.py:188} INFO - [2024-09-13T02:38:43.967+0000] {dag.py:3823} INFO - Setting next_dagrun for example_skip_dag to 2024-09-12 00:00:00+00:00, run_after=2024-09-13 00:00:00+00:00
[2024-09-13T02:38:43.989+0000] {processor.py:183} INFO - Processing /home/airflow/.local/lib/python3.8/site-packages/airflow/example_dags/example_skip_dag.py took 0.076 seconds
[2024-09-13T02:39:14.121+0000] {processor.py:161} INFO - Started process (PID=588) to work on /home/airflow/.local/lib/python3.8/site-packages/airflow/example_dags/example_skip_dag.py
[2024-09-13T02:39:14.122+0000] {processor.py:830} INFO - Processing file /home/airflow/.local/lib/python3.8/site-packages/airflow/example_dags/example_skip_dag.py for tasks to queue
[2024-09-13T02:39:14.123+0000] {logging_mixin.py:188} INFO - [2024-09-13T02:39:14.123+0000] {dagbag.py:538} INFO - Filling up the DagBag from /home/airflow/.local/lib/python3.8/site-packages/airflow/example_dags/example_skip_dag.py
[2024-09-13T02:39:14.128+0000] {processor.py:840} INFO - DAG(s) 'example_skip_dag' retrieved from /home/airflow/.local/lib/python3.8/site-packages/airflow/example_dags/example_skip_dag.py
[2024-09-13T02:39:14.139+0000] {logging_mixin.py:188} INFO - [2024-09-13T02:39:14.139+0000] {dag.py:3036} INFO - Sync 1 DAGs
[2024-09-13T02:39:14.151+0000] {logging_mixin.py:188} INFO - [2024-09-13T02:39:14.151+0000] {dag.py:3823} INFO - Setting next_dagrun for example_skip_dag to 2024-09-12 00:00:00+00:00, run_after=2024-09-13 00:00:00+00:00
[2024-09-13T02:39:14.162+0000] {processor.py:183} INFO - Processing /home/airflow/.local/lib/python3.8/site-packages/airflow/example_dags/example_skip_dag.py took 0.043 seconds
[2024-09-13T02:39:44.865+0000] {processor.py:161} INFO - Started process (PID=835) to work on /home/airflow/.local/lib/python3.8/site-packages/airflow/example_dags/example_skip_dag.py
[2024-09-13T02:39:44.866+0000] {processor.py:830} INFO - Processing file /home/airflow/.local/lib/python3.8/site-packages/airflow/example_dags/example_skip_dag.py for tasks to queue
[2024-09-13T02:39:44.866+0000] {logging_mixin.py:188} INFO - [2024-09-13T02:39:44.866+0000] {dagbag.py:538} INFO - Filling up the DagBag from /home/airflow/.local/lib/python3.8/site-packages/airflow/example_dags/example_skip_dag.py
[2024-09-13T02:39:44.873+0000] {processor.py:840} INFO - DAG(s) 'example_skip_dag' retrieved from /home/airflow/.local/lib/python3.8/site-packages/airflow/example_dags/example_skip_dag.py
[2024-09-13T02:39:44.889+0000] {logging_mixin.py:188} INFO - [2024-09-13T02:39:44.889+0000] {dag.py:3036} INFO - Sync 1 DAGs
[2024-09-13T02:39:44.903+0000] {logging_mixin.py:188} INFO - [2024-09-13T02:39:44.903+0000] {dag.py:3823} INFO - Setting next_dagrun for example_skip_dag to 2024-09-12 00:00:00+00:00, run_after=2024-09-13 00:00:00+00:00
[2024-09-13T02:39:44.913+0000] {processor.py:183} INFO - Processing /home/airflow/.local/lib/python3.8/site-packages/airflow/example_dags/example_skip_dag.py took 0.051 seconds
[2024-09-13T02:40:15.975+0000] {processor.py:161} INFO - Started process (PID=1081) to work on /home/airflow/.local/lib/python3.8/site-packages/airflow/example_dags/example_skip_dag.py
[2024-09-13T02:40:15.976+0000] {processor.py:830} INFO - Processing file /home/airflow/.local/lib/python3.8/site-packages/airflow/example_dags/example_skip_dag.py for tasks to queue
[2024-09-13T02:40:15.976+0000] {logging_mixin.py:188} INFO - [2024-09-13T02:40:15.976+0000] {dagbag.py:538} INFO - Filling up the DagBag from /home/airflow/.local/lib/python3.8/site-packages/airflow/example_dags/example_skip_dag.py
[2024-09-13T02:40:15.981+0000] {processor.py:840} INFO - DAG(s) 'example_skip_dag' retrieved from /home/airflow/.local/lib/python3.8/site-packages/airflow/example_dags/example_skip_dag.py
[2024-09-13T02:40:15.993+0000] {logging_mixin.py:188} INFO - [2024-09-13T02:40:15.993+0000] {dag.py:3036} INFO - Sync 1 DAGs
[2024-09-13T02:40:16.004+0000] {logging_mixin.py:188} INFO - [2024-09-13T02:40:16.004+0000] {dag.py:3823} INFO - Setting next_dagrun for example_skip_dag to 2024-09-12 00:00:00+00:00, run_after=2024-09-13 00:00:00+00:00
[2024-09-13T02:40:16.013+0000] {processor.py:183} INFO - Processing /home/airflow/.local/lib/python3.8/site-packages/airflow/example_dags/example_skip_dag.py took 0.040 seconds
[2024-09-13T02:40:46.084+0000] {processor.py:161} INFO - Started process (PID=1328) to work on /home/airflow/.local/lib/python3.8/site-packages/airflow/example_dags/example_skip_dag.py
[2024-09-13T02:40:46.085+0000] {processor.py:830} INFO - Processing file /home/airflow/.local/lib/python3.8/site-packages/airflow/example_dags/example_skip_dag.py for tasks to queue
[2024-09-13T02:40:46.085+0000] {logging_mixin.py:188} INFO - [2024-09-13T02:40:46.085+0000] {dagbag.py:538} INFO - Filling up the DagBag from /home/airflow/.local/lib/python3.8/site-packages/airflow/example_dags/example_skip_dag.py
[2024-09-13T02:40:46.090+0000] {processor.py:840} INFO - DAG(s) 'example_skip_dag' retrieved from /home/airflow/.local/lib/python3.8/site-packages/airflow/example_dags/example_skip_dag.py
[2024-09-13T02:40:46.103+0000] {logging_mixin.py:188} INFO - [2024-09-13T02:40:46.103+0000] {dag.py:3036} INFO - Sync 1 DAGs
[2024-09-13T02:40:46.114+0000] {logging_mixin.py:188} INFO - [2024-09-13T02:40:46.114+0000] {dag.py:3823} INFO - Setting next_dagrun for example_skip_dag to 2024-09-12 00:00:00+00:00, run_after=2024-09-13 00:00:00+00:00
[2024-09-13T02:40:46.123+0000] {processor.py:183} INFO - Processing /home/airflow/.local/lib/python3.8/site-packages/airflow/example_dags/example_skip_dag.py took 0.041 seconds
[2024-09-13T02:41:16.186+0000] {processor.py:161} INFO - Started process (PID=1575) to work on /home/airflow/.local/lib/python3.8/site-packages/airflow/example_dags/example_skip_dag.py
[2024-09-13T02:41:16.187+0000] {processor.py:830} INFO - Processing file /home/airflow/.local/lib/python3.8/site-packages/airflow/example_dags/example_skip_dag.py for tasks to queue
[2024-09-13T02:41:16.187+0000] {logging_mixin.py:188} INFO - [2024-09-13T02:41:16.187+0000] {dagbag.py:538} INFO - Filling up the DagBag from /home/airflow/.local/lib/python3.8/site-packages/airflow/example_dags/example_skip_dag.py
[2024-09-13T02:41:16.192+0000] {processor.py:840} INFO - DAG(s) 'example_skip_dag' retrieved from /home/airflow/.local/lib/python3.8/site-packages/airflow/example_dags/example_skip_dag.py
[2024-09-13T02:41:16.204+0000] {logging_mixin.py:188} INFO - [2024-09-13T02:41:16.204+0000] {dag.py:3036} INFO - Sync 1 DAGs
[2024-09-13T02:41:16.215+0000] {logging_mixin.py:188} INFO - [2024-09-13T02:41:16.215+0000] {dag.py:3823} INFO - Setting next_dagrun for example_skip_dag to 2024-09-12 00:00:00+00:00, run_after=2024-09-13 00:00:00+00:00
[2024-09-13T02:41:16.225+0000] {processor.py:183} INFO - Processing /home/airflow/.local/lib/python3.8/site-packages/airflow/example_dags/example_skip_dag.py took 0.041 seconds
[2024-09-13T02:41:46.987+0000] {processor.py:161} INFO - Started process (PID=1821) to work on /home/airflow/.local/lib/python3.8/site-packages/airflow/example_dags/example_skip_dag.py
[2024-09-13T02:41:46.988+0000] {processor.py:830} INFO - Processing file /home/airflow/.local/lib/python3.8/site-packages/airflow/example_dags/example_skip_dag.py for tasks to queue
[2024-09-13T02:41:46.988+0000] {logging_mixin.py:188} INFO - [2024-09-13T02:41:46.988+0000] {dagbag.py:538} INFO - Filling up the DagBag from /home/airflow/.local/lib/python3.8/site-packages/airflow/example_dags/example_skip_dag.py
[2024-09-13T02:41:46.993+0000] {processor.py:840} INFO - DAG(s) 'example_skip_dag' retrieved from /home/airflow/.local/lib/python3.8/site-packages/airflow/example_dags/example_skip_dag.py
[2024-09-13T02:41:47.006+0000] {logging_mixin.py:188} INFO - [2024-09-13T02:41:47.006+0000] {dag.py:3036} INFO - Sync 1 DAGs
[2024-09-13T02:41:47.017+0000] {logging_mixin.py:188} INFO - [2024-09-13T02:41:47.017+0000] {dag.py:3823} INFO - Setting next_dagrun for example_skip_dag to 2024-09-12 00:00:00+00:00, run_after=2024-09-13 00:00:00+00:00
[2024-09-13T02:41:47.028+0000] {processor.py:183} INFO - Processing /home/airflow/.local/lib/python3.8/site-packages/airflow/example_dags/example_skip_dag.py took 0.046 seconds
[2024-09-13T02:42:17.593+0000] {processor.py:161} INFO - Started process (PID=2068) to work on /home/airflow/.local/lib/python3.8/site-packages/airflow/example_dags/example_skip_dag.py
[2024-09-13T02:42:17.594+0000] {processor.py:830} INFO - Processing file /home/airflow/.local/lib/python3.8/site-packages/airflow/example_dags/example_skip_dag.py for tasks to queue
[2024-09-13T02:42:17.595+0000] {logging_mixin.py:188} INFO - [2024-09-13T02:42:17.595+0000] {dagbag.py:538} INFO - Filling up the DagBag from /home/airflow/.local/lib/python3.8/site-packages/airflow/example_dags/example_skip_dag.py
[2024-09-13T02:42:17.600+0000] {processor.py:840} INFO - DAG(s) 'example_skip_dag' retrieved from /home/airflow/.local/lib/python3.8/site-packages/airflow/example_dags/example_skip_dag.py
[2024-09-13T02:42:17.613+0000] {logging_mixin.py:188} INFO - [2024-09-13T02:42:17.613+0000] {dag.py:3036} INFO - Sync 1 DAGs
[2024-09-13T02:42:17.625+0000] {logging_mixin.py:188} INFO - [2024-09-13T02:42:17.624+0000] {dag.py:3823} INFO - Setting next_dagrun for example_skip_dag to 2024-09-12 00:00:00+00:00, run_after=2024-09-13 00:00:00+00:00
[2024-09-13T02:42:17.635+0000] {processor.py:183} INFO - Processing /home/airflow/.local/lib/python3.8/site-packages/airflow/example_dags/example_skip_dag.py took 0.044 seconds
[2024-09-13T02:42:48.521+0000] {processor.py:161} INFO - Started process (PID=2315) to work on /home/airflow/.local/lib/python3.8/site-packages/airflow/example_dags/example_skip_dag.py
[2024-09-13T02:42:48.522+0000] {processor.py:830} INFO - Processing file /home/airflow/.local/lib/python3.8/site-packages/airflow/example_dags/example_skip_dag.py for tasks to queue
[2024-09-13T02:42:48.523+0000] {logging_mixin.py:188} INFO - [2024-09-13T02:42:48.523+0000] {dagbag.py:538} INFO - Filling up the DagBag from /home/airflow/.local/lib/python3.8/site-packages/airflow/example_dags/example_skip_dag.py
[2024-09-13T02:42:48.527+0000] {processor.py:840} INFO - DAG(s) 'example_skip_dag' retrieved from /home/airflow/.local/lib/python3.8/site-packages/airflow/example_dags/example_skip_dag.py
[2024-09-13T02:42:48.539+0000] {logging_mixin.py:188} INFO - [2024-09-13T02:42:48.539+0000] {dag.py:3036} INFO - Sync 1 DAGs
[2024-09-13T02:42:48.551+0000] {logging_mixin.py:188} INFO - [2024-09-13T02:42:48.551+0000] {dag.py:3823} INFO - Setting next_dagrun for example_skip_dag to 2024-09-12 00:00:00+00:00, run_after=2024-09-13 00:00:00+00:00
[2024-09-13T02:42:48.561+0000] {processor.py:183} INFO - Processing /home/airflow/.local/lib/python3.8/site-packages/airflow/example_dags/example_skip_dag.py took 0.042 seconds
[2024-09-13T02:43:19.568+0000] {processor.py:161} INFO - Started process (PID=2562) to work on /home/airflow/.local/lib/python3.8/site-packages/airflow/example_dags/example_skip_dag.py
[2024-09-13T02:43:19.569+0000] {processor.py:830} INFO - Processing file /home/airflow/.local/lib/python3.8/site-packages/airflow/example_dags/example_skip_dag.py for tasks to queue
[2024-09-13T02:43:19.570+0000] {logging_mixin.py:188} INFO - [2024-09-13T02:43:19.570+0000] {dagbag.py:538} INFO - Filling up the DagBag from /home/airflow/.local/lib/python3.8/site-packages/airflow/example_dags/example_skip_dag.py
[2024-09-13T02:43:19.575+0000] {processor.py:840} INFO - DAG(s) 'example_skip_dag' retrieved from /home/airflow/.local/lib/python3.8/site-packages/airflow/example_dags/example_skip_dag.py
[2024-09-13T02:43:19.589+0000] {logging_mixin.py:188} INFO - [2024-09-13T02:43:19.589+0000] {dag.py:3036} INFO - Sync 1 DAGs
[2024-09-13T02:43:19.608+0000] {logging_mixin.py:188} INFO - [2024-09-13T02:43:19.608+0000] {dag.py:3823} INFO - Setting next_dagrun for example_skip_dag to 2024-09-12 00:00:00+00:00, run_after=2024-09-13 00:00:00+00:00
[2024-09-13T02:43:19.624+0000] {processor.py:183} INFO - Processing /home/airflow/.local/lib/python3.8/site-packages/airflow/example_dags/example_skip_dag.py took 0.058 seconds
[2024-09-13T02:43:50.273+0000] {processor.py:161} INFO - Started process (PID=2809) to work on /home/airflow/.local/lib/python3.8/site-packages/airflow/example_dags/example_skip_dag.py
[2024-09-13T02:43:50.274+0000] {processor.py:830} INFO - Processing file /home/airflow/.local/lib/python3.8/site-packages/airflow/example_dags/example_skip_dag.py for tasks to queue
[2024-09-13T02:43:50.275+0000] {logging_mixin.py:188} INFO - [2024-09-13T02:43:50.275+0000] {dagbag.py:538} INFO - Filling up the DagBag from /home/airflow/.local/lib/python3.8/site-packages/airflow/example_dags/example_skip_dag.py
[2024-09-13T02:43:50.282+0000] {processor.py:840} INFO - DAG(s) 'example_skip_dag' retrieved from /home/airflow/.local/lib/python3.8/site-packages/airflow/example_dags/example_skip_dag.py
[2024-09-13T02:43:50.299+0000] {logging_mixin.py:188} INFO - [2024-09-13T02:43:50.298+0000] {dag.py:3036} INFO - Sync 1 DAGs
[2024-09-13T02:43:50.314+0000] {logging_mixin.py:188} INFO - [2024-09-13T02:43:50.314+0000] {dag.py:3823} INFO - Setting next_dagrun for example_skip_dag to 2024-09-12 00:00:00+00:00, run_after=2024-09-13 00:00:00+00:00
[2024-09-13T02:43:50.329+0000] {processor.py:183} INFO - Processing /home/airflow/.local/lib/python3.8/site-packages/airflow/example_dags/example_skip_dag.py took 0.059 seconds
[2024-09-13T02:44:21.010+0000] {processor.py:161} INFO - Started process (PID=3056) to work on /home/airflow/.local/lib/python3.8/site-packages/airflow/example_dags/example_skip_dag.py
[2024-09-13T02:44:21.011+0000] {processor.py:830} INFO - Processing file /home/airflow/.local/lib/python3.8/site-packages/airflow/example_dags/example_skip_dag.py for tasks to queue
[2024-09-13T02:44:21.011+0000] {logging_mixin.py:188} INFO - [2024-09-13T02:44:21.011+0000] {dagbag.py:538} INFO - Filling up the DagBag from /home/airflow/.local/lib/python3.8/site-packages/airflow/example_dags/example_skip_dag.py
[2024-09-13T02:44:21.016+0000] {processor.py:840} INFO - DAG(s) 'example_skip_dag' retrieved from /home/airflow/.local/lib/python3.8/site-packages/airflow/example_dags/example_skip_dag.py
[2024-09-13T02:44:21.031+0000] {logging_mixin.py:188} INFO - [2024-09-13T02:44:21.031+0000] {dag.py:3036} INFO - Sync 1 DAGs
[2024-09-13T02:44:21.045+0000] {logging_mixin.py:188} INFO - [2024-09-13T02:44:21.044+0000] {dag.py:3823} INFO - Setting next_dagrun for example_skip_dag to 2024-09-12 00:00:00+00:00, run_after=2024-09-13 00:00:00+00:00
[2024-09-13T02:44:21.055+0000] {processor.py:183} INFO - Processing /home/airflow/.local/lib/python3.8/site-packages/airflow/example_dags/example_skip_dag.py took 0.049 seconds
[2024-09-13T02:44:51.749+0000] {processor.py:161} INFO - Started process (PID=3303) to work on /home/airflow/.local/lib/python3.8/site-packages/airflow/example_dags/example_skip_dag.py
[2024-09-13T02:44:51.750+0000] {processor.py:830} INFO - Processing file /home/airflow/.local/lib/python3.8/site-packages/airflow/example_dags/example_skip_dag.py for tasks to queue
[2024-09-13T02:44:51.750+0000] {logging_mixin.py:188} INFO - [2024-09-13T02:44:51.750+0000] {dagbag.py:538} INFO - Filling up the DagBag from /home/airflow/.local/lib/python3.8/site-packages/airflow/example_dags/example_skip_dag.py
[2024-09-13T02:44:51.755+0000] {processor.py:840} INFO - DAG(s) 'example_skip_dag' retrieved from /home/airflow/.local/lib/python3.8/site-packages/airflow/example_dags/example_skip_dag.py
[2024-09-13T02:44:51.767+0000] {logging_mixin.py:188} INFO - [2024-09-13T02:44:51.767+0000] {dag.py:3036} INFO - Sync 1 DAGs
[2024-09-13T02:44:51.779+0000] {logging_mixin.py:188} INFO - [2024-09-13T02:44:51.779+0000] {dag.py:3823} INFO - Setting next_dagrun for example_skip_dag to 2024-09-12 00:00:00+00:00, run_after=2024-09-13 00:00:00+00:00
[2024-09-13T02:44:51.789+0000] {processor.py:183} INFO - Processing /home/airflow/.local/lib/python3.8/site-packages/airflow/example_dags/example_skip_dag.py took 0.043 seconds
[2024-09-13T02:45:22.476+0000] {processor.py:161} INFO - Started process (PID=3550) to work on /home/airflow/.local/lib/python3.8/site-packages/airflow/example_dags/example_skip_dag.py
[2024-09-13T02:45:22.477+0000] {processor.py:830} INFO - Processing file /home/airflow/.local/lib/python3.8/site-packages/airflow/example_dags/example_skip_dag.py for tasks to queue
[2024-09-13T02:45:22.478+0000] {logging_mixin.py:188} INFO - [2024-09-13T02:45:22.478+0000] {dagbag.py:538} INFO - Filling up the DagBag from /home/airflow/.local/lib/python3.8/site-packages/airflow/example_dags/example_skip_dag.py
[2024-09-13T02:45:22.484+0000] {processor.py:840} INFO - DAG(s) 'example_skip_dag' retrieved from /home/airflow/.local/lib/python3.8/site-packages/airflow/example_dags/example_skip_dag.py
[2024-09-13T02:45:22.497+0000] {logging_mixin.py:188} INFO - [2024-09-13T02:45:22.497+0000] {dag.py:3036} INFO - Sync 1 DAGs
[2024-09-13T02:45:22.510+0000] {logging_mixin.py:188} INFO - [2024-09-13T02:45:22.510+0000] {dag.py:3823} INFO - Setting next_dagrun for example_skip_dag to 2024-09-12 00:00:00+00:00, run_after=2024-09-13 00:00:00+00:00
[2024-09-13T02:45:22.526+0000] {processor.py:183} INFO - Processing /home/airflow/.local/lib/python3.8/site-packages/airflow/example_dags/example_skip_dag.py took 0.052 seconds
[2024-09-13T02:45:52.704+0000] {processor.py:161} INFO - Started process (PID=3797) to work on /home/airflow/.local/lib/python3.8/site-packages/airflow/example_dags/example_skip_dag.py
[2024-09-13T02:45:52.704+0000] {processor.py:830} INFO - Processing file /home/airflow/.local/lib/python3.8/site-packages/airflow/example_dags/example_skip_dag.py for tasks to queue
[2024-09-13T02:45:52.705+0000] {logging_mixin.py:188} INFO - [2024-09-13T02:45:52.705+0000] {dagbag.py:538} INFO - Filling up the DagBag from /home/airflow/.local/lib/python3.8/site-packages/airflow/example_dags/example_skip_dag.py
[2024-09-13T02:45:52.709+0000] {processor.py:840} INFO - DAG(s) 'example_skip_dag' retrieved from /home/airflow/.local/lib/python3.8/site-packages/airflow/example_dags/example_skip_dag.py
[2024-09-13T02:45:52.724+0000] {logging_mixin.py:188} INFO - [2024-09-13T02:45:52.724+0000] {dag.py:3036} INFO - Sync 1 DAGs
[2024-09-13T02:45:52.740+0000] {logging_mixin.py:188} INFO - [2024-09-13T02:45:52.739+0000] {dag.py:3823} INFO - Setting next_dagrun for example_skip_dag to 2024-09-12 00:00:00+00:00, run_after=2024-09-13 00:00:00+00:00
[2024-09-13T02:45:52.752+0000] {processor.py:183} INFO - Processing /home/airflow/.local/lib/python3.8/site-packages/airflow/example_dags/example_skip_dag.py took 0.051 seconds
[2024-09-13T02:46:22.813+0000] {processor.py:161} INFO - Started process (PID=4044) to work on /home/airflow/.local/lib/python3.8/site-packages/airflow/example_dags/example_skip_dag.py
[2024-09-13T02:46:22.813+0000] {processor.py:830} INFO - Processing file /home/airflow/.local/lib/python3.8/site-packages/airflow/example_dags/example_skip_dag.py for tasks to queue
[2024-09-13T02:46:22.814+0000] {logging_mixin.py:188} INFO - [2024-09-13T02:46:22.814+0000] {dagbag.py:538} INFO - Filling up the DagBag from /home/airflow/.local/lib/python3.8/site-packages/airflow/example_dags/example_skip_dag.py
[2024-09-13T02:46:22.819+0000] {processor.py:840} INFO - DAG(s) 'example_skip_dag' retrieved from /home/airflow/.local/lib/python3.8/site-packages/airflow/example_dags/example_skip_dag.py
[2024-09-13T02:46:22.834+0000] {logging_mixin.py:188} INFO - [2024-09-13T02:46:22.834+0000] {dag.py:3036} INFO - Sync 1 DAGs
[2024-09-13T02:46:22.851+0000] {logging_mixin.py:188} INFO - [2024-09-13T02:46:22.851+0000] {dag.py:3823} INFO - Setting next_dagrun for example_skip_dag to 2024-09-12 00:00:00+00:00, run_after=2024-09-13 00:00:00+00:00
[2024-09-13T02:46:22.873+0000] {processor.py:183} INFO - Processing /home/airflow/.local/lib/python3.8/site-packages/airflow/example_dags/example_skip_dag.py took 0.062 seconds
[2024-09-13T02:46:53.110+0000] {processor.py:161} INFO - Started process (PID=4291) to work on /home/airflow/.local/lib/python3.8/site-packages/airflow/example_dags/example_skip_dag.py
[2024-09-13T02:46:53.111+0000] {processor.py:830} INFO - Processing file /home/airflow/.local/lib/python3.8/site-packages/airflow/example_dags/example_skip_dag.py for tasks to queue
[2024-09-13T02:46:53.112+0000] {logging_mixin.py:188} INFO - [2024-09-13T02:46:53.112+0000] {dagbag.py:538} INFO - Filling up the DagBag from /home/airflow/.local/lib/python3.8/site-packages/airflow/example_dags/example_skip_dag.py
[2024-09-13T02:46:53.117+0000] {processor.py:840} INFO - DAG(s) 'example_skip_dag' retrieved from /home/airflow/.local/lib/python3.8/site-packages/airflow/example_dags/example_skip_dag.py
[2024-09-13T02:46:53.131+0000] {logging_mixin.py:188} INFO - [2024-09-13T02:46:53.131+0000] {dag.py:3036} INFO - Sync 1 DAGs
[2024-09-13T02:46:53.143+0000] {logging_mixin.py:188} INFO - [2024-09-13T02:46:53.143+0000] {dag.py:3823} INFO - Setting next_dagrun for example_skip_dag to 2024-09-12 00:00:00+00:00, run_after=2024-09-13 00:00:00+00:00
[2024-09-13T02:46:53.152+0000] {processor.py:183} INFO - Processing /home/airflow/.local/lib/python3.8/site-packages/airflow/example_dags/example_skip_dag.py took 0.044 seconds
[2024-09-13T02:47:23.811+0000] {processor.py:161} INFO - Started process (PID=4538) to work on /home/airflow/.local/lib/python3.8/site-packages/airflow/example_dags/example_skip_dag.py
[2024-09-13T02:47:23.812+0000] {processor.py:830} INFO - Processing file /home/airflow/.local/lib/python3.8/site-packages/airflow/example_dags/example_skip_dag.py for tasks to queue
[2024-09-13T02:47:23.813+0000] {logging_mixin.py:188} INFO - [2024-09-13T02:47:23.813+0000] {dagbag.py:538} INFO - Filling up the DagBag from /home/airflow/.local/lib/python3.8/site-packages/airflow/example_dags/example_skip_dag.py
[2024-09-13T02:47:23.818+0000] {processor.py:840} INFO - DAG(s) 'example_skip_dag' retrieved from /home/airflow/.local/lib/python3.8/site-packages/airflow/example_dags/example_skip_dag.py
[2024-09-13T02:47:23.834+0000] {logging_mixin.py:188} INFO - [2024-09-13T02:47:23.833+0000] {dag.py:3036} INFO - Sync 1 DAGs
[2024-09-13T02:47:23.847+0000] {logging_mixin.py:188} INFO - [2024-09-13T02:47:23.847+0000] {dag.py:3823} INFO - Setting next_dagrun for example_skip_dag to 2024-09-12 00:00:00+00:00, run_after=2024-09-13 00:00:00+00:00
[2024-09-13T02:47:23.858+0000] {processor.py:183} INFO - Processing /home/airflow/.local/lib/python3.8/site-packages/airflow/example_dags/example_skip_dag.py took 0.050 seconds
[2024-09-13T02:47:55.105+0000] {processor.py:161} INFO - Started process (PID=4785) to work on /home/airflow/.local/lib/python3.8/site-packages/airflow/example_dags/example_skip_dag.py
[2024-09-13T02:47:55.106+0000] {processor.py:830} INFO - Processing file /home/airflow/.local/lib/python3.8/site-packages/airflow/example_dags/example_skip_dag.py for tasks to queue
[2024-09-13T02:47:55.107+0000] {logging_mixin.py:188} INFO - [2024-09-13T02:47:55.107+0000] {dagbag.py:538} INFO - Filling up the DagBag from /home/airflow/.local/lib/python3.8/site-packages/airflow/example_dags/example_skip_dag.py
[2024-09-13T02:47:55.111+0000] {processor.py:840} INFO - DAG(s) 'example_skip_dag' retrieved from /home/airflow/.local/lib/python3.8/site-packages/airflow/example_dags/example_skip_dag.py
[2024-09-13T02:47:55.124+0000] {logging_mixin.py:188} INFO - [2024-09-13T02:47:55.124+0000] {dag.py:3036} INFO - Sync 1 DAGs
[2024-09-13T02:47:55.136+0000] {logging_mixin.py:188} INFO - [2024-09-13T02:47:55.135+0000] {dag.py:3823} INFO - Setting next_dagrun for example_skip_dag to 2024-09-12 00:00:00+00:00, run_after=2024-09-13 00:00:00+00:00
[2024-09-13T02:47:55.146+0000] {processor.py:183} INFO - Processing /home/airflow/.local/lib/python3.8/site-packages/airflow/example_dags/example_skip_dag.py took 0.043 seconds
[2024-09-13T02:48:26.112+0000] {processor.py:161} INFO - Started process (PID=5032) to work on /home/airflow/.local/lib/python3.8/site-packages/airflow/example_dags/example_skip_dag.py
[2024-09-13T02:48:26.113+0000] {processor.py:830} INFO - Processing file /home/airflow/.local/lib/python3.8/site-packages/airflow/example_dags/example_skip_dag.py for tasks to queue
[2024-09-13T02:48:26.114+0000] {logging_mixin.py:188} INFO - [2024-09-13T02:48:26.114+0000] {dagbag.py:538} INFO - Filling up the DagBag from /home/airflow/.local/lib/python3.8/site-packages/airflow/example_dags/example_skip_dag.py
[2024-09-13T02:48:26.119+0000] {processor.py:840} INFO - DAG(s) 'example_skip_dag' retrieved from /home/airflow/.local/lib/python3.8/site-packages/airflow/example_dags/example_skip_dag.py
[2024-09-13T02:48:26.133+0000] {logging_mixin.py:188} INFO - [2024-09-13T02:48:26.133+0000] {dag.py:3036} INFO - Sync 1 DAGs
[2024-09-13T02:48:26.146+0000] {logging_mixin.py:188} INFO - [2024-09-13T02:48:26.146+0000] {dag.py:3823} INFO - Setting next_dagrun for example_skip_dag to 2024-09-12 00:00:00+00:00, run_after=2024-09-13 00:00:00+00:00
[2024-09-13T02:48:26.159+0000] {processor.py:183} INFO - Processing /home/airflow/.local/lib/python3.8/site-packages/airflow/example_dags/example_skip_dag.py took 0.049 seconds
[2024-09-13T02:48:56.953+0000] {processor.py:161} INFO - Started process (PID=5279) to work on /home/airflow/.local/lib/python3.8/site-packages/airflow/example_dags/example_skip_dag.py
[2024-09-13T02:48:56.954+0000] {processor.py:830} INFO - Processing file /home/airflow/.local/lib/python3.8/site-packages/airflow/example_dags/example_skip_dag.py for tasks to queue
[2024-09-13T02:48:56.955+0000] {logging_mixin.py:188} INFO - [2024-09-13T02:48:56.954+0000] {dagbag.py:538} INFO - Filling up the DagBag from /home/airflow/.local/lib/python3.8/site-packages/airflow/example_dags/example_skip_dag.py
[2024-09-13T02:48:56.959+0000] {processor.py:840} INFO - DAG(s) 'example_skip_dag' retrieved from /home/airflow/.local/lib/python3.8/site-packages/airflow/example_dags/example_skip_dag.py
[2024-09-13T02:48:56.971+0000] {logging_mixin.py:188} INFO - [2024-09-13T02:48:56.971+0000] {dag.py:3036} INFO - Sync 1 DAGs
[2024-09-13T02:48:56.982+0000] {logging_mixin.py:188} INFO - [2024-09-13T02:48:56.982+0000] {dag.py:3823} INFO - Setting next_dagrun for example_skip_dag to 2024-09-12 00:00:00+00:00, run_after=2024-09-13 00:00:00+00:00
[2024-09-13T02:48:56.992+0000] {processor.py:183} INFO - Processing /home/airflow/.local/lib/python3.8/site-packages/airflow/example_dags/example_skip_dag.py took 0.041 seconds
[2024-09-13T02:49:27.671+0000] {processor.py:161} INFO - Started process (PID=5526) to work on /home/airflow/.local/lib/python3.8/site-packages/airflow/example_dags/example_skip_dag.py
[2024-09-13T02:49:27.672+0000] {processor.py:830} INFO - Processing file /home/airflow/.local/lib/python3.8/site-packages/airflow/example_dags/example_skip_dag.py for tasks to queue
[2024-09-13T02:49:27.673+0000] {logging_mixin.py:188} INFO - [2024-09-13T02:49:27.673+0000] {dagbag.py:538} INFO - Filling up the DagBag from /home/airflow/.local/lib/python3.8/site-packages/airflow/example_dags/example_skip_dag.py
[2024-09-13T02:49:27.677+0000] {processor.py:840} INFO - DAG(s) 'example_skip_dag' retrieved from /home/airflow/.local/lib/python3.8/site-packages/airflow/example_dags/example_skip_dag.py
[2024-09-13T02:49:27.690+0000] {logging_mixin.py:188} INFO - [2024-09-13T02:49:27.690+0000] {dag.py:3036} INFO - Sync 1 DAGs
[2024-09-13T02:49:27.702+0000] {logging_mixin.py:188} INFO - [2024-09-13T02:49:27.702+0000] {dag.py:3823} INFO - Setting next_dagrun for example_skip_dag to 2024-09-12 00:00:00+00:00, run_after=2024-09-13 00:00:00+00:00
[2024-09-13T02:49:27.711+0000] {processor.py:183} INFO - Processing /home/airflow/.local/lib/python3.8/site-packages/airflow/example_dags/example_skip_dag.py took 0.041 seconds
[2024-09-13T02:49:57.875+0000] {processor.py:161} INFO - Started process (PID=5773) to work on /home/airflow/.local/lib/python3.8/site-packages/airflow/example_dags/example_skip_dag.py
[2024-09-13T02:49:57.876+0000] {processor.py:830} INFO - Processing file /home/airflow/.local/lib/python3.8/site-packages/airflow/example_dags/example_skip_dag.py for tasks to queue
[2024-09-13T02:49:57.877+0000] {logging_mixin.py:188} INFO - [2024-09-13T02:49:57.877+0000] {dagbag.py:538} INFO - Filling up the DagBag from /home/airflow/.local/lib/python3.8/site-packages/airflow/example_dags/example_skip_dag.py
[2024-09-13T02:49:57.881+0000] {processor.py:840} INFO - DAG(s) 'example_skip_dag' retrieved from /home/airflow/.local/lib/python3.8/site-packages/airflow/example_dags/example_skip_dag.py
[2024-09-13T02:49:57.893+0000] {logging_mixin.py:188} INFO - [2024-09-13T02:49:57.893+0000] {dag.py:3036} INFO - Sync 1 DAGs
[2024-09-13T02:49:57.904+0000] {logging_mixin.py:188} INFO - [2024-09-13T02:49:57.904+0000] {dag.py:3823} INFO - Setting next_dagrun for example_skip_dag to 2024-09-12 00:00:00+00:00, run_after=2024-09-13 00:00:00+00:00
[2024-09-13T02:49:57.914+0000] {processor.py:183} INFO - Processing /home/airflow/.local/lib/python3.8/site-packages/airflow/example_dags/example_skip_dag.py took 0.041 seconds
[2024-09-13T02:50:28.577+0000] {processor.py:161} INFO - Started process (PID=6020) to work on /home/airflow/.local/lib/python3.8/site-packages/airflow/example_dags/example_skip_dag.py
[2024-09-13T02:50:28.578+0000] {processor.py:830} INFO - Processing file /home/airflow/.local/lib/python3.8/site-packages/airflow/example_dags/example_skip_dag.py for tasks to queue
[2024-09-13T02:50:28.579+0000] {logging_mixin.py:188} INFO - [2024-09-13T02:50:28.578+0000] {dagbag.py:538} INFO - Filling up the DagBag from /home/airflow/.local/lib/python3.8/site-packages/airflow/example_dags/example_skip_dag.py
[2024-09-13T02:50:28.583+0000] {processor.py:840} INFO - DAG(s) 'example_skip_dag' retrieved from /home/airflow/.local/lib/python3.8/site-packages/airflow/example_dags/example_skip_dag.py
[2024-09-13T02:50:28.595+0000] {logging_mixin.py:188} INFO - [2024-09-13T02:50:28.595+0000] {dag.py:3036} INFO - Sync 1 DAGs
[2024-09-13T02:50:28.606+0000] {logging_mixin.py:188} INFO - [2024-09-13T02:50:28.606+0000] {dag.py:3823} INFO - Setting next_dagrun for example_skip_dag to 2024-09-12 00:00:00+00:00, run_after=2024-09-13 00:00:00+00:00
[2024-09-13T02:50:28.616+0000] {processor.py:183} INFO - Processing /home/airflow/.local/lib/python3.8/site-packages/airflow/example_dags/example_skip_dag.py took 0.040 seconds
[2024-09-13T02:50:59.289+0000] {processor.py:161} INFO - Started process (PID=6267) to work on /home/airflow/.local/lib/python3.8/site-packages/airflow/example_dags/example_skip_dag.py
[2024-09-13T02:50:59.290+0000] {processor.py:830} INFO - Processing file /home/airflow/.local/lib/python3.8/site-packages/airflow/example_dags/example_skip_dag.py for tasks to queue
[2024-09-13T02:50:59.290+0000] {logging_mixin.py:188} INFO - [2024-09-13T02:50:59.290+0000] {dagbag.py:538} INFO - Filling up the DagBag from /home/airflow/.local/lib/python3.8/site-packages/airflow/example_dags/example_skip_dag.py
[2024-09-13T02:50:59.294+0000] {processor.py:840} INFO - DAG(s) 'example_skip_dag' retrieved from /home/airflow/.local/lib/python3.8/site-packages/airflow/example_dags/example_skip_dag.py
[2024-09-13T02:50:59.306+0000] {logging_mixin.py:188} INFO - [2024-09-13T02:50:59.306+0000] {dag.py:3036} INFO - Sync 1 DAGs
[2024-09-13T02:50:59.317+0000] {logging_mixin.py:188} INFO - [2024-09-13T02:50:59.317+0000] {dag.py:3823} INFO - Setting next_dagrun for example_skip_dag to 2024-09-12 00:00:00+00:00, run_after=2024-09-13 00:00:00+00:00
[2024-09-13T02:50:59.327+0000] {processor.py:183} INFO - Processing /home/airflow/.local/lib/python3.8/site-packages/airflow/example_dags/example_skip_dag.py took 0.040 seconds
[2024-09-13T02:51:29.980+0000] {processor.py:161} INFO - Started process (PID=6514) to work on /home/airflow/.local/lib/python3.8/site-packages/airflow/example_dags/example_skip_dag.py
[2024-09-13T02:51:29.981+0000] {processor.py:830} INFO - Processing file /home/airflow/.local/lib/python3.8/site-packages/airflow/example_dags/example_skip_dag.py for tasks to queue
[2024-09-13T02:51:29.981+0000] {logging_mixin.py:188} INFO - [2024-09-13T02:51:29.981+0000] {dagbag.py:538} INFO - Filling up the DagBag from /home/airflow/.local/lib/python3.8/site-packages/airflow/example_dags/example_skip_dag.py
[2024-09-13T02:51:29.985+0000] {processor.py:840} INFO - DAG(s) 'example_skip_dag' retrieved from /home/airflow/.local/lib/python3.8/site-packages/airflow/example_dags/example_skip_dag.py
[2024-09-13T02:51:29.997+0000] {logging_mixin.py:188} INFO - [2024-09-13T02:51:29.997+0000] {dag.py:3036} INFO - Sync 1 DAGs
[2024-09-13T02:51:30.010+0000] {logging_mixin.py:188} INFO - [2024-09-13T02:51:30.010+0000] {dag.py:3823} INFO - Setting next_dagrun for example_skip_dag to 2024-09-12 00:00:00+00:00, run_after=2024-09-13 00:00:00+00:00
[2024-09-13T02:51:30.023+0000] {processor.py:183} INFO - Processing /home/airflow/.local/lib/python3.8/site-packages/airflow/example_dags/example_skip_dag.py took 0.045 seconds
[2024-09-13T02:52:00.779+0000] {processor.py:161} INFO - Started process (PID=6761) to work on /home/airflow/.local/lib/python3.8/site-packages/airflow/example_dags/example_skip_dag.py
[2024-09-13T02:52:00.779+0000] {processor.py:830} INFO - Processing file /home/airflow/.local/lib/python3.8/site-packages/airflow/example_dags/example_skip_dag.py for tasks to queue
[2024-09-13T02:52:00.780+0000] {logging_mixin.py:188} INFO - [2024-09-13T02:52:00.780+0000] {dagbag.py:538} INFO - Filling up the DagBag from /home/airflow/.local/lib/python3.8/site-packages/airflow/example_dags/example_skip_dag.py
[2024-09-13T02:52:00.785+0000] {processor.py:840} INFO - DAG(s) 'example_skip_dag' retrieved from /home/airflow/.local/lib/python3.8/site-packages/airflow/example_dags/example_skip_dag.py
[2024-09-13T02:52:00.798+0000] {logging_mixin.py:188} INFO - [2024-09-13T02:52:00.798+0000] {dag.py:3036} INFO - Sync 1 DAGs
[2024-09-13T02:52:00.810+0000] {logging_mixin.py:188} INFO - [2024-09-13T02:52:00.810+0000] {dag.py:3823} INFO - Setting next_dagrun for example_skip_dag to 2024-09-12 00:00:00+00:00, run_after=2024-09-13 00:00:00+00:00
[2024-09-13T02:52:00.821+0000] {processor.py:183} INFO - Processing /home/airflow/.local/lib/python3.8/site-packages/airflow/example_dags/example_skip_dag.py took 0.044 seconds
[2024-09-13T02:52:31.119+0000] {processor.py:161} INFO - Started process (PID=7008) to work on /home/airflow/.local/lib/python3.8/site-packages/airflow/example_dags/example_skip_dag.py
[2024-09-13T02:52:31.120+0000] {processor.py:830} INFO - Processing file /home/airflow/.local/lib/python3.8/site-packages/airflow/example_dags/example_skip_dag.py for tasks to queue
[2024-09-13T02:52:31.121+0000] {logging_mixin.py:188} INFO - [2024-09-13T02:52:31.121+0000] {dagbag.py:538} INFO - Filling up the DagBag from /home/airflow/.local/lib/python3.8/site-packages/airflow/example_dags/example_skip_dag.py
[2024-09-13T02:52:31.126+0000] {processor.py:840} INFO - DAG(s) 'example_skip_dag' retrieved from /home/airflow/.local/lib/python3.8/site-packages/airflow/example_dags/example_skip_dag.py
[2024-09-13T02:52:31.141+0000] {logging_mixin.py:188} INFO - [2024-09-13T02:52:31.141+0000] {dag.py:3036} INFO - Sync 1 DAGs
[2024-09-13T02:52:31.160+0000] {logging_mixin.py:188} INFO - [2024-09-13T02:52:31.160+0000] {dag.py:3823} INFO - Setting next_dagrun for example_skip_dag to 2024-09-12 00:00:00+00:00, run_after=2024-09-13 00:00:00+00:00
[2024-09-13T02:52:31.179+0000] {processor.py:183} INFO - Processing /home/airflow/.local/lib/python3.8/site-packages/airflow/example_dags/example_skip_dag.py took 0.063 seconds
[2024-09-13T02:53:01.941+0000] {processor.py:161} INFO - Started process (PID=7255) to work on /home/airflow/.local/lib/python3.8/site-packages/airflow/example_dags/example_skip_dag.py
[2024-09-13T02:53:01.942+0000] {processor.py:830} INFO - Processing file /home/airflow/.local/lib/python3.8/site-packages/airflow/example_dags/example_skip_dag.py for tasks to queue
[2024-09-13T02:53:01.943+0000] {logging_mixin.py:188} INFO - [2024-09-13T02:53:01.943+0000] {dagbag.py:538} INFO - Filling up the DagBag from /home/airflow/.local/lib/python3.8/site-packages/airflow/example_dags/example_skip_dag.py
[2024-09-13T02:53:01.947+0000] {processor.py:840} INFO - DAG(s) 'example_skip_dag' retrieved from /home/airflow/.local/lib/python3.8/site-packages/airflow/example_dags/example_skip_dag.py
[2024-09-13T02:53:01.960+0000] {logging_mixin.py:188} INFO - [2024-09-13T02:53:01.960+0000] {dag.py:3036} INFO - Sync 1 DAGs
[2024-09-13T02:53:01.972+0000] {logging_mixin.py:188} INFO - [2024-09-13T02:53:01.972+0000] {dag.py:3823} INFO - Setting next_dagrun for example_skip_dag to 2024-09-12 00:00:00+00:00, run_after=2024-09-13 00:00:00+00:00
[2024-09-13T02:53:01.984+0000] {processor.py:183} INFO - Processing /home/airflow/.local/lib/python3.8/site-packages/airflow/example_dags/example_skip_dag.py took 0.045 seconds
[2024-09-13T02:53:32.390+0000] {processor.py:161} INFO - Started process (PID=7502) to work on /home/airflow/.local/lib/python3.8/site-packages/airflow/example_dags/example_skip_dag.py
[2024-09-13T02:53:32.391+0000] {processor.py:830} INFO - Processing file /home/airflow/.local/lib/python3.8/site-packages/airflow/example_dags/example_skip_dag.py for tasks to queue
[2024-09-13T02:53:32.391+0000] {logging_mixin.py:188} INFO - [2024-09-13T02:53:32.391+0000] {dagbag.py:538} INFO - Filling up the DagBag from /home/airflow/.local/lib/python3.8/site-packages/airflow/example_dags/example_skip_dag.py
[2024-09-13T02:53:32.396+0000] {processor.py:840} INFO - DAG(s) 'example_skip_dag' retrieved from /home/airflow/.local/lib/python3.8/site-packages/airflow/example_dags/example_skip_dag.py
[2024-09-13T02:53:32.408+0000] {logging_mixin.py:188} INFO - [2024-09-13T02:53:32.408+0000] {dag.py:3036} INFO - Sync 1 DAGs
[2024-09-13T02:53:32.421+0000] {logging_mixin.py:188} INFO - [2024-09-13T02:53:32.421+0000] {dag.py:3823} INFO - Setting next_dagrun for example_skip_dag to 2024-09-12 00:00:00+00:00, run_after=2024-09-13 00:00:00+00:00
[2024-09-13T02:53:32.433+0000] {processor.py:183} INFO - Processing /home/airflow/.local/lib/python3.8/site-packages/airflow/example_dags/example_skip_dag.py took 0.045 seconds
[2024-09-13T02:54:03.366+0000] {processor.py:161} INFO - Started process (PID=7749) to work on /home/airflow/.local/lib/python3.8/site-packages/airflow/example_dags/example_skip_dag.py
[2024-09-13T02:54:03.367+0000] {processor.py:830} INFO - Processing file /home/airflow/.local/lib/python3.8/site-packages/airflow/example_dags/example_skip_dag.py for tasks to queue
[2024-09-13T02:54:03.368+0000] {logging_mixin.py:188} INFO - [2024-09-13T02:54:03.368+0000] {dagbag.py:538} INFO - Filling up the DagBag from /home/airflow/.local/lib/python3.8/site-packages/airflow/example_dags/example_skip_dag.py
[2024-09-13T02:54:03.373+0000] {processor.py:840} INFO - DAG(s) 'example_skip_dag' retrieved from /home/airflow/.local/lib/python3.8/site-packages/airflow/example_dags/example_skip_dag.py
[2024-09-13T02:54:03.385+0000] {logging_mixin.py:188} INFO - [2024-09-13T02:54:03.385+0000] {dag.py:3036} INFO - Sync 1 DAGs
[2024-09-13T02:54:03.397+0000] {logging_mixin.py:188} INFO - [2024-09-13T02:54:03.397+0000] {dag.py:3823} INFO - Setting next_dagrun for example_skip_dag to 2024-09-12 00:00:00+00:00, run_after=2024-09-13 00:00:00+00:00
[2024-09-13T02:54:03.408+0000] {processor.py:183} INFO - Processing /home/airflow/.local/lib/python3.8/site-packages/airflow/example_dags/example_skip_dag.py took 0.044 seconds
[2024-09-13T02:54:33.520+0000] {processor.py:161} INFO - Started process (PID=7996) to work on /home/airflow/.local/lib/python3.8/site-packages/airflow/example_dags/example_skip_dag.py
[2024-09-13T02:54:33.521+0000] {processor.py:830} INFO - Processing file /home/airflow/.local/lib/python3.8/site-packages/airflow/example_dags/example_skip_dag.py for tasks to queue
[2024-09-13T02:54:33.521+0000] {logging_mixin.py:188} INFO - [2024-09-13T02:54:33.521+0000] {dagbag.py:538} INFO - Filling up the DagBag from /home/airflow/.local/lib/python3.8/site-packages/airflow/example_dags/example_skip_dag.py
[2024-09-13T02:54:33.527+0000] {processor.py:840} INFO - DAG(s) 'example_skip_dag' retrieved from /home/airflow/.local/lib/python3.8/site-packages/airflow/example_dags/example_skip_dag.py
[2024-09-13T02:54:33.541+0000] {logging_mixin.py:188} INFO - [2024-09-13T02:54:33.541+0000] {dag.py:3036} INFO - Sync 1 DAGs
[2024-09-13T02:54:33.554+0000] {logging_mixin.py:188} INFO - [2024-09-13T02:54:33.554+0000] {dag.py:3823} INFO - Setting next_dagrun for example_skip_dag to 2024-09-12 00:00:00+00:00, run_after=2024-09-13 00:00:00+00:00
[2024-09-13T02:54:33.567+0000] {processor.py:183} INFO - Processing /home/airflow/.local/lib/python3.8/site-packages/airflow/example_dags/example_skip_dag.py took 0.049 seconds
[2024-09-13T02:55:03.684+0000] {processor.py:161} INFO - Started process (PID=8243) to work on /home/airflow/.local/lib/python3.8/site-packages/airflow/example_dags/example_skip_dag.py
[2024-09-13T02:55:03.685+0000] {processor.py:830} INFO - Processing file /home/airflow/.local/lib/python3.8/site-packages/airflow/example_dags/example_skip_dag.py for tasks to queue
[2024-09-13T02:55:03.685+0000] {logging_mixin.py:188} INFO - [2024-09-13T02:55:03.685+0000] {dagbag.py:538} INFO - Filling up the DagBag from /home/airflow/.local/lib/python3.8/site-packages/airflow/example_dags/example_skip_dag.py
[2024-09-13T02:55:03.690+0000] {processor.py:840} INFO - DAG(s) 'example_skip_dag' retrieved from /home/airflow/.local/lib/python3.8/site-packages/airflow/example_dags/example_skip_dag.py
[2024-09-13T02:55:03.701+0000] {logging_mixin.py:188} INFO - [2024-09-13T02:55:03.701+0000] {dag.py:3036} INFO - Sync 1 DAGs
[2024-09-13T02:55:03.714+0000] {logging_mixin.py:188} INFO - [2024-09-13T02:55:03.714+0000] {dag.py:3823} INFO - Setting next_dagrun for example_skip_dag to 2024-09-12 00:00:00+00:00, run_after=2024-09-13 00:00:00+00:00
[2024-09-13T02:55:03.724+0000] {processor.py:183} INFO - Processing /home/airflow/.local/lib/python3.8/site-packages/airflow/example_dags/example_skip_dag.py took 0.042 seconds
[2024-09-13T02:55:34.394+0000] {processor.py:161} INFO - Started process (PID=8490) to work on /home/airflow/.local/lib/python3.8/site-packages/airflow/example_dags/example_skip_dag.py
[2024-09-13T02:55:34.395+0000] {processor.py:830} INFO - Processing file /home/airflow/.local/lib/python3.8/site-packages/airflow/example_dags/example_skip_dag.py for tasks to queue
[2024-09-13T02:55:34.395+0000] {logging_mixin.py:188} INFO - [2024-09-13T02:55:34.395+0000] {dagbag.py:538} INFO - Filling up the DagBag from /home/airflow/.local/lib/python3.8/site-packages/airflow/example_dags/example_skip_dag.py
[2024-09-13T02:55:34.400+0000] {processor.py:840} INFO - DAG(s) 'example_skip_dag' retrieved from /home/airflow/.local/lib/python3.8/site-packages/airflow/example_dags/example_skip_dag.py
[2024-09-13T02:55:34.415+0000] {logging_mixin.py:188} INFO - [2024-09-13T02:55:34.415+0000] {dag.py:3036} INFO - Sync 1 DAGs
[2024-09-13T02:55:34.429+0000] {logging_mixin.py:188} INFO - [2024-09-13T02:55:34.429+0000] {dag.py:3823} INFO - Setting next_dagrun for example_skip_dag to 2024-09-12 00:00:00+00:00, run_after=2024-09-13 00:00:00+00:00
[2024-09-13T02:55:34.443+0000] {processor.py:183} INFO - Processing /home/airflow/.local/lib/python3.8/site-packages/airflow/example_dags/example_skip_dag.py took 0.052 seconds
