[2024-09-13T02:38:42.639+0000] {processor.py:161} INFO - Started process (PID=251) to work on /home/airflow/.local/lib/python3.8/site-packages/airflow/example_dags/tutorial_taskflow_api.py
[2024-09-13T02:38:42.640+0000] {processor.py:830} INFO - Processing file /home/airflow/.local/lib/python3.8/site-packages/airflow/example_dags/tutorial_taskflow_api.py for tasks to queue
[2024-09-13T02:38:42.640+0000] {logging_mixin.py:188} INFO - [2024-09-13T02:38:42.640+0000] {dagbag.py:538} INFO - Filling up the DagBag from /home/airflow/.local/lib/python3.8/site-packages/airflow/example_dags/tutorial_taskflow_api.py
[2024-09-13T02:38:42.646+0000] {processor.py:840} INFO - DAG(s) 'tutorial_taskflow_api' retrieved from /home/airflow/.local/lib/python3.8/site-packages/airflow/example_dags/tutorial_taskflow_api.py
[2024-09-13T02:38:42.663+0000] {logging_mixin.py:188} INFO - [2024-09-13T02:38:42.662+0000] {dag.py:3036} INFO - Sync 1 DAGs
[2024-09-13T02:38:42.671+0000] {logging_mixin.py:188} INFO - [2024-09-13T02:38:42.671+0000] {dag.py:3823} INFO - Setting next_dagrun for tutorial_taskflow_api to None, run_after=None
[2024-09-13T02:38:42.692+0000] {processor.py:183} INFO - Processing /home/airflow/.local/lib/python3.8/site-packages/airflow/example_dags/tutorial_taskflow_api.py took 0.056 seconds
[2024-09-13T02:39:13.519+0000] {processor.py:161} INFO - Started process (PID=498) to work on /home/airflow/.local/lib/python3.8/site-packages/airflow/example_dags/tutorial_taskflow_api.py
[2024-09-13T02:39:13.520+0000] {processor.py:830} INFO - Processing file /home/airflow/.local/lib/python3.8/site-packages/airflow/example_dags/tutorial_taskflow_api.py for tasks to queue
[2024-09-13T02:39:13.521+0000] {logging_mixin.py:188} INFO - [2024-09-13T02:39:13.521+0000] {dagbag.py:538} INFO - Filling up the DagBag from /home/airflow/.local/lib/python3.8/site-packages/airflow/example_dags/tutorial_taskflow_api.py
[2024-09-13T02:39:13.524+0000] {processor.py:840} INFO - DAG(s) 'tutorial_taskflow_api' retrieved from /home/airflow/.local/lib/python3.8/site-packages/airflow/example_dags/tutorial_taskflow_api.py
[2024-09-13T02:39:13.536+0000] {logging_mixin.py:188} INFO - [2024-09-13T02:39:13.536+0000] {dag.py:3036} INFO - Sync 1 DAGs
[2024-09-13T02:39:13.542+0000] {logging_mixin.py:188} INFO - [2024-09-13T02:39:13.542+0000] {dag.py:3823} INFO - Setting next_dagrun for tutorial_taskflow_api to None, run_after=None
[2024-09-13T02:39:13.551+0000] {processor.py:183} INFO - Processing /home/airflow/.local/lib/python3.8/site-packages/airflow/example_dags/tutorial_taskflow_api.py took 0.034 seconds
[2024-09-13T02:39:44.250+0000] {processor.py:161} INFO - Started process (PID=747) to work on /home/airflow/.local/lib/python3.8/site-packages/airflow/example_dags/tutorial_taskflow_api.py
[2024-09-13T02:39:44.251+0000] {processor.py:830} INFO - Processing file /home/airflow/.local/lib/python3.8/site-packages/airflow/example_dags/tutorial_taskflow_api.py for tasks to queue
[2024-09-13T02:39:44.252+0000] {logging_mixin.py:188} INFO - [2024-09-13T02:39:44.252+0000] {dagbag.py:538} INFO - Filling up the DagBag from /home/airflow/.local/lib/python3.8/site-packages/airflow/example_dags/tutorial_taskflow_api.py
[2024-09-13T02:39:44.259+0000] {processor.py:840} INFO - DAG(s) 'tutorial_taskflow_api' retrieved from /home/airflow/.local/lib/python3.8/site-packages/airflow/example_dags/tutorial_taskflow_api.py
[2024-09-13T02:39:44.271+0000] {logging_mixin.py:188} INFO - [2024-09-13T02:39:44.271+0000] {dag.py:3036} INFO - Sync 1 DAGs
[2024-09-13T02:39:44.278+0000] {logging_mixin.py:188} INFO - [2024-09-13T02:39:44.278+0000] {dag.py:3823} INFO - Setting next_dagrun for tutorial_taskflow_api to None, run_after=None
[2024-09-13T02:39:44.288+0000] {processor.py:183} INFO - Processing /home/airflow/.local/lib/python3.8/site-packages/airflow/example_dags/tutorial_taskflow_api.py took 0.040 seconds
[2024-09-13T02:40:15.288+0000] {processor.py:161} INFO - Started process (PID=993) to work on /home/airflow/.local/lib/python3.8/site-packages/airflow/example_dags/tutorial_taskflow_api.py
[2024-09-13T02:40:15.289+0000] {processor.py:830} INFO - Processing file /home/airflow/.local/lib/python3.8/site-packages/airflow/example_dags/tutorial_taskflow_api.py for tasks to queue
[2024-09-13T02:40:15.290+0000] {logging_mixin.py:188} INFO - [2024-09-13T02:40:15.290+0000] {dagbag.py:538} INFO - Filling up the DagBag from /home/airflow/.local/lib/python3.8/site-packages/airflow/example_dags/tutorial_taskflow_api.py
[2024-09-13T02:40:15.294+0000] {processor.py:840} INFO - DAG(s) 'tutorial_taskflow_api' retrieved from /home/airflow/.local/lib/python3.8/site-packages/airflow/example_dags/tutorial_taskflow_api.py
[2024-09-13T02:40:15.309+0000] {logging_mixin.py:188} INFO - [2024-09-13T02:40:15.308+0000] {dag.py:3036} INFO - Sync 1 DAGs
[2024-09-13T02:40:15.316+0000] {logging_mixin.py:188} INFO - [2024-09-13T02:40:15.315+0000] {dag.py:3823} INFO - Setting next_dagrun for tutorial_taskflow_api to None, run_after=None
[2024-09-13T02:40:15.327+0000] {processor.py:183} INFO - Processing /home/airflow/.local/lib/python3.8/site-packages/airflow/example_dags/tutorial_taskflow_api.py took 0.042 seconds
[2024-09-13T02:40:45.424+0000] {processor.py:161} INFO - Started process (PID=1238) to work on /home/airflow/.local/lib/python3.8/site-packages/airflow/example_dags/tutorial_taskflow_api.py
[2024-09-13T02:40:45.425+0000] {processor.py:830} INFO - Processing file /home/airflow/.local/lib/python3.8/site-packages/airflow/example_dags/tutorial_taskflow_api.py for tasks to queue
[2024-09-13T02:40:45.425+0000] {logging_mixin.py:188} INFO - [2024-09-13T02:40:45.425+0000] {dagbag.py:538} INFO - Filling up the DagBag from /home/airflow/.local/lib/python3.8/site-packages/airflow/example_dags/tutorial_taskflow_api.py
[2024-09-13T02:40:45.429+0000] {processor.py:840} INFO - DAG(s) 'tutorial_taskflow_api' retrieved from /home/airflow/.local/lib/python3.8/site-packages/airflow/example_dags/tutorial_taskflow_api.py
[2024-09-13T02:40:45.443+0000] {logging_mixin.py:188} INFO - [2024-09-13T02:40:45.442+0000] {dag.py:3036} INFO - Sync 1 DAGs
[2024-09-13T02:40:45.450+0000] {logging_mixin.py:188} INFO - [2024-09-13T02:40:45.450+0000] {dag.py:3823} INFO - Setting next_dagrun for tutorial_taskflow_api to None, run_after=None
[2024-09-13T02:40:45.463+0000] {processor.py:183} INFO - Processing /home/airflow/.local/lib/python3.8/site-packages/airflow/example_dags/tutorial_taskflow_api.py took 0.041 seconds
[2024-09-13T02:41:15.572+0000] {processor.py:161} INFO - Started process (PID=1485) to work on /home/airflow/.local/lib/python3.8/site-packages/airflow/example_dags/tutorial_taskflow_api.py
[2024-09-13T02:41:15.572+0000] {processor.py:830} INFO - Processing file /home/airflow/.local/lib/python3.8/site-packages/airflow/example_dags/tutorial_taskflow_api.py for tasks to queue
[2024-09-13T02:41:15.573+0000] {logging_mixin.py:188} INFO - [2024-09-13T02:41:15.573+0000] {dagbag.py:538} INFO - Filling up the DagBag from /home/airflow/.local/lib/python3.8/site-packages/airflow/example_dags/tutorial_taskflow_api.py
[2024-09-13T02:41:15.577+0000] {processor.py:840} INFO - DAG(s) 'tutorial_taskflow_api' retrieved from /home/airflow/.local/lib/python3.8/site-packages/airflow/example_dags/tutorial_taskflow_api.py
[2024-09-13T02:41:15.589+0000] {logging_mixin.py:188} INFO - [2024-09-13T02:41:15.589+0000] {dag.py:3036} INFO - Sync 1 DAGs
[2024-09-13T02:41:15.596+0000] {logging_mixin.py:188} INFO - [2024-09-13T02:41:15.596+0000] {dag.py:3823} INFO - Setting next_dagrun for tutorial_taskflow_api to None, run_after=None
[2024-09-13T02:41:15.606+0000] {processor.py:183} INFO - Processing /home/airflow/.local/lib/python3.8/site-packages/airflow/example_dags/tutorial_taskflow_api.py took 0.036 seconds
[2024-09-13T02:41:46.379+0000] {processor.py:161} INFO - Started process (PID=1731) to work on /home/airflow/.local/lib/python3.8/site-packages/airflow/example_dags/tutorial_taskflow_api.py
[2024-09-13T02:41:46.380+0000] {processor.py:830} INFO - Processing file /home/airflow/.local/lib/python3.8/site-packages/airflow/example_dags/tutorial_taskflow_api.py for tasks to queue
[2024-09-13T02:41:46.380+0000] {logging_mixin.py:188} INFO - [2024-09-13T02:41:46.380+0000] {dagbag.py:538} INFO - Filling up the DagBag from /home/airflow/.local/lib/python3.8/site-packages/airflow/example_dags/tutorial_taskflow_api.py
[2024-09-13T02:41:46.384+0000] {processor.py:840} INFO - DAG(s) 'tutorial_taskflow_api' retrieved from /home/airflow/.local/lib/python3.8/site-packages/airflow/example_dags/tutorial_taskflow_api.py
[2024-09-13T02:41:46.397+0000] {logging_mixin.py:188} INFO - [2024-09-13T02:41:46.396+0000] {dag.py:3036} INFO - Sync 1 DAGs
[2024-09-13T02:41:46.403+0000] {logging_mixin.py:188} INFO - [2024-09-13T02:41:46.403+0000] {dag.py:3823} INFO - Setting next_dagrun for tutorial_taskflow_api to None, run_after=None
[2024-09-13T02:41:46.414+0000] {processor.py:183} INFO - Processing /home/airflow/.local/lib/python3.8/site-packages/airflow/example_dags/tutorial_taskflow_api.py took 0.040 seconds
[2024-09-13T02:42:16.994+0000] {processor.py:161} INFO - Started process (PID=1978) to work on /home/airflow/.local/lib/python3.8/site-packages/airflow/example_dags/tutorial_taskflow_api.py
[2024-09-13T02:42:16.995+0000] {processor.py:830} INFO - Processing file /home/airflow/.local/lib/python3.8/site-packages/airflow/example_dags/tutorial_taskflow_api.py for tasks to queue
[2024-09-13T02:42:16.996+0000] {logging_mixin.py:188} INFO - [2024-09-13T02:42:16.996+0000] {dagbag.py:538} INFO - Filling up the DagBag from /home/airflow/.local/lib/python3.8/site-packages/airflow/example_dags/tutorial_taskflow_api.py
[2024-09-13T02:42:17.000+0000] {processor.py:840} INFO - DAG(s) 'tutorial_taskflow_api' retrieved from /home/airflow/.local/lib/python3.8/site-packages/airflow/example_dags/tutorial_taskflow_api.py
[2024-09-13T02:42:17.012+0000] {logging_mixin.py:188} INFO - [2024-09-13T02:42:17.012+0000] {dag.py:3036} INFO - Sync 1 DAGs
[2024-09-13T02:42:17.019+0000] {logging_mixin.py:188} INFO - [2024-09-13T02:42:17.019+0000] {dag.py:3823} INFO - Setting next_dagrun for tutorial_taskflow_api to None, run_after=None
[2024-09-13T02:42:17.029+0000] {processor.py:183} INFO - Processing /home/airflow/.local/lib/python3.8/site-packages/airflow/example_dags/tutorial_taskflow_api.py took 0.037 seconds
[2024-09-13T02:42:47.915+0000] {processor.py:161} INFO - Started process (PID=2225) to work on /home/airflow/.local/lib/python3.8/site-packages/airflow/example_dags/tutorial_taskflow_api.py
[2024-09-13T02:42:47.916+0000] {processor.py:830} INFO - Processing file /home/airflow/.local/lib/python3.8/site-packages/airflow/example_dags/tutorial_taskflow_api.py for tasks to queue
[2024-09-13T02:42:47.916+0000] {logging_mixin.py:188} INFO - [2024-09-13T02:42:47.916+0000] {dagbag.py:538} INFO - Filling up the DagBag from /home/airflow/.local/lib/python3.8/site-packages/airflow/example_dags/tutorial_taskflow_api.py
[2024-09-13T02:42:47.920+0000] {processor.py:840} INFO - DAG(s) 'tutorial_taskflow_api' retrieved from /home/airflow/.local/lib/python3.8/site-packages/airflow/example_dags/tutorial_taskflow_api.py
[2024-09-13T02:42:47.933+0000] {logging_mixin.py:188} INFO - [2024-09-13T02:42:47.932+0000] {dag.py:3036} INFO - Sync 1 DAGs
[2024-09-13T02:42:47.940+0000] {logging_mixin.py:188} INFO - [2024-09-13T02:42:47.939+0000] {dag.py:3823} INFO - Setting next_dagrun for tutorial_taskflow_api to None, run_after=None
[2024-09-13T02:42:47.952+0000] {processor.py:183} INFO - Processing /home/airflow/.local/lib/python3.8/site-packages/airflow/example_dags/tutorial_taskflow_api.py took 0.039 seconds
[2024-09-13T02:43:18.939+0000] {processor.py:161} INFO - Started process (PID=2472) to work on /home/airflow/.local/lib/python3.8/site-packages/airflow/example_dags/tutorial_taskflow_api.py
[2024-09-13T02:43:18.940+0000] {processor.py:830} INFO - Processing file /home/airflow/.local/lib/python3.8/site-packages/airflow/example_dags/tutorial_taskflow_api.py for tasks to queue
[2024-09-13T02:43:18.941+0000] {logging_mixin.py:188} INFO - [2024-09-13T02:43:18.941+0000] {dagbag.py:538} INFO - Filling up the DagBag from /home/airflow/.local/lib/python3.8/site-packages/airflow/example_dags/tutorial_taskflow_api.py
[2024-09-13T02:43:18.945+0000] {processor.py:840} INFO - DAG(s) 'tutorial_taskflow_api' retrieved from /home/airflow/.local/lib/python3.8/site-packages/airflow/example_dags/tutorial_taskflow_api.py
[2024-09-13T02:43:18.957+0000] {logging_mixin.py:188} INFO - [2024-09-13T02:43:18.957+0000] {dag.py:3036} INFO - Sync 1 DAGs
[2024-09-13T02:43:18.964+0000] {logging_mixin.py:188} INFO - [2024-09-13T02:43:18.964+0000] {dag.py:3823} INFO - Setting next_dagrun for tutorial_taskflow_api to None, run_after=None
[2024-09-13T02:43:18.974+0000] {processor.py:183} INFO - Processing /home/airflow/.local/lib/python3.8/site-packages/airflow/example_dags/tutorial_taskflow_api.py took 0.037 seconds
[2024-09-13T02:43:49.625+0000] {processor.py:161} INFO - Started process (PID=2719) to work on /home/airflow/.local/lib/python3.8/site-packages/airflow/example_dags/tutorial_taskflow_api.py
[2024-09-13T02:43:49.626+0000] {processor.py:830} INFO - Processing file /home/airflow/.local/lib/python3.8/site-packages/airflow/example_dags/tutorial_taskflow_api.py for tasks to queue
[2024-09-13T02:43:49.627+0000] {logging_mixin.py:188} INFO - [2024-09-13T02:43:49.627+0000] {dagbag.py:538} INFO - Filling up the DagBag from /home/airflow/.local/lib/python3.8/site-packages/airflow/example_dags/tutorial_taskflow_api.py
[2024-09-13T02:43:49.631+0000] {processor.py:840} INFO - DAG(s) 'tutorial_taskflow_api' retrieved from /home/airflow/.local/lib/python3.8/site-packages/airflow/example_dags/tutorial_taskflow_api.py
[2024-09-13T02:43:49.643+0000] {logging_mixin.py:188} INFO - [2024-09-13T02:43:49.642+0000] {dag.py:3036} INFO - Sync 1 DAGs
[2024-09-13T02:43:49.649+0000] {logging_mixin.py:188} INFO - [2024-09-13T02:43:49.649+0000] {dag.py:3823} INFO - Setting next_dagrun for tutorial_taskflow_api to None, run_after=None
[2024-09-13T02:43:49.708+0000] {processor.py:183} INFO - Processing /home/airflow/.local/lib/python3.8/site-packages/airflow/example_dags/tutorial_taskflow_api.py took 0.084 seconds
[2024-09-13T02:44:20.389+0000] {processor.py:161} INFO - Started process (PID=2966) to work on /home/airflow/.local/lib/python3.8/site-packages/airflow/example_dags/tutorial_taskflow_api.py
[2024-09-13T02:44:20.390+0000] {processor.py:830} INFO - Processing file /home/airflow/.local/lib/python3.8/site-packages/airflow/example_dags/tutorial_taskflow_api.py for tasks to queue
[2024-09-13T02:44:20.390+0000] {logging_mixin.py:188} INFO - [2024-09-13T02:44:20.390+0000] {dagbag.py:538} INFO - Filling up the DagBag from /home/airflow/.local/lib/python3.8/site-packages/airflow/example_dags/tutorial_taskflow_api.py
[2024-09-13T02:44:20.395+0000] {processor.py:840} INFO - DAG(s) 'tutorial_taskflow_api' retrieved from /home/airflow/.local/lib/python3.8/site-packages/airflow/example_dags/tutorial_taskflow_api.py
[2024-09-13T02:44:20.412+0000] {logging_mixin.py:188} INFO - [2024-09-13T02:44:20.412+0000] {dag.py:3036} INFO - Sync 1 DAGs
[2024-09-13T02:44:20.423+0000] {logging_mixin.py:188} INFO - [2024-09-13T02:44:20.423+0000] {dag.py:3823} INFO - Setting next_dagrun for tutorial_taskflow_api to None, run_after=None
[2024-09-13T02:44:20.447+0000] {processor.py:183} INFO - Processing /home/airflow/.local/lib/python3.8/site-packages/airflow/example_dags/tutorial_taskflow_api.py took 0.062 seconds
[2024-09-13T02:44:51.079+0000] {processor.py:161} INFO - Started process (PID=3213) to work on /home/airflow/.local/lib/python3.8/site-packages/airflow/example_dags/tutorial_taskflow_api.py
[2024-09-13T02:44:51.080+0000] {processor.py:830} INFO - Processing file /home/airflow/.local/lib/python3.8/site-packages/airflow/example_dags/tutorial_taskflow_api.py for tasks to queue
[2024-09-13T02:44:51.081+0000] {logging_mixin.py:188} INFO - [2024-09-13T02:44:51.081+0000] {dagbag.py:538} INFO - Filling up the DagBag from /home/airflow/.local/lib/python3.8/site-packages/airflow/example_dags/tutorial_taskflow_api.py
[2024-09-13T02:44:51.085+0000] {processor.py:840} INFO - DAG(s) 'tutorial_taskflow_api' retrieved from /home/airflow/.local/lib/python3.8/site-packages/airflow/example_dags/tutorial_taskflow_api.py
[2024-09-13T02:44:51.097+0000] {logging_mixin.py:188} INFO - [2024-09-13T02:44:51.097+0000] {dag.py:3036} INFO - Sync 1 DAGs
[2024-09-13T02:44:51.104+0000] {logging_mixin.py:188} INFO - [2024-09-13T02:44:51.104+0000] {dag.py:3823} INFO - Setting next_dagrun for tutorial_taskflow_api to None, run_after=None
[2024-09-13T02:44:51.115+0000] {processor.py:183} INFO - Processing /home/airflow/.local/lib/python3.8/site-packages/airflow/example_dags/tutorial_taskflow_api.py took 0.038 seconds
[2024-09-13T02:45:21.796+0000] {processor.py:161} INFO - Started process (PID=3460) to work on /home/airflow/.local/lib/python3.8/site-packages/airflow/example_dags/tutorial_taskflow_api.py
[2024-09-13T02:45:21.797+0000] {processor.py:830} INFO - Processing file /home/airflow/.local/lib/python3.8/site-packages/airflow/example_dags/tutorial_taskflow_api.py for tasks to queue
[2024-09-13T02:45:21.798+0000] {logging_mixin.py:188} INFO - [2024-09-13T02:45:21.797+0000] {dagbag.py:538} INFO - Filling up the DagBag from /home/airflow/.local/lib/python3.8/site-packages/airflow/example_dags/tutorial_taskflow_api.py
[2024-09-13T02:45:21.802+0000] {processor.py:840} INFO - DAG(s) 'tutorial_taskflow_api' retrieved from /home/airflow/.local/lib/python3.8/site-packages/airflow/example_dags/tutorial_taskflow_api.py
[2024-09-13T02:45:21.821+0000] {logging_mixin.py:188} INFO - [2024-09-13T02:45:21.820+0000] {dag.py:3036} INFO - Sync 1 DAGs
[2024-09-13T02:45:21.829+0000] {logging_mixin.py:188} INFO - [2024-09-13T02:45:21.829+0000] {dag.py:3823} INFO - Setting next_dagrun for tutorial_taskflow_api to None, run_after=None
[2024-09-13T02:45:21.841+0000] {processor.py:183} INFO - Processing /home/airflow/.local/lib/python3.8/site-packages/airflow/example_dags/tutorial_taskflow_api.py took 0.051 seconds
[2024-09-13T02:45:51.917+0000] {processor.py:161} INFO - Started process (PID=3709) to work on /home/airflow/.local/lib/python3.8/site-packages/airflow/example_dags/tutorial_taskflow_api.py
[2024-09-13T02:45:51.918+0000] {processor.py:830} INFO - Processing file /home/airflow/.local/lib/python3.8/site-packages/airflow/example_dags/tutorial_taskflow_api.py for tasks to queue
[2024-09-13T02:45:51.918+0000] {logging_mixin.py:188} INFO - [2024-09-13T02:45:51.918+0000] {dagbag.py:538} INFO - Filling up the DagBag from /home/airflow/.local/lib/python3.8/site-packages/airflow/example_dags/tutorial_taskflow_api.py
[2024-09-13T02:45:51.923+0000] {processor.py:840} INFO - DAG(s) 'tutorial_taskflow_api' retrieved from /home/airflow/.local/lib/python3.8/site-packages/airflow/example_dags/tutorial_taskflow_api.py
[2024-09-13T02:45:51.939+0000] {logging_mixin.py:188} INFO - [2024-09-13T02:45:51.938+0000] {dag.py:3036} INFO - Sync 1 DAGs
[2024-09-13T02:45:51.948+0000] {logging_mixin.py:188} INFO - [2024-09-13T02:45:51.947+0000] {dag.py:3823} INFO - Setting next_dagrun for tutorial_taskflow_api to None, run_after=None
[2024-09-13T02:45:51.959+0000] {processor.py:183} INFO - Processing /home/airflow/.local/lib/python3.8/site-packages/airflow/example_dags/tutorial_taskflow_api.py took 0.044 seconds
[2024-09-13T02:46:22.139+0000] {processor.py:161} INFO - Started process (PID=3954) to work on /home/airflow/.local/lib/python3.8/site-packages/airflow/example_dags/tutorial_taskflow_api.py
[2024-09-13T02:46:22.140+0000] {processor.py:830} INFO - Processing file /home/airflow/.local/lib/python3.8/site-packages/airflow/example_dags/tutorial_taskflow_api.py for tasks to queue
[2024-09-13T02:46:22.141+0000] {logging_mixin.py:188} INFO - [2024-09-13T02:46:22.141+0000] {dagbag.py:538} INFO - Filling up the DagBag from /home/airflow/.local/lib/python3.8/site-packages/airflow/example_dags/tutorial_taskflow_api.py
[2024-09-13T02:46:22.145+0000] {processor.py:840} INFO - DAG(s) 'tutorial_taskflow_api' retrieved from /home/airflow/.local/lib/python3.8/site-packages/airflow/example_dags/tutorial_taskflow_api.py
[2024-09-13T02:46:22.159+0000] {logging_mixin.py:188} INFO - [2024-09-13T02:46:22.158+0000] {dag.py:3036} INFO - Sync 1 DAGs
[2024-09-13T02:46:22.166+0000] {logging_mixin.py:188} INFO - [2024-09-13T02:46:22.166+0000] {dag.py:3823} INFO - Setting next_dagrun for tutorial_taskflow_api to None, run_after=None
[2024-09-13T02:46:22.176+0000] {processor.py:183} INFO - Processing /home/airflow/.local/lib/python3.8/site-packages/airflow/example_dags/tutorial_taskflow_api.py took 0.039 seconds
[2024-09-13T02:46:52.474+0000] {processor.py:161} INFO - Started process (PID=4201) to work on /home/airflow/.local/lib/python3.8/site-packages/airflow/example_dags/tutorial_taskflow_api.py
[2024-09-13T02:46:52.475+0000] {processor.py:830} INFO - Processing file /home/airflow/.local/lib/python3.8/site-packages/airflow/example_dags/tutorial_taskflow_api.py for tasks to queue
[2024-09-13T02:46:52.475+0000] {logging_mixin.py:188} INFO - [2024-09-13T02:46:52.475+0000] {dagbag.py:538} INFO - Filling up the DagBag from /home/airflow/.local/lib/python3.8/site-packages/airflow/example_dags/tutorial_taskflow_api.py
[2024-09-13T02:46:52.480+0000] {processor.py:840} INFO - DAG(s) 'tutorial_taskflow_api' retrieved from /home/airflow/.local/lib/python3.8/site-packages/airflow/example_dags/tutorial_taskflow_api.py
[2024-09-13T02:46:52.494+0000] {logging_mixin.py:188} INFO - [2024-09-13T02:46:52.494+0000] {dag.py:3036} INFO - Sync 1 DAGs
[2024-09-13T02:46:52.502+0000] {logging_mixin.py:188} INFO - [2024-09-13T02:46:52.502+0000] {dag.py:3823} INFO - Setting next_dagrun for tutorial_taskflow_api to None, run_after=None
[2024-09-13T02:46:52.513+0000] {processor.py:183} INFO - Processing /home/airflow/.local/lib/python3.8/site-packages/airflow/example_dags/tutorial_taskflow_api.py took 0.042 seconds
[2024-09-13T02:47:23.158+0000] {processor.py:161} INFO - Started process (PID=4448) to work on /home/airflow/.local/lib/python3.8/site-packages/airflow/example_dags/tutorial_taskflow_api.py
[2024-09-13T02:47:23.160+0000] {processor.py:830} INFO - Processing file /home/airflow/.local/lib/python3.8/site-packages/airflow/example_dags/tutorial_taskflow_api.py for tasks to queue
[2024-09-13T02:47:23.160+0000] {logging_mixin.py:188} INFO - [2024-09-13T02:47:23.160+0000] {dagbag.py:538} INFO - Filling up the DagBag from /home/airflow/.local/lib/python3.8/site-packages/airflow/example_dags/tutorial_taskflow_api.py
[2024-09-13T02:47:23.164+0000] {processor.py:840} INFO - DAG(s) 'tutorial_taskflow_api' retrieved from /home/airflow/.local/lib/python3.8/site-packages/airflow/example_dags/tutorial_taskflow_api.py
[2024-09-13T02:47:23.177+0000] {logging_mixin.py:188} INFO - [2024-09-13T02:47:23.177+0000] {dag.py:3036} INFO - Sync 1 DAGs
[2024-09-13T02:47:23.185+0000] {logging_mixin.py:188} INFO - [2024-09-13T02:47:23.185+0000] {dag.py:3823} INFO - Setting next_dagrun for tutorial_taskflow_api to None, run_after=None
[2024-09-13T02:47:23.197+0000] {processor.py:183} INFO - Processing /home/airflow/.local/lib/python3.8/site-packages/airflow/example_dags/tutorial_taskflow_api.py took 0.040 seconds
[2024-09-13T02:47:53.998+0000] {processor.py:161} INFO - Started process (PID=4695) to work on /home/airflow/.local/lib/python3.8/site-packages/airflow/example_dags/tutorial_taskflow_api.py
[2024-09-13T02:47:53.999+0000] {processor.py:830} INFO - Processing file /home/airflow/.local/lib/python3.8/site-packages/airflow/example_dags/tutorial_taskflow_api.py for tasks to queue
[2024-09-13T02:47:53.999+0000] {logging_mixin.py:188} INFO - [2024-09-13T02:47:53.999+0000] {dagbag.py:538} INFO - Filling up the DagBag from /home/airflow/.local/lib/python3.8/site-packages/airflow/example_dags/tutorial_taskflow_api.py
[2024-09-13T02:47:54.005+0000] {processor.py:840} INFO - DAG(s) 'tutorial_taskflow_api' retrieved from /home/airflow/.local/lib/python3.8/site-packages/airflow/example_dags/tutorial_taskflow_api.py
[2024-09-13T02:47:54.020+0000] {logging_mixin.py:188} INFO - [2024-09-13T02:47:54.020+0000] {dag.py:3036} INFO - Sync 1 DAGs
[2024-09-13T02:47:54.032+0000] {logging_mixin.py:188} INFO - [2024-09-13T02:47:54.032+0000] {dag.py:3823} INFO - Setting next_dagrun for tutorial_taskflow_api to None, run_after=None
[2024-09-13T02:47:54.046+0000] {processor.py:183} INFO - Processing /home/airflow/.local/lib/python3.8/site-packages/airflow/example_dags/tutorial_taskflow_api.py took 0.051 seconds
[2024-09-13T02:48:24.176+0000] {processor.py:161} INFO - Started process (PID=4942) to work on /home/airflow/.local/lib/python3.8/site-packages/airflow/example_dags/tutorial_taskflow_api.py
[2024-09-13T02:48:24.177+0000] {processor.py:830} INFO - Processing file /home/airflow/.local/lib/python3.8/site-packages/airflow/example_dags/tutorial_taskflow_api.py for tasks to queue
[2024-09-13T02:48:24.178+0000] {logging_mixin.py:188} INFO - [2024-09-13T02:48:24.178+0000] {dagbag.py:538} INFO - Filling up the DagBag from /home/airflow/.local/lib/python3.8/site-packages/airflow/example_dags/tutorial_taskflow_api.py
[2024-09-13T02:48:24.182+0000] {processor.py:840} INFO - DAG(s) 'tutorial_taskflow_api' retrieved from /home/airflow/.local/lib/python3.8/site-packages/airflow/example_dags/tutorial_taskflow_api.py
[2024-09-13T02:48:24.194+0000] {logging_mixin.py:188} INFO - [2024-09-13T02:48:24.194+0000] {dag.py:3036} INFO - Sync 1 DAGs
[2024-09-13T02:48:24.200+0000] {logging_mixin.py:188} INFO - [2024-09-13T02:48:24.200+0000] {dag.py:3823} INFO - Setting next_dagrun for tutorial_taskflow_api to None, run_after=None
[2024-09-13T02:48:24.211+0000] {processor.py:183} INFO - Processing /home/airflow/.local/lib/python3.8/site-packages/airflow/example_dags/tutorial_taskflow_api.py took 0.036 seconds
[2024-09-13T02:48:54.309+0000] {processor.py:161} INFO - Started process (PID=5189) to work on /home/airflow/.local/lib/python3.8/site-packages/airflow/example_dags/tutorial_taskflow_api.py
[2024-09-13T02:48:54.310+0000] {processor.py:830} INFO - Processing file /home/airflow/.local/lib/python3.8/site-packages/airflow/example_dags/tutorial_taskflow_api.py for tasks to queue
[2024-09-13T02:48:54.310+0000] {logging_mixin.py:188} INFO - [2024-09-13T02:48:54.310+0000] {dagbag.py:538} INFO - Filling up the DagBag from /home/airflow/.local/lib/python3.8/site-packages/airflow/example_dags/tutorial_taskflow_api.py
[2024-09-13T02:48:54.315+0000] {processor.py:840} INFO - DAG(s) 'tutorial_taskflow_api' retrieved from /home/airflow/.local/lib/python3.8/site-packages/airflow/example_dags/tutorial_taskflow_api.py
[2024-09-13T02:48:54.328+0000] {logging_mixin.py:188} INFO - [2024-09-13T02:48:54.327+0000] {dag.py:3036} INFO - Sync 1 DAGs
[2024-09-13T02:48:54.334+0000] {logging_mixin.py:188} INFO - [2024-09-13T02:48:54.334+0000] {dag.py:3823} INFO - Setting next_dagrun for tutorial_taskflow_api to None, run_after=None
[2024-09-13T02:48:54.346+0000] {processor.py:183} INFO - Processing /home/airflow/.local/lib/python3.8/site-packages/airflow/example_dags/tutorial_taskflow_api.py took 0.040 seconds
[2024-09-13T02:49:24.967+0000] {processor.py:161} INFO - Started process (PID=5436) to work on /home/airflow/.local/lib/python3.8/site-packages/airflow/example_dags/tutorial_taskflow_api.py
[2024-09-13T02:49:24.968+0000] {processor.py:830} INFO - Processing file /home/airflow/.local/lib/python3.8/site-packages/airflow/example_dags/tutorial_taskflow_api.py for tasks to queue
[2024-09-13T02:49:24.968+0000] {logging_mixin.py:188} INFO - [2024-09-13T02:49:24.968+0000] {dagbag.py:538} INFO - Filling up the DagBag from /home/airflow/.local/lib/python3.8/site-packages/airflow/example_dags/tutorial_taskflow_api.py
[2024-09-13T02:49:24.973+0000] {processor.py:840} INFO - DAG(s) 'tutorial_taskflow_api' retrieved from /home/airflow/.local/lib/python3.8/site-packages/airflow/example_dags/tutorial_taskflow_api.py
[2024-09-13T02:49:24.989+0000] {logging_mixin.py:188} INFO - [2024-09-13T02:49:24.989+0000] {dag.py:3036} INFO - Sync 1 DAGs
[2024-09-13T02:49:24.996+0000] {logging_mixin.py:188} INFO - [2024-09-13T02:49:24.996+0000] {dag.py:3823} INFO - Setting next_dagrun for tutorial_taskflow_api to None, run_after=None
[2024-09-13T02:49:25.007+0000] {processor.py:183} INFO - Processing /home/airflow/.local/lib/python3.8/site-packages/airflow/example_dags/tutorial_taskflow_api.py took 0.042 seconds
[2024-09-13T02:49:55.235+0000] {processor.py:161} INFO - Started process (PID=5683) to work on /home/airflow/.local/lib/python3.8/site-packages/airflow/example_dags/tutorial_taskflow_api.py
[2024-09-13T02:49:55.236+0000] {processor.py:830} INFO - Processing file /home/airflow/.local/lib/python3.8/site-packages/airflow/example_dags/tutorial_taskflow_api.py for tasks to queue
[2024-09-13T02:49:55.236+0000] {logging_mixin.py:188} INFO - [2024-09-13T02:49:55.236+0000] {dagbag.py:538} INFO - Filling up the DagBag from /home/airflow/.local/lib/python3.8/site-packages/airflow/example_dags/tutorial_taskflow_api.py
[2024-09-13T02:49:55.240+0000] {processor.py:840} INFO - DAG(s) 'tutorial_taskflow_api' retrieved from /home/airflow/.local/lib/python3.8/site-packages/airflow/example_dags/tutorial_taskflow_api.py
[2024-09-13T02:49:55.252+0000] {logging_mixin.py:188} INFO - [2024-09-13T02:49:55.251+0000] {dag.py:3036} INFO - Sync 1 DAGs
[2024-09-13T02:49:55.258+0000] {logging_mixin.py:188} INFO - [2024-09-13T02:49:55.258+0000] {dag.py:3823} INFO - Setting next_dagrun for tutorial_taskflow_api to None, run_after=None
[2024-09-13T02:49:55.267+0000] {processor.py:183} INFO - Processing /home/airflow/.local/lib/python3.8/site-packages/airflow/example_dags/tutorial_taskflow_api.py took 0.035 seconds
[2024-09-13T02:50:25.947+0000] {processor.py:161} INFO - Started process (PID=5932) to work on /home/airflow/.local/lib/python3.8/site-packages/airflow/example_dags/tutorial_taskflow_api.py
[2024-09-13T02:50:25.948+0000] {processor.py:830} INFO - Processing file /home/airflow/.local/lib/python3.8/site-packages/airflow/example_dags/tutorial_taskflow_api.py for tasks to queue
[2024-09-13T02:50:25.949+0000] {logging_mixin.py:188} INFO - [2024-09-13T02:50:25.949+0000] {dagbag.py:538} INFO - Filling up the DagBag from /home/airflow/.local/lib/python3.8/site-packages/airflow/example_dags/tutorial_taskflow_api.py
[2024-09-13T02:50:25.953+0000] {processor.py:840} INFO - DAG(s) 'tutorial_taskflow_api' retrieved from /home/airflow/.local/lib/python3.8/site-packages/airflow/example_dags/tutorial_taskflow_api.py
[2024-09-13T02:50:25.966+0000] {logging_mixin.py:188} INFO - [2024-09-13T02:50:25.966+0000] {dag.py:3036} INFO - Sync 1 DAGs
[2024-09-13T02:50:25.973+0000] {logging_mixin.py:188} INFO - [2024-09-13T02:50:25.972+0000] {dag.py:3823} INFO - Setting next_dagrun for tutorial_taskflow_api to None, run_after=None
[2024-09-13T02:50:25.983+0000] {processor.py:183} INFO - Processing /home/airflow/.local/lib/python3.8/site-packages/airflow/example_dags/tutorial_taskflow_api.py took 0.039 seconds
[2024-09-13T02:50:56.683+0000] {processor.py:161} INFO - Started process (PID=6179) to work on /home/airflow/.local/lib/python3.8/site-packages/airflow/example_dags/tutorial_taskflow_api.py
[2024-09-13T02:50:56.684+0000] {processor.py:830} INFO - Processing file /home/airflow/.local/lib/python3.8/site-packages/airflow/example_dags/tutorial_taskflow_api.py for tasks to queue
[2024-09-13T02:50:56.685+0000] {logging_mixin.py:188} INFO - [2024-09-13T02:50:56.685+0000] {dagbag.py:538} INFO - Filling up the DagBag from /home/airflow/.local/lib/python3.8/site-packages/airflow/example_dags/tutorial_taskflow_api.py
[2024-09-13T02:50:56.689+0000] {processor.py:840} INFO - DAG(s) 'tutorial_taskflow_api' retrieved from /home/airflow/.local/lib/python3.8/site-packages/airflow/example_dags/tutorial_taskflow_api.py
[2024-09-13T02:50:56.704+0000] {logging_mixin.py:188} INFO - [2024-09-13T02:50:56.704+0000] {dag.py:3036} INFO - Sync 1 DAGs
[2024-09-13T02:50:56.711+0000] {logging_mixin.py:188} INFO - [2024-09-13T02:50:56.711+0000] {dag.py:3823} INFO - Setting next_dagrun for tutorial_taskflow_api to None, run_after=None
[2024-09-13T02:50:56.722+0000] {processor.py:183} INFO - Processing /home/airflow/.local/lib/python3.8/site-packages/airflow/example_dags/tutorial_taskflow_api.py took 0.043 seconds
[2024-09-13T02:51:27.313+0000] {processor.py:161} INFO - Started process (PID=6424) to work on /home/airflow/.local/lib/python3.8/site-packages/airflow/example_dags/tutorial_taskflow_api.py
[2024-09-13T02:51:27.313+0000] {processor.py:830} INFO - Processing file /home/airflow/.local/lib/python3.8/site-packages/airflow/example_dags/tutorial_taskflow_api.py for tasks to queue
[2024-09-13T02:51:27.314+0000] {logging_mixin.py:188} INFO - [2024-09-13T02:51:27.314+0000] {dagbag.py:538} INFO - Filling up the DagBag from /home/airflow/.local/lib/python3.8/site-packages/airflow/example_dags/tutorial_taskflow_api.py
[2024-09-13T02:51:27.321+0000] {processor.py:840} INFO - DAG(s) 'tutorial_taskflow_api' retrieved from /home/airflow/.local/lib/python3.8/site-packages/airflow/example_dags/tutorial_taskflow_api.py
[2024-09-13T02:51:27.337+0000] {logging_mixin.py:188} INFO - [2024-09-13T02:51:27.337+0000] {dag.py:3036} INFO - Sync 1 DAGs
[2024-09-13T02:51:27.344+0000] {logging_mixin.py:188} INFO - [2024-09-13T02:51:27.344+0000] {dag.py:3823} INFO - Setting next_dagrun for tutorial_taskflow_api to None, run_after=None
[2024-09-13T02:51:27.353+0000] {processor.py:183} INFO - Processing /home/airflow/.local/lib/python3.8/site-packages/airflow/example_dags/tutorial_taskflow_api.py took 0.043 seconds
[2024-09-13T02:51:58.035+0000] {processor.py:161} INFO - Started process (PID=6671) to work on /home/airflow/.local/lib/python3.8/site-packages/airflow/example_dags/tutorial_taskflow_api.py
[2024-09-13T02:51:58.036+0000] {processor.py:830} INFO - Processing file /home/airflow/.local/lib/python3.8/site-packages/airflow/example_dags/tutorial_taskflow_api.py for tasks to queue
[2024-09-13T02:51:58.036+0000] {logging_mixin.py:188} INFO - [2024-09-13T02:51:58.036+0000] {dagbag.py:538} INFO - Filling up the DagBag from /home/airflow/.local/lib/python3.8/site-packages/airflow/example_dags/tutorial_taskflow_api.py
[2024-09-13T02:51:58.042+0000] {processor.py:840} INFO - DAG(s) 'tutorial_taskflow_api' retrieved from /home/airflow/.local/lib/python3.8/site-packages/airflow/example_dags/tutorial_taskflow_api.py
[2024-09-13T02:51:58.055+0000] {logging_mixin.py:188} INFO - [2024-09-13T02:51:58.055+0000] {dag.py:3036} INFO - Sync 1 DAGs
[2024-09-13T02:51:58.063+0000] {logging_mixin.py:188} INFO - [2024-09-13T02:51:58.062+0000] {dag.py:3823} INFO - Setting next_dagrun for tutorial_taskflow_api to None, run_after=None
[2024-09-13T02:51:58.072+0000] {processor.py:183} INFO - Processing /home/airflow/.local/lib/python3.8/site-packages/airflow/example_dags/tutorial_taskflow_api.py took 0.040 seconds
[2024-09-13T02:52:29.139+0000] {processor.py:161} INFO - Started process (PID=6918) to work on /home/airflow/.local/lib/python3.8/site-packages/airflow/example_dags/tutorial_taskflow_api.py
[2024-09-13T02:52:29.140+0000] {processor.py:830} INFO - Processing file /home/airflow/.local/lib/python3.8/site-packages/airflow/example_dags/tutorial_taskflow_api.py for tasks to queue
[2024-09-13T02:52:29.141+0000] {logging_mixin.py:188} INFO - [2024-09-13T02:52:29.140+0000] {dagbag.py:538} INFO - Filling up the DagBag from /home/airflow/.local/lib/python3.8/site-packages/airflow/example_dags/tutorial_taskflow_api.py
[2024-09-13T02:52:29.145+0000] {processor.py:840} INFO - DAG(s) 'tutorial_taskflow_api' retrieved from /home/airflow/.local/lib/python3.8/site-packages/airflow/example_dags/tutorial_taskflow_api.py
[2024-09-13T02:52:29.161+0000] {logging_mixin.py:188} INFO - [2024-09-13T02:52:29.160+0000] {dag.py:3036} INFO - Sync 1 DAGs
[2024-09-13T02:52:29.172+0000] {logging_mixin.py:188} INFO - [2024-09-13T02:52:29.171+0000] {dag.py:3823} INFO - Setting next_dagrun for tutorial_taskflow_api to None, run_after=None
[2024-09-13T02:52:29.184+0000] {processor.py:183} INFO - Processing /home/airflow/.local/lib/python3.8/site-packages/airflow/example_dags/tutorial_taskflow_api.py took 0.047 seconds
[2024-09-13T02:53:00.260+0000] {processor.py:161} INFO - Started process (PID=7163) to work on /home/airflow/.local/lib/python3.8/site-packages/airflow/example_dags/tutorial_taskflow_api.py
[2024-09-13T02:53:00.264+0000] {processor.py:830} INFO - Processing file /home/airflow/.local/lib/python3.8/site-packages/airflow/example_dags/tutorial_taskflow_api.py for tasks to queue
[2024-09-13T02:53:00.265+0000] {logging_mixin.py:188} INFO - [2024-09-13T02:53:00.265+0000] {dagbag.py:538} INFO - Filling up the DagBag from /home/airflow/.local/lib/python3.8/site-packages/airflow/example_dags/tutorial_taskflow_api.py
[2024-09-13T02:53:00.269+0000] {processor.py:840} INFO - DAG(s) 'tutorial_taskflow_api' retrieved from /home/airflow/.local/lib/python3.8/site-packages/airflow/example_dags/tutorial_taskflow_api.py
[2024-09-13T02:53:00.281+0000] {logging_mixin.py:188} INFO - [2024-09-13T02:53:00.281+0000] {dag.py:3036} INFO - Sync 1 DAGs
[2024-09-13T02:53:00.287+0000] {logging_mixin.py:188} INFO - [2024-09-13T02:53:00.287+0000] {dag.py:3823} INFO - Setting next_dagrun for tutorial_taskflow_api to None, run_after=None
[2024-09-13T02:53:00.296+0000] {processor.py:183} INFO - Processing /home/airflow/.local/lib/python3.8/site-packages/airflow/example_dags/tutorial_taskflow_api.py took 0.038 seconds
[2024-09-13T02:53:30.844+0000] {processor.py:161} INFO - Started process (PID=7412) to work on /home/airflow/.local/lib/python3.8/site-packages/airflow/example_dags/tutorial_taskflow_api.py
[2024-09-13T02:53:30.845+0000] {processor.py:830} INFO - Processing file /home/airflow/.local/lib/python3.8/site-packages/airflow/example_dags/tutorial_taskflow_api.py for tasks to queue
[2024-09-13T02:53:30.845+0000] {logging_mixin.py:188} INFO - [2024-09-13T02:53:30.845+0000] {dagbag.py:538} INFO - Filling up the DagBag from /home/airflow/.local/lib/python3.8/site-packages/airflow/example_dags/tutorial_taskflow_api.py
[2024-09-13T02:53:30.849+0000] {processor.py:840} INFO - DAG(s) 'tutorial_taskflow_api' retrieved from /home/airflow/.local/lib/python3.8/site-packages/airflow/example_dags/tutorial_taskflow_api.py
[2024-09-13T02:53:30.861+0000] {logging_mixin.py:188} INFO - [2024-09-13T02:53:30.861+0000] {dag.py:3036} INFO - Sync 1 DAGs
[2024-09-13T02:53:30.868+0000] {logging_mixin.py:188} INFO - [2024-09-13T02:53:30.868+0000] {dag.py:3823} INFO - Setting next_dagrun for tutorial_taskflow_api to None, run_after=None
[2024-09-13T02:53:30.880+0000] {processor.py:183} INFO - Processing /home/airflow/.local/lib/python3.8/site-packages/airflow/example_dags/tutorial_taskflow_api.py took 0.038 seconds
[2024-09-13T02:54:01.661+0000] {processor.py:161} INFO - Started process (PID=7659) to work on /home/airflow/.local/lib/python3.8/site-packages/airflow/example_dags/tutorial_taskflow_api.py
[2024-09-13T02:54:01.662+0000] {processor.py:830} INFO - Processing file /home/airflow/.local/lib/python3.8/site-packages/airflow/example_dags/tutorial_taskflow_api.py for tasks to queue
[2024-09-13T02:54:01.662+0000] {logging_mixin.py:188} INFO - [2024-09-13T02:54:01.662+0000] {dagbag.py:538} INFO - Filling up the DagBag from /home/airflow/.local/lib/python3.8/site-packages/airflow/example_dags/tutorial_taskflow_api.py
[2024-09-13T02:54:01.666+0000] {processor.py:840} INFO - DAG(s) 'tutorial_taskflow_api' retrieved from /home/airflow/.local/lib/python3.8/site-packages/airflow/example_dags/tutorial_taskflow_api.py
[2024-09-13T02:54:01.678+0000] {logging_mixin.py:188} INFO - [2024-09-13T02:54:01.678+0000] {dag.py:3036} INFO - Sync 1 DAGs
[2024-09-13T02:54:01.685+0000] {logging_mixin.py:188} INFO - [2024-09-13T02:54:01.684+0000] {dag.py:3823} INFO - Setting next_dagrun for tutorial_taskflow_api to None, run_after=None
[2024-09-13T02:54:01.695+0000] {processor.py:183} INFO - Processing /home/airflow/.local/lib/python3.8/site-packages/airflow/example_dags/tutorial_taskflow_api.py took 0.036 seconds
[2024-09-13T02:54:31.758+0000] {processor.py:161} INFO - Started process (PID=7906) to work on /home/airflow/.local/lib/python3.8/site-packages/airflow/example_dags/tutorial_taskflow_api.py
[2024-09-13T02:54:31.758+0000] {processor.py:830} INFO - Processing file /home/airflow/.local/lib/python3.8/site-packages/airflow/example_dags/tutorial_taskflow_api.py for tasks to queue
[2024-09-13T02:54:31.759+0000] {logging_mixin.py:188} INFO - [2024-09-13T02:54:31.759+0000] {dagbag.py:538} INFO - Filling up the DagBag from /home/airflow/.local/lib/python3.8/site-packages/airflow/example_dags/tutorial_taskflow_api.py
[2024-09-13T02:54:31.763+0000] {processor.py:840} INFO - DAG(s) 'tutorial_taskflow_api' retrieved from /home/airflow/.local/lib/python3.8/site-packages/airflow/example_dags/tutorial_taskflow_api.py
[2024-09-13T02:54:31.775+0000] {logging_mixin.py:188} INFO - [2024-09-13T02:54:31.774+0000] {dag.py:3036} INFO - Sync 1 DAGs
[2024-09-13T02:54:31.781+0000] {logging_mixin.py:188} INFO - [2024-09-13T02:54:31.781+0000] {dag.py:3823} INFO - Setting next_dagrun for tutorial_taskflow_api to None, run_after=None
[2024-09-13T02:54:31.792+0000] {processor.py:183} INFO - Processing /home/airflow/.local/lib/python3.8/site-packages/airflow/example_dags/tutorial_taskflow_api.py took 0.037 seconds
[2024-09-13T02:55:01.948+0000] {processor.py:161} INFO - Started process (PID=8153) to work on /home/airflow/.local/lib/python3.8/site-packages/airflow/example_dags/tutorial_taskflow_api.py
[2024-09-13T02:55:01.949+0000] {processor.py:830} INFO - Processing file /home/airflow/.local/lib/python3.8/site-packages/airflow/example_dags/tutorial_taskflow_api.py for tasks to queue
[2024-09-13T02:55:01.950+0000] {logging_mixin.py:188} INFO - [2024-09-13T02:55:01.950+0000] {dagbag.py:538} INFO - Filling up the DagBag from /home/airflow/.local/lib/python3.8/site-packages/airflow/example_dags/tutorial_taskflow_api.py
[2024-09-13T02:55:01.954+0000] {processor.py:840} INFO - DAG(s) 'tutorial_taskflow_api' retrieved from /home/airflow/.local/lib/python3.8/site-packages/airflow/example_dags/tutorial_taskflow_api.py
[2024-09-13T02:55:01.968+0000] {logging_mixin.py:188} INFO - [2024-09-13T02:55:01.968+0000] {dag.py:3036} INFO - Sync 1 DAGs
[2024-09-13T02:55:01.974+0000] {logging_mixin.py:188} INFO - [2024-09-13T02:55:01.974+0000] {dag.py:3823} INFO - Setting next_dagrun for tutorial_taskflow_api to None, run_after=None
[2024-09-13T02:55:01.984+0000] {processor.py:183} INFO - Processing /home/airflow/.local/lib/python3.8/site-packages/airflow/example_dags/tutorial_taskflow_api.py took 0.038 seconds
[2024-09-13T02:55:32.722+0000] {processor.py:161} INFO - Started process (PID=8400) to work on /home/airflow/.local/lib/python3.8/site-packages/airflow/example_dags/tutorial_taskflow_api.py
[2024-09-13T02:55:32.723+0000] {processor.py:830} INFO - Processing file /home/airflow/.local/lib/python3.8/site-packages/airflow/example_dags/tutorial_taskflow_api.py for tasks to queue
[2024-09-13T02:55:32.724+0000] {logging_mixin.py:188} INFO - [2024-09-13T02:55:32.723+0000] {dagbag.py:538} INFO - Filling up the DagBag from /home/airflow/.local/lib/python3.8/site-packages/airflow/example_dags/tutorial_taskflow_api.py
[2024-09-13T02:55:32.728+0000] {processor.py:840} INFO - DAG(s) 'tutorial_taskflow_api' retrieved from /home/airflow/.local/lib/python3.8/site-packages/airflow/example_dags/tutorial_taskflow_api.py
[2024-09-13T02:55:32.749+0000] {logging_mixin.py:188} INFO - [2024-09-13T02:55:32.749+0000] {dag.py:3036} INFO - Sync 1 DAGs
[2024-09-13T02:55:32.763+0000] {logging_mixin.py:188} INFO - [2024-09-13T02:55:32.763+0000] {dag.py:3823} INFO - Setting next_dagrun for tutorial_taskflow_api to None, run_after=None
[2024-09-13T02:55:32.794+0000] {processor.py:183} INFO - Processing /home/airflow/.local/lib/python3.8/site-packages/airflow/example_dags/tutorial_taskflow_api.py took 0.074 seconds
