[2024-09-13T02:38:42.933+0000] {processor.py:161} INFO - Started process (PID=276) to work on /home/airflow/.local/lib/python3.8/site-packages/airflow/example_dags/example_kubernetes_executor.py
[2024-09-13T02:38:42.934+0000] {processor.py:830} INFO - Processing file /home/airflow/.local/lib/python3.8/site-packages/airflow/example_dags/example_kubernetes_executor.py for tasks to queue
[2024-09-13T02:38:42.936+0000] {logging_mixin.py:188} INFO - [2024-09-13T02:38:42.936+0000] {dagbag.py:538} INFO - Filling up the DagBag from /home/airflow/.local/lib/python3.8/site-packages/airflow/example_dags/example_kubernetes_executor.py
[2024-09-13T02:38:42.950+0000] {processor.py:840} INFO - DAG(s) 'example_kubernetes_executor' retrieved from /home/airflow/.local/lib/python3.8/site-packages/airflow/example_dags/example_kubernetes_executor.py
[2024-09-13T02:38:42.981+0000] {logging_mixin.py:188} INFO - [2024-09-13T02:38:42.981+0000] {dag.py:3036} INFO - Sync 1 DAGs
[2024-09-13T02:38:42.991+0000] {logging_mixin.py:188} INFO - [2024-09-13T02:38:42.991+0000] {dag.py:3823} INFO - Setting next_dagrun for example_kubernetes_executor to None, run_after=None
[2024-09-13T02:38:43.009+0000] {processor.py:183} INFO - Processing /home/airflow/.local/lib/python3.8/site-packages/airflow/example_dags/example_kubernetes_executor.py took 0.079 seconds
[2024-09-13T02:39:13.680+0000] {processor.py:161} INFO - Started process (PID=523) to work on /home/airflow/.local/lib/python3.8/site-packages/airflow/example_dags/example_kubernetes_executor.py
[2024-09-13T02:39:13.680+0000] {processor.py:830} INFO - Processing file /home/airflow/.local/lib/python3.8/site-packages/airflow/example_dags/example_kubernetes_executor.py for tasks to queue
[2024-09-13T02:39:13.681+0000] {logging_mixin.py:188} INFO - [2024-09-13T02:39:13.681+0000] {dagbag.py:538} INFO - Filling up the DagBag from /home/airflow/.local/lib/python3.8/site-packages/airflow/example_dags/example_kubernetes_executor.py
[2024-09-13T02:39:13.690+0000] {processor.py:840} INFO - DAG(s) 'example_kubernetes_executor' retrieved from /home/airflow/.local/lib/python3.8/site-packages/airflow/example_dags/example_kubernetes_executor.py
[2024-09-13T02:39:13.710+0000] {logging_mixin.py:188} INFO - [2024-09-13T02:39:13.710+0000] {dag.py:3036} INFO - Sync 1 DAGs
[2024-09-13T02:39:13.716+0000] {logging_mixin.py:188} INFO - [2024-09-13T02:39:13.716+0000] {dag.py:3823} INFO - Setting next_dagrun for example_kubernetes_executor to None, run_after=None
[2024-09-13T02:39:13.725+0000] {processor.py:183} INFO - Processing /home/airflow/.local/lib/python3.8/site-packages/airflow/example_dags/example_kubernetes_executor.py took 0.048 seconds
[2024-09-13T02:39:44.416+0000] {processor.py:161} INFO - Started process (PID=772) to work on /home/airflow/.local/lib/python3.8/site-packages/airflow/example_dags/example_kubernetes_executor.py
[2024-09-13T02:39:44.417+0000] {processor.py:830} INFO - Processing file /home/airflow/.local/lib/python3.8/site-packages/airflow/example_dags/example_kubernetes_executor.py for tasks to queue
[2024-09-13T02:39:44.418+0000] {logging_mixin.py:188} INFO - [2024-09-13T02:39:44.418+0000] {dagbag.py:538} INFO - Filling up the DagBag from /home/airflow/.local/lib/python3.8/site-packages/airflow/example_dags/example_kubernetes_executor.py
[2024-09-13T02:39:44.428+0000] {processor.py:840} INFO - DAG(s) 'example_kubernetes_executor' retrieved from /home/airflow/.local/lib/python3.8/site-packages/airflow/example_dags/example_kubernetes_executor.py
[2024-09-13T02:39:44.455+0000] {logging_mixin.py:188} INFO - [2024-09-13T02:39:44.455+0000] {dag.py:3036} INFO - Sync 1 DAGs
[2024-09-13T02:39:44.462+0000] {logging_mixin.py:188} INFO - [2024-09-13T02:39:44.462+0000] {dag.py:3823} INFO - Setting next_dagrun for example_kubernetes_executor to None, run_after=None
[2024-09-13T02:39:44.474+0000] {processor.py:183} INFO - Processing /home/airflow/.local/lib/python3.8/site-packages/airflow/example_dags/example_kubernetes_executor.py took 0.062 seconds
[2024-09-13T02:40:15.455+0000] {processor.py:161} INFO - Started process (PID=1018) to work on /home/airflow/.local/lib/python3.8/site-packages/airflow/example_dags/example_kubernetes_executor.py
[2024-09-13T02:40:15.456+0000] {processor.py:830} INFO - Processing file /home/airflow/.local/lib/python3.8/site-packages/airflow/example_dags/example_kubernetes_executor.py for tasks to queue
[2024-09-13T02:40:15.457+0000] {logging_mixin.py:188} INFO - [2024-09-13T02:40:15.456+0000] {dagbag.py:538} INFO - Filling up the DagBag from /home/airflow/.local/lib/python3.8/site-packages/airflow/example_dags/example_kubernetes_executor.py
[2024-09-13T02:40:15.466+0000] {processor.py:840} INFO - DAG(s) 'example_kubernetes_executor' retrieved from /home/airflow/.local/lib/python3.8/site-packages/airflow/example_dags/example_kubernetes_executor.py
[2024-09-13T02:40:15.489+0000] {logging_mixin.py:188} INFO - [2024-09-13T02:40:15.489+0000] {dag.py:3036} INFO - Sync 1 DAGs
[2024-09-13T02:40:15.495+0000] {logging_mixin.py:188} INFO - [2024-09-13T02:40:15.495+0000] {dag.py:3823} INFO - Setting next_dagrun for example_kubernetes_executor to None, run_after=None
[2024-09-13T02:40:15.506+0000] {processor.py:183} INFO - Processing /home/airflow/.local/lib/python3.8/site-packages/airflow/example_dags/example_kubernetes_executor.py took 0.054 seconds
[2024-09-13T02:40:45.605+0000] {processor.py:161} INFO - Started process (PID=1263) to work on /home/airflow/.local/lib/python3.8/site-packages/airflow/example_dags/example_kubernetes_executor.py
[2024-09-13T02:40:45.606+0000] {processor.py:830} INFO - Processing file /home/airflow/.local/lib/python3.8/site-packages/airflow/example_dags/example_kubernetes_executor.py for tasks to queue
[2024-09-13T02:40:45.607+0000] {logging_mixin.py:188} INFO - [2024-09-13T02:40:45.607+0000] {dagbag.py:538} INFO - Filling up the DagBag from /home/airflow/.local/lib/python3.8/site-packages/airflow/example_dags/example_kubernetes_executor.py
[2024-09-13T02:40:45.615+0000] {processor.py:840} INFO - DAG(s) 'example_kubernetes_executor' retrieved from /home/airflow/.local/lib/python3.8/site-packages/airflow/example_dags/example_kubernetes_executor.py
[2024-09-13T02:40:45.636+0000] {logging_mixin.py:188} INFO - [2024-09-13T02:40:45.635+0000] {dag.py:3036} INFO - Sync 1 DAGs
[2024-09-13T02:40:45.643+0000] {logging_mixin.py:188} INFO - [2024-09-13T02:40:45.643+0000] {dag.py:3823} INFO - Setting next_dagrun for example_kubernetes_executor to None, run_after=None
[2024-09-13T02:40:45.654+0000] {processor.py:183} INFO - Processing /home/airflow/.local/lib/python3.8/site-packages/airflow/example_dags/example_kubernetes_executor.py took 0.051 seconds
[2024-09-13T02:41:15.715+0000] {processor.py:161} INFO - Started process (PID=1510) to work on /home/airflow/.local/lib/python3.8/site-packages/airflow/example_dags/example_kubernetes_executor.py
[2024-09-13T02:41:15.715+0000] {processor.py:830} INFO - Processing file /home/airflow/.local/lib/python3.8/site-packages/airflow/example_dags/example_kubernetes_executor.py for tasks to queue
[2024-09-13T02:41:15.716+0000] {logging_mixin.py:188} INFO - [2024-09-13T02:41:15.716+0000] {dagbag.py:538} INFO - Filling up the DagBag from /home/airflow/.local/lib/python3.8/site-packages/airflow/example_dags/example_kubernetes_executor.py
[2024-09-13T02:41:15.724+0000] {processor.py:840} INFO - DAG(s) 'example_kubernetes_executor' retrieved from /home/airflow/.local/lib/python3.8/site-packages/airflow/example_dags/example_kubernetes_executor.py
[2024-09-13T02:41:15.745+0000] {logging_mixin.py:188} INFO - [2024-09-13T02:41:15.745+0000] {dag.py:3036} INFO - Sync 1 DAGs
[2024-09-13T02:41:15.764+0000] {logging_mixin.py:188} INFO - [2024-09-13T02:41:15.764+0000] {dag.py:3823} INFO - Setting next_dagrun for example_kubernetes_executor to None, run_after=None
[2024-09-13T02:41:15.791+0000] {processor.py:183} INFO - Processing /home/airflow/.local/lib/python3.8/site-packages/airflow/example_dags/example_kubernetes_executor.py took 0.079 seconds
[2024-09-13T02:41:46.521+0000] {processor.py:161} INFO - Started process (PID=1756) to work on /home/airflow/.local/lib/python3.8/site-packages/airflow/example_dags/example_kubernetes_executor.py
[2024-09-13T02:41:46.522+0000] {processor.py:830} INFO - Processing file /home/airflow/.local/lib/python3.8/site-packages/airflow/example_dags/example_kubernetes_executor.py for tasks to queue
[2024-09-13T02:41:46.522+0000] {logging_mixin.py:188} INFO - [2024-09-13T02:41:46.522+0000] {dagbag.py:538} INFO - Filling up the DagBag from /home/airflow/.local/lib/python3.8/site-packages/airflow/example_dags/example_kubernetes_executor.py
[2024-09-13T02:41:46.531+0000] {processor.py:840} INFO - DAG(s) 'example_kubernetes_executor' retrieved from /home/airflow/.local/lib/python3.8/site-packages/airflow/example_dags/example_kubernetes_executor.py
[2024-09-13T02:41:46.554+0000] {logging_mixin.py:188} INFO - [2024-09-13T02:41:46.554+0000] {dag.py:3036} INFO - Sync 1 DAGs
[2024-09-13T02:41:46.562+0000] {logging_mixin.py:188} INFO - [2024-09-13T02:41:46.562+0000] {dag.py:3823} INFO - Setting next_dagrun for example_kubernetes_executor to None, run_after=None
[2024-09-13T02:41:46.573+0000] {processor.py:183} INFO - Processing /home/airflow/.local/lib/python3.8/site-packages/airflow/example_dags/example_kubernetes_executor.py took 0.054 seconds
[2024-09-13T02:42:17.135+0000] {processor.py:161} INFO - Started process (PID=2003) to work on /home/airflow/.local/lib/python3.8/site-packages/airflow/example_dags/example_kubernetes_executor.py
[2024-09-13T02:42:17.136+0000] {processor.py:830} INFO - Processing file /home/airflow/.local/lib/python3.8/site-packages/airflow/example_dags/example_kubernetes_executor.py for tasks to queue
[2024-09-13T02:42:17.137+0000] {logging_mixin.py:188} INFO - [2024-09-13T02:42:17.136+0000] {dagbag.py:538} INFO - Filling up the DagBag from /home/airflow/.local/lib/python3.8/site-packages/airflow/example_dags/example_kubernetes_executor.py
[2024-09-13T02:42:17.144+0000] {processor.py:840} INFO - DAG(s) 'example_kubernetes_executor' retrieved from /home/airflow/.local/lib/python3.8/site-packages/airflow/example_dags/example_kubernetes_executor.py
[2024-09-13T02:42:17.165+0000] {logging_mixin.py:188} INFO - [2024-09-13T02:42:17.165+0000] {dag.py:3036} INFO - Sync 1 DAGs
[2024-09-13T02:42:17.171+0000] {logging_mixin.py:188} INFO - [2024-09-13T02:42:17.171+0000] {dag.py:3823} INFO - Setting next_dagrun for example_kubernetes_executor to None, run_after=None
[2024-09-13T02:42:17.181+0000] {processor.py:183} INFO - Processing /home/airflow/.local/lib/python3.8/site-packages/airflow/example_dags/example_kubernetes_executor.py took 0.048 seconds
[2024-09-13T02:42:48.059+0000] {processor.py:161} INFO - Started process (PID=2250) to work on /home/airflow/.local/lib/python3.8/site-packages/airflow/example_dags/example_kubernetes_executor.py
[2024-09-13T02:42:48.060+0000] {processor.py:830} INFO - Processing file /home/airflow/.local/lib/python3.8/site-packages/airflow/example_dags/example_kubernetes_executor.py for tasks to queue
[2024-09-13T02:42:48.061+0000] {logging_mixin.py:188} INFO - [2024-09-13T02:42:48.061+0000] {dagbag.py:538} INFO - Filling up the DagBag from /home/airflow/.local/lib/python3.8/site-packages/airflow/example_dags/example_kubernetes_executor.py
[2024-09-13T02:42:48.069+0000] {processor.py:840} INFO - DAG(s) 'example_kubernetes_executor' retrieved from /home/airflow/.local/lib/python3.8/site-packages/airflow/example_dags/example_kubernetes_executor.py
[2024-09-13T02:42:48.090+0000] {logging_mixin.py:188} INFO - [2024-09-13T02:42:48.089+0000] {dag.py:3036} INFO - Sync 1 DAGs
[2024-09-13T02:42:48.097+0000] {logging_mixin.py:188} INFO - [2024-09-13T02:42:48.097+0000] {dag.py:3823} INFO - Setting next_dagrun for example_kubernetes_executor to None, run_after=None
[2024-09-13T02:42:48.107+0000] {processor.py:183} INFO - Processing /home/airflow/.local/lib/python3.8/site-packages/airflow/example_dags/example_kubernetes_executor.py took 0.050 seconds
[2024-09-13T02:43:19.094+0000] {processor.py:161} INFO - Started process (PID=2497) to work on /home/airflow/.local/lib/python3.8/site-packages/airflow/example_dags/example_kubernetes_executor.py
[2024-09-13T02:43:19.096+0000] {processor.py:830} INFO - Processing file /home/airflow/.local/lib/python3.8/site-packages/airflow/example_dags/example_kubernetes_executor.py for tasks to queue
[2024-09-13T02:43:19.097+0000] {logging_mixin.py:188} INFO - [2024-09-13T02:43:19.096+0000] {dagbag.py:538} INFO - Filling up the DagBag from /home/airflow/.local/lib/python3.8/site-packages/airflow/example_dags/example_kubernetes_executor.py
[2024-09-13T02:43:19.106+0000] {processor.py:840} INFO - DAG(s) 'example_kubernetes_executor' retrieved from /home/airflow/.local/lib/python3.8/site-packages/airflow/example_dags/example_kubernetes_executor.py
[2024-09-13T02:43:19.129+0000] {logging_mixin.py:188} INFO - [2024-09-13T02:43:19.129+0000] {dag.py:3036} INFO - Sync 1 DAGs
[2024-09-13T02:43:19.136+0000] {logging_mixin.py:188} INFO - [2024-09-13T02:43:19.136+0000] {dag.py:3823} INFO - Setting next_dagrun for example_kubernetes_executor to None, run_after=None
[2024-09-13T02:43:19.148+0000] {processor.py:183} INFO - Processing /home/airflow/.local/lib/python3.8/site-packages/airflow/example_dags/example_kubernetes_executor.py took 0.059 seconds
[2024-09-13T02:43:49.833+0000] {processor.py:161} INFO - Started process (PID=2744) to work on /home/airflow/.local/lib/python3.8/site-packages/airflow/example_dags/example_kubernetes_executor.py
[2024-09-13T02:43:49.834+0000] {processor.py:830} INFO - Processing file /home/airflow/.local/lib/python3.8/site-packages/airflow/example_dags/example_kubernetes_executor.py for tasks to queue
[2024-09-13T02:43:49.835+0000] {logging_mixin.py:188} INFO - [2024-09-13T02:43:49.835+0000] {dagbag.py:538} INFO - Filling up the DagBag from /home/airflow/.local/lib/python3.8/site-packages/airflow/example_dags/example_kubernetes_executor.py
[2024-09-13T02:43:49.843+0000] {processor.py:840} INFO - DAG(s) 'example_kubernetes_executor' retrieved from /home/airflow/.local/lib/python3.8/site-packages/airflow/example_dags/example_kubernetes_executor.py
[2024-09-13T02:43:49.866+0000] {logging_mixin.py:188} INFO - [2024-09-13T02:43:49.866+0000] {dag.py:3036} INFO - Sync 1 DAGs
[2024-09-13T02:43:49.873+0000] {logging_mixin.py:188} INFO - [2024-09-13T02:43:49.872+0000] {dag.py:3823} INFO - Setting next_dagrun for example_kubernetes_executor to None, run_after=None
[2024-09-13T02:43:49.882+0000] {processor.py:183} INFO - Processing /home/airflow/.local/lib/python3.8/site-packages/airflow/example_dags/example_kubernetes_executor.py took 0.052 seconds
[2024-09-13T02:44:20.553+0000] {processor.py:161} INFO - Started process (PID=2991) to work on /home/airflow/.local/lib/python3.8/site-packages/airflow/example_dags/example_kubernetes_executor.py
[2024-09-13T02:44:20.554+0000] {processor.py:830} INFO - Processing file /home/airflow/.local/lib/python3.8/site-packages/airflow/example_dags/example_kubernetes_executor.py for tasks to queue
[2024-09-13T02:44:20.554+0000] {logging_mixin.py:188} INFO - [2024-09-13T02:44:20.554+0000] {dagbag.py:538} INFO - Filling up the DagBag from /home/airflow/.local/lib/python3.8/site-packages/airflow/example_dags/example_kubernetes_executor.py
[2024-09-13T02:44:20.563+0000] {processor.py:840} INFO - DAG(s) 'example_kubernetes_executor' retrieved from /home/airflow/.local/lib/python3.8/site-packages/airflow/example_dags/example_kubernetes_executor.py
[2024-09-13T02:44:20.584+0000] {logging_mixin.py:188} INFO - [2024-09-13T02:44:20.583+0000] {dag.py:3036} INFO - Sync 1 DAGs
[2024-09-13T02:44:20.590+0000] {logging_mixin.py:188} INFO - [2024-09-13T02:44:20.590+0000] {dag.py:3823} INFO - Setting next_dagrun for example_kubernetes_executor to None, run_after=None
[2024-09-13T02:44:20.600+0000] {processor.py:183} INFO - Processing /home/airflow/.local/lib/python3.8/site-packages/airflow/example_dags/example_kubernetes_executor.py took 0.049 seconds
[2024-09-13T02:44:51.225+0000] {processor.py:161} INFO - Started process (PID=3238) to work on /home/airflow/.local/lib/python3.8/site-packages/airflow/example_dags/example_kubernetes_executor.py
[2024-09-13T02:44:51.226+0000] {processor.py:830} INFO - Processing file /home/airflow/.local/lib/python3.8/site-packages/airflow/example_dags/example_kubernetes_executor.py for tasks to queue
[2024-09-13T02:44:51.227+0000] {logging_mixin.py:188} INFO - [2024-09-13T02:44:51.227+0000] {dagbag.py:538} INFO - Filling up the DagBag from /home/airflow/.local/lib/python3.8/site-packages/airflow/example_dags/example_kubernetes_executor.py
[2024-09-13T02:44:51.235+0000] {processor.py:840} INFO - DAG(s) 'example_kubernetes_executor' retrieved from /home/airflow/.local/lib/python3.8/site-packages/airflow/example_dags/example_kubernetes_executor.py
[2024-09-13T02:44:51.256+0000] {logging_mixin.py:188} INFO - [2024-09-13T02:44:51.255+0000] {dag.py:3036} INFO - Sync 1 DAGs
[2024-09-13T02:44:51.262+0000] {logging_mixin.py:188} INFO - [2024-09-13T02:44:51.262+0000] {dag.py:3823} INFO - Setting next_dagrun for example_kubernetes_executor to None, run_after=None
[2024-09-13T02:44:51.271+0000] {processor.py:183} INFO - Processing /home/airflow/.local/lib/python3.8/site-packages/airflow/example_dags/example_kubernetes_executor.py took 0.048 seconds
[2024-09-13T02:45:21.954+0000] {processor.py:161} INFO - Started process (PID=3485) to work on /home/airflow/.local/lib/python3.8/site-packages/airflow/example_dags/example_kubernetes_executor.py
[2024-09-13T02:45:21.955+0000] {processor.py:830} INFO - Processing file /home/airflow/.local/lib/python3.8/site-packages/airflow/example_dags/example_kubernetes_executor.py for tasks to queue
[2024-09-13T02:45:21.955+0000] {logging_mixin.py:188} INFO - [2024-09-13T02:45:21.955+0000] {dagbag.py:538} INFO - Filling up the DagBag from /home/airflow/.local/lib/python3.8/site-packages/airflow/example_dags/example_kubernetes_executor.py
[2024-09-13T02:45:21.964+0000] {processor.py:840} INFO - DAG(s) 'example_kubernetes_executor' retrieved from /home/airflow/.local/lib/python3.8/site-packages/airflow/example_dags/example_kubernetes_executor.py
[2024-09-13T02:45:21.986+0000] {logging_mixin.py:188} INFO - [2024-09-13T02:45:21.986+0000] {dag.py:3036} INFO - Sync 1 DAGs
[2024-09-13T02:45:21.992+0000] {logging_mixin.py:188} INFO - [2024-09-13T02:45:21.992+0000] {dag.py:3823} INFO - Setting next_dagrun for example_kubernetes_executor to None, run_after=None
[2024-09-13T02:45:22.002+0000] {processor.py:183} INFO - Processing /home/airflow/.local/lib/python3.8/site-packages/airflow/example_dags/example_kubernetes_executor.py took 0.051 seconds
[2024-09-13T02:45:52.051+0000] {processor.py:161} INFO - Started process (PID=3732) to work on /home/airflow/.local/lib/python3.8/site-packages/airflow/example_dags/example_kubernetes_executor.py
[2024-09-13T02:45:52.052+0000] {processor.py:830} INFO - Processing file /home/airflow/.local/lib/python3.8/site-packages/airflow/example_dags/example_kubernetes_executor.py for tasks to queue
[2024-09-13T02:45:52.052+0000] {logging_mixin.py:188} INFO - [2024-09-13T02:45:52.052+0000] {dagbag.py:538} INFO - Filling up the DagBag from /home/airflow/.local/lib/python3.8/site-packages/airflow/example_dags/example_kubernetes_executor.py
[2024-09-13T02:45:52.061+0000] {processor.py:840} INFO - DAG(s) 'example_kubernetes_executor' retrieved from /home/airflow/.local/lib/python3.8/site-packages/airflow/example_dags/example_kubernetes_executor.py
[2024-09-13T02:45:52.084+0000] {logging_mixin.py:188} INFO - [2024-09-13T02:45:52.084+0000] {dag.py:3036} INFO - Sync 1 DAGs
[2024-09-13T02:45:52.091+0000] {logging_mixin.py:188} INFO - [2024-09-13T02:45:52.090+0000] {dag.py:3823} INFO - Setting next_dagrun for example_kubernetes_executor to None, run_after=None
[2024-09-13T02:45:52.102+0000] {processor.py:183} INFO - Processing /home/airflow/.local/lib/python3.8/site-packages/airflow/example_dags/example_kubernetes_executor.py took 0.053 seconds
[2024-09-13T02:46:22.299+0000] {processor.py:161} INFO - Started process (PID=3979) to work on /home/airflow/.local/lib/python3.8/site-packages/airflow/example_dags/example_kubernetes_executor.py
[2024-09-13T02:46:22.300+0000] {processor.py:830} INFO - Processing file /home/airflow/.local/lib/python3.8/site-packages/airflow/example_dags/example_kubernetes_executor.py for tasks to queue
[2024-09-13T02:46:22.301+0000] {logging_mixin.py:188} INFO - [2024-09-13T02:46:22.301+0000] {dagbag.py:538} INFO - Filling up the DagBag from /home/airflow/.local/lib/python3.8/site-packages/airflow/example_dags/example_kubernetes_executor.py
[2024-09-13T02:46:22.311+0000] {processor.py:840} INFO - DAG(s) 'example_kubernetes_executor' retrieved from /home/airflow/.local/lib/python3.8/site-packages/airflow/example_dags/example_kubernetes_executor.py
[2024-09-13T02:46:22.335+0000] {logging_mixin.py:188} INFO - [2024-09-13T02:46:22.334+0000] {dag.py:3036} INFO - Sync 1 DAGs
[2024-09-13T02:46:22.342+0000] {logging_mixin.py:188} INFO - [2024-09-13T02:46:22.342+0000] {dag.py:3823} INFO - Setting next_dagrun for example_kubernetes_executor to None, run_after=None
[2024-09-13T02:46:22.356+0000] {processor.py:183} INFO - Processing /home/airflow/.local/lib/python3.8/site-packages/airflow/example_dags/example_kubernetes_executor.py took 0.059 seconds
[2024-09-13T02:46:52.621+0000] {processor.py:161} INFO - Started process (PID=4226) to work on /home/airflow/.local/lib/python3.8/site-packages/airflow/example_dags/example_kubernetes_executor.py
[2024-09-13T02:46:52.621+0000] {processor.py:830} INFO - Processing file /home/airflow/.local/lib/python3.8/site-packages/airflow/example_dags/example_kubernetes_executor.py for tasks to queue
[2024-09-13T02:46:52.622+0000] {logging_mixin.py:188} INFO - [2024-09-13T02:46:52.622+0000] {dagbag.py:538} INFO - Filling up the DagBag from /home/airflow/.local/lib/python3.8/site-packages/airflow/example_dags/example_kubernetes_executor.py
[2024-09-13T02:46:52.631+0000] {processor.py:840} INFO - DAG(s) 'example_kubernetes_executor' retrieved from /home/airflow/.local/lib/python3.8/site-packages/airflow/example_dags/example_kubernetes_executor.py
[2024-09-13T02:46:52.651+0000] {logging_mixin.py:188} INFO - [2024-09-13T02:46:52.651+0000] {dag.py:3036} INFO - Sync 1 DAGs
[2024-09-13T02:46:52.658+0000] {logging_mixin.py:188} INFO - [2024-09-13T02:46:52.658+0000] {dag.py:3823} INFO - Setting next_dagrun for example_kubernetes_executor to None, run_after=None
[2024-09-13T02:46:52.669+0000] {processor.py:183} INFO - Processing /home/airflow/.local/lib/python3.8/site-packages/airflow/example_dags/example_kubernetes_executor.py took 0.051 seconds
[2024-09-13T02:47:23.314+0000] {processor.py:161} INFO - Started process (PID=4473) to work on /home/airflow/.local/lib/python3.8/site-packages/airflow/example_dags/example_kubernetes_executor.py
[2024-09-13T02:47:23.314+0000] {processor.py:830} INFO - Processing file /home/airflow/.local/lib/python3.8/site-packages/airflow/example_dags/example_kubernetes_executor.py for tasks to queue
[2024-09-13T02:47:23.315+0000] {logging_mixin.py:188} INFO - [2024-09-13T02:47:23.315+0000] {dagbag.py:538} INFO - Filling up the DagBag from /home/airflow/.local/lib/python3.8/site-packages/airflow/example_dags/example_kubernetes_executor.py
[2024-09-13T02:47:23.323+0000] {processor.py:840} INFO - DAG(s) 'example_kubernetes_executor' retrieved from /home/airflow/.local/lib/python3.8/site-packages/airflow/example_dags/example_kubernetes_executor.py
[2024-09-13T02:47:23.345+0000] {logging_mixin.py:188} INFO - [2024-09-13T02:47:23.345+0000] {dag.py:3036} INFO - Sync 1 DAGs
[2024-09-13T02:47:23.353+0000] {logging_mixin.py:188} INFO - [2024-09-13T02:47:23.352+0000] {dag.py:3823} INFO - Setting next_dagrun for example_kubernetes_executor to None, run_after=None
[2024-09-13T02:47:23.365+0000] {processor.py:183} INFO - Processing /home/airflow/.local/lib/python3.8/site-packages/airflow/example_dags/example_kubernetes_executor.py took 0.054 seconds
[2024-09-13T02:47:54.616+0000] {processor.py:161} INFO - Started process (PID=4720) to work on /home/airflow/.local/lib/python3.8/site-packages/airflow/example_dags/example_kubernetes_executor.py
[2024-09-13T02:47:54.617+0000] {processor.py:830} INFO - Processing file /home/airflow/.local/lib/python3.8/site-packages/airflow/example_dags/example_kubernetes_executor.py for tasks to queue
[2024-09-13T02:47:54.618+0000] {logging_mixin.py:188} INFO - [2024-09-13T02:47:54.618+0000] {dagbag.py:538} INFO - Filling up the DagBag from /home/airflow/.local/lib/python3.8/site-packages/airflow/example_dags/example_kubernetes_executor.py
[2024-09-13T02:47:54.630+0000] {processor.py:840} INFO - DAG(s) 'example_kubernetes_executor' retrieved from /home/airflow/.local/lib/python3.8/site-packages/airflow/example_dags/example_kubernetes_executor.py
[2024-09-13T02:47:54.659+0000] {logging_mixin.py:188} INFO - [2024-09-13T02:47:54.658+0000] {dag.py:3036} INFO - Sync 1 DAGs
[2024-09-13T02:47:54.666+0000] {logging_mixin.py:188} INFO - [2024-09-13T02:47:54.666+0000] {dag.py:3823} INFO - Setting next_dagrun for example_kubernetes_executor to None, run_after=None
[2024-09-13T02:47:54.678+0000] {processor.py:183} INFO - Processing /home/airflow/.local/lib/python3.8/site-packages/airflow/example_dags/example_kubernetes_executor.py took 0.066 seconds
[2024-09-13T02:48:25.347+0000] {processor.py:161} INFO - Started process (PID=4969) to work on /home/airflow/.local/lib/python3.8/site-packages/airflow/example_dags/example_kubernetes_executor.py
[2024-09-13T02:48:25.349+0000] {processor.py:830} INFO - Processing file /home/airflow/.local/lib/python3.8/site-packages/airflow/example_dags/example_kubernetes_executor.py for tasks to queue
[2024-09-13T02:48:25.349+0000] {logging_mixin.py:188} INFO - [2024-09-13T02:48:25.349+0000] {dagbag.py:538} INFO - Filling up the DagBag from /home/airflow/.local/lib/python3.8/site-packages/airflow/example_dags/example_kubernetes_executor.py
[2024-09-13T02:48:25.360+0000] {processor.py:840} INFO - DAG(s) 'example_kubernetes_executor' retrieved from /home/airflow/.local/lib/python3.8/site-packages/airflow/example_dags/example_kubernetes_executor.py
[2024-09-13T02:48:25.385+0000] {logging_mixin.py:188} INFO - [2024-09-13T02:48:25.385+0000] {dag.py:3036} INFO - Sync 1 DAGs
[2024-09-13T02:48:25.392+0000] {logging_mixin.py:188} INFO - [2024-09-13T02:48:25.392+0000] {dag.py:3823} INFO - Setting next_dagrun for example_kubernetes_executor to None, run_after=None
[2024-09-13T02:48:25.403+0000] {processor.py:183} INFO - Processing /home/airflow/.local/lib/python3.8/site-packages/airflow/example_dags/example_kubernetes_executor.py took 0.059 seconds
[2024-09-13T02:48:55.485+0000] {processor.py:161} INFO - Started process (PID=5216) to work on /home/airflow/.local/lib/python3.8/site-packages/airflow/example_dags/example_kubernetes_executor.py
[2024-09-13T02:48:55.486+0000] {processor.py:830} INFO - Processing file /home/airflow/.local/lib/python3.8/site-packages/airflow/example_dags/example_kubernetes_executor.py for tasks to queue
[2024-09-13T02:48:55.487+0000] {logging_mixin.py:188} INFO - [2024-09-13T02:48:55.486+0000] {dagbag.py:538} INFO - Filling up the DagBag from /home/airflow/.local/lib/python3.8/site-packages/airflow/example_dags/example_kubernetes_executor.py
[2024-09-13T02:48:55.495+0000] {processor.py:840} INFO - DAG(s) 'example_kubernetes_executor' retrieved from /home/airflow/.local/lib/python3.8/site-packages/airflow/example_dags/example_kubernetes_executor.py
[2024-09-13T02:48:55.515+0000] {logging_mixin.py:188} INFO - [2024-09-13T02:48:55.515+0000] {dag.py:3036} INFO - Sync 1 DAGs
[2024-09-13T02:48:55.521+0000] {logging_mixin.py:188} INFO - [2024-09-13T02:48:55.521+0000] {dag.py:3823} INFO - Setting next_dagrun for example_kubernetes_executor to None, run_after=None
[2024-09-13T02:48:55.530+0000] {processor.py:183} INFO - Processing /home/airflow/.local/lib/python3.8/site-packages/airflow/example_dags/example_kubernetes_executor.py took 0.047 seconds
[2024-09-13T02:49:26.182+0000] {processor.py:161} INFO - Started process (PID=5463) to work on /home/airflow/.local/lib/python3.8/site-packages/airflow/example_dags/example_kubernetes_executor.py
[2024-09-13T02:49:26.183+0000] {processor.py:830} INFO - Processing file /home/airflow/.local/lib/python3.8/site-packages/airflow/example_dags/example_kubernetes_executor.py for tasks to queue
[2024-09-13T02:49:26.183+0000] {logging_mixin.py:188} INFO - [2024-09-13T02:49:26.183+0000] {dagbag.py:538} INFO - Filling up the DagBag from /home/airflow/.local/lib/python3.8/site-packages/airflow/example_dags/example_kubernetes_executor.py
[2024-09-13T02:49:26.192+0000] {processor.py:840} INFO - DAG(s) 'example_kubernetes_executor' retrieved from /home/airflow/.local/lib/python3.8/site-packages/airflow/example_dags/example_kubernetes_executor.py
[2024-09-13T02:49:26.221+0000] {logging_mixin.py:188} INFO - [2024-09-13T02:49:26.221+0000] {dag.py:3036} INFO - Sync 1 DAGs
[2024-09-13T02:49:26.229+0000] {logging_mixin.py:188} INFO - [2024-09-13T02:49:26.229+0000] {dag.py:3823} INFO - Setting next_dagrun for example_kubernetes_executor to None, run_after=None
[2024-09-13T02:49:26.242+0000] {processor.py:183} INFO - Processing /home/airflow/.local/lib/python3.8/site-packages/airflow/example_dags/example_kubernetes_executor.py took 0.065 seconds
[2024-09-13T02:49:56.403+0000] {processor.py:161} INFO - Started process (PID=5710) to work on /home/airflow/.local/lib/python3.8/site-packages/airflow/example_dags/example_kubernetes_executor.py
[2024-09-13T02:49:56.404+0000] {processor.py:830} INFO - Processing file /home/airflow/.local/lib/python3.8/site-packages/airflow/example_dags/example_kubernetes_executor.py for tasks to queue
[2024-09-13T02:49:56.405+0000] {logging_mixin.py:188} INFO - [2024-09-13T02:49:56.404+0000] {dagbag.py:538} INFO - Filling up the DagBag from /home/airflow/.local/lib/python3.8/site-packages/airflow/example_dags/example_kubernetes_executor.py
[2024-09-13T02:49:56.413+0000] {processor.py:840} INFO - DAG(s) 'example_kubernetes_executor' retrieved from /home/airflow/.local/lib/python3.8/site-packages/airflow/example_dags/example_kubernetes_executor.py
[2024-09-13T02:49:56.433+0000] {logging_mixin.py:188} INFO - [2024-09-13T02:49:56.433+0000] {dag.py:3036} INFO - Sync 1 DAGs
[2024-09-13T02:49:56.448+0000] {logging_mixin.py:188} INFO - [2024-09-13T02:49:56.448+0000] {dag.py:3823} INFO - Setting next_dagrun for example_kubernetes_executor to None, run_after=None
[2024-09-13T02:49:56.532+0000] {processor.py:183} INFO - Processing /home/airflow/.local/lib/python3.8/site-packages/airflow/example_dags/example_kubernetes_executor.py took 0.131 seconds
[2024-09-13T02:50:27.115+0000] {processor.py:161} INFO - Started process (PID=5957) to work on /home/airflow/.local/lib/python3.8/site-packages/airflow/example_dags/example_kubernetes_executor.py
[2024-09-13T02:50:27.116+0000] {processor.py:830} INFO - Processing file /home/airflow/.local/lib/python3.8/site-packages/airflow/example_dags/example_kubernetes_executor.py for tasks to queue
[2024-09-13T02:50:27.117+0000] {logging_mixin.py:188} INFO - [2024-09-13T02:50:27.117+0000] {dagbag.py:538} INFO - Filling up the DagBag from /home/airflow/.local/lib/python3.8/site-packages/airflow/example_dags/example_kubernetes_executor.py
[2024-09-13T02:50:27.125+0000] {processor.py:840} INFO - DAG(s) 'example_kubernetes_executor' retrieved from /home/airflow/.local/lib/python3.8/site-packages/airflow/example_dags/example_kubernetes_executor.py
[2024-09-13T02:50:27.145+0000] {logging_mixin.py:188} INFO - [2024-09-13T02:50:27.145+0000] {dag.py:3036} INFO - Sync 1 DAGs
[2024-09-13T02:50:27.153+0000] {logging_mixin.py:188} INFO - [2024-09-13T02:50:27.153+0000] {dag.py:3823} INFO - Setting next_dagrun for example_kubernetes_executor to None, run_after=None
[2024-09-13T02:50:27.165+0000] {processor.py:183} INFO - Processing /home/airflow/.local/lib/python3.8/site-packages/airflow/example_dags/example_kubernetes_executor.py took 0.052 seconds
[2024-09-13T02:50:57.856+0000] {processor.py:161} INFO - Started process (PID=6204) to work on /home/airflow/.local/lib/python3.8/site-packages/airflow/example_dags/example_kubernetes_executor.py
[2024-09-13T02:50:57.857+0000] {processor.py:830} INFO - Processing file /home/airflow/.local/lib/python3.8/site-packages/airflow/example_dags/example_kubernetes_executor.py for tasks to queue
[2024-09-13T02:50:57.857+0000] {logging_mixin.py:188} INFO - [2024-09-13T02:50:57.857+0000] {dagbag.py:538} INFO - Filling up the DagBag from /home/airflow/.local/lib/python3.8/site-packages/airflow/example_dags/example_kubernetes_executor.py
[2024-09-13T02:50:57.865+0000] {processor.py:840} INFO - DAG(s) 'example_kubernetes_executor' retrieved from /home/airflow/.local/lib/python3.8/site-packages/airflow/example_dags/example_kubernetes_executor.py
[2024-09-13T02:50:57.886+0000] {logging_mixin.py:188} INFO - [2024-09-13T02:50:57.886+0000] {dag.py:3036} INFO - Sync 1 DAGs
[2024-09-13T02:50:57.892+0000] {logging_mixin.py:188} INFO - [2024-09-13T02:50:57.892+0000] {dag.py:3823} INFO - Setting next_dagrun for example_kubernetes_executor to None, run_after=None
[2024-09-13T02:50:57.902+0000] {processor.py:183} INFO - Processing /home/airflow/.local/lib/python3.8/site-packages/airflow/example_dags/example_kubernetes_executor.py took 0.048 seconds
[2024-09-13T02:51:28.487+0000] {processor.py:161} INFO - Started process (PID=6451) to work on /home/airflow/.local/lib/python3.8/site-packages/airflow/example_dags/example_kubernetes_executor.py
[2024-09-13T02:51:28.488+0000] {processor.py:830} INFO - Processing file /home/airflow/.local/lib/python3.8/site-packages/airflow/example_dags/example_kubernetes_executor.py for tasks to queue
[2024-09-13T02:51:28.489+0000] {logging_mixin.py:188} INFO - [2024-09-13T02:51:28.489+0000] {dagbag.py:538} INFO - Filling up the DagBag from /home/airflow/.local/lib/python3.8/site-packages/airflow/example_dags/example_kubernetes_executor.py
[2024-09-13T02:51:28.497+0000] {processor.py:840} INFO - DAG(s) 'example_kubernetes_executor' retrieved from /home/airflow/.local/lib/python3.8/site-packages/airflow/example_dags/example_kubernetes_executor.py
[2024-09-13T02:51:28.518+0000] {logging_mixin.py:188} INFO - [2024-09-13T02:51:28.518+0000] {dag.py:3036} INFO - Sync 1 DAGs
[2024-09-13T02:51:28.526+0000] {logging_mixin.py:188} INFO - [2024-09-13T02:51:28.526+0000] {dag.py:3823} INFO - Setting next_dagrun for example_kubernetes_executor to None, run_after=None
[2024-09-13T02:51:28.613+0000] {processor.py:183} INFO - Processing /home/airflow/.local/lib/python3.8/site-packages/airflow/example_dags/example_kubernetes_executor.py took 0.127 seconds
[2024-09-13T02:51:59.901+0000] {processor.py:161} INFO - Started process (PID=6698) to work on /home/airflow/.local/lib/python3.8/site-packages/airflow/example_dags/example_kubernetes_executor.py
[2024-09-13T02:51:59.902+0000] {processor.py:830} INFO - Processing file /home/airflow/.local/lib/python3.8/site-packages/airflow/example_dags/example_kubernetes_executor.py for tasks to queue
[2024-09-13T02:51:59.903+0000] {logging_mixin.py:188} INFO - [2024-09-13T02:51:59.903+0000] {dagbag.py:538} INFO - Filling up the DagBag from /home/airflow/.local/lib/python3.8/site-packages/airflow/example_dags/example_kubernetes_executor.py
[2024-09-13T02:51:59.921+0000] {processor.py:840} INFO - DAG(s) 'example_kubernetes_executor' retrieved from /home/airflow/.local/lib/python3.8/site-packages/airflow/example_dags/example_kubernetes_executor.py
[2024-09-13T02:52:00.007+0000] {logging_mixin.py:188} INFO - [2024-09-13T02:52:00.007+0000] {dag.py:3036} INFO - Sync 1 DAGs
[2024-09-13T02:52:00.027+0000] {logging_mixin.py:188} INFO - [2024-09-13T02:52:00.027+0000] {dag.py:3823} INFO - Setting next_dagrun for example_kubernetes_executor to None, run_after=None
[2024-09-13T02:52:00.051+0000] {processor.py:183} INFO - Processing /home/airflow/.local/lib/python3.8/site-packages/airflow/example_dags/example_kubernetes_executor.py took 0.153 seconds
[2024-09-13T02:52:30.403+0000] {processor.py:161} INFO - Started process (PID=6945) to work on /home/airflow/.local/lib/python3.8/site-packages/airflow/example_dags/example_kubernetes_executor.py
[2024-09-13T02:52:30.404+0000] {processor.py:830} INFO - Processing file /home/airflow/.local/lib/python3.8/site-packages/airflow/example_dags/example_kubernetes_executor.py for tasks to queue
[2024-09-13T02:52:30.406+0000] {logging_mixin.py:188} INFO - [2024-09-13T02:52:30.405+0000] {dagbag.py:538} INFO - Filling up the DagBag from /home/airflow/.local/lib/python3.8/site-packages/airflow/example_dags/example_kubernetes_executor.py
[2024-09-13T02:52:30.415+0000] {processor.py:840} INFO - DAG(s) 'example_kubernetes_executor' retrieved from /home/airflow/.local/lib/python3.8/site-packages/airflow/example_dags/example_kubernetes_executor.py
[2024-09-13T02:52:30.461+0000] {logging_mixin.py:188} INFO - [2024-09-13T02:52:30.460+0000] {dag.py:3036} INFO - Sync 1 DAGs
[2024-09-13T02:52:30.480+0000] {logging_mixin.py:188} INFO - [2024-09-13T02:52:30.479+0000] {dag.py:3823} INFO - Setting next_dagrun for example_kubernetes_executor to None, run_after=None
[2024-09-13T02:52:30.498+0000] {processor.py:183} INFO - Processing /home/airflow/.local/lib/python3.8/site-packages/airflow/example_dags/example_kubernetes_executor.py took 0.097 seconds
[2024-09-13T02:53:01.437+0000] {processor.py:161} INFO - Started process (PID=7192) to work on /home/airflow/.local/lib/python3.8/site-packages/airflow/example_dags/example_kubernetes_executor.py
[2024-09-13T02:53:01.437+0000] {processor.py:830} INFO - Processing file /home/airflow/.local/lib/python3.8/site-packages/airflow/example_dags/example_kubernetes_executor.py for tasks to queue
[2024-09-13T02:53:01.438+0000] {logging_mixin.py:188} INFO - [2024-09-13T02:53:01.438+0000] {dagbag.py:538} INFO - Filling up the DagBag from /home/airflow/.local/lib/python3.8/site-packages/airflow/example_dags/example_kubernetes_executor.py
[2024-09-13T02:53:01.446+0000] {processor.py:840} INFO - DAG(s) 'example_kubernetes_executor' retrieved from /home/airflow/.local/lib/python3.8/site-packages/airflow/example_dags/example_kubernetes_executor.py
[2024-09-13T02:53:01.468+0000] {logging_mixin.py:188} INFO - [2024-09-13T02:53:01.468+0000] {dag.py:3036} INFO - Sync 1 DAGs
[2024-09-13T02:53:01.476+0000] {logging_mixin.py:188} INFO - [2024-09-13T02:53:01.476+0000] {dag.py:3823} INFO - Setting next_dagrun for example_kubernetes_executor to None, run_after=None
[2024-09-13T02:53:01.488+0000] {processor.py:183} INFO - Processing /home/airflow/.local/lib/python3.8/site-packages/airflow/example_dags/example_kubernetes_executor.py took 0.054 seconds
[2024-09-13T02:53:31.974+0000] {processor.py:161} INFO - Started process (PID=7439) to work on /home/airflow/.local/lib/python3.8/site-packages/airflow/example_dags/example_kubernetes_executor.py
[2024-09-13T02:53:31.982+0000] {processor.py:830} INFO - Processing file /home/airflow/.local/lib/python3.8/site-packages/airflow/example_dags/example_kubernetes_executor.py for tasks to queue
[2024-09-13T02:53:31.983+0000] {logging_mixin.py:188} INFO - [2024-09-13T02:53:31.983+0000] {dagbag.py:538} INFO - Filling up the DagBag from /home/airflow/.local/lib/python3.8/site-packages/airflow/example_dags/example_kubernetes_executor.py
[2024-09-13T02:53:31.991+0000] {processor.py:840} INFO - DAG(s) 'example_kubernetes_executor' retrieved from /home/airflow/.local/lib/python3.8/site-packages/airflow/example_dags/example_kubernetes_executor.py
[2024-09-13T02:53:32.012+0000] {logging_mixin.py:188} INFO - [2024-09-13T02:53:32.012+0000] {dag.py:3036} INFO - Sync 1 DAGs
[2024-09-13T02:53:32.018+0000] {logging_mixin.py:188} INFO - [2024-09-13T02:53:32.018+0000] {dag.py:3823} INFO - Setting next_dagrun for example_kubernetes_executor to None, run_after=None
[2024-09-13T02:53:32.028+0000] {processor.py:183} INFO - Processing /home/airflow/.local/lib/python3.8/site-packages/airflow/example_dags/example_kubernetes_executor.py took 0.056 seconds
[2024-09-13T02:54:02.835+0000] {processor.py:161} INFO - Started process (PID=7686) to work on /home/airflow/.local/lib/python3.8/site-packages/airflow/example_dags/example_kubernetes_executor.py
[2024-09-13T02:54:02.836+0000] {processor.py:830} INFO - Processing file /home/airflow/.local/lib/python3.8/site-packages/airflow/example_dags/example_kubernetes_executor.py for tasks to queue
[2024-09-13T02:54:02.837+0000] {logging_mixin.py:188} INFO - [2024-09-13T02:54:02.837+0000] {dagbag.py:538} INFO - Filling up the DagBag from /home/airflow/.local/lib/python3.8/site-packages/airflow/example_dags/example_kubernetes_executor.py
[2024-09-13T02:54:02.848+0000] {processor.py:840} INFO - DAG(s) 'example_kubernetes_executor' retrieved from /home/airflow/.local/lib/python3.8/site-packages/airflow/example_dags/example_kubernetes_executor.py
[2024-09-13T02:54:02.874+0000] {logging_mixin.py:188} INFO - [2024-09-13T02:54:02.874+0000] {dag.py:3036} INFO - Sync 1 DAGs
[2024-09-13T02:54:02.882+0000] {logging_mixin.py:188} INFO - [2024-09-13T02:54:02.882+0000] {dag.py:3823} INFO - Setting next_dagrun for example_kubernetes_executor to None, run_after=None
[2024-09-13T02:54:02.893+0000] {processor.py:183} INFO - Processing /home/airflow/.local/lib/python3.8/site-packages/airflow/example_dags/example_kubernetes_executor.py took 0.060 seconds
[2024-09-13T02:54:33.014+0000] {processor.py:161} INFO - Started process (PID=7933) to work on /home/airflow/.local/lib/python3.8/site-packages/airflow/example_dags/example_kubernetes_executor.py
[2024-09-13T02:54:33.015+0000] {processor.py:830} INFO - Processing file /home/airflow/.local/lib/python3.8/site-packages/airflow/example_dags/example_kubernetes_executor.py for tasks to queue
[2024-09-13T02:54:33.015+0000] {logging_mixin.py:188} INFO - [2024-09-13T02:54:33.015+0000] {dagbag.py:538} INFO - Filling up the DagBag from /home/airflow/.local/lib/python3.8/site-packages/airflow/example_dags/example_kubernetes_executor.py
[2024-09-13T02:54:33.026+0000] {processor.py:840} INFO - DAG(s) 'example_kubernetes_executor' retrieved from /home/airflow/.local/lib/python3.8/site-packages/airflow/example_dags/example_kubernetes_executor.py
[2024-09-13T02:54:33.048+0000] {logging_mixin.py:188} INFO - [2024-09-13T02:54:33.047+0000] {dag.py:3036} INFO - Sync 1 DAGs
[2024-09-13T02:54:33.056+0000] {logging_mixin.py:188} INFO - [2024-09-13T02:54:33.055+0000] {dag.py:3823} INFO - Setting next_dagrun for example_kubernetes_executor to None, run_after=None
[2024-09-13T02:54:33.075+0000] {processor.py:183} INFO - Processing /home/airflow/.local/lib/python3.8/site-packages/airflow/example_dags/example_kubernetes_executor.py took 0.064 seconds
[2024-09-13T02:55:03.109+0000] {processor.py:161} INFO - Started process (PID=8180) to work on /home/airflow/.local/lib/python3.8/site-packages/airflow/example_dags/example_kubernetes_executor.py
[2024-09-13T02:55:03.110+0000] {processor.py:830} INFO - Processing file /home/airflow/.local/lib/python3.8/site-packages/airflow/example_dags/example_kubernetes_executor.py for tasks to queue
[2024-09-13T02:55:03.111+0000] {logging_mixin.py:188} INFO - [2024-09-13T02:55:03.110+0000] {dagbag.py:538} INFO - Filling up the DagBag from /home/airflow/.local/lib/python3.8/site-packages/airflow/example_dags/example_kubernetes_executor.py
[2024-09-13T02:55:03.119+0000] {processor.py:840} INFO - DAG(s) 'example_kubernetes_executor' retrieved from /home/airflow/.local/lib/python3.8/site-packages/airflow/example_dags/example_kubernetes_executor.py
[2024-09-13T02:55:03.140+0000] {logging_mixin.py:188} INFO - [2024-09-13T02:55:03.140+0000] {dag.py:3036} INFO - Sync 1 DAGs
[2024-09-13T02:55:03.147+0000] {logging_mixin.py:188} INFO - [2024-09-13T02:55:03.147+0000] {dag.py:3823} INFO - Setting next_dagrun for example_kubernetes_executor to None, run_after=None
[2024-09-13T02:55:03.156+0000] {processor.py:183} INFO - Processing /home/airflow/.local/lib/python3.8/site-packages/airflow/example_dags/example_kubernetes_executor.py took 0.049 seconds
[2024-09-13T02:55:33.950+0000] {processor.py:161} INFO - Started process (PID=8427) to work on /home/airflow/.local/lib/python3.8/site-packages/airflow/example_dags/example_kubernetes_executor.py
[2024-09-13T02:55:33.951+0000] {processor.py:830} INFO - Processing file /home/airflow/.local/lib/python3.8/site-packages/airflow/example_dags/example_kubernetes_executor.py for tasks to queue
[2024-09-13T02:55:33.952+0000] {logging_mixin.py:188} INFO - [2024-09-13T02:55:33.952+0000] {dagbag.py:538} INFO - Filling up the DagBag from /home/airflow/.local/lib/python3.8/site-packages/airflow/example_dags/example_kubernetes_executor.py
[2024-09-13T02:55:33.961+0000] {processor.py:840} INFO - DAG(s) 'example_kubernetes_executor' retrieved from /home/airflow/.local/lib/python3.8/site-packages/airflow/example_dags/example_kubernetes_executor.py
[2024-09-13T02:55:33.985+0000] {logging_mixin.py:188} INFO - [2024-09-13T02:55:33.985+0000] {dag.py:3036} INFO - Sync 1 DAGs
[2024-09-13T02:55:33.991+0000] {logging_mixin.py:188} INFO - [2024-09-13T02:55:33.991+0000] {dag.py:3823} INFO - Setting next_dagrun for example_kubernetes_executor to None, run_after=None
[2024-09-13T02:55:34.001+0000] {processor.py:183} INFO - Processing /home/airflow/.local/lib/python3.8/site-packages/airflow/example_dags/example_kubernetes_executor.py took 0.054 seconds
