[2024-09-13T02:38:43.200+0000] {processor.py:161} INFO - Started process (PID=301) to work on /home/airflow/.local/lib/python3.8/site-packages/airflow/example_dags/example_setup_teardown.py
[2024-09-13T02:38:43.201+0000] {processor.py:830} INFO - Processing file /home/airflow/.local/lib/python3.8/site-packages/airflow/example_dags/example_setup_teardown.py for tasks to queue
[2024-09-13T02:38:43.202+0000] {logging_mixin.py:188} INFO - [2024-09-13T02:38:43.202+0000] {dagbag.py:538} INFO - Filling up the DagBag from /home/airflow/.local/lib/python3.8/site-packages/airflow/example_dags/example_setup_teardown.py
[2024-09-13T02:38:43.207+0000] {processor.py:840} INFO - DAG(s) 'example_setup_teardown' retrieved from /home/airflow/.local/lib/python3.8/site-packages/airflow/example_dags/example_setup_teardown.py
[2024-09-13T02:38:43.224+0000] {logging_mixin.py:188} INFO - [2024-09-13T02:38:43.223+0000] {dag.py:3036} INFO - Sync 1 DAGs
[2024-09-13T02:38:43.239+0000] {logging_mixin.py:188} INFO - [2024-09-13T02:38:43.239+0000] {dag.py:3823} INFO - Setting next_dagrun for example_setup_teardown to 2024-09-12 00:00:00+00:00, run_after=2024-09-13 00:00:00+00:00
[2024-09-13T02:38:43.267+0000] {processor.py:183} INFO - Processing /home/airflow/.local/lib/python3.8/site-packages/airflow/example_dags/example_setup_teardown.py took 0.070 seconds
[2024-09-13T02:39:13.796+0000] {processor.py:161} INFO - Started process (PID=543) to work on /home/airflow/.local/lib/python3.8/site-packages/airflow/example_dags/example_setup_teardown.py
[2024-09-13T02:39:13.796+0000] {processor.py:830} INFO - Processing file /home/airflow/.local/lib/python3.8/site-packages/airflow/example_dags/example_setup_teardown.py for tasks to queue
[2024-09-13T02:39:13.797+0000] {logging_mixin.py:188} INFO - [2024-09-13T02:39:13.797+0000] {dagbag.py:538} INFO - Filling up the DagBag from /home/airflow/.local/lib/python3.8/site-packages/airflow/example_dags/example_setup_teardown.py
[2024-09-13T02:39:13.802+0000] {processor.py:840} INFO - DAG(s) 'example_setup_teardown' retrieved from /home/airflow/.local/lib/python3.8/site-packages/airflow/example_dags/example_setup_teardown.py
[2024-09-13T02:39:13.816+0000] {logging_mixin.py:188} INFO - [2024-09-13T02:39:13.815+0000] {dag.py:3036} INFO - Sync 1 DAGs
[2024-09-13T02:39:13.828+0000] {logging_mixin.py:188} INFO - [2024-09-13T02:39:13.828+0000] {dag.py:3823} INFO - Setting next_dagrun for example_setup_teardown to 2024-09-12 00:00:00+00:00, run_after=2024-09-13 00:00:00+00:00
[2024-09-13T02:39:13.839+0000] {processor.py:183} INFO - Processing /home/airflow/.local/lib/python3.8/site-packages/airflow/example_dags/example_setup_teardown.py took 0.046 seconds
[2024-09-13T02:39:44.565+0000] {processor.py:161} INFO - Started process (PID=795) to work on /home/airflow/.local/lib/python3.8/site-packages/airflow/example_dags/example_setup_teardown.py
[2024-09-13T02:39:44.565+0000] {processor.py:830} INFO - Processing file /home/airflow/.local/lib/python3.8/site-packages/airflow/example_dags/example_setup_teardown.py for tasks to queue
[2024-09-13T02:39:44.566+0000] {logging_mixin.py:188} INFO - [2024-09-13T02:39:44.566+0000] {dagbag.py:538} INFO - Filling up the DagBag from /home/airflow/.local/lib/python3.8/site-packages/airflow/example_dags/example_setup_teardown.py
[2024-09-13T02:39:44.571+0000] {processor.py:840} INFO - DAG(s) 'example_setup_teardown' retrieved from /home/airflow/.local/lib/python3.8/site-packages/airflow/example_dags/example_setup_teardown.py
[2024-09-13T02:39:44.585+0000] {logging_mixin.py:188} INFO - [2024-09-13T02:39:44.585+0000] {dag.py:3036} INFO - Sync 1 DAGs
[2024-09-13T02:39:44.599+0000] {logging_mixin.py:188} INFO - [2024-09-13T02:39:44.599+0000] {dag.py:3823} INFO - Setting next_dagrun for example_setup_teardown to 2024-09-12 00:00:00+00:00, run_after=2024-09-13 00:00:00+00:00
[2024-09-13T02:39:44.611+0000] {processor.py:183} INFO - Processing /home/airflow/.local/lib/python3.8/site-packages/airflow/example_dags/example_setup_teardown.py took 0.049 seconds
[2024-09-13T02:40:15.580+0000] {processor.py:161} INFO - Started process (PID=1041) to work on /home/airflow/.local/lib/python3.8/site-packages/airflow/example_dags/example_setup_teardown.py
[2024-09-13T02:40:15.581+0000] {processor.py:830} INFO - Processing file /home/airflow/.local/lib/python3.8/site-packages/airflow/example_dags/example_setup_teardown.py for tasks to queue
[2024-09-13T02:40:15.581+0000] {logging_mixin.py:188} INFO - [2024-09-13T02:40:15.581+0000] {dagbag.py:538} INFO - Filling up the DagBag from /home/airflow/.local/lib/python3.8/site-packages/airflow/example_dags/example_setup_teardown.py
[2024-09-13T02:40:15.585+0000] {processor.py:840} INFO - DAG(s) 'example_setup_teardown' retrieved from /home/airflow/.local/lib/python3.8/site-packages/airflow/example_dags/example_setup_teardown.py
[2024-09-13T02:40:15.597+0000] {logging_mixin.py:188} INFO - [2024-09-13T02:40:15.597+0000] {dag.py:3036} INFO - Sync 1 DAGs
[2024-09-13T02:40:15.609+0000] {logging_mixin.py:188} INFO - [2024-09-13T02:40:15.609+0000] {dag.py:3823} INFO - Setting next_dagrun for example_setup_teardown to 2024-09-12 00:00:00+00:00, run_after=2024-09-13 00:00:00+00:00
[2024-09-13T02:40:15.619+0000] {processor.py:183} INFO - Processing /home/airflow/.local/lib/python3.8/site-packages/airflow/example_dags/example_setup_teardown.py took 0.041 seconds
[2024-09-13T02:40:45.726+0000] {processor.py:161} INFO - Started process (PID=1283) to work on /home/airflow/.local/lib/python3.8/site-packages/airflow/example_dags/example_setup_teardown.py
[2024-09-13T02:40:45.727+0000] {processor.py:830} INFO - Processing file /home/airflow/.local/lib/python3.8/site-packages/airflow/example_dags/example_setup_teardown.py for tasks to queue
[2024-09-13T02:40:45.728+0000] {logging_mixin.py:188} INFO - [2024-09-13T02:40:45.728+0000] {dagbag.py:538} INFO - Filling up the DagBag from /home/airflow/.local/lib/python3.8/site-packages/airflow/example_dags/example_setup_teardown.py
[2024-09-13T02:40:45.733+0000] {processor.py:840} INFO - DAG(s) 'example_setup_teardown' retrieved from /home/airflow/.local/lib/python3.8/site-packages/airflow/example_dags/example_setup_teardown.py
[2024-09-13T02:40:45.746+0000] {logging_mixin.py:188} INFO - [2024-09-13T02:40:45.745+0000] {dag.py:3036} INFO - Sync 1 DAGs
[2024-09-13T02:40:45.759+0000] {logging_mixin.py:188} INFO - [2024-09-13T02:40:45.759+0000] {dag.py:3823} INFO - Setting next_dagrun for example_setup_teardown to 2024-09-12 00:00:00+00:00, run_after=2024-09-13 00:00:00+00:00
[2024-09-13T02:40:45.772+0000] {processor.py:183} INFO - Processing /home/airflow/.local/lib/python3.8/site-packages/airflow/example_dags/example_setup_teardown.py took 0.048 seconds
[2024-09-13T02:41:15.895+0000] {processor.py:161} INFO - Started process (PID=1530) to work on /home/airflow/.local/lib/python3.8/site-packages/airflow/example_dags/example_setup_teardown.py
[2024-09-13T02:41:15.895+0000] {processor.py:830} INFO - Processing file /home/airflow/.local/lib/python3.8/site-packages/airflow/example_dags/example_setup_teardown.py for tasks to queue
[2024-09-13T02:41:15.896+0000] {logging_mixin.py:188} INFO - [2024-09-13T02:41:15.896+0000] {dagbag.py:538} INFO - Filling up the DagBag from /home/airflow/.local/lib/python3.8/site-packages/airflow/example_dags/example_setup_teardown.py
[2024-09-13T02:41:15.901+0000] {processor.py:840} INFO - DAG(s) 'example_setup_teardown' retrieved from /home/airflow/.local/lib/python3.8/site-packages/airflow/example_dags/example_setup_teardown.py
[2024-09-13T02:41:15.914+0000] {logging_mixin.py:188} INFO - [2024-09-13T02:41:15.914+0000] {dag.py:3036} INFO - Sync 1 DAGs
[2024-09-13T02:41:15.926+0000] {logging_mixin.py:188} INFO - [2024-09-13T02:41:15.926+0000] {dag.py:3823} INFO - Setting next_dagrun for example_setup_teardown to 2024-09-12 00:00:00+00:00, run_after=2024-09-13 00:00:00+00:00
[2024-09-13T02:41:15.935+0000] {processor.py:183} INFO - Processing /home/airflow/.local/lib/python3.8/site-packages/airflow/example_dags/example_setup_teardown.py took 0.043 seconds
[2024-09-13T02:41:46.664+0000] {processor.py:161} INFO - Started process (PID=1781) to work on /home/airflow/.local/lib/python3.8/site-packages/airflow/example_dags/example_setup_teardown.py
[2024-09-13T02:41:46.665+0000] {processor.py:830} INFO - Processing file /home/airflow/.local/lib/python3.8/site-packages/airflow/example_dags/example_setup_teardown.py for tasks to queue
[2024-09-13T02:41:46.666+0000] {logging_mixin.py:188} INFO - [2024-09-13T02:41:46.665+0000] {dagbag.py:538} INFO - Filling up the DagBag from /home/airflow/.local/lib/python3.8/site-packages/airflow/example_dags/example_setup_teardown.py
[2024-09-13T02:41:46.670+0000] {processor.py:840} INFO - DAG(s) 'example_setup_teardown' retrieved from /home/airflow/.local/lib/python3.8/site-packages/airflow/example_dags/example_setup_teardown.py
[2024-09-13T02:41:46.682+0000] {logging_mixin.py:188} INFO - [2024-09-13T02:41:46.682+0000] {dag.py:3036} INFO - Sync 1 DAGs
[2024-09-13T02:41:46.694+0000] {logging_mixin.py:188} INFO - [2024-09-13T02:41:46.694+0000] {dag.py:3823} INFO - Setting next_dagrun for example_setup_teardown to 2024-09-12 00:00:00+00:00, run_after=2024-09-13 00:00:00+00:00
[2024-09-13T02:41:46.704+0000] {processor.py:183} INFO - Processing /home/airflow/.local/lib/python3.8/site-packages/airflow/example_dags/example_setup_teardown.py took 0.042 seconds
[2024-09-13T02:42:17.287+0000] {processor.py:161} INFO - Started process (PID=2028) to work on /home/airflow/.local/lib/python3.8/site-packages/airflow/example_dags/example_setup_teardown.py
[2024-09-13T02:42:17.288+0000] {processor.py:830} INFO - Processing file /home/airflow/.local/lib/python3.8/site-packages/airflow/example_dags/example_setup_teardown.py for tasks to queue
[2024-09-13T02:42:17.289+0000] {logging_mixin.py:188} INFO - [2024-09-13T02:42:17.288+0000] {dagbag.py:538} INFO - Filling up the DagBag from /home/airflow/.local/lib/python3.8/site-packages/airflow/example_dags/example_setup_teardown.py
[2024-09-13T02:42:17.293+0000] {processor.py:840} INFO - DAG(s) 'example_setup_teardown' retrieved from /home/airflow/.local/lib/python3.8/site-packages/airflow/example_dags/example_setup_teardown.py
[2024-09-13T02:42:17.307+0000] {logging_mixin.py:188} INFO - [2024-09-13T02:42:17.307+0000] {dag.py:3036} INFO - Sync 1 DAGs
[2024-09-13T02:42:17.320+0000] {logging_mixin.py:188} INFO - [2024-09-13T02:42:17.320+0000] {dag.py:3823} INFO - Setting next_dagrun for example_setup_teardown to 2024-09-12 00:00:00+00:00, run_after=2024-09-13 00:00:00+00:00
[2024-09-13T02:42:17.332+0000] {processor.py:183} INFO - Processing /home/airflow/.local/lib/python3.8/site-packages/airflow/example_dags/example_setup_teardown.py took 0.047 seconds
[2024-09-13T02:42:48.209+0000] {processor.py:161} INFO - Started process (PID=2275) to work on /home/airflow/.local/lib/python3.8/site-packages/airflow/example_dags/example_setup_teardown.py
[2024-09-13T02:42:48.210+0000] {processor.py:830} INFO - Processing file /home/airflow/.local/lib/python3.8/site-packages/airflow/example_dags/example_setup_teardown.py for tasks to queue
[2024-09-13T02:42:48.210+0000] {logging_mixin.py:188} INFO - [2024-09-13T02:42:48.210+0000] {dagbag.py:538} INFO - Filling up the DagBag from /home/airflow/.local/lib/python3.8/site-packages/airflow/example_dags/example_setup_teardown.py
[2024-09-13T02:42:48.216+0000] {processor.py:840} INFO - DAG(s) 'example_setup_teardown' retrieved from /home/airflow/.local/lib/python3.8/site-packages/airflow/example_dags/example_setup_teardown.py
[2024-09-13T02:42:48.229+0000] {logging_mixin.py:188} INFO - [2024-09-13T02:42:48.229+0000] {dag.py:3036} INFO - Sync 1 DAGs
[2024-09-13T02:42:48.243+0000] {logging_mixin.py:188} INFO - [2024-09-13T02:42:48.243+0000] {dag.py:3823} INFO - Setting next_dagrun for example_setup_teardown to 2024-09-12 00:00:00+00:00, run_after=2024-09-13 00:00:00+00:00
[2024-09-13T02:42:48.255+0000] {processor.py:183} INFO - Processing /home/airflow/.local/lib/python3.8/site-packages/airflow/example_dags/example_setup_teardown.py took 0.049 seconds
[2024-09-13T02:43:19.254+0000] {processor.py:161} INFO - Started process (PID=2522) to work on /home/airflow/.local/lib/python3.8/site-packages/airflow/example_dags/example_setup_teardown.py
[2024-09-13T02:43:19.254+0000] {processor.py:830} INFO - Processing file /home/airflow/.local/lib/python3.8/site-packages/airflow/example_dags/example_setup_teardown.py for tasks to queue
[2024-09-13T02:43:19.255+0000] {logging_mixin.py:188} INFO - [2024-09-13T02:43:19.255+0000] {dagbag.py:538} INFO - Filling up the DagBag from /home/airflow/.local/lib/python3.8/site-packages/airflow/example_dags/example_setup_teardown.py
[2024-09-13T02:43:19.259+0000] {processor.py:840} INFO - DAG(s) 'example_setup_teardown' retrieved from /home/airflow/.local/lib/python3.8/site-packages/airflow/example_dags/example_setup_teardown.py
[2024-09-13T02:43:19.271+0000] {logging_mixin.py:188} INFO - [2024-09-13T02:43:19.271+0000] {dag.py:3036} INFO - Sync 1 DAGs
[2024-09-13T02:43:19.283+0000] {logging_mixin.py:188} INFO - [2024-09-13T02:43:19.283+0000] {dag.py:3823} INFO - Setting next_dagrun for example_setup_teardown to 2024-09-12 00:00:00+00:00, run_after=2024-09-13 00:00:00+00:00
[2024-09-13T02:43:19.293+0000] {processor.py:183} INFO - Processing /home/airflow/.local/lib/python3.8/site-packages/airflow/example_dags/example_setup_teardown.py took 0.041 seconds
[2024-09-13T02:43:49.983+0000] {processor.py:161} INFO - Started process (PID=2769) to work on /home/airflow/.local/lib/python3.8/site-packages/airflow/example_dags/example_setup_teardown.py
[2024-09-13T02:43:49.984+0000] {processor.py:830} INFO - Processing file /home/airflow/.local/lib/python3.8/site-packages/airflow/example_dags/example_setup_teardown.py for tasks to queue
[2024-09-13T02:43:49.984+0000] {logging_mixin.py:188} INFO - [2024-09-13T02:43:49.984+0000] {dagbag.py:538} INFO - Filling up the DagBag from /home/airflow/.local/lib/python3.8/site-packages/airflow/example_dags/example_setup_teardown.py
[2024-09-13T02:43:49.989+0000] {processor.py:840} INFO - DAG(s) 'example_setup_teardown' retrieved from /home/airflow/.local/lib/python3.8/site-packages/airflow/example_dags/example_setup_teardown.py
[2024-09-13T02:43:50.001+0000] {logging_mixin.py:188} INFO - [2024-09-13T02:43:50.001+0000] {dag.py:3036} INFO - Sync 1 DAGs
[2024-09-13T02:43:50.014+0000] {logging_mixin.py:188} INFO - [2024-09-13T02:43:50.014+0000] {dag.py:3823} INFO - Setting next_dagrun for example_setup_teardown to 2024-09-12 00:00:00+00:00, run_after=2024-09-13 00:00:00+00:00
[2024-09-13T02:43:50.025+0000] {processor.py:183} INFO - Processing /home/airflow/.local/lib/python3.8/site-packages/airflow/example_dags/example_setup_teardown.py took 0.044 seconds
[2024-09-13T02:44:20.701+0000] {processor.py:161} INFO - Started process (PID=3016) to work on /home/airflow/.local/lib/python3.8/site-packages/airflow/example_dags/example_setup_teardown.py
[2024-09-13T02:44:20.702+0000] {processor.py:830} INFO - Processing file /home/airflow/.local/lib/python3.8/site-packages/airflow/example_dags/example_setup_teardown.py for tasks to queue
[2024-09-13T02:44:20.702+0000] {logging_mixin.py:188} INFO - [2024-09-13T02:44:20.702+0000] {dagbag.py:538} INFO - Filling up the DagBag from /home/airflow/.local/lib/python3.8/site-packages/airflow/example_dags/example_setup_teardown.py
[2024-09-13T02:44:20.707+0000] {processor.py:840} INFO - DAG(s) 'example_setup_teardown' retrieved from /home/airflow/.local/lib/python3.8/site-packages/airflow/example_dags/example_setup_teardown.py
[2024-09-13T02:44:20.720+0000] {logging_mixin.py:188} INFO - [2024-09-13T02:44:20.720+0000] {dag.py:3036} INFO - Sync 1 DAGs
[2024-09-13T02:44:20.732+0000] {logging_mixin.py:188} INFO - [2024-09-13T02:44:20.732+0000] {dag.py:3823} INFO - Setting next_dagrun for example_setup_teardown to 2024-09-12 00:00:00+00:00, run_after=2024-09-13 00:00:00+00:00
[2024-09-13T02:44:20.742+0000] {processor.py:183} INFO - Processing /home/airflow/.local/lib/python3.8/site-packages/airflow/example_dags/example_setup_teardown.py took 0.043 seconds
[2024-09-13T02:44:51.372+0000] {processor.py:161} INFO - Started process (PID=3263) to work on /home/airflow/.local/lib/python3.8/site-packages/airflow/example_dags/example_setup_teardown.py
[2024-09-13T02:44:51.373+0000] {processor.py:830} INFO - Processing file /home/airflow/.local/lib/python3.8/site-packages/airflow/example_dags/example_setup_teardown.py for tasks to queue
[2024-09-13T02:44:51.374+0000] {logging_mixin.py:188} INFO - [2024-09-13T02:44:51.373+0000] {dagbag.py:538} INFO - Filling up the DagBag from /home/airflow/.local/lib/python3.8/site-packages/airflow/example_dags/example_setup_teardown.py
[2024-09-13T02:44:51.378+0000] {processor.py:840} INFO - DAG(s) 'example_setup_teardown' retrieved from /home/airflow/.local/lib/python3.8/site-packages/airflow/example_dags/example_setup_teardown.py
[2024-09-13T02:44:51.391+0000] {logging_mixin.py:188} INFO - [2024-09-13T02:44:51.391+0000] {dag.py:3036} INFO - Sync 1 DAGs
[2024-09-13T02:44:51.406+0000] {logging_mixin.py:188} INFO - [2024-09-13T02:44:51.406+0000] {dag.py:3823} INFO - Setting next_dagrun for example_setup_teardown to 2024-09-12 00:00:00+00:00, run_after=2024-09-13 00:00:00+00:00
[2024-09-13T02:44:51.418+0000] {processor.py:183} INFO - Processing /home/airflow/.local/lib/python3.8/site-packages/airflow/example_dags/example_setup_teardown.py took 0.048 seconds
[2024-09-13T02:45:22.161+0000] {processor.py:161} INFO - Started process (PID=3510) to work on /home/airflow/.local/lib/python3.8/site-packages/airflow/example_dags/example_setup_teardown.py
[2024-09-13T02:45:22.162+0000] {processor.py:830} INFO - Processing file /home/airflow/.local/lib/python3.8/site-packages/airflow/example_dags/example_setup_teardown.py for tasks to queue
[2024-09-13T02:45:22.163+0000] {logging_mixin.py:188} INFO - [2024-09-13T02:45:22.163+0000] {dagbag.py:538} INFO - Filling up the DagBag from /home/airflow/.local/lib/python3.8/site-packages/airflow/example_dags/example_setup_teardown.py
[2024-09-13T02:45:22.167+0000] {processor.py:840} INFO - DAG(s) 'example_setup_teardown' retrieved from /home/airflow/.local/lib/python3.8/site-packages/airflow/example_dags/example_setup_teardown.py
[2024-09-13T02:45:22.179+0000] {logging_mixin.py:188} INFO - [2024-09-13T02:45:22.179+0000] {dag.py:3036} INFO - Sync 1 DAGs
[2024-09-13T02:45:22.191+0000] {logging_mixin.py:188} INFO - [2024-09-13T02:45:22.191+0000] {dag.py:3823} INFO - Setting next_dagrun for example_setup_teardown to 2024-09-12 00:00:00+00:00, run_after=2024-09-13 00:00:00+00:00
[2024-09-13T02:45:22.201+0000] {processor.py:183} INFO - Processing /home/airflow/.local/lib/python3.8/site-packages/airflow/example_dags/example_setup_teardown.py took 0.042 seconds
[2024-09-13T02:45:52.221+0000] {processor.py:161} INFO - Started process (PID=3754) to work on /home/airflow/.local/lib/python3.8/site-packages/airflow/example_dags/example_setup_teardown.py
[2024-09-13T02:45:52.223+0000] {processor.py:830} INFO - Processing file /home/airflow/.local/lib/python3.8/site-packages/airflow/example_dags/example_setup_teardown.py for tasks to queue
[2024-09-13T02:45:52.224+0000] {logging_mixin.py:188} INFO - [2024-09-13T02:45:52.224+0000] {dagbag.py:538} INFO - Filling up the DagBag from /home/airflow/.local/lib/python3.8/site-packages/airflow/example_dags/example_setup_teardown.py
[2024-09-13T02:45:52.229+0000] {processor.py:840} INFO - DAG(s) 'example_setup_teardown' retrieved from /home/airflow/.local/lib/python3.8/site-packages/airflow/example_dags/example_setup_teardown.py
[2024-09-13T02:45:52.241+0000] {logging_mixin.py:188} INFO - [2024-09-13T02:45:52.241+0000] {dag.py:3036} INFO - Sync 1 DAGs
[2024-09-13T02:45:52.255+0000] {logging_mixin.py:188} INFO - [2024-09-13T02:45:52.254+0000] {dag.py:3823} INFO - Setting next_dagrun for example_setup_teardown to 2024-09-12 00:00:00+00:00, run_after=2024-09-13 00:00:00+00:00
[2024-09-13T02:45:52.264+0000] {processor.py:183} INFO - Processing /home/airflow/.local/lib/python3.8/site-packages/airflow/example_dags/example_setup_teardown.py took 0.045 seconds
[2024-09-13T02:46:22.428+0000] {processor.py:161} INFO - Started process (PID=3999) to work on /home/airflow/.local/lib/python3.8/site-packages/airflow/example_dags/example_setup_teardown.py
[2024-09-13T02:46:22.429+0000] {processor.py:830} INFO - Processing file /home/airflow/.local/lib/python3.8/site-packages/airflow/example_dags/example_setup_teardown.py for tasks to queue
[2024-09-13T02:46:22.429+0000] {logging_mixin.py:188} INFO - [2024-09-13T02:46:22.429+0000] {dagbag.py:538} INFO - Filling up the DagBag from /home/airflow/.local/lib/python3.8/site-packages/airflow/example_dags/example_setup_teardown.py
[2024-09-13T02:46:22.433+0000] {processor.py:840} INFO - DAG(s) 'example_setup_teardown' retrieved from /home/airflow/.local/lib/python3.8/site-packages/airflow/example_dags/example_setup_teardown.py
[2024-09-13T02:46:22.444+0000] {logging_mixin.py:188} INFO - [2024-09-13T02:46:22.444+0000] {dag.py:3036} INFO - Sync 1 DAGs
[2024-09-13T02:46:22.456+0000] {logging_mixin.py:188} INFO - [2024-09-13T02:46:22.455+0000] {dag.py:3823} INFO - Setting next_dagrun for example_setup_teardown to 2024-09-12 00:00:00+00:00, run_after=2024-09-13 00:00:00+00:00
[2024-09-13T02:46:22.465+0000] {processor.py:183} INFO - Processing /home/airflow/.local/lib/python3.8/site-packages/airflow/example_dags/example_setup_teardown.py took 0.039 seconds
[2024-09-13T02:46:52.764+0000] {processor.py:161} INFO - Started process (PID=4251) to work on /home/airflow/.local/lib/python3.8/site-packages/airflow/example_dags/example_setup_teardown.py
[2024-09-13T02:46:52.764+0000] {processor.py:830} INFO - Processing file /home/airflow/.local/lib/python3.8/site-packages/airflow/example_dags/example_setup_teardown.py for tasks to queue
[2024-09-13T02:46:52.765+0000] {logging_mixin.py:188} INFO - [2024-09-13T02:46:52.765+0000] {dagbag.py:538} INFO - Filling up the DagBag from /home/airflow/.local/lib/python3.8/site-packages/airflow/example_dags/example_setup_teardown.py
[2024-09-13T02:46:52.770+0000] {processor.py:840} INFO - DAG(s) 'example_setup_teardown' retrieved from /home/airflow/.local/lib/python3.8/site-packages/airflow/example_dags/example_setup_teardown.py
[2024-09-13T02:46:52.782+0000] {logging_mixin.py:188} INFO - [2024-09-13T02:46:52.782+0000] {dag.py:3036} INFO - Sync 1 DAGs
[2024-09-13T02:46:52.795+0000] {logging_mixin.py:188} INFO - [2024-09-13T02:46:52.795+0000] {dag.py:3823} INFO - Setting next_dagrun for example_setup_teardown to 2024-09-12 00:00:00+00:00, run_after=2024-09-13 00:00:00+00:00
[2024-09-13T02:46:52.805+0000] {processor.py:183} INFO - Processing /home/airflow/.local/lib/python3.8/site-packages/airflow/example_dags/example_setup_teardown.py took 0.043 seconds
[2024-09-13T02:47:23.498+0000] {processor.py:161} INFO - Started process (PID=4498) to work on /home/airflow/.local/lib/python3.8/site-packages/airflow/example_dags/example_setup_teardown.py
[2024-09-13T02:47:23.499+0000] {processor.py:830} INFO - Processing file /home/airflow/.local/lib/python3.8/site-packages/airflow/example_dags/example_setup_teardown.py for tasks to queue
[2024-09-13T02:47:23.500+0000] {logging_mixin.py:188} INFO - [2024-09-13T02:47:23.500+0000] {dagbag.py:538} INFO - Filling up the DagBag from /home/airflow/.local/lib/python3.8/site-packages/airflow/example_dags/example_setup_teardown.py
[2024-09-13T02:47:23.507+0000] {processor.py:840} INFO - DAG(s) 'example_setup_teardown' retrieved from /home/airflow/.local/lib/python3.8/site-packages/airflow/example_dags/example_setup_teardown.py
[2024-09-13T02:47:23.528+0000] {logging_mixin.py:188} INFO - [2024-09-13T02:47:23.528+0000] {dag.py:3036} INFO - Sync 1 DAGs
[2024-09-13T02:47:23.546+0000] {logging_mixin.py:188} INFO - [2024-09-13T02:47:23.546+0000] {dag.py:3823} INFO - Setting next_dagrun for example_setup_teardown to 2024-09-12 00:00:00+00:00, run_after=2024-09-13 00:00:00+00:00
[2024-09-13T02:47:23.560+0000] {processor.py:183} INFO - Processing /home/airflow/.local/lib/python3.8/site-packages/airflow/example_dags/example_setup_teardown.py took 0.066 seconds
[2024-09-13T02:47:54.780+0000] {processor.py:161} INFO - Started process (PID=4745) to work on /home/airflow/.local/lib/python3.8/site-packages/airflow/example_dags/example_setup_teardown.py
[2024-09-13T02:47:54.780+0000] {processor.py:830} INFO - Processing file /home/airflow/.local/lib/python3.8/site-packages/airflow/example_dags/example_setup_teardown.py for tasks to queue
[2024-09-13T02:47:54.781+0000] {logging_mixin.py:188} INFO - [2024-09-13T02:47:54.781+0000] {dagbag.py:538} INFO - Filling up the DagBag from /home/airflow/.local/lib/python3.8/site-packages/airflow/example_dags/example_setup_teardown.py
[2024-09-13T02:47:54.785+0000] {processor.py:840} INFO - DAG(s) 'example_setup_teardown' retrieved from /home/airflow/.local/lib/python3.8/site-packages/airflow/example_dags/example_setup_teardown.py
[2024-09-13T02:47:54.797+0000] {logging_mixin.py:188} INFO - [2024-09-13T02:47:54.797+0000] {dag.py:3036} INFO - Sync 1 DAGs
[2024-09-13T02:47:54.810+0000] {logging_mixin.py:188} INFO - [2024-09-13T02:47:54.810+0000] {dag.py:3823} INFO - Setting next_dagrun for example_setup_teardown to 2024-09-12 00:00:00+00:00, run_after=2024-09-13 00:00:00+00:00
[2024-09-13T02:47:54.824+0000] {processor.py:183} INFO - Processing /home/airflow/.local/lib/python3.8/site-packages/airflow/example_dags/example_setup_teardown.py took 0.046 seconds
[2024-09-13T02:48:25.502+0000] {processor.py:161} INFO - Started process (PID=4992) to work on /home/airflow/.local/lib/python3.8/site-packages/airflow/example_dags/example_setup_teardown.py
[2024-09-13T02:48:25.503+0000] {processor.py:830} INFO - Processing file /home/airflow/.local/lib/python3.8/site-packages/airflow/example_dags/example_setup_teardown.py for tasks to queue
[2024-09-13T02:48:25.505+0000] {logging_mixin.py:188} INFO - [2024-09-13T02:48:25.504+0000] {dagbag.py:538} INFO - Filling up the DagBag from /home/airflow/.local/lib/python3.8/site-packages/airflow/example_dags/example_setup_teardown.py
[2024-09-13T02:48:25.511+0000] {processor.py:840} INFO - DAG(s) 'example_setup_teardown' retrieved from /home/airflow/.local/lib/python3.8/site-packages/airflow/example_dags/example_setup_teardown.py
[2024-09-13T02:48:25.673+0000] {logging_mixin.py:188} INFO - [2024-09-13T02:48:25.672+0000] {dag.py:3036} INFO - Sync 1 DAGs
[2024-09-13T02:48:25.693+0000] {logging_mixin.py:188} INFO - [2024-09-13T02:48:25.693+0000] {dag.py:3823} INFO - Setting next_dagrun for example_setup_teardown to 2024-09-12 00:00:00+00:00, run_after=2024-09-13 00:00:00+00:00
[2024-09-13T02:48:25.716+0000] {processor.py:183} INFO - Processing /home/airflow/.local/lib/python3.8/site-packages/airflow/example_dags/example_setup_teardown.py took 0.217 seconds
[2024-09-13T02:48:56.601+0000] {processor.py:161} INFO - Started process (PID=5239) to work on /home/airflow/.local/lib/python3.8/site-packages/airflow/example_dags/example_setup_teardown.py
[2024-09-13T02:48:56.602+0000] {processor.py:830} INFO - Processing file /home/airflow/.local/lib/python3.8/site-packages/airflow/example_dags/example_setup_teardown.py for tasks to queue
[2024-09-13T02:48:56.602+0000] {logging_mixin.py:188} INFO - [2024-09-13T02:48:56.602+0000] {dagbag.py:538} INFO - Filling up the DagBag from /home/airflow/.local/lib/python3.8/site-packages/airflow/example_dags/example_setup_teardown.py
[2024-09-13T02:48:56.608+0000] {processor.py:840} INFO - DAG(s) 'example_setup_teardown' retrieved from /home/airflow/.local/lib/python3.8/site-packages/airflow/example_dags/example_setup_teardown.py
[2024-09-13T02:48:56.621+0000] {logging_mixin.py:188} INFO - [2024-09-13T02:48:56.621+0000] {dag.py:3036} INFO - Sync 1 DAGs
[2024-09-13T02:48:56.633+0000] {logging_mixin.py:188} INFO - [2024-09-13T02:48:56.633+0000] {dag.py:3823} INFO - Setting next_dagrun for example_setup_teardown to 2024-09-12 00:00:00+00:00, run_after=2024-09-13 00:00:00+00:00
[2024-09-13T02:48:56.643+0000] {processor.py:183} INFO - Processing /home/airflow/.local/lib/python3.8/site-packages/airflow/example_dags/example_setup_teardown.py took 0.045 seconds
[2024-09-13T02:49:27.314+0000] {processor.py:161} INFO - Started process (PID=5486) to work on /home/airflow/.local/lib/python3.8/site-packages/airflow/example_dags/example_setup_teardown.py
[2024-09-13T02:49:27.314+0000] {processor.py:830} INFO - Processing file /home/airflow/.local/lib/python3.8/site-packages/airflow/example_dags/example_setup_teardown.py for tasks to queue
[2024-09-13T02:49:27.315+0000] {logging_mixin.py:188} INFO - [2024-09-13T02:49:27.315+0000] {dagbag.py:538} INFO - Filling up the DagBag from /home/airflow/.local/lib/python3.8/site-packages/airflow/example_dags/example_setup_teardown.py
[2024-09-13T02:49:27.319+0000] {processor.py:840} INFO - DAG(s) 'example_setup_teardown' retrieved from /home/airflow/.local/lib/python3.8/site-packages/airflow/example_dags/example_setup_teardown.py
[2024-09-13T02:49:27.331+0000] {logging_mixin.py:188} INFO - [2024-09-13T02:49:27.331+0000] {dag.py:3036} INFO - Sync 1 DAGs
[2024-09-13T02:49:27.343+0000] {logging_mixin.py:188} INFO - [2024-09-13T02:49:27.342+0000] {dag.py:3823} INFO - Setting next_dagrun for example_setup_teardown to 2024-09-12 00:00:00+00:00, run_after=2024-09-13 00:00:00+00:00
[2024-09-13T02:49:27.352+0000] {processor.py:183} INFO - Processing /home/airflow/.local/lib/python3.8/site-packages/airflow/example_dags/example_setup_teardown.py took 0.040 seconds
[2024-09-13T02:49:57.608+0000] {processor.py:161} INFO - Started process (PID=5733) to work on /home/airflow/.local/lib/python3.8/site-packages/airflow/example_dags/example_setup_teardown.py
[2024-09-13T02:49:57.609+0000] {processor.py:830} INFO - Processing file /home/airflow/.local/lib/python3.8/site-packages/airflow/example_dags/example_setup_teardown.py for tasks to queue
[2024-09-13T02:49:57.610+0000] {logging_mixin.py:188} INFO - [2024-09-13T02:49:57.610+0000] {dagbag.py:538} INFO - Filling up the DagBag from /home/airflow/.local/lib/python3.8/site-packages/airflow/example_dags/example_setup_teardown.py
[2024-09-13T02:49:57.614+0000] {processor.py:840} INFO - DAG(s) 'example_setup_teardown' retrieved from /home/airflow/.local/lib/python3.8/site-packages/airflow/example_dags/example_setup_teardown.py
[2024-09-13T02:49:57.628+0000] {logging_mixin.py:188} INFO - [2024-09-13T02:49:57.628+0000] {dag.py:3036} INFO - Sync 1 DAGs
[2024-09-13T02:49:57.641+0000] {logging_mixin.py:188} INFO - [2024-09-13T02:49:57.641+0000] {dag.py:3823} INFO - Setting next_dagrun for example_setup_teardown to 2024-09-12 00:00:00+00:00, run_after=2024-09-13 00:00:00+00:00
[2024-09-13T02:49:57.654+0000] {processor.py:183} INFO - Processing /home/airflow/.local/lib/python3.8/site-packages/airflow/example_dags/example_setup_teardown.py took 0.049 seconds
[2024-09-13T02:50:28.245+0000] {processor.py:161} INFO - Started process (PID=5980) to work on /home/airflow/.local/lib/python3.8/site-packages/airflow/example_dags/example_setup_teardown.py
[2024-09-13T02:50:28.246+0000] {processor.py:830} INFO - Processing file /home/airflow/.local/lib/python3.8/site-packages/airflow/example_dags/example_setup_teardown.py for tasks to queue
[2024-09-13T02:50:28.247+0000] {logging_mixin.py:188} INFO - [2024-09-13T02:50:28.247+0000] {dagbag.py:538} INFO - Filling up the DagBag from /home/airflow/.local/lib/python3.8/site-packages/airflow/example_dags/example_setup_teardown.py
[2024-09-13T02:50:28.253+0000] {processor.py:840} INFO - DAG(s) 'example_setup_teardown' retrieved from /home/airflow/.local/lib/python3.8/site-packages/airflow/example_dags/example_setup_teardown.py
[2024-09-13T02:50:28.267+0000] {logging_mixin.py:188} INFO - [2024-09-13T02:50:28.267+0000] {dag.py:3036} INFO - Sync 1 DAGs
[2024-09-13T02:50:28.281+0000] {logging_mixin.py:188} INFO - [2024-09-13T02:50:28.281+0000] {dag.py:3823} INFO - Setting next_dagrun for example_setup_teardown to 2024-09-12 00:00:00+00:00, run_after=2024-09-13 00:00:00+00:00
[2024-09-13T02:50:28.294+0000] {processor.py:183} INFO - Processing /home/airflow/.local/lib/python3.8/site-packages/airflow/example_dags/example_setup_teardown.py took 0.050 seconds
[2024-09-13T02:50:58.980+0000] {processor.py:161} INFO - Started process (PID=6227) to work on /home/airflow/.local/lib/python3.8/site-packages/airflow/example_dags/example_setup_teardown.py
[2024-09-13T02:50:58.981+0000] {processor.py:830} INFO - Processing file /home/airflow/.local/lib/python3.8/site-packages/airflow/example_dags/example_setup_teardown.py for tasks to queue
[2024-09-13T02:50:58.981+0000] {logging_mixin.py:188} INFO - [2024-09-13T02:50:58.981+0000] {dagbag.py:538} INFO - Filling up the DagBag from /home/airflow/.local/lib/python3.8/site-packages/airflow/example_dags/example_setup_teardown.py
[2024-09-13T02:50:58.986+0000] {processor.py:840} INFO - DAG(s) 'example_setup_teardown' retrieved from /home/airflow/.local/lib/python3.8/site-packages/airflow/example_dags/example_setup_teardown.py
[2024-09-13T02:50:58.998+0000] {logging_mixin.py:188} INFO - [2024-09-13T02:50:58.998+0000] {dag.py:3036} INFO - Sync 1 DAGs
[2024-09-13T02:50:59.010+0000] {logging_mixin.py:188} INFO - [2024-09-13T02:50:59.009+0000] {dag.py:3823} INFO - Setting next_dagrun for example_setup_teardown to 2024-09-12 00:00:00+00:00, run_after=2024-09-13 00:00:00+00:00
[2024-09-13T02:50:59.021+0000] {processor.py:183} INFO - Processing /home/airflow/.local/lib/python3.8/site-packages/airflow/example_dags/example_setup_teardown.py took 0.043 seconds
[2024-09-13T02:51:29.692+0000] {processor.py:161} INFO - Started process (PID=6474) to work on /home/airflow/.local/lib/python3.8/site-packages/airflow/example_dags/example_setup_teardown.py
[2024-09-13T02:51:29.693+0000] {processor.py:830} INFO - Processing file /home/airflow/.local/lib/python3.8/site-packages/airflow/example_dags/example_setup_teardown.py for tasks to queue
[2024-09-13T02:51:29.693+0000] {logging_mixin.py:188} INFO - [2024-09-13T02:51:29.693+0000] {dagbag.py:538} INFO - Filling up the DagBag from /home/airflow/.local/lib/python3.8/site-packages/airflow/example_dags/example_setup_teardown.py
[2024-09-13T02:51:29.697+0000] {processor.py:840} INFO - DAG(s) 'example_setup_teardown' retrieved from /home/airflow/.local/lib/python3.8/site-packages/airflow/example_dags/example_setup_teardown.py
[2024-09-13T02:51:29.709+0000] {logging_mixin.py:188} INFO - [2024-09-13T02:51:29.709+0000] {dag.py:3036} INFO - Sync 1 DAGs
[2024-09-13T02:51:29.720+0000] {logging_mixin.py:188} INFO - [2024-09-13T02:51:29.720+0000] {dag.py:3823} INFO - Setting next_dagrun for example_setup_teardown to 2024-09-12 00:00:00+00:00, run_after=2024-09-13 00:00:00+00:00
[2024-09-13T02:51:29.730+0000] {processor.py:183} INFO - Processing /home/airflow/.local/lib/python3.8/site-packages/airflow/example_dags/example_setup_teardown.py took 0.040 seconds
[2024-09-13T02:52:00.438+0000] {processor.py:161} INFO - Started process (PID=6721) to work on /home/airflow/.local/lib/python3.8/site-packages/airflow/example_dags/example_setup_teardown.py
[2024-09-13T02:52:00.440+0000] {processor.py:830} INFO - Processing file /home/airflow/.local/lib/python3.8/site-packages/airflow/example_dags/example_setup_teardown.py for tasks to queue
[2024-09-13T02:52:00.442+0000] {logging_mixin.py:188} INFO - [2024-09-13T02:52:00.441+0000] {dagbag.py:538} INFO - Filling up the DagBag from /home/airflow/.local/lib/python3.8/site-packages/airflow/example_dags/example_setup_teardown.py
[2024-09-13T02:52:00.447+0000] {processor.py:840} INFO - DAG(s) 'example_setup_teardown' retrieved from /home/airflow/.local/lib/python3.8/site-packages/airflow/example_dags/example_setup_teardown.py
[2024-09-13T02:52:00.471+0000] {logging_mixin.py:188} INFO - [2024-09-13T02:52:00.471+0000] {dag.py:3036} INFO - Sync 1 DAGs
[2024-09-13T02:52:00.485+0000] {logging_mixin.py:188} INFO - [2024-09-13T02:52:00.485+0000] {dag.py:3823} INFO - Setting next_dagrun for example_setup_teardown to 2024-09-12 00:00:00+00:00, run_after=2024-09-13 00:00:00+00:00
[2024-09-13T02:52:00.497+0000] {processor.py:183} INFO - Processing /home/airflow/.local/lib/python3.8/site-packages/airflow/example_dags/example_setup_teardown.py took 0.066 seconds
[2024-09-13T02:52:30.632+0000] {processor.py:161} INFO - Started process (PID=6968) to work on /home/airflow/.local/lib/python3.8/site-packages/airflow/example_dags/example_setup_teardown.py
[2024-09-13T02:52:30.633+0000] {processor.py:830} INFO - Processing file /home/airflow/.local/lib/python3.8/site-packages/airflow/example_dags/example_setup_teardown.py for tasks to queue
[2024-09-13T02:52:30.633+0000] {logging_mixin.py:188} INFO - [2024-09-13T02:52:30.633+0000] {dagbag.py:538} INFO - Filling up the DagBag from /home/airflow/.local/lib/python3.8/site-packages/airflow/example_dags/example_setup_teardown.py
[2024-09-13T02:52:30.641+0000] {processor.py:840} INFO - DAG(s) 'example_setup_teardown' retrieved from /home/airflow/.local/lib/python3.8/site-packages/airflow/example_dags/example_setup_teardown.py
[2024-09-13T02:52:30.663+0000] {logging_mixin.py:188} INFO - [2024-09-13T02:52:30.662+0000] {dag.py:3036} INFO - Sync 1 DAGs
[2024-09-13T02:52:30.683+0000] {logging_mixin.py:188} INFO - [2024-09-13T02:52:30.683+0000] {dag.py:3823} INFO - Setting next_dagrun for example_setup_teardown to 2024-09-12 00:00:00+00:00, run_after=2024-09-13 00:00:00+00:00
[2024-09-13T02:52:30.696+0000] {processor.py:183} INFO - Processing /home/airflow/.local/lib/python3.8/site-packages/airflow/example_dags/example_setup_teardown.py took 0.072 seconds
[2024-09-13T02:53:01.569+0000] {processor.py:161} INFO - Started process (PID=7215) to work on /home/airflow/.local/lib/python3.8/site-packages/airflow/example_dags/example_setup_teardown.py
[2024-09-13T02:53:01.569+0000] {processor.py:830} INFO - Processing file /home/airflow/.local/lib/python3.8/site-packages/airflow/example_dags/example_setup_teardown.py for tasks to queue
[2024-09-13T02:53:01.570+0000] {logging_mixin.py:188} INFO - [2024-09-13T02:53:01.570+0000] {dagbag.py:538} INFO - Filling up the DagBag from /home/airflow/.local/lib/python3.8/site-packages/airflow/example_dags/example_setup_teardown.py
[2024-09-13T02:53:01.574+0000] {processor.py:840} INFO - DAG(s) 'example_setup_teardown' retrieved from /home/airflow/.local/lib/python3.8/site-packages/airflow/example_dags/example_setup_teardown.py
[2024-09-13T02:53:01.586+0000] {logging_mixin.py:188} INFO - [2024-09-13T02:53:01.585+0000] {dag.py:3036} INFO - Sync 1 DAGs
[2024-09-13T02:53:01.597+0000] {logging_mixin.py:188} INFO - [2024-09-13T02:53:01.597+0000] {dag.py:3823} INFO - Setting next_dagrun for example_setup_teardown to 2024-09-12 00:00:00+00:00, run_after=2024-09-13 00:00:00+00:00
[2024-09-13T02:53:01.608+0000] {processor.py:183} INFO - Processing /home/airflow/.local/lib/python3.8/site-packages/airflow/example_dags/example_setup_teardown.py took 0.041 seconds
[2024-09-13T02:53:32.106+0000] {processor.py:161} INFO - Started process (PID=7462) to work on /home/airflow/.local/lib/python3.8/site-packages/airflow/example_dags/example_setup_teardown.py
[2024-09-13T02:53:32.107+0000] {processor.py:830} INFO - Processing file /home/airflow/.local/lib/python3.8/site-packages/airflow/example_dags/example_setup_teardown.py for tasks to queue
[2024-09-13T02:53:32.107+0000] {logging_mixin.py:188} INFO - [2024-09-13T02:53:32.107+0000] {dagbag.py:538} INFO - Filling up the DagBag from /home/airflow/.local/lib/python3.8/site-packages/airflow/example_dags/example_setup_teardown.py
[2024-09-13T02:53:32.111+0000] {processor.py:840} INFO - DAG(s) 'example_setup_teardown' retrieved from /home/airflow/.local/lib/python3.8/site-packages/airflow/example_dags/example_setup_teardown.py
[2024-09-13T02:53:32.123+0000] {logging_mixin.py:188} INFO - [2024-09-13T02:53:32.123+0000] {dag.py:3036} INFO - Sync 1 DAGs
[2024-09-13T02:53:32.135+0000] {logging_mixin.py:188} INFO - [2024-09-13T02:53:32.134+0000] {dag.py:3823} INFO - Setting next_dagrun for example_setup_teardown to 2024-09-12 00:00:00+00:00, run_after=2024-09-13 00:00:00+00:00
[2024-09-13T02:53:32.145+0000] {processor.py:183} INFO - Processing /home/airflow/.local/lib/python3.8/site-packages/airflow/example_dags/example_setup_teardown.py took 0.041 seconds
[2024-09-13T02:54:03.081+0000] {processor.py:161} INFO - Started process (PID=7709) to work on /home/airflow/.local/lib/python3.8/site-packages/airflow/example_dags/example_setup_teardown.py
[2024-09-13T02:54:03.082+0000] {processor.py:830} INFO - Processing file /home/airflow/.local/lib/python3.8/site-packages/airflow/example_dags/example_setup_teardown.py for tasks to queue
[2024-09-13T02:54:03.083+0000] {logging_mixin.py:188} INFO - [2024-09-13T02:54:03.082+0000] {dagbag.py:538} INFO - Filling up the DagBag from /home/airflow/.local/lib/python3.8/site-packages/airflow/example_dags/example_setup_teardown.py
[2024-09-13T02:54:03.091+0000] {processor.py:840} INFO - DAG(s) 'example_setup_teardown' retrieved from /home/airflow/.local/lib/python3.8/site-packages/airflow/example_dags/example_setup_teardown.py
[2024-09-13T02:54:03.107+0000] {logging_mixin.py:188} INFO - [2024-09-13T02:54:03.107+0000] {dag.py:3036} INFO - Sync 1 DAGs
[2024-09-13T02:54:03.119+0000] {logging_mixin.py:188} INFO - [2024-09-13T02:54:03.119+0000] {dag.py:3823} INFO - Setting next_dagrun for example_setup_teardown to 2024-09-12 00:00:00+00:00, run_after=2024-09-13 00:00:00+00:00
[2024-09-13T02:54:03.130+0000] {processor.py:183} INFO - Processing /home/airflow/.local/lib/python3.8/site-packages/airflow/example_dags/example_setup_teardown.py took 0.052 seconds
[2024-09-13T02:54:33.166+0000] {processor.py:161} INFO - Started process (PID=7951) to work on /home/airflow/.local/lib/python3.8/site-packages/airflow/example_dags/example_setup_teardown.py
[2024-09-13T02:54:33.167+0000] {processor.py:830} INFO - Processing file /home/airflow/.local/lib/python3.8/site-packages/airflow/example_dags/example_setup_teardown.py for tasks to queue
[2024-09-13T02:54:33.168+0000] {logging_mixin.py:188} INFO - [2024-09-13T02:54:33.168+0000] {dagbag.py:538} INFO - Filling up the DagBag from /home/airflow/.local/lib/python3.8/site-packages/airflow/example_dags/example_setup_teardown.py
[2024-09-13T02:54:33.173+0000] {processor.py:840} INFO - DAG(s) 'example_setup_teardown' retrieved from /home/airflow/.local/lib/python3.8/site-packages/airflow/example_dags/example_setup_teardown.py
[2024-09-13T02:54:33.185+0000] {logging_mixin.py:188} INFO - [2024-09-13T02:54:33.184+0000] {dag.py:3036} INFO - Sync 1 DAGs
[2024-09-13T02:54:33.197+0000] {logging_mixin.py:188} INFO - [2024-09-13T02:54:33.197+0000] {dag.py:3823} INFO - Setting next_dagrun for example_setup_teardown to 2024-09-12 00:00:00+00:00, run_after=2024-09-13 00:00:00+00:00
[2024-09-13T02:54:33.207+0000] {processor.py:183} INFO - Processing /home/airflow/.local/lib/python3.8/site-packages/airflow/example_dags/example_setup_teardown.py took 0.044 seconds
[2024-09-13T02:55:03.276+0000] {processor.py:161} INFO - Started process (PID=8200) to work on /home/airflow/.local/lib/python3.8/site-packages/airflow/example_dags/example_setup_teardown.py
[2024-09-13T02:55:03.277+0000] {processor.py:830} INFO - Processing file /home/airflow/.local/lib/python3.8/site-packages/airflow/example_dags/example_setup_teardown.py for tasks to queue
[2024-09-13T02:55:03.278+0000] {logging_mixin.py:188} INFO - [2024-09-13T02:55:03.277+0000] {dagbag.py:538} INFO - Filling up the DagBag from /home/airflow/.local/lib/python3.8/site-packages/airflow/example_dags/example_setup_teardown.py
[2024-09-13T02:55:03.282+0000] {processor.py:840} INFO - DAG(s) 'example_setup_teardown' retrieved from /home/airflow/.local/lib/python3.8/site-packages/airflow/example_dags/example_setup_teardown.py
[2024-09-13T02:55:03.295+0000] {logging_mixin.py:188} INFO - [2024-09-13T02:55:03.295+0000] {dag.py:3036} INFO - Sync 1 DAGs
[2024-09-13T02:55:03.307+0000] {logging_mixin.py:188} INFO - [2024-09-13T02:55:03.307+0000] {dag.py:3823} INFO - Setting next_dagrun for example_setup_teardown to 2024-09-12 00:00:00+00:00, run_after=2024-09-13 00:00:00+00:00
[2024-09-13T02:55:03.317+0000] {processor.py:183} INFO - Processing /home/airflow/.local/lib/python3.8/site-packages/airflow/example_dags/example_setup_teardown.py took 0.044 seconds
[2024-09-13T02:55:34.077+0000] {processor.py:161} INFO - Started process (PID=8450) to work on /home/airflow/.local/lib/python3.8/site-packages/airflow/example_dags/example_setup_teardown.py
[2024-09-13T02:55:34.078+0000] {processor.py:830} INFO - Processing file /home/airflow/.local/lib/python3.8/site-packages/airflow/example_dags/example_setup_teardown.py for tasks to queue
[2024-09-13T02:55:34.079+0000] {logging_mixin.py:188} INFO - [2024-09-13T02:55:34.078+0000] {dagbag.py:538} INFO - Filling up the DagBag from /home/airflow/.local/lib/python3.8/site-packages/airflow/example_dags/example_setup_teardown.py
[2024-09-13T02:55:34.083+0000] {processor.py:840} INFO - DAG(s) 'example_setup_teardown' retrieved from /home/airflow/.local/lib/python3.8/site-packages/airflow/example_dags/example_setup_teardown.py
[2024-09-13T02:55:34.094+0000] {logging_mixin.py:188} INFO - [2024-09-13T02:55:34.094+0000] {dag.py:3036} INFO - Sync 1 DAGs
[2024-09-13T02:55:34.105+0000] {logging_mixin.py:188} INFO - [2024-09-13T02:55:34.105+0000] {dag.py:3823} INFO - Setting next_dagrun for example_setup_teardown to 2024-09-12 00:00:00+00:00, run_after=2024-09-13 00:00:00+00:00
[2024-09-13T02:55:34.116+0000] {processor.py:183} INFO - Processing /home/airflow/.local/lib/python3.8/site-packages/airflow/example_dags/example_setup_teardown.py took 0.041 seconds
