[2024-09-13T02:38:42.019+0000] {processor.py:161} INFO - Started process (PID=201) to work on /home/airflow/.local/lib/python3.8/site-packages/airflow/example_dags/example_sensor_decorator.py
[2024-09-13T02:38:42.021+0000] {processor.py:830} INFO - Processing file /home/airflow/.local/lib/python3.8/site-packages/airflow/example_dags/example_sensor_decorator.py for tasks to queue
[2024-09-13T02:38:42.022+0000] {logging_mixin.py:188} INFO - [2024-09-13T02:38:42.022+0000] {dagbag.py:538} INFO - Filling up the DagBag from /home/airflow/.local/lib/python3.8/site-packages/airflow/example_dags/example_sensor_decorator.py
[2024-09-13T02:38:42.029+0000] {processor.py:840} INFO - DAG(s) 'example_sensor_decorator' retrieved from /home/airflow/.local/lib/python3.8/site-packages/airflow/example_dags/example_sensor_decorator.py
[2024-09-13T02:38:42.046+0000] {logging_mixin.py:188} INFO - [2024-09-13T02:38:42.046+0000] {dag.py:3036} INFO - Sync 1 DAGs
[2024-09-13T02:38:42.054+0000] {logging_mixin.py:188} INFO - [2024-09-13T02:38:42.054+0000] {dag.py:3823} INFO - Setting next_dagrun for example_sensor_decorator to None, run_after=None
[2024-09-13T02:38:42.077+0000] {processor.py:183} INFO - Processing /home/airflow/.local/lib/python3.8/site-packages/airflow/example_dags/example_sensor_decorator.py took 0.063 seconds
[2024-09-13T02:39:12.120+0000] {processor.py:161} INFO - Started process (PID=445) to work on /home/airflow/.local/lib/python3.8/site-packages/airflow/example_dags/example_sensor_decorator.py
[2024-09-13T02:39:12.121+0000] {processor.py:830} INFO - Processing file /home/airflow/.local/lib/python3.8/site-packages/airflow/example_dags/example_sensor_decorator.py for tasks to queue
[2024-09-13T02:39:12.121+0000] {logging_mixin.py:188} INFO - [2024-09-13T02:39:12.121+0000] {dagbag.py:538} INFO - Filling up the DagBag from /home/airflow/.local/lib/python3.8/site-packages/airflow/example_dags/example_sensor_decorator.py
[2024-09-13T02:39:12.126+0000] {processor.py:840} INFO - DAG(s) 'example_sensor_decorator' retrieved from /home/airflow/.local/lib/python3.8/site-packages/airflow/example_dags/example_sensor_decorator.py
[2024-09-13T02:39:12.137+0000] {logging_mixin.py:188} INFO - [2024-09-13T02:39:12.136+0000] {dag.py:3036} INFO - Sync 1 DAGs
[2024-09-13T02:39:12.143+0000] {logging_mixin.py:188} INFO - [2024-09-13T02:39:12.142+0000] {dag.py:3823} INFO - Setting next_dagrun for example_sensor_decorator to None, run_after=None
[2024-09-13T02:39:12.151+0000] {processor.py:183} INFO - Processing /home/airflow/.local/lib/python3.8/site-packages/airflow/example_dags/example_sensor_decorator.py took 0.033 seconds
[2024-09-13T02:39:42.884+0000] {processor.py:161} INFO - Started process (PID=695) to work on /home/airflow/.local/lib/python3.8/site-packages/airflow/example_dags/example_sensor_decorator.py
[2024-09-13T02:39:42.884+0000] {processor.py:830} INFO - Processing file /home/airflow/.local/lib/python3.8/site-packages/airflow/example_dags/example_sensor_decorator.py for tasks to queue
[2024-09-13T02:39:42.885+0000] {logging_mixin.py:188} INFO - [2024-09-13T02:39:42.885+0000] {dagbag.py:538} INFO - Filling up the DagBag from /home/airflow/.local/lib/python3.8/site-packages/airflow/example_dags/example_sensor_decorator.py
[2024-09-13T02:39:42.891+0000] {processor.py:840} INFO - DAG(s) 'example_sensor_decorator' retrieved from /home/airflow/.local/lib/python3.8/site-packages/airflow/example_dags/example_sensor_decorator.py
[2024-09-13T02:39:42.904+0000] {logging_mixin.py:188} INFO - [2024-09-13T02:39:42.904+0000] {dag.py:3036} INFO - Sync 1 DAGs
[2024-09-13T02:39:42.916+0000] {logging_mixin.py:188} INFO - [2024-09-13T02:39:42.915+0000] {dag.py:3823} INFO - Setting next_dagrun for example_sensor_decorator to None, run_after=None
[2024-09-13T02:39:42.942+0000] {processor.py:183} INFO - Processing /home/airflow/.local/lib/python3.8/site-packages/airflow/example_dags/example_sensor_decorator.py took 0.061 seconds
[2024-09-13T02:40:13.915+0000] {processor.py:161} INFO - Started process (PID=941) to work on /home/airflow/.local/lib/python3.8/site-packages/airflow/example_dags/example_sensor_decorator.py
[2024-09-13T02:40:13.916+0000] {processor.py:830} INFO - Processing file /home/airflow/.local/lib/python3.8/site-packages/airflow/example_dags/example_sensor_decorator.py for tasks to queue
[2024-09-13T02:40:13.916+0000] {logging_mixin.py:188} INFO - [2024-09-13T02:40:13.916+0000] {dagbag.py:538} INFO - Filling up the DagBag from /home/airflow/.local/lib/python3.8/site-packages/airflow/example_dags/example_sensor_decorator.py
[2024-09-13T02:40:13.920+0000] {processor.py:840} INFO - DAG(s) 'example_sensor_decorator' retrieved from /home/airflow/.local/lib/python3.8/site-packages/airflow/example_dags/example_sensor_decorator.py
[2024-09-13T02:40:13.931+0000] {logging_mixin.py:188} INFO - [2024-09-13T02:40:13.931+0000] {dag.py:3036} INFO - Sync 1 DAGs
[2024-09-13T02:40:13.938+0000] {logging_mixin.py:188} INFO - [2024-09-13T02:40:13.938+0000] {dag.py:3823} INFO - Setting next_dagrun for example_sensor_decorator to None, run_after=None
[2024-09-13T02:40:13.947+0000] {processor.py:183} INFO - Processing /home/airflow/.local/lib/python3.8/site-packages/airflow/example_dags/example_sensor_decorator.py took 0.035 seconds
[2024-09-13T02:40:44.058+0000] {processor.py:161} INFO - Started process (PID=1188) to work on /home/airflow/.local/lib/python3.8/site-packages/airflow/example_dags/example_sensor_decorator.py
[2024-09-13T02:40:44.058+0000] {processor.py:830} INFO - Processing file /home/airflow/.local/lib/python3.8/site-packages/airflow/example_dags/example_sensor_decorator.py for tasks to queue
[2024-09-13T02:40:44.059+0000] {logging_mixin.py:188} INFO - [2024-09-13T02:40:44.059+0000] {dagbag.py:538} INFO - Filling up the DagBag from /home/airflow/.local/lib/python3.8/site-packages/airflow/example_dags/example_sensor_decorator.py
[2024-09-13T02:40:44.062+0000] {processor.py:840} INFO - DAG(s) 'example_sensor_decorator' retrieved from /home/airflow/.local/lib/python3.8/site-packages/airflow/example_dags/example_sensor_decorator.py
[2024-09-13T02:40:44.075+0000] {logging_mixin.py:188} INFO - [2024-09-13T02:40:44.074+0000] {dag.py:3036} INFO - Sync 1 DAGs
[2024-09-13T02:40:44.082+0000] {logging_mixin.py:188} INFO - [2024-09-13T02:40:44.081+0000] {dag.py:3823} INFO - Setting next_dagrun for example_sensor_decorator to None, run_after=None
[2024-09-13T02:40:44.091+0000] {processor.py:183} INFO - Processing /home/airflow/.local/lib/python3.8/site-packages/airflow/example_dags/example_sensor_decorator.py took 0.036 seconds
[2024-09-13T02:41:15.163+0000] {processor.py:161} INFO - Started process (PID=1435) to work on /home/airflow/.local/lib/python3.8/site-packages/airflow/example_dags/example_sensor_decorator.py
[2024-09-13T02:41:15.164+0000] {processor.py:830} INFO - Processing file /home/airflow/.local/lib/python3.8/site-packages/airflow/example_dags/example_sensor_decorator.py for tasks to queue
[2024-09-13T02:41:15.165+0000] {logging_mixin.py:188} INFO - [2024-09-13T02:41:15.165+0000] {dagbag.py:538} INFO - Filling up the DagBag from /home/airflow/.local/lib/python3.8/site-packages/airflow/example_dags/example_sensor_decorator.py
[2024-09-13T02:41:15.171+0000] {processor.py:840} INFO - DAG(s) 'example_sensor_decorator' retrieved from /home/airflow/.local/lib/python3.8/site-packages/airflow/example_dags/example_sensor_decorator.py
[2024-09-13T02:41:15.196+0000] {logging_mixin.py:188} INFO - [2024-09-13T02:41:15.196+0000] {dag.py:3036} INFO - Sync 1 DAGs
[2024-09-13T02:41:15.211+0000] {logging_mixin.py:188} INFO - [2024-09-13T02:41:15.211+0000] {dag.py:3823} INFO - Setting next_dagrun for example_sensor_decorator to None, run_after=None
[2024-09-13T02:41:15.234+0000] {processor.py:183} INFO - Processing /home/airflow/.local/lib/python3.8/site-packages/airflow/example_dags/example_sensor_decorator.py took 0.073 seconds
[2024-09-13T02:41:46.018+0000] {processor.py:161} INFO - Started process (PID=1681) to work on /home/airflow/.local/lib/python3.8/site-packages/airflow/example_dags/example_sensor_decorator.py
[2024-09-13T02:41:46.019+0000] {processor.py:830} INFO - Processing file /home/airflow/.local/lib/python3.8/site-packages/airflow/example_dags/example_sensor_decorator.py for tasks to queue
[2024-09-13T02:41:46.021+0000] {logging_mixin.py:188} INFO - [2024-09-13T02:41:46.020+0000] {dagbag.py:538} INFO - Filling up the DagBag from /home/airflow/.local/lib/python3.8/site-packages/airflow/example_dags/example_sensor_decorator.py
[2024-09-13T02:41:46.025+0000] {processor.py:840} INFO - DAG(s) 'example_sensor_decorator' retrieved from /home/airflow/.local/lib/python3.8/site-packages/airflow/example_dags/example_sensor_decorator.py
[2024-09-13T02:41:46.037+0000] {logging_mixin.py:188} INFO - [2024-09-13T02:41:46.037+0000] {dag.py:3036} INFO - Sync 1 DAGs
[2024-09-13T02:41:46.044+0000] {logging_mixin.py:188} INFO - [2024-09-13T02:41:46.044+0000] {dag.py:3823} INFO - Setting next_dagrun for example_sensor_decorator to None, run_after=None
[2024-09-13T02:41:46.053+0000] {processor.py:183} INFO - Processing /home/airflow/.local/lib/python3.8/site-packages/airflow/example_dags/example_sensor_decorator.py took 0.037 seconds
[2024-09-13T02:42:16.598+0000] {processor.py:161} INFO - Started process (PID=1928) to work on /home/airflow/.local/lib/python3.8/site-packages/airflow/example_dags/example_sensor_decorator.py
[2024-09-13T02:42:16.599+0000] {processor.py:830} INFO - Processing file /home/airflow/.local/lib/python3.8/site-packages/airflow/example_dags/example_sensor_decorator.py for tasks to queue
[2024-09-13T02:42:16.600+0000] {logging_mixin.py:188} INFO - [2024-09-13T02:42:16.599+0000] {dagbag.py:538} INFO - Filling up the DagBag from /home/airflow/.local/lib/python3.8/site-packages/airflow/example_dags/example_sensor_decorator.py
[2024-09-13T02:42:16.604+0000] {processor.py:840} INFO - DAG(s) 'example_sensor_decorator' retrieved from /home/airflow/.local/lib/python3.8/site-packages/airflow/example_dags/example_sensor_decorator.py
[2024-09-13T02:42:16.618+0000] {logging_mixin.py:188} INFO - [2024-09-13T02:42:16.618+0000] {dag.py:3036} INFO - Sync 1 DAGs
[2024-09-13T02:42:16.624+0000] {logging_mixin.py:188} INFO - [2024-09-13T02:42:16.624+0000] {dag.py:3823} INFO - Setting next_dagrun for example_sensor_decorator to None, run_after=None
[2024-09-13T02:42:16.634+0000] {processor.py:183} INFO - Processing /home/airflow/.local/lib/python3.8/site-packages/airflow/example_dags/example_sensor_decorator.py took 0.039 seconds
[2024-09-13T02:42:47.541+0000] {processor.py:161} INFO - Started process (PID=2175) to work on /home/airflow/.local/lib/python3.8/site-packages/airflow/example_dags/example_sensor_decorator.py
[2024-09-13T02:42:47.542+0000] {processor.py:830} INFO - Processing file /home/airflow/.local/lib/python3.8/site-packages/airflow/example_dags/example_sensor_decorator.py for tasks to queue
[2024-09-13T02:42:47.543+0000] {logging_mixin.py:188} INFO - [2024-09-13T02:42:47.543+0000] {dagbag.py:538} INFO - Filling up the DagBag from /home/airflow/.local/lib/python3.8/site-packages/airflow/example_dags/example_sensor_decorator.py
[2024-09-13T02:42:47.547+0000] {processor.py:840} INFO - DAG(s) 'example_sensor_decorator' retrieved from /home/airflow/.local/lib/python3.8/site-packages/airflow/example_dags/example_sensor_decorator.py
[2024-09-13T02:42:47.559+0000] {logging_mixin.py:188} INFO - [2024-09-13T02:42:47.559+0000] {dag.py:3036} INFO - Sync 1 DAGs
[2024-09-13T02:42:47.566+0000] {logging_mixin.py:188} INFO - [2024-09-13T02:42:47.566+0000] {dag.py:3823} INFO - Setting next_dagrun for example_sensor_decorator to None, run_after=None
[2024-09-13T02:42:47.577+0000] {processor.py:183} INFO - Processing /home/airflow/.local/lib/python3.8/site-packages/airflow/example_dags/example_sensor_decorator.py took 0.038 seconds
[2024-09-13T02:43:17.659+0000] {processor.py:161} INFO - Started process (PID=2422) to work on /home/airflow/.local/lib/python3.8/site-packages/airflow/example_dags/example_sensor_decorator.py
[2024-09-13T02:43:17.659+0000] {processor.py:830} INFO - Processing file /home/airflow/.local/lib/python3.8/site-packages/airflow/example_dags/example_sensor_decorator.py for tasks to queue
[2024-09-13T02:43:17.660+0000] {logging_mixin.py:188} INFO - [2024-09-13T02:43:17.660+0000] {dagbag.py:538} INFO - Filling up the DagBag from /home/airflow/.local/lib/python3.8/site-packages/airflow/example_dags/example_sensor_decorator.py
[2024-09-13T02:43:17.664+0000] {processor.py:840} INFO - DAG(s) 'example_sensor_decorator' retrieved from /home/airflow/.local/lib/python3.8/site-packages/airflow/example_dags/example_sensor_decorator.py
[2024-09-13T02:43:17.676+0000] {logging_mixin.py:188} INFO - [2024-09-13T02:43:17.676+0000] {dag.py:3036} INFO - Sync 1 DAGs
[2024-09-13T02:43:17.684+0000] {logging_mixin.py:188} INFO - [2024-09-13T02:43:17.684+0000] {dag.py:3823} INFO - Setting next_dagrun for example_sensor_decorator to None, run_after=None
[2024-09-13T02:43:17.696+0000] {processor.py:183} INFO - Processing /home/airflow/.local/lib/python3.8/site-packages/airflow/example_dags/example_sensor_decorator.py took 0.039 seconds
[2024-09-13T02:43:48.347+0000] {processor.py:161} INFO - Started process (PID=2669) to work on /home/airflow/.local/lib/python3.8/site-packages/airflow/example_dags/example_sensor_decorator.py
[2024-09-13T02:43:48.348+0000] {processor.py:830} INFO - Processing file /home/airflow/.local/lib/python3.8/site-packages/airflow/example_dags/example_sensor_decorator.py for tasks to queue
[2024-09-13T02:43:48.349+0000] {logging_mixin.py:188} INFO - [2024-09-13T02:43:48.348+0000] {dagbag.py:538} INFO - Filling up the DagBag from /home/airflow/.local/lib/python3.8/site-packages/airflow/example_dags/example_sensor_decorator.py
[2024-09-13T02:43:48.352+0000] {processor.py:840} INFO - DAG(s) 'example_sensor_decorator' retrieved from /home/airflow/.local/lib/python3.8/site-packages/airflow/example_dags/example_sensor_decorator.py
[2024-09-13T02:43:48.364+0000] {logging_mixin.py:188} INFO - [2024-09-13T02:43:48.364+0000] {dag.py:3036} INFO - Sync 1 DAGs
[2024-09-13T02:43:48.371+0000] {logging_mixin.py:188} INFO - [2024-09-13T02:43:48.371+0000] {dag.py:3823} INFO - Setting next_dagrun for example_sensor_decorator to None, run_after=None
[2024-09-13T02:43:48.380+0000] {processor.py:183} INFO - Processing /home/airflow/.local/lib/python3.8/site-packages/airflow/example_dags/example_sensor_decorator.py took 0.035 seconds
[2024-09-13T02:44:19.033+0000] {processor.py:161} INFO - Started process (PID=2916) to work on /home/airflow/.local/lib/python3.8/site-packages/airflow/example_dags/example_sensor_decorator.py
[2024-09-13T02:44:19.033+0000] {processor.py:830} INFO - Processing file /home/airflow/.local/lib/python3.8/site-packages/airflow/example_dags/example_sensor_decorator.py for tasks to queue
[2024-09-13T02:44:19.034+0000] {logging_mixin.py:188} INFO - [2024-09-13T02:44:19.034+0000] {dagbag.py:538} INFO - Filling up the DagBag from /home/airflow/.local/lib/python3.8/site-packages/airflow/example_dags/example_sensor_decorator.py
[2024-09-13T02:44:19.038+0000] {processor.py:840} INFO - DAG(s) 'example_sensor_decorator' retrieved from /home/airflow/.local/lib/python3.8/site-packages/airflow/example_dags/example_sensor_decorator.py
[2024-09-13T02:44:19.050+0000] {logging_mixin.py:188} INFO - [2024-09-13T02:44:19.050+0000] {dag.py:3036} INFO - Sync 1 DAGs
[2024-09-13T02:44:19.056+0000] {logging_mixin.py:188} INFO - [2024-09-13T02:44:19.056+0000] {dag.py:3823} INFO - Setting next_dagrun for example_sensor_decorator to None, run_after=None
[2024-09-13T02:44:19.065+0000] {processor.py:183} INFO - Processing /home/airflow/.local/lib/python3.8/site-packages/airflow/example_dags/example_sensor_decorator.py took 0.035 seconds
[2024-09-13T02:44:49.729+0000] {processor.py:161} INFO - Started process (PID=3163) to work on /home/airflow/.local/lib/python3.8/site-packages/airflow/example_dags/example_sensor_decorator.py
[2024-09-13T02:44:49.731+0000] {processor.py:830} INFO - Processing file /home/airflow/.local/lib/python3.8/site-packages/airflow/example_dags/example_sensor_decorator.py for tasks to queue
[2024-09-13T02:44:49.732+0000] {logging_mixin.py:188} INFO - [2024-09-13T02:44:49.732+0000] {dagbag.py:538} INFO - Filling up the DagBag from /home/airflow/.local/lib/python3.8/site-packages/airflow/example_dags/example_sensor_decorator.py
[2024-09-13T02:44:49.738+0000] {processor.py:840} INFO - DAG(s) 'example_sensor_decorator' retrieved from /home/airflow/.local/lib/python3.8/site-packages/airflow/example_dags/example_sensor_decorator.py
[2024-09-13T02:44:49.758+0000] {logging_mixin.py:188} INFO - [2024-09-13T02:44:49.758+0000] {dag.py:3036} INFO - Sync 1 DAGs
[2024-09-13T02:44:49.766+0000] {logging_mixin.py:188} INFO - [2024-09-13T02:44:49.766+0000] {dag.py:3823} INFO - Setting next_dagrun for example_sensor_decorator to None, run_after=None
[2024-09-13T02:44:49.779+0000] {processor.py:183} INFO - Processing /home/airflow/.local/lib/python3.8/site-packages/airflow/example_dags/example_sensor_decorator.py took 0.054 seconds
[2024-09-13T02:45:20.421+0000] {processor.py:161} INFO - Started process (PID=3410) to work on /home/airflow/.local/lib/python3.8/site-packages/airflow/example_dags/example_sensor_decorator.py
[2024-09-13T02:45:20.422+0000] {processor.py:830} INFO - Processing file /home/airflow/.local/lib/python3.8/site-packages/airflow/example_dags/example_sensor_decorator.py for tasks to queue
[2024-09-13T02:45:20.422+0000] {logging_mixin.py:188} INFO - [2024-09-13T02:45:20.422+0000] {dagbag.py:538} INFO - Filling up the DagBag from /home/airflow/.local/lib/python3.8/site-packages/airflow/example_dags/example_sensor_decorator.py
[2024-09-13T02:45:20.426+0000] {processor.py:840} INFO - DAG(s) 'example_sensor_decorator' retrieved from /home/airflow/.local/lib/python3.8/site-packages/airflow/example_dags/example_sensor_decorator.py
[2024-09-13T02:45:20.440+0000] {logging_mixin.py:188} INFO - [2024-09-13T02:45:20.439+0000] {dag.py:3036} INFO - Sync 1 DAGs
[2024-09-13T02:45:20.447+0000] {logging_mixin.py:188} INFO - [2024-09-13T02:45:20.447+0000] {dag.py:3823} INFO - Setting next_dagrun for example_sensor_decorator to None, run_after=None
[2024-09-13T02:45:20.459+0000] {processor.py:183} INFO - Processing /home/airflow/.local/lib/python3.8/site-packages/airflow/example_dags/example_sensor_decorator.py took 0.043 seconds
[2024-09-13T02:45:50.541+0000] {processor.py:161} INFO - Started process (PID=3657) to work on /home/airflow/.local/lib/python3.8/site-packages/airflow/example_dags/example_sensor_decorator.py
[2024-09-13T02:45:50.542+0000] {processor.py:830} INFO - Processing file /home/airflow/.local/lib/python3.8/site-packages/airflow/example_dags/example_sensor_decorator.py for tasks to queue
[2024-09-13T02:45:50.542+0000] {logging_mixin.py:188} INFO - [2024-09-13T02:45:50.542+0000] {dagbag.py:538} INFO - Filling up the DagBag from /home/airflow/.local/lib/python3.8/site-packages/airflow/example_dags/example_sensor_decorator.py
[2024-09-13T02:45:50.546+0000] {processor.py:840} INFO - DAG(s) 'example_sensor_decorator' retrieved from /home/airflow/.local/lib/python3.8/site-packages/airflow/example_dags/example_sensor_decorator.py
[2024-09-13T02:45:50.558+0000] {logging_mixin.py:188} INFO - [2024-09-13T02:45:50.558+0000] {dag.py:3036} INFO - Sync 1 DAGs
[2024-09-13T02:45:50.565+0000] {logging_mixin.py:188} INFO - [2024-09-13T02:45:50.565+0000] {dag.py:3823} INFO - Setting next_dagrun for example_sensor_decorator to None, run_after=None
[2024-09-13T02:45:50.574+0000] {processor.py:183} INFO - Processing /home/airflow/.local/lib/python3.8/site-packages/airflow/example_dags/example_sensor_decorator.py took 0.035 seconds
[2024-09-13T02:46:20.764+0000] {processor.py:161} INFO - Started process (PID=3904) to work on /home/airflow/.local/lib/python3.8/site-packages/airflow/example_dags/example_sensor_decorator.py
[2024-09-13T02:46:20.765+0000] {processor.py:830} INFO - Processing file /home/airflow/.local/lib/python3.8/site-packages/airflow/example_dags/example_sensor_decorator.py for tasks to queue
[2024-09-13T02:46:20.765+0000] {logging_mixin.py:188} INFO - [2024-09-13T02:46:20.765+0000] {dagbag.py:538} INFO - Filling up the DagBag from /home/airflow/.local/lib/python3.8/site-packages/airflow/example_dags/example_sensor_decorator.py
[2024-09-13T02:46:20.769+0000] {processor.py:840} INFO - DAG(s) 'example_sensor_decorator' retrieved from /home/airflow/.local/lib/python3.8/site-packages/airflow/example_dags/example_sensor_decorator.py
[2024-09-13T02:46:20.783+0000] {logging_mixin.py:188} INFO - [2024-09-13T02:46:20.782+0000] {dag.py:3036} INFO - Sync 1 DAGs
[2024-09-13T02:46:20.789+0000] {logging_mixin.py:188} INFO - [2024-09-13T02:46:20.789+0000] {dag.py:3823} INFO - Setting next_dagrun for example_sensor_decorator to None, run_after=None
[2024-09-13T02:46:20.802+0000] {processor.py:183} INFO - Processing /home/airflow/.local/lib/python3.8/site-packages/airflow/example_dags/example_sensor_decorator.py took 0.040 seconds
[2024-09-13T02:46:51.171+0000] {processor.py:161} INFO - Started process (PID=4151) to work on /home/airflow/.local/lib/python3.8/site-packages/airflow/example_dags/example_sensor_decorator.py
[2024-09-13T02:46:51.172+0000] {processor.py:830} INFO - Processing file /home/airflow/.local/lib/python3.8/site-packages/airflow/example_dags/example_sensor_decorator.py for tasks to queue
[2024-09-13T02:46:51.173+0000] {logging_mixin.py:188} INFO - [2024-09-13T02:46:51.173+0000] {dagbag.py:538} INFO - Filling up the DagBag from /home/airflow/.local/lib/python3.8/site-packages/airflow/example_dags/example_sensor_decorator.py
[2024-09-13T02:46:51.177+0000] {processor.py:840} INFO - DAG(s) 'example_sensor_decorator' retrieved from /home/airflow/.local/lib/python3.8/site-packages/airflow/example_dags/example_sensor_decorator.py
[2024-09-13T02:46:51.190+0000] {logging_mixin.py:188} INFO - [2024-09-13T02:46:51.190+0000] {dag.py:3036} INFO - Sync 1 DAGs
[2024-09-13T02:46:51.198+0000] {logging_mixin.py:188} INFO - [2024-09-13T02:46:51.198+0000] {dag.py:3823} INFO - Setting next_dagrun for example_sensor_decorator to None, run_after=None
[2024-09-13T02:46:51.209+0000] {processor.py:183} INFO - Processing /home/airflow/.local/lib/python3.8/site-packages/airflow/example_dags/example_sensor_decorator.py took 0.040 seconds
[2024-09-13T02:47:21.787+0000] {processor.py:161} INFO - Started process (PID=4396) to work on /home/airflow/.local/lib/python3.8/site-packages/airflow/example_dags/example_sensor_decorator.py
[2024-09-13T02:47:21.792+0000] {processor.py:830} INFO - Processing file /home/airflow/.local/lib/python3.8/site-packages/airflow/example_dags/example_sensor_decorator.py for tasks to queue
[2024-09-13T02:47:21.793+0000] {logging_mixin.py:188} INFO - [2024-09-13T02:47:21.793+0000] {dagbag.py:538} INFO - Filling up the DagBag from /home/airflow/.local/lib/python3.8/site-packages/airflow/example_dags/example_sensor_decorator.py
[2024-09-13T02:47:21.805+0000] {processor.py:840} INFO - DAG(s) 'example_sensor_decorator' retrieved from /home/airflow/.local/lib/python3.8/site-packages/airflow/example_dags/example_sensor_decorator.py
[2024-09-13T02:47:21.822+0000] {logging_mixin.py:188} INFO - [2024-09-13T02:47:21.821+0000] {dag.py:3036} INFO - Sync 1 DAGs
[2024-09-13T02:47:21.832+0000] {logging_mixin.py:188} INFO - [2024-09-13T02:47:21.832+0000] {dag.py:3823} INFO - Setting next_dagrun for example_sensor_decorator to None, run_after=None
[2024-09-13T02:47:21.848+0000] {processor.py:183} INFO - Processing /home/airflow/.local/lib/python3.8/site-packages/airflow/example_dags/example_sensor_decorator.py took 0.066 seconds
[2024-09-13T02:47:52.641+0000] {processor.py:161} INFO - Started process (PID=4645) to work on /home/airflow/.local/lib/python3.8/site-packages/airflow/example_dags/example_sensor_decorator.py
[2024-09-13T02:47:52.641+0000] {processor.py:830} INFO - Processing file /home/airflow/.local/lib/python3.8/site-packages/airflow/example_dags/example_sensor_decorator.py for tasks to queue
[2024-09-13T02:47:52.642+0000] {logging_mixin.py:188} INFO - [2024-09-13T02:47:52.642+0000] {dagbag.py:538} INFO - Filling up the DagBag from /home/airflow/.local/lib/python3.8/site-packages/airflow/example_dags/example_sensor_decorator.py
[2024-09-13T02:47:52.646+0000] {processor.py:840} INFO - DAG(s) 'example_sensor_decorator' retrieved from /home/airflow/.local/lib/python3.8/site-packages/airflow/example_dags/example_sensor_decorator.py
[2024-09-13T02:47:52.659+0000] {logging_mixin.py:188} INFO - [2024-09-13T02:47:52.659+0000] {dag.py:3036} INFO - Sync 1 DAGs
[2024-09-13T02:47:52.667+0000] {logging_mixin.py:188} INFO - [2024-09-13T02:47:52.667+0000] {dag.py:3823} INFO - Setting next_dagrun for example_sensor_decorator to None, run_after=None
[2024-09-13T02:47:52.678+0000] {processor.py:183} INFO - Processing /home/airflow/.local/lib/python3.8/site-packages/airflow/example_dags/example_sensor_decorator.py took 0.039 seconds
[2024-09-13T02:48:22.790+0000] {processor.py:161} INFO - Started process (PID=4892) to work on /home/airflow/.local/lib/python3.8/site-packages/airflow/example_dags/example_sensor_decorator.py
[2024-09-13T02:48:22.791+0000] {processor.py:830} INFO - Processing file /home/airflow/.local/lib/python3.8/site-packages/airflow/example_dags/example_sensor_decorator.py for tasks to queue
[2024-09-13T02:48:22.791+0000] {logging_mixin.py:188} INFO - [2024-09-13T02:48:22.791+0000] {dagbag.py:538} INFO - Filling up the DagBag from /home/airflow/.local/lib/python3.8/site-packages/airflow/example_dags/example_sensor_decorator.py
[2024-09-13T02:48:22.795+0000] {processor.py:840} INFO - DAG(s) 'example_sensor_decorator' retrieved from /home/airflow/.local/lib/python3.8/site-packages/airflow/example_dags/example_sensor_decorator.py
[2024-09-13T02:48:22.807+0000] {logging_mixin.py:188} INFO - [2024-09-13T02:48:22.807+0000] {dag.py:3036} INFO - Sync 1 DAGs
[2024-09-13T02:48:22.813+0000] {logging_mixin.py:188} INFO - [2024-09-13T02:48:22.813+0000] {dag.py:3823} INFO - Setting next_dagrun for example_sensor_decorator to None, run_after=None
[2024-09-13T02:48:22.823+0000] {processor.py:183} INFO - Processing /home/airflow/.local/lib/python3.8/site-packages/airflow/example_dags/example_sensor_decorator.py took 0.035 seconds
[2024-09-13T02:48:54.016+0000] {processor.py:161} INFO - Started process (PID=5139) to work on /home/airflow/.local/lib/python3.8/site-packages/airflow/example_dags/example_sensor_decorator.py
[2024-09-13T02:48:54.017+0000] {processor.py:830} INFO - Processing file /home/airflow/.local/lib/python3.8/site-packages/airflow/example_dags/example_sensor_decorator.py for tasks to queue
[2024-09-13T02:48:54.018+0000] {logging_mixin.py:188} INFO - [2024-09-13T02:48:54.018+0000] {dagbag.py:538} INFO - Filling up the DagBag from /home/airflow/.local/lib/python3.8/site-packages/airflow/example_dags/example_sensor_decorator.py
[2024-09-13T02:48:54.022+0000] {processor.py:840} INFO - DAG(s) 'example_sensor_decorator' retrieved from /home/airflow/.local/lib/python3.8/site-packages/airflow/example_dags/example_sensor_decorator.py
[2024-09-13T02:48:54.036+0000] {logging_mixin.py:188} INFO - [2024-09-13T02:48:54.035+0000] {dag.py:3036} INFO - Sync 1 DAGs
[2024-09-13T02:48:54.043+0000] {logging_mixin.py:188} INFO - [2024-09-13T02:48:54.043+0000] {dag.py:3823} INFO - Setting next_dagrun for example_sensor_decorator to None, run_after=None
[2024-09-13T02:48:54.053+0000] {processor.py:183} INFO - Processing /home/airflow/.local/lib/python3.8/site-packages/airflow/example_dags/example_sensor_decorator.py took 0.040 seconds
[2024-09-13T02:49:24.676+0000] {processor.py:161} INFO - Started process (PID=5386) to work on /home/airflow/.local/lib/python3.8/site-packages/airflow/example_dags/example_sensor_decorator.py
[2024-09-13T02:49:24.676+0000] {processor.py:830} INFO - Processing file /home/airflow/.local/lib/python3.8/site-packages/airflow/example_dags/example_sensor_decorator.py for tasks to queue
[2024-09-13T02:49:24.677+0000] {logging_mixin.py:188} INFO - [2024-09-13T02:49:24.677+0000] {dagbag.py:538} INFO - Filling up the DagBag from /home/airflow/.local/lib/python3.8/site-packages/airflow/example_dags/example_sensor_decorator.py
[2024-09-13T02:49:24.682+0000] {processor.py:840} INFO - DAG(s) 'example_sensor_decorator' retrieved from /home/airflow/.local/lib/python3.8/site-packages/airflow/example_dags/example_sensor_decorator.py
[2024-09-13T02:49:24.697+0000] {logging_mixin.py:188} INFO - [2024-09-13T02:49:24.697+0000] {dag.py:3036} INFO - Sync 1 DAGs
[2024-09-13T02:49:24.705+0000] {logging_mixin.py:188} INFO - [2024-09-13T02:49:24.704+0000] {dag.py:3823} INFO - Setting next_dagrun for example_sensor_decorator to None, run_after=None
[2024-09-13T02:49:24.715+0000] {processor.py:183} INFO - Processing /home/airflow/.local/lib/python3.8/site-packages/airflow/example_dags/example_sensor_decorator.py took 0.042 seconds
[2024-09-13T02:49:54.907+0000] {processor.py:161} INFO - Started process (PID=5633) to work on /home/airflow/.local/lib/python3.8/site-packages/airflow/example_dags/example_sensor_decorator.py
[2024-09-13T02:49:54.909+0000] {processor.py:830} INFO - Processing file /home/airflow/.local/lib/python3.8/site-packages/airflow/example_dags/example_sensor_decorator.py for tasks to queue
[2024-09-13T02:49:54.909+0000] {logging_mixin.py:188} INFO - [2024-09-13T02:49:54.909+0000] {dagbag.py:538} INFO - Filling up the DagBag from /home/airflow/.local/lib/python3.8/site-packages/airflow/example_dags/example_sensor_decorator.py
[2024-09-13T02:49:54.916+0000] {processor.py:840} INFO - DAG(s) 'example_sensor_decorator' retrieved from /home/airflow/.local/lib/python3.8/site-packages/airflow/example_dags/example_sensor_decorator.py
[2024-09-13T02:49:54.966+0000] {logging_mixin.py:188} INFO - [2024-09-13T02:49:54.966+0000] {dag.py:3036} INFO - Sync 1 DAGs
[2024-09-13T02:49:54.975+0000] {logging_mixin.py:188} INFO - [2024-09-13T02:49:54.975+0000] {dag.py:3823} INFO - Setting next_dagrun for example_sensor_decorator to None, run_after=None
[2024-09-13T02:49:54.988+0000] {processor.py:183} INFO - Processing /home/airflow/.local/lib/python3.8/site-packages/airflow/example_dags/example_sensor_decorator.py took 0.085 seconds
[2024-09-13T02:50:25.546+0000] {processor.py:161} INFO - Started process (PID=5880) to work on /home/airflow/.local/lib/python3.8/site-packages/airflow/example_dags/example_sensor_decorator.py
[2024-09-13T02:50:25.547+0000] {processor.py:830} INFO - Processing file /home/airflow/.local/lib/python3.8/site-packages/airflow/example_dags/example_sensor_decorator.py for tasks to queue
[2024-09-13T02:50:25.547+0000] {logging_mixin.py:188} INFO - [2024-09-13T02:50:25.547+0000] {dagbag.py:538} INFO - Filling up the DagBag from /home/airflow/.local/lib/python3.8/site-packages/airflow/example_dags/example_sensor_decorator.py
[2024-09-13T02:50:25.551+0000] {processor.py:840} INFO - DAG(s) 'example_sensor_decorator' retrieved from /home/airflow/.local/lib/python3.8/site-packages/airflow/example_dags/example_sensor_decorator.py
[2024-09-13T02:50:25.563+0000] {logging_mixin.py:188} INFO - [2024-09-13T02:50:25.563+0000] {dag.py:3036} INFO - Sync 1 DAGs
[2024-09-13T02:50:25.571+0000] {logging_mixin.py:188} INFO - [2024-09-13T02:50:25.570+0000] {dag.py:3823} INFO - Setting next_dagrun for example_sensor_decorator to None, run_after=None
[2024-09-13T02:50:25.583+0000] {processor.py:183} INFO - Processing /home/airflow/.local/lib/python3.8/site-packages/airflow/example_dags/example_sensor_decorator.py took 0.039 seconds
[2024-09-13T02:50:56.333+0000] {processor.py:161} INFO - Started process (PID=6127) to work on /home/airflow/.local/lib/python3.8/site-packages/airflow/example_dags/example_sensor_decorator.py
[2024-09-13T02:50:56.335+0000] {processor.py:830} INFO - Processing file /home/airflow/.local/lib/python3.8/site-packages/airflow/example_dags/example_sensor_decorator.py for tasks to queue
[2024-09-13T02:50:56.335+0000] {logging_mixin.py:188} INFO - [2024-09-13T02:50:56.335+0000] {dagbag.py:538} INFO - Filling up the DagBag from /home/airflow/.local/lib/python3.8/site-packages/airflow/example_dags/example_sensor_decorator.py
[2024-09-13T02:50:56.340+0000] {processor.py:840} INFO - DAG(s) 'example_sensor_decorator' retrieved from /home/airflow/.local/lib/python3.8/site-packages/airflow/example_dags/example_sensor_decorator.py
[2024-09-13T02:50:56.353+0000] {logging_mixin.py:188} INFO - [2024-09-13T02:50:56.352+0000] {dag.py:3036} INFO - Sync 1 DAGs
[2024-09-13T02:50:56.359+0000] {logging_mixin.py:188} INFO - [2024-09-13T02:50:56.359+0000] {dag.py:3823} INFO - Setting next_dagrun for example_sensor_decorator to None, run_after=None
[2024-09-13T02:50:56.373+0000] {processor.py:183} INFO - Processing /home/airflow/.local/lib/python3.8/site-packages/airflow/example_dags/example_sensor_decorator.py took 0.044 seconds
[2024-09-13T02:51:26.989+0000] {processor.py:161} INFO - Started process (PID=6374) to work on /home/airflow/.local/lib/python3.8/site-packages/airflow/example_dags/example_sensor_decorator.py
[2024-09-13T02:51:26.990+0000] {processor.py:830} INFO - Processing file /home/airflow/.local/lib/python3.8/site-packages/airflow/example_dags/example_sensor_decorator.py for tasks to queue
[2024-09-13T02:51:26.990+0000] {logging_mixin.py:188} INFO - [2024-09-13T02:51:26.990+0000] {dagbag.py:538} INFO - Filling up the DagBag from /home/airflow/.local/lib/python3.8/site-packages/airflow/example_dags/example_sensor_decorator.py
[2024-09-13T02:51:26.996+0000] {processor.py:840} INFO - DAG(s) 'example_sensor_decorator' retrieved from /home/airflow/.local/lib/python3.8/site-packages/airflow/example_dags/example_sensor_decorator.py
[2024-09-13T02:51:27.014+0000] {logging_mixin.py:188} INFO - [2024-09-13T02:51:27.013+0000] {dag.py:3036} INFO - Sync 1 DAGs
[2024-09-13T02:51:27.021+0000] {logging_mixin.py:188} INFO - [2024-09-13T02:51:27.021+0000] {dag.py:3823} INFO - Setting next_dagrun for example_sensor_decorator to None, run_after=None
[2024-09-13T02:51:27.033+0000] {processor.py:183} INFO - Processing /home/airflow/.local/lib/python3.8/site-packages/airflow/example_dags/example_sensor_decorator.py took 0.047 seconds
[2024-09-13T02:51:57.689+0000] {processor.py:161} INFO - Started process (PID=6621) to work on /home/airflow/.local/lib/python3.8/site-packages/airflow/example_dags/example_sensor_decorator.py
[2024-09-13T02:51:57.690+0000] {processor.py:830} INFO - Processing file /home/airflow/.local/lib/python3.8/site-packages/airflow/example_dags/example_sensor_decorator.py for tasks to queue
[2024-09-13T02:51:57.691+0000] {logging_mixin.py:188} INFO - [2024-09-13T02:51:57.691+0000] {dagbag.py:538} INFO - Filling up the DagBag from /home/airflow/.local/lib/python3.8/site-packages/airflow/example_dags/example_sensor_decorator.py
[2024-09-13T02:51:57.695+0000] {processor.py:840} INFO - DAG(s) 'example_sensor_decorator' retrieved from /home/airflow/.local/lib/python3.8/site-packages/airflow/example_dags/example_sensor_decorator.py
[2024-09-13T02:51:57.707+0000] {logging_mixin.py:188} INFO - [2024-09-13T02:51:57.707+0000] {dag.py:3036} INFO - Sync 1 DAGs
[2024-09-13T02:51:57.714+0000] {logging_mixin.py:188} INFO - [2024-09-13T02:51:57.713+0000] {dag.py:3823} INFO - Setting next_dagrun for example_sensor_decorator to None, run_after=None
[2024-09-13T02:51:57.737+0000] {processor.py:183} INFO - Processing /home/airflow/.local/lib/python3.8/site-packages/airflow/example_dags/example_sensor_decorator.py took 0.050 seconds
[2024-09-13T02:52:28.657+0000] {processor.py:161} INFO - Started process (PID=6868) to work on /home/airflow/.local/lib/python3.8/site-packages/airflow/example_dags/example_sensor_decorator.py
[2024-09-13T02:52:28.659+0000] {processor.py:830} INFO - Processing file /home/airflow/.local/lib/python3.8/site-packages/airflow/example_dags/example_sensor_decorator.py for tasks to queue
[2024-09-13T02:52:28.660+0000] {logging_mixin.py:188} INFO - [2024-09-13T02:52:28.659+0000] {dagbag.py:538} INFO - Filling up the DagBag from /home/airflow/.local/lib/python3.8/site-packages/airflow/example_dags/example_sensor_decorator.py
[2024-09-13T02:52:28.665+0000] {processor.py:840} INFO - DAG(s) 'example_sensor_decorator' retrieved from /home/airflow/.local/lib/python3.8/site-packages/airflow/example_dags/example_sensor_decorator.py
[2024-09-13T02:52:28.681+0000] {logging_mixin.py:188} INFO - [2024-09-13T02:52:28.681+0000] {dag.py:3036} INFO - Sync 1 DAGs
[2024-09-13T02:52:28.689+0000] {logging_mixin.py:188} INFO - [2024-09-13T02:52:28.688+0000] {dag.py:3823} INFO - Setting next_dagrun for example_sensor_decorator to None, run_after=None
[2024-09-13T02:52:28.701+0000] {processor.py:183} INFO - Processing /home/airflow/.local/lib/python3.8/site-packages/airflow/example_dags/example_sensor_decorator.py took 0.046 seconds
[2024-09-13T02:52:58.912+0000] {processor.py:161} INFO - Started process (PID=7115) to work on /home/airflow/.local/lib/python3.8/site-packages/airflow/example_dags/example_sensor_decorator.py
[2024-09-13T02:52:58.913+0000] {processor.py:830} INFO - Processing file /home/airflow/.local/lib/python3.8/site-packages/airflow/example_dags/example_sensor_decorator.py for tasks to queue
[2024-09-13T02:52:58.913+0000] {logging_mixin.py:188} INFO - [2024-09-13T02:52:58.913+0000] {dagbag.py:538} INFO - Filling up the DagBag from /home/airflow/.local/lib/python3.8/site-packages/airflow/example_dags/example_sensor_decorator.py
[2024-09-13T02:52:58.918+0000] {processor.py:840} INFO - DAG(s) 'example_sensor_decorator' retrieved from /home/airflow/.local/lib/python3.8/site-packages/airflow/example_dags/example_sensor_decorator.py
[2024-09-13T02:52:58.932+0000] {logging_mixin.py:188} INFO - [2024-09-13T02:52:58.932+0000] {dag.py:3036} INFO - Sync 1 DAGs
[2024-09-13T02:52:58.943+0000] {logging_mixin.py:188} INFO - [2024-09-13T02:52:58.943+0000] {dag.py:3823} INFO - Setting next_dagrun for example_sensor_decorator to None, run_after=None
[2024-09-13T02:52:58.956+0000] {processor.py:183} INFO - Processing /home/airflow/.local/lib/python3.8/site-packages/airflow/example_dags/example_sensor_decorator.py took 0.046 seconds
[2024-09-13T02:53:29.568+0000] {processor.py:161} INFO - Started process (PID=7362) to work on /home/airflow/.local/lib/python3.8/site-packages/airflow/example_dags/example_sensor_decorator.py
[2024-09-13T02:53:29.570+0000] {processor.py:830} INFO - Processing file /home/airflow/.local/lib/python3.8/site-packages/airflow/example_dags/example_sensor_decorator.py for tasks to queue
[2024-09-13T02:53:29.570+0000] {logging_mixin.py:188} INFO - [2024-09-13T02:53:29.570+0000] {dagbag.py:538} INFO - Filling up the DagBag from /home/airflow/.local/lib/python3.8/site-packages/airflow/example_dags/example_sensor_decorator.py
[2024-09-13T02:53:29.575+0000] {processor.py:840} INFO - DAG(s) 'example_sensor_decorator' retrieved from /home/airflow/.local/lib/python3.8/site-packages/airflow/example_dags/example_sensor_decorator.py
[2024-09-13T02:53:29.590+0000] {logging_mixin.py:188} INFO - [2024-09-13T02:53:29.590+0000] {dag.py:3036} INFO - Sync 1 DAGs
[2024-09-13T02:53:29.597+0000] {logging_mixin.py:188} INFO - [2024-09-13T02:53:29.597+0000] {dag.py:3823} INFO - Setting next_dagrun for example_sensor_decorator to None, run_after=None
[2024-09-13T02:53:29.609+0000] {processor.py:183} INFO - Processing /home/airflow/.local/lib/python3.8/site-packages/airflow/example_dags/example_sensor_decorator.py took 0.043 seconds
[2024-09-13T02:54:00.291+0000] {processor.py:161} INFO - Started process (PID=7609) to work on /home/airflow/.local/lib/python3.8/site-packages/airflow/example_dags/example_sensor_decorator.py
[2024-09-13T02:54:00.292+0000] {processor.py:830} INFO - Processing file /home/airflow/.local/lib/python3.8/site-packages/airflow/example_dags/example_sensor_decorator.py for tasks to queue
[2024-09-13T02:54:00.292+0000] {logging_mixin.py:188} INFO - [2024-09-13T02:54:00.292+0000] {dagbag.py:538} INFO - Filling up the DagBag from /home/airflow/.local/lib/python3.8/site-packages/airflow/example_dags/example_sensor_decorator.py
[2024-09-13T02:54:00.297+0000] {processor.py:840} INFO - DAG(s) 'example_sensor_decorator' retrieved from /home/airflow/.local/lib/python3.8/site-packages/airflow/example_dags/example_sensor_decorator.py
[2024-09-13T02:54:00.309+0000] {logging_mixin.py:188} INFO - [2024-09-13T02:54:00.309+0000] {dag.py:3036} INFO - Sync 1 DAGs
[2024-09-13T02:54:00.315+0000] {logging_mixin.py:188} INFO - [2024-09-13T02:54:00.315+0000] {dag.py:3823} INFO - Setting next_dagrun for example_sensor_decorator to None, run_after=None
[2024-09-13T02:54:00.325+0000] {processor.py:183} INFO - Processing /home/airflow/.local/lib/python3.8/site-packages/airflow/example_dags/example_sensor_decorator.py took 0.036 seconds
[2024-09-13T02:54:30.522+0000] {processor.py:161} INFO - Started process (PID=7856) to work on /home/airflow/.local/lib/python3.8/site-packages/airflow/example_dags/example_sensor_decorator.py
[2024-09-13T02:54:30.526+0000] {processor.py:830} INFO - Processing file /home/airflow/.local/lib/python3.8/site-packages/airflow/example_dags/example_sensor_decorator.py for tasks to queue
[2024-09-13T02:54:30.528+0000] {logging_mixin.py:188} INFO - [2024-09-13T02:54:30.527+0000] {dagbag.py:538} INFO - Filling up the DagBag from /home/airflow/.local/lib/python3.8/site-packages/airflow/example_dags/example_sensor_decorator.py
[2024-09-13T02:54:30.532+0000] {processor.py:840} INFO - DAG(s) 'example_sensor_decorator' retrieved from /home/airflow/.local/lib/python3.8/site-packages/airflow/example_dags/example_sensor_decorator.py
[2024-09-13T02:54:30.545+0000] {logging_mixin.py:188} INFO - [2024-09-13T02:54:30.544+0000] {dag.py:3036} INFO - Sync 1 DAGs
[2024-09-13T02:54:30.552+0000] {logging_mixin.py:188} INFO - [2024-09-13T02:54:30.552+0000] {dag.py:3823} INFO - Setting next_dagrun for example_sensor_decorator to None, run_after=None
[2024-09-13T02:54:30.562+0000] {processor.py:183} INFO - Processing /home/airflow/.local/lib/python3.8/site-packages/airflow/example_dags/example_sensor_decorator.py took 0.043 seconds
[2024-09-13T02:55:00.635+0000] {processor.py:161} INFO - Started process (PID=8103) to work on /home/airflow/.local/lib/python3.8/site-packages/airflow/example_dags/example_sensor_decorator.py
[2024-09-13T02:55:00.635+0000] {processor.py:830} INFO - Processing file /home/airflow/.local/lib/python3.8/site-packages/airflow/example_dags/example_sensor_decorator.py for tasks to queue
[2024-09-13T02:55:00.636+0000] {logging_mixin.py:188} INFO - [2024-09-13T02:55:00.636+0000] {dagbag.py:538} INFO - Filling up the DagBag from /home/airflow/.local/lib/python3.8/site-packages/airflow/example_dags/example_sensor_decorator.py
[2024-09-13T02:55:00.640+0000] {processor.py:840} INFO - DAG(s) 'example_sensor_decorator' retrieved from /home/airflow/.local/lib/python3.8/site-packages/airflow/example_dags/example_sensor_decorator.py
[2024-09-13T02:55:00.652+0000] {logging_mixin.py:188} INFO - [2024-09-13T02:55:00.652+0000] {dag.py:3036} INFO - Sync 1 DAGs
[2024-09-13T02:55:00.658+0000] {logging_mixin.py:188} INFO - [2024-09-13T02:55:00.658+0000] {dag.py:3823} INFO - Setting next_dagrun for example_sensor_decorator to None, run_after=None
[2024-09-13T02:55:00.669+0000] {processor.py:183} INFO - Processing /home/airflow/.local/lib/python3.8/site-packages/airflow/example_dags/example_sensor_decorator.py took 0.036 seconds
[2024-09-13T02:55:31.443+0000] {processor.py:161} INFO - Started process (PID=8350) to work on /home/airflow/.local/lib/python3.8/site-packages/airflow/example_dags/example_sensor_decorator.py
[2024-09-13T02:55:31.444+0000] {processor.py:830} INFO - Processing file /home/airflow/.local/lib/python3.8/site-packages/airflow/example_dags/example_sensor_decorator.py for tasks to queue
[2024-09-13T02:55:31.445+0000] {logging_mixin.py:188} INFO - [2024-09-13T02:55:31.444+0000] {dagbag.py:538} INFO - Filling up the DagBag from /home/airflow/.local/lib/python3.8/site-packages/airflow/example_dags/example_sensor_decorator.py
[2024-09-13T02:55:31.449+0000] {processor.py:840} INFO - DAG(s) 'example_sensor_decorator' retrieved from /home/airflow/.local/lib/python3.8/site-packages/airflow/example_dags/example_sensor_decorator.py
[2024-09-13T02:55:31.461+0000] {logging_mixin.py:188} INFO - [2024-09-13T02:55:31.461+0000] {dag.py:3036} INFO - Sync 1 DAGs
[2024-09-13T02:55:31.468+0000] {logging_mixin.py:188} INFO - [2024-09-13T02:55:31.468+0000] {dag.py:3823} INFO - Setting next_dagrun for example_sensor_decorator to None, run_after=None
[2024-09-13T02:55:31.477+0000] {processor.py:183} INFO - Processing /home/airflow/.local/lib/python3.8/site-packages/airflow/example_dags/example_sensor_decorator.py took 0.036 seconds
