[2024-09-13T02:38:41.882+0000] {processor.py:161} INFO - Started process (PID=191) to work on /home/airflow/.local/lib/python3.8/site-packages/airflow/example_dags/example_xcom.py
[2024-09-13T02:38:41.884+0000] {processor.py:830} INFO - Processing file /home/airflow/.local/lib/python3.8/site-packages/airflow/example_dags/example_xcom.py for tasks to queue
[2024-09-13T02:38:41.888+0000] {logging_mixin.py:188} INFO - [2024-09-13T02:38:41.888+0000] {dagbag.py:538} INFO - Filling up the DagBag from /home/airflow/.local/lib/python3.8/site-packages/airflow/example_dags/example_xcom.py
[2024-09-13T02:38:41.899+0000] {processor.py:840} INFO - DAG(s) 'example_xcom' retrieved from /home/airflow/.local/lib/python3.8/site-packages/airflow/example_dags/example_xcom.py
[2024-09-13T02:38:41.929+0000] {logging_mixin.py:188} INFO - [2024-09-13T02:38:41.929+0000] {dag.py:3036} INFO - Sync 1 DAGs
[2024-09-13T02:38:41.955+0000] {logging_mixin.py:188} INFO - [2024-09-13T02:38:41.955+0000] {dag.py:3823} INFO - Setting next_dagrun for example_xcom to 2021-01-01 00:00:00+00:00, run_after=2021-01-01 00:00:00+00:00
[2024-09-13T02:38:41.989+0000] {processor.py:183} INFO - Processing /home/airflow/.local/lib/python3.8/site-packages/airflow/example_dags/example_xcom.py took 0.111 seconds
[2024-09-13T02:39:12.071+0000] {processor.py:161} INFO - Started process (PID=440) to work on /home/airflow/.local/lib/python3.8/site-packages/airflow/example_dags/example_xcom.py
[2024-09-13T02:39:12.071+0000] {processor.py:830} INFO - Processing file /home/airflow/.local/lib/python3.8/site-packages/airflow/example_dags/example_xcom.py for tasks to queue
[2024-09-13T02:39:12.072+0000] {logging_mixin.py:188} INFO - [2024-09-13T02:39:12.072+0000] {dagbag.py:538} INFO - Filling up the DagBag from /home/airflow/.local/lib/python3.8/site-packages/airflow/example_dags/example_xcom.py
[2024-09-13T02:39:12.076+0000] {processor.py:840} INFO - DAG(s) 'example_xcom' retrieved from /home/airflow/.local/lib/python3.8/site-packages/airflow/example_dags/example_xcom.py
[2024-09-13T02:39:12.088+0000] {logging_mixin.py:188} INFO - [2024-09-13T02:39:12.088+0000] {dag.py:3036} INFO - Sync 1 DAGs
[2024-09-13T02:39:12.098+0000] {logging_mixin.py:188} INFO - [2024-09-13T02:39:12.098+0000] {dag.py:3823} INFO - Setting next_dagrun for example_xcom to 2021-01-01 00:00:00+00:00, run_after=2021-01-01 00:00:00+00:00
[2024-09-13T02:39:12.107+0000] {processor.py:183} INFO - Processing /home/airflow/.local/lib/python3.8/site-packages/airflow/example_dags/example_xcom.py took 0.038 seconds
[2024-09-13T02:39:42.827+0000] {processor.py:161} INFO - Started process (PID=687) to work on /home/airflow/.local/lib/python3.8/site-packages/airflow/example_dags/example_xcom.py
[2024-09-13T02:39:42.828+0000] {processor.py:830} INFO - Processing file /home/airflow/.local/lib/python3.8/site-packages/airflow/example_dags/example_xcom.py for tasks to queue
[2024-09-13T02:39:42.829+0000] {logging_mixin.py:188} INFO - [2024-09-13T02:39:42.828+0000] {dagbag.py:538} INFO - Filling up the DagBag from /home/airflow/.local/lib/python3.8/site-packages/airflow/example_dags/example_xcom.py
[2024-09-13T02:39:42.834+0000] {processor.py:840} INFO - DAG(s) 'example_xcom' retrieved from /home/airflow/.local/lib/python3.8/site-packages/airflow/example_dags/example_xcom.py
[2024-09-13T02:39:42.848+0000] {logging_mixin.py:188} INFO - [2024-09-13T02:39:42.848+0000] {dag.py:3036} INFO - Sync 1 DAGs
[2024-09-13T02:39:42.859+0000] {logging_mixin.py:188} INFO - [2024-09-13T02:39:42.859+0000] {dag.py:3823} INFO - Setting next_dagrun for example_xcom to 2021-01-01 00:00:00+00:00, run_after=2021-01-01 00:00:00+00:00
[2024-09-13T02:39:42.868+0000] {processor.py:183} INFO - Processing /home/airflow/.local/lib/python3.8/site-packages/airflow/example_dags/example_xcom.py took 0.044 seconds
[2024-09-13T02:40:13.860+0000] {processor.py:161} INFO - Started process (PID=933) to work on /home/airflow/.local/lib/python3.8/site-packages/airflow/example_dags/example_xcom.py
[2024-09-13T02:40:13.861+0000] {processor.py:830} INFO - Processing file /home/airflow/.local/lib/python3.8/site-packages/airflow/example_dags/example_xcom.py for tasks to queue
[2024-09-13T02:40:13.862+0000] {logging_mixin.py:188} INFO - [2024-09-13T02:40:13.862+0000] {dagbag.py:538} INFO - Filling up the DagBag from /home/airflow/.local/lib/python3.8/site-packages/airflow/example_dags/example_xcom.py
[2024-09-13T02:40:13.866+0000] {processor.py:840} INFO - DAG(s) 'example_xcom' retrieved from /home/airflow/.local/lib/python3.8/site-packages/airflow/example_dags/example_xcom.py
[2024-09-13T02:40:13.878+0000] {logging_mixin.py:188} INFO - [2024-09-13T02:40:13.877+0000] {dag.py:3036} INFO - Sync 1 DAGs
[2024-09-13T02:40:13.888+0000] {logging_mixin.py:188} INFO - [2024-09-13T02:40:13.888+0000] {dag.py:3823} INFO - Setting next_dagrun for example_xcom to 2021-01-01 00:00:00+00:00, run_after=2021-01-01 00:00:00+00:00
[2024-09-13T02:40:13.897+0000] {processor.py:183} INFO - Processing /home/airflow/.local/lib/python3.8/site-packages/airflow/example_dags/example_xcom.py took 0.038 seconds
[2024-09-13T02:40:44.004+0000] {processor.py:161} INFO - Started process (PID=1180) to work on /home/airflow/.local/lib/python3.8/site-packages/airflow/example_dags/example_xcom.py
[2024-09-13T02:40:44.004+0000] {processor.py:830} INFO - Processing file /home/airflow/.local/lib/python3.8/site-packages/airflow/example_dags/example_xcom.py for tasks to queue
[2024-09-13T02:40:44.005+0000] {logging_mixin.py:188} INFO - [2024-09-13T02:40:44.005+0000] {dagbag.py:538} INFO - Filling up the DagBag from /home/airflow/.local/lib/python3.8/site-packages/airflow/example_dags/example_xcom.py
[2024-09-13T02:40:44.010+0000] {processor.py:840} INFO - DAG(s) 'example_xcom' retrieved from /home/airflow/.local/lib/python3.8/site-packages/airflow/example_dags/example_xcom.py
[2024-09-13T02:40:44.021+0000] {logging_mixin.py:188} INFO - [2024-09-13T02:40:44.021+0000] {dag.py:3036} INFO - Sync 1 DAGs
[2024-09-13T02:40:44.032+0000] {logging_mixin.py:188} INFO - [2024-09-13T02:40:44.032+0000] {dag.py:3823} INFO - Setting next_dagrun for example_xcom to 2021-01-01 00:00:00+00:00, run_after=2021-01-01 00:00:00+00:00
[2024-09-13T02:40:44.040+0000] {processor.py:183} INFO - Processing /home/airflow/.local/lib/python3.8/site-packages/airflow/example_dags/example_xcom.py took 0.038 seconds
[2024-09-13T02:41:15.081+0000] {processor.py:161} INFO - Started process (PID=1427) to work on /home/airflow/.local/lib/python3.8/site-packages/airflow/example_dags/example_xcom.py
[2024-09-13T02:41:15.082+0000] {processor.py:830} INFO - Processing file /home/airflow/.local/lib/python3.8/site-packages/airflow/example_dags/example_xcom.py for tasks to queue
[2024-09-13T02:41:15.083+0000] {logging_mixin.py:188} INFO - [2024-09-13T02:41:15.083+0000] {dagbag.py:538} INFO - Filling up the DagBag from /home/airflow/.local/lib/python3.8/site-packages/airflow/example_dags/example_xcom.py
[2024-09-13T02:41:15.090+0000] {processor.py:840} INFO - DAG(s) 'example_xcom' retrieved from /home/airflow/.local/lib/python3.8/site-packages/airflow/example_dags/example_xcom.py
[2024-09-13T02:41:15.106+0000] {logging_mixin.py:188} INFO - [2024-09-13T02:41:15.105+0000] {dag.py:3036} INFO - Sync 1 DAGs
[2024-09-13T02:41:15.120+0000] {logging_mixin.py:188} INFO - [2024-09-13T02:41:15.120+0000] {dag.py:3823} INFO - Setting next_dagrun for example_xcom to 2021-01-01 00:00:00+00:00, run_after=2021-01-01 00:00:00+00:00
[2024-09-13T02:41:15.134+0000] {processor.py:183} INFO - Processing /home/airflow/.local/lib/python3.8/site-packages/airflow/example_dags/example_xcom.py took 0.056 seconds
[2024-09-13T02:41:45.962+0000] {processor.py:161} INFO - Started process (PID=1673) to work on /home/airflow/.local/lib/python3.8/site-packages/airflow/example_dags/example_xcom.py
[2024-09-13T02:41:45.963+0000] {processor.py:830} INFO - Processing file /home/airflow/.local/lib/python3.8/site-packages/airflow/example_dags/example_xcom.py for tasks to queue
[2024-09-13T02:41:45.963+0000] {logging_mixin.py:188} INFO - [2024-09-13T02:41:45.963+0000] {dagbag.py:538} INFO - Filling up the DagBag from /home/airflow/.local/lib/python3.8/site-packages/airflow/example_dags/example_xcom.py
[2024-09-13T02:41:45.968+0000] {processor.py:840} INFO - DAG(s) 'example_xcom' retrieved from /home/airflow/.local/lib/python3.8/site-packages/airflow/example_dags/example_xcom.py
[2024-09-13T02:41:45.981+0000] {logging_mixin.py:188} INFO - [2024-09-13T02:41:45.981+0000] {dag.py:3036} INFO - Sync 1 DAGs
[2024-09-13T02:41:45.993+0000] {logging_mixin.py:188} INFO - [2024-09-13T02:41:45.992+0000] {dag.py:3823} INFO - Setting next_dagrun for example_xcom to 2021-01-01 00:00:00+00:00, run_after=2021-01-01 00:00:00+00:00
[2024-09-13T02:41:46.003+0000] {processor.py:183} INFO - Processing /home/airflow/.local/lib/python3.8/site-packages/airflow/example_dags/example_xcom.py took 0.043 seconds
[2024-09-13T02:42:16.543+0000] {processor.py:161} INFO - Started process (PID=1920) to work on /home/airflow/.local/lib/python3.8/site-packages/airflow/example_dags/example_xcom.py
[2024-09-13T02:42:16.544+0000] {processor.py:830} INFO - Processing file /home/airflow/.local/lib/python3.8/site-packages/airflow/example_dags/example_xcom.py for tasks to queue
[2024-09-13T02:42:16.544+0000] {logging_mixin.py:188} INFO - [2024-09-13T02:42:16.544+0000] {dagbag.py:538} INFO - Filling up the DagBag from /home/airflow/.local/lib/python3.8/site-packages/airflow/example_dags/example_xcom.py
[2024-09-13T02:42:16.549+0000] {processor.py:840} INFO - DAG(s) 'example_xcom' retrieved from /home/airflow/.local/lib/python3.8/site-packages/airflow/example_dags/example_xcom.py
[2024-09-13T02:42:16.560+0000] {logging_mixin.py:188} INFO - [2024-09-13T02:42:16.560+0000] {dag.py:3036} INFO - Sync 1 DAGs
[2024-09-13T02:42:16.570+0000] {logging_mixin.py:188} INFO - [2024-09-13T02:42:16.570+0000] {dag.py:3823} INFO - Setting next_dagrun for example_xcom to 2021-01-01 00:00:00+00:00, run_after=2021-01-01 00:00:00+00:00
[2024-09-13T02:42:16.579+0000] {processor.py:183} INFO - Processing /home/airflow/.local/lib/python3.8/site-packages/airflow/example_dags/example_xcom.py took 0.038 seconds
[2024-09-13T02:42:47.487+0000] {processor.py:161} INFO - Started process (PID=2167) to work on /home/airflow/.local/lib/python3.8/site-packages/airflow/example_dags/example_xcom.py
[2024-09-13T02:42:47.488+0000] {processor.py:830} INFO - Processing file /home/airflow/.local/lib/python3.8/site-packages/airflow/example_dags/example_xcom.py for tasks to queue
[2024-09-13T02:42:47.488+0000] {logging_mixin.py:188} INFO - [2024-09-13T02:42:47.488+0000] {dagbag.py:538} INFO - Filling up the DagBag from /home/airflow/.local/lib/python3.8/site-packages/airflow/example_dags/example_xcom.py
[2024-09-13T02:42:47.493+0000] {processor.py:840} INFO - DAG(s) 'example_xcom' retrieved from /home/airflow/.local/lib/python3.8/site-packages/airflow/example_dags/example_xcom.py
[2024-09-13T02:42:47.506+0000] {logging_mixin.py:188} INFO - [2024-09-13T02:42:47.505+0000] {dag.py:3036} INFO - Sync 1 DAGs
[2024-09-13T02:42:47.516+0000] {logging_mixin.py:188} INFO - [2024-09-13T02:42:47.516+0000] {dag.py:3823} INFO - Setting next_dagrun for example_xcom to 2021-01-01 00:00:00+00:00, run_after=2021-01-01 00:00:00+00:00
[2024-09-13T02:42:47.526+0000] {processor.py:183} INFO - Processing /home/airflow/.local/lib/python3.8/site-packages/airflow/example_dags/example_xcom.py took 0.041 seconds
[2024-09-13T02:43:17.601+0000] {processor.py:161} INFO - Started process (PID=2412) to work on /home/airflow/.local/lib/python3.8/site-packages/airflow/example_dags/example_xcom.py
[2024-09-13T02:43:17.602+0000] {processor.py:830} INFO - Processing file /home/airflow/.local/lib/python3.8/site-packages/airflow/example_dags/example_xcom.py for tasks to queue
[2024-09-13T02:43:17.603+0000] {logging_mixin.py:188} INFO - [2024-09-13T02:43:17.602+0000] {dagbag.py:538} INFO - Filling up the DagBag from /home/airflow/.local/lib/python3.8/site-packages/airflow/example_dags/example_xcom.py
[2024-09-13T02:43:17.610+0000] {processor.py:840} INFO - DAG(s) 'example_xcom' retrieved from /home/airflow/.local/lib/python3.8/site-packages/airflow/example_dags/example_xcom.py
[2024-09-13T02:43:17.622+0000] {logging_mixin.py:188} INFO - [2024-09-13T02:43:17.622+0000] {dag.py:3036} INFO - Sync 1 DAGs
[2024-09-13T02:43:17.633+0000] {logging_mixin.py:188} INFO - [2024-09-13T02:43:17.633+0000] {dag.py:3823} INFO - Setting next_dagrun for example_xcom to 2021-01-01 00:00:00+00:00, run_after=2021-01-01 00:00:00+00:00
[2024-09-13T02:43:17.643+0000] {processor.py:183} INFO - Processing /home/airflow/.local/lib/python3.8/site-packages/airflow/example_dags/example_xcom.py took 0.046 seconds
[2024-09-13T02:43:48.282+0000] {processor.py:161} INFO - Started process (PID=2661) to work on /home/airflow/.local/lib/python3.8/site-packages/airflow/example_dags/example_xcom.py
[2024-09-13T02:43:48.283+0000] {processor.py:830} INFO - Processing file /home/airflow/.local/lib/python3.8/site-packages/airflow/example_dags/example_xcom.py for tasks to queue
[2024-09-13T02:43:48.283+0000] {logging_mixin.py:188} INFO - [2024-09-13T02:43:48.283+0000] {dagbag.py:538} INFO - Filling up the DagBag from /home/airflow/.local/lib/python3.8/site-packages/airflow/example_dags/example_xcom.py
[2024-09-13T02:43:48.289+0000] {processor.py:840} INFO - DAG(s) 'example_xcom' retrieved from /home/airflow/.local/lib/python3.8/site-packages/airflow/example_dags/example_xcom.py
[2024-09-13T02:43:48.303+0000] {logging_mixin.py:188} INFO - [2024-09-13T02:43:48.302+0000] {dag.py:3036} INFO - Sync 1 DAGs
[2024-09-13T02:43:48.314+0000] {logging_mixin.py:188} INFO - [2024-09-13T02:43:48.314+0000] {dag.py:3823} INFO - Setting next_dagrun for example_xcom to 2021-01-01 00:00:00+00:00, run_after=2021-01-01 00:00:00+00:00
[2024-09-13T02:43:48.324+0000] {processor.py:183} INFO - Processing /home/airflow/.local/lib/python3.8/site-packages/airflow/example_dags/example_xcom.py took 0.045 seconds
[2024-09-13T02:44:18.979+0000] {processor.py:161} INFO - Started process (PID=2908) to work on /home/airflow/.local/lib/python3.8/site-packages/airflow/example_dags/example_xcom.py
[2024-09-13T02:44:18.979+0000] {processor.py:830} INFO - Processing file /home/airflow/.local/lib/python3.8/site-packages/airflow/example_dags/example_xcom.py for tasks to queue
[2024-09-13T02:44:18.980+0000] {logging_mixin.py:188} INFO - [2024-09-13T02:44:18.980+0000] {dagbag.py:538} INFO - Filling up the DagBag from /home/airflow/.local/lib/python3.8/site-packages/airflow/example_dags/example_xcom.py
[2024-09-13T02:44:18.984+0000] {processor.py:840} INFO - DAG(s) 'example_xcom' retrieved from /home/airflow/.local/lib/python3.8/site-packages/airflow/example_dags/example_xcom.py
[2024-09-13T02:44:18.996+0000] {logging_mixin.py:188} INFO - [2024-09-13T02:44:18.996+0000] {dag.py:3036} INFO - Sync 1 DAGs
[2024-09-13T02:44:19.006+0000] {logging_mixin.py:188} INFO - [2024-09-13T02:44:19.006+0000] {dag.py:3823} INFO - Setting next_dagrun for example_xcom to 2021-01-01 00:00:00+00:00, run_after=2021-01-01 00:00:00+00:00
[2024-09-13T02:44:19.015+0000] {processor.py:183} INFO - Processing /home/airflow/.local/lib/python3.8/site-packages/airflow/example_dags/example_xcom.py took 0.039 seconds
[2024-09-13T02:44:49.650+0000] {processor.py:161} INFO - Started process (PID=3155) to work on /home/airflow/.local/lib/python3.8/site-packages/airflow/example_dags/example_xcom.py
[2024-09-13T02:44:49.651+0000] {processor.py:830} INFO - Processing file /home/airflow/.local/lib/python3.8/site-packages/airflow/example_dags/example_xcom.py for tasks to queue
[2024-09-13T02:44:49.652+0000] {logging_mixin.py:188} INFO - [2024-09-13T02:44:49.651+0000] {dagbag.py:538} INFO - Filling up the DagBag from /home/airflow/.local/lib/python3.8/site-packages/airflow/example_dags/example_xcom.py
[2024-09-13T02:44:49.657+0000] {processor.py:840} INFO - DAG(s) 'example_xcom' retrieved from /home/airflow/.local/lib/python3.8/site-packages/airflow/example_dags/example_xcom.py
[2024-09-13T02:44:49.672+0000] {logging_mixin.py:188} INFO - [2024-09-13T02:44:49.672+0000] {dag.py:3036} INFO - Sync 1 DAGs
[2024-09-13T02:44:49.689+0000] {logging_mixin.py:188} INFO - [2024-09-13T02:44:49.689+0000] {dag.py:3823} INFO - Setting next_dagrun for example_xcom to 2021-01-01 00:00:00+00:00, run_after=2021-01-01 00:00:00+00:00
[2024-09-13T02:44:49.705+0000] {processor.py:183} INFO - Processing /home/airflow/.local/lib/python3.8/site-packages/airflow/example_dags/example_xcom.py took 0.058 seconds
[2024-09-13T02:45:20.349+0000] {processor.py:161} INFO - Started process (PID=3402) to work on /home/airflow/.local/lib/python3.8/site-packages/airflow/example_dags/example_xcom.py
[2024-09-13T02:45:20.350+0000] {processor.py:830} INFO - Processing file /home/airflow/.local/lib/python3.8/site-packages/airflow/example_dags/example_xcom.py for tasks to queue
[2024-09-13T02:45:20.351+0000] {logging_mixin.py:188} INFO - [2024-09-13T02:45:20.350+0000] {dagbag.py:538} INFO - Filling up the DagBag from /home/airflow/.local/lib/python3.8/site-packages/airflow/example_dags/example_xcom.py
[2024-09-13T02:45:20.356+0000] {processor.py:840} INFO - DAG(s) 'example_xcom' retrieved from /home/airflow/.local/lib/python3.8/site-packages/airflow/example_dags/example_xcom.py
[2024-09-13T02:45:20.371+0000] {logging_mixin.py:188} INFO - [2024-09-13T02:45:20.371+0000] {dag.py:3036} INFO - Sync 1 DAGs
[2024-09-13T02:45:20.384+0000] {logging_mixin.py:188} INFO - [2024-09-13T02:45:20.384+0000] {dag.py:3823} INFO - Setting next_dagrun for example_xcom to 2021-01-01 00:00:00+00:00, run_after=2021-01-01 00:00:00+00:00
[2024-09-13T02:45:20.395+0000] {processor.py:183} INFO - Processing /home/airflow/.local/lib/python3.8/site-packages/airflow/example_dags/example_xcom.py took 0.049 seconds
[2024-09-13T02:45:50.488+0000] {processor.py:161} INFO - Started process (PID=3649) to work on /home/airflow/.local/lib/python3.8/site-packages/airflow/example_dags/example_xcom.py
[2024-09-13T02:45:50.489+0000] {processor.py:830} INFO - Processing file /home/airflow/.local/lib/python3.8/site-packages/airflow/example_dags/example_xcom.py for tasks to queue
[2024-09-13T02:45:50.489+0000] {logging_mixin.py:188} INFO - [2024-09-13T02:45:50.489+0000] {dagbag.py:538} INFO - Filling up the DagBag from /home/airflow/.local/lib/python3.8/site-packages/airflow/example_dags/example_xcom.py
[2024-09-13T02:45:50.494+0000] {processor.py:840} INFO - DAG(s) 'example_xcom' retrieved from /home/airflow/.local/lib/python3.8/site-packages/airflow/example_dags/example_xcom.py
[2024-09-13T02:45:50.505+0000] {logging_mixin.py:188} INFO - [2024-09-13T02:45:50.505+0000] {dag.py:3036} INFO - Sync 1 DAGs
[2024-09-13T02:45:50.515+0000] {logging_mixin.py:188} INFO - [2024-09-13T02:45:50.515+0000] {dag.py:3823} INFO - Setting next_dagrun for example_xcom to 2021-01-01 00:00:00+00:00, run_after=2021-01-01 00:00:00+00:00
[2024-09-13T02:45:50.524+0000] {processor.py:183} INFO - Processing /home/airflow/.local/lib/python3.8/site-packages/airflow/example_dags/example_xcom.py took 0.038 seconds
[2024-09-13T02:46:20.705+0000] {processor.py:161} INFO - Started process (PID=3896) to work on /home/airflow/.local/lib/python3.8/site-packages/airflow/example_dags/example_xcom.py
[2024-09-13T02:46:20.706+0000] {processor.py:830} INFO - Processing file /home/airflow/.local/lib/python3.8/site-packages/airflow/example_dags/example_xcom.py for tasks to queue
[2024-09-13T02:46:20.706+0000] {logging_mixin.py:188} INFO - [2024-09-13T02:46:20.706+0000] {dagbag.py:538} INFO - Filling up the DagBag from /home/airflow/.local/lib/python3.8/site-packages/airflow/example_dags/example_xcom.py
[2024-09-13T02:46:20.711+0000] {processor.py:840} INFO - DAG(s) 'example_xcom' retrieved from /home/airflow/.local/lib/python3.8/site-packages/airflow/example_dags/example_xcom.py
[2024-09-13T02:46:20.723+0000] {logging_mixin.py:188} INFO - [2024-09-13T02:46:20.723+0000] {dag.py:3036} INFO - Sync 1 DAGs
[2024-09-13T02:46:20.734+0000] {logging_mixin.py:188} INFO - [2024-09-13T02:46:20.734+0000] {dag.py:3823} INFO - Setting next_dagrun for example_xcom to 2021-01-01 00:00:00+00:00, run_after=2021-01-01 00:00:00+00:00
[2024-09-13T02:46:20.745+0000] {processor.py:183} INFO - Processing /home/airflow/.local/lib/python3.8/site-packages/airflow/example_dags/example_xcom.py took 0.042 seconds
[2024-09-13T02:46:51.117+0000] {processor.py:161} INFO - Started process (PID=4143) to work on /home/airflow/.local/lib/python3.8/site-packages/airflow/example_dags/example_xcom.py
[2024-09-13T02:46:51.118+0000] {processor.py:830} INFO - Processing file /home/airflow/.local/lib/python3.8/site-packages/airflow/example_dags/example_xcom.py for tasks to queue
[2024-09-13T02:46:51.118+0000] {logging_mixin.py:188} INFO - [2024-09-13T02:46:51.118+0000] {dagbag.py:538} INFO - Filling up the DagBag from /home/airflow/.local/lib/python3.8/site-packages/airflow/example_dags/example_xcom.py
[2024-09-13T02:46:51.123+0000] {processor.py:840} INFO - DAG(s) 'example_xcom' retrieved from /home/airflow/.local/lib/python3.8/site-packages/airflow/example_dags/example_xcom.py
[2024-09-13T02:46:51.136+0000] {logging_mixin.py:188} INFO - [2024-09-13T02:46:51.136+0000] {dag.py:3036} INFO - Sync 1 DAGs
[2024-09-13T02:46:51.147+0000] {logging_mixin.py:188} INFO - [2024-09-13T02:46:51.147+0000] {dag.py:3823} INFO - Setting next_dagrun for example_xcom to 2021-01-01 00:00:00+00:00, run_after=2021-01-01 00:00:00+00:00
[2024-09-13T02:46:51.157+0000] {processor.py:183} INFO - Processing /home/airflow/.local/lib/python3.8/site-packages/airflow/example_dags/example_xcom.py took 0.042 seconds
[2024-09-13T02:47:21.709+0000] {processor.py:161} INFO - Started process (PID=4390) to work on /home/airflow/.local/lib/python3.8/site-packages/airflow/example_dags/example_xcom.py
[2024-09-13T02:47:21.709+0000] {processor.py:830} INFO - Processing file /home/airflow/.local/lib/python3.8/site-packages/airflow/example_dags/example_xcom.py for tasks to queue
[2024-09-13T02:47:21.710+0000] {logging_mixin.py:188} INFO - [2024-09-13T02:47:21.710+0000] {dagbag.py:538} INFO - Filling up the DagBag from /home/airflow/.local/lib/python3.8/site-packages/airflow/example_dags/example_xcom.py
[2024-09-13T02:47:21.715+0000] {processor.py:840} INFO - DAG(s) 'example_xcom' retrieved from /home/airflow/.local/lib/python3.8/site-packages/airflow/example_dags/example_xcom.py
[2024-09-13T02:47:21.727+0000] {logging_mixin.py:188} INFO - [2024-09-13T02:47:21.727+0000] {dag.py:3036} INFO - Sync 1 DAGs
[2024-09-13T02:47:21.739+0000] {logging_mixin.py:188} INFO - [2024-09-13T02:47:21.738+0000] {dag.py:3823} INFO - Setting next_dagrun for example_xcom to 2021-01-01 00:00:00+00:00, run_after=2021-01-01 00:00:00+00:00
[2024-09-13T02:47:21.748+0000] {processor.py:183} INFO - Processing /home/airflow/.local/lib/python3.8/site-packages/airflow/example_dags/example_xcom.py took 0.042 seconds
[2024-09-13T02:47:52.585+0000] {processor.py:161} INFO - Started process (PID=4637) to work on /home/airflow/.local/lib/python3.8/site-packages/airflow/example_dags/example_xcom.py
[2024-09-13T02:47:52.586+0000] {processor.py:830} INFO - Processing file /home/airflow/.local/lib/python3.8/site-packages/airflow/example_dags/example_xcom.py for tasks to queue
[2024-09-13T02:47:52.586+0000] {logging_mixin.py:188} INFO - [2024-09-13T02:47:52.586+0000] {dagbag.py:538} INFO - Filling up the DagBag from /home/airflow/.local/lib/python3.8/site-packages/airflow/example_dags/example_xcom.py
[2024-09-13T02:47:52.590+0000] {processor.py:840} INFO - DAG(s) 'example_xcom' retrieved from /home/airflow/.local/lib/python3.8/site-packages/airflow/example_dags/example_xcom.py
[2024-09-13T02:47:52.602+0000] {logging_mixin.py:188} INFO - [2024-09-13T02:47:52.601+0000] {dag.py:3036} INFO - Sync 1 DAGs
[2024-09-13T02:47:52.612+0000] {logging_mixin.py:188} INFO - [2024-09-13T02:47:52.612+0000] {dag.py:3823} INFO - Setting next_dagrun for example_xcom to 2021-01-01 00:00:00+00:00, run_after=2021-01-01 00:00:00+00:00
[2024-09-13T02:47:52.623+0000] {processor.py:183} INFO - Processing /home/airflow/.local/lib/python3.8/site-packages/airflow/example_dags/example_xcom.py took 0.040 seconds
[2024-09-13T02:48:22.737+0000] {processor.py:161} INFO - Started process (PID=4884) to work on /home/airflow/.local/lib/python3.8/site-packages/airflow/example_dags/example_xcom.py
[2024-09-13T02:48:22.738+0000] {processor.py:830} INFO - Processing file /home/airflow/.local/lib/python3.8/site-packages/airflow/example_dags/example_xcom.py for tasks to queue
[2024-09-13T02:48:22.738+0000] {logging_mixin.py:188} INFO - [2024-09-13T02:48:22.738+0000] {dagbag.py:538} INFO - Filling up the DagBag from /home/airflow/.local/lib/python3.8/site-packages/airflow/example_dags/example_xcom.py
[2024-09-13T02:48:22.743+0000] {processor.py:840} INFO - DAG(s) 'example_xcom' retrieved from /home/airflow/.local/lib/python3.8/site-packages/airflow/example_dags/example_xcom.py
[2024-09-13T02:48:22.754+0000] {logging_mixin.py:188} INFO - [2024-09-13T02:48:22.754+0000] {dag.py:3036} INFO - Sync 1 DAGs
[2024-09-13T02:48:22.764+0000] {logging_mixin.py:188} INFO - [2024-09-13T02:48:22.764+0000] {dag.py:3823} INFO - Setting next_dagrun for example_xcom to 2021-01-01 00:00:00+00:00, run_after=2021-01-01 00:00:00+00:00
[2024-09-13T02:48:22.772+0000] {processor.py:183} INFO - Processing /home/airflow/.local/lib/python3.8/site-packages/airflow/example_dags/example_xcom.py took 0.037 seconds
[2024-09-13T02:48:53.959+0000] {processor.py:161} INFO - Started process (PID=5131) to work on /home/airflow/.local/lib/python3.8/site-packages/airflow/example_dags/example_xcom.py
[2024-09-13T02:48:53.960+0000] {processor.py:830} INFO - Processing file /home/airflow/.local/lib/python3.8/site-packages/airflow/example_dags/example_xcom.py for tasks to queue
[2024-09-13T02:48:53.960+0000] {logging_mixin.py:188} INFO - [2024-09-13T02:48:53.960+0000] {dagbag.py:538} INFO - Filling up the DagBag from /home/airflow/.local/lib/python3.8/site-packages/airflow/example_dags/example_xcom.py
[2024-09-13T02:48:53.964+0000] {processor.py:840} INFO - DAG(s) 'example_xcom' retrieved from /home/airflow/.local/lib/python3.8/site-packages/airflow/example_dags/example_xcom.py
[2024-09-13T02:48:53.977+0000] {logging_mixin.py:188} INFO - [2024-09-13T02:48:53.977+0000] {dag.py:3036} INFO - Sync 1 DAGs
[2024-09-13T02:48:53.988+0000] {logging_mixin.py:188} INFO - [2024-09-13T02:48:53.988+0000] {dag.py:3823} INFO - Setting next_dagrun for example_xcom to 2021-01-01 00:00:00+00:00, run_after=2021-01-01 00:00:00+00:00
[2024-09-13T02:48:53.999+0000] {processor.py:183} INFO - Processing /home/airflow/.local/lib/python3.8/site-packages/airflow/example_dags/example_xcom.py took 0.042 seconds
[2024-09-13T02:49:24.621+0000] {processor.py:161} INFO - Started process (PID=5378) to work on /home/airflow/.local/lib/python3.8/site-packages/airflow/example_dags/example_xcom.py
[2024-09-13T02:49:24.622+0000] {processor.py:830} INFO - Processing file /home/airflow/.local/lib/python3.8/site-packages/airflow/example_dags/example_xcom.py for tasks to queue
[2024-09-13T02:49:24.622+0000] {logging_mixin.py:188} INFO - [2024-09-13T02:49:24.622+0000] {dagbag.py:538} INFO - Filling up the DagBag from /home/airflow/.local/lib/python3.8/site-packages/airflow/example_dags/example_xcom.py
[2024-09-13T02:49:24.627+0000] {processor.py:840} INFO - DAG(s) 'example_xcom' retrieved from /home/airflow/.local/lib/python3.8/site-packages/airflow/example_dags/example_xcom.py
[2024-09-13T02:49:24.639+0000] {logging_mixin.py:188} INFO - [2024-09-13T02:49:24.639+0000] {dag.py:3036} INFO - Sync 1 DAGs
[2024-09-13T02:49:24.652+0000] {logging_mixin.py:188} INFO - [2024-09-13T02:49:24.651+0000] {dag.py:3823} INFO - Setting next_dagrun for example_xcom to 2021-01-01 00:00:00+00:00, run_after=2021-01-01 00:00:00+00:00
[2024-09-13T02:49:24.661+0000] {processor.py:183} INFO - Processing /home/airflow/.local/lib/python3.8/site-packages/airflow/example_dags/example_xcom.py took 0.043 seconds
[2024-09-13T02:49:54.835+0000] {processor.py:161} INFO - Started process (PID=5625) to work on /home/airflow/.local/lib/python3.8/site-packages/airflow/example_dags/example_xcom.py
[2024-09-13T02:49:54.837+0000] {processor.py:830} INFO - Processing file /home/airflow/.local/lib/python3.8/site-packages/airflow/example_dags/example_xcom.py for tasks to queue
[2024-09-13T02:49:54.838+0000] {logging_mixin.py:188} INFO - [2024-09-13T02:49:54.838+0000] {dagbag.py:538} INFO - Filling up the DagBag from /home/airflow/.local/lib/python3.8/site-packages/airflow/example_dags/example_xcom.py
[2024-09-13T02:49:54.844+0000] {processor.py:840} INFO - DAG(s) 'example_xcom' retrieved from /home/airflow/.local/lib/python3.8/site-packages/airflow/example_dags/example_xcom.py
[2024-09-13T02:49:54.859+0000] {logging_mixin.py:188} INFO - [2024-09-13T02:49:54.859+0000] {dag.py:3036} INFO - Sync 1 DAGs
[2024-09-13T02:49:54.872+0000] {logging_mixin.py:188} INFO - [2024-09-13T02:49:54.872+0000] {dag.py:3823} INFO - Setting next_dagrun for example_xcom to 2021-01-01 00:00:00+00:00, run_after=2021-01-01 00:00:00+00:00
[2024-09-13T02:49:54.884+0000] {processor.py:183} INFO - Processing /home/airflow/.local/lib/python3.8/site-packages/airflow/example_dags/example_xcom.py took 0.053 seconds
[2024-09-13T02:50:25.492+0000] {processor.py:161} INFO - Started process (PID=5872) to work on /home/airflow/.local/lib/python3.8/site-packages/airflow/example_dags/example_xcom.py
[2024-09-13T02:50:25.493+0000] {processor.py:830} INFO - Processing file /home/airflow/.local/lib/python3.8/site-packages/airflow/example_dags/example_xcom.py for tasks to queue
[2024-09-13T02:50:25.494+0000] {logging_mixin.py:188} INFO - [2024-09-13T02:50:25.494+0000] {dagbag.py:538} INFO - Filling up the DagBag from /home/airflow/.local/lib/python3.8/site-packages/airflow/example_dags/example_xcom.py
[2024-09-13T02:50:25.498+0000] {processor.py:840} INFO - DAG(s) 'example_xcom' retrieved from /home/airflow/.local/lib/python3.8/site-packages/airflow/example_dags/example_xcom.py
[2024-09-13T02:50:25.511+0000] {logging_mixin.py:188} INFO - [2024-09-13T02:50:25.511+0000] {dag.py:3036} INFO - Sync 1 DAGs
[2024-09-13T02:50:25.522+0000] {logging_mixin.py:188} INFO - [2024-09-13T02:50:25.522+0000] {dag.py:3823} INFO - Setting next_dagrun for example_xcom to 2021-01-01 00:00:00+00:00, run_after=2021-01-01 00:00:00+00:00
[2024-09-13T02:50:25.532+0000] {processor.py:183} INFO - Processing /home/airflow/.local/lib/python3.8/site-packages/airflow/example_dags/example_xcom.py took 0.042 seconds
[2024-09-13T02:50:56.272+0000] {processor.py:161} INFO - Started process (PID=6119) to work on /home/airflow/.local/lib/python3.8/site-packages/airflow/example_dags/example_xcom.py
[2024-09-13T02:50:56.272+0000] {processor.py:830} INFO - Processing file /home/airflow/.local/lib/python3.8/site-packages/airflow/example_dags/example_xcom.py for tasks to queue
[2024-09-13T02:50:56.273+0000] {logging_mixin.py:188} INFO - [2024-09-13T02:50:56.273+0000] {dagbag.py:538} INFO - Filling up the DagBag from /home/airflow/.local/lib/python3.8/site-packages/airflow/example_dags/example_xcom.py
[2024-09-13T02:50:56.277+0000] {processor.py:840} INFO - DAG(s) 'example_xcom' retrieved from /home/airflow/.local/lib/python3.8/site-packages/airflow/example_dags/example_xcom.py
[2024-09-13T02:50:56.290+0000] {logging_mixin.py:188} INFO - [2024-09-13T02:50:56.290+0000] {dag.py:3036} INFO - Sync 1 DAGs
[2024-09-13T02:50:56.302+0000] {logging_mixin.py:188} INFO - [2024-09-13T02:50:56.302+0000] {dag.py:3823} INFO - Setting next_dagrun for example_xcom to 2021-01-01 00:00:00+00:00, run_after=2021-01-01 00:00:00+00:00
[2024-09-13T02:50:56.315+0000] {processor.py:183} INFO - Processing /home/airflow/.local/lib/python3.8/site-packages/airflow/example_dags/example_xcom.py took 0.045 seconds
[2024-09-13T02:51:26.852+0000] {processor.py:161} INFO - Started process (PID=6366) to work on /home/airflow/.local/lib/python3.8/site-packages/airflow/example_dags/example_xcom.py
[2024-09-13T02:51:26.855+0000] {processor.py:830} INFO - Processing file /home/airflow/.local/lib/python3.8/site-packages/airflow/example_dags/example_xcom.py for tasks to queue
[2024-09-13T02:51:26.859+0000] {logging_mixin.py:188} INFO - [2024-09-13T02:51:26.857+0000] {dagbag.py:538} INFO - Filling up the DagBag from /home/airflow/.local/lib/python3.8/site-packages/airflow/example_dags/example_xcom.py
[2024-09-13T02:51:26.912+0000] {processor.py:840} INFO - DAG(s) 'example_xcom' retrieved from /home/airflow/.local/lib/python3.8/site-packages/airflow/example_dags/example_xcom.py
[2024-09-13T02:51:26.935+0000] {logging_mixin.py:188} INFO - [2024-09-13T02:51:26.935+0000] {dag.py:3036} INFO - Sync 1 DAGs
[2024-09-13T02:51:26.952+0000] {logging_mixin.py:188} INFO - [2024-09-13T02:51:26.951+0000] {dag.py:3823} INFO - Setting next_dagrun for example_xcom to 2021-01-01 00:00:00+00:00, run_after=2021-01-01 00:00:00+00:00
[2024-09-13T02:51:26.967+0000] {processor.py:183} INFO - Processing /home/airflow/.local/lib/python3.8/site-packages/airflow/example_dags/example_xcom.py took 0.118 seconds
[2024-09-13T02:51:57.612+0000] {processor.py:161} INFO - Started process (PID=6613) to work on /home/airflow/.local/lib/python3.8/site-packages/airflow/example_dags/example_xcom.py
[2024-09-13T02:51:57.614+0000] {processor.py:830} INFO - Processing file /home/airflow/.local/lib/python3.8/site-packages/airflow/example_dags/example_xcom.py for tasks to queue
[2024-09-13T02:51:57.615+0000] {logging_mixin.py:188} INFO - [2024-09-13T02:51:57.615+0000] {dagbag.py:538} INFO - Filling up the DagBag from /home/airflow/.local/lib/python3.8/site-packages/airflow/example_dags/example_xcom.py
[2024-09-13T02:51:57.625+0000] {processor.py:840} INFO - DAG(s) 'example_xcom' retrieved from /home/airflow/.local/lib/python3.8/site-packages/airflow/example_dags/example_xcom.py
[2024-09-13T02:51:57.649+0000] {logging_mixin.py:188} INFO - [2024-09-13T02:51:57.648+0000] {dag.py:3036} INFO - Sync 1 DAGs
[2024-09-13T02:51:57.663+0000] {logging_mixin.py:188} INFO - [2024-09-13T02:51:57.663+0000] {dag.py:3823} INFO - Setting next_dagrun for example_xcom to 2021-01-01 00:00:00+00:00, run_after=2021-01-01 00:00:00+00:00
[2024-09-13T02:51:57.673+0000] {processor.py:183} INFO - Processing /home/airflow/.local/lib/python3.8/site-packages/airflow/example_dags/example_xcom.py took 0.065 seconds
[2024-09-13T02:52:28.587+0000] {processor.py:161} INFO - Started process (PID=6860) to work on /home/airflow/.local/lib/python3.8/site-packages/airflow/example_dags/example_xcom.py
[2024-09-13T02:52:28.589+0000] {processor.py:830} INFO - Processing file /home/airflow/.local/lib/python3.8/site-packages/airflow/example_dags/example_xcom.py for tasks to queue
[2024-09-13T02:52:28.590+0000] {logging_mixin.py:188} INFO - [2024-09-13T02:52:28.590+0000] {dagbag.py:538} INFO - Filling up the DagBag from /home/airflow/.local/lib/python3.8/site-packages/airflow/example_dags/example_xcom.py
[2024-09-13T02:52:28.595+0000] {processor.py:840} INFO - DAG(s) 'example_xcom' retrieved from /home/airflow/.local/lib/python3.8/site-packages/airflow/example_dags/example_xcom.py
[2024-09-13T02:52:28.613+0000] {logging_mixin.py:188} INFO - [2024-09-13T02:52:28.613+0000] {dag.py:3036} INFO - Sync 1 DAGs
[2024-09-13T02:52:28.627+0000] {logging_mixin.py:188} INFO - [2024-09-13T02:52:28.627+0000] {dag.py:3823} INFO - Setting next_dagrun for example_xcom to 2021-01-01 00:00:00+00:00, run_after=2021-01-01 00:00:00+00:00
[2024-09-13T02:52:28.638+0000] {processor.py:183} INFO - Processing /home/airflow/.local/lib/python3.8/site-packages/airflow/example_dags/example_xcom.py took 0.055 seconds
[2024-09-13T02:52:58.854+0000] {processor.py:161} INFO - Started process (PID=7107) to work on /home/airflow/.local/lib/python3.8/site-packages/airflow/example_dags/example_xcom.py
[2024-09-13T02:52:58.854+0000] {processor.py:830} INFO - Processing file /home/airflow/.local/lib/python3.8/site-packages/airflow/example_dags/example_xcom.py for tasks to queue
[2024-09-13T02:52:58.855+0000] {logging_mixin.py:188} INFO - [2024-09-13T02:52:58.855+0000] {dagbag.py:538} INFO - Filling up the DagBag from /home/airflow/.local/lib/python3.8/site-packages/airflow/example_dags/example_xcom.py
[2024-09-13T02:52:58.861+0000] {processor.py:840} INFO - DAG(s) 'example_xcom' retrieved from /home/airflow/.local/lib/python3.8/site-packages/airflow/example_dags/example_xcom.py
[2024-09-13T02:52:58.875+0000] {logging_mixin.py:188} INFO - [2024-09-13T02:52:58.875+0000] {dag.py:3036} INFO - Sync 1 DAGs
[2024-09-13T02:52:58.887+0000] {logging_mixin.py:188} INFO - [2024-09-13T02:52:58.887+0000] {dag.py:3823} INFO - Setting next_dagrun for example_xcom to 2021-01-01 00:00:00+00:00, run_after=2021-01-01 00:00:00+00:00
[2024-09-13T02:52:58.897+0000] {processor.py:183} INFO - Processing /home/airflow/.local/lib/python3.8/site-packages/airflow/example_dags/example_xcom.py took 0.046 seconds
[2024-09-13T02:53:29.508+0000] {processor.py:161} INFO - Started process (PID=7354) to work on /home/airflow/.local/lib/python3.8/site-packages/airflow/example_dags/example_xcom.py
[2024-09-13T02:53:29.509+0000] {processor.py:830} INFO - Processing file /home/airflow/.local/lib/python3.8/site-packages/airflow/example_dags/example_xcom.py for tasks to queue
[2024-09-13T02:53:29.509+0000] {logging_mixin.py:188} INFO - [2024-09-13T02:53:29.509+0000] {dagbag.py:538} INFO - Filling up the DagBag from /home/airflow/.local/lib/python3.8/site-packages/airflow/example_dags/example_xcom.py
[2024-09-13T02:53:29.514+0000] {processor.py:840} INFO - DAG(s) 'example_xcom' retrieved from /home/airflow/.local/lib/python3.8/site-packages/airflow/example_dags/example_xcom.py
[2024-09-13T02:53:29.529+0000] {logging_mixin.py:188} INFO - [2024-09-13T02:53:29.529+0000] {dag.py:3036} INFO - Sync 1 DAGs
[2024-09-13T02:53:29.542+0000] {logging_mixin.py:188} INFO - [2024-09-13T02:53:29.541+0000] {dag.py:3823} INFO - Setting next_dagrun for example_xcom to 2021-01-01 00:00:00+00:00, run_after=2021-01-01 00:00:00+00:00
[2024-09-13T02:53:29.552+0000] {processor.py:183} INFO - Processing /home/airflow/.local/lib/python3.8/site-packages/airflow/example_dags/example_xcom.py took 0.046 seconds
[2024-09-13T02:54:00.233+0000] {processor.py:161} INFO - Started process (PID=7601) to work on /home/airflow/.local/lib/python3.8/site-packages/airflow/example_dags/example_xcom.py
[2024-09-13T02:54:00.234+0000] {processor.py:830} INFO - Processing file /home/airflow/.local/lib/python3.8/site-packages/airflow/example_dags/example_xcom.py for tasks to queue
[2024-09-13T02:54:00.235+0000] {logging_mixin.py:188} INFO - [2024-09-13T02:54:00.234+0000] {dagbag.py:538} INFO - Filling up the DagBag from /home/airflow/.local/lib/python3.8/site-packages/airflow/example_dags/example_xcom.py
[2024-09-13T02:54:00.239+0000] {processor.py:840} INFO - DAG(s) 'example_xcom' retrieved from /home/airflow/.local/lib/python3.8/site-packages/airflow/example_dags/example_xcom.py
[2024-09-13T02:54:00.253+0000] {logging_mixin.py:188} INFO - [2024-09-13T02:54:00.253+0000] {dag.py:3036} INFO - Sync 1 DAGs
[2024-09-13T02:54:00.266+0000] {logging_mixin.py:188} INFO - [2024-09-13T02:54:00.266+0000] {dag.py:3823} INFO - Setting next_dagrun for example_xcom to 2021-01-01 00:00:00+00:00, run_after=2021-01-01 00:00:00+00:00
[2024-09-13T02:54:00.277+0000] {processor.py:183} INFO - Processing /home/airflow/.local/lib/python3.8/site-packages/airflow/example_dags/example_xcom.py took 0.046 seconds
[2024-09-13T02:54:30.445+0000] {processor.py:161} INFO - Started process (PID=7848) to work on /home/airflow/.local/lib/python3.8/site-packages/airflow/example_dags/example_xcom.py
[2024-09-13T02:54:30.447+0000] {processor.py:830} INFO - Processing file /home/airflow/.local/lib/python3.8/site-packages/airflow/example_dags/example_xcom.py for tasks to queue
[2024-09-13T02:54:30.448+0000] {logging_mixin.py:188} INFO - [2024-09-13T02:54:30.448+0000] {dagbag.py:538} INFO - Filling up the DagBag from /home/airflow/.local/lib/python3.8/site-packages/airflow/example_dags/example_xcom.py
[2024-09-13T02:54:30.453+0000] {processor.py:840} INFO - DAG(s) 'example_xcom' retrieved from /home/airflow/.local/lib/python3.8/site-packages/airflow/example_dags/example_xcom.py
[2024-09-13T02:54:30.470+0000] {logging_mixin.py:188} INFO - [2024-09-13T02:54:30.469+0000] {dag.py:3036} INFO - Sync 1 DAGs
[2024-09-13T02:54:30.483+0000] {logging_mixin.py:188} INFO - [2024-09-13T02:54:30.483+0000] {dag.py:3823} INFO - Setting next_dagrun for example_xcom to 2021-01-01 00:00:00+00:00, run_after=2021-01-01 00:00:00+00:00
[2024-09-13T02:54:30.498+0000] {processor.py:183} INFO - Processing /home/airflow/.local/lib/python3.8/site-packages/airflow/example_dags/example_xcom.py took 0.057 seconds
[2024-09-13T02:55:00.582+0000] {processor.py:161} INFO - Started process (PID=8095) to work on /home/airflow/.local/lib/python3.8/site-packages/airflow/example_dags/example_xcom.py
[2024-09-13T02:55:00.583+0000] {processor.py:830} INFO - Processing file /home/airflow/.local/lib/python3.8/site-packages/airflow/example_dags/example_xcom.py for tasks to queue
[2024-09-13T02:55:00.583+0000] {logging_mixin.py:188} INFO - [2024-09-13T02:55:00.583+0000] {dagbag.py:538} INFO - Filling up the DagBag from /home/airflow/.local/lib/python3.8/site-packages/airflow/example_dags/example_xcom.py
[2024-09-13T02:55:00.587+0000] {processor.py:840} INFO - DAG(s) 'example_xcom' retrieved from /home/airflow/.local/lib/python3.8/site-packages/airflow/example_dags/example_xcom.py
[2024-09-13T02:55:00.600+0000] {logging_mixin.py:188} INFO - [2024-09-13T02:55:00.600+0000] {dag.py:3036} INFO - Sync 1 DAGs
[2024-09-13T02:55:00.611+0000] {logging_mixin.py:188} INFO - [2024-09-13T02:55:00.611+0000] {dag.py:3823} INFO - Setting next_dagrun for example_xcom to 2021-01-01 00:00:00+00:00, run_after=2021-01-01 00:00:00+00:00
[2024-09-13T02:55:00.620+0000] {processor.py:183} INFO - Processing /home/airflow/.local/lib/python3.8/site-packages/airflow/example_dags/example_xcom.py took 0.041 seconds
[2024-09-13T02:55:31.388+0000] {processor.py:161} INFO - Started process (PID=8342) to work on /home/airflow/.local/lib/python3.8/site-packages/airflow/example_dags/example_xcom.py
[2024-09-13T02:55:31.389+0000] {processor.py:830} INFO - Processing file /home/airflow/.local/lib/python3.8/site-packages/airflow/example_dags/example_xcom.py for tasks to queue
[2024-09-13T02:55:31.390+0000] {logging_mixin.py:188} INFO - [2024-09-13T02:55:31.390+0000] {dagbag.py:538} INFO - Filling up the DagBag from /home/airflow/.local/lib/python3.8/site-packages/airflow/example_dags/example_xcom.py
[2024-09-13T02:55:31.394+0000] {processor.py:840} INFO - DAG(s) 'example_xcom' retrieved from /home/airflow/.local/lib/python3.8/site-packages/airflow/example_dags/example_xcom.py
[2024-09-13T02:55:31.407+0000] {logging_mixin.py:188} INFO - [2024-09-13T02:55:31.407+0000] {dag.py:3036} INFO - Sync 1 DAGs
[2024-09-13T02:55:31.418+0000] {logging_mixin.py:188} INFO - [2024-09-13T02:55:31.418+0000] {dag.py:3823} INFO - Setting next_dagrun for example_xcom to 2021-01-01 00:00:00+00:00, run_after=2021-01-01 00:00:00+00:00
[2024-09-13T02:55:31.429+0000] {processor.py:183} INFO - Processing /home/airflow/.local/lib/python3.8/site-packages/airflow/example_dags/example_xcom.py took 0.043 seconds
