[2024-09-13T02:38:43.035+0000] {processor.py:161} INFO - Started process (PID=286) to work on /home/airflow/.local/lib/python3.8/site-packages/airflow/example_dags/example_task_group.py
[2024-09-13T02:38:43.036+0000] {processor.py:830} INFO - Processing file /home/airflow/.local/lib/python3.8/site-packages/airflow/example_dags/example_task_group.py for tasks to queue
[2024-09-13T02:38:43.038+0000] {logging_mixin.py:188} INFO - [2024-09-13T02:38:43.037+0000] {dagbag.py:538} INFO - Filling up the DagBag from /home/airflow/.local/lib/python3.8/site-packages/airflow/example_dags/example_task_group.py
[2024-09-13T02:38:43.043+0000] {processor.py:840} INFO - DAG(s) 'example_task_group' retrieved from /home/airflow/.local/lib/python3.8/site-packages/airflow/example_dags/example_task_group.py
[2024-09-13T02:38:43.061+0000] {logging_mixin.py:188} INFO - [2024-09-13T02:38:43.061+0000] {dag.py:3036} INFO - Sync 1 DAGs
[2024-09-13T02:38:43.076+0000] {logging_mixin.py:188} INFO - [2024-09-13T02:38:43.076+0000] {dag.py:3823} INFO - Setting next_dagrun for example_task_group to 2024-09-12 00:00:00+00:00, run_after=2024-09-13 00:00:00+00:00
[2024-09-13T02:38:43.090+0000] {processor.py:183} INFO - Processing /home/airflow/.local/lib/python3.8/site-packages/airflow/example_dags/example_task_group.py took 0.058 seconds
[2024-09-13T02:39:13.740+0000] {processor.py:161} INFO - Started process (PID=535) to work on /home/airflow/.local/lib/python3.8/site-packages/airflow/example_dags/example_task_group.py
[2024-09-13T02:39:13.741+0000] {processor.py:830} INFO - Processing file /home/airflow/.local/lib/python3.8/site-packages/airflow/example_dags/example_task_group.py for tasks to queue
[2024-09-13T02:39:13.742+0000] {logging_mixin.py:188} INFO - [2024-09-13T02:39:13.742+0000] {dagbag.py:538} INFO - Filling up the DagBag from /home/airflow/.local/lib/python3.8/site-packages/airflow/example_dags/example_task_group.py
[2024-09-13T02:39:13.747+0000] {processor.py:840} INFO - DAG(s) 'example_task_group' retrieved from /home/airflow/.local/lib/python3.8/site-packages/airflow/example_dags/example_task_group.py
[2024-09-13T02:39:13.759+0000] {logging_mixin.py:188} INFO - [2024-09-13T02:39:13.759+0000] {dag.py:3036} INFO - Sync 1 DAGs
[2024-09-13T02:39:13.770+0000] {logging_mixin.py:188} INFO - [2024-09-13T02:39:13.770+0000] {dag.py:3823} INFO - Setting next_dagrun for example_task_group to 2024-09-12 00:00:00+00:00, run_after=2024-09-13 00:00:00+00:00
[2024-09-13T02:39:13.778+0000] {processor.py:183} INFO - Processing /home/airflow/.local/lib/python3.8/site-packages/airflow/example_dags/example_task_group.py took 0.040 seconds
[2024-09-13T02:39:44.483+0000] {processor.py:161} INFO - Started process (PID=782) to work on /home/airflow/.local/lib/python3.8/site-packages/airflow/example_dags/example_task_group.py
[2024-09-13T02:39:44.484+0000] {processor.py:830} INFO - Processing file /home/airflow/.local/lib/python3.8/site-packages/airflow/example_dags/example_task_group.py for tasks to queue
[2024-09-13T02:39:44.485+0000] {logging_mixin.py:188} INFO - [2024-09-13T02:39:44.484+0000] {dagbag.py:538} INFO - Filling up the DagBag from /home/airflow/.local/lib/python3.8/site-packages/airflow/example_dags/example_task_group.py
[2024-09-13T02:39:44.490+0000] {processor.py:840} INFO - DAG(s) 'example_task_group' retrieved from /home/airflow/.local/lib/python3.8/site-packages/airflow/example_dags/example_task_group.py
[2024-09-13T02:39:44.504+0000] {logging_mixin.py:188} INFO - [2024-09-13T02:39:44.504+0000] {dag.py:3036} INFO - Sync 1 DAGs
[2024-09-13T02:39:44.518+0000] {logging_mixin.py:188} INFO - [2024-09-13T02:39:44.518+0000] {dag.py:3823} INFO - Setting next_dagrun for example_task_group to 2024-09-12 00:00:00+00:00, run_after=2024-09-13 00:00:00+00:00
[2024-09-13T02:39:44.529+0000] {processor.py:183} INFO - Processing /home/airflow/.local/lib/python3.8/site-packages/airflow/example_dags/example_task_group.py took 0.048 seconds
[2024-09-13T02:40:15.514+0000] {processor.py:161} INFO - Started process (PID=1028) to work on /home/airflow/.local/lib/python3.8/site-packages/airflow/example_dags/example_task_group.py
[2024-09-13T02:40:15.515+0000] {processor.py:830} INFO - Processing file /home/airflow/.local/lib/python3.8/site-packages/airflow/example_dags/example_task_group.py for tasks to queue
[2024-09-13T02:40:15.515+0000] {logging_mixin.py:188} INFO - [2024-09-13T02:40:15.515+0000] {dagbag.py:538} INFO - Filling up the DagBag from /home/airflow/.local/lib/python3.8/site-packages/airflow/example_dags/example_task_group.py
[2024-09-13T02:40:15.520+0000] {processor.py:840} INFO - DAG(s) 'example_task_group' retrieved from /home/airflow/.local/lib/python3.8/site-packages/airflow/example_dags/example_task_group.py
[2024-09-13T02:40:15.532+0000] {logging_mixin.py:188} INFO - [2024-09-13T02:40:15.532+0000] {dag.py:3036} INFO - Sync 1 DAGs
[2024-09-13T02:40:15.544+0000] {logging_mixin.py:188} INFO - [2024-09-13T02:40:15.544+0000] {dag.py:3823} INFO - Setting next_dagrun for example_task_group to 2024-09-12 00:00:00+00:00, run_after=2024-09-13 00:00:00+00:00
[2024-09-13T02:40:15.553+0000] {processor.py:183} INFO - Processing /home/airflow/.local/lib/python3.8/site-packages/airflow/example_dags/example_task_group.py took 0.041 seconds
[2024-09-13T02:40:45.670+0000] {processor.py:161} INFO - Started process (PID=1275) to work on /home/airflow/.local/lib/python3.8/site-packages/airflow/example_dags/example_task_group.py
[2024-09-13T02:40:45.670+0000] {processor.py:830} INFO - Processing file /home/airflow/.local/lib/python3.8/site-packages/airflow/example_dags/example_task_group.py for tasks to queue
[2024-09-13T02:40:45.671+0000] {logging_mixin.py:188} INFO - [2024-09-13T02:40:45.671+0000] {dagbag.py:538} INFO - Filling up the DagBag from /home/airflow/.local/lib/python3.8/site-packages/airflow/example_dags/example_task_group.py
[2024-09-13T02:40:45.675+0000] {processor.py:840} INFO - DAG(s) 'example_task_group' retrieved from /home/airflow/.local/lib/python3.8/site-packages/airflow/example_dags/example_task_group.py
[2024-09-13T02:40:45.687+0000] {logging_mixin.py:188} INFO - [2024-09-13T02:40:45.687+0000] {dag.py:3036} INFO - Sync 1 DAGs
[2024-09-13T02:40:45.697+0000] {logging_mixin.py:188} INFO - [2024-09-13T02:40:45.697+0000] {dag.py:3823} INFO - Setting next_dagrun for example_task_group to 2024-09-12 00:00:00+00:00, run_after=2024-09-13 00:00:00+00:00
[2024-09-13T02:40:45.706+0000] {processor.py:183} INFO - Processing /home/airflow/.local/lib/python3.8/site-packages/airflow/example_dags/example_task_group.py took 0.038 seconds
[2024-09-13T02:41:15.838+0000] {processor.py:161} INFO - Started process (PID=1520) to work on /home/airflow/.local/lib/python3.8/site-packages/airflow/example_dags/example_task_group.py
[2024-09-13T02:41:15.840+0000] {processor.py:830} INFO - Processing file /home/airflow/.local/lib/python3.8/site-packages/airflow/example_dags/example_task_group.py for tasks to queue
[2024-09-13T02:41:15.840+0000] {logging_mixin.py:188} INFO - [2024-09-13T02:41:15.840+0000] {dagbag.py:538} INFO - Filling up the DagBag from /home/airflow/.local/lib/python3.8/site-packages/airflow/example_dags/example_task_group.py
[2024-09-13T02:41:15.845+0000] {processor.py:840} INFO - DAG(s) 'example_task_group' retrieved from /home/airflow/.local/lib/python3.8/site-packages/airflow/example_dags/example_task_group.py
[2024-09-13T02:41:15.858+0000] {logging_mixin.py:188} INFO - [2024-09-13T02:41:15.858+0000] {dag.py:3036} INFO - Sync 1 DAGs
[2024-09-13T02:41:15.870+0000] {logging_mixin.py:188} INFO - [2024-09-13T02:41:15.870+0000] {dag.py:3823} INFO - Setting next_dagrun for example_task_group to 2024-09-12 00:00:00+00:00, run_after=2024-09-13 00:00:00+00:00
[2024-09-13T02:41:15.879+0000] {processor.py:183} INFO - Processing /home/airflow/.local/lib/python3.8/site-packages/airflow/example_dags/example_task_group.py took 0.043 seconds
[2024-09-13T02:41:46.588+0000] {processor.py:161} INFO - Started process (PID=1766) to work on /home/airflow/.local/lib/python3.8/site-packages/airflow/example_dags/example_task_group.py
[2024-09-13T02:41:46.589+0000] {processor.py:830} INFO - Processing file /home/airflow/.local/lib/python3.8/site-packages/airflow/example_dags/example_task_group.py for tasks to queue
[2024-09-13T02:41:46.590+0000] {logging_mixin.py:188} INFO - [2024-09-13T02:41:46.590+0000] {dagbag.py:538} INFO - Filling up the DagBag from /home/airflow/.local/lib/python3.8/site-packages/airflow/example_dags/example_task_group.py
[2024-09-13T02:41:46.595+0000] {processor.py:840} INFO - DAG(s) 'example_task_group' retrieved from /home/airflow/.local/lib/python3.8/site-packages/airflow/example_dags/example_task_group.py
[2024-09-13T02:41:46.608+0000] {logging_mixin.py:188} INFO - [2024-09-13T02:41:46.608+0000] {dag.py:3036} INFO - Sync 1 DAGs
[2024-09-13T02:41:46.620+0000] {logging_mixin.py:188} INFO - [2024-09-13T02:41:46.619+0000] {dag.py:3823} INFO - Setting next_dagrun for example_task_group to 2024-09-12 00:00:00+00:00, run_after=2024-09-13 00:00:00+00:00
[2024-09-13T02:41:46.630+0000] {processor.py:183} INFO - Processing /home/airflow/.local/lib/python3.8/site-packages/airflow/example_dags/example_task_group.py took 0.043 seconds
[2024-09-13T02:42:17.197+0000] {processor.py:161} INFO - Started process (PID=2013) to work on /home/airflow/.local/lib/python3.8/site-packages/airflow/example_dags/example_task_group.py
[2024-09-13T02:42:17.198+0000] {processor.py:830} INFO - Processing file /home/airflow/.local/lib/python3.8/site-packages/airflow/example_dags/example_task_group.py for tasks to queue
[2024-09-13T02:42:17.199+0000] {logging_mixin.py:188} INFO - [2024-09-13T02:42:17.199+0000] {dagbag.py:538} INFO - Filling up the DagBag from /home/airflow/.local/lib/python3.8/site-packages/airflow/example_dags/example_task_group.py
[2024-09-13T02:42:17.203+0000] {processor.py:840} INFO - DAG(s) 'example_task_group' retrieved from /home/airflow/.local/lib/python3.8/site-packages/airflow/example_dags/example_task_group.py
[2024-09-13T02:42:17.216+0000] {logging_mixin.py:188} INFO - [2024-09-13T02:42:17.215+0000] {dag.py:3036} INFO - Sync 1 DAGs
[2024-09-13T02:42:17.229+0000] {logging_mixin.py:188} INFO - [2024-09-13T02:42:17.229+0000] {dag.py:3823} INFO - Setting next_dagrun for example_task_group to 2024-09-12 00:00:00+00:00, run_after=2024-09-13 00:00:00+00:00
[2024-09-13T02:42:17.242+0000] {processor.py:183} INFO - Processing /home/airflow/.local/lib/python3.8/site-packages/airflow/example_dags/example_task_group.py took 0.047 seconds
[2024-09-13T02:42:48.123+0000] {processor.py:161} INFO - Started process (PID=2260) to work on /home/airflow/.local/lib/python3.8/site-packages/airflow/example_dags/example_task_group.py
[2024-09-13T02:42:48.124+0000] {processor.py:830} INFO - Processing file /home/airflow/.local/lib/python3.8/site-packages/airflow/example_dags/example_task_group.py for tasks to queue
[2024-09-13T02:42:48.125+0000] {logging_mixin.py:188} INFO - [2024-09-13T02:42:48.124+0000] {dagbag.py:538} INFO - Filling up the DagBag from /home/airflow/.local/lib/python3.8/site-packages/airflow/example_dags/example_task_group.py
[2024-09-13T02:42:48.129+0000] {processor.py:840} INFO - DAG(s) 'example_task_group' retrieved from /home/airflow/.local/lib/python3.8/site-packages/airflow/example_dags/example_task_group.py
[2024-09-13T02:42:48.143+0000] {logging_mixin.py:188} INFO - [2024-09-13T02:42:48.142+0000] {dag.py:3036} INFO - Sync 1 DAGs
[2024-09-13T02:42:48.155+0000] {logging_mixin.py:188} INFO - [2024-09-13T02:42:48.155+0000] {dag.py:3823} INFO - Setting next_dagrun for example_task_group to 2024-09-12 00:00:00+00:00, run_after=2024-09-13 00:00:00+00:00
[2024-09-13T02:42:48.165+0000] {processor.py:183} INFO - Processing /home/airflow/.local/lib/python3.8/site-packages/airflow/example_dags/example_task_group.py took 0.044 seconds
[2024-09-13T02:43:19.171+0000] {processor.py:161} INFO - Started process (PID=2507) to work on /home/airflow/.local/lib/python3.8/site-packages/airflow/example_dags/example_task_group.py
[2024-09-13T02:43:19.172+0000] {processor.py:830} INFO - Processing file /home/airflow/.local/lib/python3.8/site-packages/airflow/example_dags/example_task_group.py for tasks to queue
[2024-09-13T02:43:19.172+0000] {logging_mixin.py:188} INFO - [2024-09-13T02:43:19.172+0000] {dagbag.py:538} INFO - Filling up the DagBag from /home/airflow/.local/lib/python3.8/site-packages/airflow/example_dags/example_task_group.py
[2024-09-13T02:43:19.177+0000] {processor.py:840} INFO - DAG(s) 'example_task_group' retrieved from /home/airflow/.local/lib/python3.8/site-packages/airflow/example_dags/example_task_group.py
[2024-09-13T02:43:19.192+0000] {logging_mixin.py:188} INFO - [2024-09-13T02:43:19.192+0000] {dag.py:3036} INFO - Sync 1 DAGs
[2024-09-13T02:43:19.206+0000] {logging_mixin.py:188} INFO - [2024-09-13T02:43:19.205+0000] {dag.py:3823} INFO - Setting next_dagrun for example_task_group to 2024-09-12 00:00:00+00:00, run_after=2024-09-13 00:00:00+00:00
[2024-09-13T02:43:19.216+0000] {processor.py:183} INFO - Processing /home/airflow/.local/lib/python3.8/site-packages/airflow/example_dags/example_task_group.py took 0.049 seconds
[2024-09-13T02:43:49.898+0000] {processor.py:161} INFO - Started process (PID=2754) to work on /home/airflow/.local/lib/python3.8/site-packages/airflow/example_dags/example_task_group.py
[2024-09-13T02:43:49.899+0000] {processor.py:830} INFO - Processing file /home/airflow/.local/lib/python3.8/site-packages/airflow/example_dags/example_task_group.py for tasks to queue
[2024-09-13T02:43:49.899+0000] {logging_mixin.py:188} INFO - [2024-09-13T02:43:49.899+0000] {dagbag.py:538} INFO - Filling up the DagBag from /home/airflow/.local/lib/python3.8/site-packages/airflow/example_dags/example_task_group.py
[2024-09-13T02:43:49.904+0000] {processor.py:840} INFO - DAG(s) 'example_task_group' retrieved from /home/airflow/.local/lib/python3.8/site-packages/airflow/example_dags/example_task_group.py
[2024-09-13T02:43:49.918+0000] {logging_mixin.py:188} INFO - [2024-09-13T02:43:49.918+0000] {dag.py:3036} INFO - Sync 1 DAGs
[2024-09-13T02:43:49.930+0000] {logging_mixin.py:188} INFO - [2024-09-13T02:43:49.930+0000] {dag.py:3823} INFO - Setting next_dagrun for example_task_group to 2024-09-12 00:00:00+00:00, run_after=2024-09-13 00:00:00+00:00
[2024-09-13T02:43:49.939+0000] {processor.py:183} INFO - Processing /home/airflow/.local/lib/python3.8/site-packages/airflow/example_dags/example_task_group.py took 0.044 seconds
[2024-09-13T02:44:20.615+0000] {processor.py:161} INFO - Started process (PID=3001) to work on /home/airflow/.local/lib/python3.8/site-packages/airflow/example_dags/example_task_group.py
[2024-09-13T02:44:20.616+0000] {processor.py:830} INFO - Processing file /home/airflow/.local/lib/python3.8/site-packages/airflow/example_dags/example_task_group.py for tasks to queue
[2024-09-13T02:44:20.617+0000] {logging_mixin.py:188} INFO - [2024-09-13T02:44:20.617+0000] {dagbag.py:538} INFO - Filling up the DagBag from /home/airflow/.local/lib/python3.8/site-packages/airflow/example_dags/example_task_group.py
[2024-09-13T02:44:20.621+0000] {processor.py:840} INFO - DAG(s) 'example_task_group' retrieved from /home/airflow/.local/lib/python3.8/site-packages/airflow/example_dags/example_task_group.py
[2024-09-13T02:44:20.636+0000] {logging_mixin.py:188} INFO - [2024-09-13T02:44:20.635+0000] {dag.py:3036} INFO - Sync 1 DAGs
[2024-09-13T02:44:20.649+0000] {logging_mixin.py:188} INFO - [2024-09-13T02:44:20.649+0000] {dag.py:3823} INFO - Setting next_dagrun for example_task_group to 2024-09-12 00:00:00+00:00, run_after=2024-09-13 00:00:00+00:00
[2024-09-13T02:44:20.660+0000] {processor.py:183} INFO - Processing /home/airflow/.local/lib/python3.8/site-packages/airflow/example_dags/example_task_group.py took 0.047 seconds
[2024-09-13T02:44:51.289+0000] {processor.py:161} INFO - Started process (PID=3248) to work on /home/airflow/.local/lib/python3.8/site-packages/airflow/example_dags/example_task_group.py
[2024-09-13T02:44:51.290+0000] {processor.py:830} INFO - Processing file /home/airflow/.local/lib/python3.8/site-packages/airflow/example_dags/example_task_group.py for tasks to queue
[2024-09-13T02:44:51.290+0000] {logging_mixin.py:188} INFO - [2024-09-13T02:44:51.290+0000] {dagbag.py:538} INFO - Filling up the DagBag from /home/airflow/.local/lib/python3.8/site-packages/airflow/example_dags/example_task_group.py
[2024-09-13T02:44:51.295+0000] {processor.py:840} INFO - DAG(s) 'example_task_group' retrieved from /home/airflow/.local/lib/python3.8/site-packages/airflow/example_dags/example_task_group.py
[2024-09-13T02:44:51.308+0000] {logging_mixin.py:188} INFO - [2024-09-13T02:44:51.308+0000] {dag.py:3036} INFO - Sync 1 DAGs
[2024-09-13T02:44:51.323+0000] {logging_mixin.py:188} INFO - [2024-09-13T02:44:51.322+0000] {dag.py:3823} INFO - Setting next_dagrun for example_task_group to 2024-09-12 00:00:00+00:00, run_after=2024-09-13 00:00:00+00:00
[2024-09-13T02:44:51.337+0000] {processor.py:183} INFO - Processing /home/airflow/.local/lib/python3.8/site-packages/airflow/example_dags/example_task_group.py took 0.050 seconds
[2024-09-13T02:45:22.018+0000] {processor.py:161} INFO - Started process (PID=3495) to work on /home/airflow/.local/lib/python3.8/site-packages/airflow/example_dags/example_task_group.py
[2024-09-13T02:45:22.019+0000] {processor.py:830} INFO - Processing file /home/airflow/.local/lib/python3.8/site-packages/airflow/example_dags/example_task_group.py for tasks to queue
[2024-09-13T02:45:22.020+0000] {logging_mixin.py:188} INFO - [2024-09-13T02:45:22.020+0000] {dagbag.py:538} INFO - Filling up the DagBag from /home/airflow/.local/lib/python3.8/site-packages/airflow/example_dags/example_task_group.py
[2024-09-13T02:45:22.025+0000] {processor.py:840} INFO - DAG(s) 'example_task_group' retrieved from /home/airflow/.local/lib/python3.8/site-packages/airflow/example_dags/example_task_group.py
[2024-09-13T02:45:22.056+0000] {logging_mixin.py:188} INFO - [2024-09-13T02:45:22.056+0000] {dag.py:3036} INFO - Sync 1 DAGs
[2024-09-13T02:45:22.078+0000] {logging_mixin.py:188} INFO - [2024-09-13T02:45:22.078+0000] {dag.py:3823} INFO - Setting next_dagrun for example_task_group to 2024-09-12 00:00:00+00:00, run_after=2024-09-13 00:00:00+00:00
[2024-09-13T02:45:22.107+0000] {processor.py:183} INFO - Processing /home/airflow/.local/lib/python3.8/site-packages/airflow/example_dags/example_task_group.py took 0.091 seconds
[2024-09-13T02:45:52.160+0000] {processor.py:161} INFO - Started process (PID=3744) to work on /home/airflow/.local/lib/python3.8/site-packages/airflow/example_dags/example_task_group.py
[2024-09-13T02:45:52.161+0000] {processor.py:830} INFO - Processing file /home/airflow/.local/lib/python3.8/site-packages/airflow/example_dags/example_task_group.py for tasks to queue
[2024-09-13T02:45:52.162+0000] {logging_mixin.py:188} INFO - [2024-09-13T02:45:52.161+0000] {dagbag.py:538} INFO - Filling up the DagBag from /home/airflow/.local/lib/python3.8/site-packages/airflow/example_dags/example_task_group.py
[2024-09-13T02:45:52.167+0000] {processor.py:840} INFO - DAG(s) 'example_task_group' retrieved from /home/airflow/.local/lib/python3.8/site-packages/airflow/example_dags/example_task_group.py
[2024-09-13T02:45:52.182+0000] {logging_mixin.py:188} INFO - [2024-09-13T02:45:52.181+0000] {dag.py:3036} INFO - Sync 1 DAGs
[2024-09-13T02:45:52.193+0000] {logging_mixin.py:188} INFO - [2024-09-13T02:45:52.193+0000] {dag.py:3823} INFO - Setting next_dagrun for example_task_group to 2024-09-12 00:00:00+00:00, run_after=2024-09-13 00:00:00+00:00
[2024-09-13T02:45:52.205+0000] {processor.py:183} INFO - Processing /home/airflow/.local/lib/python3.8/site-packages/airflow/example_dags/example_task_group.py took 0.047 seconds
[2024-09-13T02:46:22.374+0000] {processor.py:161} INFO - Started process (PID=3991) to work on /home/airflow/.local/lib/python3.8/site-packages/airflow/example_dags/example_task_group.py
[2024-09-13T02:46:22.375+0000] {processor.py:830} INFO - Processing file /home/airflow/.local/lib/python3.8/site-packages/airflow/example_dags/example_task_group.py for tasks to queue
[2024-09-13T02:46:22.376+0000] {logging_mixin.py:188} INFO - [2024-09-13T02:46:22.375+0000] {dagbag.py:538} INFO - Filling up the DagBag from /home/airflow/.local/lib/python3.8/site-packages/airflow/example_dags/example_task_group.py
[2024-09-13T02:46:22.380+0000] {processor.py:840} INFO - DAG(s) 'example_task_group' retrieved from /home/airflow/.local/lib/python3.8/site-packages/airflow/example_dags/example_task_group.py
[2024-09-13T02:46:22.392+0000] {logging_mixin.py:188} INFO - [2024-09-13T02:46:22.392+0000] {dag.py:3036} INFO - Sync 1 DAGs
[2024-09-13T02:46:22.402+0000] {logging_mixin.py:188} INFO - [2024-09-13T02:46:22.402+0000] {dag.py:3823} INFO - Setting next_dagrun for example_task_group to 2024-09-12 00:00:00+00:00, run_after=2024-09-13 00:00:00+00:00
[2024-09-13T02:46:22.411+0000] {processor.py:183} INFO - Processing /home/airflow/.local/lib/python3.8/site-packages/airflow/example_dags/example_task_group.py took 0.038 seconds
[2024-09-13T02:46:52.685+0000] {processor.py:161} INFO - Started process (PID=4236) to work on /home/airflow/.local/lib/python3.8/site-packages/airflow/example_dags/example_task_group.py
[2024-09-13T02:46:52.686+0000] {processor.py:830} INFO - Processing file /home/airflow/.local/lib/python3.8/site-packages/airflow/example_dags/example_task_group.py for tasks to queue
[2024-09-13T02:46:52.686+0000] {logging_mixin.py:188} INFO - [2024-09-13T02:46:52.686+0000] {dagbag.py:538} INFO - Filling up the DagBag from /home/airflow/.local/lib/python3.8/site-packages/airflow/example_dags/example_task_group.py
[2024-09-13T02:46:52.691+0000] {processor.py:840} INFO - DAG(s) 'example_task_group' retrieved from /home/airflow/.local/lib/python3.8/site-packages/airflow/example_dags/example_task_group.py
[2024-09-13T02:46:52.703+0000] {logging_mixin.py:188} INFO - [2024-09-13T02:46:52.703+0000] {dag.py:3036} INFO - Sync 1 DAGs
[2024-09-13T02:46:52.715+0000] {logging_mixin.py:188} INFO - [2024-09-13T02:46:52.715+0000] {dag.py:3823} INFO - Setting next_dagrun for example_task_group to 2024-09-12 00:00:00+00:00, run_after=2024-09-13 00:00:00+00:00
[2024-09-13T02:46:52.724+0000] {processor.py:183} INFO - Processing /home/airflow/.local/lib/python3.8/site-packages/airflow/example_dags/example_task_group.py took 0.041 seconds
[2024-09-13T02:47:23.385+0000] {processor.py:161} INFO - Started process (PID=4483) to work on /home/airflow/.local/lib/python3.8/site-packages/airflow/example_dags/example_task_group.py
[2024-09-13T02:47:23.386+0000] {processor.py:830} INFO - Processing file /home/airflow/.local/lib/python3.8/site-packages/airflow/example_dags/example_task_group.py for tasks to queue
[2024-09-13T02:47:23.387+0000] {logging_mixin.py:188} INFO - [2024-09-13T02:47:23.387+0000] {dagbag.py:538} INFO - Filling up the DagBag from /home/airflow/.local/lib/python3.8/site-packages/airflow/example_dags/example_task_group.py
[2024-09-13T02:47:23.394+0000] {processor.py:840} INFO - DAG(s) 'example_task_group' retrieved from /home/airflow/.local/lib/python3.8/site-packages/airflow/example_dags/example_task_group.py
[2024-09-13T02:47:23.411+0000] {logging_mixin.py:188} INFO - [2024-09-13T02:47:23.411+0000] {dag.py:3036} INFO - Sync 1 DAGs
[2024-09-13T02:47:23.425+0000] {logging_mixin.py:188} INFO - [2024-09-13T02:47:23.425+0000] {dag.py:3823} INFO - Setting next_dagrun for example_task_group to 2024-09-12 00:00:00+00:00, run_after=2024-09-13 00:00:00+00:00
[2024-09-13T02:47:23.438+0000] {processor.py:183} INFO - Processing /home/airflow/.local/lib/python3.8/site-packages/airflow/example_dags/example_task_group.py took 0.055 seconds
[2024-09-13T02:47:54.694+0000] {processor.py:161} INFO - Started process (PID=4730) to work on /home/airflow/.local/lib/python3.8/site-packages/airflow/example_dags/example_task_group.py
[2024-09-13T02:47:54.695+0000] {processor.py:830} INFO - Processing file /home/airflow/.local/lib/python3.8/site-packages/airflow/example_dags/example_task_group.py for tasks to queue
[2024-09-13T02:47:54.696+0000] {logging_mixin.py:188} INFO - [2024-09-13T02:47:54.696+0000] {dagbag.py:538} INFO - Filling up the DagBag from /home/airflow/.local/lib/python3.8/site-packages/airflow/example_dags/example_task_group.py
[2024-09-13T02:47:54.701+0000] {processor.py:840} INFO - DAG(s) 'example_task_group' retrieved from /home/airflow/.local/lib/python3.8/site-packages/airflow/example_dags/example_task_group.py
[2024-09-13T02:47:54.715+0000] {logging_mixin.py:188} INFO - [2024-09-13T02:47:54.715+0000] {dag.py:3036} INFO - Sync 1 DAGs
[2024-09-13T02:47:54.728+0000] {logging_mixin.py:188} INFO - [2024-09-13T02:47:54.728+0000] {dag.py:3823} INFO - Setting next_dagrun for example_task_group to 2024-09-12 00:00:00+00:00, run_after=2024-09-13 00:00:00+00:00
[2024-09-13T02:47:54.738+0000] {processor.py:183} INFO - Processing /home/airflow/.local/lib/python3.8/site-packages/airflow/example_dags/example_task_group.py took 0.046 seconds
[2024-09-13T02:48:25.414+0000] {processor.py:161} INFO - Started process (PID=4978) to work on /home/airflow/.local/lib/python3.8/site-packages/airflow/example_dags/example_task_group.py
[2024-09-13T02:48:25.415+0000] {processor.py:830} INFO - Processing file /home/airflow/.local/lib/python3.8/site-packages/airflow/example_dags/example_task_group.py for tasks to queue
[2024-09-13T02:48:25.416+0000] {logging_mixin.py:188} INFO - [2024-09-13T02:48:25.416+0000] {dagbag.py:538} INFO - Filling up the DagBag from /home/airflow/.local/lib/python3.8/site-packages/airflow/example_dags/example_task_group.py
[2024-09-13T02:48:25.421+0000] {processor.py:840} INFO - DAG(s) 'example_task_group' retrieved from /home/airflow/.local/lib/python3.8/site-packages/airflow/example_dags/example_task_group.py
[2024-09-13T02:48:25.437+0000] {logging_mixin.py:188} INFO - [2024-09-13T02:48:25.436+0000] {dag.py:3036} INFO - Sync 1 DAGs
[2024-09-13T02:48:25.450+0000] {logging_mixin.py:188} INFO - [2024-09-13T02:48:25.450+0000] {dag.py:3823} INFO - Setting next_dagrun for example_task_group to 2024-09-12 00:00:00+00:00, run_after=2024-09-13 00:00:00+00:00
[2024-09-13T02:48:25.462+0000] {processor.py:183} INFO - Processing /home/airflow/.local/lib/python3.8/site-packages/airflow/example_dags/example_task_group.py took 0.050 seconds
[2024-09-13T02:48:55.537+0000] {processor.py:161} INFO - Started process (PID=5225) to work on /home/airflow/.local/lib/python3.8/site-packages/airflow/example_dags/example_task_group.py
[2024-09-13T02:48:55.538+0000] {processor.py:830} INFO - Processing file /home/airflow/.local/lib/python3.8/site-packages/airflow/example_dags/example_task_group.py for tasks to queue
[2024-09-13T02:48:55.539+0000] {logging_mixin.py:188} INFO - [2024-09-13T02:48:55.539+0000] {dagbag.py:538} INFO - Filling up the DagBag from /home/airflow/.local/lib/python3.8/site-packages/airflow/example_dags/example_task_group.py
[2024-09-13T02:48:55.544+0000] {processor.py:840} INFO - DAG(s) 'example_task_group' retrieved from /home/airflow/.local/lib/python3.8/site-packages/airflow/example_dags/example_task_group.py
[2024-09-13T02:48:55.556+0000] {logging_mixin.py:188} INFO - [2024-09-13T02:48:55.556+0000] {dag.py:3036} INFO - Sync 1 DAGs
[2024-09-13T02:48:55.567+0000] {logging_mixin.py:188} INFO - [2024-09-13T02:48:55.567+0000] {dag.py:3823} INFO - Setting next_dagrun for example_task_group to 2024-09-12 00:00:00+00:00, run_after=2024-09-13 00:00:00+00:00
[2024-09-13T02:48:55.577+0000] {processor.py:183} INFO - Processing /home/airflow/.local/lib/python3.8/site-packages/airflow/example_dags/example_task_group.py took 0.041 seconds
[2024-09-13T02:49:26.251+0000] {processor.py:161} INFO - Started process (PID=5473) to work on /home/airflow/.local/lib/python3.8/site-packages/airflow/example_dags/example_task_group.py
[2024-09-13T02:49:26.251+0000] {processor.py:830} INFO - Processing file /home/airflow/.local/lib/python3.8/site-packages/airflow/example_dags/example_task_group.py for tasks to queue
[2024-09-13T02:49:26.252+0000] {logging_mixin.py:188} INFO - [2024-09-13T02:49:26.252+0000] {dagbag.py:538} INFO - Filling up the DagBag from /home/airflow/.local/lib/python3.8/site-packages/airflow/example_dags/example_task_group.py
[2024-09-13T02:49:26.257+0000] {processor.py:840} INFO - DAG(s) 'example_task_group' retrieved from /home/airflow/.local/lib/python3.8/site-packages/airflow/example_dags/example_task_group.py
[2024-09-13T02:49:26.270+0000] {logging_mixin.py:188} INFO - [2024-09-13T02:49:26.269+0000] {dag.py:3036} INFO - Sync 1 DAGs
[2024-09-13T02:49:26.282+0000] {logging_mixin.py:188} INFO - [2024-09-13T02:49:26.281+0000] {dag.py:3823} INFO - Setting next_dagrun for example_task_group to 2024-09-12 00:00:00+00:00, run_after=2024-09-13 00:00:00+00:00
[2024-09-13T02:49:26.291+0000] {processor.py:183} INFO - Processing /home/airflow/.local/lib/python3.8/site-packages/airflow/example_dags/example_task_group.py took 0.043 seconds
[2024-09-13T02:49:56.538+0000] {processor.py:161} INFO - Started process (PID=5718) to work on /home/airflow/.local/lib/python3.8/site-packages/airflow/example_dags/example_task_group.py
[2024-09-13T02:49:56.539+0000] {processor.py:830} INFO - Processing file /home/airflow/.local/lib/python3.8/site-packages/airflow/example_dags/example_task_group.py for tasks to queue
[2024-09-13T02:49:56.539+0000] {logging_mixin.py:188} INFO - [2024-09-13T02:49:56.539+0000] {dagbag.py:538} INFO - Filling up the DagBag from /home/airflow/.local/lib/python3.8/site-packages/airflow/example_dags/example_task_group.py
[2024-09-13T02:49:56.544+0000] {processor.py:840} INFO - DAG(s) 'example_task_group' retrieved from /home/airflow/.local/lib/python3.8/site-packages/airflow/example_dags/example_task_group.py
[2024-09-13T02:49:56.557+0000] {logging_mixin.py:188} INFO - [2024-09-13T02:49:56.557+0000] {dag.py:3036} INFO - Sync 1 DAGs
[2024-09-13T02:49:56.568+0000] {logging_mixin.py:188} INFO - [2024-09-13T02:49:56.568+0000] {dag.py:3823} INFO - Setting next_dagrun for example_task_group to 2024-09-12 00:00:00+00:00, run_after=2024-09-13 00:00:00+00:00
[2024-09-13T02:49:56.578+0000] {processor.py:183} INFO - Processing /home/airflow/.local/lib/python3.8/site-packages/airflow/example_dags/example_task_group.py took 0.043 seconds
[2024-09-13T02:50:27.173+0000] {processor.py:161} INFO - Started process (PID=5966) to work on /home/airflow/.local/lib/python3.8/site-packages/airflow/example_dags/example_task_group.py
[2024-09-13T02:50:27.174+0000] {processor.py:830} INFO - Processing file /home/airflow/.local/lib/python3.8/site-packages/airflow/example_dags/example_task_group.py for tasks to queue
[2024-09-13T02:50:27.175+0000] {logging_mixin.py:188} INFO - [2024-09-13T02:50:27.175+0000] {dagbag.py:538} INFO - Filling up the DagBag from /home/airflow/.local/lib/python3.8/site-packages/airflow/example_dags/example_task_group.py
[2024-09-13T02:50:27.180+0000] {processor.py:840} INFO - DAG(s) 'example_task_group' retrieved from /home/airflow/.local/lib/python3.8/site-packages/airflow/example_dags/example_task_group.py
[2024-09-13T02:50:27.196+0000] {logging_mixin.py:188} INFO - [2024-09-13T02:50:27.196+0000] {dag.py:3036} INFO - Sync 1 DAGs
[2024-09-13T02:50:27.209+0000] {logging_mixin.py:188} INFO - [2024-09-13T02:50:27.209+0000] {dag.py:3823} INFO - Setting next_dagrun for example_task_group to 2024-09-12 00:00:00+00:00, run_after=2024-09-13 00:00:00+00:00
[2024-09-13T02:50:27.220+0000] {processor.py:183} INFO - Processing /home/airflow/.local/lib/python3.8/site-packages/airflow/example_dags/example_task_group.py took 0.050 seconds
[2024-09-13T02:50:57.909+0000] {processor.py:161} INFO - Started process (PID=6212) to work on /home/airflow/.local/lib/python3.8/site-packages/airflow/example_dags/example_task_group.py
[2024-09-13T02:50:57.909+0000] {processor.py:830} INFO - Processing file /home/airflow/.local/lib/python3.8/site-packages/airflow/example_dags/example_task_group.py for tasks to queue
[2024-09-13T02:50:57.910+0000] {logging_mixin.py:188} INFO - [2024-09-13T02:50:57.910+0000] {dagbag.py:538} INFO - Filling up the DagBag from /home/airflow/.local/lib/python3.8/site-packages/airflow/example_dags/example_task_group.py
[2024-09-13T02:50:57.915+0000] {processor.py:840} INFO - DAG(s) 'example_task_group' retrieved from /home/airflow/.local/lib/python3.8/site-packages/airflow/example_dags/example_task_group.py
[2024-09-13T02:50:57.930+0000] {logging_mixin.py:188} INFO - [2024-09-13T02:50:57.930+0000] {dag.py:3036} INFO - Sync 1 DAGs
[2024-09-13T02:50:57.942+0000] {logging_mixin.py:188} INFO - [2024-09-13T02:50:57.942+0000] {dag.py:3823} INFO - Setting next_dagrun for example_task_group to 2024-09-12 00:00:00+00:00, run_after=2024-09-13 00:00:00+00:00
[2024-09-13T02:50:57.954+0000] {processor.py:183} INFO - Processing /home/airflow/.local/lib/python3.8/site-packages/airflow/example_dags/example_task_group.py took 0.048 seconds
[2024-09-13T02:51:28.622+0000] {processor.py:161} INFO - Started process (PID=6459) to work on /home/airflow/.local/lib/python3.8/site-packages/airflow/example_dags/example_task_group.py
[2024-09-13T02:51:28.623+0000] {processor.py:830} INFO - Processing file /home/airflow/.local/lib/python3.8/site-packages/airflow/example_dags/example_task_group.py for tasks to queue
[2024-09-13T02:51:28.623+0000] {logging_mixin.py:188} INFO - [2024-09-13T02:51:28.623+0000] {dagbag.py:538} INFO - Filling up the DagBag from /home/airflow/.local/lib/python3.8/site-packages/airflow/example_dags/example_task_group.py
[2024-09-13T02:51:28.628+0000] {processor.py:840} INFO - DAG(s) 'example_task_group' retrieved from /home/airflow/.local/lib/python3.8/site-packages/airflow/example_dags/example_task_group.py
[2024-09-13T02:51:28.641+0000] {logging_mixin.py:188} INFO - [2024-09-13T02:51:28.641+0000] {dag.py:3036} INFO - Sync 1 DAGs
[2024-09-13T02:51:28.654+0000] {logging_mixin.py:188} INFO - [2024-09-13T02:51:28.654+0000] {dag.py:3823} INFO - Setting next_dagrun for example_task_group to 2024-09-12 00:00:00+00:00, run_after=2024-09-13 00:00:00+00:00
[2024-09-13T02:51:28.667+0000] {processor.py:183} INFO - Processing /home/airflow/.local/lib/python3.8/site-packages/airflow/example_dags/example_task_group.py took 0.050 seconds
[2024-09-13T02:52:00.082+0000] {processor.py:161} INFO - Started process (PID=6708) to work on /home/airflow/.local/lib/python3.8/site-packages/airflow/example_dags/example_task_group.py
[2024-09-13T02:52:00.083+0000] {processor.py:830} INFO - Processing file /home/airflow/.local/lib/python3.8/site-packages/airflow/example_dags/example_task_group.py for tasks to queue
[2024-09-13T02:52:00.086+0000] {logging_mixin.py:188} INFO - [2024-09-13T02:52:00.085+0000] {dagbag.py:538} INFO - Filling up the DagBag from /home/airflow/.local/lib/python3.8/site-packages/airflow/example_dags/example_task_group.py
[2024-09-13T02:52:00.095+0000] {processor.py:840} INFO - DAG(s) 'example_task_group' retrieved from /home/airflow/.local/lib/python3.8/site-packages/airflow/example_dags/example_task_group.py
[2024-09-13T02:52:00.291+0000] {logging_mixin.py:188} INFO - [2024-09-13T02:52:00.290+0000] {dag.py:3036} INFO - Sync 1 DAGs
[2024-09-13T02:52:00.337+0000] {logging_mixin.py:188} INFO - [2024-09-13T02:52:00.337+0000] {dag.py:3823} INFO - Setting next_dagrun for example_task_group to 2024-09-12 00:00:00+00:00, run_after=2024-09-13 00:00:00+00:00
[2024-09-13T02:52:00.360+0000] {processor.py:183} INFO - Processing /home/airflow/.local/lib/python3.8/site-packages/airflow/example_dags/example_task_group.py took 0.282 seconds
[2024-09-13T02:52:30.512+0000] {processor.py:161} INFO - Started process (PID=6953) to work on /home/airflow/.local/lib/python3.8/site-packages/airflow/example_dags/example_task_group.py
[2024-09-13T02:52:30.514+0000] {processor.py:830} INFO - Processing file /home/airflow/.local/lib/python3.8/site-packages/airflow/example_dags/example_task_group.py for tasks to queue
[2024-09-13T02:52:30.514+0000] {logging_mixin.py:188} INFO - [2024-09-13T02:52:30.514+0000] {dagbag.py:538} INFO - Filling up the DagBag from /home/airflow/.local/lib/python3.8/site-packages/airflow/example_dags/example_task_group.py
[2024-09-13T02:52:30.520+0000] {processor.py:840} INFO - DAG(s) 'example_task_group' retrieved from /home/airflow/.local/lib/python3.8/site-packages/airflow/example_dags/example_task_group.py
[2024-09-13T02:52:30.539+0000] {logging_mixin.py:188} INFO - [2024-09-13T02:52:30.538+0000] {dag.py:3036} INFO - Sync 1 DAGs
[2024-09-13T02:52:30.559+0000] {logging_mixin.py:188} INFO - [2024-09-13T02:52:30.559+0000] {dag.py:3823} INFO - Setting next_dagrun for example_task_group to 2024-09-12 00:00:00+00:00, run_after=2024-09-13 00:00:00+00:00
[2024-09-13T02:52:30.574+0000] {processor.py:183} INFO - Processing /home/airflow/.local/lib/python3.8/site-packages/airflow/example_dags/example_task_group.py took 0.065 seconds
[2024-09-13T02:53:01.497+0000] {processor.py:161} INFO - Started process (PID=7202) to work on /home/airflow/.local/lib/python3.8/site-packages/airflow/example_dags/example_task_group.py
[2024-09-13T02:53:01.498+0000] {processor.py:830} INFO - Processing file /home/airflow/.local/lib/python3.8/site-packages/airflow/example_dags/example_task_group.py for tasks to queue
[2024-09-13T02:53:01.499+0000] {logging_mixin.py:188} INFO - [2024-09-13T02:53:01.498+0000] {dagbag.py:538} INFO - Filling up the DagBag from /home/airflow/.local/lib/python3.8/site-packages/airflow/example_dags/example_task_group.py
[2024-09-13T02:53:01.507+0000] {processor.py:840} INFO - DAG(s) 'example_task_group' retrieved from /home/airflow/.local/lib/python3.8/site-packages/airflow/example_dags/example_task_group.py
[2024-09-13T02:53:01.521+0000] {logging_mixin.py:188} INFO - [2024-09-13T02:53:01.521+0000] {dag.py:3036} INFO - Sync 1 DAGs
[2024-09-13T02:53:01.532+0000] {logging_mixin.py:188} INFO - [2024-09-13T02:53:01.532+0000] {dag.py:3823} INFO - Setting next_dagrun for example_task_group to 2024-09-12 00:00:00+00:00, run_after=2024-09-13 00:00:00+00:00
[2024-09-13T02:53:01.541+0000] {processor.py:183} INFO - Processing /home/airflow/.local/lib/python3.8/site-packages/airflow/example_dags/example_task_group.py took 0.047 seconds
[2024-09-13T02:53:32.038+0000] {processor.py:161} INFO - Started process (PID=7449) to work on /home/airflow/.local/lib/python3.8/site-packages/airflow/example_dags/example_task_group.py
[2024-09-13T02:53:32.039+0000] {processor.py:830} INFO - Processing file /home/airflow/.local/lib/python3.8/site-packages/airflow/example_dags/example_task_group.py for tasks to queue
[2024-09-13T02:53:32.040+0000] {logging_mixin.py:188} INFO - [2024-09-13T02:53:32.040+0000] {dagbag.py:538} INFO - Filling up the DagBag from /home/airflow/.local/lib/python3.8/site-packages/airflow/example_dags/example_task_group.py
[2024-09-13T02:53:32.044+0000] {processor.py:840} INFO - DAG(s) 'example_task_group' retrieved from /home/airflow/.local/lib/python3.8/site-packages/airflow/example_dags/example_task_group.py
[2024-09-13T02:53:32.057+0000] {logging_mixin.py:188} INFO - [2024-09-13T02:53:32.057+0000] {dag.py:3036} INFO - Sync 1 DAGs
[2024-09-13T02:53:32.070+0000] {logging_mixin.py:188} INFO - [2024-09-13T02:53:32.070+0000] {dag.py:3823} INFO - Setting next_dagrun for example_task_group to 2024-09-12 00:00:00+00:00, run_after=2024-09-13 00:00:00+00:00
[2024-09-13T02:53:32.081+0000] {processor.py:183} INFO - Processing /home/airflow/.local/lib/python3.8/site-packages/airflow/example_dags/example_task_group.py took 0.045 seconds
[2024-09-13T02:54:02.903+0000] {processor.py:161} INFO - Started process (PID=7696) to work on /home/airflow/.local/lib/python3.8/site-packages/airflow/example_dags/example_task_group.py
[2024-09-13T02:54:02.904+0000] {processor.py:830} INFO - Processing file /home/airflow/.local/lib/python3.8/site-packages/airflow/example_dags/example_task_group.py for tasks to queue
[2024-09-13T02:54:02.905+0000] {logging_mixin.py:188} INFO - [2024-09-13T02:54:02.905+0000] {dagbag.py:538} INFO - Filling up the DagBag from /home/airflow/.local/lib/python3.8/site-packages/airflow/example_dags/example_task_group.py
[2024-09-13T02:54:02.911+0000] {processor.py:840} INFO - DAG(s) 'example_task_group' retrieved from /home/airflow/.local/lib/python3.8/site-packages/airflow/example_dags/example_task_group.py
[2024-09-13T02:54:02.926+0000] {logging_mixin.py:188} INFO - [2024-09-13T02:54:02.926+0000] {dag.py:3036} INFO - Sync 1 DAGs
[2024-09-13T02:54:02.943+0000] {logging_mixin.py:188} INFO - [2024-09-13T02:54:02.943+0000] {dag.py:3823} INFO - Setting next_dagrun for example_task_group to 2024-09-12 00:00:00+00:00, run_after=2024-09-13 00:00:00+00:00
[2024-09-13T02:54:02.956+0000] {processor.py:183} INFO - Processing /home/airflow/.local/lib/python3.8/site-packages/airflow/example_dags/example_task_group.py took 0.056 seconds
[2024-09-13T02:54:33.085+0000] {processor.py:161} INFO - Started process (PID=7941) to work on /home/airflow/.local/lib/python3.8/site-packages/airflow/example_dags/example_task_group.py
[2024-09-13T02:54:33.086+0000] {processor.py:830} INFO - Processing file /home/airflow/.local/lib/python3.8/site-packages/airflow/example_dags/example_task_group.py for tasks to queue
[2024-09-13T02:54:33.086+0000] {logging_mixin.py:188} INFO - [2024-09-13T02:54:33.086+0000] {dagbag.py:538} INFO - Filling up the DagBag from /home/airflow/.local/lib/python3.8/site-packages/airflow/example_dags/example_task_group.py
[2024-09-13T02:54:33.094+0000] {processor.py:840} INFO - DAG(s) 'example_task_group' retrieved from /home/airflow/.local/lib/python3.8/site-packages/airflow/example_dags/example_task_group.py
[2024-09-13T02:54:33.123+0000] {logging_mixin.py:188} INFO - [2024-09-13T02:54:33.122+0000] {dag.py:3036} INFO - Sync 1 DAGs
[2024-09-13T02:54:33.138+0000] {logging_mixin.py:188} INFO - [2024-09-13T02:54:33.138+0000] {dag.py:3823} INFO - Setting next_dagrun for example_task_group to 2024-09-12 00:00:00+00:00, run_after=2024-09-13 00:00:00+00:00
[2024-09-13T02:54:33.149+0000] {processor.py:183} INFO - Processing /home/airflow/.local/lib/python3.8/site-packages/airflow/example_dags/example_task_group.py took 0.067 seconds
[2024-09-13T02:55:03.164+0000] {processor.py:161} INFO - Started process (PID=8190) to work on /home/airflow/.local/lib/python3.8/site-packages/airflow/example_dags/example_task_group.py
[2024-09-13T02:55:03.165+0000] {processor.py:830} INFO - Processing file /home/airflow/.local/lib/python3.8/site-packages/airflow/example_dags/example_task_group.py for tasks to queue
[2024-09-13T02:55:03.165+0000] {logging_mixin.py:188} INFO - [2024-09-13T02:55:03.165+0000] {dagbag.py:538} INFO - Filling up the DagBag from /home/airflow/.local/lib/python3.8/site-packages/airflow/example_dags/example_task_group.py
[2024-09-13T02:55:03.169+0000] {processor.py:840} INFO - DAG(s) 'example_task_group' retrieved from /home/airflow/.local/lib/python3.8/site-packages/airflow/example_dags/example_task_group.py
[2024-09-13T02:55:03.181+0000] {logging_mixin.py:188} INFO - [2024-09-13T02:55:03.181+0000] {dag.py:3036} INFO - Sync 1 DAGs
[2024-09-13T02:55:03.191+0000] {logging_mixin.py:188} INFO - [2024-09-13T02:55:03.191+0000] {dag.py:3823} INFO - Setting next_dagrun for example_task_group to 2024-09-12 00:00:00+00:00, run_after=2024-09-13 00:00:00+00:00
[2024-09-13T02:55:03.200+0000] {processor.py:183} INFO - Processing /home/airflow/.local/lib/python3.8/site-packages/airflow/example_dags/example_task_group.py took 0.038 seconds
[2024-09-13T02:55:34.009+0000] {processor.py:161} INFO - Started process (PID=8437) to work on /home/airflow/.local/lib/python3.8/site-packages/airflow/example_dags/example_task_group.py
[2024-09-13T02:55:34.010+0000] {processor.py:830} INFO - Processing file /home/airflow/.local/lib/python3.8/site-packages/airflow/example_dags/example_task_group.py for tasks to queue
[2024-09-13T02:55:34.011+0000] {logging_mixin.py:188} INFO - [2024-09-13T02:55:34.011+0000] {dagbag.py:538} INFO - Filling up the DagBag from /home/airflow/.local/lib/python3.8/site-packages/airflow/example_dags/example_task_group.py
[2024-09-13T02:55:34.016+0000] {processor.py:840} INFO - DAG(s) 'example_task_group' retrieved from /home/airflow/.local/lib/python3.8/site-packages/airflow/example_dags/example_task_group.py
[2024-09-13T02:55:34.028+0000] {logging_mixin.py:188} INFO - [2024-09-13T02:55:34.028+0000] {dag.py:3036} INFO - Sync 1 DAGs
[2024-09-13T02:55:34.040+0000] {logging_mixin.py:188} INFO - [2024-09-13T02:55:34.039+0000] {dag.py:3823} INFO - Setting next_dagrun for example_task_group to 2024-09-12 00:00:00+00:00, run_after=2024-09-13 00:00:00+00:00
[2024-09-13T02:55:34.049+0000] {processor.py:183} INFO - Processing /home/airflow/.local/lib/python3.8/site-packages/airflow/example_dags/example_task_group.py took 0.042 seconds
