[2024-09-13T02:38:43.820+0000] {processor.py:161} INFO - Started process (PID=336) to work on /home/airflow/.local/lib/python3.8/site-packages/airflow/example_dags/example_datasets.py
[2024-09-13T02:38:43.821+0000] {processor.py:830} INFO - Processing file /home/airflow/.local/lib/python3.8/site-packages/airflow/example_dags/example_datasets.py for tasks to queue
[2024-09-13T02:38:43.822+0000] {logging_mixin.py:188} INFO - [2024-09-13T02:38:43.822+0000] {dagbag.py:538} INFO - Filling up the DagBag from /home/airflow/.local/lib/python3.8/site-packages/airflow/example_dags/example_datasets.py
[2024-09-13T02:38:43.833+0000] {processor.py:840} INFO - DAG(s) 'dataset_consumes_1', 'dataset_produces_1', 'dataset_consumes_1_and_2', 'dataset_consumes_1_never_scheduled', 'dataset_produces_2', 'dataset_consumes_unknown_never_scheduled' retrieved from /home/airflow/.local/lib/python3.8/site-packages/airflow/example_dags/example_datasets.py
[2024-09-13T02:38:43.872+0000] {logging_mixin.py:188} INFO - [2024-09-13T02:38:43.872+0000] {dag.py:3036} INFO - Sync 6 DAGs
[2024-09-13T02:38:43.890+0000] {logging_mixin.py:188} INFO - [2024-09-13T02:38:43.890+0000] {dag.py:3823} INFO - Setting next_dagrun for dataset_consumes_1 to None, run_after=None
[2024-09-13T02:38:43.893+0000] {logging_mixin.py:188} INFO - [2024-09-13T02:38:43.893+0000] {dag.py:3823} INFO - Setting next_dagrun for dataset_consumes_1_and_2 to None, run_after=None
[2024-09-13T02:38:43.895+0000] {logging_mixin.py:188} INFO - [2024-09-13T02:38:43.895+0000] {dag.py:3823} INFO - Setting next_dagrun for dataset_consumes_1_never_scheduled to None, run_after=None
[2024-09-13T02:38:43.897+0000] {logging_mixin.py:188} INFO - [2024-09-13T02:38:43.897+0000] {dag.py:3823} INFO - Setting next_dagrun for dataset_consumes_unknown_never_scheduled to None, run_after=None
[2024-09-13T02:38:43.900+0000] {logging_mixin.py:188} INFO - [2024-09-13T02:38:43.900+0000] {dag.py:3823} INFO - Setting next_dagrun for dataset_produces_1 to 2024-09-12 00:00:00+00:00, run_after=2024-09-13 00:00:00+00:00
[2024-09-13T02:38:43.902+0000] {logging_mixin.py:188} INFO - [2024-09-13T02:38:43.902+0000] {dag.py:3823} INFO - Setting next_dagrun for dataset_produces_2 to None, run_after=None
[2024-09-13T02:38:43.939+0000] {processor.py:183} INFO - Processing /home/airflow/.local/lib/python3.8/site-packages/airflow/example_dags/example_datasets.py took 0.124 seconds
[2024-09-13T02:39:14.081+0000] {processor.py:161} INFO - Started process (PID=583) to work on /home/airflow/.local/lib/python3.8/site-packages/airflow/example_dags/example_datasets.py
[2024-09-13T02:39:14.082+0000] {processor.py:830} INFO - Processing file /home/airflow/.local/lib/python3.8/site-packages/airflow/example_dags/example_datasets.py for tasks to queue
[2024-09-13T02:39:14.087+0000] {logging_mixin.py:188} INFO - [2024-09-13T02:39:14.086+0000] {dagbag.py:538} INFO - Filling up the DagBag from /home/airflow/.local/lib/python3.8/site-packages/airflow/example_dags/example_datasets.py
[2024-09-13T02:39:14.092+0000] {processor.py:840} INFO - DAG(s) 'dataset_consumes_1', 'dataset_consumes_unknown_never_scheduled', 'dataset_consumes_1_never_scheduled', 'dataset_produces_2', 'dataset_consumes_1_and_2', 'dataset_produces_1' retrieved from /home/airflow/.local/lib/python3.8/site-packages/airflow/example_dags/example_datasets.py
[2024-09-13T02:39:14.114+0000] {logging_mixin.py:188} INFO - [2024-09-13T02:39:14.114+0000] {dag.py:3036} INFO - Sync 6 DAGs
[2024-09-13T02:39:14.127+0000] {logging_mixin.py:188} INFO - [2024-09-13T02:39:14.127+0000] {dag.py:3823} INFO - Setting next_dagrun for dataset_consumes_1 to None, run_after=None
[2024-09-13T02:39:14.129+0000] {logging_mixin.py:188} INFO - [2024-09-13T02:39:14.129+0000] {dag.py:3823} INFO - Setting next_dagrun for dataset_consumes_1_and_2 to None, run_after=None
[2024-09-13T02:39:14.130+0000] {logging_mixin.py:188} INFO - [2024-09-13T02:39:14.130+0000] {dag.py:3823} INFO - Setting next_dagrun for dataset_consumes_1_never_scheduled to None, run_after=None
[2024-09-13T02:39:14.131+0000] {logging_mixin.py:188} INFO - [2024-09-13T02:39:14.131+0000] {dag.py:3823} INFO - Setting next_dagrun for dataset_consumes_unknown_never_scheduled to None, run_after=None
[2024-09-13T02:39:14.133+0000] {logging_mixin.py:188} INFO - [2024-09-13T02:39:14.133+0000] {dag.py:3823} INFO - Setting next_dagrun for dataset_produces_1 to 2024-09-12 00:00:00+00:00, run_after=2024-09-13 00:00:00+00:00
[2024-09-13T02:39:14.133+0000] {logging_mixin.py:188} INFO - [2024-09-13T02:39:14.133+0000] {dag.py:3823} INFO - Setting next_dagrun for dataset_produces_2 to None, run_after=None
[2024-09-13T02:39:14.149+0000] {processor.py:183} INFO - Processing /home/airflow/.local/lib/python3.8/site-packages/airflow/example_dags/example_datasets.py took 0.070 seconds
[2024-09-13T02:39:44.823+0000] {processor.py:161} INFO - Started process (PID=830) to work on /home/airflow/.local/lib/python3.8/site-packages/airflow/example_dags/example_datasets.py
[2024-09-13T02:39:44.824+0000] {processor.py:830} INFO - Processing file /home/airflow/.local/lib/python3.8/site-packages/airflow/example_dags/example_datasets.py for tasks to queue
[2024-09-13T02:39:44.824+0000] {logging_mixin.py:188} INFO - [2024-09-13T02:39:44.824+0000] {dagbag.py:538} INFO - Filling up the DagBag from /home/airflow/.local/lib/python3.8/site-packages/airflow/example_dags/example_datasets.py
[2024-09-13T02:39:44.830+0000] {processor.py:840} INFO - DAG(s) 'dataset_consumes_1', 'dataset_consumes_unknown_never_scheduled', 'dataset_consumes_1_never_scheduled', 'dataset_produces_1', 'dataset_consumes_1_and_2', 'dataset_produces_2' retrieved from /home/airflow/.local/lib/python3.8/site-packages/airflow/example_dags/example_datasets.py
[2024-09-13T02:39:44.848+0000] {logging_mixin.py:188} INFO - [2024-09-13T02:39:44.848+0000] {dag.py:3036} INFO - Sync 6 DAGs
[2024-09-13T02:39:44.860+0000] {logging_mixin.py:188} INFO - [2024-09-13T02:39:44.860+0000] {dag.py:3823} INFO - Setting next_dagrun for dataset_consumes_1 to None, run_after=None
[2024-09-13T02:39:44.862+0000] {logging_mixin.py:188} INFO - [2024-09-13T02:39:44.862+0000] {dag.py:3823} INFO - Setting next_dagrun for dataset_consumes_1_and_2 to None, run_after=None
[2024-09-13T02:39:44.863+0000] {logging_mixin.py:188} INFO - [2024-09-13T02:39:44.863+0000] {dag.py:3823} INFO - Setting next_dagrun for dataset_consumes_1_never_scheduled to None, run_after=None
[2024-09-13T02:39:44.864+0000] {logging_mixin.py:188} INFO - [2024-09-13T02:39:44.863+0000] {dag.py:3823} INFO - Setting next_dagrun for dataset_consumes_unknown_never_scheduled to None, run_after=None
[2024-09-13T02:39:44.865+0000] {logging_mixin.py:188} INFO - [2024-09-13T02:39:44.865+0000] {dag.py:3823} INFO - Setting next_dagrun for dataset_produces_1 to 2024-09-12 00:00:00+00:00, run_after=2024-09-13 00:00:00+00:00
[2024-09-13T02:39:44.866+0000] {logging_mixin.py:188} INFO - [2024-09-13T02:39:44.866+0000] {dag.py:3823} INFO - Setting next_dagrun for dataset_produces_2 to None, run_after=None
[2024-09-13T02:39:44.889+0000] {processor.py:183} INFO - Processing /home/airflow/.local/lib/python3.8/site-packages/airflow/example_dags/example_datasets.py took 0.068 seconds
[2024-09-13T02:40:15.968+0000] {processor.py:161} INFO - Started process (PID=1078) to work on /home/airflow/.local/lib/python3.8/site-packages/airflow/example_dags/example_datasets.py
[2024-09-13T02:40:15.969+0000] {processor.py:830} INFO - Processing file /home/airflow/.local/lib/python3.8/site-packages/airflow/example_dags/example_datasets.py for tasks to queue
[2024-09-13T02:40:15.970+0000] {logging_mixin.py:188} INFO - [2024-09-13T02:40:15.969+0000] {dagbag.py:538} INFO - Filling up the DagBag from /home/airflow/.local/lib/python3.8/site-packages/airflow/example_dags/example_datasets.py
[2024-09-13T02:40:15.975+0000] {processor.py:840} INFO - DAG(s) 'dataset_consumes_1_never_scheduled', 'dataset_consumes_1_and_2', 'dataset_produces_2', 'dataset_consumes_unknown_never_scheduled', 'dataset_consumes_1', 'dataset_produces_1' retrieved from /home/airflow/.local/lib/python3.8/site-packages/airflow/example_dags/example_datasets.py
[2024-09-13T02:40:15.994+0000] {logging_mixin.py:188} INFO - [2024-09-13T02:40:15.994+0000] {dag.py:3036} INFO - Sync 6 DAGs
[2024-09-13T02:40:16.005+0000] {logging_mixin.py:188} INFO - [2024-09-13T02:40:16.005+0000] {dag.py:3823} INFO - Setting next_dagrun for dataset_consumes_1 to None, run_after=None
[2024-09-13T02:40:16.007+0000] {logging_mixin.py:188} INFO - [2024-09-13T02:40:16.007+0000] {dag.py:3823} INFO - Setting next_dagrun for dataset_consumes_1_and_2 to None, run_after=None
[2024-09-13T02:40:16.008+0000] {logging_mixin.py:188} INFO - [2024-09-13T02:40:16.008+0000] {dag.py:3823} INFO - Setting next_dagrun for dataset_consumes_1_never_scheduled to None, run_after=None
[2024-09-13T02:40:16.009+0000] {logging_mixin.py:188} INFO - [2024-09-13T02:40:16.008+0000] {dag.py:3823} INFO - Setting next_dagrun for dataset_consumes_unknown_never_scheduled to None, run_after=None
[2024-09-13T02:40:16.010+0000] {logging_mixin.py:188} INFO - [2024-09-13T02:40:16.010+0000] {dag.py:3823} INFO - Setting next_dagrun for dataset_produces_1 to 2024-09-12 00:00:00+00:00, run_after=2024-09-13 00:00:00+00:00
[2024-09-13T02:40:16.011+0000] {logging_mixin.py:188} INFO - [2024-09-13T02:40:16.011+0000] {dag.py:3823} INFO - Setting next_dagrun for dataset_produces_2 to None, run_after=None
[2024-09-13T02:40:16.026+0000] {processor.py:183} INFO - Processing /home/airflow/.local/lib/python3.8/site-packages/airflow/example_dags/example_datasets.py took 0.060 seconds
[2024-09-13T02:40:46.065+0000] {processor.py:161} INFO - Started process (PID=1323) to work on /home/airflow/.local/lib/python3.8/site-packages/airflow/example_dags/example_datasets.py
[2024-09-13T02:40:46.066+0000] {processor.py:830} INFO - Processing file /home/airflow/.local/lib/python3.8/site-packages/airflow/example_dags/example_datasets.py for tasks to queue
[2024-09-13T02:40:46.067+0000] {logging_mixin.py:188} INFO - [2024-09-13T02:40:46.067+0000] {dagbag.py:538} INFO - Filling up the DagBag from /home/airflow/.local/lib/python3.8/site-packages/airflow/example_dags/example_datasets.py
[2024-09-13T02:40:46.073+0000] {processor.py:840} INFO - DAG(s) 'dataset_consumes_1_never_scheduled', 'dataset_consumes_1_and_2', 'dataset_consumes_unknown_never_scheduled', 'dataset_consumes_1', 'dataset_produces_2', 'dataset_produces_1' retrieved from /home/airflow/.local/lib/python3.8/site-packages/airflow/example_dags/example_datasets.py
[2024-09-13T02:40:46.092+0000] {logging_mixin.py:188} INFO - [2024-09-13T02:40:46.092+0000] {dag.py:3036} INFO - Sync 6 DAGs
[2024-09-13T02:40:46.105+0000] {logging_mixin.py:188} INFO - [2024-09-13T02:40:46.105+0000] {dag.py:3823} INFO - Setting next_dagrun for dataset_consumes_1 to None, run_after=None
[2024-09-13T02:40:46.107+0000] {logging_mixin.py:188} INFO - [2024-09-13T02:40:46.107+0000] {dag.py:3823} INFO - Setting next_dagrun for dataset_consumes_1_and_2 to None, run_after=None
[2024-09-13T02:40:46.108+0000] {logging_mixin.py:188} INFO - [2024-09-13T02:40:46.108+0000] {dag.py:3823} INFO - Setting next_dagrun for dataset_consumes_1_never_scheduled to None, run_after=None
[2024-09-13T02:40:46.108+0000] {logging_mixin.py:188} INFO - [2024-09-13T02:40:46.108+0000] {dag.py:3823} INFO - Setting next_dagrun for dataset_consumes_unknown_never_scheduled to None, run_after=None
[2024-09-13T02:40:46.110+0000] {logging_mixin.py:188} INFO - [2024-09-13T02:40:46.110+0000] {dag.py:3823} INFO - Setting next_dagrun for dataset_produces_1 to 2024-09-12 00:00:00+00:00, run_after=2024-09-13 00:00:00+00:00
[2024-09-13T02:40:46.111+0000] {logging_mixin.py:188} INFO - [2024-09-13T02:40:46.111+0000] {dag.py:3823} INFO - Setting next_dagrun for dataset_produces_2 to None, run_after=None
[2024-09-13T02:40:46.125+0000] {processor.py:183} INFO - Processing /home/airflow/.local/lib/python3.8/site-packages/airflow/example_dags/example_datasets.py took 0.062 seconds
[2024-09-13T02:41:16.179+0000] {processor.py:161} INFO - Started process (PID=1572) to work on /home/airflow/.local/lib/python3.8/site-packages/airflow/example_dags/example_datasets.py
[2024-09-13T02:41:16.179+0000] {processor.py:830} INFO - Processing file /home/airflow/.local/lib/python3.8/site-packages/airflow/example_dags/example_datasets.py for tasks to queue
[2024-09-13T02:41:16.180+0000] {logging_mixin.py:188} INFO - [2024-09-13T02:41:16.180+0000] {dagbag.py:538} INFO - Filling up the DagBag from /home/airflow/.local/lib/python3.8/site-packages/airflow/example_dags/example_datasets.py
[2024-09-13T02:41:16.186+0000] {processor.py:840} INFO - DAG(s) 'dataset_consumes_1', 'dataset_consumes_1_and_2', 'dataset_produces_1', 'dataset_produces_2', 'dataset_consumes_unknown_never_scheduled', 'dataset_consumes_1_never_scheduled' retrieved from /home/airflow/.local/lib/python3.8/site-packages/airflow/example_dags/example_datasets.py
[2024-09-13T02:41:16.205+0000] {logging_mixin.py:188} INFO - [2024-09-13T02:41:16.205+0000] {dag.py:3036} INFO - Sync 6 DAGs
[2024-09-13T02:41:16.217+0000] {logging_mixin.py:188} INFO - [2024-09-13T02:41:16.217+0000] {dag.py:3823} INFO - Setting next_dagrun for dataset_consumes_1 to None, run_after=None
[2024-09-13T02:41:16.219+0000] {logging_mixin.py:188} INFO - [2024-09-13T02:41:16.219+0000] {dag.py:3823} INFO - Setting next_dagrun for dataset_consumes_1_and_2 to None, run_after=None
[2024-09-13T02:41:16.220+0000] {logging_mixin.py:188} INFO - [2024-09-13T02:41:16.220+0000] {dag.py:3823} INFO - Setting next_dagrun for dataset_consumes_1_never_scheduled to None, run_after=None
[2024-09-13T02:41:16.221+0000] {logging_mixin.py:188} INFO - [2024-09-13T02:41:16.221+0000] {dag.py:3823} INFO - Setting next_dagrun for dataset_consumes_unknown_never_scheduled to None, run_after=None
[2024-09-13T02:41:16.223+0000] {logging_mixin.py:188} INFO - [2024-09-13T02:41:16.223+0000] {dag.py:3823} INFO - Setting next_dagrun for dataset_produces_1 to 2024-09-12 00:00:00+00:00, run_after=2024-09-13 00:00:00+00:00
[2024-09-13T02:41:16.224+0000] {logging_mixin.py:188} INFO - [2024-09-13T02:41:16.224+0000] {dag.py:3823} INFO - Setting next_dagrun for dataset_produces_2 to None, run_after=None
[2024-09-13T02:41:16.240+0000] {processor.py:183} INFO - Processing /home/airflow/.local/lib/python3.8/site-packages/airflow/example_dags/example_datasets.py took 0.063 seconds
[2024-09-13T02:41:46.938+0000] {processor.py:161} INFO - Started process (PID=1816) to work on /home/airflow/.local/lib/python3.8/site-packages/airflow/example_dags/example_datasets.py
[2024-09-13T02:41:46.939+0000] {processor.py:830} INFO - Processing file /home/airflow/.local/lib/python3.8/site-packages/airflow/example_dags/example_datasets.py for tasks to queue
[2024-09-13T02:41:46.940+0000] {logging_mixin.py:188} INFO - [2024-09-13T02:41:46.940+0000] {dagbag.py:538} INFO - Filling up the DagBag from /home/airflow/.local/lib/python3.8/site-packages/airflow/example_dags/example_datasets.py
[2024-09-13T02:41:46.947+0000] {processor.py:840} INFO - DAG(s) 'dataset_consumes_unknown_never_scheduled', 'dataset_produces_1', 'dataset_consumes_1_never_scheduled', 'dataset_consumes_1', 'dataset_consumes_1_and_2', 'dataset_produces_2' retrieved from /home/airflow/.local/lib/python3.8/site-packages/airflow/example_dags/example_datasets.py
[2024-09-13T02:41:46.970+0000] {logging_mixin.py:188} INFO - [2024-09-13T02:41:46.970+0000] {dag.py:3036} INFO - Sync 6 DAGs
[2024-09-13T02:41:46.985+0000] {logging_mixin.py:188} INFO - [2024-09-13T02:41:46.985+0000] {dag.py:3823} INFO - Setting next_dagrun for dataset_consumes_1 to None, run_after=None
[2024-09-13T02:41:46.988+0000] {logging_mixin.py:188} INFO - [2024-09-13T02:41:46.987+0000] {dag.py:3823} INFO - Setting next_dagrun for dataset_consumes_1_and_2 to None, run_after=None
[2024-09-13T02:41:46.989+0000] {logging_mixin.py:188} INFO - [2024-09-13T02:41:46.989+0000] {dag.py:3823} INFO - Setting next_dagrun for dataset_consumes_1_never_scheduled to None, run_after=None
[2024-09-13T02:41:46.989+0000] {logging_mixin.py:188} INFO - [2024-09-13T02:41:46.989+0000] {dag.py:3823} INFO - Setting next_dagrun for dataset_consumes_unknown_never_scheduled to None, run_after=None
[2024-09-13T02:41:46.991+0000] {logging_mixin.py:188} INFO - [2024-09-13T02:41:46.991+0000] {dag.py:3823} INFO - Setting next_dagrun for dataset_produces_1 to 2024-09-12 00:00:00+00:00, run_after=2024-09-13 00:00:00+00:00
[2024-09-13T02:41:46.992+0000] {logging_mixin.py:188} INFO - [2024-09-13T02:41:46.992+0000] {dag.py:3823} INFO - Setting next_dagrun for dataset_produces_2 to None, run_after=None
[2024-09-13T02:41:47.009+0000] {processor.py:183} INFO - Processing /home/airflow/.local/lib/python3.8/site-packages/airflow/example_dags/example_datasets.py took 0.073 seconds
[2024-09-13T02:42:17.554+0000] {processor.py:161} INFO - Started process (PID=2063) to work on /home/airflow/.local/lib/python3.8/site-packages/airflow/example_dags/example_datasets.py
[2024-09-13T02:42:17.555+0000] {processor.py:830} INFO - Processing file /home/airflow/.local/lib/python3.8/site-packages/airflow/example_dags/example_datasets.py for tasks to queue
[2024-09-13T02:42:17.555+0000] {logging_mixin.py:188} INFO - [2024-09-13T02:42:17.555+0000] {dagbag.py:538} INFO - Filling up the DagBag from /home/airflow/.local/lib/python3.8/site-packages/airflow/example_dags/example_datasets.py
[2024-09-13T02:42:17.561+0000] {processor.py:840} INFO - DAG(s) 'dataset_consumes_1_never_scheduled', 'dataset_consumes_unknown_never_scheduled', 'dataset_consumes_1_and_2', 'dataset_consumes_1', 'dataset_produces_2', 'dataset_produces_1' retrieved from /home/airflow/.local/lib/python3.8/site-packages/airflow/example_dags/example_datasets.py
[2024-09-13T02:42:17.580+0000] {logging_mixin.py:188} INFO - [2024-09-13T02:42:17.580+0000] {dag.py:3036} INFO - Sync 6 DAGs
[2024-09-13T02:42:17.592+0000] {logging_mixin.py:188} INFO - [2024-09-13T02:42:17.592+0000] {dag.py:3823} INFO - Setting next_dagrun for dataset_consumes_1 to None, run_after=None
[2024-09-13T02:42:17.595+0000] {logging_mixin.py:188} INFO - [2024-09-13T02:42:17.595+0000] {dag.py:3823} INFO - Setting next_dagrun for dataset_consumes_1_and_2 to None, run_after=None
[2024-09-13T02:42:17.596+0000] {logging_mixin.py:188} INFO - [2024-09-13T02:42:17.596+0000] {dag.py:3823} INFO - Setting next_dagrun for dataset_consumes_1_never_scheduled to None, run_after=None
[2024-09-13T02:42:17.596+0000] {logging_mixin.py:188} INFO - [2024-09-13T02:42:17.596+0000] {dag.py:3823} INFO - Setting next_dagrun for dataset_consumes_unknown_never_scheduled to None, run_after=None
[2024-09-13T02:42:17.598+0000] {logging_mixin.py:188} INFO - [2024-09-13T02:42:17.598+0000] {dag.py:3823} INFO - Setting next_dagrun for dataset_produces_1 to 2024-09-12 00:00:00+00:00, run_after=2024-09-13 00:00:00+00:00
[2024-09-13T02:42:17.599+0000] {logging_mixin.py:188} INFO - [2024-09-13T02:42:17.599+0000] {dag.py:3823} INFO - Setting next_dagrun for dataset_produces_2 to None, run_after=None
[2024-09-13T02:42:17.616+0000] {processor.py:183} INFO - Processing /home/airflow/.local/lib/python3.8/site-packages/airflow/example_dags/example_datasets.py took 0.064 seconds
[2024-09-13T02:42:48.487+0000] {processor.py:161} INFO - Started process (PID=2310) to work on /home/airflow/.local/lib/python3.8/site-packages/airflow/example_dags/example_datasets.py
[2024-09-13T02:42:48.487+0000] {processor.py:830} INFO - Processing file /home/airflow/.local/lib/python3.8/site-packages/airflow/example_dags/example_datasets.py for tasks to queue
[2024-09-13T02:42:48.488+0000] {logging_mixin.py:188} INFO - [2024-09-13T02:42:48.488+0000] {dagbag.py:538} INFO - Filling up the DagBag from /home/airflow/.local/lib/python3.8/site-packages/airflow/example_dags/example_datasets.py
[2024-09-13T02:42:48.494+0000] {processor.py:840} INFO - DAG(s) 'dataset_produces_2', 'dataset_consumes_1', 'dataset_consumes_unknown_never_scheduled', 'dataset_produces_1', 'dataset_consumes_1_and_2', 'dataset_consumes_1_never_scheduled' retrieved from /home/airflow/.local/lib/python3.8/site-packages/airflow/example_dags/example_datasets.py
[2024-09-13T02:42:48.513+0000] {logging_mixin.py:188} INFO - [2024-09-13T02:42:48.513+0000] {dag.py:3036} INFO - Sync 6 DAGs
[2024-09-13T02:42:48.526+0000] {logging_mixin.py:188} INFO - [2024-09-13T02:42:48.526+0000] {dag.py:3823} INFO - Setting next_dagrun for dataset_consumes_1 to None, run_after=None
[2024-09-13T02:42:48.528+0000] {logging_mixin.py:188} INFO - [2024-09-13T02:42:48.528+0000] {dag.py:3823} INFO - Setting next_dagrun for dataset_consumes_1_and_2 to None, run_after=None
[2024-09-13T02:42:48.529+0000] {logging_mixin.py:188} INFO - [2024-09-13T02:42:48.529+0000] {dag.py:3823} INFO - Setting next_dagrun for dataset_consumes_1_never_scheduled to None, run_after=None
[2024-09-13T02:42:48.529+0000] {logging_mixin.py:188} INFO - [2024-09-13T02:42:48.529+0000] {dag.py:3823} INFO - Setting next_dagrun for dataset_consumes_unknown_never_scheduled to None, run_after=None
[2024-09-13T02:42:48.531+0000] {logging_mixin.py:188} INFO - [2024-09-13T02:42:48.531+0000] {dag.py:3823} INFO - Setting next_dagrun for dataset_produces_1 to 2024-09-12 00:00:00+00:00, run_after=2024-09-13 00:00:00+00:00
[2024-09-13T02:42:48.532+0000] {logging_mixin.py:188} INFO - [2024-09-13T02:42:48.532+0000] {dag.py:3823} INFO - Setting next_dagrun for dataset_produces_2 to None, run_after=None
[2024-09-13T02:42:48.547+0000] {processor.py:183} INFO - Processing /home/airflow/.local/lib/python3.8/site-packages/airflow/example_dags/example_datasets.py took 0.063 seconds
[2024-09-13T02:43:19.519+0000] {processor.py:161} INFO - Started process (PID=2557) to work on /home/airflow/.local/lib/python3.8/site-packages/airflow/example_dags/example_datasets.py
[2024-09-13T02:43:19.520+0000] {processor.py:830} INFO - Processing file /home/airflow/.local/lib/python3.8/site-packages/airflow/example_dags/example_datasets.py for tasks to queue
[2024-09-13T02:43:19.520+0000] {logging_mixin.py:188} INFO - [2024-09-13T02:43:19.520+0000] {dagbag.py:538} INFO - Filling up the DagBag from /home/airflow/.local/lib/python3.8/site-packages/airflow/example_dags/example_datasets.py
[2024-09-13T02:43:19.527+0000] {processor.py:840} INFO - DAG(s) 'dataset_consumes_unknown_never_scheduled', 'dataset_produces_2', 'dataset_consumes_1', 'dataset_produces_1', 'dataset_consumes_1_never_scheduled', 'dataset_consumes_1_and_2' retrieved from /home/airflow/.local/lib/python3.8/site-packages/airflow/example_dags/example_datasets.py
[2024-09-13T02:43:19.550+0000] {logging_mixin.py:188} INFO - [2024-09-13T02:43:19.549+0000] {dag.py:3036} INFO - Sync 6 DAGs
[2024-09-13T02:43:19.564+0000] {logging_mixin.py:188} INFO - [2024-09-13T02:43:19.564+0000] {dag.py:3823} INFO - Setting next_dagrun for dataset_consumes_1 to None, run_after=None
[2024-09-13T02:43:19.567+0000] {logging_mixin.py:188} INFO - [2024-09-13T02:43:19.567+0000] {dag.py:3823} INFO - Setting next_dagrun for dataset_consumes_1_and_2 to None, run_after=None
[2024-09-13T02:43:19.568+0000] {logging_mixin.py:188} INFO - [2024-09-13T02:43:19.568+0000] {dag.py:3823} INFO - Setting next_dagrun for dataset_consumes_1_never_scheduled to None, run_after=None
[2024-09-13T02:43:19.569+0000] {logging_mixin.py:188} INFO - [2024-09-13T02:43:19.568+0000] {dag.py:3823} INFO - Setting next_dagrun for dataset_consumes_unknown_never_scheduled to None, run_after=None
[2024-09-13T02:43:19.570+0000] {logging_mixin.py:188} INFO - [2024-09-13T02:43:19.570+0000] {dag.py:3823} INFO - Setting next_dagrun for dataset_produces_1 to 2024-09-12 00:00:00+00:00, run_after=2024-09-13 00:00:00+00:00
[2024-09-13T02:43:19.571+0000] {logging_mixin.py:188} INFO - [2024-09-13T02:43:19.571+0000] {dag.py:3823} INFO - Setting next_dagrun for dataset_produces_2 to None, run_after=None
[2024-09-13T02:43:19.591+0000] {processor.py:183} INFO - Processing /home/airflow/.local/lib/python3.8/site-packages/airflow/example_dags/example_datasets.py took 0.075 seconds
[2024-09-13T02:43:50.248+0000] {processor.py:161} INFO - Started process (PID=2804) to work on /home/airflow/.local/lib/python3.8/site-packages/airflow/example_dags/example_datasets.py
[2024-09-13T02:43:50.249+0000] {processor.py:830} INFO - Processing file /home/airflow/.local/lib/python3.8/site-packages/airflow/example_dags/example_datasets.py for tasks to queue
[2024-09-13T02:43:50.249+0000] {logging_mixin.py:188} INFO - [2024-09-13T02:43:50.249+0000] {dagbag.py:538} INFO - Filling up the DagBag from /home/airflow/.local/lib/python3.8/site-packages/airflow/example_dags/example_datasets.py
[2024-09-13T02:43:50.256+0000] {processor.py:840} INFO - DAG(s) 'dataset_consumes_1', 'dataset_consumes_unknown_never_scheduled', 'dataset_consumes_1_never_scheduled', 'dataset_produces_2', 'dataset_consumes_1_and_2', 'dataset_produces_1' retrieved from /home/airflow/.local/lib/python3.8/site-packages/airflow/example_dags/example_datasets.py
[2024-09-13T02:43:50.286+0000] {logging_mixin.py:188} INFO - [2024-09-13T02:43:50.286+0000] {dag.py:3036} INFO - Sync 6 DAGs
[2024-09-13T02:43:50.301+0000] {logging_mixin.py:188} INFO - [2024-09-13T02:43:50.301+0000] {dag.py:3823} INFO - Setting next_dagrun for dataset_consumes_1 to None, run_after=None
[2024-09-13T02:43:50.304+0000] {logging_mixin.py:188} INFO - [2024-09-13T02:43:50.304+0000] {dag.py:3823} INFO - Setting next_dagrun for dataset_consumes_1_and_2 to None, run_after=None
[2024-09-13T02:43:50.305+0000] {logging_mixin.py:188} INFO - [2024-09-13T02:43:50.305+0000] {dag.py:3823} INFO - Setting next_dagrun for dataset_consumes_1_never_scheduled to None, run_after=None
[2024-09-13T02:43:50.306+0000] {logging_mixin.py:188} INFO - [2024-09-13T02:43:50.306+0000] {dag.py:3823} INFO - Setting next_dagrun for dataset_consumes_unknown_never_scheduled to None, run_after=None
[2024-09-13T02:43:50.308+0000] {logging_mixin.py:188} INFO - [2024-09-13T02:43:50.307+0000] {dag.py:3823} INFO - Setting next_dagrun for dataset_produces_1 to 2024-09-12 00:00:00+00:00, run_after=2024-09-13 00:00:00+00:00
[2024-09-13T02:43:50.309+0000] {logging_mixin.py:188} INFO - [2024-09-13T02:43:50.309+0000] {dag.py:3823} INFO - Setting next_dagrun for dataset_produces_2 to None, run_after=None
[2024-09-13T02:43:50.329+0000] {processor.py:183} INFO - Processing /home/airflow/.local/lib/python3.8/site-packages/airflow/example_dags/example_datasets.py took 0.084 seconds
[2024-09-13T02:44:20.960+0000] {processor.py:161} INFO - Started process (PID=3051) to work on /home/airflow/.local/lib/python3.8/site-packages/airflow/example_dags/example_datasets.py
[2024-09-13T02:44:20.960+0000] {processor.py:830} INFO - Processing file /home/airflow/.local/lib/python3.8/site-packages/airflow/example_dags/example_datasets.py for tasks to queue
[2024-09-13T02:44:20.961+0000] {logging_mixin.py:188} INFO - [2024-09-13T02:44:20.961+0000] {dagbag.py:538} INFO - Filling up the DagBag from /home/airflow/.local/lib/python3.8/site-packages/airflow/example_dags/example_datasets.py
[2024-09-13T02:44:20.968+0000] {processor.py:840} INFO - DAG(s) 'dataset_consumes_1_and_2', 'dataset_produces_1', 'dataset_consumes_1', 'dataset_consumes_unknown_never_scheduled', 'dataset_consumes_1_never_scheduled', 'dataset_produces_2' retrieved from /home/airflow/.local/lib/python3.8/site-packages/airflow/example_dags/example_datasets.py
[2024-09-13T02:44:20.989+0000] {logging_mixin.py:188} INFO - [2024-09-13T02:44:20.989+0000] {dag.py:3036} INFO - Sync 6 DAGs
[2024-09-13T02:44:21.003+0000] {logging_mixin.py:188} INFO - [2024-09-13T02:44:21.003+0000] {dag.py:3823} INFO - Setting next_dagrun for dataset_consumes_1 to None, run_after=None
[2024-09-13T02:44:21.005+0000] {logging_mixin.py:188} INFO - [2024-09-13T02:44:21.005+0000] {dag.py:3823} INFO - Setting next_dagrun for dataset_consumes_1_and_2 to None, run_after=None
[2024-09-13T02:44:21.006+0000] {logging_mixin.py:188} INFO - [2024-09-13T02:44:21.006+0000] {dag.py:3823} INFO - Setting next_dagrun for dataset_consumes_1_never_scheduled to None, run_after=None
[2024-09-13T02:44:21.007+0000] {logging_mixin.py:188} INFO - [2024-09-13T02:44:21.007+0000] {dag.py:3823} INFO - Setting next_dagrun for dataset_consumes_unknown_never_scheduled to None, run_after=None
[2024-09-13T02:44:21.009+0000] {logging_mixin.py:188} INFO - [2024-09-13T02:44:21.009+0000] {dag.py:3823} INFO - Setting next_dagrun for dataset_produces_1 to 2024-09-12 00:00:00+00:00, run_after=2024-09-13 00:00:00+00:00
[2024-09-13T02:44:21.010+0000] {logging_mixin.py:188} INFO - [2024-09-13T02:44:21.010+0000] {dag.py:3823} INFO - Setting next_dagrun for dataset_produces_2 to None, run_after=None
[2024-09-13T02:44:21.028+0000] {processor.py:183} INFO - Processing /home/airflow/.local/lib/python3.8/site-packages/airflow/example_dags/example_datasets.py took 0.071 seconds
[2024-09-13T02:44:51.704+0000] {processor.py:161} INFO - Started process (PID=3298) to work on /home/airflow/.local/lib/python3.8/site-packages/airflow/example_dags/example_datasets.py
[2024-09-13T02:44:51.704+0000] {processor.py:830} INFO - Processing file /home/airflow/.local/lib/python3.8/site-packages/airflow/example_dags/example_datasets.py for tasks to queue
[2024-09-13T02:44:51.705+0000] {logging_mixin.py:188} INFO - [2024-09-13T02:44:51.705+0000] {dagbag.py:538} INFO - Filling up the DagBag from /home/airflow/.local/lib/python3.8/site-packages/airflow/example_dags/example_datasets.py
[2024-09-13T02:44:51.710+0000] {processor.py:840} INFO - DAG(s) 'dataset_consumes_1_never_scheduled', 'dataset_produces_1', 'dataset_produces_2', 'dataset_consumes_1_and_2', 'dataset_consumes_1', 'dataset_consumes_unknown_never_scheduled' retrieved from /home/airflow/.local/lib/python3.8/site-packages/airflow/example_dags/example_datasets.py
[2024-09-13T02:44:51.730+0000] {logging_mixin.py:188} INFO - [2024-09-13T02:44:51.730+0000] {dag.py:3036} INFO - Sync 6 DAGs
[2024-09-13T02:44:51.743+0000] {logging_mixin.py:188} INFO - [2024-09-13T02:44:51.743+0000] {dag.py:3823} INFO - Setting next_dagrun for dataset_consumes_1 to None, run_after=None
[2024-09-13T02:44:51.745+0000] {logging_mixin.py:188} INFO - [2024-09-13T02:44:51.745+0000] {dag.py:3823} INFO - Setting next_dagrun for dataset_consumes_1_and_2 to None, run_after=None
[2024-09-13T02:44:51.746+0000] {logging_mixin.py:188} INFO - [2024-09-13T02:44:51.746+0000] {dag.py:3823} INFO - Setting next_dagrun for dataset_consumes_1_never_scheduled to None, run_after=None
[2024-09-13T02:44:51.747+0000] {logging_mixin.py:188} INFO - [2024-09-13T02:44:51.747+0000] {dag.py:3823} INFO - Setting next_dagrun for dataset_consumes_unknown_never_scheduled to None, run_after=None
[2024-09-13T02:44:51.749+0000] {logging_mixin.py:188} INFO - [2024-09-13T02:44:51.749+0000] {dag.py:3823} INFO - Setting next_dagrun for dataset_produces_1 to 2024-09-12 00:00:00+00:00, run_after=2024-09-13 00:00:00+00:00
[2024-09-13T02:44:51.750+0000] {logging_mixin.py:188} INFO - [2024-09-13T02:44:51.750+0000] {dag.py:3823} INFO - Setting next_dagrun for dataset_produces_2 to None, run_after=None
[2024-09-13T02:44:51.767+0000] {processor.py:183} INFO - Processing /home/airflow/.local/lib/python3.8/site-packages/airflow/example_dags/example_datasets.py took 0.065 seconds
[2024-09-13T02:45:22.437+0000] {processor.py:161} INFO - Started process (PID=3545) to work on /home/airflow/.local/lib/python3.8/site-packages/airflow/example_dags/example_datasets.py
[2024-09-13T02:45:22.438+0000] {processor.py:830} INFO - Processing file /home/airflow/.local/lib/python3.8/site-packages/airflow/example_dags/example_datasets.py for tasks to queue
[2024-09-13T02:45:22.439+0000] {logging_mixin.py:188} INFO - [2024-09-13T02:45:22.439+0000] {dagbag.py:538} INFO - Filling up the DagBag from /home/airflow/.local/lib/python3.8/site-packages/airflow/example_dags/example_datasets.py
[2024-09-13T02:45:22.445+0000] {processor.py:840} INFO - DAG(s) 'dataset_consumes_1_and_2', 'dataset_produces_2', 'dataset_produces_1', 'dataset_consumes_1_never_scheduled', 'dataset_consumes_1', 'dataset_consumes_unknown_never_scheduled' retrieved from /home/airflow/.local/lib/python3.8/site-packages/airflow/example_dags/example_datasets.py
[2024-09-13T02:45:22.472+0000] {logging_mixin.py:188} INFO - [2024-09-13T02:45:22.471+0000] {dag.py:3036} INFO - Sync 6 DAGs
[2024-09-13T02:45:22.486+0000] {logging_mixin.py:188} INFO - [2024-09-13T02:45:22.485+0000] {dag.py:3823} INFO - Setting next_dagrun for dataset_consumes_1 to None, run_after=None
[2024-09-13T02:45:22.488+0000] {logging_mixin.py:188} INFO - [2024-09-13T02:45:22.488+0000] {dag.py:3823} INFO - Setting next_dagrun for dataset_consumes_1_and_2 to None, run_after=None
[2024-09-13T02:45:22.489+0000] {logging_mixin.py:188} INFO - [2024-09-13T02:45:22.489+0000] {dag.py:3823} INFO - Setting next_dagrun for dataset_consumes_1_never_scheduled to None, run_after=None
[2024-09-13T02:45:22.489+0000] {logging_mixin.py:188} INFO - [2024-09-13T02:45:22.489+0000] {dag.py:3823} INFO - Setting next_dagrun for dataset_consumes_unknown_never_scheduled to None, run_after=None
[2024-09-13T02:45:22.491+0000] {logging_mixin.py:188} INFO - [2024-09-13T02:45:22.491+0000] {dag.py:3823} INFO - Setting next_dagrun for dataset_produces_1 to 2024-09-12 00:00:00+00:00, run_after=2024-09-13 00:00:00+00:00
[2024-09-13T02:45:22.492+0000] {logging_mixin.py:188} INFO - [2024-09-13T02:45:22.492+0000] {dag.py:3823} INFO - Setting next_dagrun for dataset_produces_2 to None, run_after=None
[2024-09-13T02:45:22.513+0000] {processor.py:183} INFO - Processing /home/airflow/.local/lib/python3.8/site-packages/airflow/example_dags/example_datasets.py took 0.079 seconds
[2024-09-13T02:45:52.682+0000] {processor.py:161} INFO - Started process (PID=3792) to work on /home/airflow/.local/lib/python3.8/site-packages/airflow/example_dags/example_datasets.py
[2024-09-13T02:45:52.683+0000] {processor.py:830} INFO - Processing file /home/airflow/.local/lib/python3.8/site-packages/airflow/example_dags/example_datasets.py for tasks to queue
[2024-09-13T02:45:52.683+0000] {logging_mixin.py:188} INFO - [2024-09-13T02:45:52.683+0000] {dagbag.py:538} INFO - Filling up the DagBag from /home/airflow/.local/lib/python3.8/site-packages/airflow/example_dags/example_datasets.py
[2024-09-13T02:45:52.689+0000] {processor.py:840} INFO - DAG(s) 'dataset_produces_1', 'dataset_consumes_1_never_scheduled', 'dataset_consumes_1_and_2', 'dataset_consumes_unknown_never_scheduled', 'dataset_produces_2', 'dataset_consumes_1' retrieved from /home/airflow/.local/lib/python3.8/site-packages/airflow/example_dags/example_datasets.py
[2024-09-13T02:45:52.711+0000] {logging_mixin.py:188} INFO - [2024-09-13T02:45:52.711+0000] {dag.py:3036} INFO - Sync 6 DAGs
[2024-09-13T02:45:52.726+0000] {logging_mixin.py:188} INFO - [2024-09-13T02:45:52.726+0000] {dag.py:3823} INFO - Setting next_dagrun for dataset_consumes_1 to None, run_after=None
[2024-09-13T02:45:52.729+0000] {logging_mixin.py:188} INFO - [2024-09-13T02:45:52.729+0000] {dag.py:3823} INFO - Setting next_dagrun for dataset_consumes_1_and_2 to None, run_after=None
[2024-09-13T02:45:52.730+0000] {logging_mixin.py:188} INFO - [2024-09-13T02:45:52.730+0000] {dag.py:3823} INFO - Setting next_dagrun for dataset_consumes_1_never_scheduled to None, run_after=None
[2024-09-13T02:45:52.732+0000] {logging_mixin.py:188} INFO - [2024-09-13T02:45:52.731+0000] {dag.py:3823} INFO - Setting next_dagrun for dataset_consumes_unknown_never_scheduled to None, run_after=None
[2024-09-13T02:45:52.733+0000] {logging_mixin.py:188} INFO - [2024-09-13T02:45:52.733+0000] {dag.py:3823} INFO - Setting next_dagrun for dataset_produces_1 to 2024-09-12 00:00:00+00:00, run_after=2024-09-13 00:00:00+00:00
[2024-09-13T02:45:52.735+0000] {logging_mixin.py:188} INFO - [2024-09-13T02:45:52.735+0000] {dag.py:3823} INFO - Setting next_dagrun for dataset_produces_2 to None, run_after=None
[2024-09-13T02:45:52.755+0000] {processor.py:183} INFO - Processing /home/airflow/.local/lib/python3.8/site-packages/airflow/example_dags/example_datasets.py took 0.075 seconds
[2024-09-13T02:46:22.789+0000] {processor.py:161} INFO - Started process (PID=4039) to work on /home/airflow/.local/lib/python3.8/site-packages/airflow/example_dags/example_datasets.py
[2024-09-13T02:46:22.790+0000] {processor.py:830} INFO - Processing file /home/airflow/.local/lib/python3.8/site-packages/airflow/example_dags/example_datasets.py for tasks to queue
[2024-09-13T02:46:22.791+0000] {logging_mixin.py:188} INFO - [2024-09-13T02:46:22.791+0000] {dagbag.py:538} INFO - Filling up the DagBag from /home/airflow/.local/lib/python3.8/site-packages/airflow/example_dags/example_datasets.py
[2024-09-13T02:46:22.797+0000] {processor.py:840} INFO - DAG(s) 'dataset_produces_1', 'dataset_consumes_unknown_never_scheduled', 'dataset_consumes_1', 'dataset_consumes_1_never_scheduled', 'dataset_consumes_1_and_2', 'dataset_produces_2' retrieved from /home/airflow/.local/lib/python3.8/site-packages/airflow/example_dags/example_datasets.py
[2024-09-13T02:46:22.819+0000] {logging_mixin.py:188} INFO - [2024-09-13T02:46:22.818+0000] {dag.py:3036} INFO - Sync 6 DAGs
[2024-09-13T02:46:22.833+0000] {logging_mixin.py:188} INFO - [2024-09-13T02:46:22.833+0000] {dag.py:3823} INFO - Setting next_dagrun for dataset_consumes_1 to None, run_after=None
[2024-09-13T02:46:22.836+0000] {logging_mixin.py:188} INFO - [2024-09-13T02:46:22.835+0000] {dag.py:3823} INFO - Setting next_dagrun for dataset_consumes_1_and_2 to None, run_after=None
[2024-09-13T02:46:22.837+0000] {logging_mixin.py:188} INFO - [2024-09-13T02:46:22.837+0000] {dag.py:3823} INFO - Setting next_dagrun for dataset_consumes_1_never_scheduled to None, run_after=None
[2024-09-13T02:46:22.838+0000] {logging_mixin.py:188} INFO - [2024-09-13T02:46:22.837+0000] {dag.py:3823} INFO - Setting next_dagrun for dataset_consumes_unknown_never_scheduled to None, run_after=None
[2024-09-13T02:46:22.839+0000] {logging_mixin.py:188} INFO - [2024-09-13T02:46:22.839+0000] {dag.py:3823} INFO - Setting next_dagrun for dataset_produces_1 to 2024-09-12 00:00:00+00:00, run_after=2024-09-13 00:00:00+00:00
[2024-09-13T02:46:22.840+0000] {logging_mixin.py:188} INFO - [2024-09-13T02:46:22.840+0000] {dag.py:3823} INFO - Setting next_dagrun for dataset_produces_2 to None, run_after=None
[2024-09-13T02:46:22.874+0000] {processor.py:183} INFO - Processing /home/airflow/.local/lib/python3.8/site-packages/airflow/example_dags/example_datasets.py took 0.087 seconds
[2024-09-13T02:46:53.086+0000] {processor.py:161} INFO - Started process (PID=4286) to work on /home/airflow/.local/lib/python3.8/site-packages/airflow/example_dags/example_datasets.py
[2024-09-13T02:46:53.087+0000] {processor.py:830} INFO - Processing file /home/airflow/.local/lib/python3.8/site-packages/airflow/example_dags/example_datasets.py for tasks to queue
[2024-09-13T02:46:53.088+0000] {logging_mixin.py:188} INFO - [2024-09-13T02:46:53.088+0000] {dagbag.py:538} INFO - Filling up the DagBag from /home/airflow/.local/lib/python3.8/site-packages/airflow/example_dags/example_datasets.py
[2024-09-13T02:46:53.093+0000] {processor.py:840} INFO - DAG(s) 'dataset_produces_2', 'dataset_produces_1', 'dataset_consumes_1_and_2', 'dataset_consumes_1_never_scheduled', 'dataset_consumes_1', 'dataset_consumes_unknown_never_scheduled' retrieved from /home/airflow/.local/lib/python3.8/site-packages/airflow/example_dags/example_datasets.py
[2024-09-13T02:46:53.117+0000] {logging_mixin.py:188} INFO - [2024-09-13T02:46:53.117+0000] {dag.py:3036} INFO - Sync 6 DAGs
[2024-09-13T02:46:53.131+0000] {logging_mixin.py:188} INFO - [2024-09-13T02:46:53.130+0000] {dag.py:3823} INFO - Setting next_dagrun for dataset_consumes_1 to None, run_after=None
[2024-09-13T02:46:53.133+0000] {logging_mixin.py:188} INFO - [2024-09-13T02:46:53.133+0000] {dag.py:3823} INFO - Setting next_dagrun for dataset_consumes_1_and_2 to None, run_after=None
[2024-09-13T02:46:53.134+0000] {logging_mixin.py:188} INFO - [2024-09-13T02:46:53.134+0000] {dag.py:3823} INFO - Setting next_dagrun for dataset_consumes_1_never_scheduled to None, run_after=None
[2024-09-13T02:46:53.134+0000] {logging_mixin.py:188} INFO - [2024-09-13T02:46:53.134+0000] {dag.py:3823} INFO - Setting next_dagrun for dataset_consumes_unknown_never_scheduled to None, run_after=None
[2024-09-13T02:46:53.136+0000] {logging_mixin.py:188} INFO - [2024-09-13T02:46:53.136+0000] {dag.py:3823} INFO - Setting next_dagrun for dataset_produces_1 to 2024-09-12 00:00:00+00:00, run_after=2024-09-13 00:00:00+00:00
[2024-09-13T02:46:53.137+0000] {logging_mixin.py:188} INFO - [2024-09-13T02:46:53.137+0000] {dag.py:3823} INFO - Setting next_dagrun for dataset_produces_2 to None, run_after=None
[2024-09-13T02:46:53.152+0000] {processor.py:183} INFO - Processing /home/airflow/.local/lib/python3.8/site-packages/airflow/example_dags/example_datasets.py took 0.067 seconds
[2024-09-13T02:47:23.792+0000] {processor.py:161} INFO - Started process (PID=4533) to work on /home/airflow/.local/lib/python3.8/site-packages/airflow/example_dags/example_datasets.py
[2024-09-13T02:47:23.792+0000] {processor.py:830} INFO - Processing file /home/airflow/.local/lib/python3.8/site-packages/airflow/example_dags/example_datasets.py for tasks to queue
[2024-09-13T02:47:23.793+0000] {logging_mixin.py:188} INFO - [2024-09-13T02:47:23.793+0000] {dagbag.py:538} INFO - Filling up the DagBag from /home/airflow/.local/lib/python3.8/site-packages/airflow/example_dags/example_datasets.py
[2024-09-13T02:47:23.799+0000] {processor.py:840} INFO - DAG(s) 'dataset_produces_1', 'dataset_consumes_1', 'dataset_produces_2', 'dataset_consumes_1_and_2', 'dataset_consumes_unknown_never_scheduled', 'dataset_consumes_1_never_scheduled' retrieved from /home/airflow/.local/lib/python3.8/site-packages/airflow/example_dags/example_datasets.py
[2024-09-13T02:47:23.824+0000] {logging_mixin.py:188} INFO - [2024-09-13T02:47:23.824+0000] {dag.py:3036} INFO - Sync 6 DAGs
[2024-09-13T02:47:23.839+0000] {logging_mixin.py:188} INFO - [2024-09-13T02:47:23.839+0000] {dag.py:3823} INFO - Setting next_dagrun for dataset_consumes_1 to None, run_after=None
[2024-09-13T02:47:23.841+0000] {logging_mixin.py:188} INFO - [2024-09-13T02:47:23.841+0000] {dag.py:3823} INFO - Setting next_dagrun for dataset_consumes_1_and_2 to None, run_after=None
[2024-09-13T02:47:23.842+0000] {logging_mixin.py:188} INFO - [2024-09-13T02:47:23.842+0000] {dag.py:3823} INFO - Setting next_dagrun for dataset_consumes_1_never_scheduled to None, run_after=None
[2024-09-13T02:47:23.843+0000] {logging_mixin.py:188} INFO - [2024-09-13T02:47:23.843+0000] {dag.py:3823} INFO - Setting next_dagrun for dataset_consumes_unknown_never_scheduled to None, run_after=None
[2024-09-13T02:47:23.845+0000] {logging_mixin.py:188} INFO - [2024-09-13T02:47:23.845+0000] {dag.py:3823} INFO - Setting next_dagrun for dataset_produces_1 to 2024-09-12 00:00:00+00:00, run_after=2024-09-13 00:00:00+00:00
[2024-09-13T02:47:23.846+0000] {logging_mixin.py:188} INFO - [2024-09-13T02:47:23.846+0000] {dag.py:3823} INFO - Setting next_dagrun for dataset_produces_2 to None, run_after=None
[2024-09-13T02:47:23.864+0000] {processor.py:183} INFO - Processing /home/airflow/.local/lib/python3.8/site-packages/airflow/example_dags/example_datasets.py took 0.074 seconds
[2024-09-13T02:47:55.069+0000] {processor.py:161} INFO - Started process (PID=4780) to work on /home/airflow/.local/lib/python3.8/site-packages/airflow/example_dags/example_datasets.py
[2024-09-13T02:47:55.070+0000] {processor.py:830} INFO - Processing file /home/airflow/.local/lib/python3.8/site-packages/airflow/example_dags/example_datasets.py for tasks to queue
[2024-09-13T02:47:55.070+0000] {logging_mixin.py:188} INFO - [2024-09-13T02:47:55.070+0000] {dagbag.py:538} INFO - Filling up the DagBag from /home/airflow/.local/lib/python3.8/site-packages/airflow/example_dags/example_datasets.py
[2024-09-13T02:47:55.076+0000] {processor.py:840} INFO - DAG(s) 'dataset_consumes_1_never_scheduled', 'dataset_produces_2', 'dataset_produces_1', 'dataset_consumes_1_and_2', 'dataset_consumes_1', 'dataset_consumes_unknown_never_scheduled' retrieved from /home/airflow/.local/lib/python3.8/site-packages/airflow/example_dags/example_datasets.py
[2024-09-13T02:47:55.096+0000] {logging_mixin.py:188} INFO - [2024-09-13T02:47:55.096+0000] {dag.py:3036} INFO - Sync 6 DAGs
[2024-09-13T02:47:55.109+0000] {logging_mixin.py:188} INFO - [2024-09-13T02:47:55.109+0000] {dag.py:3823} INFO - Setting next_dagrun for dataset_consumes_1 to None, run_after=None
[2024-09-13T02:47:55.111+0000] {logging_mixin.py:188} INFO - [2024-09-13T02:47:55.111+0000] {dag.py:3823} INFO - Setting next_dagrun for dataset_consumes_1_and_2 to None, run_after=None
[2024-09-13T02:47:55.112+0000] {logging_mixin.py:188} INFO - [2024-09-13T02:47:55.112+0000] {dag.py:3823} INFO - Setting next_dagrun for dataset_consumes_1_never_scheduled to None, run_after=None
[2024-09-13T02:47:55.113+0000] {logging_mixin.py:188} INFO - [2024-09-13T02:47:55.113+0000] {dag.py:3823} INFO - Setting next_dagrun for dataset_consumes_unknown_never_scheduled to None, run_after=None
[2024-09-13T02:47:55.114+0000] {logging_mixin.py:188} INFO - [2024-09-13T02:47:55.114+0000] {dag.py:3823} INFO - Setting next_dagrun for dataset_produces_1 to 2024-09-12 00:00:00+00:00, run_after=2024-09-13 00:00:00+00:00
[2024-09-13T02:47:55.116+0000] {logging_mixin.py:188} INFO - [2024-09-13T02:47:55.116+0000] {dag.py:3823} INFO - Setting next_dagrun for dataset_produces_2 to None, run_after=None
[2024-09-13T02:47:55.131+0000] {processor.py:183} INFO - Processing /home/airflow/.local/lib/python3.8/site-packages/airflow/example_dags/example_datasets.py took 0.065 seconds
[2024-09-13T02:48:26.060+0000] {processor.py:161} INFO - Started process (PID=5027) to work on /home/airflow/.local/lib/python3.8/site-packages/airflow/example_dags/example_datasets.py
[2024-09-13T02:48:26.061+0000] {processor.py:830} INFO - Processing file /home/airflow/.local/lib/python3.8/site-packages/airflow/example_dags/example_datasets.py for tasks to queue
[2024-09-13T02:48:26.062+0000] {logging_mixin.py:188} INFO - [2024-09-13T02:48:26.062+0000] {dagbag.py:538} INFO - Filling up the DagBag from /home/airflow/.local/lib/python3.8/site-packages/airflow/example_dags/example_datasets.py
[2024-09-13T02:48:26.070+0000] {processor.py:840} INFO - DAG(s) 'dataset_produces_2', 'dataset_consumes_1', 'dataset_produces_1', 'dataset_consumes_1_never_scheduled', 'dataset_consumes_1_and_2', 'dataset_consumes_unknown_never_scheduled' retrieved from /home/airflow/.local/lib/python3.8/site-packages/airflow/example_dags/example_datasets.py
[2024-09-13T02:48:26.107+0000] {logging_mixin.py:188} INFO - [2024-09-13T02:48:26.107+0000] {dag.py:3036} INFO - Sync 6 DAGs
[2024-09-13T02:48:26.122+0000] {logging_mixin.py:188} INFO - [2024-09-13T02:48:26.122+0000] {dag.py:3823} INFO - Setting next_dagrun for dataset_consumes_1 to None, run_after=None
[2024-09-13T02:48:26.125+0000] {logging_mixin.py:188} INFO - [2024-09-13T02:48:26.125+0000] {dag.py:3823} INFO - Setting next_dagrun for dataset_consumes_1_and_2 to None, run_after=None
[2024-09-13T02:48:26.126+0000] {logging_mixin.py:188} INFO - [2024-09-13T02:48:26.126+0000] {dag.py:3823} INFO - Setting next_dagrun for dataset_consumes_1_never_scheduled to None, run_after=None
[2024-09-13T02:48:26.126+0000] {logging_mixin.py:188} INFO - [2024-09-13T02:48:26.126+0000] {dag.py:3823} INFO - Setting next_dagrun for dataset_consumes_unknown_never_scheduled to None, run_after=None
[2024-09-13T02:48:26.128+0000] {logging_mixin.py:188} INFO - [2024-09-13T02:48:26.128+0000] {dag.py:3823} INFO - Setting next_dagrun for dataset_produces_1 to 2024-09-12 00:00:00+00:00, run_after=2024-09-13 00:00:00+00:00
[2024-09-13T02:48:26.129+0000] {logging_mixin.py:188} INFO - [2024-09-13T02:48:26.129+0000] {dag.py:3823} INFO - Setting next_dagrun for dataset_produces_2 to None, run_after=None
[2024-09-13T02:48:26.149+0000] {processor.py:183} INFO - Processing /home/airflow/.local/lib/python3.8/site-packages/airflow/example_dags/example_datasets.py took 0.091 seconds
[2024-09-13T02:48:56.912+0000] {processor.py:161} INFO - Started process (PID=5274) to work on /home/airflow/.local/lib/python3.8/site-packages/airflow/example_dags/example_datasets.py
[2024-09-13T02:48:56.913+0000] {processor.py:830} INFO - Processing file /home/airflow/.local/lib/python3.8/site-packages/airflow/example_dags/example_datasets.py for tasks to queue
[2024-09-13T02:48:56.914+0000] {logging_mixin.py:188} INFO - [2024-09-13T02:48:56.914+0000] {dagbag.py:538} INFO - Filling up the DagBag from /home/airflow/.local/lib/python3.8/site-packages/airflow/example_dags/example_datasets.py
[2024-09-13T02:48:56.919+0000] {processor.py:840} INFO - DAG(s) 'dataset_produces_2', 'dataset_consumes_1_never_scheduled', 'dataset_consumes_unknown_never_scheduled', 'dataset_consumes_1_and_2', 'dataset_consumes_1', 'dataset_produces_1' retrieved from /home/airflow/.local/lib/python3.8/site-packages/airflow/example_dags/example_datasets.py
[2024-09-13T02:48:56.938+0000] {logging_mixin.py:188} INFO - [2024-09-13T02:48:56.938+0000] {dag.py:3036} INFO - Sync 6 DAGs
[2024-09-13T02:48:56.951+0000] {logging_mixin.py:188} INFO - [2024-09-13T02:48:56.951+0000] {dag.py:3823} INFO - Setting next_dagrun for dataset_consumes_1 to None, run_after=None
[2024-09-13T02:48:56.953+0000] {logging_mixin.py:188} INFO - [2024-09-13T02:48:56.953+0000] {dag.py:3823} INFO - Setting next_dagrun for dataset_consumes_1_and_2 to None, run_after=None
[2024-09-13T02:48:56.953+0000] {logging_mixin.py:188} INFO - [2024-09-13T02:48:56.953+0000] {dag.py:3823} INFO - Setting next_dagrun for dataset_consumes_1_never_scheduled to None, run_after=None
[2024-09-13T02:48:56.954+0000] {logging_mixin.py:188} INFO - [2024-09-13T02:48:56.954+0000] {dag.py:3823} INFO - Setting next_dagrun for dataset_consumes_unknown_never_scheduled to None, run_after=None
[2024-09-13T02:48:56.956+0000] {logging_mixin.py:188} INFO - [2024-09-13T02:48:56.956+0000] {dag.py:3823} INFO - Setting next_dagrun for dataset_produces_1 to 2024-09-12 00:00:00+00:00, run_after=2024-09-13 00:00:00+00:00
[2024-09-13T02:48:56.957+0000] {logging_mixin.py:188} INFO - [2024-09-13T02:48:56.957+0000] {dag.py:3823} INFO - Setting next_dagrun for dataset_produces_2 to None, run_after=None
[2024-09-13T02:48:56.972+0000] {processor.py:183} INFO - Processing /home/airflow/.local/lib/python3.8/site-packages/airflow/example_dags/example_datasets.py took 0.062 seconds
[2024-09-13T02:49:27.577+0000] {processor.py:161} INFO - Started process (PID=5521) to work on /home/airflow/.local/lib/python3.8/site-packages/airflow/example_dags/example_datasets.py
[2024-09-13T02:49:27.579+0000] {processor.py:830} INFO - Processing file /home/airflow/.local/lib/python3.8/site-packages/airflow/example_dags/example_datasets.py for tasks to queue
[2024-09-13T02:49:27.580+0000] {logging_mixin.py:188} INFO - [2024-09-13T02:49:27.580+0000] {dagbag.py:538} INFO - Filling up the DagBag from /home/airflow/.local/lib/python3.8/site-packages/airflow/example_dags/example_datasets.py
[2024-09-13T02:49:27.591+0000] {processor.py:840} INFO - DAG(s) 'dataset_consumes_1_never_scheduled', 'dataset_produces_2', 'dataset_consumes_1_and_2', 'dataset_consumes_1', 'dataset_produces_1', 'dataset_consumes_unknown_never_scheduled' retrieved from /home/airflow/.local/lib/python3.8/site-packages/airflow/example_dags/example_datasets.py
[2024-09-13T02:49:27.617+0000] {logging_mixin.py:188} INFO - [2024-09-13T02:49:27.617+0000] {dag.py:3036} INFO - Sync 6 DAGs
[2024-09-13T02:49:27.639+0000] {logging_mixin.py:188} INFO - [2024-09-13T02:49:27.639+0000] {dag.py:3823} INFO - Setting next_dagrun for dataset_consumes_1 to None, run_after=None
[2024-09-13T02:49:27.644+0000] {logging_mixin.py:188} INFO - [2024-09-13T02:49:27.644+0000] {dag.py:3823} INFO - Setting next_dagrun for dataset_consumes_1_and_2 to None, run_after=None
[2024-09-13T02:49:27.646+0000] {logging_mixin.py:188} INFO - [2024-09-13T02:49:27.646+0000] {dag.py:3823} INFO - Setting next_dagrun for dataset_consumes_1_never_scheduled to None, run_after=None
[2024-09-13T02:49:27.647+0000] {logging_mixin.py:188} INFO - [2024-09-13T02:49:27.647+0000] {dag.py:3823} INFO - Setting next_dagrun for dataset_consumes_unknown_never_scheduled to None, run_after=None
[2024-09-13T02:49:27.652+0000] {logging_mixin.py:188} INFO - [2024-09-13T02:49:27.651+0000] {dag.py:3823} INFO - Setting next_dagrun for dataset_produces_1 to 2024-09-12 00:00:00+00:00, run_after=2024-09-13 00:00:00+00:00
[2024-09-13T02:49:27.655+0000] {logging_mixin.py:188} INFO - [2024-09-13T02:49:27.655+0000] {dag.py:3823} INFO - Setting next_dagrun for dataset_produces_2 to None, run_after=None
[2024-09-13T02:49:27.674+0000] {processor.py:183} INFO - Processing /home/airflow/.local/lib/python3.8/site-packages/airflow/example_dags/example_datasets.py took 0.102 seconds
[2024-09-13T02:49:57.859+0000] {processor.py:161} INFO - Started process (PID=5768) to work on /home/airflow/.local/lib/python3.8/site-packages/airflow/example_dags/example_datasets.py
[2024-09-13T02:49:57.860+0000] {processor.py:830} INFO - Processing file /home/airflow/.local/lib/python3.8/site-packages/airflow/example_dags/example_datasets.py for tasks to queue
[2024-09-13T02:49:57.861+0000] {logging_mixin.py:188} INFO - [2024-09-13T02:49:57.861+0000] {dagbag.py:538} INFO - Filling up the DagBag from /home/airflow/.local/lib/python3.8/site-packages/airflow/example_dags/example_datasets.py
[2024-09-13T02:49:57.866+0000] {processor.py:840} INFO - DAG(s) 'dataset_consumes_1', 'dataset_consumes_1_never_scheduled', 'dataset_produces_2', 'dataset_consumes_1_and_2', 'dataset_produces_1', 'dataset_consumes_unknown_never_scheduled' retrieved from /home/airflow/.local/lib/python3.8/site-packages/airflow/example_dags/example_datasets.py
[2024-09-13T02:49:57.886+0000] {logging_mixin.py:188} INFO - [2024-09-13T02:49:57.886+0000] {dag.py:3036} INFO - Sync 6 DAGs
[2024-09-13T02:49:57.898+0000] {logging_mixin.py:188} INFO - [2024-09-13T02:49:57.898+0000] {dag.py:3823} INFO - Setting next_dagrun for dataset_consumes_1 to None, run_after=None
[2024-09-13T02:49:57.900+0000] {logging_mixin.py:188} INFO - [2024-09-13T02:49:57.900+0000] {dag.py:3823} INFO - Setting next_dagrun for dataset_consumes_1_and_2 to None, run_after=None
[2024-09-13T02:49:57.901+0000] {logging_mixin.py:188} INFO - [2024-09-13T02:49:57.901+0000] {dag.py:3823} INFO - Setting next_dagrun for dataset_consumes_1_never_scheduled to None, run_after=None
[2024-09-13T02:49:57.902+0000] {logging_mixin.py:188} INFO - [2024-09-13T02:49:57.902+0000] {dag.py:3823} INFO - Setting next_dagrun for dataset_consumes_unknown_never_scheduled to None, run_after=None
[2024-09-13T02:49:57.903+0000] {logging_mixin.py:188} INFO - [2024-09-13T02:49:57.903+0000] {dag.py:3823} INFO - Setting next_dagrun for dataset_produces_1 to 2024-09-12 00:00:00+00:00, run_after=2024-09-13 00:00:00+00:00
[2024-09-13T02:49:57.904+0000] {logging_mixin.py:188} INFO - [2024-09-13T02:49:57.904+0000] {dag.py:3823} INFO - Setting next_dagrun for dataset_produces_2 to None, run_after=None
[2024-09-13T02:49:57.919+0000] {processor.py:183} INFO - Processing /home/airflow/.local/lib/python3.8/site-packages/airflow/example_dags/example_datasets.py took 0.063 seconds
[2024-09-13T02:50:28.567+0000] {processor.py:161} INFO - Started process (PID=6016) to work on /home/airflow/.local/lib/python3.8/site-packages/airflow/example_dags/example_datasets.py
[2024-09-13T02:50:28.569+0000] {processor.py:830} INFO - Processing file /home/airflow/.local/lib/python3.8/site-packages/airflow/example_dags/example_datasets.py for tasks to queue
[2024-09-13T02:50:28.569+0000] {logging_mixin.py:188} INFO - [2024-09-13T02:50:28.569+0000] {dagbag.py:538} INFO - Filling up the DagBag from /home/airflow/.local/lib/python3.8/site-packages/airflow/example_dags/example_datasets.py
[2024-09-13T02:50:28.575+0000] {processor.py:840} INFO - DAG(s) 'dataset_produces_2', 'dataset_consumes_unknown_never_scheduled', 'dataset_consumes_1_never_scheduled', 'dataset_consumes_1', 'dataset_produces_1', 'dataset_consumes_1_and_2' retrieved from /home/airflow/.local/lib/python3.8/site-packages/airflow/example_dags/example_datasets.py
[2024-09-13T02:50:28.594+0000] {logging_mixin.py:188} INFO - [2024-09-13T02:50:28.594+0000] {dag.py:3036} INFO - Sync 6 DAGs
[2024-09-13T02:50:28.606+0000] {logging_mixin.py:188} INFO - [2024-09-13T02:50:28.606+0000] {dag.py:3823} INFO - Setting next_dagrun for dataset_consumes_1 to None, run_after=None
[2024-09-13T02:50:28.608+0000] {logging_mixin.py:188} INFO - [2024-09-13T02:50:28.608+0000] {dag.py:3823} INFO - Setting next_dagrun for dataset_consumes_1_and_2 to None, run_after=None
[2024-09-13T02:50:28.609+0000] {logging_mixin.py:188} INFO - [2024-09-13T02:50:28.609+0000] {dag.py:3823} INFO - Setting next_dagrun for dataset_consumes_1_never_scheduled to None, run_after=None
[2024-09-13T02:50:28.610+0000] {logging_mixin.py:188} INFO - [2024-09-13T02:50:28.610+0000] {dag.py:3823} INFO - Setting next_dagrun for dataset_consumes_unknown_never_scheduled to None, run_after=None
[2024-09-13T02:50:28.611+0000] {logging_mixin.py:188} INFO - [2024-09-13T02:50:28.611+0000] {dag.py:3823} INFO - Setting next_dagrun for dataset_produces_1 to 2024-09-12 00:00:00+00:00, run_after=2024-09-13 00:00:00+00:00
[2024-09-13T02:50:28.612+0000] {logging_mixin.py:188} INFO - [2024-09-13T02:50:28.612+0000] {dag.py:3823} INFO - Setting next_dagrun for dataset_produces_2 to None, run_after=None
[2024-09-13T02:50:28.630+0000] {processor.py:183} INFO - Processing /home/airflow/.local/lib/python3.8/site-packages/airflow/example_dags/example_datasets.py took 0.065 seconds
[2024-09-13T02:50:59.281+0000] {processor.py:161} INFO - Started process (PID=6264) to work on /home/airflow/.local/lib/python3.8/site-packages/airflow/example_dags/example_datasets.py
[2024-09-13T02:50:59.282+0000] {processor.py:830} INFO - Processing file /home/airflow/.local/lib/python3.8/site-packages/airflow/example_dags/example_datasets.py for tasks to queue
[2024-09-13T02:50:59.283+0000] {logging_mixin.py:188} INFO - [2024-09-13T02:50:59.283+0000] {dagbag.py:538} INFO - Filling up the DagBag from /home/airflow/.local/lib/python3.8/site-packages/airflow/example_dags/example_datasets.py
[2024-09-13T02:50:59.288+0000] {processor.py:840} INFO - DAG(s) 'dataset_produces_1', 'dataset_consumes_1_never_scheduled', 'dataset_produces_2', 'dataset_consumes_1', 'dataset_consumes_unknown_never_scheduled', 'dataset_consumes_1_and_2' retrieved from /home/airflow/.local/lib/python3.8/site-packages/airflow/example_dags/example_datasets.py
[2024-09-13T02:50:59.307+0000] {logging_mixin.py:188} INFO - [2024-09-13T02:50:59.307+0000] {dag.py:3036} INFO - Sync 6 DAGs
[2024-09-13T02:50:59.317+0000] {logging_mixin.py:188} INFO - [2024-09-13T02:50:59.317+0000] {dag.py:3823} INFO - Setting next_dagrun for dataset_consumes_1 to None, run_after=None
[2024-09-13T02:50:59.319+0000] {logging_mixin.py:188} INFO - [2024-09-13T02:50:59.319+0000] {dag.py:3823} INFO - Setting next_dagrun for dataset_consumes_1_and_2 to None, run_after=None
[2024-09-13T02:50:59.320+0000] {logging_mixin.py:188} INFO - [2024-09-13T02:50:59.320+0000] {dag.py:3823} INFO - Setting next_dagrun for dataset_consumes_1_never_scheduled to None, run_after=None
[2024-09-13T02:50:59.321+0000] {logging_mixin.py:188} INFO - [2024-09-13T02:50:59.321+0000] {dag.py:3823} INFO - Setting next_dagrun for dataset_consumes_unknown_never_scheduled to None, run_after=None
[2024-09-13T02:50:59.322+0000] {logging_mixin.py:188} INFO - [2024-09-13T02:50:59.322+0000] {dag.py:3823} INFO - Setting next_dagrun for dataset_produces_1 to 2024-09-12 00:00:00+00:00, run_after=2024-09-13 00:00:00+00:00
[2024-09-13T02:50:59.323+0000] {logging_mixin.py:188} INFO - [2024-09-13T02:50:59.323+0000] {dag.py:3823} INFO - Setting next_dagrun for dataset_produces_2 to None, run_after=None
[2024-09-13T02:50:59.338+0000] {processor.py:183} INFO - Processing /home/airflow/.local/lib/python3.8/site-packages/airflow/example_dags/example_datasets.py took 0.059 seconds
[2024-09-13T02:51:29.938+0000] {processor.py:161} INFO - Started process (PID=6509) to work on /home/airflow/.local/lib/python3.8/site-packages/airflow/example_dags/example_datasets.py
[2024-09-13T02:51:29.939+0000] {processor.py:830} INFO - Processing file /home/airflow/.local/lib/python3.8/site-packages/airflow/example_dags/example_datasets.py for tasks to queue
[2024-09-13T02:51:29.940+0000] {logging_mixin.py:188} INFO - [2024-09-13T02:51:29.940+0000] {dagbag.py:538} INFO - Filling up the DagBag from /home/airflow/.local/lib/python3.8/site-packages/airflow/example_dags/example_datasets.py
[2024-09-13T02:51:29.945+0000] {processor.py:840} INFO - DAG(s) 'dataset_consumes_unknown_never_scheduled', 'dataset_consumes_1', 'dataset_produces_2', 'dataset_produces_1', 'dataset_consumes_1_never_scheduled', 'dataset_consumes_1_and_2' retrieved from /home/airflow/.local/lib/python3.8/site-packages/airflow/example_dags/example_datasets.py
[2024-09-13T02:51:29.964+0000] {logging_mixin.py:188} INFO - [2024-09-13T02:51:29.964+0000] {dag.py:3036} INFO - Sync 6 DAGs
[2024-09-13T02:51:29.976+0000] {logging_mixin.py:188} INFO - [2024-09-13T02:51:29.976+0000] {dag.py:3823} INFO - Setting next_dagrun for dataset_consumes_1 to None, run_after=None
[2024-09-13T02:51:29.978+0000] {logging_mixin.py:188} INFO - [2024-09-13T02:51:29.978+0000] {dag.py:3823} INFO - Setting next_dagrun for dataset_consumes_1_and_2 to None, run_after=None
[2024-09-13T02:51:29.979+0000] {logging_mixin.py:188} INFO - [2024-09-13T02:51:29.979+0000] {dag.py:3823} INFO - Setting next_dagrun for dataset_consumes_1_never_scheduled to None, run_after=None
[2024-09-13T02:51:29.980+0000] {logging_mixin.py:188} INFO - [2024-09-13T02:51:29.980+0000] {dag.py:3823} INFO - Setting next_dagrun for dataset_consumes_unknown_never_scheduled to None, run_after=None
[2024-09-13T02:51:29.981+0000] {logging_mixin.py:188} INFO - [2024-09-13T02:51:29.981+0000] {dag.py:3823} INFO - Setting next_dagrun for dataset_produces_1 to 2024-09-12 00:00:00+00:00, run_after=2024-09-13 00:00:00+00:00
[2024-09-13T02:51:29.982+0000] {logging_mixin.py:188} INFO - [2024-09-13T02:51:29.982+0000] {dag.py:3823} INFO - Setting next_dagrun for dataset_produces_2 to None, run_after=None
[2024-09-13T02:51:29.997+0000] {processor.py:183} INFO - Processing /home/airflow/.local/lib/python3.8/site-packages/airflow/example_dags/example_datasets.py took 0.061 seconds
[2024-09-13T02:52:00.735+0000] {processor.py:161} INFO - Started process (PID=6756) to work on /home/airflow/.local/lib/python3.8/site-packages/airflow/example_dags/example_datasets.py
[2024-09-13T02:52:00.736+0000] {processor.py:830} INFO - Processing file /home/airflow/.local/lib/python3.8/site-packages/airflow/example_dags/example_datasets.py for tasks to queue
[2024-09-13T02:52:00.736+0000] {logging_mixin.py:188} INFO - [2024-09-13T02:52:00.736+0000] {dagbag.py:538} INFO - Filling up the DagBag from /home/airflow/.local/lib/python3.8/site-packages/airflow/example_dags/example_datasets.py
[2024-09-13T02:52:00.742+0000] {processor.py:840} INFO - DAG(s) 'dataset_produces_2', 'dataset_consumes_1', 'dataset_produces_1', 'dataset_consumes_unknown_never_scheduled', 'dataset_consumes_1_and_2', 'dataset_consumes_1_never_scheduled' retrieved from /home/airflow/.local/lib/python3.8/site-packages/airflow/example_dags/example_datasets.py
[2024-09-13T02:52:00.763+0000] {logging_mixin.py:188} INFO - [2024-09-13T02:52:00.763+0000] {dag.py:3036} INFO - Sync 6 DAGs
[2024-09-13T02:52:00.777+0000] {logging_mixin.py:188} INFO - [2024-09-13T02:52:00.777+0000] {dag.py:3823} INFO - Setting next_dagrun for dataset_consumes_1 to None, run_after=None
[2024-09-13T02:52:00.779+0000] {logging_mixin.py:188} INFO - [2024-09-13T02:52:00.779+0000] {dag.py:3823} INFO - Setting next_dagrun for dataset_consumes_1_and_2 to None, run_after=None
[2024-09-13T02:52:00.779+0000] {logging_mixin.py:188} INFO - [2024-09-13T02:52:00.779+0000] {dag.py:3823} INFO - Setting next_dagrun for dataset_consumes_1_never_scheduled to None, run_after=None
[2024-09-13T02:52:00.780+0000] {logging_mixin.py:188} INFO - [2024-09-13T02:52:00.780+0000] {dag.py:3823} INFO - Setting next_dagrun for dataset_consumes_unknown_never_scheduled to None, run_after=None
[2024-09-13T02:52:00.782+0000] {logging_mixin.py:188} INFO - [2024-09-13T02:52:00.782+0000] {dag.py:3823} INFO - Setting next_dagrun for dataset_produces_1 to 2024-09-12 00:00:00+00:00, run_after=2024-09-13 00:00:00+00:00
[2024-09-13T02:52:00.783+0000] {logging_mixin.py:188} INFO - [2024-09-13T02:52:00.783+0000] {dag.py:3823} INFO - Setting next_dagrun for dataset_produces_2 to None, run_after=None
[2024-09-13T02:52:00.800+0000] {processor.py:183} INFO - Processing /home/airflow/.local/lib/python3.8/site-packages/airflow/example_dags/example_datasets.py took 0.067 seconds
[2024-09-13T02:52:31.040+0000] {processor.py:161} INFO - Started process (PID=7003) to work on /home/airflow/.local/lib/python3.8/site-packages/airflow/example_dags/example_datasets.py
[2024-09-13T02:52:31.041+0000] {processor.py:830} INFO - Processing file /home/airflow/.local/lib/python3.8/site-packages/airflow/example_dags/example_datasets.py for tasks to queue
[2024-09-13T02:52:31.042+0000] {logging_mixin.py:188} INFO - [2024-09-13T02:52:31.042+0000] {dagbag.py:538} INFO - Filling up the DagBag from /home/airflow/.local/lib/python3.8/site-packages/airflow/example_dags/example_datasets.py
[2024-09-13T02:52:31.053+0000] {processor.py:840} INFO - DAG(s) 'dataset_produces_1', 'dataset_consumes_1', 'dataset_consumes_1_never_scheduled', 'dataset_produces_2', 'dataset_consumes_unknown_never_scheduled', 'dataset_consumes_1_and_2' retrieved from /home/airflow/.local/lib/python3.8/site-packages/airflow/example_dags/example_datasets.py
[2024-09-13T02:52:31.079+0000] {logging_mixin.py:188} INFO - [2024-09-13T02:52:31.079+0000] {dag.py:3036} INFO - Sync 6 DAGs
[2024-09-13T02:52:31.095+0000] {logging_mixin.py:188} INFO - [2024-09-13T02:52:31.095+0000] {dag.py:3823} INFO - Setting next_dagrun for dataset_consumes_1 to None, run_after=None
[2024-09-13T02:52:31.099+0000] {logging_mixin.py:188} INFO - [2024-09-13T02:52:31.099+0000] {dag.py:3823} INFO - Setting next_dagrun for dataset_consumes_1_and_2 to None, run_after=None
[2024-09-13T02:52:31.102+0000] {logging_mixin.py:188} INFO - [2024-09-13T02:52:31.101+0000] {dag.py:3823} INFO - Setting next_dagrun for dataset_consumes_1_never_scheduled to None, run_after=None
[2024-09-13T02:52:31.104+0000] {logging_mixin.py:188} INFO - [2024-09-13T02:52:31.104+0000] {dag.py:3823} INFO - Setting next_dagrun for dataset_consumes_unknown_never_scheduled to None, run_after=None
[2024-09-13T02:52:31.107+0000] {logging_mixin.py:188} INFO - [2024-09-13T02:52:31.106+0000] {dag.py:3823} INFO - Setting next_dagrun for dataset_produces_1 to 2024-09-12 00:00:00+00:00, run_after=2024-09-13 00:00:00+00:00
[2024-09-13T02:52:31.108+0000] {logging_mixin.py:188} INFO - [2024-09-13T02:52:31.108+0000] {dag.py:3823} INFO - Setting next_dagrun for dataset_produces_2 to None, run_after=None
[2024-09-13T02:52:31.128+0000] {processor.py:183} INFO - Processing /home/airflow/.local/lib/python3.8/site-packages/airflow/example_dags/example_datasets.py took 0.091 seconds
[2024-09-13T02:53:01.889+0000] {processor.py:161} INFO - Started process (PID=7250) to work on /home/airflow/.local/lib/python3.8/site-packages/airflow/example_dags/example_datasets.py
[2024-09-13T02:53:01.890+0000] {processor.py:830} INFO - Processing file /home/airflow/.local/lib/python3.8/site-packages/airflow/example_dags/example_datasets.py for tasks to queue
[2024-09-13T02:53:01.891+0000] {logging_mixin.py:188} INFO - [2024-09-13T02:53:01.890+0000] {dagbag.py:538} INFO - Filling up the DagBag from /home/airflow/.local/lib/python3.8/site-packages/airflow/example_dags/example_datasets.py
[2024-09-13T02:53:01.896+0000] {processor.py:840} INFO - DAG(s) 'dataset_consumes_unknown_never_scheduled', 'dataset_consumes_1_and_2', 'dataset_produces_1', 'dataset_consumes_1', 'dataset_consumes_1_never_scheduled', 'dataset_produces_2' retrieved from /home/airflow/.local/lib/python3.8/site-packages/airflow/example_dags/example_datasets.py
[2024-09-13T02:53:01.914+0000] {logging_mixin.py:188} INFO - [2024-09-13T02:53:01.914+0000] {dag.py:3036} INFO - Sync 6 DAGs
[2024-09-13T02:53:01.926+0000] {logging_mixin.py:188} INFO - [2024-09-13T02:53:01.925+0000] {dag.py:3823} INFO - Setting next_dagrun for dataset_consumes_1 to None, run_after=None
[2024-09-13T02:53:01.928+0000] {logging_mixin.py:188} INFO - [2024-09-13T02:53:01.928+0000] {dag.py:3823} INFO - Setting next_dagrun for dataset_consumes_1_and_2 to None, run_after=None
[2024-09-13T02:53:01.929+0000] {logging_mixin.py:188} INFO - [2024-09-13T02:53:01.928+0000] {dag.py:3823} INFO - Setting next_dagrun for dataset_consumes_1_never_scheduled to None, run_after=None
[2024-09-13T02:53:01.929+0000] {logging_mixin.py:188} INFO - [2024-09-13T02:53:01.929+0000] {dag.py:3823} INFO - Setting next_dagrun for dataset_consumes_unknown_never_scheduled to None, run_after=None
[2024-09-13T02:53:01.930+0000] {logging_mixin.py:188} INFO - [2024-09-13T02:53:01.930+0000] {dag.py:3823} INFO - Setting next_dagrun for dataset_produces_1 to 2024-09-12 00:00:00+00:00, run_after=2024-09-13 00:00:00+00:00
[2024-09-13T02:53:01.931+0000] {logging_mixin.py:188} INFO - [2024-09-13T02:53:01.931+0000] {dag.py:3823} INFO - Setting next_dagrun for dataset_produces_2 to None, run_after=None
[2024-09-13T02:53:01.948+0000] {processor.py:183} INFO - Processing /home/airflow/.local/lib/python3.8/site-packages/airflow/example_dags/example_datasets.py took 0.061 seconds
[2024-09-13T02:53:32.381+0000] {processor.py:161} INFO - Started process (PID=7499) to work on /home/airflow/.local/lib/python3.8/site-packages/airflow/example_dags/example_datasets.py
[2024-09-13T02:53:32.382+0000] {processor.py:830} INFO - Processing file /home/airflow/.local/lib/python3.8/site-packages/airflow/example_dags/example_datasets.py for tasks to queue
[2024-09-13T02:53:32.383+0000] {logging_mixin.py:188} INFO - [2024-09-13T02:53:32.382+0000] {dagbag.py:538} INFO - Filling up the DagBag from /home/airflow/.local/lib/python3.8/site-packages/airflow/example_dags/example_datasets.py
[2024-09-13T02:53:32.388+0000] {processor.py:840} INFO - DAG(s) 'dataset_produces_1', 'dataset_consumes_1_and_2', 'dataset_produces_2', 'dataset_consumes_1', 'dataset_consumes_1_never_scheduled', 'dataset_consumes_unknown_never_scheduled' retrieved from /home/airflow/.local/lib/python3.8/site-packages/airflow/example_dags/example_datasets.py
[2024-09-13T02:53:32.407+0000] {logging_mixin.py:188} INFO - [2024-09-13T02:53:32.407+0000] {dag.py:3036} INFO - Sync 6 DAGs
[2024-09-13T02:53:32.421+0000] {logging_mixin.py:188} INFO - [2024-09-13T02:53:32.420+0000] {dag.py:3823} INFO - Setting next_dagrun for dataset_consumes_1 to None, run_after=None
[2024-09-13T02:53:32.423+0000] {logging_mixin.py:188} INFO - [2024-09-13T02:53:32.423+0000] {dag.py:3823} INFO - Setting next_dagrun for dataset_consumes_1_and_2 to None, run_after=None
[2024-09-13T02:53:32.425+0000] {logging_mixin.py:188} INFO - [2024-09-13T02:53:32.424+0000] {dag.py:3823} INFO - Setting next_dagrun for dataset_consumes_1_never_scheduled to None, run_after=None
[2024-09-13T02:53:32.426+0000] {logging_mixin.py:188} INFO - [2024-09-13T02:53:32.426+0000] {dag.py:3823} INFO - Setting next_dagrun for dataset_consumes_unknown_never_scheduled to None, run_after=None
[2024-09-13T02:53:32.428+0000] {logging_mixin.py:188} INFO - [2024-09-13T02:53:32.427+0000] {dag.py:3823} INFO - Setting next_dagrun for dataset_produces_1 to 2024-09-12 00:00:00+00:00, run_after=2024-09-13 00:00:00+00:00
[2024-09-13T02:53:32.429+0000] {logging_mixin.py:188} INFO - [2024-09-13T02:53:32.429+0000] {dag.py:3823} INFO - Setting next_dagrun for dataset_produces_2 to None, run_after=None
[2024-09-13T02:53:32.447+0000] {processor.py:183} INFO - Processing /home/airflow/.local/lib/python3.8/site-packages/airflow/example_dags/example_datasets.py took 0.068 seconds
[2024-09-13T02:54:03.330+0000] {processor.py:161} INFO - Started process (PID=7744) to work on /home/airflow/.local/lib/python3.8/site-packages/airflow/example_dags/example_datasets.py
[2024-09-13T02:54:03.331+0000] {processor.py:830} INFO - Processing file /home/airflow/.local/lib/python3.8/site-packages/airflow/example_dags/example_datasets.py for tasks to queue
[2024-09-13T02:54:03.332+0000] {logging_mixin.py:188} INFO - [2024-09-13T02:54:03.332+0000] {dagbag.py:538} INFO - Filling up the DagBag from /home/airflow/.local/lib/python3.8/site-packages/airflow/example_dags/example_datasets.py
[2024-09-13T02:54:03.338+0000] {processor.py:840} INFO - DAG(s) 'dataset_consumes_1_never_scheduled', 'dataset_produces_2', 'dataset_consumes_1_and_2', 'dataset_consumes_1', 'dataset_produces_1', 'dataset_consumes_unknown_never_scheduled' retrieved from /home/airflow/.local/lib/python3.8/site-packages/airflow/example_dags/example_datasets.py
[2024-09-13T02:54:03.357+0000] {logging_mixin.py:188} INFO - [2024-09-13T02:54:03.357+0000] {dag.py:3036} INFO - Sync 6 DAGs
[2024-09-13T02:54:03.370+0000] {logging_mixin.py:188} INFO - [2024-09-13T02:54:03.370+0000] {dag.py:3823} INFO - Setting next_dagrun for dataset_consumes_1 to None, run_after=None
[2024-09-13T02:54:03.372+0000] {logging_mixin.py:188} INFO - [2024-09-13T02:54:03.372+0000] {dag.py:3823} INFO - Setting next_dagrun for dataset_consumes_1_and_2 to None, run_after=None
[2024-09-13T02:54:03.373+0000] {logging_mixin.py:188} INFO - [2024-09-13T02:54:03.373+0000] {dag.py:3823} INFO - Setting next_dagrun for dataset_consumes_1_never_scheduled to None, run_after=None
[2024-09-13T02:54:03.374+0000] {logging_mixin.py:188} INFO - [2024-09-13T02:54:03.373+0000] {dag.py:3823} INFO - Setting next_dagrun for dataset_consumes_unknown_never_scheduled to None, run_after=None
[2024-09-13T02:54:03.375+0000] {logging_mixin.py:188} INFO - [2024-09-13T02:54:03.375+0000] {dag.py:3823} INFO - Setting next_dagrun for dataset_produces_1 to 2024-09-12 00:00:00+00:00, run_after=2024-09-13 00:00:00+00:00
[2024-09-13T02:54:03.376+0000] {logging_mixin.py:188} INFO - [2024-09-13T02:54:03.376+0000] {dag.py:3823} INFO - Setting next_dagrun for dataset_produces_2 to None, run_after=None
[2024-09-13T02:54:03.392+0000] {processor.py:183} INFO - Processing /home/airflow/.local/lib/python3.8/site-packages/airflow/example_dags/example_datasets.py took 0.064 seconds
[2024-09-13T02:54:33.502+0000] {processor.py:161} INFO - Started process (PID=7991) to work on /home/airflow/.local/lib/python3.8/site-packages/airflow/example_dags/example_datasets.py
[2024-09-13T02:54:33.504+0000] {processor.py:830} INFO - Processing file /home/airflow/.local/lib/python3.8/site-packages/airflow/example_dags/example_datasets.py for tasks to queue
[2024-09-13T02:54:33.505+0000] {logging_mixin.py:188} INFO - [2024-09-13T02:54:33.505+0000] {dagbag.py:538} INFO - Filling up the DagBag from /home/airflow/.local/lib/python3.8/site-packages/airflow/example_dags/example_datasets.py
[2024-09-13T02:54:33.511+0000] {processor.py:840} INFO - DAG(s) 'dataset_consumes_1_and_2', 'dataset_consumes_1_never_scheduled', 'dataset_consumes_1', 'dataset_produces_2', 'dataset_consumes_unknown_never_scheduled', 'dataset_produces_1' retrieved from /home/airflow/.local/lib/python3.8/site-packages/airflow/example_dags/example_datasets.py
[2024-09-13T02:54:33.531+0000] {logging_mixin.py:188} INFO - [2024-09-13T02:54:33.531+0000] {dag.py:3036} INFO - Sync 6 DAGs
[2024-09-13T02:54:33.545+0000] {logging_mixin.py:188} INFO - [2024-09-13T02:54:33.545+0000] {dag.py:3823} INFO - Setting next_dagrun for dataset_consumes_1 to None, run_after=None
[2024-09-13T02:54:33.548+0000] {logging_mixin.py:188} INFO - [2024-09-13T02:54:33.547+0000] {dag.py:3823} INFO - Setting next_dagrun for dataset_consumes_1_and_2 to None, run_after=None
[2024-09-13T02:54:33.549+0000] {logging_mixin.py:188} INFO - [2024-09-13T02:54:33.549+0000] {dag.py:3823} INFO - Setting next_dagrun for dataset_consumes_1_never_scheduled to None, run_after=None
[2024-09-13T02:54:33.550+0000] {logging_mixin.py:188} INFO - [2024-09-13T02:54:33.550+0000] {dag.py:3823} INFO - Setting next_dagrun for dataset_consumes_unknown_never_scheduled to None, run_after=None
[2024-09-13T02:54:33.552+0000] {logging_mixin.py:188} INFO - [2024-09-13T02:54:33.551+0000] {dag.py:3823} INFO - Setting next_dagrun for dataset_produces_1 to 2024-09-12 00:00:00+00:00, run_after=2024-09-13 00:00:00+00:00
[2024-09-13T02:54:33.553+0000] {logging_mixin.py:188} INFO - [2024-09-13T02:54:33.553+0000] {dag.py:3823} INFO - Setting next_dagrun for dataset_produces_2 to None, run_after=None
[2024-09-13T02:54:33.574+0000] {processor.py:183} INFO - Processing /home/airflow/.local/lib/python3.8/site-packages/airflow/example_dags/example_datasets.py took 0.074 seconds
[2024-09-13T02:55:03.641+0000] {processor.py:161} INFO - Started process (PID=8238) to work on /home/airflow/.local/lib/python3.8/site-packages/airflow/example_dags/example_datasets.py
[2024-09-13T02:55:03.642+0000] {processor.py:830} INFO - Processing file /home/airflow/.local/lib/python3.8/site-packages/airflow/example_dags/example_datasets.py for tasks to queue
[2024-09-13T02:55:03.643+0000] {logging_mixin.py:188} INFO - [2024-09-13T02:55:03.643+0000] {dagbag.py:538} INFO - Filling up the DagBag from /home/airflow/.local/lib/python3.8/site-packages/airflow/example_dags/example_datasets.py
[2024-09-13T02:55:03.649+0000] {processor.py:840} INFO - DAG(s) 'dataset_consumes_1_and_2', 'dataset_produces_2', 'dataset_produces_1', 'dataset_consumes_1_never_scheduled', 'dataset_consumes_unknown_never_scheduled', 'dataset_consumes_1' retrieved from /home/airflow/.local/lib/python3.8/site-packages/airflow/example_dags/example_datasets.py
[2024-09-13T02:55:03.668+0000] {logging_mixin.py:188} INFO - [2024-09-13T02:55:03.668+0000] {dag.py:3036} INFO - Sync 6 DAGs
[2024-09-13T02:55:03.681+0000] {logging_mixin.py:188} INFO - [2024-09-13T02:55:03.681+0000] {dag.py:3823} INFO - Setting next_dagrun for dataset_consumes_1 to None, run_after=None
[2024-09-13T02:55:03.683+0000] {logging_mixin.py:188} INFO - [2024-09-13T02:55:03.683+0000] {dag.py:3823} INFO - Setting next_dagrun for dataset_consumes_1_and_2 to None, run_after=None
[2024-09-13T02:55:03.684+0000] {logging_mixin.py:188} INFO - [2024-09-13T02:55:03.684+0000] {dag.py:3823} INFO - Setting next_dagrun for dataset_consumes_1_never_scheduled to None, run_after=None
[2024-09-13T02:55:03.685+0000] {logging_mixin.py:188} INFO - [2024-09-13T02:55:03.684+0000] {dag.py:3823} INFO - Setting next_dagrun for dataset_consumes_unknown_never_scheduled to None, run_after=None
[2024-09-13T02:55:03.686+0000] {logging_mixin.py:188} INFO - [2024-09-13T02:55:03.686+0000] {dag.py:3823} INFO - Setting next_dagrun for dataset_produces_1 to 2024-09-12 00:00:00+00:00, run_after=2024-09-13 00:00:00+00:00
[2024-09-13T02:55:03.687+0000] {logging_mixin.py:188} INFO - [2024-09-13T02:55:03.687+0000] {dag.py:3823} INFO - Setting next_dagrun for dataset_produces_2 to None, run_after=None
[2024-09-13T02:55:03.702+0000] {processor.py:183} INFO - Processing /home/airflow/.local/lib/python3.8/site-packages/airflow/example_dags/example_datasets.py took 0.063 seconds
[2024-09-13T02:55:34.341+0000] {processor.py:161} INFO - Started process (PID=8485) to work on /home/airflow/.local/lib/python3.8/site-packages/airflow/example_dags/example_datasets.py
[2024-09-13T02:55:34.342+0000] {processor.py:830} INFO - Processing file /home/airflow/.local/lib/python3.8/site-packages/airflow/example_dags/example_datasets.py for tasks to queue
[2024-09-13T02:55:34.342+0000] {logging_mixin.py:188} INFO - [2024-09-13T02:55:34.342+0000] {dagbag.py:538} INFO - Filling up the DagBag from /home/airflow/.local/lib/python3.8/site-packages/airflow/example_dags/example_datasets.py
[2024-09-13T02:55:34.349+0000] {processor.py:840} INFO - DAG(s) 'dataset_produces_1', 'dataset_consumes_1_and_2', 'dataset_consumes_1_never_scheduled', 'dataset_consumes_1', 'dataset_consumes_unknown_never_scheduled', 'dataset_produces_2' retrieved from /home/airflow/.local/lib/python3.8/site-packages/airflow/example_dags/example_datasets.py
[2024-09-13T02:55:34.374+0000] {logging_mixin.py:188} INFO - [2024-09-13T02:55:34.373+0000] {dag.py:3036} INFO - Sync 6 DAGs
[2024-09-13T02:55:34.388+0000] {logging_mixin.py:188} INFO - [2024-09-13T02:55:34.388+0000] {dag.py:3823} INFO - Setting next_dagrun for dataset_consumes_1 to None, run_after=None
[2024-09-13T02:55:34.391+0000] {logging_mixin.py:188} INFO - [2024-09-13T02:55:34.391+0000] {dag.py:3823} INFO - Setting next_dagrun for dataset_consumes_1_and_2 to None, run_after=None
[2024-09-13T02:55:34.393+0000] {logging_mixin.py:188} INFO - [2024-09-13T02:55:34.393+0000] {dag.py:3823} INFO - Setting next_dagrun for dataset_consumes_1_never_scheduled to None, run_after=None
[2024-09-13T02:55:34.394+0000] {logging_mixin.py:188} INFO - [2024-09-13T02:55:34.394+0000] {dag.py:3823} INFO - Setting next_dagrun for dataset_consumes_unknown_never_scheduled to None, run_after=None
[2024-09-13T02:55:34.396+0000] {logging_mixin.py:188} INFO - [2024-09-13T02:55:34.396+0000] {dag.py:3823} INFO - Setting next_dagrun for dataset_produces_1 to 2024-09-12 00:00:00+00:00, run_after=2024-09-13 00:00:00+00:00
[2024-09-13T02:55:34.398+0000] {logging_mixin.py:188} INFO - [2024-09-13T02:55:34.398+0000] {dag.py:3823} INFO - Setting next_dagrun for dataset_produces_2 to None, run_after=None
[2024-09-13T02:55:34.417+0000] {processor.py:183} INFO - Processing /home/airflow/.local/lib/python3.8/site-packages/airflow/example_dags/example_datasets.py took 0.079 seconds
