[2024-09-13T02:38:42.412+0000] {processor.py:161} INFO - Started process (PID=228) to work on /home/airflow/.local/lib/python3.8/site-packages/airflow/example_dags/tutorial_objectstorage.py
[2024-09-13T02:38:42.413+0000] {processor.py:830} INFO - Processing file /home/airflow/.local/lib/python3.8/site-packages/airflow/example_dags/tutorial_objectstorage.py for tasks to queue
[2024-09-13T02:38:42.414+0000] {logging_mixin.py:188} INFO - [2024-09-13T02:38:42.414+0000] {dagbag.py:538} INFO - Filling up the DagBag from /home/airflow/.local/lib/python3.8/site-packages/airflow/example_dags/tutorial_objectstorage.py
[2024-09-13T02:38:42.420+0000] {processor.py:840} INFO - DAG(s) 'tutorial_objectstorage' retrieved from /home/airflow/.local/lib/python3.8/site-packages/airflow/example_dags/tutorial_objectstorage.py
[2024-09-13T02:38:42.432+0000] {logging_mixin.py:188} INFO - [2024-09-13T02:38:42.432+0000] {dag.py:3036} INFO - Sync 1 DAGs
[2024-09-13T02:38:42.439+0000] {logging_mixin.py:188} INFO - [2024-09-13T02:38:42.439+0000] {dag.py:3823} INFO - Setting next_dagrun for tutorial_objectstorage to None, run_after=None
[2024-09-13T02:38:42.452+0000] {processor.py:183} INFO - Processing /home/airflow/.local/lib/python3.8/site-packages/airflow/example_dags/tutorial_objectstorage.py took 0.042 seconds
[2024-09-13T02:39:13.396+0000] {processor.py:161} INFO - Started process (PID=473) to work on /home/airflow/.local/lib/python3.8/site-packages/airflow/example_dags/tutorial_objectstorage.py
[2024-09-13T02:39:13.396+0000] {processor.py:830} INFO - Processing file /home/airflow/.local/lib/python3.8/site-packages/airflow/example_dags/tutorial_objectstorage.py for tasks to queue
[2024-09-13T02:39:13.397+0000] {logging_mixin.py:188} INFO - [2024-09-13T02:39:13.397+0000] {dagbag.py:538} INFO - Filling up the DagBag from /home/airflow/.local/lib/python3.8/site-packages/airflow/example_dags/tutorial_objectstorage.py
[2024-09-13T02:39:13.402+0000] {processor.py:840} INFO - DAG(s) 'tutorial_objectstorage' retrieved from /home/airflow/.local/lib/python3.8/site-packages/airflow/example_dags/tutorial_objectstorage.py
[2024-09-13T02:39:13.414+0000] {logging_mixin.py:188} INFO - [2024-09-13T02:39:13.414+0000] {dag.py:3036} INFO - Sync 1 DAGs
[2024-09-13T02:39:13.420+0000] {logging_mixin.py:188} INFO - [2024-09-13T02:39:13.420+0000] {dag.py:3823} INFO - Setting next_dagrun for tutorial_objectstorage to None, run_after=None
[2024-09-13T02:39:13.432+0000] {processor.py:183} INFO - Processing /home/airflow/.local/lib/python3.8/site-packages/airflow/example_dags/tutorial_objectstorage.py took 0.038 seconds
[2024-09-13T02:39:44.075+0000] {processor.py:161} INFO - Started process (PID=720) to work on /home/airflow/.local/lib/python3.8/site-packages/airflow/example_dags/tutorial_objectstorage.py
[2024-09-13T02:39:44.076+0000] {processor.py:830} INFO - Processing file /home/airflow/.local/lib/python3.8/site-packages/airflow/example_dags/tutorial_objectstorage.py for tasks to queue
[2024-09-13T02:39:44.076+0000] {logging_mixin.py:188} INFO - [2024-09-13T02:39:44.076+0000] {dagbag.py:538} INFO - Filling up the DagBag from /home/airflow/.local/lib/python3.8/site-packages/airflow/example_dags/tutorial_objectstorage.py
[2024-09-13T02:39:44.081+0000] {processor.py:840} INFO - DAG(s) 'tutorial_objectstorage' retrieved from /home/airflow/.local/lib/python3.8/site-packages/airflow/example_dags/tutorial_objectstorage.py
[2024-09-13T02:39:44.093+0000] {logging_mixin.py:188} INFO - [2024-09-13T02:39:44.093+0000] {dag.py:3036} INFO - Sync 1 DAGs
[2024-09-13T02:39:44.100+0000] {logging_mixin.py:188} INFO - [2024-09-13T02:39:44.100+0000] {dag.py:3823} INFO - Setting next_dagrun for tutorial_objectstorage to None, run_after=None
[2024-09-13T02:39:44.109+0000] {processor.py:183} INFO - Processing /home/airflow/.local/lib/python3.8/site-packages/airflow/example_dags/tutorial_objectstorage.py took 0.036 seconds
[2024-09-13T02:40:15.089+0000] {processor.py:161} INFO - Started process (PID=967) to work on /home/airflow/.local/lib/python3.8/site-packages/airflow/example_dags/tutorial_objectstorage.py
[2024-09-13T02:40:15.090+0000] {processor.py:830} INFO - Processing file /home/airflow/.local/lib/python3.8/site-packages/airflow/example_dags/tutorial_objectstorage.py for tasks to queue
[2024-09-13T02:40:15.090+0000] {logging_mixin.py:188} INFO - [2024-09-13T02:40:15.090+0000] {dagbag.py:538} INFO - Filling up the DagBag from /home/airflow/.local/lib/python3.8/site-packages/airflow/example_dags/tutorial_objectstorage.py
[2024-09-13T02:40:15.095+0000] {processor.py:840} INFO - DAG(s) 'tutorial_objectstorage' retrieved from /home/airflow/.local/lib/python3.8/site-packages/airflow/example_dags/tutorial_objectstorage.py
[2024-09-13T02:40:15.108+0000] {logging_mixin.py:188} INFO - [2024-09-13T02:40:15.108+0000] {dag.py:3036} INFO - Sync 1 DAGs
[2024-09-13T02:40:15.116+0000] {logging_mixin.py:188} INFO - [2024-09-13T02:40:15.115+0000] {dag.py:3823} INFO - Setting next_dagrun for tutorial_objectstorage to None, run_after=None
[2024-09-13T02:40:15.127+0000] {processor.py:183} INFO - Processing /home/airflow/.local/lib/python3.8/site-packages/airflow/example_dags/tutorial_objectstorage.py took 0.040 seconds
[2024-09-13T02:40:45.285+0000] {processor.py:161} INFO - Started process (PID=1213) to work on /home/airflow/.local/lib/python3.8/site-packages/airflow/example_dags/tutorial_objectstorage.py
[2024-09-13T02:40:45.286+0000] {processor.py:830} INFO - Processing file /home/airflow/.local/lib/python3.8/site-packages/airflow/example_dags/tutorial_objectstorage.py for tasks to queue
[2024-09-13T02:40:45.286+0000] {logging_mixin.py:188} INFO - [2024-09-13T02:40:45.286+0000] {dagbag.py:538} INFO - Filling up the DagBag from /home/airflow/.local/lib/python3.8/site-packages/airflow/example_dags/tutorial_objectstorage.py
[2024-09-13T02:40:45.292+0000] {processor.py:840} INFO - DAG(s) 'tutorial_objectstorage' retrieved from /home/airflow/.local/lib/python3.8/site-packages/airflow/example_dags/tutorial_objectstorage.py
[2024-09-13T02:40:45.304+0000] {logging_mixin.py:188} INFO - [2024-09-13T02:40:45.304+0000] {dag.py:3036} INFO - Sync 1 DAGs
[2024-09-13T02:40:45.312+0000] {logging_mixin.py:188} INFO - [2024-09-13T02:40:45.312+0000] {dag.py:3823} INFO - Setting next_dagrun for tutorial_objectstorage to None, run_after=None
[2024-09-13T02:40:45.323+0000] {processor.py:183} INFO - Processing /home/airflow/.local/lib/python3.8/site-packages/airflow/example_dags/tutorial_objectstorage.py took 0.040 seconds
[2024-09-13T02:41:15.412+0000] {processor.py:161} INFO - Started process (PID=1460) to work on /home/airflow/.local/lib/python3.8/site-packages/airflow/example_dags/tutorial_objectstorage.py
[2024-09-13T02:41:15.413+0000] {processor.py:830} INFO - Processing file /home/airflow/.local/lib/python3.8/site-packages/airflow/example_dags/tutorial_objectstorage.py for tasks to queue
[2024-09-13T02:41:15.414+0000] {logging_mixin.py:188} INFO - [2024-09-13T02:41:15.414+0000] {dagbag.py:538} INFO - Filling up the DagBag from /home/airflow/.local/lib/python3.8/site-packages/airflow/example_dags/tutorial_objectstorage.py
[2024-09-13T02:41:15.419+0000] {processor.py:840} INFO - DAG(s) 'tutorial_objectstorage' retrieved from /home/airflow/.local/lib/python3.8/site-packages/airflow/example_dags/tutorial_objectstorage.py
[2024-09-13T02:41:15.430+0000] {logging_mixin.py:188} INFO - [2024-09-13T02:41:15.430+0000] {dag.py:3036} INFO - Sync 1 DAGs
[2024-09-13T02:41:15.437+0000] {logging_mixin.py:188} INFO - [2024-09-13T02:41:15.437+0000] {dag.py:3823} INFO - Setting next_dagrun for tutorial_objectstorage to None, run_after=None
[2024-09-13T02:41:15.447+0000] {processor.py:183} INFO - Processing /home/airflow/.local/lib/python3.8/site-packages/airflow/example_dags/tutorial_objectstorage.py took 0.037 seconds
[2024-09-13T02:41:46.167+0000] {processor.py:161} INFO - Started process (PID=1706) to work on /home/airflow/.local/lib/python3.8/site-packages/airflow/example_dags/tutorial_objectstorage.py
[2024-09-13T02:41:46.168+0000] {processor.py:830} INFO - Processing file /home/airflow/.local/lib/python3.8/site-packages/airflow/example_dags/tutorial_objectstorage.py for tasks to queue
[2024-09-13T02:41:46.169+0000] {logging_mixin.py:188} INFO - [2024-09-13T02:41:46.169+0000] {dagbag.py:538} INFO - Filling up the DagBag from /home/airflow/.local/lib/python3.8/site-packages/airflow/example_dags/tutorial_objectstorage.py
[2024-09-13T02:41:46.174+0000] {processor.py:840} INFO - DAG(s) 'tutorial_objectstorage' retrieved from /home/airflow/.local/lib/python3.8/site-packages/airflow/example_dags/tutorial_objectstorage.py
[2024-09-13T02:41:46.208+0000] {logging_mixin.py:188} INFO - [2024-09-13T02:41:46.208+0000] {dag.py:3036} INFO - Sync 1 DAGs
[2024-09-13T02:41:46.229+0000] {logging_mixin.py:188} INFO - [2024-09-13T02:41:46.228+0000] {dag.py:3823} INFO - Setting next_dagrun for tutorial_objectstorage to None, run_after=None
[2024-09-13T02:41:46.245+0000] {processor.py:183} INFO - Processing /home/airflow/.local/lib/python3.8/site-packages/airflow/example_dags/tutorial_objectstorage.py took 0.080 seconds
[2024-09-13T02:42:16.832+0000] {processor.py:161} INFO - Started process (PID=1953) to work on /home/airflow/.local/lib/python3.8/site-packages/airflow/example_dags/tutorial_objectstorage.py
[2024-09-13T02:42:16.832+0000] {processor.py:830} INFO - Processing file /home/airflow/.local/lib/python3.8/site-packages/airflow/example_dags/tutorial_objectstorage.py for tasks to queue
[2024-09-13T02:42:16.833+0000] {logging_mixin.py:188} INFO - [2024-09-13T02:42:16.833+0000] {dagbag.py:538} INFO - Filling up the DagBag from /home/airflow/.local/lib/python3.8/site-packages/airflow/example_dags/tutorial_objectstorage.py
[2024-09-13T02:42:16.837+0000] {processor.py:840} INFO - DAG(s) 'tutorial_objectstorage' retrieved from /home/airflow/.local/lib/python3.8/site-packages/airflow/example_dags/tutorial_objectstorage.py
[2024-09-13T02:42:16.848+0000] {logging_mixin.py:188} INFO - [2024-09-13T02:42:16.848+0000] {dag.py:3036} INFO - Sync 1 DAGs
[2024-09-13T02:42:16.855+0000] {logging_mixin.py:188} INFO - [2024-09-13T02:42:16.855+0000] {dag.py:3823} INFO - Setting next_dagrun for tutorial_objectstorage to None, run_after=None
[2024-09-13T02:42:16.869+0000] {processor.py:183} INFO - Processing /home/airflow/.local/lib/python3.8/site-packages/airflow/example_dags/tutorial_objectstorage.py took 0.040 seconds
[2024-09-13T02:42:47.757+0000] {processor.py:161} INFO - Started process (PID=2202) to work on /home/airflow/.local/lib/python3.8/site-packages/airflow/example_dags/tutorial_objectstorage.py
[2024-09-13T02:42:47.758+0000] {processor.py:830} INFO - Processing file /home/airflow/.local/lib/python3.8/site-packages/airflow/example_dags/tutorial_objectstorage.py for tasks to queue
[2024-09-13T02:42:47.759+0000] {logging_mixin.py:188} INFO - [2024-09-13T02:42:47.759+0000] {dagbag.py:538} INFO - Filling up the DagBag from /home/airflow/.local/lib/python3.8/site-packages/airflow/example_dags/tutorial_objectstorage.py
[2024-09-13T02:42:47.763+0000] {processor.py:840} INFO - DAG(s) 'tutorial_objectstorage' retrieved from /home/airflow/.local/lib/python3.8/site-packages/airflow/example_dags/tutorial_objectstorage.py
[2024-09-13T02:42:47.774+0000] {logging_mixin.py:188} INFO - [2024-09-13T02:42:47.774+0000] {dag.py:3036} INFO - Sync 1 DAGs
[2024-09-13T02:42:47.780+0000] {logging_mixin.py:188} INFO - [2024-09-13T02:42:47.780+0000] {dag.py:3823} INFO - Setting next_dagrun for tutorial_objectstorage to None, run_after=None
[2024-09-13T02:42:47.789+0000] {processor.py:183} INFO - Processing /home/airflow/.local/lib/python3.8/site-packages/airflow/example_dags/tutorial_objectstorage.py took 0.034 seconds
[2024-09-13T02:43:17.816+0000] {processor.py:161} INFO - Started process (PID=2449) to work on /home/airflow/.local/lib/python3.8/site-packages/airflow/example_dags/tutorial_objectstorage.py
[2024-09-13T02:43:17.817+0000] {processor.py:830} INFO - Processing file /home/airflow/.local/lib/python3.8/site-packages/airflow/example_dags/tutorial_objectstorage.py for tasks to queue
[2024-09-13T02:43:17.817+0000] {logging_mixin.py:188} INFO - [2024-09-13T02:43:17.817+0000] {dagbag.py:538} INFO - Filling up the DagBag from /home/airflow/.local/lib/python3.8/site-packages/airflow/example_dags/tutorial_objectstorage.py
[2024-09-13T02:43:17.821+0000] {processor.py:840} INFO - DAG(s) 'tutorial_objectstorage' retrieved from /home/airflow/.local/lib/python3.8/site-packages/airflow/example_dags/tutorial_objectstorage.py
[2024-09-13T02:43:17.831+0000] {logging_mixin.py:188} INFO - [2024-09-13T02:43:17.831+0000] {dag.py:3036} INFO - Sync 1 DAGs
[2024-09-13T02:43:17.837+0000] {logging_mixin.py:188} INFO - [2024-09-13T02:43:17.837+0000] {dag.py:3823} INFO - Setting next_dagrun for tutorial_objectstorage to None, run_after=None
[2024-09-13T02:43:17.845+0000] {processor.py:183} INFO - Processing /home/airflow/.local/lib/python3.8/site-packages/airflow/example_dags/tutorial_objectstorage.py took 0.031 seconds
[2024-09-13T02:43:48.512+0000] {processor.py:161} INFO - Started process (PID=2696) to work on /home/airflow/.local/lib/python3.8/site-packages/airflow/example_dags/tutorial_objectstorage.py
[2024-09-13T02:43:48.513+0000] {processor.py:830} INFO - Processing file /home/airflow/.local/lib/python3.8/site-packages/airflow/example_dags/tutorial_objectstorage.py for tasks to queue
[2024-09-13T02:43:48.513+0000] {logging_mixin.py:188} INFO - [2024-09-13T02:43:48.513+0000] {dagbag.py:538} INFO - Filling up the DagBag from /home/airflow/.local/lib/python3.8/site-packages/airflow/example_dags/tutorial_objectstorage.py
[2024-09-13T02:43:48.518+0000] {processor.py:840} INFO - DAG(s) 'tutorial_objectstorage' retrieved from /home/airflow/.local/lib/python3.8/site-packages/airflow/example_dags/tutorial_objectstorage.py
[2024-09-13T02:43:48.528+0000] {logging_mixin.py:188} INFO - [2024-09-13T02:43:48.528+0000] {dag.py:3036} INFO - Sync 1 DAGs
[2024-09-13T02:43:48.534+0000] {logging_mixin.py:188} INFO - [2024-09-13T02:43:48.534+0000] {dag.py:3823} INFO - Setting next_dagrun for tutorial_objectstorage to None, run_after=None
[2024-09-13T02:43:48.542+0000] {processor.py:183} INFO - Processing /home/airflow/.local/lib/python3.8/site-packages/airflow/example_dags/tutorial_objectstorage.py took 0.032 seconds
[2024-09-13T02:44:19.199+0000] {processor.py:161} INFO - Started process (PID=2943) to work on /home/airflow/.local/lib/python3.8/site-packages/airflow/example_dags/tutorial_objectstorage.py
[2024-09-13T02:44:19.200+0000] {processor.py:830} INFO - Processing file /home/airflow/.local/lib/python3.8/site-packages/airflow/example_dags/tutorial_objectstorage.py for tasks to queue
[2024-09-13T02:44:19.200+0000] {logging_mixin.py:188} INFO - [2024-09-13T02:44:19.200+0000] {dagbag.py:538} INFO - Filling up the DagBag from /home/airflow/.local/lib/python3.8/site-packages/airflow/example_dags/tutorial_objectstorage.py
[2024-09-13T02:44:19.205+0000] {processor.py:840} INFO - DAG(s) 'tutorial_objectstorage' retrieved from /home/airflow/.local/lib/python3.8/site-packages/airflow/example_dags/tutorial_objectstorage.py
[2024-09-13T02:44:19.218+0000] {logging_mixin.py:188} INFO - [2024-09-13T02:44:19.218+0000] {dag.py:3036} INFO - Sync 1 DAGs
[2024-09-13T02:44:19.225+0000] {logging_mixin.py:188} INFO - [2024-09-13T02:44:19.225+0000] {dag.py:3823} INFO - Setting next_dagrun for tutorial_objectstorage to None, run_after=None
[2024-09-13T02:44:19.233+0000] {processor.py:183} INFO - Processing /home/airflow/.local/lib/python3.8/site-packages/airflow/example_dags/tutorial_objectstorage.py took 0.036 seconds
[2024-09-13T02:44:49.924+0000] {processor.py:161} INFO - Started process (PID=3188) to work on /home/airflow/.local/lib/python3.8/site-packages/airflow/example_dags/tutorial_objectstorage.py
[2024-09-13T02:44:49.924+0000] {processor.py:830} INFO - Processing file /home/airflow/.local/lib/python3.8/site-packages/airflow/example_dags/tutorial_objectstorage.py for tasks to queue
[2024-09-13T02:44:49.925+0000] {logging_mixin.py:188} INFO - [2024-09-13T02:44:49.925+0000] {dagbag.py:538} INFO - Filling up the DagBag from /home/airflow/.local/lib/python3.8/site-packages/airflow/example_dags/tutorial_objectstorage.py
[2024-09-13T02:44:49.930+0000] {processor.py:840} INFO - DAG(s) 'tutorial_objectstorage' retrieved from /home/airflow/.local/lib/python3.8/site-packages/airflow/example_dags/tutorial_objectstorage.py
[2024-09-13T02:44:49.943+0000] {logging_mixin.py:188} INFO - [2024-09-13T02:44:49.943+0000] {dag.py:3036} INFO - Sync 1 DAGs
[2024-09-13T02:44:49.949+0000] {logging_mixin.py:188} INFO - [2024-09-13T02:44:49.949+0000] {dag.py:3823} INFO - Setting next_dagrun for tutorial_objectstorage to None, run_after=None
[2024-09-13T02:44:49.959+0000] {processor.py:183} INFO - Processing /home/airflow/.local/lib/python3.8/site-packages/airflow/example_dags/tutorial_objectstorage.py took 0.038 seconds
[2024-09-13T02:45:20.632+0000] {processor.py:161} INFO - Started process (PID=3437) to work on /home/airflow/.local/lib/python3.8/site-packages/airflow/example_dags/tutorial_objectstorage.py
[2024-09-13T02:45:20.633+0000] {processor.py:830} INFO - Processing file /home/airflow/.local/lib/python3.8/site-packages/airflow/example_dags/tutorial_objectstorage.py for tasks to queue
[2024-09-13T02:45:20.633+0000] {logging_mixin.py:188} INFO - [2024-09-13T02:45:20.633+0000] {dagbag.py:538} INFO - Filling up the DagBag from /home/airflow/.local/lib/python3.8/site-packages/airflow/example_dags/tutorial_objectstorage.py
[2024-09-13T02:45:20.638+0000] {processor.py:840} INFO - DAG(s) 'tutorial_objectstorage' retrieved from /home/airflow/.local/lib/python3.8/site-packages/airflow/example_dags/tutorial_objectstorage.py
[2024-09-13T02:45:20.650+0000] {logging_mixin.py:188} INFO - [2024-09-13T02:45:20.650+0000] {dag.py:3036} INFO - Sync 1 DAGs
[2024-09-13T02:45:20.658+0000] {logging_mixin.py:188} INFO - [2024-09-13T02:45:20.658+0000] {dag.py:3823} INFO - Setting next_dagrun for tutorial_objectstorage to None, run_after=None
[2024-09-13T02:45:20.669+0000] {processor.py:183} INFO - Processing /home/airflow/.local/lib/python3.8/site-packages/airflow/example_dags/tutorial_objectstorage.py took 0.039 seconds
[2024-09-13T02:45:50.717+0000] {processor.py:161} INFO - Started process (PID=3684) to work on /home/airflow/.local/lib/python3.8/site-packages/airflow/example_dags/tutorial_objectstorage.py
[2024-09-13T02:45:50.718+0000] {processor.py:830} INFO - Processing file /home/airflow/.local/lib/python3.8/site-packages/airflow/example_dags/tutorial_objectstorage.py for tasks to queue
[2024-09-13T02:45:50.718+0000] {logging_mixin.py:188} INFO - [2024-09-13T02:45:50.718+0000] {dagbag.py:538} INFO - Filling up the DagBag from /home/airflow/.local/lib/python3.8/site-packages/airflow/example_dags/tutorial_objectstorage.py
[2024-09-13T02:45:50.723+0000] {processor.py:840} INFO - DAG(s) 'tutorial_objectstorage' retrieved from /home/airflow/.local/lib/python3.8/site-packages/airflow/example_dags/tutorial_objectstorage.py
[2024-09-13T02:45:50.734+0000] {logging_mixin.py:188} INFO - [2024-09-13T02:45:50.734+0000] {dag.py:3036} INFO - Sync 1 DAGs
[2024-09-13T02:45:50.740+0000] {logging_mixin.py:188} INFO - [2024-09-13T02:45:50.740+0000] {dag.py:3823} INFO - Setting next_dagrun for tutorial_objectstorage to None, run_after=None
[2024-09-13T02:45:50.749+0000] {processor.py:183} INFO - Processing /home/airflow/.local/lib/python3.8/site-packages/airflow/example_dags/tutorial_objectstorage.py took 0.034 seconds
[2024-09-13T02:46:20.965+0000] {processor.py:161} INFO - Started process (PID=3929) to work on /home/airflow/.local/lib/python3.8/site-packages/airflow/example_dags/tutorial_objectstorage.py
[2024-09-13T02:46:20.966+0000] {processor.py:830} INFO - Processing file /home/airflow/.local/lib/python3.8/site-packages/airflow/example_dags/tutorial_objectstorage.py for tasks to queue
[2024-09-13T02:46:20.967+0000] {logging_mixin.py:188} INFO - [2024-09-13T02:46:20.967+0000] {dagbag.py:538} INFO - Filling up the DagBag from /home/airflow/.local/lib/python3.8/site-packages/airflow/example_dags/tutorial_objectstorage.py
[2024-09-13T02:46:20.971+0000] {processor.py:840} INFO - DAG(s) 'tutorial_objectstorage' retrieved from /home/airflow/.local/lib/python3.8/site-packages/airflow/example_dags/tutorial_objectstorage.py
[2024-09-13T02:46:20.983+0000] {logging_mixin.py:188} INFO - [2024-09-13T02:46:20.983+0000] {dag.py:3036} INFO - Sync 1 DAGs
[2024-09-13T02:46:20.990+0000] {logging_mixin.py:188} INFO - [2024-09-13T02:46:20.990+0000] {dag.py:3823} INFO - Setting next_dagrun for tutorial_objectstorage to None, run_after=None
[2024-09-13T02:46:21.001+0000] {processor.py:183} INFO - Processing /home/airflow/.local/lib/python3.8/site-packages/airflow/example_dags/tutorial_objectstorage.py took 0.037 seconds
[2024-09-13T02:46:51.325+0000] {processor.py:161} INFO - Started process (PID=4176) to work on /home/airflow/.local/lib/python3.8/site-packages/airflow/example_dags/tutorial_objectstorage.py
[2024-09-13T02:46:51.326+0000] {processor.py:830} INFO - Processing file /home/airflow/.local/lib/python3.8/site-packages/airflow/example_dags/tutorial_objectstorage.py for tasks to queue
[2024-09-13T02:46:51.327+0000] {logging_mixin.py:188} INFO - [2024-09-13T02:46:51.326+0000] {dagbag.py:538} INFO - Filling up the DagBag from /home/airflow/.local/lib/python3.8/site-packages/airflow/example_dags/tutorial_objectstorage.py
[2024-09-13T02:46:51.331+0000] {processor.py:840} INFO - DAG(s) 'tutorial_objectstorage' retrieved from /home/airflow/.local/lib/python3.8/site-packages/airflow/example_dags/tutorial_objectstorage.py
[2024-09-13T02:46:51.342+0000] {logging_mixin.py:188} INFO - [2024-09-13T02:46:51.342+0000] {dag.py:3036} INFO - Sync 1 DAGs
[2024-09-13T02:46:51.348+0000] {logging_mixin.py:188} INFO - [2024-09-13T02:46:51.348+0000] {dag.py:3823} INFO - Setting next_dagrun for tutorial_objectstorage to None, run_after=None
[2024-09-13T02:46:51.357+0000] {processor.py:183} INFO - Processing /home/airflow/.local/lib/python3.8/site-packages/airflow/example_dags/tutorial_objectstorage.py took 0.034 seconds
[2024-09-13T02:47:22.025+0000] {processor.py:161} INFO - Started process (PID=4425) to work on /home/airflow/.local/lib/python3.8/site-packages/airflow/example_dags/tutorial_objectstorage.py
[2024-09-13T02:47:22.026+0000] {processor.py:830} INFO - Processing file /home/airflow/.local/lib/python3.8/site-packages/airflow/example_dags/tutorial_objectstorage.py for tasks to queue
[2024-09-13T02:47:22.026+0000] {logging_mixin.py:188} INFO - [2024-09-13T02:47:22.026+0000] {dagbag.py:538} INFO - Filling up the DagBag from /home/airflow/.local/lib/python3.8/site-packages/airflow/example_dags/tutorial_objectstorage.py
[2024-09-13T02:47:22.032+0000] {processor.py:840} INFO - DAG(s) 'tutorial_objectstorage' retrieved from /home/airflow/.local/lib/python3.8/site-packages/airflow/example_dags/tutorial_objectstorage.py
[2024-09-13T02:47:22.044+0000] {logging_mixin.py:188} INFO - [2024-09-13T02:47:22.044+0000] {dag.py:3036} INFO - Sync 1 DAGs
[2024-09-13T02:47:22.051+0000] {logging_mixin.py:188} INFO - [2024-09-13T02:47:22.051+0000] {dag.py:3823} INFO - Setting next_dagrun for tutorial_objectstorage to None, run_after=None
[2024-09-13T02:47:22.060+0000] {processor.py:183} INFO - Processing /home/airflow/.local/lib/python3.8/site-packages/airflow/example_dags/tutorial_objectstorage.py took 0.038 seconds
[2024-09-13T02:47:52.830+0000] {processor.py:161} INFO - Started process (PID=4672) to work on /home/airflow/.local/lib/python3.8/site-packages/airflow/example_dags/tutorial_objectstorage.py
[2024-09-13T02:47:52.831+0000] {processor.py:830} INFO - Processing file /home/airflow/.local/lib/python3.8/site-packages/airflow/example_dags/tutorial_objectstorage.py for tasks to queue
[2024-09-13T02:47:52.831+0000] {logging_mixin.py:188} INFO - [2024-09-13T02:47:52.831+0000] {dagbag.py:538} INFO - Filling up the DagBag from /home/airflow/.local/lib/python3.8/site-packages/airflow/example_dags/tutorial_objectstorage.py
[2024-09-13T02:47:52.838+0000] {processor.py:840} INFO - DAG(s) 'tutorial_objectstorage' retrieved from /home/airflow/.local/lib/python3.8/site-packages/airflow/example_dags/tutorial_objectstorage.py
[2024-09-13T02:47:52.855+0000] {logging_mixin.py:188} INFO - [2024-09-13T02:47:52.855+0000] {dag.py:3036} INFO - Sync 1 DAGs
[2024-09-13T02:47:52.863+0000] {logging_mixin.py:188} INFO - [2024-09-13T02:47:52.862+0000] {dag.py:3823} INFO - Setting next_dagrun for tutorial_objectstorage to None, run_after=None
[2024-09-13T02:47:52.877+0000] {processor.py:183} INFO - Processing /home/airflow/.local/lib/python3.8/site-packages/airflow/example_dags/tutorial_objectstorage.py took 0.049 seconds
[2024-09-13T02:48:23.054+0000] {processor.py:161} INFO - Started process (PID=4917) to work on /home/airflow/.local/lib/python3.8/site-packages/airflow/example_dags/tutorial_objectstorage.py
[2024-09-13T02:48:23.055+0000] {processor.py:830} INFO - Processing file /home/airflow/.local/lib/python3.8/site-packages/airflow/example_dags/tutorial_objectstorage.py for tasks to queue
[2024-09-13T02:48:23.056+0000] {logging_mixin.py:188} INFO - [2024-09-13T02:48:23.055+0000] {dagbag.py:538} INFO - Filling up the DagBag from /home/airflow/.local/lib/python3.8/site-packages/airflow/example_dags/tutorial_objectstorage.py
[2024-09-13T02:48:23.060+0000] {processor.py:840} INFO - DAG(s) 'tutorial_objectstorage' retrieved from /home/airflow/.local/lib/python3.8/site-packages/airflow/example_dags/tutorial_objectstorage.py
[2024-09-13T02:48:23.072+0000] {logging_mixin.py:188} INFO - [2024-09-13T02:48:23.072+0000] {dag.py:3036} INFO - Sync 1 DAGs
[2024-09-13T02:48:23.078+0000] {logging_mixin.py:188} INFO - [2024-09-13T02:48:23.078+0000] {dag.py:3823} INFO - Setting next_dagrun for tutorial_objectstorage to None, run_after=None
[2024-09-13T02:48:23.086+0000] {processor.py:183} INFO - Processing /home/airflow/.local/lib/python3.8/site-packages/airflow/example_dags/tutorial_objectstorage.py took 0.034 seconds
[2024-09-13T02:48:54.162+0000] {processor.py:161} INFO - Started process (PID=5164) to work on /home/airflow/.local/lib/python3.8/site-packages/airflow/example_dags/tutorial_objectstorage.py
[2024-09-13T02:48:54.163+0000] {processor.py:830} INFO - Processing file /home/airflow/.local/lib/python3.8/site-packages/airflow/example_dags/tutorial_objectstorage.py for tasks to queue
[2024-09-13T02:48:54.164+0000] {logging_mixin.py:188} INFO - [2024-09-13T02:48:54.164+0000] {dagbag.py:538} INFO - Filling up the DagBag from /home/airflow/.local/lib/python3.8/site-packages/airflow/example_dags/tutorial_objectstorage.py
[2024-09-13T02:48:54.169+0000] {processor.py:840} INFO - DAG(s) 'tutorial_objectstorage' retrieved from /home/airflow/.local/lib/python3.8/site-packages/airflow/example_dags/tutorial_objectstorage.py
[2024-09-13T02:48:54.180+0000] {logging_mixin.py:188} INFO - [2024-09-13T02:48:54.180+0000] {dag.py:3036} INFO - Sync 1 DAGs
[2024-09-13T02:48:54.187+0000] {logging_mixin.py:188} INFO - [2024-09-13T02:48:54.186+0000] {dag.py:3823} INFO - Setting next_dagrun for tutorial_objectstorage to None, run_after=None
[2024-09-13T02:48:54.197+0000] {processor.py:183} INFO - Processing /home/airflow/.local/lib/python3.8/site-packages/airflow/example_dags/tutorial_objectstorage.py took 0.036 seconds
[2024-09-13T02:49:24.824+0000] {processor.py:161} INFO - Started process (PID=5411) to work on /home/airflow/.local/lib/python3.8/site-packages/airflow/example_dags/tutorial_objectstorage.py
[2024-09-13T02:49:24.825+0000] {processor.py:830} INFO - Processing file /home/airflow/.local/lib/python3.8/site-packages/airflow/example_dags/tutorial_objectstorage.py for tasks to queue
[2024-09-13T02:49:24.826+0000] {logging_mixin.py:188} INFO - [2024-09-13T02:49:24.826+0000] {dagbag.py:538} INFO - Filling up the DagBag from /home/airflow/.local/lib/python3.8/site-packages/airflow/example_dags/tutorial_objectstorage.py
[2024-09-13T02:49:24.831+0000] {processor.py:840} INFO - DAG(s) 'tutorial_objectstorage' retrieved from /home/airflow/.local/lib/python3.8/site-packages/airflow/example_dags/tutorial_objectstorage.py
[2024-09-13T02:49:24.843+0000] {logging_mixin.py:188} INFO - [2024-09-13T02:49:24.843+0000] {dag.py:3036} INFO - Sync 1 DAGs
[2024-09-13T02:49:24.850+0000] {logging_mixin.py:188} INFO - [2024-09-13T02:49:24.850+0000] {dag.py:3823} INFO - Setting next_dagrun for tutorial_objectstorage to None, run_after=None
[2024-09-13T02:49:24.860+0000] {processor.py:183} INFO - Processing /home/airflow/.local/lib/python3.8/site-packages/airflow/example_dags/tutorial_objectstorage.py took 0.038 seconds
[2024-09-13T02:49:55.105+0000] {processor.py:161} INFO - Started process (PID=5658) to work on /home/airflow/.local/lib/python3.8/site-packages/airflow/example_dags/tutorial_objectstorage.py
[2024-09-13T02:49:55.107+0000] {processor.py:830} INFO - Processing file /home/airflow/.local/lib/python3.8/site-packages/airflow/example_dags/tutorial_objectstorage.py for tasks to queue
[2024-09-13T02:49:55.107+0000] {logging_mixin.py:188} INFO - [2024-09-13T02:49:55.107+0000] {dagbag.py:538} INFO - Filling up the DagBag from /home/airflow/.local/lib/python3.8/site-packages/airflow/example_dags/tutorial_objectstorage.py
[2024-09-13T02:49:55.112+0000] {processor.py:840} INFO - DAG(s) 'tutorial_objectstorage' retrieved from /home/airflow/.local/lib/python3.8/site-packages/airflow/example_dags/tutorial_objectstorage.py
[2024-09-13T02:49:55.124+0000] {logging_mixin.py:188} INFO - [2024-09-13T02:49:55.123+0000] {dag.py:3036} INFO - Sync 1 DAGs
[2024-09-13T02:49:55.130+0000] {logging_mixin.py:188} INFO - [2024-09-13T02:49:55.130+0000] {dag.py:3823} INFO - Setting next_dagrun for tutorial_objectstorage to None, run_after=None
[2024-09-13T02:49:55.140+0000] {processor.py:183} INFO - Processing /home/airflow/.local/lib/python3.8/site-packages/airflow/example_dags/tutorial_objectstorage.py took 0.037 seconds
[2024-09-13T02:50:25.760+0000] {processor.py:161} INFO - Started process (PID=5906) to work on /home/airflow/.local/lib/python3.8/site-packages/airflow/example_dags/tutorial_objectstorage.py
[2024-09-13T02:50:25.761+0000] {processor.py:830} INFO - Processing file /home/airflow/.local/lib/python3.8/site-packages/airflow/example_dags/tutorial_objectstorage.py for tasks to queue
[2024-09-13T02:50:25.761+0000] {logging_mixin.py:188} INFO - [2024-09-13T02:50:25.761+0000] {dagbag.py:538} INFO - Filling up the DagBag from /home/airflow/.local/lib/python3.8/site-packages/airflow/example_dags/tutorial_objectstorage.py
[2024-09-13T02:50:25.767+0000] {processor.py:840} INFO - DAG(s) 'tutorial_objectstorage' retrieved from /home/airflow/.local/lib/python3.8/site-packages/airflow/example_dags/tutorial_objectstorage.py
[2024-09-13T02:50:25.779+0000] {logging_mixin.py:188} INFO - [2024-09-13T02:50:25.779+0000] {dag.py:3036} INFO - Sync 1 DAGs
[2024-09-13T02:50:25.786+0000] {logging_mixin.py:188} INFO - [2024-09-13T02:50:25.786+0000] {dag.py:3823} INFO - Setting next_dagrun for tutorial_objectstorage to None, run_after=None
[2024-09-13T02:50:25.796+0000] {processor.py:183} INFO - Processing /home/airflow/.local/lib/python3.8/site-packages/airflow/example_dags/tutorial_objectstorage.py took 0.038 seconds
[2024-09-13T02:50:56.481+0000] {processor.py:161} INFO - Started process (PID=6152) to work on /home/airflow/.local/lib/python3.8/site-packages/airflow/example_dags/tutorial_objectstorage.py
[2024-09-13T02:50:56.481+0000] {processor.py:830} INFO - Processing file /home/airflow/.local/lib/python3.8/site-packages/airflow/example_dags/tutorial_objectstorage.py for tasks to queue
[2024-09-13T02:50:56.482+0000] {logging_mixin.py:188} INFO - [2024-09-13T02:50:56.482+0000] {dagbag.py:538} INFO - Filling up the DagBag from /home/airflow/.local/lib/python3.8/site-packages/airflow/example_dags/tutorial_objectstorage.py
[2024-09-13T02:50:56.487+0000] {processor.py:840} INFO - DAG(s) 'tutorial_objectstorage' retrieved from /home/airflow/.local/lib/python3.8/site-packages/airflow/example_dags/tutorial_objectstorage.py
[2024-09-13T02:50:56.500+0000] {logging_mixin.py:188} INFO - [2024-09-13T02:50:56.500+0000] {dag.py:3036} INFO - Sync 1 DAGs
[2024-09-13T02:50:56.508+0000] {logging_mixin.py:188} INFO - [2024-09-13T02:50:56.508+0000] {dag.py:3823} INFO - Setting next_dagrun for tutorial_objectstorage to None, run_after=None
[2024-09-13T02:50:56.520+0000] {processor.py:183} INFO - Processing /home/airflow/.local/lib/python3.8/site-packages/airflow/example_dags/tutorial_objectstorage.py took 0.041 seconds
[2024-09-13T02:51:27.175+0000] {processor.py:161} INFO - Started process (PID=6399) to work on /home/airflow/.local/lib/python3.8/site-packages/airflow/example_dags/tutorial_objectstorage.py
[2024-09-13T02:51:27.176+0000] {processor.py:830} INFO - Processing file /home/airflow/.local/lib/python3.8/site-packages/airflow/example_dags/tutorial_objectstorage.py for tasks to queue
[2024-09-13T02:51:27.177+0000] {logging_mixin.py:188} INFO - [2024-09-13T02:51:27.177+0000] {dagbag.py:538} INFO - Filling up the DagBag from /home/airflow/.local/lib/python3.8/site-packages/airflow/example_dags/tutorial_objectstorage.py
[2024-09-13T02:51:27.182+0000] {processor.py:840} INFO - DAG(s) 'tutorial_objectstorage' retrieved from /home/airflow/.local/lib/python3.8/site-packages/airflow/example_dags/tutorial_objectstorage.py
[2024-09-13T02:51:27.194+0000] {logging_mixin.py:188} INFO - [2024-09-13T02:51:27.194+0000] {dag.py:3036} INFO - Sync 1 DAGs
[2024-09-13T02:51:27.203+0000] {logging_mixin.py:188} INFO - [2024-09-13T02:51:27.202+0000] {dag.py:3823} INFO - Setting next_dagrun for tutorial_objectstorage to None, run_after=None
[2024-09-13T02:51:27.214+0000] {processor.py:183} INFO - Processing /home/airflow/.local/lib/python3.8/site-packages/airflow/example_dags/tutorial_objectstorage.py took 0.040 seconds
[2024-09-13T02:51:57.881+0000] {processor.py:161} INFO - Started process (PID=6646) to work on /home/airflow/.local/lib/python3.8/site-packages/airflow/example_dags/tutorial_objectstorage.py
[2024-09-13T02:51:57.882+0000] {processor.py:830} INFO - Processing file /home/airflow/.local/lib/python3.8/site-packages/airflow/example_dags/tutorial_objectstorage.py for tasks to queue
[2024-09-13T02:51:57.883+0000] {logging_mixin.py:188} INFO - [2024-09-13T02:51:57.883+0000] {dagbag.py:538} INFO - Filling up the DagBag from /home/airflow/.local/lib/python3.8/site-packages/airflow/example_dags/tutorial_objectstorage.py
[2024-09-13T02:51:57.889+0000] {processor.py:840} INFO - DAG(s) 'tutorial_objectstorage' retrieved from /home/airflow/.local/lib/python3.8/site-packages/airflow/example_dags/tutorial_objectstorage.py
[2024-09-13T02:51:57.903+0000] {logging_mixin.py:188} INFO - [2024-09-13T02:51:57.903+0000] {dag.py:3036} INFO - Sync 1 DAGs
[2024-09-13T02:51:57.912+0000] {logging_mixin.py:188} INFO - [2024-09-13T02:51:57.912+0000] {dag.py:3823} INFO - Setting next_dagrun for tutorial_objectstorage to None, run_after=None
[2024-09-13T02:51:57.924+0000] {processor.py:183} INFO - Processing /home/airflow/.local/lib/python3.8/site-packages/airflow/example_dags/tutorial_objectstorage.py took 0.045 seconds
[2024-09-13T02:52:28.954+0000] {processor.py:161} INFO - Started process (PID=6893) to work on /home/airflow/.local/lib/python3.8/site-packages/airflow/example_dags/tutorial_objectstorage.py
[2024-09-13T02:52:28.956+0000] {processor.py:830} INFO - Processing file /home/airflow/.local/lib/python3.8/site-packages/airflow/example_dags/tutorial_objectstorage.py for tasks to queue
[2024-09-13T02:52:28.961+0000] {logging_mixin.py:188} INFO - [2024-09-13T02:52:28.960+0000] {dagbag.py:538} INFO - Filling up the DagBag from /home/airflow/.local/lib/python3.8/site-packages/airflow/example_dags/tutorial_objectstorage.py
[2024-09-13T02:52:28.971+0000] {processor.py:840} INFO - DAG(s) 'tutorial_objectstorage' retrieved from /home/airflow/.local/lib/python3.8/site-packages/airflow/example_dags/tutorial_objectstorage.py
[2024-09-13T02:52:28.991+0000] {logging_mixin.py:188} INFO - [2024-09-13T02:52:28.991+0000] {dag.py:3036} INFO - Sync 1 DAGs
[2024-09-13T02:52:29.002+0000] {logging_mixin.py:188} INFO - [2024-09-13T02:52:29.002+0000] {dag.py:3823} INFO - Setting next_dagrun for tutorial_objectstorage to None, run_after=None
[2024-09-13T02:52:29.017+0000] {processor.py:183} INFO - Processing /home/airflow/.local/lib/python3.8/site-packages/airflow/example_dags/tutorial_objectstorage.py took 0.074 seconds
[2024-09-13T02:52:59.063+0000] {processor.py:161} INFO - Started process (PID=7140) to work on /home/airflow/.local/lib/python3.8/site-packages/airflow/example_dags/tutorial_objectstorage.py
[2024-09-13T02:52:59.064+0000] {processor.py:830} INFO - Processing file /home/airflow/.local/lib/python3.8/site-packages/airflow/example_dags/tutorial_objectstorage.py for tasks to queue
[2024-09-13T02:52:59.065+0000] {logging_mixin.py:188} INFO - [2024-09-13T02:52:59.064+0000] {dagbag.py:538} INFO - Filling up the DagBag from /home/airflow/.local/lib/python3.8/site-packages/airflow/example_dags/tutorial_objectstorage.py
[2024-09-13T02:52:59.069+0000] {processor.py:840} INFO - DAG(s) 'tutorial_objectstorage' retrieved from /home/airflow/.local/lib/python3.8/site-packages/airflow/example_dags/tutorial_objectstorage.py
[2024-09-13T02:52:59.081+0000] {logging_mixin.py:188} INFO - [2024-09-13T02:52:59.081+0000] {dag.py:3036} INFO - Sync 1 DAGs
[2024-09-13T02:52:59.088+0000] {logging_mixin.py:188} INFO - [2024-09-13T02:52:59.088+0000] {dag.py:3823} INFO - Setting next_dagrun for tutorial_objectstorage to None, run_after=None
[2024-09-13T02:52:59.098+0000] {processor.py:183} INFO - Processing /home/airflow/.local/lib/python3.8/site-packages/airflow/example_dags/tutorial_objectstorage.py took 0.038 seconds
[2024-09-13T02:53:29.716+0000] {processor.py:161} INFO - Started process (PID=7387) to work on /home/airflow/.local/lib/python3.8/site-packages/airflow/example_dags/tutorial_objectstorage.py
[2024-09-13T02:53:29.717+0000] {processor.py:830} INFO - Processing file /home/airflow/.local/lib/python3.8/site-packages/airflow/example_dags/tutorial_objectstorage.py for tasks to queue
[2024-09-13T02:53:29.718+0000] {logging_mixin.py:188} INFO - [2024-09-13T02:53:29.717+0000] {dagbag.py:538} INFO - Filling up the DagBag from /home/airflow/.local/lib/python3.8/site-packages/airflow/example_dags/tutorial_objectstorage.py
[2024-09-13T02:53:29.723+0000] {processor.py:840} INFO - DAG(s) 'tutorial_objectstorage' retrieved from /home/airflow/.local/lib/python3.8/site-packages/airflow/example_dags/tutorial_objectstorage.py
[2024-09-13T02:53:29.734+0000] {logging_mixin.py:188} INFO - [2024-09-13T02:53:29.734+0000] {dag.py:3036} INFO - Sync 1 DAGs
[2024-09-13T02:53:29.741+0000] {logging_mixin.py:188} INFO - [2024-09-13T02:53:29.741+0000] {dag.py:3823} INFO - Setting next_dagrun for tutorial_objectstorage to None, run_after=None
[2024-09-13T02:53:29.752+0000] {processor.py:183} INFO - Processing /home/airflow/.local/lib/python3.8/site-packages/airflow/example_dags/tutorial_objectstorage.py took 0.038 seconds
[2024-09-13T02:54:00.530+0000] {processor.py:161} INFO - Started process (PID=7634) to work on /home/airflow/.local/lib/python3.8/site-packages/airflow/example_dags/tutorial_objectstorage.py
[2024-09-13T02:54:00.531+0000] {processor.py:830} INFO - Processing file /home/airflow/.local/lib/python3.8/site-packages/airflow/example_dags/tutorial_objectstorage.py for tasks to queue
[2024-09-13T02:54:00.531+0000] {logging_mixin.py:188} INFO - [2024-09-13T02:54:00.531+0000] {dagbag.py:538} INFO - Filling up the DagBag from /home/airflow/.local/lib/python3.8/site-packages/airflow/example_dags/tutorial_objectstorage.py
[2024-09-13T02:54:00.536+0000] {processor.py:840} INFO - DAG(s) 'tutorial_objectstorage' retrieved from /home/airflow/.local/lib/python3.8/site-packages/airflow/example_dags/tutorial_objectstorage.py
[2024-09-13T02:54:00.547+0000] {logging_mixin.py:188} INFO - [2024-09-13T02:54:00.546+0000] {dag.py:3036} INFO - Sync 1 DAGs
[2024-09-13T02:54:00.554+0000] {logging_mixin.py:188} INFO - [2024-09-13T02:54:00.553+0000] {dag.py:3823} INFO - Setting next_dagrun for tutorial_objectstorage to None, run_after=None
[2024-09-13T02:54:00.565+0000] {processor.py:183} INFO - Processing /home/airflow/.local/lib/python3.8/site-packages/airflow/example_dags/tutorial_objectstorage.py took 0.039 seconds
[2024-09-13T02:54:30.675+0000] {processor.py:161} INFO - Started process (PID=7881) to work on /home/airflow/.local/lib/python3.8/site-packages/airflow/example_dags/tutorial_objectstorage.py
[2024-09-13T02:54:30.676+0000] {processor.py:830} INFO - Processing file /home/airflow/.local/lib/python3.8/site-packages/airflow/example_dags/tutorial_objectstorage.py for tasks to queue
[2024-09-13T02:54:30.676+0000] {logging_mixin.py:188} INFO - [2024-09-13T02:54:30.676+0000] {dagbag.py:538} INFO - Filling up the DagBag from /home/airflow/.local/lib/python3.8/site-packages/airflow/example_dags/tutorial_objectstorage.py
[2024-09-13T02:54:30.682+0000] {processor.py:840} INFO - DAG(s) 'tutorial_objectstorage' retrieved from /home/airflow/.local/lib/python3.8/site-packages/airflow/example_dags/tutorial_objectstorage.py
[2024-09-13T02:54:30.694+0000] {logging_mixin.py:188} INFO - [2024-09-13T02:54:30.694+0000] {dag.py:3036} INFO - Sync 1 DAGs
[2024-09-13T02:54:30.701+0000] {logging_mixin.py:188} INFO - [2024-09-13T02:54:30.700+0000] {dag.py:3823} INFO - Setting next_dagrun for tutorial_objectstorage to None, run_after=None
[2024-09-13T02:54:30.710+0000] {processor.py:183} INFO - Processing /home/airflow/.local/lib/python3.8/site-packages/airflow/example_dags/tutorial_objectstorage.py took 0.038 seconds
[2024-09-13T02:55:00.779+0000] {processor.py:161} INFO - Started process (PID=8128) to work on /home/airflow/.local/lib/python3.8/site-packages/airflow/example_dags/tutorial_objectstorage.py
[2024-09-13T02:55:00.780+0000] {processor.py:830} INFO - Processing file /home/airflow/.local/lib/python3.8/site-packages/airflow/example_dags/tutorial_objectstorage.py for tasks to queue
[2024-09-13T02:55:00.781+0000] {logging_mixin.py:188} INFO - [2024-09-13T02:55:00.781+0000] {dagbag.py:538} INFO - Filling up the DagBag from /home/airflow/.local/lib/python3.8/site-packages/airflow/example_dags/tutorial_objectstorage.py
[2024-09-13T02:55:00.785+0000] {processor.py:840} INFO - DAG(s) 'tutorial_objectstorage' retrieved from /home/airflow/.local/lib/python3.8/site-packages/airflow/example_dags/tutorial_objectstorage.py
[2024-09-13T02:55:00.797+0000] {logging_mixin.py:188} INFO - [2024-09-13T02:55:00.796+0000] {dag.py:3036} INFO - Sync 1 DAGs
[2024-09-13T02:55:00.803+0000] {logging_mixin.py:188} INFO - [2024-09-13T02:55:00.803+0000] {dag.py:3823} INFO - Setting next_dagrun for tutorial_objectstorage to None, run_after=None
[2024-09-13T02:55:00.812+0000] {processor.py:183} INFO - Processing /home/airflow/.local/lib/python3.8/site-packages/airflow/example_dags/tutorial_objectstorage.py took 0.038 seconds
[2024-09-13T02:55:31.591+0000] {processor.py:161} INFO - Started process (PID=8375) to work on /home/airflow/.local/lib/python3.8/site-packages/airflow/example_dags/tutorial_objectstorage.py
[2024-09-13T02:55:31.591+0000] {processor.py:830} INFO - Processing file /home/airflow/.local/lib/python3.8/site-packages/airflow/example_dags/tutorial_objectstorage.py for tasks to queue
[2024-09-13T02:55:31.592+0000] {logging_mixin.py:188} INFO - [2024-09-13T02:55:31.592+0000] {dagbag.py:538} INFO - Filling up the DagBag from /home/airflow/.local/lib/python3.8/site-packages/airflow/example_dags/tutorial_objectstorage.py
[2024-09-13T02:55:31.597+0000] {processor.py:840} INFO - DAG(s) 'tutorial_objectstorage' retrieved from /home/airflow/.local/lib/python3.8/site-packages/airflow/example_dags/tutorial_objectstorage.py
[2024-09-13T02:55:31.611+0000] {logging_mixin.py:188} INFO - [2024-09-13T02:55:31.611+0000] {dag.py:3036} INFO - Sync 1 DAGs
[2024-09-13T02:55:31.619+0000] {logging_mixin.py:188} INFO - [2024-09-13T02:55:31.619+0000] {dag.py:3823} INFO - Setting next_dagrun for tutorial_objectstorage to None, run_after=None
[2024-09-13T02:55:31.629+0000] {processor.py:183} INFO - Processing /home/airflow/.local/lib/python3.8/site-packages/airflow/example_dags/tutorial_objectstorage.py took 0.041 seconds
