[2024-09-14T03:28:28.542+0000] {processor.py:161} INFO - Started process (PID=356) to work on /home/airflow/.local/lib/python3.8/site-packages/airflow/example_dags/example_sensors.py
[2024-09-14T03:28:28.544+0000] {processor.py:830} INFO - Processing file /home/airflow/.local/lib/python3.8/site-packages/airflow/example_dags/example_sensors.py for tasks to queue
[2024-09-14T03:28:28.544+0000] {logging_mixin.py:188} INFO - [2024-09-14T03:28:28.544+0000] {dagbag.py:538} INFO - Filling up the DagBag from /home/airflow/.local/lib/python3.8/site-packages/airflow/example_dags/example_sensors.py
[2024-09-14T03:28:28.551+0000] {processor.py:840} INFO - DAG(s) 'example_sensors' retrieved from /home/airflow/.local/lib/python3.8/site-packages/airflow/example_dags/example_sensors.py
[2024-09-14T03:28:28.569+0000] {logging_mixin.py:188} INFO - [2024-09-14T03:28:28.569+0000] {dag.py:3036} INFO - Sync 1 DAGs
[2024-09-14T03:28:28.577+0000] {logging_mixin.py:188} INFO - [2024-09-14T03:28:28.577+0000] {dag.py:3823} INFO - Setting next_dagrun for example_sensors to None, run_after=None
[2024-09-14T03:28:28.592+0000] {processor.py:183} INFO - Processing /home/airflow/.local/lib/python3.8/site-packages/airflow/example_dags/example_sensors.py took 0.054 seconds
[2024-09-14T03:28:59.506+0000] {processor.py:161} INFO - Started process (PID=603) to work on /home/airflow/.local/lib/python3.8/site-packages/airflow/example_dags/example_sensors.py
[2024-09-14T03:28:59.507+0000] {processor.py:830} INFO - Processing file /home/airflow/.local/lib/python3.8/site-packages/airflow/example_dags/example_sensors.py for tasks to queue
[2024-09-14T03:28:59.508+0000] {logging_mixin.py:188} INFO - [2024-09-14T03:28:59.508+0000] {dagbag.py:538} INFO - Filling up the DagBag from /home/airflow/.local/lib/python3.8/site-packages/airflow/example_dags/example_sensors.py
[2024-09-14T03:28:59.514+0000] {processor.py:840} INFO - DAG(s) 'example_sensors' retrieved from /home/airflow/.local/lib/python3.8/site-packages/airflow/example_dags/example_sensors.py
[2024-09-14T03:28:59.530+0000] {logging_mixin.py:188} INFO - [2024-09-14T03:28:59.530+0000] {dag.py:3036} INFO - Sync 1 DAGs
[2024-09-14T03:28:59.539+0000] {logging_mixin.py:188} INFO - [2024-09-14T03:28:59.539+0000] {dag.py:3823} INFO - Setting next_dagrun for example_sensors to None, run_after=None
[2024-09-14T03:28:59.551+0000] {processor.py:183} INFO - Processing /home/airflow/.local/lib/python3.8/site-packages/airflow/example_dags/example_sensors.py took 0.047 seconds
[2024-09-14T03:29:30.317+0000] {processor.py:161} INFO - Started process (PID=850) to work on /home/airflow/.local/lib/python3.8/site-packages/airflow/example_dags/example_sensors.py
[2024-09-14T03:29:30.318+0000] {processor.py:830} INFO - Processing file /home/airflow/.local/lib/python3.8/site-packages/airflow/example_dags/example_sensors.py for tasks to queue
[2024-09-14T03:29:30.319+0000] {logging_mixin.py:188} INFO - [2024-09-14T03:29:30.319+0000] {dagbag.py:538} INFO - Filling up the DagBag from /home/airflow/.local/lib/python3.8/site-packages/airflow/example_dags/example_sensors.py
[2024-09-14T03:29:30.324+0000] {processor.py:840} INFO - DAG(s) 'example_sensors' retrieved from /home/airflow/.local/lib/python3.8/site-packages/airflow/example_dags/example_sensors.py
[2024-09-14T03:29:30.338+0000] {logging_mixin.py:188} INFO - [2024-09-14T03:29:30.338+0000] {dag.py:3036} INFO - Sync 1 DAGs
[2024-09-14T03:29:30.344+0000] {logging_mixin.py:188} INFO - [2024-09-14T03:29:30.344+0000] {dag.py:3823} INFO - Setting next_dagrun for example_sensors to None, run_after=None
[2024-09-14T03:29:30.354+0000] {processor.py:183} INFO - Processing /home/airflow/.local/lib/python3.8/site-packages/airflow/example_dags/example_sensors.py took 0.039 seconds
[2024-09-14T03:30:01.048+0000] {processor.py:161} INFO - Started process (PID=1097) to work on /home/airflow/.local/lib/python3.8/site-packages/airflow/example_dags/example_sensors.py
[2024-09-14T03:30:01.049+0000] {processor.py:830} INFO - Processing file /home/airflow/.local/lib/python3.8/site-packages/airflow/example_dags/example_sensors.py for tasks to queue
[2024-09-14T03:30:01.050+0000] {logging_mixin.py:188} INFO - [2024-09-14T03:30:01.050+0000] {dagbag.py:538} INFO - Filling up the DagBag from /home/airflow/.local/lib/python3.8/site-packages/airflow/example_dags/example_sensors.py
[2024-09-14T03:30:01.057+0000] {processor.py:840} INFO - DAG(s) 'example_sensors' retrieved from /home/airflow/.local/lib/python3.8/site-packages/airflow/example_dags/example_sensors.py
[2024-09-14T03:30:01.073+0000] {logging_mixin.py:188} INFO - [2024-09-14T03:30:01.072+0000] {dag.py:3036} INFO - Sync 1 DAGs
[2024-09-14T03:30:01.080+0000] {logging_mixin.py:188} INFO - [2024-09-14T03:30:01.080+0000] {dag.py:3823} INFO - Setting next_dagrun for example_sensors to None, run_after=None
[2024-09-14T03:30:01.092+0000] {processor.py:183} INFO - Processing /home/airflow/.local/lib/python3.8/site-packages/airflow/example_dags/example_sensors.py took 0.048 seconds
[2024-09-14T03:30:31.740+0000] {processor.py:161} INFO - Started process (PID=1344) to work on /home/airflow/.local/lib/python3.8/site-packages/airflow/example_dags/example_sensors.py
[2024-09-14T03:30:31.740+0000] {processor.py:830} INFO - Processing file /home/airflow/.local/lib/python3.8/site-packages/airflow/example_dags/example_sensors.py for tasks to queue
[2024-09-14T03:30:31.741+0000] {logging_mixin.py:188} INFO - [2024-09-14T03:30:31.741+0000] {dagbag.py:538} INFO - Filling up the DagBag from /home/airflow/.local/lib/python3.8/site-packages/airflow/example_dags/example_sensors.py
[2024-09-14T03:30:31.748+0000] {processor.py:840} INFO - DAG(s) 'example_sensors' retrieved from /home/airflow/.local/lib/python3.8/site-packages/airflow/example_dags/example_sensors.py
[2024-09-14T03:30:31.764+0000] {logging_mixin.py:188} INFO - [2024-09-14T03:30:31.764+0000] {dag.py:3036} INFO - Sync 1 DAGs
[2024-09-14T03:30:31.771+0000] {logging_mixin.py:188} INFO - [2024-09-14T03:30:31.771+0000] {dag.py:3823} INFO - Setting next_dagrun for example_sensors to None, run_after=None
[2024-09-14T03:30:31.781+0000] {processor.py:183} INFO - Processing /home/airflow/.local/lib/python3.8/site-packages/airflow/example_dags/example_sensors.py took 0.043 seconds
[2024-09-14T03:31:02.627+0000] {processor.py:161} INFO - Started process (PID=1591) to work on /home/airflow/.local/lib/python3.8/site-packages/airflow/example_dags/example_sensors.py
[2024-09-14T03:31:02.628+0000] {processor.py:830} INFO - Processing file /home/airflow/.local/lib/python3.8/site-packages/airflow/example_dags/example_sensors.py for tasks to queue
[2024-09-14T03:31:02.629+0000] {logging_mixin.py:188} INFO - [2024-09-14T03:31:02.628+0000] {dagbag.py:538} INFO - Filling up the DagBag from /home/airflow/.local/lib/python3.8/site-packages/airflow/example_dags/example_sensors.py
[2024-09-14T03:31:02.634+0000] {processor.py:840} INFO - DAG(s) 'example_sensors' retrieved from /home/airflow/.local/lib/python3.8/site-packages/airflow/example_dags/example_sensors.py
[2024-09-14T03:31:02.648+0000] {logging_mixin.py:188} INFO - [2024-09-14T03:31:02.648+0000] {dag.py:3036} INFO - Sync 1 DAGs
[2024-09-14T03:31:02.655+0000] {logging_mixin.py:188} INFO - [2024-09-14T03:31:02.654+0000] {dag.py:3823} INFO - Setting next_dagrun for example_sensors to None, run_after=None
[2024-09-14T03:31:02.665+0000] {processor.py:183} INFO - Processing /home/airflow/.local/lib/python3.8/site-packages/airflow/example_dags/example_sensors.py took 0.040 seconds
[2024-09-14T03:31:33.567+0000] {processor.py:161} INFO - Started process (PID=1838) to work on /home/airflow/.local/lib/python3.8/site-packages/airflow/example_dags/example_sensors.py
[2024-09-14T03:31:33.567+0000] {processor.py:830} INFO - Processing file /home/airflow/.local/lib/python3.8/site-packages/airflow/example_dags/example_sensors.py for tasks to queue
[2024-09-14T03:31:33.568+0000] {logging_mixin.py:188} INFO - [2024-09-14T03:31:33.568+0000] {dagbag.py:538} INFO - Filling up the DagBag from /home/airflow/.local/lib/python3.8/site-packages/airflow/example_dags/example_sensors.py
[2024-09-14T03:31:33.574+0000] {processor.py:840} INFO - DAG(s) 'example_sensors' retrieved from /home/airflow/.local/lib/python3.8/site-packages/airflow/example_dags/example_sensors.py
[2024-09-14T03:31:33.588+0000] {logging_mixin.py:188} INFO - [2024-09-14T03:31:33.587+0000] {dag.py:3036} INFO - Sync 1 DAGs
[2024-09-14T03:31:33.594+0000] {logging_mixin.py:188} INFO - [2024-09-14T03:31:33.594+0000] {dag.py:3823} INFO - Setting next_dagrun for example_sensors to None, run_after=None
[2024-09-14T03:31:33.605+0000] {processor.py:183} INFO - Processing /home/airflow/.local/lib/python3.8/site-packages/airflow/example_dags/example_sensors.py took 0.040 seconds
[2024-09-14T03:32:04.270+0000] {processor.py:161} INFO - Started process (PID=2085) to work on /home/airflow/.local/lib/python3.8/site-packages/airflow/example_dags/example_sensors.py
[2024-09-14T03:32:04.271+0000] {processor.py:830} INFO - Processing file /home/airflow/.local/lib/python3.8/site-packages/airflow/example_dags/example_sensors.py for tasks to queue
[2024-09-14T03:32:04.272+0000] {logging_mixin.py:188} INFO - [2024-09-14T03:32:04.272+0000] {dagbag.py:538} INFO - Filling up the DagBag from /home/airflow/.local/lib/python3.8/site-packages/airflow/example_dags/example_sensors.py
[2024-09-14T03:32:04.277+0000] {processor.py:840} INFO - DAG(s) 'example_sensors' retrieved from /home/airflow/.local/lib/python3.8/site-packages/airflow/example_dags/example_sensors.py
[2024-09-14T03:32:04.292+0000] {logging_mixin.py:188} INFO - [2024-09-14T03:32:04.291+0000] {dag.py:3036} INFO - Sync 1 DAGs
[2024-09-14T03:32:04.299+0000] {logging_mixin.py:188} INFO - [2024-09-14T03:32:04.299+0000] {dag.py:3823} INFO - Setting next_dagrun for example_sensors to None, run_after=None
[2024-09-14T03:32:04.309+0000] {processor.py:183} INFO - Processing /home/airflow/.local/lib/python3.8/site-packages/airflow/example_dags/example_sensors.py took 0.040 seconds
[2024-09-14T03:32:35.002+0000] {processor.py:161} INFO - Started process (PID=2332) to work on /home/airflow/.local/lib/python3.8/site-packages/airflow/example_dags/example_sensors.py
[2024-09-14T03:32:35.003+0000] {processor.py:830} INFO - Processing file /home/airflow/.local/lib/python3.8/site-packages/airflow/example_dags/example_sensors.py for tasks to queue
[2024-09-14T03:32:35.004+0000] {logging_mixin.py:188} INFO - [2024-09-14T03:32:35.004+0000] {dagbag.py:538} INFO - Filling up the DagBag from /home/airflow/.local/lib/python3.8/site-packages/airflow/example_dags/example_sensors.py
[2024-09-14T03:32:35.010+0000] {processor.py:840} INFO - DAG(s) 'example_sensors' retrieved from /home/airflow/.local/lib/python3.8/site-packages/airflow/example_dags/example_sensors.py
[2024-09-14T03:32:35.027+0000] {logging_mixin.py:188} INFO - [2024-09-14T03:32:35.027+0000] {dag.py:3036} INFO - Sync 1 DAGs
[2024-09-14T03:32:35.035+0000] {logging_mixin.py:188} INFO - [2024-09-14T03:32:35.034+0000] {dag.py:3823} INFO - Setting next_dagrun for example_sensors to None, run_after=None
[2024-09-14T03:32:35.045+0000] {processor.py:183} INFO - Processing /home/airflow/.local/lib/python3.8/site-packages/airflow/example_dags/example_sensors.py took 0.046 seconds
[2024-09-14T03:33:05.752+0000] {processor.py:161} INFO - Started process (PID=2579) to work on /home/airflow/.local/lib/python3.8/site-packages/airflow/example_dags/example_sensors.py
[2024-09-14T03:33:05.753+0000] {processor.py:830} INFO - Processing file /home/airflow/.local/lib/python3.8/site-packages/airflow/example_dags/example_sensors.py for tasks to queue
[2024-09-14T03:33:05.753+0000] {logging_mixin.py:188} INFO - [2024-09-14T03:33:05.753+0000] {dagbag.py:538} INFO - Filling up the DagBag from /home/airflow/.local/lib/python3.8/site-packages/airflow/example_dags/example_sensors.py
[2024-09-14T03:33:05.759+0000] {processor.py:840} INFO - DAG(s) 'example_sensors' retrieved from /home/airflow/.local/lib/python3.8/site-packages/airflow/example_dags/example_sensors.py
[2024-09-14T03:33:05.776+0000] {logging_mixin.py:188} INFO - [2024-09-14T03:33:05.776+0000] {dag.py:3036} INFO - Sync 1 DAGs
[2024-09-14T03:33:05.783+0000] {logging_mixin.py:188} INFO - [2024-09-14T03:33:05.783+0000] {dag.py:3823} INFO - Setting next_dagrun for example_sensors to None, run_after=None
[2024-09-14T03:33:05.795+0000] {processor.py:183} INFO - Processing /home/airflow/.local/lib/python3.8/site-packages/airflow/example_dags/example_sensors.py took 0.046 seconds
[2024-09-14T03:33:36.461+0000] {processor.py:161} INFO - Started process (PID=2826) to work on /home/airflow/.local/lib/python3.8/site-packages/airflow/example_dags/example_sensors.py
[2024-09-14T03:33:36.462+0000] {processor.py:830} INFO - Processing file /home/airflow/.local/lib/python3.8/site-packages/airflow/example_dags/example_sensors.py for tasks to queue
[2024-09-14T03:33:36.463+0000] {logging_mixin.py:188} INFO - [2024-09-14T03:33:36.462+0000] {dagbag.py:538} INFO - Filling up the DagBag from /home/airflow/.local/lib/python3.8/site-packages/airflow/example_dags/example_sensors.py
[2024-09-14T03:33:36.468+0000] {processor.py:840} INFO - DAG(s) 'example_sensors' retrieved from /home/airflow/.local/lib/python3.8/site-packages/airflow/example_dags/example_sensors.py
[2024-09-14T03:33:36.482+0000] {logging_mixin.py:188} INFO - [2024-09-14T03:33:36.482+0000] {dag.py:3036} INFO - Sync 1 DAGs
[2024-09-14T03:33:36.488+0000] {logging_mixin.py:188} INFO - [2024-09-14T03:33:36.488+0000] {dag.py:3823} INFO - Setting next_dagrun for example_sensors to None, run_after=None
[2024-09-14T03:33:36.499+0000] {processor.py:183} INFO - Processing /home/airflow/.local/lib/python3.8/site-packages/airflow/example_dags/example_sensors.py took 0.039 seconds
[2024-09-14T03:34:07.267+0000] {processor.py:161} INFO - Started process (PID=3073) to work on /home/airflow/.local/lib/python3.8/site-packages/airflow/example_dags/example_sensors.py
[2024-09-14T03:34:07.267+0000] {processor.py:830} INFO - Processing file /home/airflow/.local/lib/python3.8/site-packages/airflow/example_dags/example_sensors.py for tasks to queue
[2024-09-14T03:34:07.268+0000] {logging_mixin.py:188} INFO - [2024-09-14T03:34:07.268+0000] {dagbag.py:538} INFO - Filling up the DagBag from /home/airflow/.local/lib/python3.8/site-packages/airflow/example_dags/example_sensors.py
[2024-09-14T03:34:07.273+0000] {processor.py:840} INFO - DAG(s) 'example_sensors' retrieved from /home/airflow/.local/lib/python3.8/site-packages/airflow/example_dags/example_sensors.py
[2024-09-14T03:34:07.286+0000] {logging_mixin.py:188} INFO - [2024-09-14T03:34:07.286+0000] {dag.py:3036} INFO - Sync 1 DAGs
[2024-09-14T03:34:07.293+0000] {logging_mixin.py:188} INFO - [2024-09-14T03:34:07.293+0000] {dag.py:3823} INFO - Setting next_dagrun for example_sensors to None, run_after=None
[2024-09-14T03:34:07.305+0000] {processor.py:183} INFO - Processing /home/airflow/.local/lib/python3.8/site-packages/airflow/example_dags/example_sensors.py took 0.040 seconds
[2024-09-14T03:34:48.532+0000] {processor.py:161} INFO - Started process (PID=3323) to work on /home/airflow/.local/lib/python3.8/site-packages/airflow/example_dags/example_sensors.py
[2024-09-14T03:34:48.532+0000] {processor.py:830} INFO - Processing file /home/airflow/.local/lib/python3.8/site-packages/airflow/example_dags/example_sensors.py for tasks to queue
[2024-09-14T03:34:48.533+0000] {logging_mixin.py:188} INFO - [2024-09-14T03:34:48.533+0000] {dagbag.py:538} INFO - Filling up the DagBag from /home/airflow/.local/lib/python3.8/site-packages/airflow/example_dags/example_sensors.py
[2024-09-14T03:34:48.538+0000] {processor.py:840} INFO - DAG(s) 'example_sensors' retrieved from /home/airflow/.local/lib/python3.8/site-packages/airflow/example_dags/example_sensors.py
[2024-09-14T03:34:48.552+0000] {logging_mixin.py:188} INFO - [2024-09-14T03:34:48.552+0000] {dag.py:3036} INFO - Sync 1 DAGs
[2024-09-14T03:34:48.559+0000] {logging_mixin.py:188} INFO - [2024-09-14T03:34:48.559+0000] {dag.py:3823} INFO - Setting next_dagrun for example_sensors to None, run_after=None
[2024-09-14T03:34:48.570+0000] {processor.py:183} INFO - Processing /home/airflow/.local/lib/python3.8/site-packages/airflow/example_dags/example_sensors.py took 0.041 seconds
[2024-09-14T03:38:42.904+0000] {processor.py:161} INFO - Started process (PID=3570) to work on /home/airflow/.local/lib/python3.8/site-packages/airflow/example_dags/example_sensors.py
[2024-09-14T03:38:42.907+0000] {processor.py:830} INFO - Processing file /home/airflow/.local/lib/python3.8/site-packages/airflow/example_dags/example_sensors.py for tasks to queue
[2024-09-14T03:38:42.907+0000] {logging_mixin.py:188} INFO - [2024-09-14T03:38:42.907+0000] {dagbag.py:538} INFO - Filling up the DagBag from /home/airflow/.local/lib/python3.8/site-packages/airflow/example_dags/example_sensors.py
[2024-09-14T03:38:42.913+0000] {processor.py:840} INFO - DAG(s) 'example_sensors' retrieved from /home/airflow/.local/lib/python3.8/site-packages/airflow/example_dags/example_sensors.py
[2024-09-14T03:38:42.932+0000] {logging_mixin.py:188} INFO - [2024-09-14T03:38:42.932+0000] {dag.py:3036} INFO - Sync 1 DAGs
[2024-09-14T03:38:42.940+0000] {logging_mixin.py:188} INFO - [2024-09-14T03:38:42.940+0000] {dag.py:3823} INFO - Setting next_dagrun for example_sensors to None, run_after=None
[2024-09-14T03:38:42.953+0000] {processor.py:183} INFO - Processing /home/airflow/.local/lib/python3.8/site-packages/airflow/example_dags/example_sensors.py took 0.052 seconds
[2024-09-14T03:39:13.030+0000] {processor.py:161} INFO - Started process (PID=3817) to work on /home/airflow/.local/lib/python3.8/site-packages/airflow/example_dags/example_sensors.py
[2024-09-14T03:39:13.030+0000] {processor.py:830} INFO - Processing file /home/airflow/.local/lib/python3.8/site-packages/airflow/example_dags/example_sensors.py for tasks to queue
[2024-09-14T03:39:13.031+0000] {logging_mixin.py:188} INFO - [2024-09-14T03:39:13.031+0000] {dagbag.py:538} INFO - Filling up the DagBag from /home/airflow/.local/lib/python3.8/site-packages/airflow/example_dags/example_sensors.py
[2024-09-14T03:39:13.040+0000] {processor.py:840} INFO - DAG(s) 'example_sensors' retrieved from /home/airflow/.local/lib/python3.8/site-packages/airflow/example_dags/example_sensors.py
[2024-09-14T03:39:13.054+0000] {logging_mixin.py:188} INFO - [2024-09-14T03:39:13.054+0000] {dag.py:3036} INFO - Sync 1 DAGs
[2024-09-14T03:39:13.061+0000] {logging_mixin.py:188} INFO - [2024-09-14T03:39:13.061+0000] {dag.py:3823} INFO - Setting next_dagrun for example_sensors to None, run_after=None
[2024-09-14T03:39:13.071+0000] {processor.py:183} INFO - Processing /home/airflow/.local/lib/python3.8/site-packages/airflow/example_dags/example_sensors.py took 0.045 seconds
[2024-09-14T03:39:43.928+0000] {processor.py:161} INFO - Started process (PID=4064) to work on /home/airflow/.local/lib/python3.8/site-packages/airflow/example_dags/example_sensors.py
[2024-09-14T03:39:43.929+0000] {processor.py:830} INFO - Processing file /home/airflow/.local/lib/python3.8/site-packages/airflow/example_dags/example_sensors.py for tasks to queue
[2024-09-14T03:39:43.930+0000] {logging_mixin.py:188} INFO - [2024-09-14T03:39:43.930+0000] {dagbag.py:538} INFO - Filling up the DagBag from /home/airflow/.local/lib/python3.8/site-packages/airflow/example_dags/example_sensors.py
[2024-09-14T03:39:43.935+0000] {processor.py:840} INFO - DAG(s) 'example_sensors' retrieved from /home/airflow/.local/lib/python3.8/site-packages/airflow/example_dags/example_sensors.py
[2024-09-14T03:39:43.949+0000] {logging_mixin.py:188} INFO - [2024-09-14T03:39:43.949+0000] {dag.py:3036} INFO - Sync 1 DAGs
[2024-09-14T03:39:43.956+0000] {logging_mixin.py:188} INFO - [2024-09-14T03:39:43.956+0000] {dag.py:3823} INFO - Setting next_dagrun for example_sensors to None, run_after=None
[2024-09-14T03:39:43.967+0000] {processor.py:183} INFO - Processing /home/airflow/.local/lib/python3.8/site-packages/airflow/example_dags/example_sensors.py took 0.041 seconds
[2024-09-14T03:40:14.645+0000] {processor.py:161} INFO - Started process (PID=4311) to work on /home/airflow/.local/lib/python3.8/site-packages/airflow/example_dags/example_sensors.py
[2024-09-14T03:40:14.645+0000] {processor.py:830} INFO - Processing file /home/airflow/.local/lib/python3.8/site-packages/airflow/example_dags/example_sensors.py for tasks to queue
[2024-09-14T03:40:14.646+0000] {logging_mixin.py:188} INFO - [2024-09-14T03:40:14.646+0000] {dagbag.py:538} INFO - Filling up the DagBag from /home/airflow/.local/lib/python3.8/site-packages/airflow/example_dags/example_sensors.py
[2024-09-14T03:40:14.652+0000] {processor.py:840} INFO - DAG(s) 'example_sensors' retrieved from /home/airflow/.local/lib/python3.8/site-packages/airflow/example_dags/example_sensors.py
[2024-09-14T03:40:14.667+0000] {logging_mixin.py:188} INFO - [2024-09-14T03:40:14.667+0000] {dag.py:3036} INFO - Sync 1 DAGs
[2024-09-14T03:40:14.674+0000] {logging_mixin.py:188} INFO - [2024-09-14T03:40:14.674+0000] {dag.py:3823} INFO - Setting next_dagrun for example_sensors to None, run_after=None
[2024-09-14T03:40:14.685+0000] {processor.py:183} INFO - Processing /home/airflow/.local/lib/python3.8/site-packages/airflow/example_dags/example_sensors.py took 0.042 seconds
[2024-09-14T03:40:45.472+0000] {processor.py:161} INFO - Started process (PID=4558) to work on /home/airflow/.local/lib/python3.8/site-packages/airflow/example_dags/example_sensors.py
[2024-09-14T03:40:45.473+0000] {processor.py:830} INFO - Processing file /home/airflow/.local/lib/python3.8/site-packages/airflow/example_dags/example_sensors.py for tasks to queue
[2024-09-14T03:40:45.474+0000] {logging_mixin.py:188} INFO - [2024-09-14T03:40:45.474+0000] {dagbag.py:538} INFO - Filling up the DagBag from /home/airflow/.local/lib/python3.8/site-packages/airflow/example_dags/example_sensors.py
[2024-09-14T03:40:45.481+0000] {processor.py:840} INFO - DAG(s) 'example_sensors' retrieved from /home/airflow/.local/lib/python3.8/site-packages/airflow/example_dags/example_sensors.py
[2024-09-14T03:40:45.496+0000] {logging_mixin.py:188} INFO - [2024-09-14T03:40:45.496+0000] {dag.py:3036} INFO - Sync 1 DAGs
[2024-09-14T03:40:45.503+0000] {logging_mixin.py:188} INFO - [2024-09-14T03:40:45.503+0000] {dag.py:3823} INFO - Setting next_dagrun for example_sensors to None, run_after=None
[2024-09-14T03:40:45.514+0000] {processor.py:183} INFO - Processing /home/airflow/.local/lib/python3.8/site-packages/airflow/example_dags/example_sensors.py took 0.045 seconds
[2024-09-14T03:41:16.198+0000] {processor.py:161} INFO - Started process (PID=4805) to work on /home/airflow/.local/lib/python3.8/site-packages/airflow/example_dags/example_sensors.py
[2024-09-14T03:41:16.198+0000] {processor.py:830} INFO - Processing file /home/airflow/.local/lib/python3.8/site-packages/airflow/example_dags/example_sensors.py for tasks to queue
[2024-09-14T03:41:16.199+0000] {logging_mixin.py:188} INFO - [2024-09-14T03:41:16.199+0000] {dagbag.py:538} INFO - Filling up the DagBag from /home/airflow/.local/lib/python3.8/site-packages/airflow/example_dags/example_sensors.py
[2024-09-14T03:41:16.205+0000] {processor.py:840} INFO - DAG(s) 'example_sensors' retrieved from /home/airflow/.local/lib/python3.8/site-packages/airflow/example_dags/example_sensors.py
[2024-09-14T03:41:16.219+0000] {logging_mixin.py:188} INFO - [2024-09-14T03:41:16.219+0000] {dag.py:3036} INFO - Sync 1 DAGs
[2024-09-14T03:41:16.226+0000] {logging_mixin.py:188} INFO - [2024-09-14T03:41:16.226+0000] {dag.py:3823} INFO - Setting next_dagrun for example_sensors to None, run_after=None
[2024-09-14T03:41:16.236+0000] {processor.py:183} INFO - Processing /home/airflow/.local/lib/python3.8/site-packages/airflow/example_dags/example_sensors.py took 0.040 seconds
[2024-09-14T03:41:47.414+0000] {processor.py:161} INFO - Started process (PID=5052) to work on /home/airflow/.local/lib/python3.8/site-packages/airflow/example_dags/example_sensors.py
[2024-09-14T03:41:47.415+0000] {processor.py:830} INFO - Processing file /home/airflow/.local/lib/python3.8/site-packages/airflow/example_dags/example_sensors.py for tasks to queue
[2024-09-14T03:41:47.416+0000] {logging_mixin.py:188} INFO - [2024-09-14T03:41:47.416+0000] {dagbag.py:538} INFO - Filling up the DagBag from /home/airflow/.local/lib/python3.8/site-packages/airflow/example_dags/example_sensors.py
[2024-09-14T03:41:47.424+0000] {processor.py:840} INFO - DAG(s) 'example_sensors' retrieved from /home/airflow/.local/lib/python3.8/site-packages/airflow/example_dags/example_sensors.py
[2024-09-14T03:41:47.442+0000] {logging_mixin.py:188} INFO - [2024-09-14T03:41:47.442+0000] {dag.py:3036} INFO - Sync 1 DAGs
[2024-09-14T03:41:47.449+0000] {logging_mixin.py:188} INFO - [2024-09-14T03:41:47.449+0000] {dag.py:3823} INFO - Setting next_dagrun for example_sensors to None, run_after=None
[2024-09-14T03:41:47.460+0000] {processor.py:183} INFO - Processing /home/airflow/.local/lib/python3.8/site-packages/airflow/example_dags/example_sensors.py took 0.049 seconds
[2024-09-14T03:42:18.253+0000] {processor.py:161} INFO - Started process (PID=5299) to work on /home/airflow/.local/lib/python3.8/site-packages/airflow/example_dags/example_sensors.py
[2024-09-14T03:42:18.254+0000] {processor.py:830} INFO - Processing file /home/airflow/.local/lib/python3.8/site-packages/airflow/example_dags/example_sensors.py for tasks to queue
[2024-09-14T03:42:18.255+0000] {logging_mixin.py:188} INFO - [2024-09-14T03:42:18.255+0000] {dagbag.py:538} INFO - Filling up the DagBag from /home/airflow/.local/lib/python3.8/site-packages/airflow/example_dags/example_sensors.py
[2024-09-14T03:42:18.261+0000] {processor.py:840} INFO - DAG(s) 'example_sensors' retrieved from /home/airflow/.local/lib/python3.8/site-packages/airflow/example_dags/example_sensors.py
[2024-09-14T03:42:18.276+0000] {logging_mixin.py:188} INFO - [2024-09-14T03:42:18.276+0000] {dag.py:3036} INFO - Sync 1 DAGs
[2024-09-14T03:42:18.283+0000] {logging_mixin.py:188} INFO - [2024-09-14T03:42:18.283+0000] {dag.py:3823} INFO - Setting next_dagrun for example_sensors to None, run_after=None
[2024-09-14T03:42:18.293+0000] {processor.py:183} INFO - Processing /home/airflow/.local/lib/python3.8/site-packages/airflow/example_dags/example_sensors.py took 0.042 seconds
[2024-09-14T03:42:48.901+0000] {processor.py:161} INFO - Started process (PID=5546) to work on /home/airflow/.local/lib/python3.8/site-packages/airflow/example_dags/example_sensors.py
[2024-09-14T03:42:48.901+0000] {processor.py:830} INFO - Processing file /home/airflow/.local/lib/python3.8/site-packages/airflow/example_dags/example_sensors.py for tasks to queue
[2024-09-14T03:42:48.902+0000] {logging_mixin.py:188} INFO - [2024-09-14T03:42:48.902+0000] {dagbag.py:538} INFO - Filling up the DagBag from /home/airflow/.local/lib/python3.8/site-packages/airflow/example_dags/example_sensors.py
[2024-09-14T03:42:48.909+0000] {processor.py:840} INFO - DAG(s) 'example_sensors' retrieved from /home/airflow/.local/lib/python3.8/site-packages/airflow/example_dags/example_sensors.py
[2024-09-14T03:42:48.924+0000] {logging_mixin.py:188} INFO - [2024-09-14T03:42:48.924+0000] {dag.py:3036} INFO - Sync 1 DAGs
[2024-09-14T03:42:48.933+0000] {logging_mixin.py:188} INFO - [2024-09-14T03:42:48.933+0000] {dag.py:3823} INFO - Setting next_dagrun for example_sensors to None, run_after=None
[2024-09-14T03:42:49.014+0000] {processor.py:183} INFO - Processing /home/airflow/.local/lib/python3.8/site-packages/airflow/example_dags/example_sensors.py took 0.115 seconds
[2024-09-14T03:43:19.570+0000] {processor.py:161} INFO - Started process (PID=5793) to work on /home/airflow/.local/lib/python3.8/site-packages/airflow/example_dags/example_sensors.py
[2024-09-14T03:43:19.571+0000] {processor.py:830} INFO - Processing file /home/airflow/.local/lib/python3.8/site-packages/airflow/example_dags/example_sensors.py for tasks to queue
[2024-09-14T03:43:19.571+0000] {logging_mixin.py:188} INFO - [2024-09-14T03:43:19.571+0000] {dagbag.py:538} INFO - Filling up the DagBag from /home/airflow/.local/lib/python3.8/site-packages/airflow/example_dags/example_sensors.py
[2024-09-14T03:43:19.577+0000] {processor.py:840} INFO - DAG(s) 'example_sensors' retrieved from /home/airflow/.local/lib/python3.8/site-packages/airflow/example_dags/example_sensors.py
[2024-09-14T03:43:19.591+0000] {logging_mixin.py:188} INFO - [2024-09-14T03:43:19.591+0000] {dag.py:3036} INFO - Sync 1 DAGs
[2024-09-14T03:43:19.598+0000] {logging_mixin.py:188} INFO - [2024-09-14T03:43:19.598+0000] {dag.py:3823} INFO - Setting next_dagrun for example_sensors to None, run_after=None
[2024-09-14T03:43:19.608+0000] {processor.py:183} INFO - Processing /home/airflow/.local/lib/python3.8/site-packages/airflow/example_dags/example_sensors.py took 0.040 seconds
[2024-09-14T03:43:49.784+0000] {processor.py:161} INFO - Started process (PID=6040) to work on /home/airflow/.local/lib/python3.8/site-packages/airflow/example_dags/example_sensors.py
[2024-09-14T03:43:49.785+0000] {processor.py:830} INFO - Processing file /home/airflow/.local/lib/python3.8/site-packages/airflow/example_dags/example_sensors.py for tasks to queue
[2024-09-14T03:43:49.785+0000] {logging_mixin.py:188} INFO - [2024-09-14T03:43:49.785+0000] {dagbag.py:538} INFO - Filling up the DagBag from /home/airflow/.local/lib/python3.8/site-packages/airflow/example_dags/example_sensors.py
[2024-09-14T03:43:49.792+0000] {processor.py:840} INFO - DAG(s) 'example_sensors' retrieved from /home/airflow/.local/lib/python3.8/site-packages/airflow/example_dags/example_sensors.py
[2024-09-14T03:43:49.807+0000] {logging_mixin.py:188} INFO - [2024-09-14T03:43:49.807+0000] {dag.py:3036} INFO - Sync 1 DAGs
[2024-09-14T03:43:49.814+0000] {logging_mixin.py:188} INFO - [2024-09-14T03:43:49.814+0000] {dag.py:3823} INFO - Setting next_dagrun for example_sensors to None, run_after=None
[2024-09-14T03:43:49.825+0000] {processor.py:183} INFO - Processing /home/airflow/.local/lib/python3.8/site-packages/airflow/example_dags/example_sensors.py took 0.044 seconds
[2024-09-14T03:44:20.077+0000] {processor.py:161} INFO - Started process (PID=6287) to work on /home/airflow/.local/lib/python3.8/site-packages/airflow/example_dags/example_sensors.py
[2024-09-14T03:44:20.078+0000] {processor.py:830} INFO - Processing file /home/airflow/.local/lib/python3.8/site-packages/airflow/example_dags/example_sensors.py for tasks to queue
[2024-09-14T03:44:20.078+0000] {logging_mixin.py:188} INFO - [2024-09-14T03:44:20.078+0000] {dagbag.py:538} INFO - Filling up the DagBag from /home/airflow/.local/lib/python3.8/site-packages/airflow/example_dags/example_sensors.py
[2024-09-14T03:44:20.084+0000] {processor.py:840} INFO - DAG(s) 'example_sensors' retrieved from /home/airflow/.local/lib/python3.8/site-packages/airflow/example_dags/example_sensors.py
[2024-09-14T03:44:20.101+0000] {logging_mixin.py:188} INFO - [2024-09-14T03:44:20.100+0000] {dag.py:3036} INFO - Sync 1 DAGs
[2024-09-14T03:44:20.108+0000] {logging_mixin.py:188} INFO - [2024-09-14T03:44:20.108+0000] {dag.py:3823} INFO - Setting next_dagrun for example_sensors to None, run_after=None
[2024-09-14T03:44:20.118+0000] {processor.py:183} INFO - Processing /home/airflow/.local/lib/python3.8/site-packages/airflow/example_dags/example_sensors.py took 0.044 seconds
[2024-09-14T03:44:50.832+0000] {processor.py:161} INFO - Started process (PID=6535) to work on /home/airflow/.local/lib/python3.8/site-packages/airflow/example_dags/example_sensors.py
[2024-09-14T03:44:50.834+0000] {processor.py:830} INFO - Processing file /home/airflow/.local/lib/python3.8/site-packages/airflow/example_dags/example_sensors.py for tasks to queue
[2024-09-14T03:44:50.834+0000] {logging_mixin.py:188} INFO - [2024-09-14T03:44:50.834+0000] {dagbag.py:538} INFO - Filling up the DagBag from /home/airflow/.local/lib/python3.8/site-packages/airflow/example_dags/example_sensors.py
[2024-09-14T03:44:50.840+0000] {processor.py:840} INFO - DAG(s) 'example_sensors' retrieved from /home/airflow/.local/lib/python3.8/site-packages/airflow/example_dags/example_sensors.py
[2024-09-14T03:44:50.855+0000] {logging_mixin.py:188} INFO - [2024-09-14T03:44:50.854+0000] {dag.py:3036} INFO - Sync 1 DAGs
[2024-09-14T03:44:50.861+0000] {logging_mixin.py:188} INFO - [2024-09-14T03:44:50.861+0000] {dag.py:3823} INFO - Setting next_dagrun for example_sensors to None, run_after=None
[2024-09-14T03:44:50.871+0000] {processor.py:183} INFO - Processing /home/airflow/.local/lib/python3.8/site-packages/airflow/example_dags/example_sensors.py took 0.040 seconds
[2024-09-14T03:45:21.128+0000] {processor.py:161} INFO - Started process (PID=6781) to work on /home/airflow/.local/lib/python3.8/site-packages/airflow/example_dags/example_sensors.py
[2024-09-14T03:45:21.129+0000] {processor.py:830} INFO - Processing file /home/airflow/.local/lib/python3.8/site-packages/airflow/example_dags/example_sensors.py for tasks to queue
[2024-09-14T03:45:21.129+0000] {logging_mixin.py:188} INFO - [2024-09-14T03:45:21.129+0000] {dagbag.py:538} INFO - Filling up the DagBag from /home/airflow/.local/lib/python3.8/site-packages/airflow/example_dags/example_sensors.py
[2024-09-14T03:45:21.135+0000] {processor.py:840} INFO - DAG(s) 'example_sensors' retrieved from /home/airflow/.local/lib/python3.8/site-packages/airflow/example_dags/example_sensors.py
[2024-09-14T03:45:21.149+0000] {logging_mixin.py:188} INFO - [2024-09-14T03:45:21.149+0000] {dag.py:3036} INFO - Sync 1 DAGs
[2024-09-14T03:45:21.156+0000] {logging_mixin.py:188} INFO - [2024-09-14T03:45:21.156+0000] {dag.py:3823} INFO - Setting next_dagrun for example_sensors to None, run_after=None
[2024-09-14T03:45:21.168+0000] {processor.py:183} INFO - Processing /home/airflow/.local/lib/python3.8/site-packages/airflow/example_dags/example_sensors.py took 0.042 seconds
[2024-09-14T03:45:52.130+0000] {processor.py:161} INFO - Started process (PID=7028) to work on /home/airflow/.local/lib/python3.8/site-packages/airflow/example_dags/example_sensors.py
[2024-09-14T03:45:52.131+0000] {processor.py:830} INFO - Processing file /home/airflow/.local/lib/python3.8/site-packages/airflow/example_dags/example_sensors.py for tasks to queue
[2024-09-14T03:45:52.131+0000] {logging_mixin.py:188} INFO - [2024-09-14T03:45:52.131+0000] {dagbag.py:538} INFO - Filling up the DagBag from /home/airflow/.local/lib/python3.8/site-packages/airflow/example_dags/example_sensors.py
[2024-09-14T03:45:52.137+0000] {processor.py:840} INFO - DAG(s) 'example_sensors' retrieved from /home/airflow/.local/lib/python3.8/site-packages/airflow/example_dags/example_sensors.py
[2024-09-14T03:45:52.171+0000] {logging_mixin.py:188} INFO - [2024-09-14T03:45:52.171+0000] {dag.py:3036} INFO - Sync 1 DAGs
[2024-09-14T03:45:52.186+0000] {logging_mixin.py:188} INFO - [2024-09-14T03:45:52.186+0000] {dag.py:3823} INFO - Setting next_dagrun for example_sensors to None, run_after=None
[2024-09-14T03:45:52.225+0000] {processor.py:183} INFO - Processing /home/airflow/.local/lib/python3.8/site-packages/airflow/example_dags/example_sensors.py took 0.097 seconds
[2024-09-14T03:46:23.047+0000] {processor.py:161} INFO - Started process (PID=7275) to work on /home/airflow/.local/lib/python3.8/site-packages/airflow/example_dags/example_sensors.py
[2024-09-14T03:46:23.048+0000] {processor.py:830} INFO - Processing file /home/airflow/.local/lib/python3.8/site-packages/airflow/example_dags/example_sensors.py for tasks to queue
[2024-09-14T03:46:23.048+0000] {logging_mixin.py:188} INFO - [2024-09-14T03:46:23.048+0000] {dagbag.py:538} INFO - Filling up the DagBag from /home/airflow/.local/lib/python3.8/site-packages/airflow/example_dags/example_sensors.py
[2024-09-14T03:46:23.054+0000] {processor.py:840} INFO - DAG(s) 'example_sensors' retrieved from /home/airflow/.local/lib/python3.8/site-packages/airflow/example_dags/example_sensors.py
[2024-09-14T03:46:23.068+0000] {logging_mixin.py:188} INFO - [2024-09-14T03:46:23.068+0000] {dag.py:3036} INFO - Sync 1 DAGs
[2024-09-14T03:46:23.076+0000] {logging_mixin.py:188} INFO - [2024-09-14T03:46:23.076+0000] {dag.py:3823} INFO - Setting next_dagrun for example_sensors to None, run_after=None
[2024-09-14T03:46:23.088+0000] {processor.py:183} INFO - Processing /home/airflow/.local/lib/python3.8/site-packages/airflow/example_dags/example_sensors.py took 0.044 seconds
[2024-09-14T03:46:53.169+0000] {processor.py:161} INFO - Started process (PID=7522) to work on /home/airflow/.local/lib/python3.8/site-packages/airflow/example_dags/example_sensors.py
[2024-09-14T03:46:53.170+0000] {processor.py:830} INFO - Processing file /home/airflow/.local/lib/python3.8/site-packages/airflow/example_dags/example_sensors.py for tasks to queue
[2024-09-14T03:46:53.171+0000] {logging_mixin.py:188} INFO - [2024-09-14T03:46:53.170+0000] {dagbag.py:538} INFO - Filling up the DagBag from /home/airflow/.local/lib/python3.8/site-packages/airflow/example_dags/example_sensors.py
[2024-09-14T03:46:53.177+0000] {processor.py:840} INFO - DAG(s) 'example_sensors' retrieved from /home/airflow/.local/lib/python3.8/site-packages/airflow/example_dags/example_sensors.py
[2024-09-14T03:46:53.193+0000] {logging_mixin.py:188} INFO - [2024-09-14T03:46:53.193+0000] {dag.py:3036} INFO - Sync 1 DAGs
[2024-09-14T03:46:53.201+0000] {logging_mixin.py:188} INFO - [2024-09-14T03:46:53.201+0000] {dag.py:3823} INFO - Setting next_dagrun for example_sensors to None, run_after=None
[2024-09-14T03:46:53.211+0000] {processor.py:183} INFO - Processing /home/airflow/.local/lib/python3.8/site-packages/airflow/example_dags/example_sensors.py took 0.045 seconds
