[2024-09-14T03:28:28.122+0000] {processor.py:161} INFO - Started process (PID=318) to work on /home/airflow/.local/lib/python3.8/site-packages/airflow/example_dags/example_python_operator.py
[2024-09-14T03:28:28.123+0000] {processor.py:830} INFO - Processing file /home/airflow/.local/lib/python3.8/site-packages/airflow/example_dags/example_python_operator.py for tasks to queue
[2024-09-14T03:28:28.123+0000] {logging_mixin.py:188} INFO - [2024-09-14T03:28:28.123+0000] {dagbag.py:538} INFO - Filling up the DagBag from /home/airflow/.local/lib/python3.8/site-packages/airflow/example_dags/example_python_operator.py
[2024-09-14T03:28:28.131+0000] {processor.py:840} INFO - DAG(s) 'example_python_operator' retrieved from /home/airflow/.local/lib/python3.8/site-packages/airflow/example_dags/example_python_operator.py
[2024-09-14T03:28:28.197+0000] {logging_mixin.py:188} INFO - [2024-09-14T03:28:28.196+0000] {dag.py:3036} INFO - Sync 1 DAGs
[2024-09-14T03:28:28.204+0000] {logging_mixin.py:188} INFO - [2024-09-14T03:28:28.203+0000] {dag.py:3823} INFO - Setting next_dagrun for example_python_operator to None, run_after=None
[2024-09-14T03:28:28.223+0000] {processor.py:183} INFO - Processing /home/airflow/.local/lib/python3.8/site-packages/airflow/example_dags/example_python_operator.py took 0.103 seconds
[2024-09-14T03:28:58.284+0000] {processor.py:161} INFO - Started process (PID=568) to work on /home/airflow/.local/lib/python3.8/site-packages/airflow/example_dags/example_python_operator.py
[2024-09-14T03:28:58.285+0000] {processor.py:830} INFO - Processing file /home/airflow/.local/lib/python3.8/site-packages/airflow/example_dags/example_python_operator.py for tasks to queue
[2024-09-14T03:28:58.285+0000] {logging_mixin.py:188} INFO - [2024-09-14T03:28:58.285+0000] {dagbag.py:538} INFO - Filling up the DagBag from /home/airflow/.local/lib/python3.8/site-packages/airflow/example_dags/example_python_operator.py
[2024-09-14T03:28:58.291+0000] {processor.py:840} INFO - DAG(s) 'example_python_operator' retrieved from /home/airflow/.local/lib/python3.8/site-packages/airflow/example_dags/example_python_operator.py
[2024-09-14T03:28:58.303+0000] {logging_mixin.py:188} INFO - [2024-09-14T03:28:58.303+0000] {dag.py:3036} INFO - Sync 1 DAGs
[2024-09-14T03:28:58.310+0000] {logging_mixin.py:188} INFO - [2024-09-14T03:28:58.309+0000] {dag.py:3823} INFO - Setting next_dagrun for example_python_operator to None, run_after=None
[2024-09-14T03:28:58.319+0000] {processor.py:183} INFO - Processing /home/airflow/.local/lib/python3.8/site-packages/airflow/example_dags/example_python_operator.py took 0.037 seconds
[2024-09-14T03:29:29.039+0000] {processor.py:161} INFO - Started process (PID=810) to work on /home/airflow/.local/lib/python3.8/site-packages/airflow/example_dags/example_python_operator.py
[2024-09-14T03:29:29.040+0000] {processor.py:830} INFO - Processing file /home/airflow/.local/lib/python3.8/site-packages/airflow/example_dags/example_python_operator.py for tasks to queue
[2024-09-14T03:29:29.040+0000] {logging_mixin.py:188} INFO - [2024-09-14T03:29:29.040+0000] {dagbag.py:538} INFO - Filling up the DagBag from /home/airflow/.local/lib/python3.8/site-packages/airflow/example_dags/example_python_operator.py
[2024-09-14T03:29:29.046+0000] {processor.py:840} INFO - DAG(s) 'example_python_operator' retrieved from /home/airflow/.local/lib/python3.8/site-packages/airflow/example_dags/example_python_operator.py
[2024-09-14T03:29:29.059+0000] {logging_mixin.py:188} INFO - [2024-09-14T03:29:29.059+0000] {dag.py:3036} INFO - Sync 1 DAGs
[2024-09-14T03:29:29.065+0000] {logging_mixin.py:188} INFO - [2024-09-14T03:29:29.065+0000] {dag.py:3823} INFO - Setting next_dagrun for example_python_operator to None, run_after=None
[2024-09-14T03:29:29.074+0000] {processor.py:183} INFO - Processing /home/airflow/.local/lib/python3.8/site-packages/airflow/example_dags/example_python_operator.py took 0.037 seconds
[2024-09-14T03:29:59.808+0000] {processor.py:161} INFO - Started process (PID=1057) to work on /home/airflow/.local/lib/python3.8/site-packages/airflow/example_dags/example_python_operator.py
[2024-09-14T03:29:59.809+0000] {processor.py:830} INFO - Processing file /home/airflow/.local/lib/python3.8/site-packages/airflow/example_dags/example_python_operator.py for tasks to queue
[2024-09-14T03:29:59.810+0000] {logging_mixin.py:188} INFO - [2024-09-14T03:29:59.810+0000] {dagbag.py:538} INFO - Filling up the DagBag from /home/airflow/.local/lib/python3.8/site-packages/airflow/example_dags/example_python_operator.py
[2024-09-14T03:29:59.817+0000] {processor.py:840} INFO - DAG(s) 'example_python_operator' retrieved from /home/airflow/.local/lib/python3.8/site-packages/airflow/example_dags/example_python_operator.py
[2024-09-14T03:29:59.830+0000] {logging_mixin.py:188} INFO - [2024-09-14T03:29:59.830+0000] {dag.py:3036} INFO - Sync 1 DAGs
[2024-09-14T03:29:59.837+0000] {logging_mixin.py:188} INFO - [2024-09-14T03:29:59.836+0000] {dag.py:3823} INFO - Setting next_dagrun for example_python_operator to None, run_after=None
[2024-09-14T03:29:59.849+0000] {processor.py:183} INFO - Processing /home/airflow/.local/lib/python3.8/site-packages/airflow/example_dags/example_python_operator.py took 0.043 seconds
[2024-09-14T03:30:30.514+0000] {processor.py:161} INFO - Started process (PID=1304) to work on /home/airflow/.local/lib/python3.8/site-packages/airflow/example_dags/example_python_operator.py
[2024-09-14T03:30:30.515+0000] {processor.py:830} INFO - Processing file /home/airflow/.local/lib/python3.8/site-packages/airflow/example_dags/example_python_operator.py for tasks to queue
[2024-09-14T03:30:30.515+0000] {logging_mixin.py:188} INFO - [2024-09-14T03:30:30.515+0000] {dagbag.py:538} INFO - Filling up the DagBag from /home/airflow/.local/lib/python3.8/site-packages/airflow/example_dags/example_python_operator.py
[2024-09-14T03:30:30.521+0000] {processor.py:840} INFO - DAG(s) 'example_python_operator' retrieved from /home/airflow/.local/lib/python3.8/site-packages/airflow/example_dags/example_python_operator.py
[2024-09-14T03:30:30.535+0000] {logging_mixin.py:188} INFO - [2024-09-14T03:30:30.535+0000] {dag.py:3036} INFO - Sync 1 DAGs
[2024-09-14T03:30:30.542+0000] {logging_mixin.py:188} INFO - [2024-09-14T03:30:30.541+0000] {dag.py:3823} INFO - Setting next_dagrun for example_python_operator to None, run_after=None
[2024-09-14T03:30:30.552+0000] {processor.py:183} INFO - Processing /home/airflow/.local/lib/python3.8/site-packages/airflow/example_dags/example_python_operator.py took 0.041 seconds
[2024-09-14T03:31:01.317+0000] {processor.py:161} INFO - Started process (PID=1553) to work on /home/airflow/.local/lib/python3.8/site-packages/airflow/example_dags/example_python_operator.py
[2024-09-14T03:31:01.318+0000] {processor.py:830} INFO - Processing file /home/airflow/.local/lib/python3.8/site-packages/airflow/example_dags/example_python_operator.py for tasks to queue
[2024-09-14T03:31:01.318+0000] {logging_mixin.py:188} INFO - [2024-09-14T03:31:01.318+0000] {dagbag.py:538} INFO - Filling up the DagBag from /home/airflow/.local/lib/python3.8/site-packages/airflow/example_dags/example_python_operator.py
[2024-09-14T03:31:01.325+0000] {processor.py:840} INFO - DAG(s) 'example_python_operator' retrieved from /home/airflow/.local/lib/python3.8/site-packages/airflow/example_dags/example_python_operator.py
[2024-09-14T03:31:01.337+0000] {logging_mixin.py:188} INFO - [2024-09-14T03:31:01.337+0000] {dag.py:3036} INFO - Sync 1 DAGs
[2024-09-14T03:31:01.343+0000] {logging_mixin.py:188} INFO - [2024-09-14T03:31:01.343+0000] {dag.py:3823} INFO - Setting next_dagrun for example_python_operator to None, run_after=None
[2024-09-14T03:31:01.352+0000] {processor.py:183} INFO - Processing /home/airflow/.local/lib/python3.8/site-packages/airflow/example_dags/example_python_operator.py took 0.037 seconds
[2024-09-14T03:31:32.167+0000] {processor.py:161} INFO - Started process (PID=1798) to work on /home/airflow/.local/lib/python3.8/site-packages/airflow/example_dags/example_python_operator.py
[2024-09-14T03:31:32.168+0000] {processor.py:830} INFO - Processing file /home/airflow/.local/lib/python3.8/site-packages/airflow/example_dags/example_python_operator.py for tasks to queue
[2024-09-14T03:31:32.169+0000] {logging_mixin.py:188} INFO - [2024-09-14T03:31:32.169+0000] {dagbag.py:538} INFO - Filling up the DagBag from /home/airflow/.local/lib/python3.8/site-packages/airflow/example_dags/example_python_operator.py
[2024-09-14T03:31:32.177+0000] {processor.py:840} INFO - DAG(s) 'example_python_operator' retrieved from /home/airflow/.local/lib/python3.8/site-packages/airflow/example_dags/example_python_operator.py
[2024-09-14T03:31:32.194+0000] {logging_mixin.py:188} INFO - [2024-09-14T03:31:32.194+0000] {dag.py:3036} INFO - Sync 1 DAGs
[2024-09-14T03:31:32.202+0000] {logging_mixin.py:188} INFO - [2024-09-14T03:31:32.201+0000] {dag.py:3823} INFO - Setting next_dagrun for example_python_operator to None, run_after=None
[2024-09-14T03:31:32.221+0000] {processor.py:183} INFO - Processing /home/airflow/.local/lib/python3.8/site-packages/airflow/example_dags/example_python_operator.py took 0.056 seconds
[2024-09-14T03:32:03.023+0000] {processor.py:161} INFO - Started process (PID=2045) to work on /home/airflow/.local/lib/python3.8/site-packages/airflow/example_dags/example_python_operator.py
[2024-09-14T03:32:03.024+0000] {processor.py:830} INFO - Processing file /home/airflow/.local/lib/python3.8/site-packages/airflow/example_dags/example_python_operator.py for tasks to queue
[2024-09-14T03:32:03.025+0000] {logging_mixin.py:188} INFO - [2024-09-14T03:32:03.025+0000] {dagbag.py:538} INFO - Filling up the DagBag from /home/airflow/.local/lib/python3.8/site-packages/airflow/example_dags/example_python_operator.py
[2024-09-14T03:32:03.031+0000] {processor.py:840} INFO - DAG(s) 'example_python_operator' retrieved from /home/airflow/.local/lib/python3.8/site-packages/airflow/example_dags/example_python_operator.py
[2024-09-14T03:32:03.044+0000] {logging_mixin.py:188} INFO - [2024-09-14T03:32:03.044+0000] {dag.py:3036} INFO - Sync 1 DAGs
[2024-09-14T03:32:03.051+0000] {logging_mixin.py:188} INFO - [2024-09-14T03:32:03.051+0000] {dag.py:3823} INFO - Setting next_dagrun for example_python_operator to None, run_after=None
[2024-09-14T03:32:03.061+0000] {processor.py:183} INFO - Processing /home/airflow/.local/lib/python3.8/site-packages/airflow/example_dags/example_python_operator.py took 0.039 seconds
[2024-09-14T03:32:33.750+0000] {processor.py:161} INFO - Started process (PID=2294) to work on /home/airflow/.local/lib/python3.8/site-packages/airflow/example_dags/example_python_operator.py
[2024-09-14T03:32:33.751+0000] {processor.py:830} INFO - Processing file /home/airflow/.local/lib/python3.8/site-packages/airflow/example_dags/example_python_operator.py for tasks to queue
[2024-09-14T03:32:33.752+0000] {logging_mixin.py:188} INFO - [2024-09-14T03:32:33.751+0000] {dagbag.py:538} INFO - Filling up the DagBag from /home/airflow/.local/lib/python3.8/site-packages/airflow/example_dags/example_python_operator.py
[2024-09-14T03:32:33.758+0000] {processor.py:840} INFO - DAG(s) 'example_python_operator' retrieved from /home/airflow/.local/lib/python3.8/site-packages/airflow/example_dags/example_python_operator.py
[2024-09-14T03:32:33.771+0000] {logging_mixin.py:188} INFO - [2024-09-14T03:32:33.771+0000] {dag.py:3036} INFO - Sync 1 DAGs
[2024-09-14T03:32:33.777+0000] {logging_mixin.py:188} INFO - [2024-09-14T03:32:33.777+0000] {dag.py:3823} INFO - Setting next_dagrun for example_python_operator to None, run_after=None
[2024-09-14T03:32:33.787+0000] {processor.py:183} INFO - Processing /home/airflow/.local/lib/python3.8/site-packages/airflow/example_dags/example_python_operator.py took 0.039 seconds
[2024-09-14T03:33:04.512+0000] {processor.py:161} INFO - Started process (PID=2541) to work on /home/airflow/.local/lib/python3.8/site-packages/airflow/example_dags/example_python_operator.py
[2024-09-14T03:33:04.512+0000] {processor.py:830} INFO - Processing file /home/airflow/.local/lib/python3.8/site-packages/airflow/example_dags/example_python_operator.py for tasks to queue
[2024-09-14T03:33:04.513+0000] {logging_mixin.py:188} INFO - [2024-09-14T03:33:04.513+0000] {dagbag.py:538} INFO - Filling up the DagBag from /home/airflow/.local/lib/python3.8/site-packages/airflow/example_dags/example_python_operator.py
[2024-09-14T03:33:04.519+0000] {processor.py:840} INFO - DAG(s) 'example_python_operator' retrieved from /home/airflow/.local/lib/python3.8/site-packages/airflow/example_dags/example_python_operator.py
[2024-09-14T03:33:04.532+0000] {logging_mixin.py:188} INFO - [2024-09-14T03:33:04.532+0000] {dag.py:3036} INFO - Sync 1 DAGs
[2024-09-14T03:33:04.538+0000] {logging_mixin.py:188} INFO - [2024-09-14T03:33:04.538+0000] {dag.py:3823} INFO - Setting next_dagrun for example_python_operator to None, run_after=None
[2024-09-14T03:33:04.548+0000] {processor.py:183} INFO - Processing /home/airflow/.local/lib/python3.8/site-packages/airflow/example_dags/example_python_operator.py took 0.038 seconds
[2024-09-14T03:33:35.147+0000] {processor.py:161} INFO - Started process (PID=2786) to work on /home/airflow/.local/lib/python3.8/site-packages/airflow/example_dags/example_python_operator.py
[2024-09-14T03:33:35.148+0000] {processor.py:830} INFO - Processing file /home/airflow/.local/lib/python3.8/site-packages/airflow/example_dags/example_python_operator.py for tasks to queue
[2024-09-14T03:33:35.149+0000] {logging_mixin.py:188} INFO - [2024-09-14T03:33:35.149+0000] {dagbag.py:538} INFO - Filling up the DagBag from /home/airflow/.local/lib/python3.8/site-packages/airflow/example_dags/example_python_operator.py
[2024-09-14T03:33:35.157+0000] {processor.py:840} INFO - DAG(s) 'example_python_operator' retrieved from /home/airflow/.local/lib/python3.8/site-packages/airflow/example_dags/example_python_operator.py
[2024-09-14T03:33:35.179+0000] {logging_mixin.py:188} INFO - [2024-09-14T03:33:35.179+0000] {dag.py:3036} INFO - Sync 1 DAGs
[2024-09-14T03:33:35.189+0000] {logging_mixin.py:188} INFO - [2024-09-14T03:33:35.189+0000] {dag.py:3823} INFO - Setting next_dagrun for example_python_operator to None, run_after=None
[2024-09-14T03:33:35.203+0000] {processor.py:183} INFO - Processing /home/airflow/.local/lib/python3.8/site-packages/airflow/example_dags/example_python_operator.py took 0.058 seconds
[2024-09-14T03:34:06.039+0000] {processor.py:161} INFO - Started process (PID=3033) to work on /home/airflow/.local/lib/python3.8/site-packages/airflow/example_dags/example_python_operator.py
[2024-09-14T03:34:06.040+0000] {processor.py:830} INFO - Processing file /home/airflow/.local/lib/python3.8/site-packages/airflow/example_dags/example_python_operator.py for tasks to queue
[2024-09-14T03:34:06.041+0000] {logging_mixin.py:188} INFO - [2024-09-14T03:34:06.040+0000] {dagbag.py:538} INFO - Filling up the DagBag from /home/airflow/.local/lib/python3.8/site-packages/airflow/example_dags/example_python_operator.py
[2024-09-14T03:34:06.047+0000] {processor.py:840} INFO - DAG(s) 'example_python_operator' retrieved from /home/airflow/.local/lib/python3.8/site-packages/airflow/example_dags/example_python_operator.py
[2024-09-14T03:34:06.059+0000] {logging_mixin.py:188} INFO - [2024-09-14T03:34:06.059+0000] {dag.py:3036} INFO - Sync 1 DAGs
[2024-09-14T03:34:06.066+0000] {logging_mixin.py:188} INFO - [2024-09-14T03:34:06.066+0000] {dag.py:3823} INFO - Setting next_dagrun for example_python_operator to None, run_after=None
[2024-09-14T03:34:06.076+0000] {processor.py:183} INFO - Processing /home/airflow/.local/lib/python3.8/site-packages/airflow/example_dags/example_python_operator.py took 0.039 seconds
[2024-09-14T03:34:48.213+0000] {processor.py:161} INFO - Started process (PID=3276) to work on /home/airflow/.local/lib/python3.8/site-packages/airflow/example_dags/example_python_operator.py
[2024-09-14T03:34:48.214+0000] {processor.py:830} INFO - Processing file /home/airflow/.local/lib/python3.8/site-packages/airflow/example_dags/example_python_operator.py for tasks to queue
[2024-09-14T03:34:48.215+0000] {logging_mixin.py:188} INFO - [2024-09-14T03:34:48.214+0000] {dagbag.py:538} INFO - Filling up the DagBag from /home/airflow/.local/lib/python3.8/site-packages/airflow/example_dags/example_python_operator.py
[2024-09-14T03:34:48.221+0000] {processor.py:840} INFO - DAG(s) 'example_python_operator' retrieved from /home/airflow/.local/lib/python3.8/site-packages/airflow/example_dags/example_python_operator.py
[2024-09-14T03:34:48.265+0000] {logging_mixin.py:188} INFO - [2024-09-14T03:34:48.264+0000] {dag.py:3036} INFO - Sync 1 DAGs
[2024-09-14T03:34:48.278+0000] {logging_mixin.py:188} INFO - [2024-09-14T03:34:48.278+0000] {dag.py:3823} INFO - Setting next_dagrun for example_python_operator to None, run_after=None
[2024-09-14T03:34:48.315+0000] {processor.py:183} INFO - Processing /home/airflow/.local/lib/python3.8/site-packages/airflow/example_dags/example_python_operator.py took 0.104 seconds
[2024-09-14T03:38:42.602+0000] {processor.py:161} INFO - Started process (PID=3530) to work on /home/airflow/.local/lib/python3.8/site-packages/airflow/example_dags/example_python_operator.py
[2024-09-14T03:38:42.603+0000] {processor.py:830} INFO - Processing file /home/airflow/.local/lib/python3.8/site-packages/airflow/example_dags/example_python_operator.py for tasks to queue
[2024-09-14T03:38:42.604+0000] {logging_mixin.py:188} INFO - [2024-09-14T03:38:42.604+0000] {dagbag.py:538} INFO - Filling up the DagBag from /home/airflow/.local/lib/python3.8/site-packages/airflow/example_dags/example_python_operator.py
[2024-09-14T03:38:42.612+0000] {processor.py:840} INFO - DAG(s) 'example_python_operator' retrieved from /home/airflow/.local/lib/python3.8/site-packages/airflow/example_dags/example_python_operator.py
[2024-09-14T03:38:42.634+0000] {logging_mixin.py:188} INFO - [2024-09-14T03:38:42.634+0000] {dag.py:3036} INFO - Sync 1 DAGs
[2024-09-14T03:38:42.643+0000] {logging_mixin.py:188} INFO - [2024-09-14T03:38:42.642+0000] {dag.py:3823} INFO - Setting next_dagrun for example_python_operator to None, run_after=None
[2024-09-14T03:38:42.654+0000] {processor.py:183} INFO - Processing /home/airflow/.local/lib/python3.8/site-packages/airflow/example_dags/example_python_operator.py took 0.055 seconds
[2024-09-14T03:39:12.785+0000] {processor.py:161} INFO - Started process (PID=3779) to work on /home/airflow/.local/lib/python3.8/site-packages/airflow/example_dags/example_python_operator.py
[2024-09-14T03:39:12.786+0000] {processor.py:830} INFO - Processing file /home/airflow/.local/lib/python3.8/site-packages/airflow/example_dags/example_python_operator.py for tasks to queue
[2024-09-14T03:39:12.787+0000] {logging_mixin.py:188} INFO - [2024-09-14T03:39:12.786+0000] {dagbag.py:538} INFO - Filling up the DagBag from /home/airflow/.local/lib/python3.8/site-packages/airflow/example_dags/example_python_operator.py
[2024-09-14T03:39:12.793+0000] {processor.py:840} INFO - DAG(s) 'example_python_operator' retrieved from /home/airflow/.local/lib/python3.8/site-packages/airflow/example_dags/example_python_operator.py
[2024-09-14T03:39:12.806+0000] {logging_mixin.py:188} INFO - [2024-09-14T03:39:12.806+0000] {dag.py:3036} INFO - Sync 1 DAGs
[2024-09-14T03:39:12.812+0000] {logging_mixin.py:188} INFO - [2024-09-14T03:39:12.812+0000] {dag.py:3823} INFO - Setting next_dagrun for example_python_operator to None, run_after=None
[2024-09-14T03:39:12.824+0000] {processor.py:183} INFO - Processing /home/airflow/.local/lib/python3.8/site-packages/airflow/example_dags/example_python_operator.py took 0.041 seconds
[2024-09-14T03:39:43.598+0000] {processor.py:161} INFO - Started process (PID=4024) to work on /home/airflow/.local/lib/python3.8/site-packages/airflow/example_dags/example_python_operator.py
[2024-09-14T03:39:43.599+0000] {processor.py:830} INFO - Processing file /home/airflow/.local/lib/python3.8/site-packages/airflow/example_dags/example_python_operator.py for tasks to queue
[2024-09-14T03:39:43.600+0000] {logging_mixin.py:188} INFO - [2024-09-14T03:39:43.599+0000] {dagbag.py:538} INFO - Filling up the DagBag from /home/airflow/.local/lib/python3.8/site-packages/airflow/example_dags/example_python_operator.py
[2024-09-14T03:39:43.607+0000] {processor.py:840} INFO - DAG(s) 'example_python_operator' retrieved from /home/airflow/.local/lib/python3.8/site-packages/airflow/example_dags/example_python_operator.py
[2024-09-14T03:39:43.622+0000] {logging_mixin.py:188} INFO - [2024-09-14T03:39:43.621+0000] {dag.py:3036} INFO - Sync 1 DAGs
[2024-09-14T03:39:43.628+0000] {logging_mixin.py:188} INFO - [2024-09-14T03:39:43.628+0000] {dag.py:3823} INFO - Setting next_dagrun for example_python_operator to None, run_after=None
[2024-09-14T03:39:43.638+0000] {processor.py:183} INFO - Processing /home/airflow/.local/lib/python3.8/site-packages/airflow/example_dags/example_python_operator.py took 0.042 seconds
[2024-09-14T03:40:14.353+0000] {processor.py:161} INFO - Started process (PID=4273) to work on /home/airflow/.local/lib/python3.8/site-packages/airflow/example_dags/example_python_operator.py
[2024-09-14T03:40:14.354+0000] {processor.py:830} INFO - Processing file /home/airflow/.local/lib/python3.8/site-packages/airflow/example_dags/example_python_operator.py for tasks to queue
[2024-09-14T03:40:14.354+0000] {logging_mixin.py:188} INFO - [2024-09-14T03:40:14.354+0000] {dagbag.py:538} INFO - Filling up the DagBag from /home/airflow/.local/lib/python3.8/site-packages/airflow/example_dags/example_python_operator.py
[2024-09-14T03:40:14.362+0000] {processor.py:840} INFO - DAG(s) 'example_python_operator' retrieved from /home/airflow/.local/lib/python3.8/site-packages/airflow/example_dags/example_python_operator.py
[2024-09-14T03:40:14.375+0000] {logging_mixin.py:188} INFO - [2024-09-14T03:40:14.375+0000] {dag.py:3036} INFO - Sync 1 DAGs
[2024-09-14T03:40:14.382+0000] {logging_mixin.py:188} INFO - [2024-09-14T03:40:14.382+0000] {dag.py:3823} INFO - Setting next_dagrun for example_python_operator to None, run_after=None
[2024-09-14T03:40:14.393+0000] {processor.py:183} INFO - Processing /home/airflow/.local/lib/python3.8/site-packages/airflow/example_dags/example_python_operator.py took 0.043 seconds
[2024-09-14T03:40:45.181+0000] {processor.py:161} INFO - Started process (PID=4518) to work on /home/airflow/.local/lib/python3.8/site-packages/airflow/example_dags/example_python_operator.py
[2024-09-14T03:40:45.182+0000] {processor.py:830} INFO - Processing file /home/airflow/.local/lib/python3.8/site-packages/airflow/example_dags/example_python_operator.py for tasks to queue
[2024-09-14T03:40:45.182+0000] {logging_mixin.py:188} INFO - [2024-09-14T03:40:45.182+0000] {dagbag.py:538} INFO - Filling up the DagBag from /home/airflow/.local/lib/python3.8/site-packages/airflow/example_dags/example_python_operator.py
[2024-09-14T03:40:45.189+0000] {processor.py:840} INFO - DAG(s) 'example_python_operator' retrieved from /home/airflow/.local/lib/python3.8/site-packages/airflow/example_dags/example_python_operator.py
[2024-09-14T03:40:45.202+0000] {logging_mixin.py:188} INFO - [2024-09-14T03:40:45.201+0000] {dag.py:3036} INFO - Sync 1 DAGs
[2024-09-14T03:40:45.208+0000] {logging_mixin.py:188} INFO - [2024-09-14T03:40:45.208+0000] {dag.py:3823} INFO - Setting next_dagrun for example_python_operator to None, run_after=None
[2024-09-14T03:40:45.221+0000] {processor.py:183} INFO - Processing /home/airflow/.local/lib/python3.8/site-packages/airflow/example_dags/example_python_operator.py took 0.042 seconds
[2024-09-14T03:41:15.876+0000] {processor.py:161} INFO - Started process (PID=4765) to work on /home/airflow/.local/lib/python3.8/site-packages/airflow/example_dags/example_python_operator.py
[2024-09-14T03:41:15.877+0000] {processor.py:830} INFO - Processing file /home/airflow/.local/lib/python3.8/site-packages/airflow/example_dags/example_python_operator.py for tasks to queue
[2024-09-14T03:41:15.877+0000] {logging_mixin.py:188} INFO - [2024-09-14T03:41:15.877+0000] {dagbag.py:538} INFO - Filling up the DagBag from /home/airflow/.local/lib/python3.8/site-packages/airflow/example_dags/example_python_operator.py
[2024-09-14T03:41:15.885+0000] {processor.py:840} INFO - DAG(s) 'example_python_operator' retrieved from /home/airflow/.local/lib/python3.8/site-packages/airflow/example_dags/example_python_operator.py
[2024-09-14T03:41:15.901+0000] {logging_mixin.py:188} INFO - [2024-09-14T03:41:15.901+0000] {dag.py:3036} INFO - Sync 1 DAGs
[2024-09-14T03:41:15.908+0000] {logging_mixin.py:188} INFO - [2024-09-14T03:41:15.908+0000] {dag.py:3823} INFO - Setting next_dagrun for example_python_operator to None, run_after=None
[2024-09-14T03:41:15.918+0000] {processor.py:183} INFO - Processing /home/airflow/.local/lib/python3.8/site-packages/airflow/example_dags/example_python_operator.py took 0.045 seconds
[2024-09-14T03:41:46.875+0000] {processor.py:161} INFO - Started process (PID=5014) to work on /home/airflow/.local/lib/python3.8/site-packages/airflow/example_dags/example_python_operator.py
[2024-09-14T03:41:46.876+0000] {processor.py:830} INFO - Processing file /home/airflow/.local/lib/python3.8/site-packages/airflow/example_dags/example_python_operator.py for tasks to queue
[2024-09-14T03:41:46.878+0000] {logging_mixin.py:188} INFO - [2024-09-14T03:41:46.877+0000] {dagbag.py:538} INFO - Filling up the DagBag from /home/airflow/.local/lib/python3.8/site-packages/airflow/example_dags/example_python_operator.py
[2024-09-14T03:41:46.894+0000] {processor.py:840} INFO - DAG(s) 'example_python_operator' retrieved from /home/airflow/.local/lib/python3.8/site-packages/airflow/example_dags/example_python_operator.py
[2024-09-14T03:41:46.982+0000] {logging_mixin.py:188} INFO - [2024-09-14T03:41:46.981+0000] {dag.py:3036} INFO - Sync 1 DAGs
[2024-09-14T03:41:46.998+0000] {logging_mixin.py:188} INFO - [2024-09-14T03:41:46.997+0000] {dag.py:3823} INFO - Setting next_dagrun for example_python_operator to None, run_after=None
[2024-09-14T03:41:47.024+0000] {processor.py:183} INFO - Processing /home/airflow/.local/lib/python3.8/site-packages/airflow/example_dags/example_python_operator.py took 0.153 seconds
[2024-09-14T03:42:17.990+0000] {processor.py:161} INFO - Started process (PID=5261) to work on /home/airflow/.local/lib/python3.8/site-packages/airflow/example_dags/example_python_operator.py
[2024-09-14T03:42:17.991+0000] {processor.py:830} INFO - Processing file /home/airflow/.local/lib/python3.8/site-packages/airflow/example_dags/example_python_operator.py for tasks to queue
[2024-09-14T03:42:17.991+0000] {logging_mixin.py:188} INFO - [2024-09-14T03:42:17.991+0000] {dagbag.py:538} INFO - Filling up the DagBag from /home/airflow/.local/lib/python3.8/site-packages/airflow/example_dags/example_python_operator.py
[2024-09-14T03:42:18.001+0000] {processor.py:840} INFO - DAG(s) 'example_python_operator' retrieved from /home/airflow/.local/lib/python3.8/site-packages/airflow/example_dags/example_python_operator.py
[2024-09-14T03:42:18.016+0000] {logging_mixin.py:188} INFO - [2024-09-14T03:42:18.016+0000] {dag.py:3036} INFO - Sync 1 DAGs
[2024-09-14T03:42:18.023+0000] {logging_mixin.py:188} INFO - [2024-09-14T03:42:18.023+0000] {dag.py:3823} INFO - Setting next_dagrun for example_python_operator to None, run_after=None
[2024-09-14T03:42:18.035+0000] {processor.py:183} INFO - Processing /home/airflow/.local/lib/python3.8/site-packages/airflow/example_dags/example_python_operator.py took 0.050 seconds
[2024-09-14T03:42:48.656+0000] {processor.py:161} INFO - Started process (PID=5508) to work on /home/airflow/.local/lib/python3.8/site-packages/airflow/example_dags/example_python_operator.py
[2024-09-14T03:42:48.657+0000] {processor.py:830} INFO - Processing file /home/airflow/.local/lib/python3.8/site-packages/airflow/example_dags/example_python_operator.py for tasks to queue
[2024-09-14T03:42:48.657+0000] {logging_mixin.py:188} INFO - [2024-09-14T03:42:48.657+0000] {dagbag.py:538} INFO - Filling up the DagBag from /home/airflow/.local/lib/python3.8/site-packages/airflow/example_dags/example_python_operator.py
[2024-09-14T03:42:48.664+0000] {processor.py:840} INFO - DAG(s) 'example_python_operator' retrieved from /home/airflow/.local/lib/python3.8/site-packages/airflow/example_dags/example_python_operator.py
[2024-09-14T03:42:48.677+0000] {logging_mixin.py:188} INFO - [2024-09-14T03:42:48.677+0000] {dag.py:3036} INFO - Sync 1 DAGs
[2024-09-14T03:42:48.683+0000] {logging_mixin.py:188} INFO - [2024-09-14T03:42:48.683+0000] {dag.py:3823} INFO - Setting next_dagrun for example_python_operator to None, run_after=None
[2024-09-14T03:42:48.693+0000] {processor.py:183} INFO - Processing /home/airflow/.local/lib/python3.8/site-packages/airflow/example_dags/example_python_operator.py took 0.039 seconds
[2024-09-14T03:43:19.333+0000] {processor.py:161} INFO - Started process (PID=5755) to work on /home/airflow/.local/lib/python3.8/site-packages/airflow/example_dags/example_python_operator.py
[2024-09-14T03:43:19.334+0000] {processor.py:830} INFO - Processing file /home/airflow/.local/lib/python3.8/site-packages/airflow/example_dags/example_python_operator.py for tasks to queue
[2024-09-14T03:43:19.334+0000] {logging_mixin.py:188} INFO - [2024-09-14T03:43:19.334+0000] {dagbag.py:538} INFO - Filling up the DagBag from /home/airflow/.local/lib/python3.8/site-packages/airflow/example_dags/example_python_operator.py
[2024-09-14T03:43:19.341+0000] {processor.py:840} INFO - DAG(s) 'example_python_operator' retrieved from /home/airflow/.local/lib/python3.8/site-packages/airflow/example_dags/example_python_operator.py
[2024-09-14T03:43:19.355+0000] {logging_mixin.py:188} INFO - [2024-09-14T03:43:19.355+0000] {dag.py:3036} INFO - Sync 1 DAGs
[2024-09-14T03:43:19.361+0000] {logging_mixin.py:188} INFO - [2024-09-14T03:43:19.361+0000] {dag.py:3823} INFO - Setting next_dagrun for example_python_operator to None, run_after=None
[2024-09-14T03:43:19.373+0000] {processor.py:183} INFO - Processing /home/airflow/.local/lib/python3.8/site-packages/airflow/example_dags/example_python_operator.py took 0.042 seconds
[2024-09-14T03:43:49.486+0000] {processor.py:161} INFO - Started process (PID=6002) to work on /home/airflow/.local/lib/python3.8/site-packages/airflow/example_dags/example_python_operator.py
[2024-09-14T03:43:49.487+0000] {processor.py:830} INFO - Processing file /home/airflow/.local/lib/python3.8/site-packages/airflow/example_dags/example_python_operator.py for tasks to queue
[2024-09-14T03:43:49.488+0000] {logging_mixin.py:188} INFO - [2024-09-14T03:43:49.488+0000] {dagbag.py:538} INFO - Filling up the DagBag from /home/airflow/.local/lib/python3.8/site-packages/airflow/example_dags/example_python_operator.py
[2024-09-14T03:43:49.495+0000] {processor.py:840} INFO - DAG(s) 'example_python_operator' retrieved from /home/airflow/.local/lib/python3.8/site-packages/airflow/example_dags/example_python_operator.py
[2024-09-14T03:43:49.510+0000] {logging_mixin.py:188} INFO - [2024-09-14T03:43:49.510+0000] {dag.py:3036} INFO - Sync 1 DAGs
[2024-09-14T03:43:49.517+0000] {logging_mixin.py:188} INFO - [2024-09-14T03:43:49.516+0000] {dag.py:3823} INFO - Setting next_dagrun for example_python_operator to None, run_after=None
[2024-09-14T03:43:49.529+0000] {processor.py:183} INFO - Processing /home/airflow/.local/lib/python3.8/site-packages/airflow/example_dags/example_python_operator.py took 0.045 seconds
[2024-09-14T03:44:19.778+0000] {processor.py:161} INFO - Started process (PID=6249) to work on /home/airflow/.local/lib/python3.8/site-packages/airflow/example_dags/example_python_operator.py
[2024-09-14T03:44:19.779+0000] {processor.py:830} INFO - Processing file /home/airflow/.local/lib/python3.8/site-packages/airflow/example_dags/example_python_operator.py for tasks to queue
[2024-09-14T03:44:19.780+0000] {logging_mixin.py:188} INFO - [2024-09-14T03:44:19.779+0000] {dagbag.py:538} INFO - Filling up the DagBag from /home/airflow/.local/lib/python3.8/site-packages/airflow/example_dags/example_python_operator.py
[2024-09-14T03:44:19.786+0000] {processor.py:840} INFO - DAG(s) 'example_python_operator' retrieved from /home/airflow/.local/lib/python3.8/site-packages/airflow/example_dags/example_python_operator.py
[2024-09-14T03:44:19.799+0000] {logging_mixin.py:188} INFO - [2024-09-14T03:44:19.799+0000] {dag.py:3036} INFO - Sync 1 DAGs
[2024-09-14T03:44:19.805+0000] {logging_mixin.py:188} INFO - [2024-09-14T03:44:19.805+0000] {dag.py:3823} INFO - Setting next_dagrun for example_python_operator to None, run_after=None
[2024-09-14T03:44:19.816+0000] {processor.py:183} INFO - Processing /home/airflow/.local/lib/python3.8/site-packages/airflow/example_dags/example_python_operator.py took 0.040 seconds
[2024-09-14T03:44:50.529+0000] {processor.py:161} INFO - Started process (PID=6496) to work on /home/airflow/.local/lib/python3.8/site-packages/airflow/example_dags/example_python_operator.py
[2024-09-14T03:44:50.529+0000] {processor.py:830} INFO - Processing file /home/airflow/.local/lib/python3.8/site-packages/airflow/example_dags/example_python_operator.py for tasks to queue
[2024-09-14T03:44:50.530+0000] {logging_mixin.py:188} INFO - [2024-09-14T03:44:50.530+0000] {dagbag.py:538} INFO - Filling up the DagBag from /home/airflow/.local/lib/python3.8/site-packages/airflow/example_dags/example_python_operator.py
[2024-09-14T03:44:50.536+0000] {processor.py:840} INFO - DAG(s) 'example_python_operator' retrieved from /home/airflow/.local/lib/python3.8/site-packages/airflow/example_dags/example_python_operator.py
[2024-09-14T03:44:50.550+0000] {logging_mixin.py:188} INFO - [2024-09-14T03:44:50.550+0000] {dag.py:3036} INFO - Sync 1 DAGs
[2024-09-14T03:44:50.557+0000] {logging_mixin.py:188} INFO - [2024-09-14T03:44:50.557+0000] {dag.py:3823} INFO - Setting next_dagrun for example_python_operator to None, run_after=None
[2024-09-14T03:44:50.567+0000] {processor.py:183} INFO - Processing /home/airflow/.local/lib/python3.8/site-packages/airflow/example_dags/example_python_operator.py took 0.040 seconds
[2024-09-14T03:45:20.817+0000] {processor.py:161} INFO - Started process (PID=6741) to work on /home/airflow/.local/lib/python3.8/site-packages/airflow/example_dags/example_python_operator.py
[2024-09-14T03:45:20.819+0000] {processor.py:830} INFO - Processing file /home/airflow/.local/lib/python3.8/site-packages/airflow/example_dags/example_python_operator.py for tasks to queue
[2024-09-14T03:45:20.819+0000] {logging_mixin.py:188} INFO - [2024-09-14T03:45:20.819+0000] {dagbag.py:538} INFO - Filling up the DagBag from /home/airflow/.local/lib/python3.8/site-packages/airflow/example_dags/example_python_operator.py
[2024-09-14T03:45:20.827+0000] {processor.py:840} INFO - DAG(s) 'example_python_operator' retrieved from /home/airflow/.local/lib/python3.8/site-packages/airflow/example_dags/example_python_operator.py
[2024-09-14T03:45:20.842+0000] {logging_mixin.py:188} INFO - [2024-09-14T03:45:20.842+0000] {dag.py:3036} INFO - Sync 1 DAGs
[2024-09-14T03:45:20.850+0000] {logging_mixin.py:188} INFO - [2024-09-14T03:45:20.850+0000] {dag.py:3823} INFO - Setting next_dagrun for example_python_operator to None, run_after=None
[2024-09-14T03:45:20.865+0000] {processor.py:183} INFO - Processing /home/airflow/.local/lib/python3.8/site-packages/airflow/example_dags/example_python_operator.py took 0.050 seconds
[2024-09-14T03:45:51.875+0000] {processor.py:161} INFO - Started process (PID=6988) to work on /home/airflow/.local/lib/python3.8/site-packages/airflow/example_dags/example_python_operator.py
[2024-09-14T03:45:51.876+0000] {processor.py:830} INFO - Processing file /home/airflow/.local/lib/python3.8/site-packages/airflow/example_dags/example_python_operator.py for tasks to queue
[2024-09-14T03:45:51.877+0000] {logging_mixin.py:188} INFO - [2024-09-14T03:45:51.877+0000] {dagbag.py:538} INFO - Filling up the DagBag from /home/airflow/.local/lib/python3.8/site-packages/airflow/example_dags/example_python_operator.py
[2024-09-14T03:45:51.884+0000] {processor.py:840} INFO - DAG(s) 'example_python_operator' retrieved from /home/airflow/.local/lib/python3.8/site-packages/airflow/example_dags/example_python_operator.py
[2024-09-14T03:45:51.899+0000] {logging_mixin.py:188} INFO - [2024-09-14T03:45:51.899+0000] {dag.py:3036} INFO - Sync 1 DAGs
[2024-09-14T03:45:51.905+0000] {logging_mixin.py:188} INFO - [2024-09-14T03:45:51.905+0000] {dag.py:3823} INFO - Setting next_dagrun for example_python_operator to None, run_after=None
[2024-09-14T03:45:51.915+0000] {processor.py:183} INFO - Processing /home/airflow/.local/lib/python3.8/site-packages/airflow/example_dags/example_python_operator.py took 0.042 seconds
[2024-09-14T03:46:22.730+0000] {processor.py:161} INFO - Started process (PID=7237) to work on /home/airflow/.local/lib/python3.8/site-packages/airflow/example_dags/example_python_operator.py
[2024-09-14T03:46:22.731+0000] {processor.py:830} INFO - Processing file /home/airflow/.local/lib/python3.8/site-packages/airflow/example_dags/example_python_operator.py for tasks to queue
[2024-09-14T03:46:22.732+0000] {logging_mixin.py:188} INFO - [2024-09-14T03:46:22.731+0000] {dagbag.py:538} INFO - Filling up the DagBag from /home/airflow/.local/lib/python3.8/site-packages/airflow/example_dags/example_python_operator.py
[2024-09-14T03:46:22.739+0000] {processor.py:840} INFO - DAG(s) 'example_python_operator' retrieved from /home/airflow/.local/lib/python3.8/site-packages/airflow/example_dags/example_python_operator.py
[2024-09-14T03:46:22.755+0000] {logging_mixin.py:188} INFO - [2024-09-14T03:46:22.754+0000] {dag.py:3036} INFO - Sync 1 DAGs
[2024-09-14T03:46:22.762+0000] {logging_mixin.py:188} INFO - [2024-09-14T03:46:22.762+0000] {dag.py:3823} INFO - Setting next_dagrun for example_python_operator to None, run_after=None
[2024-09-14T03:46:22.774+0000] {processor.py:183} INFO - Processing /home/airflow/.local/lib/python3.8/site-packages/airflow/example_dags/example_python_operator.py took 0.048 seconds
[2024-09-14T03:46:52.912+0000] {processor.py:161} INFO - Started process (PID=7483) to work on /home/airflow/.local/lib/python3.8/site-packages/airflow/example_dags/example_python_operator.py
[2024-09-14T03:46:52.913+0000] {processor.py:830} INFO - Processing file /home/airflow/.local/lib/python3.8/site-packages/airflow/example_dags/example_python_operator.py for tasks to queue
[2024-09-14T03:46:52.914+0000] {logging_mixin.py:188} INFO - [2024-09-14T03:46:52.914+0000] {dagbag.py:538} INFO - Filling up the DagBag from /home/airflow/.local/lib/python3.8/site-packages/airflow/example_dags/example_python_operator.py
[2024-09-14T03:46:52.920+0000] {processor.py:840} INFO - DAG(s) 'example_python_operator' retrieved from /home/airflow/.local/lib/python3.8/site-packages/airflow/example_dags/example_python_operator.py
[2024-09-14T03:46:52.935+0000] {logging_mixin.py:188} INFO - [2024-09-14T03:46:52.935+0000] {dag.py:3036} INFO - Sync 1 DAGs
[2024-09-14T03:46:52.942+0000] {logging_mixin.py:188} INFO - [2024-09-14T03:46:52.942+0000] {dag.py:3823} INFO - Setting next_dagrun for example_python_operator to None, run_after=None
[2024-09-14T03:46:52.953+0000] {processor.py:183} INFO - Processing /home/airflow/.local/lib/python3.8/site-packages/airflow/example_dags/example_python_operator.py took 0.043 seconds
