[2024-09-14T03:28:27.848+0000] {processor.py:161} INFO - Started process (PID=296) to work on /home/airflow/.local/lib/python3.8/site-packages/airflow/example_dags/example_dag_decorator.py
[2024-09-14T03:28:27.849+0000] {processor.py:830} INFO - Processing file /home/airflow/.local/lib/python3.8/site-packages/airflow/example_dags/example_dag_decorator.py for tasks to queue
[2024-09-14T03:28:27.850+0000] {logging_mixin.py:188} INFO - [2024-09-14T03:28:27.850+0000] {dagbag.py:538} INFO - Filling up the DagBag from /home/airflow/.local/lib/python3.8/site-packages/airflow/example_dags/example_dag_decorator.py
[2024-09-14T03:28:27.936+0000] {processor.py:840} INFO - DAG(s) 'example_dag_decorator' retrieved from /home/airflow/.local/lib/python3.8/site-packages/airflow/example_dags/example_dag_decorator.py
[2024-09-14T03:28:28.003+0000] {logging_mixin.py:188} INFO - [2024-09-14T03:28:28.003+0000] {dag.py:3036} INFO - Sync 1 DAGs
[2024-09-14T03:28:28.011+0000] {logging_mixin.py:188} INFO - [2024-09-14T03:28:28.011+0000] {dag.py:3823} INFO - Setting next_dagrun for example_dag_decorator to None, run_after=None
[2024-09-14T03:28:28.031+0000] {processor.py:183} INFO - Processing /home/airflow/.local/lib/python3.8/site-packages/airflow/example_dags/example_dag_decorator.py took 0.185 seconds
[2024-09-14T03:28:58.092+0000] {processor.py:161} INFO - Started process (PID=550) to work on /home/airflow/.local/lib/python3.8/site-packages/airflow/example_dags/example_dag_decorator.py
[2024-09-14T03:28:58.093+0000] {processor.py:830} INFO - Processing file /home/airflow/.local/lib/python3.8/site-packages/airflow/example_dags/example_dag_decorator.py for tasks to queue
[2024-09-14T03:28:58.093+0000] {logging_mixin.py:188} INFO - [2024-09-14T03:28:58.093+0000] {dagbag.py:538} INFO - Filling up the DagBag from /home/airflow/.local/lib/python3.8/site-packages/airflow/example_dags/example_dag_decorator.py
[2024-09-14T03:28:58.132+0000] {processor.py:840} INFO - DAG(s) 'example_dag_decorator' retrieved from /home/airflow/.local/lib/python3.8/site-packages/airflow/example_dags/example_dag_decorator.py
[2024-09-14T03:28:58.182+0000] {logging_mixin.py:188} INFO - [2024-09-14T03:28:58.181+0000] {dag.py:3036} INFO - Sync 1 DAGs
[2024-09-14T03:28:58.187+0000] {logging_mixin.py:188} INFO - [2024-09-14T03:28:58.187+0000] {dag.py:3823} INFO - Setting next_dagrun for example_dag_decorator to None, run_after=None
[2024-09-14T03:28:58.197+0000] {processor.py:183} INFO - Processing /home/airflow/.local/lib/python3.8/site-packages/airflow/example_dags/example_dag_decorator.py took 0.107 seconds
[2024-09-14T03:29:28.846+0000] {processor.py:161} INFO - Started process (PID=790) to work on /home/airflow/.local/lib/python3.8/site-packages/airflow/example_dags/example_dag_decorator.py
[2024-09-14T03:29:28.847+0000] {processor.py:830} INFO - Processing file /home/airflow/.local/lib/python3.8/site-packages/airflow/example_dags/example_dag_decorator.py for tasks to queue
[2024-09-14T03:29:28.847+0000] {logging_mixin.py:188} INFO - [2024-09-14T03:29:28.847+0000] {dagbag.py:538} INFO - Filling up the DagBag from /home/airflow/.local/lib/python3.8/site-packages/airflow/example_dags/example_dag_decorator.py
[2024-09-14T03:29:28.893+0000] {processor.py:840} INFO - DAG(s) 'example_dag_decorator' retrieved from /home/airflow/.local/lib/python3.8/site-packages/airflow/example_dags/example_dag_decorator.py
[2024-09-14T03:29:28.943+0000] {logging_mixin.py:188} INFO - [2024-09-14T03:29:28.943+0000] {dag.py:3036} INFO - Sync 1 DAGs
[2024-09-14T03:29:28.948+0000] {logging_mixin.py:188} INFO - [2024-09-14T03:29:28.948+0000] {dag.py:3823} INFO - Setting next_dagrun for example_dag_decorator to None, run_after=None
[2024-09-14T03:29:28.975+0000] {processor.py:183} INFO - Processing /home/airflow/.local/lib/python3.8/site-packages/airflow/example_dags/example_dag_decorator.py took 0.131 seconds
[2024-09-14T03:29:59.664+0000] {processor.py:161} INFO - Started process (PID=1037) to work on /home/airflow/.local/lib/python3.8/site-packages/airflow/example_dags/example_dag_decorator.py
[2024-09-14T03:29:59.664+0000] {processor.py:830} INFO - Processing file /home/airflow/.local/lib/python3.8/site-packages/airflow/example_dags/example_dag_decorator.py for tasks to queue
[2024-09-14T03:29:59.665+0000] {logging_mixin.py:188} INFO - [2024-09-14T03:29:59.665+0000] {dagbag.py:538} INFO - Filling up the DagBag from /home/airflow/.local/lib/python3.8/site-packages/airflow/example_dags/example_dag_decorator.py
[2024-09-14T03:29:59.709+0000] {processor.py:840} INFO - DAG(s) 'example_dag_decorator' retrieved from /home/airflow/.local/lib/python3.8/site-packages/airflow/example_dags/example_dag_decorator.py
[2024-09-14T03:29:59.764+0000] {logging_mixin.py:188} INFO - [2024-09-14T03:29:59.764+0000] {dag.py:3036} INFO - Sync 1 DAGs
[2024-09-14T03:29:59.769+0000] {logging_mixin.py:188} INFO - [2024-09-14T03:29:59.769+0000] {dag.py:3823} INFO - Setting next_dagrun for example_dag_decorator to None, run_after=None
[2024-09-14T03:29:59.778+0000] {processor.py:183} INFO - Processing /home/airflow/.local/lib/python3.8/site-packages/airflow/example_dags/example_dag_decorator.py took 0.116 seconds
[2024-09-14T03:30:30.352+0000] {processor.py:161} INFO - Started process (PID=1284) to work on /home/airflow/.local/lib/python3.8/site-packages/airflow/example_dags/example_dag_decorator.py
[2024-09-14T03:30:30.353+0000] {processor.py:830} INFO - Processing file /home/airflow/.local/lib/python3.8/site-packages/airflow/example_dags/example_dag_decorator.py for tasks to queue
[2024-09-14T03:30:30.354+0000] {logging_mixin.py:188} INFO - [2024-09-14T03:30:30.353+0000] {dagbag.py:538} INFO - Filling up the DagBag from /home/airflow/.local/lib/python3.8/site-packages/airflow/example_dags/example_dag_decorator.py
[2024-09-14T03:30:30.401+0000] {processor.py:840} INFO - DAG(s) 'example_dag_decorator' retrieved from /home/airflow/.local/lib/python3.8/site-packages/airflow/example_dags/example_dag_decorator.py
[2024-09-14T03:30:30.458+0000] {logging_mixin.py:188} INFO - [2024-09-14T03:30:30.458+0000] {dag.py:3036} INFO - Sync 1 DAGs
[2024-09-14T03:30:30.465+0000] {logging_mixin.py:188} INFO - [2024-09-14T03:30:30.464+0000] {dag.py:3823} INFO - Setting next_dagrun for example_dag_decorator to None, run_after=None
[2024-09-14T03:30:30.475+0000] {processor.py:183} INFO - Processing /home/airflow/.local/lib/python3.8/site-packages/airflow/example_dags/example_dag_decorator.py took 0.126 seconds
[2024-09-14T03:31:01.139+0000] {processor.py:161} INFO - Started process (PID=1531) to work on /home/airflow/.local/lib/python3.8/site-packages/airflow/example_dags/example_dag_decorator.py
[2024-09-14T03:31:01.140+0000] {processor.py:830} INFO - Processing file /home/airflow/.local/lib/python3.8/site-packages/airflow/example_dags/example_dag_decorator.py for tasks to queue
[2024-09-14T03:31:01.141+0000] {logging_mixin.py:188} INFO - [2024-09-14T03:31:01.140+0000] {dagbag.py:538} INFO - Filling up the DagBag from /home/airflow/.local/lib/python3.8/site-packages/airflow/example_dags/example_dag_decorator.py
[2024-09-14T03:31:01.184+0000] {processor.py:840} INFO - DAG(s) 'example_dag_decorator' retrieved from /home/airflow/.local/lib/python3.8/site-packages/airflow/example_dags/example_dag_decorator.py
[2024-09-14T03:31:01.238+0000] {logging_mixin.py:188} INFO - [2024-09-14T03:31:01.238+0000] {dag.py:3036} INFO - Sync 1 DAGs
[2024-09-14T03:31:01.244+0000] {logging_mixin.py:188} INFO - [2024-09-14T03:31:01.243+0000] {dag.py:3823} INFO - Setting next_dagrun for example_dag_decorator to None, run_after=None
[2024-09-14T03:31:01.256+0000] {processor.py:183} INFO - Processing /home/airflow/.local/lib/python3.8/site-packages/airflow/example_dags/example_dag_decorator.py took 0.119 seconds
[2024-09-14T03:31:31.986+0000] {processor.py:161} INFO - Started process (PID=1778) to work on /home/airflow/.local/lib/python3.8/site-packages/airflow/example_dags/example_dag_decorator.py
[2024-09-14T03:31:31.987+0000] {processor.py:830} INFO - Processing file /home/airflow/.local/lib/python3.8/site-packages/airflow/example_dags/example_dag_decorator.py for tasks to queue
[2024-09-14T03:31:31.988+0000] {logging_mixin.py:188} INFO - [2024-09-14T03:31:31.988+0000] {dagbag.py:538} INFO - Filling up the DagBag from /home/airflow/.local/lib/python3.8/site-packages/airflow/example_dags/example_dag_decorator.py
[2024-09-14T03:31:32.049+0000] {processor.py:840} INFO - DAG(s) 'example_dag_decorator' retrieved from /home/airflow/.local/lib/python3.8/site-packages/airflow/example_dags/example_dag_decorator.py
[2024-09-14T03:31:32.123+0000] {logging_mixin.py:188} INFO - [2024-09-14T03:31:32.122+0000] {dag.py:3036} INFO - Sync 1 DAGs
[2024-09-14T03:31:32.128+0000] {logging_mixin.py:188} INFO - [2024-09-14T03:31:32.128+0000] {dag.py:3823} INFO - Setting next_dagrun for example_dag_decorator to None, run_after=None
[2024-09-14T03:31:32.141+0000] {processor.py:183} INFO - Processing /home/airflow/.local/lib/python3.8/site-packages/airflow/example_dags/example_dag_decorator.py took 0.159 seconds
[2024-09-14T03:32:02.866+0000] {processor.py:161} INFO - Started process (PID=2025) to work on /home/airflow/.local/lib/python3.8/site-packages/airflow/example_dags/example_dag_decorator.py
[2024-09-14T03:32:02.867+0000] {processor.py:830} INFO - Processing file /home/airflow/.local/lib/python3.8/site-packages/airflow/example_dags/example_dag_decorator.py for tasks to queue
[2024-09-14T03:32:02.867+0000] {logging_mixin.py:188} INFO - [2024-09-14T03:32:02.867+0000] {dagbag.py:538} INFO - Filling up the DagBag from /home/airflow/.local/lib/python3.8/site-packages/airflow/example_dags/example_dag_decorator.py
[2024-09-14T03:32:02.915+0000] {processor.py:840} INFO - DAG(s) 'example_dag_decorator' retrieved from /home/airflow/.local/lib/python3.8/site-packages/airflow/example_dags/example_dag_decorator.py
[2024-09-14T03:32:02.970+0000] {logging_mixin.py:188} INFO - [2024-09-14T03:32:02.970+0000] {dag.py:3036} INFO - Sync 1 DAGs
[2024-09-14T03:32:02.975+0000] {logging_mixin.py:188} INFO - [2024-09-14T03:32:02.975+0000] {dag.py:3823} INFO - Setting next_dagrun for example_dag_decorator to None, run_after=None
[2024-09-14T03:32:02.984+0000] {processor.py:183} INFO - Processing /home/airflow/.local/lib/python3.8/site-packages/airflow/example_dags/example_dag_decorator.py took 0.120 seconds
[2024-09-14T03:32:33.570+0000] {processor.py:161} INFO - Started process (PID=2272) to work on /home/airflow/.local/lib/python3.8/site-packages/airflow/example_dags/example_dag_decorator.py
[2024-09-14T03:32:33.571+0000] {processor.py:830} INFO - Processing file /home/airflow/.local/lib/python3.8/site-packages/airflow/example_dags/example_dag_decorator.py for tasks to queue
[2024-09-14T03:32:33.572+0000] {logging_mixin.py:188} INFO - [2024-09-14T03:32:33.572+0000] {dagbag.py:538} INFO - Filling up the DagBag from /home/airflow/.local/lib/python3.8/site-packages/airflow/example_dags/example_dag_decorator.py
[2024-09-14T03:32:33.615+0000] {processor.py:840} INFO - DAG(s) 'example_dag_decorator' retrieved from /home/airflow/.local/lib/python3.8/site-packages/airflow/example_dags/example_dag_decorator.py
[2024-09-14T03:32:33.666+0000] {logging_mixin.py:188} INFO - [2024-09-14T03:32:33.666+0000] {dag.py:3036} INFO - Sync 1 DAGs
[2024-09-14T03:32:33.672+0000] {logging_mixin.py:188} INFO - [2024-09-14T03:32:33.672+0000] {dag.py:3823} INFO - Setting next_dagrun for example_dag_decorator to None, run_after=None
[2024-09-14T03:32:33.681+0000] {processor.py:183} INFO - Processing /home/airflow/.local/lib/python3.8/site-packages/airflow/example_dags/example_dag_decorator.py took 0.113 seconds
[2024-09-14T03:33:04.336+0000] {processor.py:161} INFO - Started process (PID=2519) to work on /home/airflow/.local/lib/python3.8/site-packages/airflow/example_dags/example_dag_decorator.py
[2024-09-14T03:33:04.336+0000] {processor.py:830} INFO - Processing file /home/airflow/.local/lib/python3.8/site-packages/airflow/example_dags/example_dag_decorator.py for tasks to queue
[2024-09-14T03:33:04.337+0000] {logging_mixin.py:188} INFO - [2024-09-14T03:33:04.337+0000] {dagbag.py:538} INFO - Filling up the DagBag from /home/airflow/.local/lib/python3.8/site-packages/airflow/example_dags/example_dag_decorator.py
[2024-09-14T03:33:04.381+0000] {processor.py:840} INFO - DAG(s) 'example_dag_decorator' retrieved from /home/airflow/.local/lib/python3.8/site-packages/airflow/example_dags/example_dag_decorator.py
[2024-09-14T03:33:04.431+0000] {logging_mixin.py:188} INFO - [2024-09-14T03:33:04.431+0000] {dag.py:3036} INFO - Sync 1 DAGs
[2024-09-14T03:33:04.436+0000] {logging_mixin.py:188} INFO - [2024-09-14T03:33:04.436+0000] {dag.py:3823} INFO - Setting next_dagrun for example_dag_decorator to None, run_after=None
[2024-09-14T03:33:04.446+0000] {processor.py:183} INFO - Processing /home/airflow/.local/lib/python3.8/site-packages/airflow/example_dags/example_dag_decorator.py took 0.113 seconds
[2024-09-14T03:33:35.004+0000] {processor.py:161} INFO - Started process (PID=2766) to work on /home/airflow/.local/lib/python3.8/site-packages/airflow/example_dags/example_dag_decorator.py
[2024-09-14T03:33:35.005+0000] {processor.py:830} INFO - Processing file /home/airflow/.local/lib/python3.8/site-packages/airflow/example_dags/example_dag_decorator.py for tasks to queue
[2024-09-14T03:33:35.005+0000] {logging_mixin.py:188} INFO - [2024-09-14T03:33:35.005+0000] {dagbag.py:538} INFO - Filling up the DagBag from /home/airflow/.local/lib/python3.8/site-packages/airflow/example_dags/example_dag_decorator.py
[2024-09-14T03:33:35.051+0000] {processor.py:840} INFO - DAG(s) 'example_dag_decorator' retrieved from /home/airflow/.local/lib/python3.8/site-packages/airflow/example_dags/example_dag_decorator.py
[2024-09-14T03:33:35.101+0000] {logging_mixin.py:188} INFO - [2024-09-14T03:33:35.101+0000] {dag.py:3036} INFO - Sync 1 DAGs
[2024-09-14T03:33:35.106+0000] {logging_mixin.py:188} INFO - [2024-09-14T03:33:35.106+0000] {dag.py:3823} INFO - Setting next_dagrun for example_dag_decorator to None, run_after=None
[2024-09-14T03:33:35.116+0000] {processor.py:183} INFO - Processing /home/airflow/.local/lib/python3.8/site-packages/airflow/example_dags/example_dag_decorator.py took 0.114 seconds
[2024-09-14T03:34:05.845+0000] {processor.py:161} INFO - Started process (PID=3013) to work on /home/airflow/.local/lib/python3.8/site-packages/airflow/example_dags/example_dag_decorator.py
[2024-09-14T03:34:05.852+0000] {processor.py:830} INFO - Processing file /home/airflow/.local/lib/python3.8/site-packages/airflow/example_dags/example_dag_decorator.py for tasks to queue
[2024-09-14T03:34:05.853+0000] {logging_mixin.py:188} INFO - [2024-09-14T03:34:05.853+0000] {dagbag.py:538} INFO - Filling up the DagBag from /home/airflow/.local/lib/python3.8/site-packages/airflow/example_dags/example_dag_decorator.py
[2024-09-14T03:34:05.935+0000] {processor.py:840} INFO - DAG(s) 'example_dag_decorator' retrieved from /home/airflow/.local/lib/python3.8/site-packages/airflow/example_dags/example_dag_decorator.py
[2024-09-14T03:34:05.986+0000] {logging_mixin.py:188} INFO - [2024-09-14T03:34:05.986+0000] {dag.py:3036} INFO - Sync 1 DAGs
[2024-09-14T03:34:05.992+0000] {logging_mixin.py:188} INFO - [2024-09-14T03:34:05.991+0000] {dag.py:3823} INFO - Setting next_dagrun for example_dag_decorator to None, run_after=None
[2024-09-14T03:34:06.004+0000] {processor.py:183} INFO - Processing /home/airflow/.local/lib/python3.8/site-packages/airflow/example_dags/example_dag_decorator.py took 0.160 seconds
[2024-09-14T03:34:48.076+0000] {processor.py:161} INFO - Started process (PID=3256) to work on /home/airflow/.local/lib/python3.8/site-packages/airflow/example_dags/example_dag_decorator.py
[2024-09-14T03:34:48.077+0000] {processor.py:830} INFO - Processing file /home/airflow/.local/lib/python3.8/site-packages/airflow/example_dags/example_dag_decorator.py for tasks to queue
[2024-09-14T03:34:48.077+0000] {logging_mixin.py:188} INFO - [2024-09-14T03:34:48.077+0000] {dagbag.py:538} INFO - Filling up the DagBag from /home/airflow/.local/lib/python3.8/site-packages/airflow/example_dags/example_dag_decorator.py
[2024-09-14T03:34:48.120+0000] {processor.py:840} INFO - DAG(s) 'example_dag_decorator' retrieved from /home/airflow/.local/lib/python3.8/site-packages/airflow/example_dags/example_dag_decorator.py
[2024-09-14T03:34:48.172+0000] {logging_mixin.py:188} INFO - [2024-09-14T03:34:48.172+0000] {dag.py:3036} INFO - Sync 1 DAGs
[2024-09-14T03:34:48.178+0000] {logging_mixin.py:188} INFO - [2024-09-14T03:34:48.177+0000] {dag.py:3823} INFO - Setting next_dagrun for example_dag_decorator to None, run_after=None
[2024-09-14T03:34:48.188+0000] {processor.py:183} INFO - Processing /home/airflow/.local/lib/python3.8/site-packages/airflow/example_dags/example_dag_decorator.py took 0.114 seconds
[2024-09-14T03:38:42.404+0000] {processor.py:161} INFO - Started process (PID=3510) to work on /home/airflow/.local/lib/python3.8/site-packages/airflow/example_dags/example_dag_decorator.py
[2024-09-14T03:38:42.405+0000] {processor.py:830} INFO - Processing file /home/airflow/.local/lib/python3.8/site-packages/airflow/example_dags/example_dag_decorator.py for tasks to queue
[2024-09-14T03:38:42.406+0000] {logging_mixin.py:188} INFO - [2024-09-14T03:38:42.405+0000] {dagbag.py:538} INFO - Filling up the DagBag from /home/airflow/.local/lib/python3.8/site-packages/airflow/example_dags/example_dag_decorator.py
[2024-09-14T03:38:42.453+0000] {processor.py:840} INFO - DAG(s) 'example_dag_decorator' retrieved from /home/airflow/.local/lib/python3.8/site-packages/airflow/example_dags/example_dag_decorator.py
[2024-09-14T03:38:42.509+0000] {logging_mixin.py:188} INFO - [2024-09-14T03:38:42.509+0000] {dag.py:3036} INFO - Sync 1 DAGs
[2024-09-14T03:38:42.515+0000] {logging_mixin.py:188} INFO - [2024-09-14T03:38:42.515+0000] {dag.py:3823} INFO - Setting next_dagrun for example_dag_decorator to None, run_after=None
[2024-09-14T03:38:42.526+0000] {processor.py:183} INFO - Processing /home/airflow/.local/lib/python3.8/site-packages/airflow/example_dags/example_dag_decorator.py took 0.125 seconds
[2024-09-14T03:39:12.544+0000] {processor.py:161} INFO - Started process (PID=3759) to work on /home/airflow/.local/lib/python3.8/site-packages/airflow/example_dags/example_dag_decorator.py
[2024-09-14T03:39:12.545+0000] {processor.py:830} INFO - Processing file /home/airflow/.local/lib/python3.8/site-packages/airflow/example_dags/example_dag_decorator.py for tasks to queue
[2024-09-14T03:39:12.545+0000] {logging_mixin.py:188} INFO - [2024-09-14T03:39:12.545+0000] {dagbag.py:538} INFO - Filling up the DagBag from /home/airflow/.local/lib/python3.8/site-packages/airflow/example_dags/example_dag_decorator.py
[2024-09-14T03:39:12.595+0000] {processor.py:840} INFO - DAG(s) 'example_dag_decorator' retrieved from /home/airflow/.local/lib/python3.8/site-packages/airflow/example_dags/example_dag_decorator.py
[2024-09-14T03:39:12.648+0000] {logging_mixin.py:188} INFO - [2024-09-14T03:39:12.648+0000] {dag.py:3036} INFO - Sync 1 DAGs
[2024-09-14T03:39:12.658+0000] {logging_mixin.py:188} INFO - [2024-09-14T03:39:12.658+0000] {dag.py:3823} INFO - Setting next_dagrun for example_dag_decorator to None, run_after=None
[2024-09-14T03:39:12.706+0000] {processor.py:183} INFO - Processing /home/airflow/.local/lib/python3.8/site-packages/airflow/example_dags/example_dag_decorator.py took 0.164 seconds
[2024-09-14T03:39:43.443+0000] {processor.py:161} INFO - Started process (PID=4009) to work on /home/airflow/.local/lib/python3.8/site-packages/airflow/example_dags/example_dag_decorator.py
[2024-09-14T03:39:43.444+0000] {processor.py:830} INFO - Processing file /home/airflow/.local/lib/python3.8/site-packages/airflow/example_dags/example_dag_decorator.py for tasks to queue
[2024-09-14T03:39:43.446+0000] {logging_mixin.py:188} INFO - [2024-09-14T03:39:43.446+0000] {dagbag.py:538} INFO - Filling up the DagBag from /home/airflow/.local/lib/python3.8/site-packages/airflow/example_dags/example_dag_decorator.py
[2024-09-14T03:39:43.505+0000] {processor.py:840} INFO - DAG(s) 'example_dag_decorator' retrieved from /home/airflow/.local/lib/python3.8/site-packages/airflow/example_dags/example_dag_decorator.py
[2024-09-14T03:39:43.562+0000] {logging_mixin.py:188} INFO - [2024-09-14T03:39:43.562+0000] {dag.py:3036} INFO - Sync 1 DAGs
[2024-09-14T03:39:43.568+0000] {logging_mixin.py:188} INFO - [2024-09-14T03:39:43.568+0000] {dag.py:3823} INFO - Setting next_dagrun for example_dag_decorator to None, run_after=None
[2024-09-14T03:39:43.578+0000] {processor.py:183} INFO - Processing /home/airflow/.local/lib/python3.8/site-packages/airflow/example_dags/example_dag_decorator.py took 0.139 seconds
[2024-09-14T03:40:14.157+0000] {processor.py:161} INFO - Started process (PID=4251) to work on /home/airflow/.local/lib/python3.8/site-packages/airflow/example_dags/example_dag_decorator.py
[2024-09-14T03:40:14.158+0000] {processor.py:830} INFO - Processing file /home/airflow/.local/lib/python3.8/site-packages/airflow/example_dags/example_dag_decorator.py for tasks to queue
[2024-09-14T03:40:14.159+0000] {logging_mixin.py:188} INFO - [2024-09-14T03:40:14.158+0000] {dagbag.py:538} INFO - Filling up the DagBag from /home/airflow/.local/lib/python3.8/site-packages/airflow/example_dags/example_dag_decorator.py
[2024-09-14T03:40:14.207+0000] {processor.py:840} INFO - DAG(s) 'example_dag_decorator' retrieved from /home/airflow/.local/lib/python3.8/site-packages/airflow/example_dags/example_dag_decorator.py
[2024-09-14T03:40:14.264+0000] {logging_mixin.py:188} INFO - [2024-09-14T03:40:14.263+0000] {dag.py:3036} INFO - Sync 1 DAGs
[2024-09-14T03:40:14.271+0000] {logging_mixin.py:188} INFO - [2024-09-14T03:40:14.271+0000] {dag.py:3823} INFO - Setting next_dagrun for example_dag_decorator to None, run_after=None
[2024-09-14T03:40:14.282+0000] {processor.py:183} INFO - Processing /home/airflow/.local/lib/python3.8/site-packages/airflow/example_dags/example_dag_decorator.py took 0.129 seconds
[2024-09-14T03:40:45.036+0000] {processor.py:161} INFO - Started process (PID=4503) to work on /home/airflow/.local/lib/python3.8/site-packages/airflow/example_dags/example_dag_decorator.py
[2024-09-14T03:40:45.037+0000] {processor.py:830} INFO - Processing file /home/airflow/.local/lib/python3.8/site-packages/airflow/example_dags/example_dag_decorator.py for tasks to queue
[2024-09-14T03:40:45.038+0000] {logging_mixin.py:188} INFO - [2024-09-14T03:40:45.038+0000] {dagbag.py:538} INFO - Filling up the DagBag from /home/airflow/.local/lib/python3.8/site-packages/airflow/example_dags/example_dag_decorator.py
[2024-09-14T03:40:45.091+0000] {processor.py:840} INFO - DAG(s) 'example_dag_decorator' retrieved from /home/airflow/.local/lib/python3.8/site-packages/airflow/example_dags/example_dag_decorator.py
[2024-09-14T03:40:45.146+0000] {logging_mixin.py:188} INFO - [2024-09-14T03:40:45.146+0000] {dag.py:3036} INFO - Sync 1 DAGs
[2024-09-14T03:40:45.152+0000] {logging_mixin.py:188} INFO - [2024-09-14T03:40:45.152+0000] {dag.py:3823} INFO - Setting next_dagrun for example_dag_decorator to None, run_after=None
[2024-09-14T03:40:45.163+0000] {processor.py:183} INFO - Processing /home/airflow/.local/lib/python3.8/site-packages/airflow/example_dags/example_dag_decorator.py took 0.129 seconds
[2024-09-14T03:41:15.725+0000] {processor.py:161} INFO - Started process (PID=4745) to work on /home/airflow/.local/lib/python3.8/site-packages/airflow/example_dags/example_dag_decorator.py
[2024-09-14T03:41:15.726+0000] {processor.py:830} INFO - Processing file /home/airflow/.local/lib/python3.8/site-packages/airflow/example_dags/example_dag_decorator.py for tasks to queue
[2024-09-14T03:41:15.727+0000] {logging_mixin.py:188} INFO - [2024-09-14T03:41:15.726+0000] {dagbag.py:538} INFO - Filling up the DagBag from /home/airflow/.local/lib/python3.8/site-packages/airflow/example_dags/example_dag_decorator.py
[2024-09-14T03:41:15.773+0000] {processor.py:840} INFO - DAG(s) 'example_dag_decorator' retrieved from /home/airflow/.local/lib/python3.8/site-packages/airflow/example_dags/example_dag_decorator.py
[2024-09-14T03:41:15.835+0000] {logging_mixin.py:188} INFO - [2024-09-14T03:41:15.834+0000] {dag.py:3036} INFO - Sync 1 DAGs
[2024-09-14T03:41:15.840+0000] {logging_mixin.py:188} INFO - [2024-09-14T03:41:15.840+0000] {dag.py:3823} INFO - Setting next_dagrun for example_dag_decorator to None, run_after=None
[2024-09-14T03:41:15.850+0000] {processor.py:183} INFO - Processing /home/airflow/.local/lib/python3.8/site-packages/airflow/example_dags/example_dag_decorator.py took 0.128 seconds
[2024-09-14T03:41:46.607+0000] {processor.py:161} INFO - Started process (PID=4994) to work on /home/airflow/.local/lib/python3.8/site-packages/airflow/example_dags/example_dag_decorator.py
[2024-09-14T03:41:46.609+0000] {processor.py:830} INFO - Processing file /home/airflow/.local/lib/python3.8/site-packages/airflow/example_dags/example_dag_decorator.py for tasks to queue
[2024-09-14T03:41:46.610+0000] {logging_mixin.py:188} INFO - [2024-09-14T03:41:46.610+0000] {dagbag.py:538} INFO - Filling up the DagBag from /home/airflow/.local/lib/python3.8/site-packages/airflow/example_dags/example_dag_decorator.py
[2024-09-14T03:41:46.706+0000] {processor.py:840} INFO - DAG(s) 'example_dag_decorator' retrieved from /home/airflow/.local/lib/python3.8/site-packages/airflow/example_dags/example_dag_decorator.py
[2024-09-14T03:41:46.778+0000] {logging_mixin.py:188} INFO - [2024-09-14T03:41:46.778+0000] {dag.py:3036} INFO - Sync 1 DAGs
[2024-09-14T03:41:46.785+0000] {logging_mixin.py:188} INFO - [2024-09-14T03:41:46.785+0000] {dag.py:3823} INFO - Setting next_dagrun for example_dag_decorator to None, run_after=None
[2024-09-14T03:41:46.799+0000] {processor.py:183} INFO - Processing /home/airflow/.local/lib/python3.8/site-packages/airflow/example_dags/example_dag_decorator.py took 0.196 seconds
[2024-09-14T03:42:16.856+0000] {processor.py:161} INFO - Started process (PID=5246) to work on /home/airflow/.local/lib/python3.8/site-packages/airflow/example_dags/example_dag_decorator.py
[2024-09-14T03:42:16.857+0000] {processor.py:830} INFO - Processing file /home/airflow/.local/lib/python3.8/site-packages/airflow/example_dags/example_dag_decorator.py for tasks to queue
[2024-09-14T03:42:16.857+0000] {logging_mixin.py:188} INFO - [2024-09-14T03:42:16.857+0000] {dagbag.py:538} INFO - Filling up the DagBag from /home/airflow/.local/lib/python3.8/site-packages/airflow/example_dags/example_dag_decorator.py
[2024-09-14T03:42:16.900+0000] {processor.py:840} INFO - DAG(s) 'example_dag_decorator' retrieved from /home/airflow/.local/lib/python3.8/site-packages/airflow/example_dags/example_dag_decorator.py
[2024-09-14T03:42:16.951+0000] {logging_mixin.py:188} INFO - [2024-09-14T03:42:16.951+0000] {dag.py:3036} INFO - Sync 1 DAGs
[2024-09-14T03:42:16.956+0000] {logging_mixin.py:188} INFO - [2024-09-14T03:42:16.956+0000] {dag.py:3823} INFO - Setting next_dagrun for example_dag_decorator to None, run_after=None
[2024-09-14T03:42:16.967+0000] {processor.py:183} INFO - Processing /home/airflow/.local/lib/python3.8/site-packages/airflow/example_dags/example_dag_decorator.py took 0.113 seconds
[2024-09-14T03:42:47.503+0000] {processor.py:161} INFO - Started process (PID=5486) to work on /home/airflow/.local/lib/python3.8/site-packages/airflow/example_dags/example_dag_decorator.py
[2024-09-14T03:42:47.504+0000] {processor.py:830} INFO - Processing file /home/airflow/.local/lib/python3.8/site-packages/airflow/example_dags/example_dag_decorator.py for tasks to queue
[2024-09-14T03:42:47.505+0000] {logging_mixin.py:188} INFO - [2024-09-14T03:42:47.505+0000] {dagbag.py:538} INFO - Filling up the DagBag from /home/airflow/.local/lib/python3.8/site-packages/airflow/example_dags/example_dag_decorator.py
[2024-09-14T03:42:47.552+0000] {processor.py:840} INFO - DAG(s) 'example_dag_decorator' retrieved from /home/airflow/.local/lib/python3.8/site-packages/airflow/example_dags/example_dag_decorator.py
[2024-09-14T03:42:47.606+0000] {logging_mixin.py:188} INFO - [2024-09-14T03:42:47.605+0000] {dag.py:3036} INFO - Sync 1 DAGs
[2024-09-14T03:42:47.611+0000] {logging_mixin.py:188} INFO - [2024-09-14T03:42:47.611+0000] {dag.py:3823} INFO - Setting next_dagrun for example_dag_decorator to None, run_after=None
[2024-09-14T03:42:47.621+0000] {processor.py:183} INFO - Processing /home/airflow/.local/lib/python3.8/site-packages/airflow/example_dags/example_dag_decorator.py took 0.123 seconds
[2024-09-14T03:43:18.083+0000] {processor.py:161} INFO - Started process (PID=5733) to work on /home/airflow/.local/lib/python3.8/site-packages/airflow/example_dags/example_dag_decorator.py
[2024-09-14T03:43:18.084+0000] {processor.py:830} INFO - Processing file /home/airflow/.local/lib/python3.8/site-packages/airflow/example_dags/example_dag_decorator.py for tasks to queue
[2024-09-14T03:43:18.084+0000] {logging_mixin.py:188} INFO - [2024-09-14T03:43:18.084+0000] {dagbag.py:538} INFO - Filling up the DagBag from /home/airflow/.local/lib/python3.8/site-packages/airflow/example_dags/example_dag_decorator.py
[2024-09-14T03:43:18.130+0000] {processor.py:840} INFO - DAG(s) 'example_dag_decorator' retrieved from /home/airflow/.local/lib/python3.8/site-packages/airflow/example_dags/example_dag_decorator.py
[2024-09-14T03:43:18.230+0000] {logging_mixin.py:188} INFO - [2024-09-14T03:43:18.230+0000] {dag.py:3036} INFO - Sync 1 DAGs
[2024-09-14T03:43:18.237+0000] {logging_mixin.py:188} INFO - [2024-09-14T03:43:18.236+0000] {dag.py:3823} INFO - Setting next_dagrun for example_dag_decorator to None, run_after=None
[2024-09-14T03:43:18.248+0000] {processor.py:183} INFO - Processing /home/airflow/.local/lib/python3.8/site-packages/airflow/example_dags/example_dag_decorator.py took 0.170 seconds
[2024-09-14T03:43:49.252+0000] {processor.py:161} INFO - Started process (PID=5982) to work on /home/airflow/.local/lib/python3.8/site-packages/airflow/example_dags/example_dag_decorator.py
[2024-09-14T03:43:49.253+0000] {processor.py:830} INFO - Processing file /home/airflow/.local/lib/python3.8/site-packages/airflow/example_dags/example_dag_decorator.py for tasks to queue
[2024-09-14T03:43:49.254+0000] {logging_mixin.py:188} INFO - [2024-09-14T03:43:49.254+0000] {dagbag.py:538} INFO - Filling up the DagBag from /home/airflow/.local/lib/python3.8/site-packages/airflow/example_dags/example_dag_decorator.py
[2024-09-14T03:43:49.309+0000] {processor.py:840} INFO - DAG(s) 'example_dag_decorator' retrieved from /home/airflow/.local/lib/python3.8/site-packages/airflow/example_dags/example_dag_decorator.py
[2024-09-14T03:43:49.377+0000] {logging_mixin.py:188} INFO - [2024-09-14T03:43:49.376+0000] {dag.py:3036} INFO - Sync 1 DAGs
[2024-09-14T03:43:49.383+0000] {logging_mixin.py:188} INFO - [2024-09-14T03:43:49.383+0000] {dag.py:3823} INFO - Setting next_dagrun for example_dag_decorator to None, run_after=None
[2024-09-14T03:43:49.400+0000] {processor.py:183} INFO - Processing /home/airflow/.local/lib/python3.8/site-packages/airflow/example_dags/example_dag_decorator.py took 0.152 seconds
[2024-09-14T03:44:19.596+0000] {processor.py:161} INFO - Started process (PID=6229) to work on /home/airflow/.local/lib/python3.8/site-packages/airflow/example_dags/example_dag_decorator.py
[2024-09-14T03:44:19.597+0000] {processor.py:830} INFO - Processing file /home/airflow/.local/lib/python3.8/site-packages/airflow/example_dags/example_dag_decorator.py for tasks to queue
[2024-09-14T03:44:19.598+0000] {logging_mixin.py:188} INFO - [2024-09-14T03:44:19.598+0000] {dagbag.py:538} INFO - Filling up the DagBag from /home/airflow/.local/lib/python3.8/site-packages/airflow/example_dags/example_dag_decorator.py
[2024-09-14T03:44:19.644+0000] {processor.py:840} INFO - DAG(s) 'example_dag_decorator' retrieved from /home/airflow/.local/lib/python3.8/site-packages/airflow/example_dags/example_dag_decorator.py
[2024-09-14T03:44:19.697+0000] {logging_mixin.py:188} INFO - [2024-09-14T03:44:19.697+0000] {dag.py:3036} INFO - Sync 1 DAGs
[2024-09-14T03:44:19.702+0000] {logging_mixin.py:188} INFO - [2024-09-14T03:44:19.702+0000] {dag.py:3823} INFO - Setting next_dagrun for example_dag_decorator to None, run_after=None
[2024-09-14T03:44:19.714+0000] {processor.py:183} INFO - Processing /home/airflow/.local/lib/python3.8/site-packages/airflow/example_dags/example_dag_decorator.py took 0.120 seconds
[2024-09-14T03:44:50.339+0000] {processor.py:161} INFO - Started process (PID=6476) to work on /home/airflow/.local/lib/python3.8/site-packages/airflow/example_dags/example_dag_decorator.py
[2024-09-14T03:44:50.340+0000] {processor.py:830} INFO - Processing file /home/airflow/.local/lib/python3.8/site-packages/airflow/example_dags/example_dag_decorator.py for tasks to queue
[2024-09-14T03:44:50.341+0000] {logging_mixin.py:188} INFO - [2024-09-14T03:44:50.341+0000] {dagbag.py:538} INFO - Filling up the DagBag from /home/airflow/.local/lib/python3.8/site-packages/airflow/example_dags/example_dag_decorator.py
[2024-09-14T03:44:50.390+0000] {processor.py:840} INFO - DAG(s) 'example_dag_decorator' retrieved from /home/airflow/.local/lib/python3.8/site-packages/airflow/example_dags/example_dag_decorator.py
[2024-09-14T03:44:50.445+0000] {logging_mixin.py:188} INFO - [2024-09-14T03:44:50.445+0000] {dag.py:3036} INFO - Sync 1 DAGs
[2024-09-14T03:44:50.451+0000] {logging_mixin.py:188} INFO - [2024-09-14T03:44:50.450+0000] {dag.py:3823} INFO - Setting next_dagrun for example_dag_decorator to None, run_after=None
[2024-09-14T03:44:50.463+0000] {processor.py:183} INFO - Processing /home/airflow/.local/lib/python3.8/site-packages/airflow/example_dags/example_dag_decorator.py took 0.127 seconds
[2024-09-14T03:45:20.655+0000] {processor.py:161} INFO - Started process (PID=6723) to work on /home/airflow/.local/lib/python3.8/site-packages/airflow/example_dags/example_dag_decorator.py
[2024-09-14T03:45:20.655+0000] {processor.py:830} INFO - Processing file /home/airflow/.local/lib/python3.8/site-packages/airflow/example_dags/example_dag_decorator.py for tasks to queue
[2024-09-14T03:45:20.656+0000] {logging_mixin.py:188} INFO - [2024-09-14T03:45:20.656+0000] {dagbag.py:538} INFO - Filling up the DagBag from /home/airflow/.local/lib/python3.8/site-packages/airflow/example_dags/example_dag_decorator.py
[2024-09-14T03:45:20.700+0000] {processor.py:840} INFO - DAG(s) 'example_dag_decorator' retrieved from /home/airflow/.local/lib/python3.8/site-packages/airflow/example_dags/example_dag_decorator.py
[2024-09-14T03:45:20.771+0000] {logging_mixin.py:188} INFO - [2024-09-14T03:45:20.770+0000] {dag.py:3036} INFO - Sync 1 DAGs
[2024-09-14T03:45:20.777+0000] {logging_mixin.py:188} INFO - [2024-09-14T03:45:20.777+0000] {dag.py:3823} INFO - Setting next_dagrun for example_dag_decorator to None, run_after=None
[2024-09-14T03:45:20.791+0000] {processor.py:183} INFO - Processing /home/airflow/.local/lib/python3.8/site-packages/airflow/example_dags/example_dag_decorator.py took 0.139 seconds
[2024-09-14T03:45:51.746+0000] {processor.py:161} INFO - Started process (PID=6975) to work on /home/airflow/.local/lib/python3.8/site-packages/airflow/example_dags/example_dag_decorator.py
[2024-09-14T03:45:51.747+0000] {processor.py:830} INFO - Processing file /home/airflow/.local/lib/python3.8/site-packages/airflow/example_dags/example_dag_decorator.py for tasks to queue
[2024-09-14T03:45:51.747+0000] {logging_mixin.py:188} INFO - [2024-09-14T03:45:51.747+0000] {dagbag.py:538} INFO - Filling up the DagBag from /home/airflow/.local/lib/python3.8/site-packages/airflow/example_dags/example_dag_decorator.py
[2024-09-14T03:45:51.791+0000] {processor.py:840} INFO - DAG(s) 'example_dag_decorator' retrieved from /home/airflow/.local/lib/python3.8/site-packages/airflow/example_dags/example_dag_decorator.py
[2024-09-14T03:45:51.852+0000] {logging_mixin.py:188} INFO - [2024-09-14T03:45:51.851+0000] {dag.py:3036} INFO - Sync 1 DAGs
[2024-09-14T03:45:51.858+0000] {logging_mixin.py:188} INFO - [2024-09-14T03:45:51.857+0000] {dag.py:3823} INFO - Setting next_dagrun for example_dag_decorator to None, run_after=None
[2024-09-14T03:45:51.870+0000] {processor.py:183} INFO - Processing /home/airflow/.local/lib/python3.8/site-packages/airflow/example_dags/example_dag_decorator.py took 0.126 seconds
[2024-09-14T03:46:22.568+0000] {processor.py:161} INFO - Started process (PID=7222) to work on /home/airflow/.local/lib/python3.8/site-packages/airflow/example_dags/example_dag_decorator.py
[2024-09-14T03:46:22.568+0000] {processor.py:830} INFO - Processing file /home/airflow/.local/lib/python3.8/site-packages/airflow/example_dags/example_dag_decorator.py for tasks to queue
[2024-09-14T03:46:22.569+0000] {logging_mixin.py:188} INFO - [2024-09-14T03:46:22.569+0000] {dagbag.py:538} INFO - Filling up the DagBag from /home/airflow/.local/lib/python3.8/site-packages/airflow/example_dags/example_dag_decorator.py
[2024-09-14T03:46:22.623+0000] {processor.py:840} INFO - DAG(s) 'example_dag_decorator' retrieved from /home/airflow/.local/lib/python3.8/site-packages/airflow/example_dags/example_dag_decorator.py
[2024-09-14T03:46:22.687+0000] {logging_mixin.py:188} INFO - [2024-09-14T03:46:22.687+0000] {dag.py:3036} INFO - Sync 1 DAGs
[2024-09-14T03:46:22.694+0000] {logging_mixin.py:188} INFO - [2024-09-14T03:46:22.694+0000] {dag.py:3823} INFO - Setting next_dagrun for example_dag_decorator to None, run_after=None
[2024-09-14T03:46:22.710+0000] {processor.py:183} INFO - Processing /home/airflow/.local/lib/python3.8/site-packages/airflow/example_dags/example_dag_decorator.py took 0.145 seconds
[2024-09-14T03:46:52.795+0000] {processor.py:161} INFO - Started process (PID=7469) to work on /home/airflow/.local/lib/python3.8/site-packages/airflow/example_dags/example_dag_decorator.py
[2024-09-14T03:46:52.795+0000] {processor.py:830} INFO - Processing file /home/airflow/.local/lib/python3.8/site-packages/airflow/example_dags/example_dag_decorator.py for tasks to queue
[2024-09-14T03:46:52.796+0000] {logging_mixin.py:188} INFO - [2024-09-14T03:46:52.796+0000] {dagbag.py:538} INFO - Filling up the DagBag from /home/airflow/.local/lib/python3.8/site-packages/airflow/example_dags/example_dag_decorator.py
[2024-09-14T03:46:52.840+0000] {processor.py:840} INFO - DAG(s) 'example_dag_decorator' retrieved from /home/airflow/.local/lib/python3.8/site-packages/airflow/example_dags/example_dag_decorator.py
[2024-09-14T03:46:52.891+0000] {logging_mixin.py:188} INFO - [2024-09-14T03:46:52.891+0000] {dag.py:3036} INFO - Sync 1 DAGs
[2024-09-14T03:46:52.896+0000] {logging_mixin.py:188} INFO - [2024-09-14T03:46:52.896+0000] {dag.py:3823} INFO - Setting next_dagrun for example_dag_decorator to None, run_after=None
[2024-09-14T03:46:52.905+0000] {processor.py:183} INFO - Processing /home/airflow/.local/lib/python3.8/site-packages/airflow/example_dags/example_dag_decorator.py took 0.113 seconds
