[2024-09-14T03:28:27.689+0000] {processor.py:161} INFO - Started process (PID=276) to work on /home/airflow/.local/lib/python3.8/site-packages/airflow/example_dags/example_kubernetes_executor.py
[2024-09-14T03:28:27.690+0000] {processor.py:830} INFO - Processing file /home/airflow/.local/lib/python3.8/site-packages/airflow/example_dags/example_kubernetes_executor.py for tasks to queue
[2024-09-14T03:28:27.691+0000] {logging_mixin.py:188} INFO - [2024-09-14T03:28:27.691+0000] {dagbag.py:538} INFO - Filling up the DagBag from /home/airflow/.local/lib/python3.8/site-packages/airflow/example_dags/example_kubernetes_executor.py
[2024-09-14T03:28:27.700+0000] {processor.py:840} INFO - DAG(s) 'example_kubernetes_executor' retrieved from /home/airflow/.local/lib/python3.8/site-packages/airflow/example_dags/example_kubernetes_executor.py
[2024-09-14T03:28:27.724+0000] {logging_mixin.py:188} INFO - [2024-09-14T03:28:27.724+0000] {dag.py:3036} INFO - Sync 1 DAGs
[2024-09-14T03:28:27.731+0000] {logging_mixin.py:188} INFO - [2024-09-14T03:28:27.731+0000] {dag.py:3823} INFO - Setting next_dagrun for example_kubernetes_executor to None, run_after=None
[2024-09-14T03:28:27.746+0000] {processor.py:183} INFO - Processing /home/airflow/.local/lib/python3.8/site-packages/airflow/example_dags/example_kubernetes_executor.py took 0.060 seconds
[2024-09-14T03:28:57.855+0000] {processor.py:161} INFO - Started process (PID=523) to work on /home/airflow/.local/lib/python3.8/site-packages/airflow/example_dags/example_kubernetes_executor.py
[2024-09-14T03:28:57.855+0000] {processor.py:830} INFO - Processing file /home/airflow/.local/lib/python3.8/site-packages/airflow/example_dags/example_kubernetes_executor.py for tasks to queue
[2024-09-14T03:28:57.856+0000] {logging_mixin.py:188} INFO - [2024-09-14T03:28:57.856+0000] {dagbag.py:538} INFO - Filling up the DagBag from /home/airflow/.local/lib/python3.8/site-packages/airflow/example_dags/example_kubernetes_executor.py
[2024-09-14T03:28:57.864+0000] {processor.py:840} INFO - DAG(s) 'example_kubernetes_executor' retrieved from /home/airflow/.local/lib/python3.8/site-packages/airflow/example_dags/example_kubernetes_executor.py
[2024-09-14T03:28:57.884+0000] {logging_mixin.py:188} INFO - [2024-09-14T03:28:57.884+0000] {dag.py:3036} INFO - Sync 1 DAGs
[2024-09-14T03:28:57.890+0000] {logging_mixin.py:188} INFO - [2024-09-14T03:28:57.890+0000] {dag.py:3823} INFO - Setting next_dagrun for example_kubernetes_executor to None, run_after=None
[2024-09-14T03:28:57.901+0000] {processor.py:183} INFO - Processing /home/airflow/.local/lib/python3.8/site-packages/airflow/example_dags/example_kubernetes_executor.py took 0.048 seconds
[2024-09-14T03:29:28.741+0000] {processor.py:161} INFO - Started process (PID=772) to work on /home/airflow/.local/lib/python3.8/site-packages/airflow/example_dags/example_kubernetes_executor.py
[2024-09-14T03:29:28.742+0000] {processor.py:830} INFO - Processing file /home/airflow/.local/lib/python3.8/site-packages/airflow/example_dags/example_kubernetes_executor.py for tasks to queue
[2024-09-14T03:29:28.742+0000] {logging_mixin.py:188} INFO - [2024-09-14T03:29:28.742+0000] {dagbag.py:538} INFO - Filling up the DagBag from /home/airflow/.local/lib/python3.8/site-packages/airflow/example_dags/example_kubernetes_executor.py
[2024-09-14T03:29:28.750+0000] {processor.py:840} INFO - DAG(s) 'example_kubernetes_executor' retrieved from /home/airflow/.local/lib/python3.8/site-packages/airflow/example_dags/example_kubernetes_executor.py
[2024-09-14T03:29:28.770+0000] {logging_mixin.py:188} INFO - [2024-09-14T03:29:28.769+0000] {dag.py:3036} INFO - Sync 1 DAGs
[2024-09-14T03:29:28.776+0000] {logging_mixin.py:188} INFO - [2024-09-14T03:29:28.776+0000] {dag.py:3823} INFO - Setting next_dagrun for example_kubernetes_executor to None, run_after=None
[2024-09-14T03:29:28.785+0000] {processor.py:183} INFO - Processing /home/airflow/.local/lib/python3.8/site-packages/airflow/example_dags/example_kubernetes_executor.py took 0.046 seconds
[2024-09-14T03:29:59.444+0000] {processor.py:161} INFO - Started process (PID=1017) to work on /home/airflow/.local/lib/python3.8/site-packages/airflow/example_dags/example_kubernetes_executor.py
[2024-09-14T03:29:59.445+0000] {processor.py:830} INFO - Processing file /home/airflow/.local/lib/python3.8/site-packages/airflow/example_dags/example_kubernetes_executor.py for tasks to queue
[2024-09-14T03:29:59.446+0000] {logging_mixin.py:188} INFO - [2024-09-14T03:29:59.445+0000] {dagbag.py:538} INFO - Filling up the DagBag from /home/airflow/.local/lib/python3.8/site-packages/airflow/example_dags/example_kubernetes_executor.py
[2024-09-14T03:29:59.453+0000] {processor.py:840} INFO - DAG(s) 'example_kubernetes_executor' retrieved from /home/airflow/.local/lib/python3.8/site-packages/airflow/example_dags/example_kubernetes_executor.py
[2024-09-14T03:29:59.474+0000] {logging_mixin.py:188} INFO - [2024-09-14T03:29:59.473+0000] {dag.py:3036} INFO - Sync 1 DAGs
[2024-09-14T03:29:59.480+0000] {logging_mixin.py:188} INFO - [2024-09-14T03:29:59.480+0000] {dag.py:3823} INFO - Setting next_dagrun for example_kubernetes_executor to None, run_after=None
[2024-09-14T03:29:59.525+0000] {processor.py:183} INFO - Processing /home/airflow/.local/lib/python3.8/site-packages/airflow/example_dags/example_kubernetes_executor.py took 0.083 seconds
[2024-09-14T03:30:30.225+0000] {processor.py:161} INFO - Started process (PID=1264) to work on /home/airflow/.local/lib/python3.8/site-packages/airflow/example_dags/example_kubernetes_executor.py
[2024-09-14T03:30:30.225+0000] {processor.py:830} INFO - Processing file /home/airflow/.local/lib/python3.8/site-packages/airflow/example_dags/example_kubernetes_executor.py for tasks to queue
[2024-09-14T03:30:30.226+0000] {logging_mixin.py:188} INFO - [2024-09-14T03:30:30.226+0000] {dagbag.py:538} INFO - Filling up the DagBag from /home/airflow/.local/lib/python3.8/site-packages/airflow/example_dags/example_kubernetes_executor.py
[2024-09-14T03:30:30.234+0000] {processor.py:840} INFO - DAG(s) 'example_kubernetes_executor' retrieved from /home/airflow/.local/lib/python3.8/site-packages/airflow/example_dags/example_kubernetes_executor.py
[2024-09-14T03:30:30.254+0000] {logging_mixin.py:188} INFO - [2024-09-14T03:30:30.253+0000] {dag.py:3036} INFO - Sync 1 DAGs
[2024-09-14T03:30:30.261+0000] {logging_mixin.py:188} INFO - [2024-09-14T03:30:30.260+0000] {dag.py:3823} INFO - Setting next_dagrun for example_kubernetes_executor to None, run_after=None
[2024-09-14T03:30:30.270+0000] {processor.py:183} INFO - Processing /home/airflow/.local/lib/python3.8/site-packages/airflow/example_dags/example_kubernetes_executor.py took 0.048 seconds
[2024-09-14T03:31:01.013+0000] {processor.py:161} INFO - Started process (PID=1513) to work on /home/airflow/.local/lib/python3.8/site-packages/airflow/example_dags/example_kubernetes_executor.py
[2024-09-14T03:31:01.014+0000] {processor.py:830} INFO - Processing file /home/airflow/.local/lib/python3.8/site-packages/airflow/example_dags/example_kubernetes_executor.py for tasks to queue
[2024-09-14T03:31:01.015+0000] {logging_mixin.py:188} INFO - [2024-09-14T03:31:01.014+0000] {dagbag.py:538} INFO - Filling up the DagBag from /home/airflow/.local/lib/python3.8/site-packages/airflow/example_dags/example_kubernetes_executor.py
[2024-09-14T03:31:01.023+0000] {processor.py:840} INFO - DAG(s) 'example_kubernetes_executor' retrieved from /home/airflow/.local/lib/python3.8/site-packages/airflow/example_dags/example_kubernetes_executor.py
[2024-09-14T03:31:01.047+0000] {logging_mixin.py:188} INFO - [2024-09-14T03:31:01.047+0000] {dag.py:3036} INFO - Sync 1 DAGs
[2024-09-14T03:31:01.054+0000] {logging_mixin.py:188} INFO - [2024-09-14T03:31:01.054+0000] {dag.py:3823} INFO - Setting next_dagrun for example_kubernetes_executor to None, run_after=None
[2024-09-14T03:31:01.065+0000] {processor.py:183} INFO - Processing /home/airflow/.local/lib/python3.8/site-packages/airflow/example_dags/example_kubernetes_executor.py took 0.054 seconds
[2024-09-14T03:31:31.857+0000] {processor.py:161} INFO - Started process (PID=1760) to work on /home/airflow/.local/lib/python3.8/site-packages/airflow/example_dags/example_kubernetes_executor.py
[2024-09-14T03:31:31.857+0000] {processor.py:830} INFO - Processing file /home/airflow/.local/lib/python3.8/site-packages/airflow/example_dags/example_kubernetes_executor.py for tasks to queue
[2024-09-14T03:31:31.858+0000] {logging_mixin.py:188} INFO - [2024-09-14T03:31:31.858+0000] {dagbag.py:538} INFO - Filling up the DagBag from /home/airflow/.local/lib/python3.8/site-packages/airflow/example_dags/example_kubernetes_executor.py
[2024-09-14T03:31:31.866+0000] {processor.py:840} INFO - DAG(s) 'example_kubernetes_executor' retrieved from /home/airflow/.local/lib/python3.8/site-packages/airflow/example_dags/example_kubernetes_executor.py
[2024-09-14T03:31:31.886+0000] {logging_mixin.py:188} INFO - [2024-09-14T03:31:31.886+0000] {dag.py:3036} INFO - Sync 1 DAGs
[2024-09-14T03:31:31.892+0000] {logging_mixin.py:188} INFO - [2024-09-14T03:31:31.892+0000] {dag.py:3823} INFO - Setting next_dagrun for example_kubernetes_executor to None, run_after=None
[2024-09-14T03:31:31.902+0000] {processor.py:183} INFO - Processing /home/airflow/.local/lib/python3.8/site-packages/airflow/example_dags/example_kubernetes_executor.py took 0.048 seconds
[2024-09-14T03:32:02.749+0000] {processor.py:161} INFO - Started process (PID=2005) to work on /home/airflow/.local/lib/python3.8/site-packages/airflow/example_dags/example_kubernetes_executor.py
[2024-09-14T03:32:02.750+0000] {processor.py:830} INFO - Processing file /home/airflow/.local/lib/python3.8/site-packages/airflow/example_dags/example_kubernetes_executor.py for tasks to queue
[2024-09-14T03:32:02.751+0000] {logging_mixin.py:188} INFO - [2024-09-14T03:32:02.751+0000] {dagbag.py:538} INFO - Filling up the DagBag from /home/airflow/.local/lib/python3.8/site-packages/airflow/example_dags/example_kubernetes_executor.py
[2024-09-14T03:32:02.758+0000] {processor.py:840} INFO - DAG(s) 'example_kubernetes_executor' retrieved from /home/airflow/.local/lib/python3.8/site-packages/airflow/example_dags/example_kubernetes_executor.py
[2024-09-14T03:32:02.778+0000] {logging_mixin.py:188} INFO - [2024-09-14T03:32:02.778+0000] {dag.py:3036} INFO - Sync 1 DAGs
[2024-09-14T03:32:02.785+0000] {logging_mixin.py:188} INFO - [2024-09-14T03:32:02.785+0000] {dag.py:3823} INFO - Setting next_dagrun for example_kubernetes_executor to None, run_after=None
[2024-09-14T03:32:02.795+0000] {processor.py:183} INFO - Processing /home/airflow/.local/lib/python3.8/site-packages/airflow/example_dags/example_kubernetes_executor.py took 0.048 seconds
[2024-09-14T03:32:33.455+0000] {processor.py:161} INFO - Started process (PID=2254) to work on /home/airflow/.local/lib/python3.8/site-packages/airflow/example_dags/example_kubernetes_executor.py
[2024-09-14T03:32:33.457+0000] {processor.py:830} INFO - Processing file /home/airflow/.local/lib/python3.8/site-packages/airflow/example_dags/example_kubernetes_executor.py for tasks to queue
[2024-09-14T03:32:33.457+0000] {logging_mixin.py:188} INFO - [2024-09-14T03:32:33.457+0000] {dagbag.py:538} INFO - Filling up the DagBag from /home/airflow/.local/lib/python3.8/site-packages/airflow/example_dags/example_kubernetes_executor.py
[2024-09-14T03:32:33.464+0000] {processor.py:840} INFO - DAG(s) 'example_kubernetes_executor' retrieved from /home/airflow/.local/lib/python3.8/site-packages/airflow/example_dags/example_kubernetes_executor.py
[2024-09-14T03:32:33.483+0000] {logging_mixin.py:188} INFO - [2024-09-14T03:32:33.483+0000] {dag.py:3036} INFO - Sync 1 DAGs
[2024-09-14T03:32:33.490+0000] {logging_mixin.py:188} INFO - [2024-09-14T03:32:33.490+0000] {dag.py:3823} INFO - Setting next_dagrun for example_kubernetes_executor to None, run_after=None
[2024-09-14T03:32:33.499+0000] {processor.py:183} INFO - Processing /home/airflow/.local/lib/python3.8/site-packages/airflow/example_dags/example_kubernetes_executor.py took 0.046 seconds
[2024-09-14T03:33:04.219+0000] {processor.py:161} INFO - Started process (PID=2499) to work on /home/airflow/.local/lib/python3.8/site-packages/airflow/example_dags/example_kubernetes_executor.py
[2024-09-14T03:33:04.220+0000] {processor.py:830} INFO - Processing file /home/airflow/.local/lib/python3.8/site-packages/airflow/example_dags/example_kubernetes_executor.py for tasks to queue
[2024-09-14T03:33:04.222+0000] {logging_mixin.py:188} INFO - [2024-09-14T03:33:04.221+0000] {dagbag.py:538} INFO - Filling up the DagBag from /home/airflow/.local/lib/python3.8/site-packages/airflow/example_dags/example_kubernetes_executor.py
[2024-09-14T03:33:04.230+0000] {processor.py:840} INFO - DAG(s) 'example_kubernetes_executor' retrieved from /home/airflow/.local/lib/python3.8/site-packages/airflow/example_dags/example_kubernetes_executor.py
[2024-09-14T03:33:04.249+0000] {logging_mixin.py:188} INFO - [2024-09-14T03:33:04.249+0000] {dag.py:3036} INFO - Sync 1 DAGs
[2024-09-14T03:33:04.255+0000] {logging_mixin.py:188} INFO - [2024-09-14T03:33:04.255+0000] {dag.py:3823} INFO - Setting next_dagrun for example_kubernetes_executor to None, run_after=None
[2024-09-14T03:33:04.264+0000] {processor.py:183} INFO - Processing /home/airflow/.local/lib/python3.8/site-packages/airflow/example_dags/example_kubernetes_executor.py took 0.047 seconds
[2024-09-14T03:33:34.881+0000] {processor.py:161} INFO - Started process (PID=2746) to work on /home/airflow/.local/lib/python3.8/site-packages/airflow/example_dags/example_kubernetes_executor.py
[2024-09-14T03:33:34.882+0000] {processor.py:830} INFO - Processing file /home/airflow/.local/lib/python3.8/site-packages/airflow/example_dags/example_kubernetes_executor.py for tasks to queue
[2024-09-14T03:33:34.882+0000] {logging_mixin.py:188} INFO - [2024-09-14T03:33:34.882+0000] {dagbag.py:538} INFO - Filling up the DagBag from /home/airflow/.local/lib/python3.8/site-packages/airflow/example_dags/example_kubernetes_executor.py
[2024-09-14T03:33:34.890+0000] {processor.py:840} INFO - DAG(s) 'example_kubernetes_executor' retrieved from /home/airflow/.local/lib/python3.8/site-packages/airflow/example_dags/example_kubernetes_executor.py
[2024-09-14T03:33:34.911+0000] {logging_mixin.py:188} INFO - [2024-09-14T03:33:34.911+0000] {dag.py:3036} INFO - Sync 1 DAGs
[2024-09-14T03:33:34.917+0000] {logging_mixin.py:188} INFO - [2024-09-14T03:33:34.917+0000] {dag.py:3823} INFO - Setting next_dagrun for example_kubernetes_executor to None, run_after=None
[2024-09-14T03:33:34.926+0000] {processor.py:183} INFO - Processing /home/airflow/.local/lib/python3.8/site-packages/airflow/example_dags/example_kubernetes_executor.py took 0.048 seconds
[2024-09-14T03:34:05.722+0000] {processor.py:161} INFO - Started process (PID=2995) to work on /home/airflow/.local/lib/python3.8/site-packages/airflow/example_dags/example_kubernetes_executor.py
[2024-09-14T03:34:05.723+0000] {processor.py:830} INFO - Processing file /home/airflow/.local/lib/python3.8/site-packages/airflow/example_dags/example_kubernetes_executor.py for tasks to queue
[2024-09-14T03:34:05.723+0000] {logging_mixin.py:188} INFO - [2024-09-14T03:34:05.723+0000] {dagbag.py:538} INFO - Filling up the DagBag from /home/airflow/.local/lib/python3.8/site-packages/airflow/example_dags/example_kubernetes_executor.py
[2024-09-14T03:34:05.731+0000] {processor.py:840} INFO - DAG(s) 'example_kubernetes_executor' retrieved from /home/airflow/.local/lib/python3.8/site-packages/airflow/example_dags/example_kubernetes_executor.py
[2024-09-14T03:34:05.752+0000] {logging_mixin.py:188} INFO - [2024-09-14T03:34:05.752+0000] {dag.py:3036} INFO - Sync 1 DAGs
[2024-09-14T03:34:05.759+0000] {logging_mixin.py:188} INFO - [2024-09-14T03:34:05.758+0000] {dag.py:3823} INFO - Setting next_dagrun for example_kubernetes_executor to None, run_after=None
[2024-09-14T03:34:05.769+0000] {processor.py:183} INFO - Processing /home/airflow/.local/lib/python3.8/site-packages/airflow/example_dags/example_kubernetes_executor.py took 0.049 seconds
[2024-09-14T03:34:47.963+0000] {processor.py:161} INFO - Started process (PID=3238) to work on /home/airflow/.local/lib/python3.8/site-packages/airflow/example_dags/example_kubernetes_executor.py
[2024-09-14T03:34:47.964+0000] {processor.py:830} INFO - Processing file /home/airflow/.local/lib/python3.8/site-packages/airflow/example_dags/example_kubernetes_executor.py for tasks to queue
[2024-09-14T03:34:47.965+0000] {logging_mixin.py:188} INFO - [2024-09-14T03:34:47.965+0000] {dagbag.py:538} INFO - Filling up the DagBag from /home/airflow/.local/lib/python3.8/site-packages/airflow/example_dags/example_kubernetes_executor.py
[2024-09-14T03:34:47.972+0000] {processor.py:840} INFO - DAG(s) 'example_kubernetes_executor' retrieved from /home/airflow/.local/lib/python3.8/site-packages/airflow/example_dags/example_kubernetes_executor.py
[2024-09-14T03:34:47.993+0000] {logging_mixin.py:188} INFO - [2024-09-14T03:34:47.992+0000] {dag.py:3036} INFO - Sync 1 DAGs
[2024-09-14T03:34:47.999+0000] {logging_mixin.py:188} INFO - [2024-09-14T03:34:47.999+0000] {dag.py:3823} INFO - Setting next_dagrun for example_kubernetes_executor to None, run_after=None
[2024-09-14T03:34:48.009+0000] {processor.py:183} INFO - Processing /home/airflow/.local/lib/python3.8/site-packages/airflow/example_dags/example_kubernetes_executor.py took 0.048 seconds
[2024-09-14T03:38:42.219+0000] {processor.py:161} INFO - Started process (PID=3490) to work on /home/airflow/.local/lib/python3.8/site-packages/airflow/example_dags/example_kubernetes_executor.py
[2024-09-14T03:38:42.220+0000] {processor.py:830} INFO - Processing file /home/airflow/.local/lib/python3.8/site-packages/airflow/example_dags/example_kubernetes_executor.py for tasks to queue
[2024-09-14T03:38:42.221+0000] {logging_mixin.py:188} INFO - [2024-09-14T03:38:42.221+0000] {dagbag.py:538} INFO - Filling up the DagBag from /home/airflow/.local/lib/python3.8/site-packages/airflow/example_dags/example_kubernetes_executor.py
[2024-09-14T03:38:42.233+0000] {processor.py:840} INFO - DAG(s) 'example_kubernetes_executor' retrieved from /home/airflow/.local/lib/python3.8/site-packages/airflow/example_dags/example_kubernetes_executor.py
[2024-09-14T03:38:42.261+0000] {logging_mixin.py:188} INFO - [2024-09-14T03:38:42.261+0000] {dag.py:3036} INFO - Sync 1 DAGs
[2024-09-14T03:38:42.270+0000] {logging_mixin.py:188} INFO - [2024-09-14T03:38:42.270+0000] {dag.py:3823} INFO - Setting next_dagrun for example_kubernetes_executor to None, run_after=None
[2024-09-14T03:38:42.282+0000] {processor.py:183} INFO - Processing /home/airflow/.local/lib/python3.8/site-packages/airflow/example_dags/example_kubernetes_executor.py took 0.066 seconds
[2024-09-14T03:39:12.371+0000] {processor.py:161} INFO - Started process (PID=3739) to work on /home/airflow/.local/lib/python3.8/site-packages/airflow/example_dags/example_kubernetes_executor.py
[2024-09-14T03:39:12.372+0000] {processor.py:830} INFO - Processing file /home/airflow/.local/lib/python3.8/site-packages/airflow/example_dags/example_kubernetes_executor.py for tasks to queue
[2024-09-14T03:39:12.373+0000] {logging_mixin.py:188} INFO - [2024-09-14T03:39:12.372+0000] {dagbag.py:538} INFO - Filling up the DagBag from /home/airflow/.local/lib/python3.8/site-packages/airflow/example_dags/example_kubernetes_executor.py
[2024-09-14T03:39:12.381+0000] {processor.py:840} INFO - DAG(s) 'example_kubernetes_executor' retrieved from /home/airflow/.local/lib/python3.8/site-packages/airflow/example_dags/example_kubernetes_executor.py
[2024-09-14T03:39:12.401+0000] {logging_mixin.py:188} INFO - [2024-09-14T03:39:12.401+0000] {dag.py:3036} INFO - Sync 1 DAGs
[2024-09-14T03:39:12.407+0000] {logging_mixin.py:188} INFO - [2024-09-14T03:39:12.407+0000] {dag.py:3823} INFO - Setting next_dagrun for example_kubernetes_executor to None, run_after=None
[2024-09-14T03:39:12.417+0000] {processor.py:183} INFO - Processing /home/airflow/.local/lib/python3.8/site-packages/airflow/example_dags/example_kubernetes_executor.py took 0.047 seconds
[2024-09-14T03:39:43.316+0000] {processor.py:161} INFO - Started process (PID=3986) to work on /home/airflow/.local/lib/python3.8/site-packages/airflow/example_dags/example_kubernetes_executor.py
[2024-09-14T03:39:43.317+0000] {processor.py:830} INFO - Processing file /home/airflow/.local/lib/python3.8/site-packages/airflow/example_dags/example_kubernetes_executor.py for tasks to queue
[2024-09-14T03:39:43.318+0000] {logging_mixin.py:188} INFO - [2024-09-14T03:39:43.318+0000] {dagbag.py:538} INFO - Filling up the DagBag from /home/airflow/.local/lib/python3.8/site-packages/airflow/example_dags/example_kubernetes_executor.py
[2024-09-14T03:39:43.326+0000] {processor.py:840} INFO - DAG(s) 'example_kubernetes_executor' retrieved from /home/airflow/.local/lib/python3.8/site-packages/airflow/example_dags/example_kubernetes_executor.py
[2024-09-14T03:39:43.347+0000] {logging_mixin.py:188} INFO - [2024-09-14T03:39:43.346+0000] {dag.py:3036} INFO - Sync 1 DAGs
[2024-09-14T03:39:43.353+0000] {logging_mixin.py:188} INFO - [2024-09-14T03:39:43.353+0000] {dag.py:3823} INFO - Setting next_dagrun for example_kubernetes_executor to None, run_after=None
[2024-09-14T03:39:43.363+0000] {processor.py:183} INFO - Processing /home/airflow/.local/lib/python3.8/site-packages/airflow/example_dags/example_kubernetes_executor.py took 0.050 seconds
[2024-09-14T03:40:14.033+0000] {processor.py:161} INFO - Started process (PID=4231) to work on /home/airflow/.local/lib/python3.8/site-packages/airflow/example_dags/example_kubernetes_executor.py
[2024-09-14T03:40:14.034+0000] {processor.py:830} INFO - Processing file /home/airflow/.local/lib/python3.8/site-packages/airflow/example_dags/example_kubernetes_executor.py for tasks to queue
[2024-09-14T03:40:14.035+0000] {logging_mixin.py:188} INFO - [2024-09-14T03:40:14.034+0000] {dagbag.py:538} INFO - Filling up the DagBag from /home/airflow/.local/lib/python3.8/site-packages/airflow/example_dags/example_kubernetes_executor.py
[2024-09-14T03:40:14.042+0000] {processor.py:840} INFO - DAG(s) 'example_kubernetes_executor' retrieved from /home/airflow/.local/lib/python3.8/site-packages/airflow/example_dags/example_kubernetes_executor.py
[2024-09-14T03:40:14.063+0000] {logging_mixin.py:188} INFO - [2024-09-14T03:40:14.062+0000] {dag.py:3036} INFO - Sync 1 DAGs
[2024-09-14T03:40:14.070+0000] {logging_mixin.py:188} INFO - [2024-09-14T03:40:14.070+0000] {dag.py:3823} INFO - Setting next_dagrun for example_kubernetes_executor to None, run_after=None
[2024-09-14T03:40:14.080+0000] {processor.py:183} INFO - Processing /home/airflow/.local/lib/python3.8/site-packages/airflow/example_dags/example_kubernetes_executor.py took 0.049 seconds
[2024-09-14T03:40:44.907+0000] {processor.py:161} INFO - Started process (PID=4480) to work on /home/airflow/.local/lib/python3.8/site-packages/airflow/example_dags/example_kubernetes_executor.py
[2024-09-14T03:40:44.908+0000] {processor.py:830} INFO - Processing file /home/airflow/.local/lib/python3.8/site-packages/airflow/example_dags/example_kubernetes_executor.py for tasks to queue
[2024-09-14T03:40:44.909+0000] {logging_mixin.py:188} INFO - [2024-09-14T03:40:44.909+0000] {dagbag.py:538} INFO - Filling up the DagBag from /home/airflow/.local/lib/python3.8/site-packages/airflow/example_dags/example_kubernetes_executor.py
[2024-09-14T03:40:44.917+0000] {processor.py:840} INFO - DAG(s) 'example_kubernetes_executor' retrieved from /home/airflow/.local/lib/python3.8/site-packages/airflow/example_dags/example_kubernetes_executor.py
[2024-09-14T03:40:44.937+0000] {logging_mixin.py:188} INFO - [2024-09-14T03:40:44.937+0000] {dag.py:3036} INFO - Sync 1 DAGs
[2024-09-14T03:40:44.945+0000] {logging_mixin.py:188} INFO - [2024-09-14T03:40:44.945+0000] {dag.py:3823} INFO - Setting next_dagrun for example_kubernetes_executor to None, run_after=None
[2024-09-14T03:40:44.955+0000] {processor.py:183} INFO - Processing /home/airflow/.local/lib/python3.8/site-packages/airflow/example_dags/example_kubernetes_executor.py took 0.050 seconds
[2024-09-14T03:41:15.615+0000] {processor.py:161} INFO - Started process (PID=4727) to work on /home/airflow/.local/lib/python3.8/site-packages/airflow/example_dags/example_kubernetes_executor.py
[2024-09-14T03:41:15.616+0000] {processor.py:830} INFO - Processing file /home/airflow/.local/lib/python3.8/site-packages/airflow/example_dags/example_kubernetes_executor.py for tasks to queue
[2024-09-14T03:41:15.617+0000] {logging_mixin.py:188} INFO - [2024-09-14T03:41:15.617+0000] {dagbag.py:538} INFO - Filling up the DagBag from /home/airflow/.local/lib/python3.8/site-packages/airflow/example_dags/example_kubernetes_executor.py
[2024-09-14T03:41:15.625+0000] {processor.py:840} INFO - DAG(s) 'example_kubernetes_executor' retrieved from /home/airflow/.local/lib/python3.8/site-packages/airflow/example_dags/example_kubernetes_executor.py
[2024-09-14T03:41:15.645+0000] {logging_mixin.py:188} INFO - [2024-09-14T03:41:15.645+0000] {dag.py:3036} INFO - Sync 1 DAGs
[2024-09-14T03:41:15.651+0000] {logging_mixin.py:188} INFO - [2024-09-14T03:41:15.651+0000] {dag.py:3823} INFO - Setting next_dagrun for example_kubernetes_executor to None, run_after=None
[2024-09-14T03:41:15.662+0000] {processor.py:183} INFO - Processing /home/airflow/.local/lib/python3.8/site-packages/airflow/example_dags/example_kubernetes_executor.py took 0.049 seconds
[2024-09-14T03:41:46.435+0000] {processor.py:161} INFO - Started process (PID=4974) to work on /home/airflow/.local/lib/python3.8/site-packages/airflow/example_dags/example_kubernetes_executor.py
[2024-09-14T03:41:46.436+0000] {processor.py:830} INFO - Processing file /home/airflow/.local/lib/python3.8/site-packages/airflow/example_dags/example_kubernetes_executor.py for tasks to queue
[2024-09-14T03:41:46.437+0000] {logging_mixin.py:188} INFO - [2024-09-14T03:41:46.437+0000] {dagbag.py:538} INFO - Filling up the DagBag from /home/airflow/.local/lib/python3.8/site-packages/airflow/example_dags/example_kubernetes_executor.py
[2024-09-14T03:41:46.446+0000] {processor.py:840} INFO - DAG(s) 'example_kubernetes_executor' retrieved from /home/airflow/.local/lib/python3.8/site-packages/airflow/example_dags/example_kubernetes_executor.py
[2024-09-14T03:41:46.470+0000] {logging_mixin.py:188} INFO - [2024-09-14T03:41:46.469+0000] {dag.py:3036} INFO - Sync 1 DAGs
[2024-09-14T03:41:46.479+0000] {logging_mixin.py:188} INFO - [2024-09-14T03:41:46.479+0000] {dag.py:3823} INFO - Setting next_dagrun for example_kubernetes_executor to None, run_after=None
[2024-09-14T03:41:46.490+0000] {processor.py:183} INFO - Processing /home/airflow/.local/lib/python3.8/site-packages/airflow/example_dags/example_kubernetes_executor.py took 0.057 seconds
[2024-09-14T03:42:16.593+0000] {processor.py:161} INFO - Started process (PID=5219) to work on /home/airflow/.local/lib/python3.8/site-packages/airflow/example_dags/example_kubernetes_executor.py
[2024-09-14T03:42:16.594+0000] {processor.py:830} INFO - Processing file /home/airflow/.local/lib/python3.8/site-packages/airflow/example_dags/example_kubernetes_executor.py for tasks to queue
[2024-09-14T03:42:16.594+0000] {logging_mixin.py:188} INFO - [2024-09-14T03:42:16.594+0000] {dagbag.py:538} INFO - Filling up the DagBag from /home/airflow/.local/lib/python3.8/site-packages/airflow/example_dags/example_kubernetes_executor.py
[2024-09-14T03:42:16.603+0000] {processor.py:840} INFO - DAG(s) 'example_kubernetes_executor' retrieved from /home/airflow/.local/lib/python3.8/site-packages/airflow/example_dags/example_kubernetes_executor.py
[2024-09-14T03:42:16.626+0000] {logging_mixin.py:188} INFO - [2024-09-14T03:42:16.626+0000] {dag.py:3036} INFO - Sync 1 DAGs
[2024-09-14T03:42:16.634+0000] {logging_mixin.py:188} INFO - [2024-09-14T03:42:16.634+0000] {dag.py:3823} INFO - Setting next_dagrun for example_kubernetes_executor to None, run_after=None
[2024-09-14T03:42:16.644+0000] {processor.py:183} INFO - Processing /home/airflow/.local/lib/python3.8/site-packages/airflow/example_dags/example_kubernetes_executor.py took 0.053 seconds
[2024-09-14T03:42:47.347+0000] {processor.py:161} INFO - Started process (PID=5466) to work on /home/airflow/.local/lib/python3.8/site-packages/airflow/example_dags/example_kubernetes_executor.py
[2024-09-14T03:42:47.348+0000] {processor.py:830} INFO - Processing file /home/airflow/.local/lib/python3.8/site-packages/airflow/example_dags/example_kubernetes_executor.py for tasks to queue
[2024-09-14T03:42:47.349+0000] {logging_mixin.py:188} INFO - [2024-09-14T03:42:47.349+0000] {dagbag.py:538} INFO - Filling up the DagBag from /home/airflow/.local/lib/python3.8/site-packages/airflow/example_dags/example_kubernetes_executor.py
[2024-09-14T03:42:47.361+0000] {processor.py:840} INFO - DAG(s) 'example_kubernetes_executor' retrieved from /home/airflow/.local/lib/python3.8/site-packages/airflow/example_dags/example_kubernetes_executor.py
[2024-09-14T03:42:47.389+0000] {logging_mixin.py:188} INFO - [2024-09-14T03:42:47.389+0000] {dag.py:3036} INFO - Sync 1 DAGs
[2024-09-14T03:42:47.400+0000] {logging_mixin.py:188} INFO - [2024-09-14T03:42:47.399+0000] {dag.py:3823} INFO - Setting next_dagrun for example_kubernetes_executor to None, run_after=None
[2024-09-14T03:42:47.411+0000] {processor.py:183} INFO - Processing /home/airflow/.local/lib/python3.8/site-packages/airflow/example_dags/example_kubernetes_executor.py took 0.066 seconds
[2024-09-14T03:43:17.946+0000] {processor.py:161} INFO - Started process (PID=5713) to work on /home/airflow/.local/lib/python3.8/site-packages/airflow/example_dags/example_kubernetes_executor.py
[2024-09-14T03:43:17.947+0000] {processor.py:830} INFO - Processing file /home/airflow/.local/lib/python3.8/site-packages/airflow/example_dags/example_kubernetes_executor.py for tasks to queue
[2024-09-14T03:43:17.948+0000] {logging_mixin.py:188} INFO - [2024-09-14T03:43:17.948+0000] {dagbag.py:538} INFO - Filling up the DagBag from /home/airflow/.local/lib/python3.8/site-packages/airflow/example_dags/example_kubernetes_executor.py
[2024-09-14T03:43:17.957+0000] {processor.py:840} INFO - DAG(s) 'example_kubernetes_executor' retrieved from /home/airflow/.local/lib/python3.8/site-packages/airflow/example_dags/example_kubernetes_executor.py
[2024-09-14T03:43:17.980+0000] {logging_mixin.py:188} INFO - [2024-09-14T03:43:17.979+0000] {dag.py:3036} INFO - Sync 1 DAGs
[2024-09-14T03:43:17.986+0000] {logging_mixin.py:188} INFO - [2024-09-14T03:43:17.986+0000] {dag.py:3823} INFO - Setting next_dagrun for example_kubernetes_executor to None, run_after=None
[2024-09-14T03:43:17.998+0000] {processor.py:183} INFO - Processing /home/airflow/.local/lib/python3.8/site-packages/airflow/example_dags/example_kubernetes_executor.py took 0.053 seconds
[2024-09-14T03:43:48.070+0000] {processor.py:161} INFO - Started process (PID=5962) to work on /home/airflow/.local/lib/python3.8/site-packages/airflow/example_dags/example_kubernetes_executor.py
[2024-09-14T03:43:48.071+0000] {processor.py:830} INFO - Processing file /home/airflow/.local/lib/python3.8/site-packages/airflow/example_dags/example_kubernetes_executor.py for tasks to queue
[2024-09-14T03:43:48.072+0000] {logging_mixin.py:188} INFO - [2024-09-14T03:43:48.072+0000] {dagbag.py:538} INFO - Filling up the DagBag from /home/airflow/.local/lib/python3.8/site-packages/airflow/example_dags/example_kubernetes_executor.py
[2024-09-14T03:43:48.079+0000] {processor.py:840} INFO - DAG(s) 'example_kubernetes_executor' retrieved from /home/airflow/.local/lib/python3.8/site-packages/airflow/example_dags/example_kubernetes_executor.py
[2024-09-14T03:43:48.099+0000] {logging_mixin.py:188} INFO - [2024-09-14T03:43:48.099+0000] {dag.py:3036} INFO - Sync 1 DAGs
[2024-09-14T03:43:48.105+0000] {logging_mixin.py:188} INFO - [2024-09-14T03:43:48.105+0000] {dag.py:3823} INFO - Setting next_dagrun for example_kubernetes_executor to None, run_after=None
[2024-09-14T03:43:48.113+0000] {processor.py:183} INFO - Processing /home/airflow/.local/lib/python3.8/site-packages/airflow/example_dags/example_kubernetes_executor.py took 0.045 seconds
[2024-09-14T03:44:18.444+0000] {processor.py:161} INFO - Started process (PID=6209) to work on /home/airflow/.local/lib/python3.8/site-packages/airflow/example_dags/example_kubernetes_executor.py
[2024-09-14T03:44:18.445+0000] {processor.py:830} INFO - Processing file /home/airflow/.local/lib/python3.8/site-packages/airflow/example_dags/example_kubernetes_executor.py for tasks to queue
[2024-09-14T03:44:18.446+0000] {logging_mixin.py:188} INFO - [2024-09-14T03:44:18.445+0000] {dagbag.py:538} INFO - Filling up the DagBag from /home/airflow/.local/lib/python3.8/site-packages/airflow/example_dags/example_kubernetes_executor.py
[2024-09-14T03:44:18.454+0000] {processor.py:840} INFO - DAG(s) 'example_kubernetes_executor' retrieved from /home/airflow/.local/lib/python3.8/site-packages/airflow/example_dags/example_kubernetes_executor.py
[2024-09-14T03:44:18.479+0000] {logging_mixin.py:188} INFO - [2024-09-14T03:44:18.479+0000] {dag.py:3036} INFO - Sync 1 DAGs
[2024-09-14T03:44:18.486+0000] {logging_mixin.py:188} INFO - [2024-09-14T03:44:18.486+0000] {dag.py:3823} INFO - Setting next_dagrun for example_kubernetes_executor to None, run_after=None
[2024-09-14T03:44:18.498+0000] {processor.py:183} INFO - Processing /home/airflow/.local/lib/python3.8/site-packages/airflow/example_dags/example_kubernetes_executor.py took 0.057 seconds
[2024-09-14T03:44:49.197+0000] {processor.py:161} INFO - Started process (PID=6454) to work on /home/airflow/.local/lib/python3.8/site-packages/airflow/example_dags/example_kubernetes_executor.py
[2024-09-14T03:44:49.198+0000] {processor.py:830} INFO - Processing file /home/airflow/.local/lib/python3.8/site-packages/airflow/example_dags/example_kubernetes_executor.py for tasks to queue
[2024-09-14T03:44:49.198+0000] {logging_mixin.py:188} INFO - [2024-09-14T03:44:49.198+0000] {dagbag.py:538} INFO - Filling up the DagBag from /home/airflow/.local/lib/python3.8/site-packages/airflow/example_dags/example_kubernetes_executor.py
[2024-09-14T03:44:49.208+0000] {processor.py:840} INFO - DAG(s) 'example_kubernetes_executor' retrieved from /home/airflow/.local/lib/python3.8/site-packages/airflow/example_dags/example_kubernetes_executor.py
[2024-09-14T03:44:49.234+0000] {logging_mixin.py:188} INFO - [2024-09-14T03:44:49.234+0000] {dag.py:3036} INFO - Sync 1 DAGs
[2024-09-14T03:44:49.241+0000] {logging_mixin.py:188} INFO - [2024-09-14T03:44:49.241+0000] {dag.py:3823} INFO - Setting next_dagrun for example_kubernetes_executor to None, run_after=None
[2024-09-14T03:44:49.252+0000] {processor.py:183} INFO - Processing /home/airflow/.local/lib/python3.8/site-packages/airflow/example_dags/example_kubernetes_executor.py took 0.058 seconds
[2024-09-14T03:45:19.518+0000] {processor.py:161} INFO - Started process (PID=6701) to work on /home/airflow/.local/lib/python3.8/site-packages/airflow/example_dags/example_kubernetes_executor.py
[2024-09-14T03:45:19.520+0000] {processor.py:830} INFO - Processing file /home/airflow/.local/lib/python3.8/site-packages/airflow/example_dags/example_kubernetes_executor.py for tasks to queue
[2024-09-14T03:45:19.520+0000] {logging_mixin.py:188} INFO - [2024-09-14T03:45:19.520+0000] {dagbag.py:538} INFO - Filling up the DagBag from /home/airflow/.local/lib/python3.8/site-packages/airflow/example_dags/example_kubernetes_executor.py
[2024-09-14T03:45:19.528+0000] {processor.py:840} INFO - DAG(s) 'example_kubernetes_executor' retrieved from /home/airflow/.local/lib/python3.8/site-packages/airflow/example_dags/example_kubernetes_executor.py
[2024-09-14T03:45:19.550+0000] {logging_mixin.py:188} INFO - [2024-09-14T03:45:19.550+0000] {dag.py:3036} INFO - Sync 1 DAGs
[2024-09-14T03:45:19.562+0000] {logging_mixin.py:188} INFO - [2024-09-14T03:45:19.562+0000] {dag.py:3823} INFO - Setting next_dagrun for example_kubernetes_executor to None, run_after=None
[2024-09-14T03:45:19.573+0000] {processor.py:183} INFO - Processing /home/airflow/.local/lib/python3.8/site-packages/airflow/example_dags/example_kubernetes_executor.py took 0.057 seconds
[2024-09-14T03:45:50.593+0000] {processor.py:161} INFO - Started process (PID=6950) to work on /home/airflow/.local/lib/python3.8/site-packages/airflow/example_dags/example_kubernetes_executor.py
[2024-09-14T03:45:50.594+0000] {processor.py:830} INFO - Processing file /home/airflow/.local/lib/python3.8/site-packages/airflow/example_dags/example_kubernetes_executor.py for tasks to queue
[2024-09-14T03:45:50.595+0000] {logging_mixin.py:188} INFO - [2024-09-14T03:45:50.595+0000] {dagbag.py:538} INFO - Filling up the DagBag from /home/airflow/.local/lib/python3.8/site-packages/airflow/example_dags/example_kubernetes_executor.py
[2024-09-14T03:45:50.609+0000] {processor.py:840} INFO - DAG(s) 'example_kubernetes_executor' retrieved from /home/airflow/.local/lib/python3.8/site-packages/airflow/example_dags/example_kubernetes_executor.py
[2024-09-14T03:45:50.632+0000] {logging_mixin.py:188} INFO - [2024-09-14T03:45:50.632+0000] {dag.py:3036} INFO - Sync 1 DAGs
[2024-09-14T03:45:50.639+0000] {logging_mixin.py:188} INFO - [2024-09-14T03:45:50.639+0000] {dag.py:3823} INFO - Setting next_dagrun for example_kubernetes_executor to None, run_after=None
[2024-09-14T03:45:50.652+0000] {processor.py:183} INFO - Processing /home/airflow/.local/lib/python3.8/site-packages/airflow/example_dags/example_kubernetes_executor.py took 0.063 seconds
[2024-09-14T03:46:21.413+0000] {processor.py:161} INFO - Started process (PID=7197) to work on /home/airflow/.local/lib/python3.8/site-packages/airflow/example_dags/example_kubernetes_executor.py
[2024-09-14T03:46:21.413+0000] {processor.py:830} INFO - Processing file /home/airflow/.local/lib/python3.8/site-packages/airflow/example_dags/example_kubernetes_executor.py for tasks to queue
[2024-09-14T03:46:21.414+0000] {logging_mixin.py:188} INFO - [2024-09-14T03:46:21.414+0000] {dagbag.py:538} INFO - Filling up the DagBag from /home/airflow/.local/lib/python3.8/site-packages/airflow/example_dags/example_kubernetes_executor.py
[2024-09-14T03:46:21.422+0000] {processor.py:840} INFO - DAG(s) 'example_kubernetes_executor' retrieved from /home/airflow/.local/lib/python3.8/site-packages/airflow/example_dags/example_kubernetes_executor.py
[2024-09-14T03:46:21.445+0000] {logging_mixin.py:188} INFO - [2024-09-14T03:46:21.445+0000] {dag.py:3036} INFO - Sync 1 DAGs
[2024-09-14T03:46:21.457+0000] {logging_mixin.py:188} INFO - [2024-09-14T03:46:21.457+0000] {dag.py:3823} INFO - Setting next_dagrun for example_kubernetes_executor to None, run_after=None
[2024-09-14T03:46:21.469+0000] {processor.py:183} INFO - Processing /home/airflow/.local/lib/python3.8/site-packages/airflow/example_dags/example_kubernetes_executor.py took 0.059 seconds
[2024-09-14T03:46:51.594+0000] {processor.py:161} INFO - Started process (PID=7444) to work on /home/airflow/.local/lib/python3.8/site-packages/airflow/example_dags/example_kubernetes_executor.py
[2024-09-14T03:46:51.595+0000] {processor.py:830} INFO - Processing file /home/airflow/.local/lib/python3.8/site-packages/airflow/example_dags/example_kubernetes_executor.py for tasks to queue
[2024-09-14T03:46:51.596+0000] {logging_mixin.py:188} INFO - [2024-09-14T03:46:51.596+0000] {dagbag.py:538} INFO - Filling up the DagBag from /home/airflow/.local/lib/python3.8/site-packages/airflow/example_dags/example_kubernetes_executor.py
[2024-09-14T03:46:51.604+0000] {processor.py:840} INFO - DAG(s) 'example_kubernetes_executor' retrieved from /home/airflow/.local/lib/python3.8/site-packages/airflow/example_dags/example_kubernetes_executor.py
[2024-09-14T03:46:51.632+0000] {logging_mixin.py:188} INFO - [2024-09-14T03:46:51.632+0000] {dag.py:3036} INFO - Sync 1 DAGs
[2024-09-14T03:46:51.644+0000] {logging_mixin.py:188} INFO - [2024-09-14T03:46:51.644+0000] {dag.py:3823} INFO - Setting next_dagrun for example_kubernetes_executor to None, run_after=None
[2024-09-14T03:46:51.659+0000] {processor.py:183} INFO - Processing /home/airflow/.local/lib/python3.8/site-packages/airflow/example_dags/example_kubernetes_executor.py took 0.067 seconds
