[2024-09-14T03:28:27.047+0000] {processor.py:161} INFO - Started process (PID=221) to work on /home/airflow/.local/lib/python3.8/site-packages/airflow/example_dags/example_python_decorator.py
[2024-09-14T03:28:27.048+0000] {processor.py:830} INFO - Processing file /home/airflow/.local/lib/python3.8/site-packages/airflow/example_dags/example_python_decorator.py for tasks to queue
[2024-09-14T03:28:27.049+0000] {logging_mixin.py:188} INFO - [2024-09-14T03:28:27.049+0000] {dagbag.py:538} INFO - Filling up the DagBag from /home/airflow/.local/lib/python3.8/site-packages/airflow/example_dags/example_python_decorator.py
[2024-09-14T03:28:27.065+0000] {processor.py:840} INFO - DAG(s) 'example_python_decorator' retrieved from /home/airflow/.local/lib/python3.8/site-packages/airflow/example_dags/example_python_decorator.py
[2024-09-14T03:28:27.145+0000] {logging_mixin.py:188} INFO - [2024-09-14T03:28:27.145+0000] {dag.py:3036} INFO - Sync 1 DAGs
[2024-09-14T03:28:27.151+0000] {logging_mixin.py:188} INFO - [2024-09-14T03:28:27.151+0000] {dag.py:3823} INFO - Setting next_dagrun for example_python_decorator to None, run_after=None
[2024-09-14T03:28:27.166+0000] {processor.py:183} INFO - Processing /home/airflow/.local/lib/python3.8/site-packages/airflow/example_dags/example_python_decorator.py took 0.124 seconds
[2024-09-14T03:28:57.561+0000] {processor.py:161} INFO - Started process (PID=470) to work on /home/airflow/.local/lib/python3.8/site-packages/airflow/example_dags/example_python_decorator.py
[2024-09-14T03:28:57.562+0000] {processor.py:830} INFO - Processing file /home/airflow/.local/lib/python3.8/site-packages/airflow/example_dags/example_python_decorator.py for tasks to queue
[2024-09-14T03:28:57.562+0000] {logging_mixin.py:188} INFO - [2024-09-14T03:28:57.562+0000] {dagbag.py:538} INFO - Filling up the DagBag from /home/airflow/.local/lib/python3.8/site-packages/airflow/example_dags/example_python_decorator.py
[2024-09-14T03:28:57.572+0000] {processor.py:840} INFO - DAG(s) 'example_python_decorator' retrieved from /home/airflow/.local/lib/python3.8/site-packages/airflow/example_dags/example_python_decorator.py
[2024-09-14T03:28:57.585+0000] {logging_mixin.py:188} INFO - [2024-09-14T03:28:57.585+0000] {dag.py:3036} INFO - Sync 1 DAGs
[2024-09-14T03:28:57.592+0000] {logging_mixin.py:188} INFO - [2024-09-14T03:28:57.592+0000] {dag.py:3823} INFO - Setting next_dagrun for example_python_decorator to None, run_after=None
[2024-09-14T03:28:57.604+0000] {processor.py:183} INFO - Processing /home/airflow/.local/lib/python3.8/site-packages/airflow/example_dags/example_python_decorator.py took 0.046 seconds
[2024-09-14T03:29:28.343+0000] {processor.py:161} INFO - Started process (PID=715) to work on /home/airflow/.local/lib/python3.8/site-packages/airflow/example_dags/example_python_decorator.py
[2024-09-14T03:29:28.344+0000] {processor.py:830} INFO - Processing file /home/airflow/.local/lib/python3.8/site-packages/airflow/example_dags/example_python_decorator.py for tasks to queue
[2024-09-14T03:29:28.345+0000] {logging_mixin.py:188} INFO - [2024-09-14T03:29:28.345+0000] {dagbag.py:538} INFO - Filling up the DagBag from /home/airflow/.local/lib/python3.8/site-packages/airflow/example_dags/example_python_decorator.py
[2024-09-14T03:29:28.353+0000] {processor.py:840} INFO - DAG(s) 'example_python_decorator' retrieved from /home/airflow/.local/lib/python3.8/site-packages/airflow/example_dags/example_python_decorator.py
[2024-09-14T03:29:28.370+0000] {logging_mixin.py:188} INFO - [2024-09-14T03:29:28.369+0000] {dag.py:3036} INFO - Sync 1 DAGs
[2024-09-14T03:29:28.377+0000] {logging_mixin.py:188} INFO - [2024-09-14T03:29:28.377+0000] {dag.py:3823} INFO - Setting next_dagrun for example_python_decorator to None, run_after=None
[2024-09-14T03:29:28.389+0000] {processor.py:183} INFO - Processing /home/airflow/.local/lib/python3.8/site-packages/airflow/example_dags/example_python_decorator.py took 0.049 seconds
[2024-09-14T03:29:59.147+0000] {processor.py:161} INFO - Started process (PID=964) to work on /home/airflow/.local/lib/python3.8/site-packages/airflow/example_dags/example_python_decorator.py
[2024-09-14T03:29:59.148+0000] {processor.py:830} INFO - Processing file /home/airflow/.local/lib/python3.8/site-packages/airflow/example_dags/example_python_decorator.py for tasks to queue
[2024-09-14T03:29:59.148+0000] {logging_mixin.py:188} INFO - [2024-09-14T03:29:59.148+0000] {dagbag.py:538} INFO - Filling up the DagBag from /home/airflow/.local/lib/python3.8/site-packages/airflow/example_dags/example_python_decorator.py
[2024-09-14T03:29:59.156+0000] {processor.py:840} INFO - DAG(s) 'example_python_decorator' retrieved from /home/airflow/.local/lib/python3.8/site-packages/airflow/example_dags/example_python_decorator.py
[2024-09-14T03:29:59.168+0000] {logging_mixin.py:188} INFO - [2024-09-14T03:29:59.168+0000] {dag.py:3036} INFO - Sync 1 DAGs
[2024-09-14T03:29:59.174+0000] {logging_mixin.py:188} INFO - [2024-09-14T03:29:59.174+0000] {dag.py:3823} INFO - Setting next_dagrun for example_python_decorator to None, run_after=None
[2024-09-14T03:29:59.183+0000] {processor.py:183} INFO - Processing /home/airflow/.local/lib/python3.8/site-packages/airflow/example_dags/example_python_decorator.py took 0.038 seconds
[2024-09-14T03:30:29.892+0000] {processor.py:161} INFO - Started process (PID=1209) to work on /home/airflow/.local/lib/python3.8/site-packages/airflow/example_dags/example_python_decorator.py
[2024-09-14T03:30:29.893+0000] {processor.py:830} INFO - Processing file /home/airflow/.local/lib/python3.8/site-packages/airflow/example_dags/example_python_decorator.py for tasks to queue
[2024-09-14T03:30:29.894+0000] {logging_mixin.py:188} INFO - [2024-09-14T03:30:29.893+0000] {dagbag.py:538} INFO - Filling up the DagBag from /home/airflow/.local/lib/python3.8/site-packages/airflow/example_dags/example_python_decorator.py
[2024-09-14T03:30:29.902+0000] {processor.py:840} INFO - DAG(s) 'example_python_decorator' retrieved from /home/airflow/.local/lib/python3.8/site-packages/airflow/example_dags/example_python_decorator.py
[2024-09-14T03:30:29.917+0000] {logging_mixin.py:188} INFO - [2024-09-14T03:30:29.917+0000] {dag.py:3036} INFO - Sync 1 DAGs
[2024-09-14T03:30:29.925+0000] {logging_mixin.py:188} INFO - [2024-09-14T03:30:29.925+0000] {dag.py:3823} INFO - Setting next_dagrun for example_python_decorator to None, run_after=None
[2024-09-14T03:30:29.935+0000] {processor.py:183} INFO - Processing /home/airflow/.local/lib/python3.8/site-packages/airflow/example_dags/example_python_decorator.py took 0.046 seconds
[2024-09-14T03:31:00.613+0000] {processor.py:161} INFO - Started process (PID=1456) to work on /home/airflow/.local/lib/python3.8/site-packages/airflow/example_dags/example_python_decorator.py
[2024-09-14T03:31:00.614+0000] {processor.py:830} INFO - Processing file /home/airflow/.local/lib/python3.8/site-packages/airflow/example_dags/example_python_decorator.py for tasks to queue
[2024-09-14T03:31:00.614+0000] {logging_mixin.py:188} INFO - [2024-09-14T03:31:00.614+0000] {dagbag.py:538} INFO - Filling up the DagBag from /home/airflow/.local/lib/python3.8/site-packages/airflow/example_dags/example_python_decorator.py
[2024-09-14T03:31:00.621+0000] {processor.py:840} INFO - DAG(s) 'example_python_decorator' retrieved from /home/airflow/.local/lib/python3.8/site-packages/airflow/example_dags/example_python_decorator.py
[2024-09-14T03:31:00.633+0000] {logging_mixin.py:188} INFO - [2024-09-14T03:31:00.633+0000] {dag.py:3036} INFO - Sync 1 DAGs
[2024-09-14T03:31:00.639+0000] {logging_mixin.py:188} INFO - [2024-09-14T03:31:00.639+0000] {dag.py:3823} INFO - Setting next_dagrun for example_python_decorator to None, run_after=None
[2024-09-14T03:31:00.648+0000] {processor.py:183} INFO - Processing /home/airflow/.local/lib/python3.8/site-packages/airflow/example_dags/example_python_decorator.py took 0.037 seconds
[2024-09-14T03:31:31.447+0000] {processor.py:161} INFO - Started process (PID=1703) to work on /home/airflow/.local/lib/python3.8/site-packages/airflow/example_dags/example_python_decorator.py
[2024-09-14T03:31:31.448+0000] {processor.py:830} INFO - Processing file /home/airflow/.local/lib/python3.8/site-packages/airflow/example_dags/example_python_decorator.py for tasks to queue
[2024-09-14T03:31:31.448+0000] {logging_mixin.py:188} INFO - [2024-09-14T03:31:31.448+0000] {dagbag.py:538} INFO - Filling up the DagBag from /home/airflow/.local/lib/python3.8/site-packages/airflow/example_dags/example_python_decorator.py
[2024-09-14T03:31:31.455+0000] {processor.py:840} INFO - DAG(s) 'example_python_decorator' retrieved from /home/airflow/.local/lib/python3.8/site-packages/airflow/example_dags/example_python_decorator.py
[2024-09-14T03:31:31.467+0000] {logging_mixin.py:188} INFO - [2024-09-14T03:31:31.467+0000] {dag.py:3036} INFO - Sync 1 DAGs
[2024-09-14T03:31:31.474+0000] {logging_mixin.py:188} INFO - [2024-09-14T03:31:31.474+0000] {dag.py:3823} INFO - Setting next_dagrun for example_python_decorator to None, run_after=None
[2024-09-14T03:31:31.483+0000] {processor.py:183} INFO - Processing /home/airflow/.local/lib/python3.8/site-packages/airflow/example_dags/example_python_decorator.py took 0.038 seconds
[2024-09-14T03:32:02.332+0000] {processor.py:161} INFO - Started process (PID=1950) to work on /home/airflow/.local/lib/python3.8/site-packages/airflow/example_dags/example_python_decorator.py
[2024-09-14T03:32:02.332+0000] {processor.py:830} INFO - Processing file /home/airflow/.local/lib/python3.8/site-packages/airflow/example_dags/example_python_decorator.py for tasks to queue
[2024-09-14T03:32:02.333+0000] {logging_mixin.py:188} INFO - [2024-09-14T03:32:02.333+0000] {dagbag.py:538} INFO - Filling up the DagBag from /home/airflow/.local/lib/python3.8/site-packages/airflow/example_dags/example_python_decorator.py
[2024-09-14T03:32:02.340+0000] {processor.py:840} INFO - DAG(s) 'example_python_decorator' retrieved from /home/airflow/.local/lib/python3.8/site-packages/airflow/example_dags/example_python_decorator.py
[2024-09-14T03:32:02.352+0000] {logging_mixin.py:188} INFO - [2024-09-14T03:32:02.352+0000] {dag.py:3036} INFO - Sync 1 DAGs
[2024-09-14T03:32:02.359+0000] {logging_mixin.py:188} INFO - [2024-09-14T03:32:02.359+0000] {dag.py:3823} INFO - Setting next_dagrun for example_python_decorator to None, run_after=None
[2024-09-14T03:32:02.368+0000] {processor.py:183} INFO - Processing /home/airflow/.local/lib/python3.8/site-packages/airflow/example_dags/example_python_decorator.py took 0.038 seconds
[2024-09-14T03:32:33.017+0000] {processor.py:161} INFO - Started process (PID=2197) to work on /home/airflow/.local/lib/python3.8/site-packages/airflow/example_dags/example_python_decorator.py
[2024-09-14T03:32:33.018+0000] {processor.py:830} INFO - Processing file /home/airflow/.local/lib/python3.8/site-packages/airflow/example_dags/example_python_decorator.py for tasks to queue
[2024-09-14T03:32:33.019+0000] {logging_mixin.py:188} INFO - [2024-09-14T03:32:33.019+0000] {dagbag.py:538} INFO - Filling up the DagBag from /home/airflow/.local/lib/python3.8/site-packages/airflow/example_dags/example_python_decorator.py
[2024-09-14T03:32:33.026+0000] {processor.py:840} INFO - DAG(s) 'example_python_decorator' retrieved from /home/airflow/.local/lib/python3.8/site-packages/airflow/example_dags/example_python_decorator.py
[2024-09-14T03:32:33.039+0000] {logging_mixin.py:188} INFO - [2024-09-14T03:32:33.038+0000] {dag.py:3036} INFO - Sync 1 DAGs
[2024-09-14T03:32:33.045+0000] {logging_mixin.py:188} INFO - [2024-09-14T03:32:33.045+0000] {dag.py:3823} INFO - Setting next_dagrun for example_python_decorator to None, run_after=None
[2024-09-14T03:32:33.056+0000] {processor.py:183} INFO - Processing /home/airflow/.local/lib/python3.8/site-packages/airflow/example_dags/example_python_decorator.py took 0.041 seconds
[2024-09-14T03:33:03.859+0000] {processor.py:161} INFO - Started process (PID=2446) to work on /home/airflow/.local/lib/python3.8/site-packages/airflow/example_dags/example_python_decorator.py
[2024-09-14T03:33:03.860+0000] {processor.py:830} INFO - Processing file /home/airflow/.local/lib/python3.8/site-packages/airflow/example_dags/example_python_decorator.py for tasks to queue
[2024-09-14T03:33:03.861+0000] {logging_mixin.py:188} INFO - [2024-09-14T03:33:03.860+0000] {dagbag.py:538} INFO - Filling up the DagBag from /home/airflow/.local/lib/python3.8/site-packages/airflow/example_dags/example_python_decorator.py
[2024-09-14T03:33:03.868+0000] {processor.py:840} INFO - DAG(s) 'example_python_decorator' retrieved from /home/airflow/.local/lib/python3.8/site-packages/airflow/example_dags/example_python_decorator.py
[2024-09-14T03:33:03.880+0000] {logging_mixin.py:188} INFO - [2024-09-14T03:33:03.880+0000] {dag.py:3036} INFO - Sync 1 DAGs
[2024-09-14T03:33:03.886+0000] {logging_mixin.py:188} INFO - [2024-09-14T03:33:03.886+0000] {dag.py:3823} INFO - Setting next_dagrun for example_python_decorator to None, run_after=None
[2024-09-14T03:33:03.895+0000] {processor.py:183} INFO - Processing /home/airflow/.local/lib/python3.8/site-packages/airflow/example_dags/example_python_decorator.py took 0.038 seconds
[2024-09-14T03:33:34.486+0000] {processor.py:161} INFO - Started process (PID=2691) to work on /home/airflow/.local/lib/python3.8/site-packages/airflow/example_dags/example_python_decorator.py
[2024-09-14T03:33:34.487+0000] {processor.py:830} INFO - Processing file /home/airflow/.local/lib/python3.8/site-packages/airflow/example_dags/example_python_decorator.py for tasks to queue
[2024-09-14T03:33:34.487+0000] {logging_mixin.py:188} INFO - [2024-09-14T03:33:34.487+0000] {dagbag.py:538} INFO - Filling up the DagBag from /home/airflow/.local/lib/python3.8/site-packages/airflow/example_dags/example_python_decorator.py
[2024-09-14T03:33:34.495+0000] {processor.py:840} INFO - DAG(s) 'example_python_decorator' retrieved from /home/airflow/.local/lib/python3.8/site-packages/airflow/example_dags/example_python_decorator.py
[2024-09-14T03:33:34.509+0000] {logging_mixin.py:188} INFO - [2024-09-14T03:33:34.509+0000] {dag.py:3036} INFO - Sync 1 DAGs
[2024-09-14T03:33:34.517+0000] {logging_mixin.py:188} INFO - [2024-09-14T03:33:34.517+0000] {dag.py:3823} INFO - Setting next_dagrun for example_python_decorator to None, run_after=None
[2024-09-14T03:33:34.528+0000] {processor.py:183} INFO - Processing /home/airflow/.local/lib/python3.8/site-packages/airflow/example_dags/example_python_decorator.py took 0.044 seconds
[2024-09-14T03:34:05.347+0000] {processor.py:161} INFO - Started process (PID=2940) to work on /home/airflow/.local/lib/python3.8/site-packages/airflow/example_dags/example_python_decorator.py
[2024-09-14T03:34:05.349+0000] {processor.py:830} INFO - Processing file /home/airflow/.local/lib/python3.8/site-packages/airflow/example_dags/example_python_decorator.py for tasks to queue
[2024-09-14T03:34:05.349+0000] {logging_mixin.py:188} INFO - [2024-09-14T03:34:05.349+0000] {dagbag.py:538} INFO - Filling up the DagBag from /home/airflow/.local/lib/python3.8/site-packages/airflow/example_dags/example_python_decorator.py
[2024-09-14T03:34:05.359+0000] {processor.py:840} INFO - DAG(s) 'example_python_decorator' retrieved from /home/airflow/.local/lib/python3.8/site-packages/airflow/example_dags/example_python_decorator.py
[2024-09-14T03:34:05.372+0000] {logging_mixin.py:188} INFO - [2024-09-14T03:34:05.372+0000] {dag.py:3036} INFO - Sync 1 DAGs
[2024-09-14T03:34:05.378+0000] {logging_mixin.py:188} INFO - [2024-09-14T03:34:05.378+0000] {dag.py:3823} INFO - Setting next_dagrun for example_python_decorator to None, run_after=None
[2024-09-14T03:34:05.389+0000] {processor.py:183} INFO - Processing /home/airflow/.local/lib/python3.8/site-packages/airflow/example_dags/example_python_decorator.py took 0.044 seconds
[2024-09-14T03:34:47.561+0000] {processor.py:161} INFO - Started process (PID=3179) to work on /home/airflow/.local/lib/python3.8/site-packages/airflow/example_dags/example_python_decorator.py
[2024-09-14T03:34:47.561+0000] {processor.py:830} INFO - Processing file /home/airflow/.local/lib/python3.8/site-packages/airflow/example_dags/example_python_decorator.py for tasks to queue
[2024-09-14T03:34:47.562+0000] {logging_mixin.py:188} INFO - [2024-09-14T03:34:47.562+0000] {dagbag.py:538} INFO - Filling up the DagBag from /home/airflow/.local/lib/python3.8/site-packages/airflow/example_dags/example_python_decorator.py
[2024-09-14T03:34:47.569+0000] {processor.py:840} INFO - DAG(s) 'example_python_decorator' retrieved from /home/airflow/.local/lib/python3.8/site-packages/airflow/example_dags/example_python_decorator.py
[2024-09-14T03:34:47.581+0000] {logging_mixin.py:188} INFO - [2024-09-14T03:34:47.581+0000] {dag.py:3036} INFO - Sync 1 DAGs
[2024-09-14T03:34:47.587+0000] {logging_mixin.py:188} INFO - [2024-09-14T03:34:47.587+0000] {dag.py:3823} INFO - Setting next_dagrun for example_python_decorator to None, run_after=None
[2024-09-14T03:34:47.599+0000] {processor.py:183} INFO - Processing /home/airflow/.local/lib/python3.8/site-packages/airflow/example_dags/example_python_decorator.py took 0.040 seconds
[2024-09-14T03:38:41.736+0000] {processor.py:161} INFO - Started process (PID=3437) to work on /home/airflow/.local/lib/python3.8/site-packages/airflow/example_dags/example_python_decorator.py
[2024-09-14T03:38:41.737+0000] {processor.py:830} INFO - Processing file /home/airflow/.local/lib/python3.8/site-packages/airflow/example_dags/example_python_decorator.py for tasks to queue
[2024-09-14T03:38:41.738+0000] {logging_mixin.py:188} INFO - [2024-09-14T03:38:41.738+0000] {dagbag.py:538} INFO - Filling up the DagBag from /home/airflow/.local/lib/python3.8/site-packages/airflow/example_dags/example_python_decorator.py
[2024-09-14T03:38:41.750+0000] {processor.py:840} INFO - DAG(s) 'example_python_decorator' retrieved from /home/airflow/.local/lib/python3.8/site-packages/airflow/example_dags/example_python_decorator.py
[2024-09-14T03:38:41.769+0000] {logging_mixin.py:188} INFO - [2024-09-14T03:38:41.769+0000] {dag.py:3036} INFO - Sync 1 DAGs
[2024-09-14T03:38:41.775+0000] {logging_mixin.py:188} INFO - [2024-09-14T03:38:41.775+0000] {dag.py:3823} INFO - Setting next_dagrun for example_python_decorator to None, run_after=None
[2024-09-14T03:38:41.786+0000] {processor.py:183} INFO - Processing /home/airflow/.local/lib/python3.8/site-packages/airflow/example_dags/example_python_decorator.py took 0.053 seconds
[2024-09-14T03:39:11.954+0000] {processor.py:161} INFO - Started process (PID=3682) to work on /home/airflow/.local/lib/python3.8/site-packages/airflow/example_dags/example_python_decorator.py
[2024-09-14T03:39:11.955+0000] {processor.py:830} INFO - Processing file /home/airflow/.local/lib/python3.8/site-packages/airflow/example_dags/example_python_decorator.py for tasks to queue
[2024-09-14T03:39:11.955+0000] {logging_mixin.py:188} INFO - [2024-09-14T03:39:11.955+0000] {dagbag.py:538} INFO - Filling up the DagBag from /home/airflow/.local/lib/python3.8/site-packages/airflow/example_dags/example_python_decorator.py
[2024-09-14T03:39:11.963+0000] {processor.py:840} INFO - DAG(s) 'example_python_decorator' retrieved from /home/airflow/.local/lib/python3.8/site-packages/airflow/example_dags/example_python_decorator.py
[2024-09-14T03:39:11.976+0000] {logging_mixin.py:188} INFO - [2024-09-14T03:39:11.976+0000] {dag.py:3036} INFO - Sync 1 DAGs
[2024-09-14T03:39:11.982+0000] {logging_mixin.py:188} INFO - [2024-09-14T03:39:11.982+0000] {dag.py:3823} INFO - Setting next_dagrun for example_python_decorator to None, run_after=None
[2024-09-14T03:39:11.993+0000] {processor.py:183} INFO - Processing /home/airflow/.local/lib/python3.8/site-packages/airflow/example_dags/example_python_decorator.py took 0.041 seconds
[2024-09-14T03:39:42.859+0000] {processor.py:161} INFO - Started process (PID=3929) to work on /home/airflow/.local/lib/python3.8/site-packages/airflow/example_dags/example_python_decorator.py
[2024-09-14T03:39:42.860+0000] {processor.py:830} INFO - Processing file /home/airflow/.local/lib/python3.8/site-packages/airflow/example_dags/example_python_decorator.py for tasks to queue
[2024-09-14T03:39:42.860+0000] {logging_mixin.py:188} INFO - [2024-09-14T03:39:42.860+0000] {dagbag.py:538} INFO - Filling up the DagBag from /home/airflow/.local/lib/python3.8/site-packages/airflow/example_dags/example_python_decorator.py
[2024-09-14T03:39:42.868+0000] {processor.py:840} INFO - DAG(s) 'example_python_decorator' retrieved from /home/airflow/.local/lib/python3.8/site-packages/airflow/example_dags/example_python_decorator.py
[2024-09-14T03:39:42.881+0000] {logging_mixin.py:188} INFO - [2024-09-14T03:39:42.881+0000] {dag.py:3036} INFO - Sync 1 DAGs
[2024-09-14T03:39:42.889+0000] {logging_mixin.py:188} INFO - [2024-09-14T03:39:42.889+0000] {dag.py:3823} INFO - Setting next_dagrun for example_python_decorator to None, run_after=None
[2024-09-14T03:39:42.904+0000] {processor.py:183} INFO - Processing /home/airflow/.local/lib/python3.8/site-packages/airflow/example_dags/example_python_decorator.py took 0.047 seconds
[2024-09-14T03:40:13.648+0000] {processor.py:161} INFO - Started process (PID=4176) to work on /home/airflow/.local/lib/python3.8/site-packages/airflow/example_dags/example_python_decorator.py
[2024-09-14T03:40:13.654+0000] {processor.py:830} INFO - Processing file /home/airflow/.local/lib/python3.8/site-packages/airflow/example_dags/example_python_decorator.py for tasks to queue
[2024-09-14T03:40:13.656+0000] {logging_mixin.py:188} INFO - [2024-09-14T03:40:13.656+0000] {dagbag.py:538} INFO - Filling up the DagBag from /home/airflow/.local/lib/python3.8/site-packages/airflow/example_dags/example_python_decorator.py
[2024-09-14T03:40:13.676+0000] {processor.py:840} INFO - DAG(s) 'example_python_decorator' retrieved from /home/airflow/.local/lib/python3.8/site-packages/airflow/example_dags/example_python_decorator.py
[2024-09-14T03:40:13.705+0000] {logging_mixin.py:188} INFO - [2024-09-14T03:40:13.705+0000] {dag.py:3036} INFO - Sync 1 DAGs
[2024-09-14T03:40:13.716+0000] {logging_mixin.py:188} INFO - [2024-09-14T03:40:13.715+0000] {dag.py:3823} INFO - Setting next_dagrun for example_python_decorator to None, run_after=None
[2024-09-14T03:40:13.727+0000] {processor.py:183} INFO - Processing /home/airflow/.local/lib/python3.8/site-packages/airflow/example_dags/example_python_decorator.py took 0.085 seconds
[2024-09-14T03:40:44.465+0000] {processor.py:161} INFO - Started process (PID=4423) to work on /home/airflow/.local/lib/python3.8/site-packages/airflow/example_dags/example_python_decorator.py
[2024-09-14T03:40:44.466+0000] {processor.py:830} INFO - Processing file /home/airflow/.local/lib/python3.8/site-packages/airflow/example_dags/example_python_decorator.py for tasks to queue
[2024-09-14T03:40:44.466+0000] {logging_mixin.py:188} INFO - [2024-09-14T03:40:44.466+0000] {dagbag.py:538} INFO - Filling up the DagBag from /home/airflow/.local/lib/python3.8/site-packages/airflow/example_dags/example_python_decorator.py
[2024-09-14T03:40:44.474+0000] {processor.py:840} INFO - DAG(s) 'example_python_decorator' retrieved from /home/airflow/.local/lib/python3.8/site-packages/airflow/example_dags/example_python_decorator.py
[2024-09-14T03:40:44.488+0000] {logging_mixin.py:188} INFO - [2024-09-14T03:40:44.488+0000] {dag.py:3036} INFO - Sync 1 DAGs
[2024-09-14T03:40:44.495+0000] {logging_mixin.py:188} INFO - [2024-09-14T03:40:44.494+0000] {dag.py:3823} INFO - Setting next_dagrun for example_python_decorator to None, run_after=None
[2024-09-14T03:40:44.505+0000] {processor.py:183} INFO - Processing /home/airflow/.local/lib/python3.8/site-packages/airflow/example_dags/example_python_decorator.py took 0.043 seconds
[2024-09-14T03:41:15.196+0000] {processor.py:161} INFO - Started process (PID=4670) to work on /home/airflow/.local/lib/python3.8/site-packages/airflow/example_dags/example_python_decorator.py
[2024-09-14T03:41:15.197+0000] {processor.py:830} INFO - Processing file /home/airflow/.local/lib/python3.8/site-packages/airflow/example_dags/example_python_decorator.py for tasks to queue
[2024-09-14T03:41:15.198+0000] {logging_mixin.py:188} INFO - [2024-09-14T03:41:15.197+0000] {dagbag.py:538} INFO - Filling up the DagBag from /home/airflow/.local/lib/python3.8/site-packages/airflow/example_dags/example_python_decorator.py
[2024-09-14T03:41:15.205+0000] {processor.py:840} INFO - DAG(s) 'example_python_decorator' retrieved from /home/airflow/.local/lib/python3.8/site-packages/airflow/example_dags/example_python_decorator.py
[2024-09-14T03:41:15.218+0000] {logging_mixin.py:188} INFO - [2024-09-14T03:41:15.218+0000] {dag.py:3036} INFO - Sync 1 DAGs
[2024-09-14T03:41:15.225+0000] {logging_mixin.py:188} INFO - [2024-09-14T03:41:15.225+0000] {dag.py:3823} INFO - Setting next_dagrun for example_python_decorator to None, run_after=None
[2024-09-14T03:41:15.235+0000] {processor.py:183} INFO - Processing /home/airflow/.local/lib/python3.8/site-packages/airflow/example_dags/example_python_decorator.py took 0.041 seconds
[2024-09-14T03:41:45.882+0000] {processor.py:161} INFO - Started process (PID=4917) to work on /home/airflow/.local/lib/python3.8/site-packages/airflow/example_dags/example_python_decorator.py
[2024-09-14T03:41:45.883+0000] {processor.py:830} INFO - Processing file /home/airflow/.local/lib/python3.8/site-packages/airflow/example_dags/example_python_decorator.py for tasks to queue
[2024-09-14T03:41:45.883+0000] {logging_mixin.py:188} INFO - [2024-09-14T03:41:45.883+0000] {dagbag.py:538} INFO - Filling up the DagBag from /home/airflow/.local/lib/python3.8/site-packages/airflow/example_dags/example_python_decorator.py
[2024-09-14T03:41:45.891+0000] {processor.py:840} INFO - DAG(s) 'example_python_decorator' retrieved from /home/airflow/.local/lib/python3.8/site-packages/airflow/example_dags/example_python_decorator.py
[2024-09-14T03:41:45.904+0000] {logging_mixin.py:188} INFO - [2024-09-14T03:41:45.903+0000] {dag.py:3036} INFO - Sync 1 DAGs
[2024-09-14T03:41:45.910+0000] {logging_mixin.py:188} INFO - [2024-09-14T03:41:45.910+0000] {dag.py:3823} INFO - Setting next_dagrun for example_python_decorator to None, run_after=None
[2024-09-14T03:41:45.920+0000] {processor.py:183} INFO - Processing /home/airflow/.local/lib/python3.8/site-packages/airflow/example_dags/example_python_decorator.py took 0.041 seconds
[2024-09-14T03:42:16.209+0000] {processor.py:161} INFO - Started process (PID=5164) to work on /home/airflow/.local/lib/python3.8/site-packages/airflow/example_dags/example_python_decorator.py
[2024-09-14T03:42:16.210+0000] {processor.py:830} INFO - Processing file /home/airflow/.local/lib/python3.8/site-packages/airflow/example_dags/example_python_decorator.py for tasks to queue
[2024-09-14T03:42:16.211+0000] {logging_mixin.py:188} INFO - [2024-09-14T03:42:16.210+0000] {dagbag.py:538} INFO - Filling up the DagBag from /home/airflow/.local/lib/python3.8/site-packages/airflow/example_dags/example_python_decorator.py
[2024-09-14T03:42:16.218+0000] {processor.py:840} INFO - DAG(s) 'example_python_decorator' retrieved from /home/airflow/.local/lib/python3.8/site-packages/airflow/example_dags/example_python_decorator.py
[2024-09-14T03:42:16.231+0000] {logging_mixin.py:188} INFO - [2024-09-14T03:42:16.231+0000] {dag.py:3036} INFO - Sync 1 DAGs
[2024-09-14T03:42:16.238+0000] {logging_mixin.py:188} INFO - [2024-09-14T03:42:16.238+0000] {dag.py:3823} INFO - Setting next_dagrun for example_python_decorator to None, run_after=None
[2024-09-14T03:42:16.248+0000] {processor.py:183} INFO - Processing /home/airflow/.local/lib/python3.8/site-packages/airflow/example_dags/example_python_decorator.py took 0.041 seconds
[2024-09-14T03:42:46.992+0000] {processor.py:161} INFO - Started process (PID=5411) to work on /home/airflow/.local/lib/python3.8/site-packages/airflow/example_dags/example_python_decorator.py
[2024-09-14T03:42:46.993+0000] {processor.py:830} INFO - Processing file /home/airflow/.local/lib/python3.8/site-packages/airflow/example_dags/example_python_decorator.py for tasks to queue
[2024-09-14T03:42:46.994+0000] {logging_mixin.py:188} INFO - [2024-09-14T03:42:46.993+0000] {dagbag.py:538} INFO - Filling up the DagBag from /home/airflow/.local/lib/python3.8/site-packages/airflow/example_dags/example_python_decorator.py
[2024-09-14T03:42:47.001+0000] {processor.py:840} INFO - DAG(s) 'example_python_decorator' retrieved from /home/airflow/.local/lib/python3.8/site-packages/airflow/example_dags/example_python_decorator.py
[2024-09-14T03:42:47.015+0000] {logging_mixin.py:188} INFO - [2024-09-14T03:42:47.015+0000] {dag.py:3036} INFO - Sync 1 DAGs
[2024-09-14T03:42:47.022+0000] {logging_mixin.py:188} INFO - [2024-09-14T03:42:47.022+0000] {dag.py:3823} INFO - Setting next_dagrun for example_python_decorator to None, run_after=None
[2024-09-14T03:42:47.035+0000] {processor.py:183} INFO - Processing /home/airflow/.local/lib/python3.8/site-packages/airflow/example_dags/example_python_decorator.py took 0.045 seconds
[2024-09-14T03:43:17.552+0000] {processor.py:161} INFO - Started process (PID=5658) to work on /home/airflow/.local/lib/python3.8/site-packages/airflow/example_dags/example_python_decorator.py
[2024-09-14T03:43:17.553+0000] {processor.py:830} INFO - Processing file /home/airflow/.local/lib/python3.8/site-packages/airflow/example_dags/example_python_decorator.py for tasks to queue
[2024-09-14T03:43:17.554+0000] {logging_mixin.py:188} INFO - [2024-09-14T03:43:17.554+0000] {dagbag.py:538} INFO - Filling up the DagBag from /home/airflow/.local/lib/python3.8/site-packages/airflow/example_dags/example_python_decorator.py
[2024-09-14T03:43:17.563+0000] {processor.py:840} INFO - DAG(s) 'example_python_decorator' retrieved from /home/airflow/.local/lib/python3.8/site-packages/airflow/example_dags/example_python_decorator.py
[2024-09-14T03:43:17.578+0000] {logging_mixin.py:188} INFO - [2024-09-14T03:43:17.578+0000] {dag.py:3036} INFO - Sync 1 DAGs
[2024-09-14T03:43:17.586+0000] {logging_mixin.py:188} INFO - [2024-09-14T03:43:17.586+0000] {dag.py:3823} INFO - Setting next_dagrun for example_python_decorator to None, run_after=None
[2024-09-14T03:43:17.598+0000] {processor.py:183} INFO - Processing /home/airflow/.local/lib/python3.8/site-packages/airflow/example_dags/example_python_decorator.py took 0.048 seconds
[2024-09-14T03:43:47.627+0000] {processor.py:161} INFO - Started process (PID=5905) to work on /home/airflow/.local/lib/python3.8/site-packages/airflow/example_dags/example_python_decorator.py
[2024-09-14T03:43:47.628+0000] {processor.py:830} INFO - Processing file /home/airflow/.local/lib/python3.8/site-packages/airflow/example_dags/example_python_decorator.py for tasks to queue
[2024-09-14T03:43:47.628+0000] {logging_mixin.py:188} INFO - [2024-09-14T03:43:47.628+0000] {dagbag.py:538} INFO - Filling up the DagBag from /home/airflow/.local/lib/python3.8/site-packages/airflow/example_dags/example_python_decorator.py
[2024-09-14T03:43:47.636+0000] {processor.py:840} INFO - DAG(s) 'example_python_decorator' retrieved from /home/airflow/.local/lib/python3.8/site-packages/airflow/example_dags/example_python_decorator.py
[2024-09-14T03:43:47.654+0000] {logging_mixin.py:188} INFO - [2024-09-14T03:43:47.654+0000] {dag.py:3036} INFO - Sync 1 DAGs
[2024-09-14T03:43:47.661+0000] {logging_mixin.py:188} INFO - [2024-09-14T03:43:47.661+0000] {dag.py:3823} INFO - Setting next_dagrun for example_python_decorator to None, run_after=None
[2024-09-14T03:43:47.691+0000] {processor.py:183} INFO - Processing /home/airflow/.local/lib/python3.8/site-packages/airflow/example_dags/example_python_decorator.py took 0.066 seconds
[2024-09-14T03:44:18.030+0000] {processor.py:161} INFO - Started process (PID=6152) to work on /home/airflow/.local/lib/python3.8/site-packages/airflow/example_dags/example_python_decorator.py
[2024-09-14T03:44:18.031+0000] {processor.py:830} INFO - Processing file /home/airflow/.local/lib/python3.8/site-packages/airflow/example_dags/example_python_decorator.py for tasks to queue
[2024-09-14T03:44:18.032+0000] {logging_mixin.py:188} INFO - [2024-09-14T03:44:18.031+0000] {dagbag.py:538} INFO - Filling up the DagBag from /home/airflow/.local/lib/python3.8/site-packages/airflow/example_dags/example_python_decorator.py
[2024-09-14T03:44:18.040+0000] {processor.py:840} INFO - DAG(s) 'example_python_decorator' retrieved from /home/airflow/.local/lib/python3.8/site-packages/airflow/example_dags/example_python_decorator.py
[2024-09-14T03:44:18.054+0000] {logging_mixin.py:188} INFO - [2024-09-14T03:44:18.054+0000] {dag.py:3036} INFO - Sync 1 DAGs
[2024-09-14T03:44:18.061+0000] {logging_mixin.py:188} INFO - [2024-09-14T03:44:18.061+0000] {dag.py:3823} INFO - Setting next_dagrun for example_python_decorator to None, run_after=None
[2024-09-14T03:44:18.075+0000] {processor.py:183} INFO - Processing /home/airflow/.local/lib/python3.8/site-packages/airflow/example_dags/example_python_decorator.py took 0.047 seconds
[2024-09-14T03:44:48.843+0000] {processor.py:161} INFO - Started process (PID=6399) to work on /home/airflow/.local/lib/python3.8/site-packages/airflow/example_dags/example_python_decorator.py
[2024-09-14T03:44:48.844+0000] {processor.py:830} INFO - Processing file /home/airflow/.local/lib/python3.8/site-packages/airflow/example_dags/example_python_decorator.py for tasks to queue
[2024-09-14T03:44:48.844+0000] {logging_mixin.py:188} INFO - [2024-09-14T03:44:48.844+0000] {dagbag.py:538} INFO - Filling up the DagBag from /home/airflow/.local/lib/python3.8/site-packages/airflow/example_dags/example_python_decorator.py
[2024-09-14T03:44:48.852+0000] {processor.py:840} INFO - DAG(s) 'example_python_decorator' retrieved from /home/airflow/.local/lib/python3.8/site-packages/airflow/example_dags/example_python_decorator.py
[2024-09-14T03:44:48.867+0000] {logging_mixin.py:188} INFO - [2024-09-14T03:44:48.867+0000] {dag.py:3036} INFO - Sync 1 DAGs
[2024-09-14T03:44:48.874+0000] {logging_mixin.py:188} INFO - [2024-09-14T03:44:48.874+0000] {dag.py:3823} INFO - Setting next_dagrun for example_python_decorator to None, run_after=None
[2024-09-14T03:44:48.885+0000] {processor.py:183} INFO - Processing /home/airflow/.local/lib/python3.8/site-packages/airflow/example_dags/example_python_decorator.py took 0.044 seconds
[2024-09-14T03:45:18.905+0000] {processor.py:161} INFO - Started process (PID=6646) to work on /home/airflow/.local/lib/python3.8/site-packages/airflow/example_dags/example_python_decorator.py
[2024-09-14T03:45:18.906+0000] {processor.py:830} INFO - Processing file /home/airflow/.local/lib/python3.8/site-packages/airflow/example_dags/example_python_decorator.py for tasks to queue
[2024-09-14T03:45:18.906+0000] {logging_mixin.py:188} INFO - [2024-09-14T03:45:18.906+0000] {dagbag.py:538} INFO - Filling up the DagBag from /home/airflow/.local/lib/python3.8/site-packages/airflow/example_dags/example_python_decorator.py
[2024-09-14T03:45:18.914+0000] {processor.py:840} INFO - DAG(s) 'example_python_decorator' retrieved from /home/airflow/.local/lib/python3.8/site-packages/airflow/example_dags/example_python_decorator.py
[2024-09-14T03:45:18.929+0000] {logging_mixin.py:188} INFO - [2024-09-14T03:45:18.928+0000] {dag.py:3036} INFO - Sync 1 DAGs
[2024-09-14T03:45:18.935+0000] {logging_mixin.py:188} INFO - [2024-09-14T03:45:18.935+0000] {dag.py:3823} INFO - Setting next_dagrun for example_python_decorator to None, run_after=None
[2024-09-14T03:45:18.944+0000] {processor.py:183} INFO - Processing /home/airflow/.local/lib/python3.8/site-packages/airflow/example_dags/example_python_decorator.py took 0.042 seconds
[2024-09-14T03:45:49.172+0000] {processor.py:161} INFO - Started process (PID=6893) to work on /home/airflow/.local/lib/python3.8/site-packages/airflow/example_dags/example_python_decorator.py
[2024-09-14T03:45:49.173+0000] {processor.py:830} INFO - Processing file /home/airflow/.local/lib/python3.8/site-packages/airflow/example_dags/example_python_decorator.py for tasks to queue
[2024-09-14T03:45:49.174+0000] {logging_mixin.py:188} INFO - [2024-09-14T03:45:49.173+0000] {dagbag.py:538} INFO - Filling up the DagBag from /home/airflow/.local/lib/python3.8/site-packages/airflow/example_dags/example_python_decorator.py
[2024-09-14T03:45:49.181+0000] {processor.py:840} INFO - DAG(s) 'example_python_decorator' retrieved from /home/airflow/.local/lib/python3.8/site-packages/airflow/example_dags/example_python_decorator.py
[2024-09-14T03:45:49.197+0000] {logging_mixin.py:188} INFO - [2024-09-14T03:45:49.197+0000] {dag.py:3036} INFO - Sync 1 DAGs
[2024-09-14T03:45:49.204+0000] {logging_mixin.py:188} INFO - [2024-09-14T03:45:49.204+0000] {dag.py:3823} INFO - Setting next_dagrun for example_python_decorator to None, run_after=None
[2024-09-14T03:45:49.214+0000] {processor.py:183} INFO - Processing /home/airflow/.local/lib/python3.8/site-packages/airflow/example_dags/example_python_decorator.py took 0.044 seconds
[2024-09-14T03:46:19.924+0000] {processor.py:161} INFO - Started process (PID=7140) to work on /home/airflow/.local/lib/python3.8/site-packages/airflow/example_dags/example_python_decorator.py
[2024-09-14T03:46:19.925+0000] {processor.py:830} INFO - Processing file /home/airflow/.local/lib/python3.8/site-packages/airflow/example_dags/example_python_decorator.py for tasks to queue
[2024-09-14T03:46:19.925+0000] {logging_mixin.py:188} INFO - [2024-09-14T03:46:19.925+0000] {dagbag.py:538} INFO - Filling up the DagBag from /home/airflow/.local/lib/python3.8/site-packages/airflow/example_dags/example_python_decorator.py
[2024-09-14T03:46:19.934+0000] {processor.py:840} INFO - DAG(s) 'example_python_decorator' retrieved from /home/airflow/.local/lib/python3.8/site-packages/airflow/example_dags/example_python_decorator.py
[2024-09-14T03:46:19.955+0000] {logging_mixin.py:188} INFO - [2024-09-14T03:46:19.955+0000] {dag.py:3036} INFO - Sync 1 DAGs
[2024-09-14T03:46:19.963+0000] {logging_mixin.py:188} INFO - [2024-09-14T03:46:19.963+0000] {dag.py:3823} INFO - Setting next_dagrun for example_python_decorator to None, run_after=None
[2024-09-14T03:46:19.977+0000] {processor.py:183} INFO - Processing /home/airflow/.local/lib/python3.8/site-packages/airflow/example_dags/example_python_decorator.py took 0.055 seconds
[2024-09-14T03:46:50.104+0000] {processor.py:161} INFO - Started process (PID=7387) to work on /home/airflow/.local/lib/python3.8/site-packages/airflow/example_dags/example_python_decorator.py
[2024-09-14T03:46:50.105+0000] {processor.py:830} INFO - Processing file /home/airflow/.local/lib/python3.8/site-packages/airflow/example_dags/example_python_decorator.py for tasks to queue
[2024-09-14T03:46:50.106+0000] {logging_mixin.py:188} INFO - [2024-09-14T03:46:50.105+0000] {dagbag.py:538} INFO - Filling up the DagBag from /home/airflow/.local/lib/python3.8/site-packages/airflow/example_dags/example_python_decorator.py
[2024-09-14T03:46:50.113+0000] {processor.py:840} INFO - DAG(s) 'example_python_decorator' retrieved from /home/airflow/.local/lib/python3.8/site-packages/airflow/example_dags/example_python_decorator.py
[2024-09-14T03:46:50.126+0000] {logging_mixin.py:188} INFO - [2024-09-14T03:46:50.126+0000] {dag.py:3036} INFO - Sync 1 DAGs
[2024-09-14T03:46:50.133+0000] {logging_mixin.py:188} INFO - [2024-09-14T03:46:50.133+0000] {dag.py:3823} INFO - Setting next_dagrun for example_python_decorator to None, run_after=None
[2024-09-14T03:46:50.144+0000] {processor.py:183} INFO - Processing /home/airflow/.local/lib/python3.8/site-packages/airflow/example_dags/example_python_decorator.py took 0.042 seconds
