[2024-09-14T03:28:27.586+0000] {processor.py:161} INFO - Started process (PID=271) to work on /home/airflow/.local/lib/python3.8/site-packages/airflow/example_dags/example_short_circuit_operator.py
[2024-09-14T03:28:27.588+0000] {processor.py:830} INFO - Processing file /home/airflow/.local/lib/python3.8/site-packages/airflow/example_dags/example_short_circuit_operator.py for tasks to queue
[2024-09-14T03:28:27.589+0000] {logging_mixin.py:188} INFO - [2024-09-14T03:28:27.589+0000] {dagbag.py:538} INFO - Filling up the DagBag from /home/airflow/.local/lib/python3.8/site-packages/airflow/example_dags/example_short_circuit_operator.py
[2024-09-14T03:28:27.598+0000] {processor.py:840} INFO - DAG(s) 'example_short_circuit_operator' retrieved from /home/airflow/.local/lib/python3.8/site-packages/airflow/example_dags/example_short_circuit_operator.py
[2024-09-14T03:28:27.614+0000] {logging_mixin.py:188} INFO - [2024-09-14T03:28:27.614+0000] {dag.py:3036} INFO - Sync 1 DAGs
[2024-09-14T03:28:27.639+0000] {logging_mixin.py:188} INFO - [2024-09-14T03:28:27.639+0000] {dag.py:3823} INFO - Setting next_dagrun for example_short_circuit_operator to 2024-09-13 00:00:00+00:00, run_after=2024-09-14 00:00:00+00:00
[2024-09-14T03:28:27.662+0000] {processor.py:183} INFO - Processing /home/airflow/.local/lib/python3.8/site-packages/airflow/example_dags/example_short_circuit_operator.py took 0.080 seconds
[2024-09-14T03:28:57.829+0000] {processor.py:161} INFO - Started process (PID=518) to work on /home/airflow/.local/lib/python3.8/site-packages/airflow/example_dags/example_short_circuit_operator.py
[2024-09-14T03:28:57.830+0000] {processor.py:830} INFO - Processing file /home/airflow/.local/lib/python3.8/site-packages/airflow/example_dags/example_short_circuit_operator.py for tasks to queue
[2024-09-14T03:28:57.830+0000] {logging_mixin.py:188} INFO - [2024-09-14T03:28:57.830+0000] {dagbag.py:538} INFO - Filling up the DagBag from /home/airflow/.local/lib/python3.8/site-packages/airflow/example_dags/example_short_circuit_operator.py
[2024-09-14T03:28:57.836+0000] {processor.py:840} INFO - DAG(s) 'example_short_circuit_operator' retrieved from /home/airflow/.local/lib/python3.8/site-packages/airflow/example_dags/example_short_circuit_operator.py
[2024-09-14T03:28:57.849+0000] {logging_mixin.py:188} INFO - [2024-09-14T03:28:57.848+0000] {dag.py:3036} INFO - Sync 1 DAGs
[2024-09-14T03:28:57.861+0000] {logging_mixin.py:188} INFO - [2024-09-14T03:28:57.861+0000] {dag.py:3823} INFO - Setting next_dagrun for example_short_circuit_operator to 2024-09-13 00:00:00+00:00, run_after=2024-09-14 00:00:00+00:00
[2024-09-14T03:28:57.870+0000] {processor.py:183} INFO - Processing /home/airflow/.local/lib/python3.8/site-packages/airflow/example_dags/example_short_circuit_operator.py took 0.043 seconds
[2024-09-14T03:29:28.689+0000] {processor.py:161} INFO - Started process (PID=767) to work on /home/airflow/.local/lib/python3.8/site-packages/airflow/example_dags/example_short_circuit_operator.py
[2024-09-14T03:29:28.690+0000] {processor.py:830} INFO - Processing file /home/airflow/.local/lib/python3.8/site-packages/airflow/example_dags/example_short_circuit_operator.py for tasks to queue
[2024-09-14T03:29:28.691+0000] {logging_mixin.py:188} INFO - [2024-09-14T03:29:28.691+0000] {dagbag.py:538} INFO - Filling up the DagBag from /home/airflow/.local/lib/python3.8/site-packages/airflow/example_dags/example_short_circuit_operator.py
[2024-09-14T03:29:28.696+0000] {processor.py:840} INFO - DAG(s) 'example_short_circuit_operator' retrieved from /home/airflow/.local/lib/python3.8/site-packages/airflow/example_dags/example_short_circuit_operator.py
[2024-09-14T03:29:28.708+0000] {logging_mixin.py:188} INFO - [2024-09-14T03:29:28.708+0000] {dag.py:3036} INFO - Sync 1 DAGs
[2024-09-14T03:29:28.718+0000] {logging_mixin.py:188} INFO - [2024-09-14T03:29:28.718+0000] {dag.py:3823} INFO - Setting next_dagrun for example_short_circuit_operator to 2024-09-13 00:00:00+00:00, run_after=2024-09-14 00:00:00+00:00
[2024-09-14T03:29:28.727+0000] {processor.py:183} INFO - Processing /home/airflow/.local/lib/python3.8/site-packages/airflow/example_dags/example_short_circuit_operator.py took 0.040 seconds
[2024-09-14T03:29:59.416+0000] {processor.py:161} INFO - Started process (PID=1012) to work on /home/airflow/.local/lib/python3.8/site-packages/airflow/example_dags/example_short_circuit_operator.py
[2024-09-14T03:29:59.417+0000] {processor.py:830} INFO - Processing file /home/airflow/.local/lib/python3.8/site-packages/airflow/example_dags/example_short_circuit_operator.py for tasks to queue
[2024-09-14T03:29:59.417+0000] {logging_mixin.py:188} INFO - [2024-09-14T03:29:59.417+0000] {dagbag.py:538} INFO - Filling up the DagBag from /home/airflow/.local/lib/python3.8/site-packages/airflow/example_dags/example_short_circuit_operator.py
[2024-09-14T03:29:59.423+0000] {processor.py:840} INFO - DAG(s) 'example_short_circuit_operator' retrieved from /home/airflow/.local/lib/python3.8/site-packages/airflow/example_dags/example_short_circuit_operator.py
[2024-09-14T03:29:59.437+0000] {logging_mixin.py:188} INFO - [2024-09-14T03:29:59.437+0000] {dag.py:3036} INFO - Sync 1 DAGs
[2024-09-14T03:29:59.449+0000] {logging_mixin.py:188} INFO - [2024-09-14T03:29:59.449+0000] {dag.py:3823} INFO - Setting next_dagrun for example_short_circuit_operator to 2024-09-13 00:00:00+00:00, run_after=2024-09-14 00:00:00+00:00
[2024-09-14T03:29:59.459+0000] {processor.py:183} INFO - Processing /home/airflow/.local/lib/python3.8/site-packages/airflow/example_dags/example_short_circuit_operator.py took 0.045 seconds
[2024-09-14T03:30:30.184+0000] {processor.py:161} INFO - Started process (PID=1259) to work on /home/airflow/.local/lib/python3.8/site-packages/airflow/example_dags/example_short_circuit_operator.py
[2024-09-14T03:30:30.185+0000] {processor.py:830} INFO - Processing file /home/airflow/.local/lib/python3.8/site-packages/airflow/example_dags/example_short_circuit_operator.py for tasks to queue
[2024-09-14T03:30:30.185+0000] {logging_mixin.py:188} INFO - [2024-09-14T03:30:30.185+0000] {dagbag.py:538} INFO - Filling up the DagBag from /home/airflow/.local/lib/python3.8/site-packages/airflow/example_dags/example_short_circuit_operator.py
[2024-09-14T03:30:30.190+0000] {processor.py:840} INFO - DAG(s) 'example_short_circuit_operator' retrieved from /home/airflow/.local/lib/python3.8/site-packages/airflow/example_dags/example_short_circuit_operator.py
[2024-09-14T03:30:30.203+0000] {logging_mixin.py:188} INFO - [2024-09-14T03:30:30.203+0000] {dag.py:3036} INFO - Sync 1 DAGs
[2024-09-14T03:30:30.215+0000] {logging_mixin.py:188} INFO - [2024-09-14T03:30:30.215+0000] {dag.py:3823} INFO - Setting next_dagrun for example_short_circuit_operator to 2024-09-13 00:00:00+00:00, run_after=2024-09-14 00:00:00+00:00
[2024-09-14T03:30:30.226+0000] {processor.py:183} INFO - Processing /home/airflow/.local/lib/python3.8/site-packages/airflow/example_dags/example_short_circuit_operator.py took 0.043 seconds
[2024-09-14T03:31:00.953+0000] {processor.py:161} INFO - Started process (PID=1506) to work on /home/airflow/.local/lib/python3.8/site-packages/airflow/example_dags/example_short_circuit_operator.py
[2024-09-14T03:31:00.954+0000] {processor.py:830} INFO - Processing file /home/airflow/.local/lib/python3.8/site-packages/airflow/example_dags/example_short_circuit_operator.py for tasks to queue
[2024-09-14T03:31:00.955+0000] {logging_mixin.py:188} INFO - [2024-09-14T03:31:00.955+0000] {dagbag.py:538} INFO - Filling up the DagBag from /home/airflow/.local/lib/python3.8/site-packages/airflow/example_dags/example_short_circuit_operator.py
[2024-09-14T03:31:00.964+0000] {processor.py:840} INFO - DAG(s) 'example_short_circuit_operator' retrieved from /home/airflow/.local/lib/python3.8/site-packages/airflow/example_dags/example_short_circuit_operator.py
[2024-09-14T03:31:00.979+0000] {logging_mixin.py:188} INFO - [2024-09-14T03:31:00.979+0000] {dag.py:3036} INFO - Sync 1 DAGs
[2024-09-14T03:31:00.991+0000] {logging_mixin.py:188} INFO - [2024-09-14T03:31:00.991+0000] {dag.py:3823} INFO - Setting next_dagrun for example_short_circuit_operator to 2024-09-13 00:00:00+00:00, run_after=2024-09-14 00:00:00+00:00
[2024-09-14T03:31:01.002+0000] {processor.py:183} INFO - Processing /home/airflow/.local/lib/python3.8/site-packages/airflow/example_dags/example_short_circuit_operator.py took 0.052 seconds
[2024-09-14T03:31:31.804+0000] {processor.py:161} INFO - Started process (PID=1755) to work on /home/airflow/.local/lib/python3.8/site-packages/airflow/example_dags/example_short_circuit_operator.py
[2024-09-14T03:31:31.805+0000] {processor.py:830} INFO - Processing file /home/airflow/.local/lib/python3.8/site-packages/airflow/example_dags/example_short_circuit_operator.py for tasks to queue
[2024-09-14T03:31:31.806+0000] {logging_mixin.py:188} INFO - [2024-09-14T03:31:31.806+0000] {dagbag.py:538} INFO - Filling up the DagBag from /home/airflow/.local/lib/python3.8/site-packages/airflow/example_dags/example_short_circuit_operator.py
[2024-09-14T03:31:31.810+0000] {processor.py:840} INFO - DAG(s) 'example_short_circuit_operator' retrieved from /home/airflow/.local/lib/python3.8/site-packages/airflow/example_dags/example_short_circuit_operator.py
[2024-09-14T03:31:31.823+0000] {logging_mixin.py:188} INFO - [2024-09-14T03:31:31.823+0000] {dag.py:3036} INFO - Sync 1 DAGs
[2024-09-14T03:31:31.833+0000] {logging_mixin.py:188} INFO - [2024-09-14T03:31:31.833+0000] {dag.py:3823} INFO - Setting next_dagrun for example_short_circuit_operator to 2024-09-13 00:00:00+00:00, run_after=2024-09-14 00:00:00+00:00
[2024-09-14T03:31:31.842+0000] {processor.py:183} INFO - Processing /home/airflow/.local/lib/python3.8/site-packages/airflow/example_dags/example_short_circuit_operator.py took 0.040 seconds
[2024-09-14T03:32:02.728+0000] {processor.py:161} INFO - Started process (PID=2000) to work on /home/airflow/.local/lib/python3.8/site-packages/airflow/example_dags/example_short_circuit_operator.py
[2024-09-14T03:32:02.729+0000] {processor.py:830} INFO - Processing file /home/airflow/.local/lib/python3.8/site-packages/airflow/example_dags/example_short_circuit_operator.py for tasks to queue
[2024-09-14T03:32:02.730+0000] {logging_mixin.py:188} INFO - [2024-09-14T03:32:02.730+0000] {dagbag.py:538} INFO - Filling up the DagBag from /home/airflow/.local/lib/python3.8/site-packages/airflow/example_dags/example_short_circuit_operator.py
[2024-09-14T03:32:02.736+0000] {processor.py:840} INFO - DAG(s) 'example_short_circuit_operator' retrieved from /home/airflow/.local/lib/python3.8/site-packages/airflow/example_dags/example_short_circuit_operator.py
[2024-09-14T03:32:02.751+0000] {logging_mixin.py:188} INFO - [2024-09-14T03:32:02.751+0000] {dag.py:3036} INFO - Sync 1 DAGs
[2024-09-14T03:32:02.762+0000] {logging_mixin.py:188} INFO - [2024-09-14T03:32:02.762+0000] {dag.py:3823} INFO - Setting next_dagrun for example_short_circuit_operator to 2024-09-13 00:00:00+00:00, run_after=2024-09-14 00:00:00+00:00
[2024-09-14T03:32:02.772+0000] {processor.py:183} INFO - Processing /home/airflow/.local/lib/python3.8/site-packages/airflow/example_dags/example_short_circuit_operator.py took 0.046 seconds
[2024-09-14T03:32:33.335+0000] {processor.py:161} INFO - Started process (PID=2249) to work on /home/airflow/.local/lib/python3.8/site-packages/airflow/example_dags/example_short_circuit_operator.py
[2024-09-14T03:32:33.336+0000] {processor.py:830} INFO - Processing file /home/airflow/.local/lib/python3.8/site-packages/airflow/example_dags/example_short_circuit_operator.py for tasks to queue
[2024-09-14T03:32:33.336+0000] {logging_mixin.py:188} INFO - [2024-09-14T03:32:33.336+0000] {dagbag.py:538} INFO - Filling up the DagBag from /home/airflow/.local/lib/python3.8/site-packages/airflow/example_dags/example_short_circuit_operator.py
[2024-09-14T03:32:33.341+0000] {processor.py:840} INFO - DAG(s) 'example_short_circuit_operator' retrieved from /home/airflow/.local/lib/python3.8/site-packages/airflow/example_dags/example_short_circuit_operator.py
[2024-09-14T03:32:33.353+0000] {logging_mixin.py:188} INFO - [2024-09-14T03:32:33.353+0000] {dag.py:3036} INFO - Sync 1 DAGs
[2024-09-14T03:32:33.363+0000] {logging_mixin.py:188} INFO - [2024-09-14T03:32:33.363+0000] {dag.py:3823} INFO - Setting next_dagrun for example_short_circuit_operator to 2024-09-13 00:00:00+00:00, run_after=2024-09-14 00:00:00+00:00
[2024-09-14T03:32:33.386+0000] {processor.py:183} INFO - Processing /home/airflow/.local/lib/python3.8/site-packages/airflow/example_dags/example_short_circuit_operator.py took 0.053 seconds
[2024-09-14T03:33:04.122+0000] {processor.py:161} INFO - Started process (PID=2494) to work on /home/airflow/.local/lib/python3.8/site-packages/airflow/example_dags/example_short_circuit_operator.py
[2024-09-14T03:33:04.123+0000] {processor.py:830} INFO - Processing file /home/airflow/.local/lib/python3.8/site-packages/airflow/example_dags/example_short_circuit_operator.py for tasks to queue
[2024-09-14T03:33:04.124+0000] {logging_mixin.py:188} INFO - [2024-09-14T03:33:04.124+0000] {dagbag.py:538} INFO - Filling up the DagBag from /home/airflow/.local/lib/python3.8/site-packages/airflow/example_dags/example_short_circuit_operator.py
[2024-09-14T03:33:04.135+0000] {processor.py:840} INFO - DAG(s) 'example_short_circuit_operator' retrieved from /home/airflow/.local/lib/python3.8/site-packages/airflow/example_dags/example_short_circuit_operator.py
[2024-09-14T03:33:04.153+0000] {logging_mixin.py:188} INFO - [2024-09-14T03:33:04.152+0000] {dag.py:3036} INFO - Sync 1 DAGs
[2024-09-14T03:33:04.165+0000] {logging_mixin.py:188} INFO - [2024-09-14T03:33:04.165+0000] {dag.py:3823} INFO - Setting next_dagrun for example_short_circuit_operator to 2024-09-13 00:00:00+00:00, run_after=2024-09-14 00:00:00+00:00
[2024-09-14T03:33:04.204+0000] {processor.py:183} INFO - Processing /home/airflow/.local/lib/python3.8/site-packages/airflow/example_dags/example_short_circuit_operator.py took 0.084 seconds
[2024-09-14T03:33:34.846+0000] {processor.py:161} INFO - Started process (PID=2741) to work on /home/airflow/.local/lib/python3.8/site-packages/airflow/example_dags/example_short_circuit_operator.py
[2024-09-14T03:33:34.847+0000] {processor.py:830} INFO - Processing file /home/airflow/.local/lib/python3.8/site-packages/airflow/example_dags/example_short_circuit_operator.py for tasks to queue
[2024-09-14T03:33:34.847+0000] {logging_mixin.py:188} INFO - [2024-09-14T03:33:34.847+0000] {dagbag.py:538} INFO - Filling up the DagBag from /home/airflow/.local/lib/python3.8/site-packages/airflow/example_dags/example_short_circuit_operator.py
[2024-09-14T03:33:34.852+0000] {processor.py:840} INFO - DAG(s) 'example_short_circuit_operator' retrieved from /home/airflow/.local/lib/python3.8/site-packages/airflow/example_dags/example_short_circuit_operator.py
[2024-09-14T03:33:34.865+0000] {logging_mixin.py:188} INFO - [2024-09-14T03:33:34.865+0000] {dag.py:3036} INFO - Sync 1 DAGs
[2024-09-14T03:33:34.877+0000] {logging_mixin.py:188} INFO - [2024-09-14T03:33:34.876+0000] {dag.py:3823} INFO - Setting next_dagrun for example_short_circuit_operator to 2024-09-13 00:00:00+00:00, run_after=2024-09-14 00:00:00+00:00
[2024-09-14T03:33:34.886+0000] {processor.py:183} INFO - Processing /home/airflow/.local/lib/python3.8/site-packages/airflow/example_dags/example_short_circuit_operator.py took 0.042 seconds
[2024-09-14T03:34:05.671+0000] {processor.py:161} INFO - Started process (PID=2990) to work on /home/airflow/.local/lib/python3.8/site-packages/airflow/example_dags/example_short_circuit_operator.py
[2024-09-14T03:34:05.672+0000] {processor.py:830} INFO - Processing file /home/airflow/.local/lib/python3.8/site-packages/airflow/example_dags/example_short_circuit_operator.py for tasks to queue
[2024-09-14T03:34:05.673+0000] {logging_mixin.py:188} INFO - [2024-09-14T03:34:05.672+0000] {dagbag.py:538} INFO - Filling up the DagBag from /home/airflow/.local/lib/python3.8/site-packages/airflow/example_dags/example_short_circuit_operator.py
[2024-09-14T03:34:05.677+0000] {processor.py:840} INFO - DAG(s) 'example_short_circuit_operator' retrieved from /home/airflow/.local/lib/python3.8/site-packages/airflow/example_dags/example_short_circuit_operator.py
[2024-09-14T03:34:05.689+0000] {logging_mixin.py:188} INFO - [2024-09-14T03:34:05.689+0000] {dag.py:3036} INFO - Sync 1 DAGs
[2024-09-14T03:34:05.699+0000] {logging_mixin.py:188} INFO - [2024-09-14T03:34:05.699+0000] {dag.py:3823} INFO - Setting next_dagrun for example_short_circuit_operator to 2024-09-13 00:00:00+00:00, run_after=2024-09-14 00:00:00+00:00
[2024-09-14T03:34:05.708+0000] {processor.py:183} INFO - Processing /home/airflow/.local/lib/python3.8/site-packages/airflow/example_dags/example_short_circuit_operator.py took 0.038 seconds
[2024-09-14T03:34:47.909+0000] {processor.py:161} INFO - Started process (PID=3233) to work on /home/airflow/.local/lib/python3.8/site-packages/airflow/example_dags/example_short_circuit_operator.py
[2024-09-14T03:34:47.910+0000] {processor.py:830} INFO - Processing file /home/airflow/.local/lib/python3.8/site-packages/airflow/example_dags/example_short_circuit_operator.py for tasks to queue
[2024-09-14T03:34:47.910+0000] {logging_mixin.py:188} INFO - [2024-09-14T03:34:47.910+0000] {dagbag.py:538} INFO - Filling up the DagBag from /home/airflow/.local/lib/python3.8/site-packages/airflow/example_dags/example_short_circuit_operator.py
[2024-09-14T03:34:47.915+0000] {processor.py:840} INFO - DAG(s) 'example_short_circuit_operator' retrieved from /home/airflow/.local/lib/python3.8/site-packages/airflow/example_dags/example_short_circuit_operator.py
[2024-09-14T03:34:47.928+0000] {logging_mixin.py:188} INFO - [2024-09-14T03:34:47.928+0000] {dag.py:3036} INFO - Sync 1 DAGs
[2024-09-14T03:34:47.938+0000] {logging_mixin.py:188} INFO - [2024-09-14T03:34:47.938+0000] {dag.py:3823} INFO - Setting next_dagrun for example_short_circuit_operator to 2024-09-13 00:00:00+00:00, run_after=2024-09-14 00:00:00+00:00
[2024-09-14T03:34:47.947+0000] {processor.py:183} INFO - Processing /home/airflow/.local/lib/python3.8/site-packages/airflow/example_dags/example_short_circuit_operator.py took 0.040 seconds
[2024-09-14T03:38:42.201+0000] {processor.py:161} INFO - Started process (PID=3485) to work on /home/airflow/.local/lib/python3.8/site-packages/airflow/example_dags/example_short_circuit_operator.py
[2024-09-14T03:38:42.202+0000] {processor.py:830} INFO - Processing file /home/airflow/.local/lib/python3.8/site-packages/airflow/example_dags/example_short_circuit_operator.py for tasks to queue
[2024-09-14T03:38:42.202+0000] {logging_mixin.py:188} INFO - [2024-09-14T03:38:42.202+0000] {dagbag.py:538} INFO - Filling up the DagBag from /home/airflow/.local/lib/python3.8/site-packages/airflow/example_dags/example_short_circuit_operator.py
[2024-09-14T03:38:42.208+0000] {processor.py:840} INFO - DAG(s) 'example_short_circuit_operator' retrieved from /home/airflow/.local/lib/python3.8/site-packages/airflow/example_dags/example_short_circuit_operator.py
[2024-09-14T03:38:42.230+0000] {logging_mixin.py:188} INFO - [2024-09-14T03:38:42.229+0000] {dag.py:3036} INFO - Sync 1 DAGs
[2024-09-14T03:38:42.250+0000] {logging_mixin.py:188} INFO - [2024-09-14T03:38:42.250+0000] {dag.py:3823} INFO - Setting next_dagrun for example_short_circuit_operator to 2024-09-13 00:00:00+00:00, run_after=2024-09-14 00:00:00+00:00
[2024-09-14T03:38:42.261+0000] {processor.py:183} INFO - Processing /home/airflow/.local/lib/python3.8/site-packages/airflow/example_dags/example_short_circuit_operator.py took 0.065 seconds
[2024-09-14T03:39:12.318+0000] {processor.py:161} INFO - Started process (PID=3734) to work on /home/airflow/.local/lib/python3.8/site-packages/airflow/example_dags/example_short_circuit_operator.py
[2024-09-14T03:39:12.319+0000] {processor.py:830} INFO - Processing file /home/airflow/.local/lib/python3.8/site-packages/airflow/example_dags/example_short_circuit_operator.py for tasks to queue
[2024-09-14T03:39:12.319+0000] {logging_mixin.py:188} INFO - [2024-09-14T03:39:12.319+0000] {dagbag.py:538} INFO - Filling up the DagBag from /home/airflow/.local/lib/python3.8/site-packages/airflow/example_dags/example_short_circuit_operator.py
[2024-09-14T03:39:12.324+0000] {processor.py:840} INFO - DAG(s) 'example_short_circuit_operator' retrieved from /home/airflow/.local/lib/python3.8/site-packages/airflow/example_dags/example_short_circuit_operator.py
[2024-09-14T03:39:12.337+0000] {logging_mixin.py:188} INFO - [2024-09-14T03:39:12.337+0000] {dag.py:3036} INFO - Sync 1 DAGs
[2024-09-14T03:39:12.348+0000] {logging_mixin.py:188} INFO - [2024-09-14T03:39:12.347+0000] {dag.py:3823} INFO - Setting next_dagrun for example_short_circuit_operator to 2024-09-13 00:00:00+00:00, run_after=2024-09-14 00:00:00+00:00
[2024-09-14T03:39:12.356+0000] {processor.py:183} INFO - Processing /home/airflow/.local/lib/python3.8/site-packages/airflow/example_dags/example_short_circuit_operator.py took 0.040 seconds
[2024-09-14T03:39:43.259+0000] {processor.py:161} INFO - Started process (PID=3981) to work on /home/airflow/.local/lib/python3.8/site-packages/airflow/example_dags/example_short_circuit_operator.py
[2024-09-14T03:39:43.260+0000] {processor.py:830} INFO - Processing file /home/airflow/.local/lib/python3.8/site-packages/airflow/example_dags/example_short_circuit_operator.py for tasks to queue
[2024-09-14T03:39:43.260+0000] {logging_mixin.py:188} INFO - [2024-09-14T03:39:43.260+0000] {dagbag.py:538} INFO - Filling up the DagBag from /home/airflow/.local/lib/python3.8/site-packages/airflow/example_dags/example_short_circuit_operator.py
[2024-09-14T03:39:43.267+0000] {processor.py:840} INFO - DAG(s) 'example_short_circuit_operator' retrieved from /home/airflow/.local/lib/python3.8/site-packages/airflow/example_dags/example_short_circuit_operator.py
[2024-09-14T03:39:43.281+0000] {logging_mixin.py:188} INFO - [2024-09-14T03:39:43.281+0000] {dag.py:3036} INFO - Sync 1 DAGs
[2024-09-14T03:39:43.292+0000] {logging_mixin.py:188} INFO - [2024-09-14T03:39:43.292+0000] {dag.py:3823} INFO - Setting next_dagrun for example_short_circuit_operator to 2024-09-13 00:00:00+00:00, run_after=2024-09-14 00:00:00+00:00
[2024-09-14T03:39:43.301+0000] {processor.py:183} INFO - Processing /home/airflow/.local/lib/python3.8/site-packages/airflow/example_dags/example_short_circuit_operator.py took 0.044 seconds
[2024-09-14T03:40:14.025+0000] {processor.py:161} INFO - Started process (PID=4228) to work on /home/airflow/.local/lib/python3.8/site-packages/airflow/example_dags/example_short_circuit_operator.py
[2024-09-14T03:40:14.026+0000] {processor.py:830} INFO - Processing file /home/airflow/.local/lib/python3.8/site-packages/airflow/example_dags/example_short_circuit_operator.py for tasks to queue
[2024-09-14T03:40:14.027+0000] {logging_mixin.py:188} INFO - [2024-09-14T03:40:14.026+0000] {dagbag.py:538} INFO - Filling up the DagBag from /home/airflow/.local/lib/python3.8/site-packages/airflow/example_dags/example_short_circuit_operator.py
[2024-09-14T03:40:14.032+0000] {processor.py:840} INFO - DAG(s) 'example_short_circuit_operator' retrieved from /home/airflow/.local/lib/python3.8/site-packages/airflow/example_dags/example_short_circuit_operator.py
[2024-09-14T03:40:14.045+0000] {logging_mixin.py:188} INFO - [2024-09-14T03:40:14.044+0000] {dag.py:3036} INFO - Sync 1 DAGs
[2024-09-14T03:40:14.056+0000] {logging_mixin.py:188} INFO - [2024-09-14T03:40:14.056+0000] {dag.py:3823} INFO - Setting next_dagrun for example_short_circuit_operator to 2024-09-13 00:00:00+00:00, run_after=2024-09-14 00:00:00+00:00
[2024-09-14T03:40:14.067+0000] {processor.py:183} INFO - Processing /home/airflow/.local/lib/python3.8/site-packages/airflow/example_dags/example_short_circuit_operator.py took 0.044 seconds
[2024-09-14T03:40:44.850+0000] {processor.py:161} INFO - Started process (PID=4475) to work on /home/airflow/.local/lib/python3.8/site-packages/airflow/example_dags/example_short_circuit_operator.py
[2024-09-14T03:40:44.850+0000] {processor.py:830} INFO - Processing file /home/airflow/.local/lib/python3.8/site-packages/airflow/example_dags/example_short_circuit_operator.py for tasks to queue
[2024-09-14T03:40:44.851+0000] {logging_mixin.py:188} INFO - [2024-09-14T03:40:44.851+0000] {dagbag.py:538} INFO - Filling up the DagBag from /home/airflow/.local/lib/python3.8/site-packages/airflow/example_dags/example_short_circuit_operator.py
[2024-09-14T03:40:44.856+0000] {processor.py:840} INFO - DAG(s) 'example_short_circuit_operator' retrieved from /home/airflow/.local/lib/python3.8/site-packages/airflow/example_dags/example_short_circuit_operator.py
[2024-09-14T03:40:44.872+0000] {logging_mixin.py:188} INFO - [2024-09-14T03:40:44.872+0000] {dag.py:3036} INFO - Sync 1 DAGs
[2024-09-14T03:40:44.883+0000] {logging_mixin.py:188} INFO - [2024-09-14T03:40:44.883+0000] {dag.py:3823} INFO - Setting next_dagrun for example_short_circuit_operator to 2024-09-13 00:00:00+00:00, run_after=2024-09-14 00:00:00+00:00
[2024-09-14T03:40:44.892+0000] {processor.py:183} INFO - Processing /home/airflow/.local/lib/python3.8/site-packages/airflow/example_dags/example_short_circuit_operator.py took 0.045 seconds
[2024-09-14T03:41:15.558+0000] {processor.py:161} INFO - Started process (PID=4722) to work on /home/airflow/.local/lib/python3.8/site-packages/airflow/example_dags/example_short_circuit_operator.py
[2024-09-14T03:41:15.559+0000] {processor.py:830} INFO - Processing file /home/airflow/.local/lib/python3.8/site-packages/airflow/example_dags/example_short_circuit_operator.py for tasks to queue
[2024-09-14T03:41:15.559+0000] {logging_mixin.py:188} INFO - [2024-09-14T03:41:15.559+0000] {dagbag.py:538} INFO - Filling up the DagBag from /home/airflow/.local/lib/python3.8/site-packages/airflow/example_dags/example_short_circuit_operator.py
[2024-09-14T03:41:15.564+0000] {processor.py:840} INFO - DAG(s) 'example_short_circuit_operator' retrieved from /home/airflow/.local/lib/python3.8/site-packages/airflow/example_dags/example_short_circuit_operator.py
[2024-09-14T03:41:15.578+0000] {logging_mixin.py:188} INFO - [2024-09-14T03:41:15.578+0000] {dag.py:3036} INFO - Sync 1 DAGs
[2024-09-14T03:41:15.591+0000] {logging_mixin.py:188} INFO - [2024-09-14T03:41:15.591+0000] {dag.py:3823} INFO - Setting next_dagrun for example_short_circuit_operator to 2024-09-13 00:00:00+00:00, run_after=2024-09-14 00:00:00+00:00
[2024-09-14T03:41:15.600+0000] {processor.py:183} INFO - Processing /home/airflow/.local/lib/python3.8/site-packages/airflow/example_dags/example_short_circuit_operator.py took 0.044 seconds
[2024-09-14T03:41:46.378+0000] {processor.py:161} INFO - Started process (PID=4969) to work on /home/airflow/.local/lib/python3.8/site-packages/airflow/example_dags/example_short_circuit_operator.py
[2024-09-14T03:41:46.379+0000] {processor.py:830} INFO - Processing file /home/airflow/.local/lib/python3.8/site-packages/airflow/example_dags/example_short_circuit_operator.py for tasks to queue
[2024-09-14T03:41:46.379+0000] {logging_mixin.py:188} INFO - [2024-09-14T03:41:46.379+0000] {dagbag.py:538} INFO - Filling up the DagBag from /home/airflow/.local/lib/python3.8/site-packages/airflow/example_dags/example_short_circuit_operator.py
[2024-09-14T03:41:46.384+0000] {processor.py:840} INFO - DAG(s) 'example_short_circuit_operator' retrieved from /home/airflow/.local/lib/python3.8/site-packages/airflow/example_dags/example_short_circuit_operator.py
[2024-09-14T03:41:46.398+0000] {logging_mixin.py:188} INFO - [2024-09-14T03:41:46.398+0000] {dag.py:3036} INFO - Sync 1 DAGs
[2024-09-14T03:41:46.410+0000] {logging_mixin.py:188} INFO - [2024-09-14T03:41:46.409+0000] {dag.py:3823} INFO - Setting next_dagrun for example_short_circuit_operator to 2024-09-13 00:00:00+00:00, run_after=2024-09-14 00:00:00+00:00
[2024-09-14T03:41:46.419+0000] {processor.py:183} INFO - Processing /home/airflow/.local/lib/python3.8/site-packages/airflow/example_dags/example_short_circuit_operator.py took 0.043 seconds
[2024-09-14T03:42:16.588+0000] {processor.py:161} INFO - Started process (PID=5216) to work on /home/airflow/.local/lib/python3.8/site-packages/airflow/example_dags/example_short_circuit_operator.py
[2024-09-14T03:42:16.589+0000] {processor.py:830} INFO - Processing file /home/airflow/.local/lib/python3.8/site-packages/airflow/example_dags/example_short_circuit_operator.py for tasks to queue
[2024-09-14T03:42:16.589+0000] {logging_mixin.py:188} INFO - [2024-09-14T03:42:16.589+0000] {dagbag.py:538} INFO - Filling up the DagBag from /home/airflow/.local/lib/python3.8/site-packages/airflow/example_dags/example_short_circuit_operator.py
[2024-09-14T03:42:16.594+0000] {processor.py:840} INFO - DAG(s) 'example_short_circuit_operator' retrieved from /home/airflow/.local/lib/python3.8/site-packages/airflow/example_dags/example_short_circuit_operator.py
[2024-09-14T03:42:16.609+0000] {logging_mixin.py:188} INFO - [2024-09-14T03:42:16.609+0000] {dag.py:3036} INFO - Sync 1 DAGs
[2024-09-14T03:42:16.622+0000] {logging_mixin.py:188} INFO - [2024-09-14T03:42:16.622+0000] {dag.py:3823} INFO - Setting next_dagrun for example_short_circuit_operator to 2024-09-13 00:00:00+00:00, run_after=2024-09-14 00:00:00+00:00
[2024-09-14T03:42:16.634+0000] {processor.py:183} INFO - Processing /home/airflow/.local/lib/python3.8/site-packages/airflow/example_dags/example_short_circuit_operator.py took 0.048 seconds
[2024-09-14T03:42:47.289+0000] {processor.py:161} INFO - Started process (PID=5461) to work on /home/airflow/.local/lib/python3.8/site-packages/airflow/example_dags/example_short_circuit_operator.py
[2024-09-14T03:42:47.290+0000] {processor.py:830} INFO - Processing file /home/airflow/.local/lib/python3.8/site-packages/airflow/example_dags/example_short_circuit_operator.py for tasks to queue
[2024-09-14T03:42:47.291+0000] {logging_mixin.py:188} INFO - [2024-09-14T03:42:47.291+0000] {dagbag.py:538} INFO - Filling up the DagBag from /home/airflow/.local/lib/python3.8/site-packages/airflow/example_dags/example_short_circuit_operator.py
[2024-09-14T03:42:47.298+0000] {processor.py:840} INFO - DAG(s) 'example_short_circuit_operator' retrieved from /home/airflow/.local/lib/python3.8/site-packages/airflow/example_dags/example_short_circuit_operator.py
[2024-09-14T03:42:47.320+0000] {logging_mixin.py:188} INFO - [2024-09-14T03:42:47.319+0000] {dag.py:3036} INFO - Sync 1 DAGs
[2024-09-14T03:42:47.335+0000] {logging_mixin.py:188} INFO - [2024-09-14T03:42:47.334+0000] {dag.py:3823} INFO - Setting next_dagrun for example_short_circuit_operator to 2024-09-13 00:00:00+00:00, run_after=2024-09-14 00:00:00+00:00
[2024-09-14T03:42:47.349+0000] {processor.py:183} INFO - Processing /home/airflow/.local/lib/python3.8/site-packages/airflow/example_dags/example_short_circuit_operator.py took 0.062 seconds
[2024-09-14T03:43:17.890+0000] {processor.py:161} INFO - Started process (PID=5708) to work on /home/airflow/.local/lib/python3.8/site-packages/airflow/example_dags/example_short_circuit_operator.py
[2024-09-14T03:43:17.892+0000] {processor.py:830} INFO - Processing file /home/airflow/.local/lib/python3.8/site-packages/airflow/example_dags/example_short_circuit_operator.py for tasks to queue
[2024-09-14T03:43:17.892+0000] {logging_mixin.py:188} INFO - [2024-09-14T03:43:17.892+0000] {dagbag.py:538} INFO - Filling up the DagBag from /home/airflow/.local/lib/python3.8/site-packages/airflow/example_dags/example_short_circuit_operator.py
[2024-09-14T03:43:17.897+0000] {processor.py:840} INFO - DAG(s) 'example_short_circuit_operator' retrieved from /home/airflow/.local/lib/python3.8/site-packages/airflow/example_dags/example_short_circuit_operator.py
[2024-09-14T03:43:17.912+0000] {logging_mixin.py:188} INFO - [2024-09-14T03:43:17.912+0000] {dag.py:3036} INFO - Sync 1 DAGs
[2024-09-14T03:43:17.925+0000] {logging_mixin.py:188} INFO - [2024-09-14T03:43:17.925+0000] {dag.py:3823} INFO - Setting next_dagrun for example_short_circuit_operator to 2024-09-13 00:00:00+00:00, run_after=2024-09-14 00:00:00+00:00
[2024-09-14T03:43:17.937+0000] {processor.py:183} INFO - Processing /home/airflow/.local/lib/python3.8/site-packages/airflow/example_dags/example_short_circuit_operator.py took 0.049 seconds
[2024-09-14T03:43:48.017+0000] {processor.py:161} INFO - Started process (PID=5955) to work on /home/airflow/.local/lib/python3.8/site-packages/airflow/example_dags/example_short_circuit_operator.py
[2024-09-14T03:43:48.018+0000] {processor.py:830} INFO - Processing file /home/airflow/.local/lib/python3.8/site-packages/airflow/example_dags/example_short_circuit_operator.py for tasks to queue
[2024-09-14T03:43:48.018+0000] {logging_mixin.py:188} INFO - [2024-09-14T03:43:48.018+0000] {dagbag.py:538} INFO - Filling up the DagBag from /home/airflow/.local/lib/python3.8/site-packages/airflow/example_dags/example_short_circuit_operator.py
[2024-09-14T03:43:48.024+0000] {processor.py:840} INFO - DAG(s) 'example_short_circuit_operator' retrieved from /home/airflow/.local/lib/python3.8/site-packages/airflow/example_dags/example_short_circuit_operator.py
[2024-09-14T03:43:48.039+0000] {logging_mixin.py:188} INFO - [2024-09-14T03:43:48.039+0000] {dag.py:3036} INFO - Sync 1 DAGs
[2024-09-14T03:43:48.051+0000] {logging_mixin.py:188} INFO - [2024-09-14T03:43:48.050+0000] {dag.py:3823} INFO - Setting next_dagrun for example_short_circuit_operator to 2024-09-13 00:00:00+00:00, run_after=2024-09-14 00:00:00+00:00
[2024-09-14T03:43:48.060+0000] {processor.py:183} INFO - Processing /home/airflow/.local/lib/python3.8/site-packages/airflow/example_dags/example_short_circuit_operator.py took 0.046 seconds
[2024-09-14T03:44:18.381+0000] {processor.py:161} INFO - Started process (PID=6202) to work on /home/airflow/.local/lib/python3.8/site-packages/airflow/example_dags/example_short_circuit_operator.py
[2024-09-14T03:44:18.382+0000] {processor.py:830} INFO - Processing file /home/airflow/.local/lib/python3.8/site-packages/airflow/example_dags/example_short_circuit_operator.py for tasks to queue
[2024-09-14T03:44:18.383+0000] {logging_mixin.py:188} INFO - [2024-09-14T03:44:18.382+0000] {dagbag.py:538} INFO - Filling up the DagBag from /home/airflow/.local/lib/python3.8/site-packages/airflow/example_dags/example_short_circuit_operator.py
[2024-09-14T03:44:18.388+0000] {processor.py:840} INFO - DAG(s) 'example_short_circuit_operator' retrieved from /home/airflow/.local/lib/python3.8/site-packages/airflow/example_dags/example_short_circuit_operator.py
[2024-09-14T03:44:18.404+0000] {logging_mixin.py:188} INFO - [2024-09-14T03:44:18.404+0000] {dag.py:3036} INFO - Sync 1 DAGs
[2024-09-14T03:44:18.418+0000] {logging_mixin.py:188} INFO - [2024-09-14T03:44:18.418+0000] {dag.py:3823} INFO - Setting next_dagrun for example_short_circuit_operator to 2024-09-13 00:00:00+00:00, run_after=2024-09-14 00:00:00+00:00
[2024-09-14T03:44:18.430+0000] {processor.py:183} INFO - Processing /home/airflow/.local/lib/python3.8/site-packages/airflow/example_dags/example_short_circuit_operator.py took 0.052 seconds
[2024-09-14T03:44:49.141+0000] {processor.py:161} INFO - Started process (PID=6449) to work on /home/airflow/.local/lib/python3.8/site-packages/airflow/example_dags/example_short_circuit_operator.py
[2024-09-14T03:44:49.142+0000] {processor.py:830} INFO - Processing file /home/airflow/.local/lib/python3.8/site-packages/airflow/example_dags/example_short_circuit_operator.py for tasks to queue
[2024-09-14T03:44:49.142+0000] {logging_mixin.py:188} INFO - [2024-09-14T03:44:49.142+0000] {dagbag.py:538} INFO - Filling up the DagBag from /home/airflow/.local/lib/python3.8/site-packages/airflow/example_dags/example_short_circuit_operator.py
[2024-09-14T03:44:49.148+0000] {processor.py:840} INFO - DAG(s) 'example_short_circuit_operator' retrieved from /home/airflow/.local/lib/python3.8/site-packages/airflow/example_dags/example_short_circuit_operator.py
[2024-09-14T03:44:49.165+0000] {logging_mixin.py:188} INFO - [2024-09-14T03:44:49.165+0000] {dag.py:3036} INFO - Sync 1 DAGs
[2024-09-14T03:44:49.178+0000] {logging_mixin.py:188} INFO - [2024-09-14T03:44:49.178+0000] {dag.py:3823} INFO - Setting next_dagrun for example_short_circuit_operator to 2024-09-13 00:00:00+00:00, run_after=2024-09-14 00:00:00+00:00
[2024-09-14T03:44:49.193+0000] {processor.py:183} INFO - Processing /home/airflow/.local/lib/python3.8/site-packages/airflow/example_dags/example_short_circuit_operator.py took 0.054 seconds
[2024-09-14T03:45:19.495+0000] {processor.py:161} INFO - Started process (PID=6696) to work on /home/airflow/.local/lib/python3.8/site-packages/airflow/example_dags/example_short_circuit_operator.py
[2024-09-14T03:45:19.497+0000] {processor.py:830} INFO - Processing file /home/airflow/.local/lib/python3.8/site-packages/airflow/example_dags/example_short_circuit_operator.py for tasks to queue
[2024-09-14T03:45:19.497+0000] {logging_mixin.py:188} INFO - [2024-09-14T03:45:19.497+0000] {dagbag.py:538} INFO - Filling up the DagBag from /home/airflow/.local/lib/python3.8/site-packages/airflow/example_dags/example_short_circuit_operator.py
[2024-09-14T03:45:19.505+0000] {processor.py:840} INFO - DAG(s) 'example_short_circuit_operator' retrieved from /home/airflow/.local/lib/python3.8/site-packages/airflow/example_dags/example_short_circuit_operator.py
[2024-09-14T03:45:19.519+0000] {logging_mixin.py:188} INFO - [2024-09-14T03:45:19.519+0000] {dag.py:3036} INFO - Sync 1 DAGs
[2024-09-14T03:45:19.532+0000] {logging_mixin.py:188} INFO - [2024-09-14T03:45:19.532+0000] {dag.py:3823} INFO - Setting next_dagrun for example_short_circuit_operator to 2024-09-13 00:00:00+00:00, run_after=2024-09-14 00:00:00+00:00
[2024-09-14T03:45:19.543+0000] {processor.py:183} INFO - Processing /home/airflow/.local/lib/python3.8/site-packages/airflow/example_dags/example_short_circuit_operator.py took 0.051 seconds
[2024-09-14T03:45:50.524+0000] {processor.py:161} INFO - Started process (PID=6945) to work on /home/airflow/.local/lib/python3.8/site-packages/airflow/example_dags/example_short_circuit_operator.py
[2024-09-14T03:45:50.525+0000] {processor.py:830} INFO - Processing file /home/airflow/.local/lib/python3.8/site-packages/airflow/example_dags/example_short_circuit_operator.py for tasks to queue
[2024-09-14T03:45:50.525+0000] {logging_mixin.py:188} INFO - [2024-09-14T03:45:50.525+0000] {dagbag.py:538} INFO - Filling up the DagBag from /home/airflow/.local/lib/python3.8/site-packages/airflow/example_dags/example_short_circuit_operator.py
[2024-09-14T03:45:50.531+0000] {processor.py:840} INFO - DAG(s) 'example_short_circuit_operator' retrieved from /home/airflow/.local/lib/python3.8/site-packages/airflow/example_dags/example_short_circuit_operator.py
[2024-09-14T03:45:50.548+0000] {logging_mixin.py:188} INFO - [2024-09-14T03:45:50.547+0000] {dag.py:3036} INFO - Sync 1 DAGs
[2024-09-14T03:45:50.561+0000] {logging_mixin.py:188} INFO - [2024-09-14T03:45:50.561+0000] {dag.py:3823} INFO - Setting next_dagrun for example_short_circuit_operator to 2024-09-13 00:00:00+00:00, run_after=2024-09-14 00:00:00+00:00
[2024-09-14T03:45:50.573+0000] {processor.py:183} INFO - Processing /home/airflow/.local/lib/python3.8/site-packages/airflow/example_dags/example_short_circuit_operator.py took 0.052 seconds
[2024-09-14T03:46:21.347+0000] {processor.py:161} INFO - Started process (PID=7192) to work on /home/airflow/.local/lib/python3.8/site-packages/airflow/example_dags/example_short_circuit_operator.py
[2024-09-14T03:46:21.348+0000] {processor.py:830} INFO - Processing file /home/airflow/.local/lib/python3.8/site-packages/airflow/example_dags/example_short_circuit_operator.py for tasks to queue
[2024-09-14T03:46:21.349+0000] {logging_mixin.py:188} INFO - [2024-09-14T03:46:21.349+0000] {dagbag.py:538} INFO - Filling up the DagBag from /home/airflow/.local/lib/python3.8/site-packages/airflow/example_dags/example_short_circuit_operator.py
[2024-09-14T03:46:21.355+0000] {processor.py:840} INFO - DAG(s) 'example_short_circuit_operator' retrieved from /home/airflow/.local/lib/python3.8/site-packages/airflow/example_dags/example_short_circuit_operator.py
[2024-09-14T03:46:21.371+0000] {logging_mixin.py:188} INFO - [2024-09-14T03:46:21.371+0000] {dag.py:3036} INFO - Sync 1 DAGs
[2024-09-14T03:46:21.385+0000] {logging_mixin.py:188} INFO - [2024-09-14T03:46:21.384+0000] {dag.py:3823} INFO - Setting next_dagrun for example_short_circuit_operator to 2024-09-13 00:00:00+00:00, run_after=2024-09-14 00:00:00+00:00
[2024-09-14T03:46:21.396+0000] {processor.py:183} INFO - Processing /home/airflow/.local/lib/python3.8/site-packages/airflow/example_dags/example_short_circuit_operator.py took 0.051 seconds
[2024-09-14T03:46:51.526+0000] {processor.py:161} INFO - Started process (PID=7439) to work on /home/airflow/.local/lib/python3.8/site-packages/airflow/example_dags/example_short_circuit_operator.py
[2024-09-14T03:46:51.527+0000] {processor.py:830} INFO - Processing file /home/airflow/.local/lib/python3.8/site-packages/airflow/example_dags/example_short_circuit_operator.py for tasks to queue
[2024-09-14T03:46:51.528+0000] {logging_mixin.py:188} INFO - [2024-09-14T03:46:51.528+0000] {dagbag.py:538} INFO - Filling up the DagBag from /home/airflow/.local/lib/python3.8/site-packages/airflow/example_dags/example_short_circuit_operator.py
[2024-09-14T03:46:51.533+0000] {processor.py:840} INFO - DAG(s) 'example_short_circuit_operator' retrieved from /home/airflow/.local/lib/python3.8/site-packages/airflow/example_dags/example_short_circuit_operator.py
[2024-09-14T03:46:51.548+0000] {logging_mixin.py:188} INFO - [2024-09-14T03:46:51.547+0000] {dag.py:3036} INFO - Sync 1 DAGs
[2024-09-14T03:46:51.566+0000] {logging_mixin.py:188} INFO - [2024-09-14T03:46:51.566+0000] {dag.py:3823} INFO - Setting next_dagrun for example_short_circuit_operator to 2024-09-13 00:00:00+00:00, run_after=2024-09-14 00:00:00+00:00
[2024-09-14T03:46:51.577+0000] {processor.py:183} INFO - Processing /home/airflow/.local/lib/python3.8/site-packages/airflow/example_dags/example_short_circuit_operator.py took 0.053 seconds
