[2024-09-14T03:28:28.820+0000] {processor.py:161} INFO - Started process (PID=383) to work on /home/airflow/.local/lib/python3.8/site-packages/airflow/example_dags/example_branch_datetime_operator.py
[2024-09-14T03:28:28.821+0000] {processor.py:830} INFO - Processing file /home/airflow/.local/lib/python3.8/site-packages/airflow/example_dags/example_branch_datetime_operator.py for tasks to queue
[2024-09-14T03:28:28.823+0000] {logging_mixin.py:188} INFO - [2024-09-14T03:28:28.822+0000] {dagbag.py:538} INFO - Filling up the DagBag from /home/airflow/.local/lib/python3.8/site-packages/airflow/example_dags/example_branch_datetime_operator.py
[2024-09-14T03:28:28.832+0000] {processor.py:840} INFO - DAG(s) 'example_branch_datetime_operator_3', 'example_branch_datetime_operator_2', 'example_branch_datetime_operator' retrieved from /home/airflow/.local/lib/python3.8/site-packages/airflow/example_dags/example_branch_datetime_operator.py
[2024-09-14T03:28:28.864+0000] {logging_mixin.py:188} INFO - [2024-09-14T03:28:28.863+0000] {dag.py:3036} INFO - Sync 3 DAGs
[2024-09-14T03:28:28.892+0000] {logging_mixin.py:188} INFO - [2024-09-14T03:28:28.892+0000] {dag.py:3823} INFO - Setting next_dagrun for example_branch_datetime_operator to 2024-09-13 00:00:00+00:00, run_after=2024-09-14 00:00:00+00:00
[2024-09-14T03:28:28.898+0000] {logging_mixin.py:188} INFO - [2024-09-14T03:28:28.898+0000] {dag.py:3823} INFO - Setting next_dagrun for example_branch_datetime_operator_2 to 2024-09-13 00:00:00+00:00, run_after=2024-09-14 00:00:00+00:00
[2024-09-14T03:28:28.900+0000] {logging_mixin.py:188} INFO - [2024-09-14T03:28:28.900+0000] {dag.py:3823} INFO - Setting next_dagrun for example_branch_datetime_operator_3 to 2024-09-13 00:00:00+00:00, run_after=2024-09-14 00:00:00+00:00
[2024-09-14T03:28:28.920+0000] {processor.py:183} INFO - Processing /home/airflow/.local/lib/python3.8/site-packages/airflow/example_dags/example_branch_datetime_operator.py took 0.102 seconds
[2024-09-14T03:28:59.681+0000] {processor.py:161} INFO - Started process (PID=628) to work on /home/airflow/.local/lib/python3.8/site-packages/airflow/example_dags/example_branch_datetime_operator.py
[2024-09-14T03:28:59.682+0000] {processor.py:830} INFO - Processing file /home/airflow/.local/lib/python3.8/site-packages/airflow/example_dags/example_branch_datetime_operator.py for tasks to queue
[2024-09-14T03:28:59.683+0000] {logging_mixin.py:188} INFO - [2024-09-14T03:28:59.682+0000] {dagbag.py:538} INFO - Filling up the DagBag from /home/airflow/.local/lib/python3.8/site-packages/airflow/example_dags/example_branch_datetime_operator.py
[2024-09-14T03:28:59.688+0000] {processor.py:840} INFO - DAG(s) 'example_branch_datetime_operator', 'example_branch_datetime_operator_2', 'example_branch_datetime_operator_3' retrieved from /home/airflow/.local/lib/python3.8/site-packages/airflow/example_dags/example_branch_datetime_operator.py
[2024-09-14T03:28:59.705+0000] {logging_mixin.py:188} INFO - [2024-09-14T03:28:59.704+0000] {dag.py:3036} INFO - Sync 3 DAGs
[2024-09-14T03:28:59.717+0000] {logging_mixin.py:188} INFO - [2024-09-14T03:28:59.717+0000] {dag.py:3823} INFO - Setting next_dagrun for example_branch_datetime_operator to 2024-09-13 00:00:00+00:00, run_after=2024-09-14 00:00:00+00:00
[2024-09-14T03:28:59.720+0000] {logging_mixin.py:188} INFO - [2024-09-14T03:28:59.720+0000] {dag.py:3823} INFO - Setting next_dagrun for example_branch_datetime_operator_2 to 2024-09-13 00:00:00+00:00, run_after=2024-09-14 00:00:00+00:00
[2024-09-14T03:28:59.722+0000] {logging_mixin.py:188} INFO - [2024-09-14T03:28:59.721+0000] {dag.py:3823} INFO - Setting next_dagrun for example_branch_datetime_operator_3 to 2024-09-13 00:00:00+00:00, run_after=2024-09-14 00:00:00+00:00
[2024-09-14T03:28:59.731+0000] {processor.py:183} INFO - Processing /home/airflow/.local/lib/python3.8/site-packages/airflow/example_dags/example_branch_datetime_operator.py took 0.052 seconds
[2024-09-14T03:29:30.466+0000] {processor.py:161} INFO - Started process (PID=875) to work on /home/airflow/.local/lib/python3.8/site-packages/airflow/example_dags/example_branch_datetime_operator.py
[2024-09-14T03:29:30.467+0000] {processor.py:830} INFO - Processing file /home/airflow/.local/lib/python3.8/site-packages/airflow/example_dags/example_branch_datetime_operator.py for tasks to queue
[2024-09-14T03:29:30.468+0000] {logging_mixin.py:188} INFO - [2024-09-14T03:29:30.468+0000] {dagbag.py:538} INFO - Filling up the DagBag from /home/airflow/.local/lib/python3.8/site-packages/airflow/example_dags/example_branch_datetime_operator.py
[2024-09-14T03:29:30.475+0000] {processor.py:840} INFO - DAG(s) 'example_branch_datetime_operator_2', 'example_branch_datetime_operator_3', 'example_branch_datetime_operator' retrieved from /home/airflow/.local/lib/python3.8/site-packages/airflow/example_dags/example_branch_datetime_operator.py
[2024-09-14T03:29:30.494+0000] {logging_mixin.py:188} INFO - [2024-09-14T03:29:30.494+0000] {dag.py:3036} INFO - Sync 3 DAGs
[2024-09-14T03:29:30.509+0000] {logging_mixin.py:188} INFO - [2024-09-14T03:29:30.509+0000] {dag.py:3823} INFO - Setting next_dagrun for example_branch_datetime_operator to 2024-09-13 00:00:00+00:00, run_after=2024-09-14 00:00:00+00:00
[2024-09-14T03:29:30.512+0000] {logging_mixin.py:188} INFO - [2024-09-14T03:29:30.511+0000] {dag.py:3823} INFO - Setting next_dagrun for example_branch_datetime_operator_2 to 2024-09-13 00:00:00+00:00, run_after=2024-09-14 00:00:00+00:00
[2024-09-14T03:29:30.513+0000] {logging_mixin.py:188} INFO - [2024-09-14T03:29:30.513+0000] {dag.py:3823} INFO - Setting next_dagrun for example_branch_datetime_operator_3 to 2024-09-13 00:00:00+00:00, run_after=2024-09-14 00:00:00+00:00
[2024-09-14T03:29:30.523+0000] {processor.py:183} INFO - Processing /home/airflow/.local/lib/python3.8/site-packages/airflow/example_dags/example_branch_datetime_operator.py took 0.059 seconds
[2024-09-14T03:30:01.204+0000] {processor.py:161} INFO - Started process (PID=1122) to work on /home/airflow/.local/lib/python3.8/site-packages/airflow/example_dags/example_branch_datetime_operator.py
[2024-09-14T03:30:01.205+0000] {processor.py:830} INFO - Processing file /home/airflow/.local/lib/python3.8/site-packages/airflow/example_dags/example_branch_datetime_operator.py for tasks to queue
[2024-09-14T03:30:01.206+0000] {logging_mixin.py:188} INFO - [2024-09-14T03:30:01.206+0000] {dagbag.py:538} INFO - Filling up the DagBag from /home/airflow/.local/lib/python3.8/site-packages/airflow/example_dags/example_branch_datetime_operator.py
[2024-09-14T03:30:01.213+0000] {processor.py:840} INFO - DAG(s) 'example_branch_datetime_operator_2', 'example_branch_datetime_operator', 'example_branch_datetime_operator_3' retrieved from /home/airflow/.local/lib/python3.8/site-packages/airflow/example_dags/example_branch_datetime_operator.py
[2024-09-14T03:30:01.230+0000] {logging_mixin.py:188} INFO - [2024-09-14T03:30:01.230+0000] {dag.py:3036} INFO - Sync 3 DAGs
[2024-09-14T03:30:01.244+0000] {logging_mixin.py:188} INFO - [2024-09-14T03:30:01.244+0000] {dag.py:3823} INFO - Setting next_dagrun for example_branch_datetime_operator to 2024-09-13 00:00:00+00:00, run_after=2024-09-14 00:00:00+00:00
[2024-09-14T03:30:01.246+0000] {logging_mixin.py:188} INFO - [2024-09-14T03:30:01.246+0000] {dag.py:3823} INFO - Setting next_dagrun for example_branch_datetime_operator_2 to 2024-09-13 00:00:00+00:00, run_after=2024-09-14 00:00:00+00:00
[2024-09-14T03:30:01.248+0000] {logging_mixin.py:188} INFO - [2024-09-14T03:30:01.248+0000] {dag.py:3823} INFO - Setting next_dagrun for example_branch_datetime_operator_3 to 2024-09-13 00:00:00+00:00, run_after=2024-09-14 00:00:00+00:00
[2024-09-14T03:30:01.258+0000] {processor.py:183} INFO - Processing /home/airflow/.local/lib/python3.8/site-packages/airflow/example_dags/example_branch_datetime_operator.py took 0.056 seconds
[2024-09-14T03:30:31.948+0000] {processor.py:161} INFO - Started process (PID=1369) to work on /home/airflow/.local/lib/python3.8/site-packages/airflow/example_dags/example_branch_datetime_operator.py
[2024-09-14T03:30:31.949+0000] {processor.py:830} INFO - Processing file /home/airflow/.local/lib/python3.8/site-packages/airflow/example_dags/example_branch_datetime_operator.py for tasks to queue
[2024-09-14T03:30:31.949+0000] {logging_mixin.py:188} INFO - [2024-09-14T03:30:31.949+0000] {dagbag.py:538} INFO - Filling up the DagBag from /home/airflow/.local/lib/python3.8/site-packages/airflow/example_dags/example_branch_datetime_operator.py
[2024-09-14T03:30:31.955+0000] {processor.py:840} INFO - DAG(s) 'example_branch_datetime_operator', 'example_branch_datetime_operator_2', 'example_branch_datetime_operator_3' retrieved from /home/airflow/.local/lib/python3.8/site-packages/airflow/example_dags/example_branch_datetime_operator.py
[2024-09-14T03:30:31.971+0000] {logging_mixin.py:188} INFO - [2024-09-14T03:30:31.970+0000] {dag.py:3036} INFO - Sync 3 DAGs
[2024-09-14T03:30:31.984+0000] {logging_mixin.py:188} INFO - [2024-09-14T03:30:31.983+0000] {dag.py:3823} INFO - Setting next_dagrun for example_branch_datetime_operator to 2024-09-13 00:00:00+00:00, run_after=2024-09-14 00:00:00+00:00
[2024-09-14T03:30:31.986+0000] {logging_mixin.py:188} INFO - [2024-09-14T03:30:31.986+0000] {dag.py:3823} INFO - Setting next_dagrun for example_branch_datetime_operator_2 to 2024-09-13 00:00:00+00:00, run_after=2024-09-14 00:00:00+00:00
[2024-09-14T03:30:31.988+0000] {logging_mixin.py:188} INFO - [2024-09-14T03:30:31.988+0000] {dag.py:3823} INFO - Setting next_dagrun for example_branch_datetime_operator_3 to 2024-09-13 00:00:00+00:00, run_after=2024-09-14 00:00:00+00:00
[2024-09-14T03:30:31.997+0000] {processor.py:183} INFO - Processing /home/airflow/.local/lib/python3.8/site-packages/airflow/example_dags/example_branch_datetime_operator.py took 0.051 seconds
[2024-09-14T03:31:02.769+0000] {processor.py:161} INFO - Started process (PID=1616) to work on /home/airflow/.local/lib/python3.8/site-packages/airflow/example_dags/example_branch_datetime_operator.py
[2024-09-14T03:31:02.770+0000] {processor.py:830} INFO - Processing file /home/airflow/.local/lib/python3.8/site-packages/airflow/example_dags/example_branch_datetime_operator.py for tasks to queue
[2024-09-14T03:31:02.771+0000] {logging_mixin.py:188} INFO - [2024-09-14T03:31:02.771+0000] {dagbag.py:538} INFO - Filling up the DagBag from /home/airflow/.local/lib/python3.8/site-packages/airflow/example_dags/example_branch_datetime_operator.py
[2024-09-14T03:31:02.777+0000] {processor.py:840} INFO - DAG(s) 'example_branch_datetime_operator_3', 'example_branch_datetime_operator', 'example_branch_datetime_operator_2' retrieved from /home/airflow/.local/lib/python3.8/site-packages/airflow/example_dags/example_branch_datetime_operator.py
[2024-09-14T03:31:02.797+0000] {logging_mixin.py:188} INFO - [2024-09-14T03:31:02.797+0000] {dag.py:3036} INFO - Sync 3 DAGs
[2024-09-14T03:31:02.809+0000] {logging_mixin.py:188} INFO - [2024-09-14T03:31:02.809+0000] {dag.py:3823} INFO - Setting next_dagrun for example_branch_datetime_operator to 2024-09-13 00:00:00+00:00, run_after=2024-09-14 00:00:00+00:00
[2024-09-14T03:31:02.812+0000] {logging_mixin.py:188} INFO - [2024-09-14T03:31:02.812+0000] {dag.py:3823} INFO - Setting next_dagrun for example_branch_datetime_operator_2 to 2024-09-13 00:00:00+00:00, run_after=2024-09-14 00:00:00+00:00
[2024-09-14T03:31:02.815+0000] {logging_mixin.py:188} INFO - [2024-09-14T03:31:02.815+0000] {dag.py:3823} INFO - Setting next_dagrun for example_branch_datetime_operator_3 to 2024-09-13 00:00:00+00:00, run_after=2024-09-14 00:00:00+00:00
[2024-09-14T03:31:02.823+0000] {processor.py:183} INFO - Processing /home/airflow/.local/lib/python3.8/site-packages/airflow/example_dags/example_branch_datetime_operator.py took 0.057 seconds
[2024-09-14T03:31:33.722+0000] {processor.py:161} INFO - Started process (PID=1863) to work on /home/airflow/.local/lib/python3.8/site-packages/airflow/example_dags/example_branch_datetime_operator.py
[2024-09-14T03:31:33.723+0000] {processor.py:830} INFO - Processing file /home/airflow/.local/lib/python3.8/site-packages/airflow/example_dags/example_branch_datetime_operator.py for tasks to queue
[2024-09-14T03:31:33.724+0000] {logging_mixin.py:188} INFO - [2024-09-14T03:31:33.723+0000] {dagbag.py:538} INFO - Filling up the DagBag from /home/airflow/.local/lib/python3.8/site-packages/airflow/example_dags/example_branch_datetime_operator.py
[2024-09-14T03:31:33.729+0000] {processor.py:840} INFO - DAG(s) 'example_branch_datetime_operator_3', 'example_branch_datetime_operator', 'example_branch_datetime_operator_2' retrieved from /home/airflow/.local/lib/python3.8/site-packages/airflow/example_dags/example_branch_datetime_operator.py
[2024-09-14T03:31:33.747+0000] {logging_mixin.py:188} INFO - [2024-09-14T03:31:33.747+0000] {dag.py:3036} INFO - Sync 3 DAGs
[2024-09-14T03:31:33.760+0000] {logging_mixin.py:188} INFO - [2024-09-14T03:31:33.760+0000] {dag.py:3823} INFO - Setting next_dagrun for example_branch_datetime_operator to 2024-09-13 00:00:00+00:00, run_after=2024-09-14 00:00:00+00:00
[2024-09-14T03:31:33.763+0000] {logging_mixin.py:188} INFO - [2024-09-14T03:31:33.763+0000] {dag.py:3823} INFO - Setting next_dagrun for example_branch_datetime_operator_2 to 2024-09-13 00:00:00+00:00, run_after=2024-09-14 00:00:00+00:00
[2024-09-14T03:31:33.765+0000] {logging_mixin.py:188} INFO - [2024-09-14T03:31:33.765+0000] {dag.py:3823} INFO - Setting next_dagrun for example_branch_datetime_operator_3 to 2024-09-13 00:00:00+00:00, run_after=2024-09-14 00:00:00+00:00
[2024-09-14T03:31:33.775+0000] {processor.py:183} INFO - Processing /home/airflow/.local/lib/python3.8/site-packages/airflow/example_dags/example_branch_datetime_operator.py took 0.055 seconds
[2024-09-14T03:32:04.413+0000] {processor.py:161} INFO - Started process (PID=2110) to work on /home/airflow/.local/lib/python3.8/site-packages/airflow/example_dags/example_branch_datetime_operator.py
[2024-09-14T03:32:04.414+0000] {processor.py:830} INFO - Processing file /home/airflow/.local/lib/python3.8/site-packages/airflow/example_dags/example_branch_datetime_operator.py for tasks to queue
[2024-09-14T03:32:04.414+0000] {logging_mixin.py:188} INFO - [2024-09-14T03:32:04.414+0000] {dagbag.py:538} INFO - Filling up the DagBag from /home/airflow/.local/lib/python3.8/site-packages/airflow/example_dags/example_branch_datetime_operator.py
[2024-09-14T03:32:04.419+0000] {processor.py:840} INFO - DAG(s) 'example_branch_datetime_operator_2', 'example_branch_datetime_operator', 'example_branch_datetime_operator_3' retrieved from /home/airflow/.local/lib/python3.8/site-packages/airflow/example_dags/example_branch_datetime_operator.py
[2024-09-14T03:32:04.436+0000] {logging_mixin.py:188} INFO - [2024-09-14T03:32:04.436+0000] {dag.py:3036} INFO - Sync 3 DAGs
[2024-09-14T03:32:04.448+0000] {logging_mixin.py:188} INFO - [2024-09-14T03:32:04.448+0000] {dag.py:3823} INFO - Setting next_dagrun for example_branch_datetime_operator to 2024-09-13 00:00:00+00:00, run_after=2024-09-14 00:00:00+00:00
[2024-09-14T03:32:04.451+0000] {logging_mixin.py:188} INFO - [2024-09-14T03:32:04.451+0000] {dag.py:3823} INFO - Setting next_dagrun for example_branch_datetime_operator_2 to 2024-09-13 00:00:00+00:00, run_after=2024-09-14 00:00:00+00:00
[2024-09-14T03:32:04.453+0000] {logging_mixin.py:188} INFO - [2024-09-14T03:32:04.453+0000] {dag.py:3823} INFO - Setting next_dagrun for example_branch_datetime_operator_3 to 2024-09-13 00:00:00+00:00, run_after=2024-09-14 00:00:00+00:00
[2024-09-14T03:32:04.461+0000] {processor.py:183} INFO - Processing /home/airflow/.local/lib/python3.8/site-packages/airflow/example_dags/example_branch_datetime_operator.py took 0.051 seconds
[2024-09-14T03:32:35.168+0000] {processor.py:161} INFO - Started process (PID=2357) to work on /home/airflow/.local/lib/python3.8/site-packages/airflow/example_dags/example_branch_datetime_operator.py
[2024-09-14T03:32:35.169+0000] {processor.py:830} INFO - Processing file /home/airflow/.local/lib/python3.8/site-packages/airflow/example_dags/example_branch_datetime_operator.py for tasks to queue
[2024-09-14T03:32:35.169+0000] {logging_mixin.py:188} INFO - [2024-09-14T03:32:35.169+0000] {dagbag.py:538} INFO - Filling up the DagBag from /home/airflow/.local/lib/python3.8/site-packages/airflow/example_dags/example_branch_datetime_operator.py
[2024-09-14T03:32:35.175+0000] {processor.py:840} INFO - DAG(s) 'example_branch_datetime_operator_2', 'example_branch_datetime_operator_3', 'example_branch_datetime_operator' retrieved from /home/airflow/.local/lib/python3.8/site-packages/airflow/example_dags/example_branch_datetime_operator.py
[2024-09-14T03:32:35.190+0000] {logging_mixin.py:188} INFO - [2024-09-14T03:32:35.190+0000] {dag.py:3036} INFO - Sync 3 DAGs
[2024-09-14T03:32:35.204+0000] {logging_mixin.py:188} INFO - [2024-09-14T03:32:35.204+0000] {dag.py:3823} INFO - Setting next_dagrun for example_branch_datetime_operator to 2024-09-13 00:00:00+00:00, run_after=2024-09-14 00:00:00+00:00
[2024-09-14T03:32:35.207+0000] {logging_mixin.py:188} INFO - [2024-09-14T03:32:35.207+0000] {dag.py:3823} INFO - Setting next_dagrun for example_branch_datetime_operator_2 to 2024-09-13 00:00:00+00:00, run_after=2024-09-14 00:00:00+00:00
[2024-09-14T03:32:35.209+0000] {logging_mixin.py:188} INFO - [2024-09-14T03:32:35.209+0000] {dag.py:3823} INFO - Setting next_dagrun for example_branch_datetime_operator_3 to 2024-09-13 00:00:00+00:00, run_after=2024-09-14 00:00:00+00:00
[2024-09-14T03:32:35.217+0000] {processor.py:183} INFO - Processing /home/airflow/.local/lib/python3.8/site-packages/airflow/example_dags/example_branch_datetime_operator.py took 0.052 seconds
[2024-09-14T03:33:05.900+0000] {processor.py:161} INFO - Started process (PID=2604) to work on /home/airflow/.local/lib/python3.8/site-packages/airflow/example_dags/example_branch_datetime_operator.py
[2024-09-14T03:33:05.901+0000] {processor.py:830} INFO - Processing file /home/airflow/.local/lib/python3.8/site-packages/airflow/example_dags/example_branch_datetime_operator.py for tasks to queue
[2024-09-14T03:33:05.901+0000] {logging_mixin.py:188} INFO - [2024-09-14T03:33:05.901+0000] {dagbag.py:538} INFO - Filling up the DagBag from /home/airflow/.local/lib/python3.8/site-packages/airflow/example_dags/example_branch_datetime_operator.py
[2024-09-14T03:33:05.907+0000] {processor.py:840} INFO - DAG(s) 'example_branch_datetime_operator_2', 'example_branch_datetime_operator_3', 'example_branch_datetime_operator' retrieved from /home/airflow/.local/lib/python3.8/site-packages/airflow/example_dags/example_branch_datetime_operator.py
[2024-09-14T03:33:05.924+0000] {logging_mixin.py:188} INFO - [2024-09-14T03:33:05.924+0000] {dag.py:3036} INFO - Sync 3 DAGs
[2024-09-14T03:33:05.936+0000] {logging_mixin.py:188} INFO - [2024-09-14T03:33:05.936+0000] {dag.py:3823} INFO - Setting next_dagrun for example_branch_datetime_operator to 2024-09-13 00:00:00+00:00, run_after=2024-09-14 00:00:00+00:00
[2024-09-14T03:33:05.939+0000] {logging_mixin.py:188} INFO - [2024-09-14T03:33:05.939+0000] {dag.py:3823} INFO - Setting next_dagrun for example_branch_datetime_operator_2 to 2024-09-13 00:00:00+00:00, run_after=2024-09-14 00:00:00+00:00
[2024-09-14T03:33:05.941+0000] {logging_mixin.py:188} INFO - [2024-09-14T03:33:05.941+0000] {dag.py:3823} INFO - Setting next_dagrun for example_branch_datetime_operator_3 to 2024-09-13 00:00:00+00:00, run_after=2024-09-14 00:00:00+00:00
[2024-09-14T03:33:05.950+0000] {processor.py:183} INFO - Processing /home/airflow/.local/lib/python3.8/site-packages/airflow/example_dags/example_branch_datetime_operator.py took 0.052 seconds
[2024-09-14T03:33:36.601+0000] {processor.py:161} INFO - Started process (PID=2851) to work on /home/airflow/.local/lib/python3.8/site-packages/airflow/example_dags/example_branch_datetime_operator.py
[2024-09-14T03:33:36.601+0000] {processor.py:830} INFO - Processing file /home/airflow/.local/lib/python3.8/site-packages/airflow/example_dags/example_branch_datetime_operator.py for tasks to queue
[2024-09-14T03:33:36.602+0000] {logging_mixin.py:188} INFO - [2024-09-14T03:33:36.602+0000] {dagbag.py:538} INFO - Filling up the DagBag from /home/airflow/.local/lib/python3.8/site-packages/airflow/example_dags/example_branch_datetime_operator.py
[2024-09-14T03:33:36.608+0000] {processor.py:840} INFO - DAG(s) 'example_branch_datetime_operator_2', 'example_branch_datetime_operator', 'example_branch_datetime_operator_3' retrieved from /home/airflow/.local/lib/python3.8/site-packages/airflow/example_dags/example_branch_datetime_operator.py
[2024-09-14T03:33:36.626+0000] {logging_mixin.py:188} INFO - [2024-09-14T03:33:36.626+0000] {dag.py:3036} INFO - Sync 3 DAGs
[2024-09-14T03:33:36.640+0000] {logging_mixin.py:188} INFO - [2024-09-14T03:33:36.639+0000] {dag.py:3823} INFO - Setting next_dagrun for example_branch_datetime_operator to 2024-09-13 00:00:00+00:00, run_after=2024-09-14 00:00:00+00:00
[2024-09-14T03:33:36.642+0000] {logging_mixin.py:188} INFO - [2024-09-14T03:33:36.642+0000] {dag.py:3823} INFO - Setting next_dagrun for example_branch_datetime_operator_2 to 2024-09-13 00:00:00+00:00, run_after=2024-09-14 00:00:00+00:00
[2024-09-14T03:33:36.644+0000] {logging_mixin.py:188} INFO - [2024-09-14T03:33:36.644+0000] {dag.py:3823} INFO - Setting next_dagrun for example_branch_datetime_operator_3 to 2024-09-13 00:00:00+00:00, run_after=2024-09-14 00:00:00+00:00
[2024-09-14T03:33:36.653+0000] {processor.py:183} INFO - Processing /home/airflow/.local/lib/python3.8/site-packages/airflow/example_dags/example_branch_datetime_operator.py took 0.054 seconds
[2024-09-14T03:34:07.418+0000] {processor.py:161} INFO - Started process (PID=3098) to work on /home/airflow/.local/lib/python3.8/site-packages/airflow/example_dags/example_branch_datetime_operator.py
[2024-09-14T03:34:07.419+0000] {processor.py:830} INFO - Processing file /home/airflow/.local/lib/python3.8/site-packages/airflow/example_dags/example_branch_datetime_operator.py for tasks to queue
[2024-09-14T03:34:07.420+0000] {logging_mixin.py:188} INFO - [2024-09-14T03:34:07.420+0000] {dagbag.py:538} INFO - Filling up the DagBag from /home/airflow/.local/lib/python3.8/site-packages/airflow/example_dags/example_branch_datetime_operator.py
[2024-09-14T03:34:07.426+0000] {processor.py:840} INFO - DAG(s) 'example_branch_datetime_operator_2', 'example_branch_datetime_operator_3', 'example_branch_datetime_operator' retrieved from /home/airflow/.local/lib/python3.8/site-packages/airflow/example_dags/example_branch_datetime_operator.py
[2024-09-14T03:34:07.445+0000] {logging_mixin.py:188} INFO - [2024-09-14T03:34:07.444+0000] {dag.py:3036} INFO - Sync 3 DAGs
[2024-09-14T03:34:07.458+0000] {logging_mixin.py:188} INFO - [2024-09-14T03:34:07.458+0000] {dag.py:3823} INFO - Setting next_dagrun for example_branch_datetime_operator to 2024-09-13 00:00:00+00:00, run_after=2024-09-14 00:00:00+00:00
[2024-09-14T03:34:07.461+0000] {logging_mixin.py:188} INFO - [2024-09-14T03:34:07.460+0000] {dag.py:3823} INFO - Setting next_dagrun for example_branch_datetime_operator_2 to 2024-09-13 00:00:00+00:00, run_after=2024-09-14 00:00:00+00:00
[2024-09-14T03:34:07.462+0000] {logging_mixin.py:188} INFO - [2024-09-14T03:34:07.462+0000] {dag.py:3823} INFO - Setting next_dagrun for example_branch_datetime_operator_3 to 2024-09-13 00:00:00+00:00, run_after=2024-09-14 00:00:00+00:00
[2024-09-14T03:34:07.472+0000] {processor.py:183} INFO - Processing /home/airflow/.local/lib/python3.8/site-packages/airflow/example_dags/example_branch_datetime_operator.py took 0.056 seconds
[2024-09-14T03:34:48.674+0000] {processor.py:161} INFO - Started process (PID=3348) to work on /home/airflow/.local/lib/python3.8/site-packages/airflow/example_dags/example_branch_datetime_operator.py
[2024-09-14T03:34:48.675+0000] {processor.py:830} INFO - Processing file /home/airflow/.local/lib/python3.8/site-packages/airflow/example_dags/example_branch_datetime_operator.py for tasks to queue
[2024-09-14T03:34:48.675+0000] {logging_mixin.py:188} INFO - [2024-09-14T03:34:48.675+0000] {dagbag.py:538} INFO - Filling up the DagBag from /home/airflow/.local/lib/python3.8/site-packages/airflow/example_dags/example_branch_datetime_operator.py
[2024-09-14T03:34:48.681+0000] {processor.py:840} INFO - DAG(s) 'example_branch_datetime_operator_2', 'example_branch_datetime_operator_3', 'example_branch_datetime_operator' retrieved from /home/airflow/.local/lib/python3.8/site-packages/airflow/example_dags/example_branch_datetime_operator.py
[2024-09-14T03:34:48.697+0000] {logging_mixin.py:188} INFO - [2024-09-14T03:34:48.696+0000] {dag.py:3036} INFO - Sync 3 DAGs
[2024-09-14T03:34:48.710+0000] {logging_mixin.py:188} INFO - [2024-09-14T03:34:48.709+0000] {dag.py:3823} INFO - Setting next_dagrun for example_branch_datetime_operator to 2024-09-13 00:00:00+00:00, run_after=2024-09-14 00:00:00+00:00
[2024-09-14T03:34:48.712+0000] {logging_mixin.py:188} INFO - [2024-09-14T03:34:48.712+0000] {dag.py:3823} INFO - Setting next_dagrun for example_branch_datetime_operator_2 to 2024-09-13 00:00:00+00:00, run_after=2024-09-14 00:00:00+00:00
[2024-09-14T03:34:48.714+0000] {logging_mixin.py:188} INFO - [2024-09-14T03:34:48.714+0000] {dag.py:3823} INFO - Setting next_dagrun for example_branch_datetime_operator_3 to 2024-09-13 00:00:00+00:00, run_after=2024-09-14 00:00:00+00:00
[2024-09-14T03:34:48.722+0000] {processor.py:183} INFO - Processing /home/airflow/.local/lib/python3.8/site-packages/airflow/example_dags/example_branch_datetime_operator.py took 0.050 seconds
[2024-09-14T03:38:43.090+0000] {processor.py:161} INFO - Started process (PID=3595) to work on /home/airflow/.local/lib/python3.8/site-packages/airflow/example_dags/example_branch_datetime_operator.py
[2024-09-14T03:38:43.091+0000] {processor.py:830} INFO - Processing file /home/airflow/.local/lib/python3.8/site-packages/airflow/example_dags/example_branch_datetime_operator.py for tasks to queue
[2024-09-14T03:38:43.092+0000] {logging_mixin.py:188} INFO - [2024-09-14T03:38:43.092+0000] {dagbag.py:538} INFO - Filling up the DagBag from /home/airflow/.local/lib/python3.8/site-packages/airflow/example_dags/example_branch_datetime_operator.py
[2024-09-14T03:38:43.098+0000] {processor.py:840} INFO - DAG(s) 'example_branch_datetime_operator_2', 'example_branch_datetime_operator_3', 'example_branch_datetime_operator' retrieved from /home/airflow/.local/lib/python3.8/site-packages/airflow/example_dags/example_branch_datetime_operator.py
[2024-09-14T03:38:43.114+0000] {logging_mixin.py:188} INFO - [2024-09-14T03:38:43.114+0000] {dag.py:3036} INFO - Sync 3 DAGs
[2024-09-14T03:38:43.131+0000] {logging_mixin.py:188} INFO - [2024-09-14T03:38:43.131+0000] {dag.py:3823} INFO - Setting next_dagrun for example_branch_datetime_operator to 2024-09-13 00:00:00+00:00, run_after=2024-09-14 00:00:00+00:00
[2024-09-14T03:38:43.135+0000] {logging_mixin.py:188} INFO - [2024-09-14T03:38:43.134+0000] {dag.py:3823} INFO - Setting next_dagrun for example_branch_datetime_operator_2 to 2024-09-13 00:00:00+00:00, run_after=2024-09-14 00:00:00+00:00
[2024-09-14T03:38:43.137+0000] {logging_mixin.py:188} INFO - [2024-09-14T03:38:43.137+0000] {dag.py:3823} INFO - Setting next_dagrun for example_branch_datetime_operator_3 to 2024-09-13 00:00:00+00:00, run_after=2024-09-14 00:00:00+00:00
[2024-09-14T03:38:43.146+0000] {processor.py:183} INFO - Processing /home/airflow/.local/lib/python3.8/site-packages/airflow/example_dags/example_branch_datetime_operator.py took 0.059 seconds
[2024-09-14T03:39:13.171+0000] {processor.py:161} INFO - Started process (PID=3842) to work on /home/airflow/.local/lib/python3.8/site-packages/airflow/example_dags/example_branch_datetime_operator.py
[2024-09-14T03:39:13.172+0000] {processor.py:830} INFO - Processing file /home/airflow/.local/lib/python3.8/site-packages/airflow/example_dags/example_branch_datetime_operator.py for tasks to queue
[2024-09-14T03:39:13.172+0000] {logging_mixin.py:188} INFO - [2024-09-14T03:39:13.172+0000] {dagbag.py:538} INFO - Filling up the DagBag from /home/airflow/.local/lib/python3.8/site-packages/airflow/example_dags/example_branch_datetime_operator.py
[2024-09-14T03:39:13.178+0000] {processor.py:840} INFO - DAG(s) 'example_branch_datetime_operator', 'example_branch_datetime_operator_2', 'example_branch_datetime_operator_3' retrieved from /home/airflow/.local/lib/python3.8/site-packages/airflow/example_dags/example_branch_datetime_operator.py
[2024-09-14T03:39:13.195+0000] {logging_mixin.py:188} INFO - [2024-09-14T03:39:13.194+0000] {dag.py:3036} INFO - Sync 3 DAGs
[2024-09-14T03:39:13.210+0000] {logging_mixin.py:188} INFO - [2024-09-14T03:39:13.209+0000] {dag.py:3823} INFO - Setting next_dagrun for example_branch_datetime_operator to 2024-09-13 00:00:00+00:00, run_after=2024-09-14 00:00:00+00:00
[2024-09-14T03:39:13.213+0000] {logging_mixin.py:188} INFO - [2024-09-14T03:39:13.213+0000] {dag.py:3823} INFO - Setting next_dagrun for example_branch_datetime_operator_2 to 2024-09-13 00:00:00+00:00, run_after=2024-09-14 00:00:00+00:00
[2024-09-14T03:39:13.215+0000] {logging_mixin.py:188} INFO - [2024-09-14T03:39:13.215+0000] {dag.py:3823} INFO - Setting next_dagrun for example_branch_datetime_operator_3 to 2024-09-13 00:00:00+00:00, run_after=2024-09-14 00:00:00+00:00
[2024-09-14T03:39:13.225+0000] {processor.py:183} INFO - Processing /home/airflow/.local/lib/python3.8/site-packages/airflow/example_dags/example_branch_datetime_operator.py took 0.057 seconds
[2024-09-14T03:39:44.080+0000] {processor.py:161} INFO - Started process (PID=4089) to work on /home/airflow/.local/lib/python3.8/site-packages/airflow/example_dags/example_branch_datetime_operator.py
[2024-09-14T03:39:44.080+0000] {processor.py:830} INFO - Processing file /home/airflow/.local/lib/python3.8/site-packages/airflow/example_dags/example_branch_datetime_operator.py for tasks to queue
[2024-09-14T03:39:44.081+0000] {logging_mixin.py:188} INFO - [2024-09-14T03:39:44.081+0000] {dagbag.py:538} INFO - Filling up the DagBag from /home/airflow/.local/lib/python3.8/site-packages/airflow/example_dags/example_branch_datetime_operator.py
[2024-09-14T03:39:44.087+0000] {processor.py:840} INFO - DAG(s) 'example_branch_datetime_operator', 'example_branch_datetime_operator_2', 'example_branch_datetime_operator_3' retrieved from /home/airflow/.local/lib/python3.8/site-packages/airflow/example_dags/example_branch_datetime_operator.py
[2024-09-14T03:39:44.104+0000] {logging_mixin.py:188} INFO - [2024-09-14T03:39:44.103+0000] {dag.py:3036} INFO - Sync 3 DAGs
[2024-09-14T03:39:44.116+0000] {logging_mixin.py:188} INFO - [2024-09-14T03:39:44.116+0000] {dag.py:3823} INFO - Setting next_dagrun for example_branch_datetime_operator to 2024-09-13 00:00:00+00:00, run_after=2024-09-14 00:00:00+00:00
[2024-09-14T03:39:44.119+0000] {logging_mixin.py:188} INFO - [2024-09-14T03:39:44.119+0000] {dag.py:3823} INFO - Setting next_dagrun for example_branch_datetime_operator_2 to 2024-09-13 00:00:00+00:00, run_after=2024-09-14 00:00:00+00:00
[2024-09-14T03:39:44.121+0000] {logging_mixin.py:188} INFO - [2024-09-14T03:39:44.121+0000] {dag.py:3823} INFO - Setting next_dagrun for example_branch_datetime_operator_3 to 2024-09-13 00:00:00+00:00, run_after=2024-09-14 00:00:00+00:00
[2024-09-14T03:39:44.130+0000] {processor.py:183} INFO - Processing /home/airflow/.local/lib/python3.8/site-packages/airflow/example_dags/example_branch_datetime_operator.py took 0.052 seconds
[2024-09-14T03:40:14.795+0000] {processor.py:161} INFO - Started process (PID=4336) to work on /home/airflow/.local/lib/python3.8/site-packages/airflow/example_dags/example_branch_datetime_operator.py
[2024-09-14T03:40:14.795+0000] {processor.py:830} INFO - Processing file /home/airflow/.local/lib/python3.8/site-packages/airflow/example_dags/example_branch_datetime_operator.py for tasks to queue
[2024-09-14T03:40:14.796+0000] {logging_mixin.py:188} INFO - [2024-09-14T03:40:14.796+0000] {dagbag.py:538} INFO - Filling up the DagBag from /home/airflow/.local/lib/python3.8/site-packages/airflow/example_dags/example_branch_datetime_operator.py
[2024-09-14T03:40:14.802+0000] {processor.py:840} INFO - DAG(s) 'example_branch_datetime_operator', 'example_branch_datetime_operator_3', 'example_branch_datetime_operator_2' retrieved from /home/airflow/.local/lib/python3.8/site-packages/airflow/example_dags/example_branch_datetime_operator.py
[2024-09-14T03:40:14.835+0000] {logging_mixin.py:188} INFO - [2024-09-14T03:40:14.834+0000] {dag.py:3036} INFO - Sync 3 DAGs
[2024-09-14T03:40:14.867+0000] {logging_mixin.py:188} INFO - [2024-09-14T03:40:14.866+0000] {dag.py:3823} INFO - Setting next_dagrun for example_branch_datetime_operator to 2024-09-13 00:00:00+00:00, run_after=2024-09-14 00:00:00+00:00
[2024-09-14T03:40:14.879+0000] {logging_mixin.py:188} INFO - [2024-09-14T03:40:14.879+0000] {dag.py:3823} INFO - Setting next_dagrun for example_branch_datetime_operator_2 to 2024-09-13 00:00:00+00:00, run_after=2024-09-14 00:00:00+00:00
[2024-09-14T03:40:14.885+0000] {logging_mixin.py:188} INFO - [2024-09-14T03:40:14.884+0000] {dag.py:3823} INFO - Setting next_dagrun for example_branch_datetime_operator_3 to 2024-09-13 00:00:00+00:00, run_after=2024-09-14 00:00:00+00:00
[2024-09-14T03:40:14.901+0000] {processor.py:183} INFO - Processing /home/airflow/.local/lib/python3.8/site-packages/airflow/example_dags/example_branch_datetime_operator.py took 0.108 seconds
[2024-09-14T03:40:45.610+0000] {processor.py:161} INFO - Started process (PID=4583) to work on /home/airflow/.local/lib/python3.8/site-packages/airflow/example_dags/example_branch_datetime_operator.py
[2024-09-14T03:40:45.611+0000] {processor.py:830} INFO - Processing file /home/airflow/.local/lib/python3.8/site-packages/airflow/example_dags/example_branch_datetime_operator.py for tasks to queue
[2024-09-14T03:40:45.611+0000] {logging_mixin.py:188} INFO - [2024-09-14T03:40:45.611+0000] {dagbag.py:538} INFO - Filling up the DagBag from /home/airflow/.local/lib/python3.8/site-packages/airflow/example_dags/example_branch_datetime_operator.py
[2024-09-14T03:40:45.617+0000] {processor.py:840} INFO - DAG(s) 'example_branch_datetime_operator_2', 'example_branch_datetime_operator_3', 'example_branch_datetime_operator' retrieved from /home/airflow/.local/lib/python3.8/site-packages/airflow/example_dags/example_branch_datetime_operator.py
[2024-09-14T03:40:45.634+0000] {logging_mixin.py:188} INFO - [2024-09-14T03:40:45.633+0000] {dag.py:3036} INFO - Sync 3 DAGs
[2024-09-14T03:40:45.647+0000] {logging_mixin.py:188} INFO - [2024-09-14T03:40:45.646+0000] {dag.py:3823} INFO - Setting next_dagrun for example_branch_datetime_operator to 2024-09-13 00:00:00+00:00, run_after=2024-09-14 00:00:00+00:00
[2024-09-14T03:40:45.650+0000] {logging_mixin.py:188} INFO - [2024-09-14T03:40:45.650+0000] {dag.py:3823} INFO - Setting next_dagrun for example_branch_datetime_operator_2 to 2024-09-13 00:00:00+00:00, run_after=2024-09-14 00:00:00+00:00
[2024-09-14T03:40:45.652+0000] {logging_mixin.py:188} INFO - [2024-09-14T03:40:45.652+0000] {dag.py:3823} INFO - Setting next_dagrun for example_branch_datetime_operator_3 to 2024-09-13 00:00:00+00:00, run_after=2024-09-14 00:00:00+00:00
[2024-09-14T03:40:45.661+0000] {processor.py:183} INFO - Processing /home/airflow/.local/lib/python3.8/site-packages/airflow/example_dags/example_branch_datetime_operator.py took 0.054 seconds
[2024-09-14T03:41:16.340+0000] {processor.py:161} INFO - Started process (PID=4830) to work on /home/airflow/.local/lib/python3.8/site-packages/airflow/example_dags/example_branch_datetime_operator.py
[2024-09-14T03:41:16.341+0000] {processor.py:830} INFO - Processing file /home/airflow/.local/lib/python3.8/site-packages/airflow/example_dags/example_branch_datetime_operator.py for tasks to queue
[2024-09-14T03:41:16.342+0000] {logging_mixin.py:188} INFO - [2024-09-14T03:41:16.341+0000] {dagbag.py:538} INFO - Filling up the DagBag from /home/airflow/.local/lib/python3.8/site-packages/airflow/example_dags/example_branch_datetime_operator.py
[2024-09-14T03:41:16.350+0000] {processor.py:840} INFO - DAG(s) 'example_branch_datetime_operator', 'example_branch_datetime_operator_3', 'example_branch_datetime_operator_2' retrieved from /home/airflow/.local/lib/python3.8/site-packages/airflow/example_dags/example_branch_datetime_operator.py
[2024-09-14T03:41:16.367+0000] {logging_mixin.py:188} INFO - [2024-09-14T03:41:16.367+0000] {dag.py:3036} INFO - Sync 3 DAGs
[2024-09-14T03:41:16.379+0000] {logging_mixin.py:188} INFO - [2024-09-14T03:41:16.379+0000] {dag.py:3823} INFO - Setting next_dagrun for example_branch_datetime_operator to 2024-09-13 00:00:00+00:00, run_after=2024-09-14 00:00:00+00:00
[2024-09-14T03:41:16.382+0000] {logging_mixin.py:188} INFO - [2024-09-14T03:41:16.382+0000] {dag.py:3823} INFO - Setting next_dagrun for example_branch_datetime_operator_2 to 2024-09-13 00:00:00+00:00, run_after=2024-09-14 00:00:00+00:00
[2024-09-14T03:41:16.384+0000] {logging_mixin.py:188} INFO - [2024-09-14T03:41:16.384+0000] {dag.py:3823} INFO - Setting next_dagrun for example_branch_datetime_operator_3 to 2024-09-13 00:00:00+00:00, run_after=2024-09-14 00:00:00+00:00
[2024-09-14T03:41:16.393+0000] {processor.py:183} INFO - Processing /home/airflow/.local/lib/python3.8/site-packages/airflow/example_dags/example_branch_datetime_operator.py took 0.055 seconds
[2024-09-14T03:41:47.581+0000] {processor.py:161} INFO - Started process (PID=5077) to work on /home/airflow/.local/lib/python3.8/site-packages/airflow/example_dags/example_branch_datetime_operator.py
[2024-09-14T03:41:47.582+0000] {processor.py:830} INFO - Processing file /home/airflow/.local/lib/python3.8/site-packages/airflow/example_dags/example_branch_datetime_operator.py for tasks to queue
[2024-09-14T03:41:47.582+0000] {logging_mixin.py:188} INFO - [2024-09-14T03:41:47.582+0000] {dagbag.py:538} INFO - Filling up the DagBag from /home/airflow/.local/lib/python3.8/site-packages/airflow/example_dags/example_branch_datetime_operator.py
[2024-09-14T03:41:47.589+0000] {processor.py:840} INFO - DAG(s) 'example_branch_datetime_operator', 'example_branch_datetime_operator_2', 'example_branch_datetime_operator_3' retrieved from /home/airflow/.local/lib/python3.8/site-packages/airflow/example_dags/example_branch_datetime_operator.py
[2024-09-14T03:41:47.606+0000] {logging_mixin.py:188} INFO - [2024-09-14T03:41:47.606+0000] {dag.py:3036} INFO - Sync 3 DAGs
[2024-09-14T03:41:47.620+0000] {logging_mixin.py:188} INFO - [2024-09-14T03:41:47.620+0000] {dag.py:3823} INFO - Setting next_dagrun for example_branch_datetime_operator to 2024-09-13 00:00:00+00:00, run_after=2024-09-14 00:00:00+00:00
[2024-09-14T03:41:47.623+0000] {logging_mixin.py:188} INFO - [2024-09-14T03:41:47.623+0000] {dag.py:3823} INFO - Setting next_dagrun for example_branch_datetime_operator_2 to 2024-09-13 00:00:00+00:00, run_after=2024-09-14 00:00:00+00:00
[2024-09-14T03:41:47.626+0000] {logging_mixin.py:188} INFO - [2024-09-14T03:41:47.626+0000] {dag.py:3823} INFO - Setting next_dagrun for example_branch_datetime_operator_3 to 2024-09-13 00:00:00+00:00, run_after=2024-09-14 00:00:00+00:00
[2024-09-14T03:41:47.635+0000] {processor.py:183} INFO - Processing /home/airflow/.local/lib/python3.8/site-packages/airflow/example_dags/example_branch_datetime_operator.py took 0.057 seconds
[2024-09-14T03:42:18.391+0000] {processor.py:161} INFO - Started process (PID=5324) to work on /home/airflow/.local/lib/python3.8/site-packages/airflow/example_dags/example_branch_datetime_operator.py
[2024-09-14T03:42:18.391+0000] {processor.py:830} INFO - Processing file /home/airflow/.local/lib/python3.8/site-packages/airflow/example_dags/example_branch_datetime_operator.py for tasks to queue
[2024-09-14T03:42:18.392+0000] {logging_mixin.py:188} INFO - [2024-09-14T03:42:18.392+0000] {dagbag.py:538} INFO - Filling up the DagBag from /home/airflow/.local/lib/python3.8/site-packages/airflow/example_dags/example_branch_datetime_operator.py
[2024-09-14T03:42:18.398+0000] {processor.py:840} INFO - DAG(s) 'example_branch_datetime_operator', 'example_branch_datetime_operator_2', 'example_branch_datetime_operator_3' retrieved from /home/airflow/.local/lib/python3.8/site-packages/airflow/example_dags/example_branch_datetime_operator.py
[2024-09-14T03:42:18.413+0000] {logging_mixin.py:188} INFO - [2024-09-14T03:42:18.413+0000] {dag.py:3036} INFO - Sync 3 DAGs
[2024-09-14T03:42:18.426+0000] {logging_mixin.py:188} INFO - [2024-09-14T03:42:18.426+0000] {dag.py:3823} INFO - Setting next_dagrun for example_branch_datetime_operator to 2024-09-13 00:00:00+00:00, run_after=2024-09-14 00:00:00+00:00
[2024-09-14T03:42:18.429+0000] {logging_mixin.py:188} INFO - [2024-09-14T03:42:18.429+0000] {dag.py:3823} INFO - Setting next_dagrun for example_branch_datetime_operator_2 to 2024-09-13 00:00:00+00:00, run_after=2024-09-14 00:00:00+00:00
[2024-09-14T03:42:18.430+0000] {logging_mixin.py:188} INFO - [2024-09-14T03:42:18.430+0000] {dag.py:3823} INFO - Setting next_dagrun for example_branch_datetime_operator_3 to 2024-09-13 00:00:00+00:00, run_after=2024-09-14 00:00:00+00:00
[2024-09-14T03:42:18.439+0000] {processor.py:183} INFO - Processing /home/airflow/.local/lib/python3.8/site-packages/airflow/example_dags/example_branch_datetime_operator.py took 0.051 seconds
[2024-09-14T03:42:49.129+0000] {processor.py:161} INFO - Started process (PID=5571) to work on /home/airflow/.local/lib/python3.8/site-packages/airflow/example_dags/example_branch_datetime_operator.py
[2024-09-14T03:42:49.130+0000] {processor.py:830} INFO - Processing file /home/airflow/.local/lib/python3.8/site-packages/airflow/example_dags/example_branch_datetime_operator.py for tasks to queue
[2024-09-14T03:42:49.131+0000] {logging_mixin.py:188} INFO - [2024-09-14T03:42:49.130+0000] {dagbag.py:538} INFO - Filling up the DagBag from /home/airflow/.local/lib/python3.8/site-packages/airflow/example_dags/example_branch_datetime_operator.py
[2024-09-14T03:42:49.136+0000] {processor.py:840} INFO - DAG(s) 'example_branch_datetime_operator_3', 'example_branch_datetime_operator_2', 'example_branch_datetime_operator' retrieved from /home/airflow/.local/lib/python3.8/site-packages/airflow/example_dags/example_branch_datetime_operator.py
[2024-09-14T03:42:49.155+0000] {logging_mixin.py:188} INFO - [2024-09-14T03:42:49.155+0000] {dag.py:3036} INFO - Sync 3 DAGs
[2024-09-14T03:42:49.170+0000] {logging_mixin.py:188} INFO - [2024-09-14T03:42:49.170+0000] {dag.py:3823} INFO - Setting next_dagrun for example_branch_datetime_operator to 2024-09-13 00:00:00+00:00, run_after=2024-09-14 00:00:00+00:00
[2024-09-14T03:42:49.173+0000] {logging_mixin.py:188} INFO - [2024-09-14T03:42:49.173+0000] {dag.py:3823} INFO - Setting next_dagrun for example_branch_datetime_operator_2 to 2024-09-13 00:00:00+00:00, run_after=2024-09-14 00:00:00+00:00
[2024-09-14T03:42:49.176+0000] {logging_mixin.py:188} INFO - [2024-09-14T03:42:49.175+0000] {dag.py:3823} INFO - Setting next_dagrun for example_branch_datetime_operator_3 to 2024-09-13 00:00:00+00:00, run_after=2024-09-14 00:00:00+00:00
[2024-09-14T03:42:49.185+0000] {processor.py:183} INFO - Processing /home/airflow/.local/lib/python3.8/site-packages/airflow/example_dags/example_branch_datetime_operator.py took 0.058 seconds
[2024-09-14T03:43:19.702+0000] {processor.py:161} INFO - Started process (PID=5818) to work on /home/airflow/.local/lib/python3.8/site-packages/airflow/example_dags/example_branch_datetime_operator.py
[2024-09-14T03:43:19.703+0000] {processor.py:830} INFO - Processing file /home/airflow/.local/lib/python3.8/site-packages/airflow/example_dags/example_branch_datetime_operator.py for tasks to queue
[2024-09-14T03:43:19.704+0000] {logging_mixin.py:188} INFO - [2024-09-14T03:43:19.703+0000] {dagbag.py:538} INFO - Filling up the DagBag from /home/airflow/.local/lib/python3.8/site-packages/airflow/example_dags/example_branch_datetime_operator.py
[2024-09-14T03:43:19.709+0000] {processor.py:840} INFO - DAG(s) 'example_branch_datetime_operator_3', 'example_branch_datetime_operator', 'example_branch_datetime_operator_2' retrieved from /home/airflow/.local/lib/python3.8/site-packages/airflow/example_dags/example_branch_datetime_operator.py
[2024-09-14T03:43:19.729+0000] {logging_mixin.py:188} INFO - [2024-09-14T03:43:19.729+0000] {dag.py:3036} INFO - Sync 3 DAGs
[2024-09-14T03:43:19.743+0000] {logging_mixin.py:188} INFO - [2024-09-14T03:43:19.743+0000] {dag.py:3823} INFO - Setting next_dagrun for example_branch_datetime_operator to 2024-09-13 00:00:00+00:00, run_after=2024-09-14 00:00:00+00:00
[2024-09-14T03:43:19.746+0000] {logging_mixin.py:188} INFO - [2024-09-14T03:43:19.746+0000] {dag.py:3823} INFO - Setting next_dagrun for example_branch_datetime_operator_2 to 2024-09-13 00:00:00+00:00, run_after=2024-09-14 00:00:00+00:00
[2024-09-14T03:43:19.748+0000] {logging_mixin.py:188} INFO - [2024-09-14T03:43:19.748+0000] {dag.py:3823} INFO - Setting next_dagrun for example_branch_datetime_operator_3 to 2024-09-13 00:00:00+00:00, run_after=2024-09-14 00:00:00+00:00
[2024-09-14T03:43:19.759+0000] {processor.py:183} INFO - Processing /home/airflow/.local/lib/python3.8/site-packages/airflow/example_dags/example_branch_datetime_operator.py took 0.059 seconds
[2024-09-14T03:43:49.935+0000] {processor.py:161} INFO - Started process (PID=6065) to work on /home/airflow/.local/lib/python3.8/site-packages/airflow/example_dags/example_branch_datetime_operator.py
[2024-09-14T03:43:49.936+0000] {processor.py:830} INFO - Processing file /home/airflow/.local/lib/python3.8/site-packages/airflow/example_dags/example_branch_datetime_operator.py for tasks to queue
[2024-09-14T03:43:49.937+0000] {logging_mixin.py:188} INFO - [2024-09-14T03:43:49.937+0000] {dagbag.py:538} INFO - Filling up the DagBag from /home/airflow/.local/lib/python3.8/site-packages/airflow/example_dags/example_branch_datetime_operator.py
[2024-09-14T03:43:49.943+0000] {processor.py:840} INFO - DAG(s) 'example_branch_datetime_operator_3', 'example_branch_datetime_operator', 'example_branch_datetime_operator_2' retrieved from /home/airflow/.local/lib/python3.8/site-packages/airflow/example_dags/example_branch_datetime_operator.py
[2024-09-14T03:43:49.973+0000] {logging_mixin.py:188} INFO - [2024-09-14T03:43:49.973+0000] {dag.py:3036} INFO - Sync 3 DAGs
[2024-09-14T03:43:49.998+0000] {logging_mixin.py:188} INFO - [2024-09-14T03:43:49.998+0000] {dag.py:3823} INFO - Setting next_dagrun for example_branch_datetime_operator to 2024-09-13 00:00:00+00:00, run_after=2024-09-14 00:00:00+00:00
[2024-09-14T03:43:50.001+0000] {logging_mixin.py:188} INFO - [2024-09-14T03:43:50.001+0000] {dag.py:3823} INFO - Setting next_dagrun for example_branch_datetime_operator_2 to 2024-09-13 00:00:00+00:00, run_after=2024-09-14 00:00:00+00:00
[2024-09-14T03:43:50.005+0000] {logging_mixin.py:188} INFO - [2024-09-14T03:43:50.005+0000] {dag.py:3823} INFO - Setting next_dagrun for example_branch_datetime_operator_3 to 2024-09-13 00:00:00+00:00, run_after=2024-09-14 00:00:00+00:00
[2024-09-14T03:43:50.030+0000] {processor.py:183} INFO - Processing /home/airflow/.local/lib/python3.8/site-packages/airflow/example_dags/example_branch_datetime_operator.py took 0.098 seconds
[2024-09-14T03:44:20.223+0000] {processor.py:161} INFO - Started process (PID=6312) to work on /home/airflow/.local/lib/python3.8/site-packages/airflow/example_dags/example_branch_datetime_operator.py
[2024-09-14T03:44:20.224+0000] {processor.py:830} INFO - Processing file /home/airflow/.local/lib/python3.8/site-packages/airflow/example_dags/example_branch_datetime_operator.py for tasks to queue
[2024-09-14T03:44:20.225+0000] {logging_mixin.py:188} INFO - [2024-09-14T03:44:20.225+0000] {dagbag.py:538} INFO - Filling up the DagBag from /home/airflow/.local/lib/python3.8/site-packages/airflow/example_dags/example_branch_datetime_operator.py
[2024-09-14T03:44:20.231+0000] {processor.py:840} INFO - DAG(s) 'example_branch_datetime_operator_3', 'example_branch_datetime_operator_2', 'example_branch_datetime_operator' retrieved from /home/airflow/.local/lib/python3.8/site-packages/airflow/example_dags/example_branch_datetime_operator.py
[2024-09-14T03:44:20.247+0000] {logging_mixin.py:188} INFO - [2024-09-14T03:44:20.247+0000] {dag.py:3036} INFO - Sync 3 DAGs
[2024-09-14T03:44:20.263+0000] {logging_mixin.py:188} INFO - [2024-09-14T03:44:20.263+0000] {dag.py:3823} INFO - Setting next_dagrun for example_branch_datetime_operator to 2024-09-13 00:00:00+00:00, run_after=2024-09-14 00:00:00+00:00
[2024-09-14T03:44:20.267+0000] {logging_mixin.py:188} INFO - [2024-09-14T03:44:20.267+0000] {dag.py:3823} INFO - Setting next_dagrun for example_branch_datetime_operator_2 to 2024-09-13 00:00:00+00:00, run_after=2024-09-14 00:00:00+00:00
[2024-09-14T03:44:20.269+0000] {logging_mixin.py:188} INFO - [2024-09-14T03:44:20.268+0000] {dag.py:3823} INFO - Setting next_dagrun for example_branch_datetime_operator_3 to 2024-09-13 00:00:00+00:00, run_after=2024-09-14 00:00:00+00:00
[2024-09-14T03:44:20.279+0000] {processor.py:183} INFO - Processing /home/airflow/.local/lib/python3.8/site-packages/airflow/example_dags/example_branch_datetime_operator.py took 0.058 seconds
[2024-09-14T03:44:50.969+0000] {processor.py:161} INFO - Started process (PID=6559) to work on /home/airflow/.local/lib/python3.8/site-packages/airflow/example_dags/example_branch_datetime_operator.py
[2024-09-14T03:44:50.970+0000] {processor.py:830} INFO - Processing file /home/airflow/.local/lib/python3.8/site-packages/airflow/example_dags/example_branch_datetime_operator.py for tasks to queue
[2024-09-14T03:44:50.971+0000] {logging_mixin.py:188} INFO - [2024-09-14T03:44:50.970+0000] {dagbag.py:538} INFO - Filling up the DagBag from /home/airflow/.local/lib/python3.8/site-packages/airflow/example_dags/example_branch_datetime_operator.py
[2024-09-14T03:44:50.976+0000] {processor.py:840} INFO - DAG(s) 'example_branch_datetime_operator_2', 'example_branch_datetime_operator_3', 'example_branch_datetime_operator' retrieved from /home/airflow/.local/lib/python3.8/site-packages/airflow/example_dags/example_branch_datetime_operator.py
[2024-09-14T03:44:50.995+0000] {logging_mixin.py:188} INFO - [2024-09-14T03:44:50.995+0000] {dag.py:3036} INFO - Sync 3 DAGs
[2024-09-14T03:44:51.009+0000] {logging_mixin.py:188} INFO - [2024-09-14T03:44:51.009+0000] {dag.py:3823} INFO - Setting next_dagrun for example_branch_datetime_operator to 2024-09-13 00:00:00+00:00, run_after=2024-09-14 00:00:00+00:00
[2024-09-14T03:44:51.012+0000] {logging_mixin.py:188} INFO - [2024-09-14T03:44:51.012+0000] {dag.py:3823} INFO - Setting next_dagrun for example_branch_datetime_operator_2 to 2024-09-13 00:00:00+00:00, run_after=2024-09-14 00:00:00+00:00
[2024-09-14T03:44:51.014+0000] {logging_mixin.py:188} INFO - [2024-09-14T03:44:51.014+0000] {dag.py:3823} INFO - Setting next_dagrun for example_branch_datetime_operator_3 to 2024-09-13 00:00:00+00:00, run_after=2024-09-14 00:00:00+00:00
[2024-09-14T03:44:51.028+0000] {processor.py:183} INFO - Processing /home/airflow/.local/lib/python3.8/site-packages/airflow/example_dags/example_branch_datetime_operator.py took 0.061 seconds
[2024-09-14T03:45:21.283+0000] {processor.py:161} INFO - Started process (PID=6806) to work on /home/airflow/.local/lib/python3.8/site-packages/airflow/example_dags/example_branch_datetime_operator.py
[2024-09-14T03:45:21.283+0000] {processor.py:830} INFO - Processing file /home/airflow/.local/lib/python3.8/site-packages/airflow/example_dags/example_branch_datetime_operator.py for tasks to queue
[2024-09-14T03:45:21.284+0000] {logging_mixin.py:188} INFO - [2024-09-14T03:45:21.284+0000] {dagbag.py:538} INFO - Filling up the DagBag from /home/airflow/.local/lib/python3.8/site-packages/airflow/example_dags/example_branch_datetime_operator.py
[2024-09-14T03:45:21.290+0000] {processor.py:840} INFO - DAG(s) 'example_branch_datetime_operator_3', 'example_branch_datetime_operator_2', 'example_branch_datetime_operator' retrieved from /home/airflow/.local/lib/python3.8/site-packages/airflow/example_dags/example_branch_datetime_operator.py
[2024-09-14T03:45:21.306+0000] {logging_mixin.py:188} INFO - [2024-09-14T03:45:21.305+0000] {dag.py:3036} INFO - Sync 3 DAGs
[2024-09-14T03:45:21.318+0000] {logging_mixin.py:188} INFO - [2024-09-14T03:45:21.318+0000] {dag.py:3823} INFO - Setting next_dagrun for example_branch_datetime_operator to 2024-09-13 00:00:00+00:00, run_after=2024-09-14 00:00:00+00:00
[2024-09-14T03:45:21.321+0000] {logging_mixin.py:188} INFO - [2024-09-14T03:45:21.321+0000] {dag.py:3823} INFO - Setting next_dagrun for example_branch_datetime_operator_2 to 2024-09-13 00:00:00+00:00, run_after=2024-09-14 00:00:00+00:00
[2024-09-14T03:45:21.323+0000] {logging_mixin.py:188} INFO - [2024-09-14T03:45:21.323+0000] {dag.py:3823} INFO - Setting next_dagrun for example_branch_datetime_operator_3 to 2024-09-13 00:00:00+00:00, run_after=2024-09-14 00:00:00+00:00
[2024-09-14T03:45:21.333+0000] {processor.py:183} INFO - Processing /home/airflow/.local/lib/python3.8/site-packages/airflow/example_dags/example_branch_datetime_operator.py took 0.053 seconds
[2024-09-14T03:45:52.410+0000] {processor.py:161} INFO - Started process (PID=7055) to work on /home/airflow/.local/lib/python3.8/site-packages/airflow/example_dags/example_branch_datetime_operator.py
[2024-09-14T03:45:52.411+0000] {processor.py:830} INFO - Processing file /home/airflow/.local/lib/python3.8/site-packages/airflow/example_dags/example_branch_datetime_operator.py for tasks to queue
[2024-09-14T03:45:52.412+0000] {logging_mixin.py:188} INFO - [2024-09-14T03:45:52.412+0000] {dagbag.py:538} INFO - Filling up the DagBag from /home/airflow/.local/lib/python3.8/site-packages/airflow/example_dags/example_branch_datetime_operator.py
[2024-09-14T03:45:52.417+0000] {processor.py:840} INFO - DAG(s) 'example_branch_datetime_operator', 'example_branch_datetime_operator_2', 'example_branch_datetime_operator_3' retrieved from /home/airflow/.local/lib/python3.8/site-packages/airflow/example_dags/example_branch_datetime_operator.py
[2024-09-14T03:45:52.434+0000] {logging_mixin.py:188} INFO - [2024-09-14T03:45:52.434+0000] {dag.py:3036} INFO - Sync 3 DAGs
[2024-09-14T03:45:52.446+0000] {logging_mixin.py:188} INFO - [2024-09-14T03:45:52.446+0000] {dag.py:3823} INFO - Setting next_dagrun for example_branch_datetime_operator to 2024-09-13 00:00:00+00:00, run_after=2024-09-14 00:00:00+00:00
[2024-09-14T03:45:52.449+0000] {logging_mixin.py:188} INFO - [2024-09-14T03:45:52.449+0000] {dag.py:3823} INFO - Setting next_dagrun for example_branch_datetime_operator_2 to 2024-09-13 00:00:00+00:00, run_after=2024-09-14 00:00:00+00:00
[2024-09-14T03:45:52.451+0000] {logging_mixin.py:188} INFO - [2024-09-14T03:45:52.451+0000] {dag.py:3823} INFO - Setting next_dagrun for example_branch_datetime_operator_3 to 2024-09-13 00:00:00+00:00, run_after=2024-09-14 00:00:00+00:00
[2024-09-14T03:45:52.460+0000] {processor.py:183} INFO - Processing /home/airflow/.local/lib/python3.8/site-packages/airflow/example_dags/example_branch_datetime_operator.py took 0.052 seconds
[2024-09-14T03:46:23.203+0000] {processor.py:161} INFO - Started process (PID=7300) to work on /home/airflow/.local/lib/python3.8/site-packages/airflow/example_dags/example_branch_datetime_operator.py
[2024-09-14T03:46:23.204+0000] {processor.py:830} INFO - Processing file /home/airflow/.local/lib/python3.8/site-packages/airflow/example_dags/example_branch_datetime_operator.py for tasks to queue
[2024-09-14T03:46:23.205+0000] {logging_mixin.py:188} INFO - [2024-09-14T03:46:23.205+0000] {dagbag.py:538} INFO - Filling up the DagBag from /home/airflow/.local/lib/python3.8/site-packages/airflow/example_dags/example_branch_datetime_operator.py
[2024-09-14T03:46:23.215+0000] {processor.py:840} INFO - DAG(s) 'example_branch_datetime_operator_2', 'example_branch_datetime_operator_3', 'example_branch_datetime_operator' retrieved from /home/airflow/.local/lib/python3.8/site-packages/airflow/example_dags/example_branch_datetime_operator.py
[2024-09-14T03:46:23.234+0000] {logging_mixin.py:188} INFO - [2024-09-14T03:46:23.234+0000] {dag.py:3036} INFO - Sync 3 DAGs
[2024-09-14T03:46:23.248+0000] {logging_mixin.py:188} INFO - [2024-09-14T03:46:23.248+0000] {dag.py:3823} INFO - Setting next_dagrun for example_branch_datetime_operator to 2024-09-13 00:00:00+00:00, run_after=2024-09-14 00:00:00+00:00
[2024-09-14T03:46:23.251+0000] {logging_mixin.py:188} INFO - [2024-09-14T03:46:23.251+0000] {dag.py:3823} INFO - Setting next_dagrun for example_branch_datetime_operator_2 to 2024-09-13 00:00:00+00:00, run_after=2024-09-14 00:00:00+00:00
[2024-09-14T03:46:23.253+0000] {logging_mixin.py:188} INFO - [2024-09-14T03:46:23.253+0000] {dag.py:3823} INFO - Setting next_dagrun for example_branch_datetime_operator_3 to 2024-09-13 00:00:00+00:00, run_after=2024-09-14 00:00:00+00:00
[2024-09-14T03:46:23.271+0000] {processor.py:183} INFO - Processing /home/airflow/.local/lib/python3.8/site-packages/airflow/example_dags/example_branch_datetime_operator.py took 0.071 seconds
[2024-09-14T03:46:53.360+0000] {processor.py:161} INFO - Started process (PID=7552) to work on /home/airflow/.local/lib/python3.8/site-packages/airflow/example_dags/example_branch_datetime_operator.py
[2024-09-14T03:46:53.361+0000] {processor.py:830} INFO - Processing file /home/airflow/.local/lib/python3.8/site-packages/airflow/example_dags/example_branch_datetime_operator.py for tasks to queue
[2024-09-14T03:46:53.362+0000] {logging_mixin.py:188} INFO - [2024-09-14T03:46:53.362+0000] {dagbag.py:538} INFO - Filling up the DagBag from /home/airflow/.local/lib/python3.8/site-packages/airflow/example_dags/example_branch_datetime_operator.py
[2024-09-14T03:46:53.370+0000] {processor.py:840} INFO - DAG(s) 'example_branch_datetime_operator_3', 'example_branch_datetime_operator', 'example_branch_datetime_operator_2' retrieved from /home/airflow/.local/lib/python3.8/site-packages/airflow/example_dags/example_branch_datetime_operator.py
[2024-09-14T03:46:53.388+0000] {logging_mixin.py:188} INFO - [2024-09-14T03:46:53.388+0000] {dag.py:3036} INFO - Sync 3 DAGs
[2024-09-14T03:46:53.401+0000] {logging_mixin.py:188} INFO - [2024-09-14T03:46:53.400+0000] {dag.py:3823} INFO - Setting next_dagrun for example_branch_datetime_operator to 2024-09-13 00:00:00+00:00, run_after=2024-09-14 00:00:00+00:00
[2024-09-14T03:46:53.404+0000] {logging_mixin.py:188} INFO - [2024-09-14T03:46:53.404+0000] {dag.py:3823} INFO - Setting next_dagrun for example_branch_datetime_operator_2 to 2024-09-13 00:00:00+00:00, run_after=2024-09-14 00:00:00+00:00
[2024-09-14T03:46:53.405+0000] {logging_mixin.py:188} INFO - [2024-09-14T03:46:53.405+0000] {dag.py:3823} INFO - Setting next_dagrun for example_branch_datetime_operator_3 to 2024-09-13 00:00:00+00:00, run_after=2024-09-14 00:00:00+00:00
[2024-09-14T03:46:53.414+0000] {processor.py:183} INFO - Processing /home/airflow/.local/lib/python3.8/site-packages/airflow/example_dags/example_branch_datetime_operator.py took 0.057 seconds
