[2024-02-04T03:25:49.733+0000] {processor.py:161} INFO - Started process (PID=233) to work on /home/airflow/.local/lib/python3.8/site-packages/airflow/example_dags/example_branch_labels.py
[2024-02-04T03:25:49.735+0000] {processor.py:830} INFO - Processing file /home/airflow/.local/lib/python3.8/site-packages/airflow/example_dags/example_branch_labels.py for tasks to queue
[2024-02-04T03:25:49.739+0000] {logging_mixin.py:188} INFO - [2024-02-04T03:25:49.738+0000] {dagbag.py:538} INFO - Filling up the DagBag from /home/airflow/.local/lib/python3.8/site-packages/airflow/example_dags/example_branch_labels.py
[2024-02-04T03:25:49.748+0000] {processor.py:840} INFO - DAG(s) 'example_branch_labels' retrieved from /home/airflow/.local/lib/python3.8/site-packages/airflow/example_dags/example_branch_labels.py
[2024-02-04T03:25:49.771+0000] {logging_mixin.py:188} INFO - [2024-02-04T03:25:49.771+0000] {dag.py:3036} INFO - Sync 1 DAGs
[2024-02-04T03:25:49.787+0000] {logging_mixin.py:188} INFO - [2024-02-04T03:25:49.786+0000] {dag.py:3823} INFO - Setting next_dagrun for example_branch_labels to 2024-02-03 00:00:00+00:00, run_after=2024-02-04 00:00:00+00:00
[2024-02-04T03:25:49.803+0000] {processor.py:183} INFO - Processing /home/airflow/.local/lib/python3.8/site-packages/airflow/example_dags/example_branch_labels.py took 0.072 seconds
[2024-02-04T03:26:20.532+0000] {processor.py:161} INFO - Started process (PID=478) to work on /home/airflow/.local/lib/python3.8/site-packages/airflow/example_dags/example_branch_labels.py
[2024-02-04T03:26:20.533+0000] {processor.py:830} INFO - Processing file /home/airflow/.local/lib/python3.8/site-packages/airflow/example_dags/example_branch_labels.py for tasks to queue
[2024-02-04T03:26:20.533+0000] {logging_mixin.py:188} INFO - [2024-02-04T03:26:20.533+0000] {dagbag.py:538} INFO - Filling up the DagBag from /home/airflow/.local/lib/python3.8/site-packages/airflow/example_dags/example_branch_labels.py
[2024-02-04T03:26:20.538+0000] {processor.py:840} INFO - DAG(s) 'example_branch_labels' retrieved from /home/airflow/.local/lib/python3.8/site-packages/airflow/example_dags/example_branch_labels.py
[2024-02-04T03:26:20.549+0000] {logging_mixin.py:188} INFO - [2024-02-04T03:26:20.549+0000] {dag.py:3036} INFO - Sync 1 DAGs
[2024-02-04T03:26:20.561+0000] {logging_mixin.py:188} INFO - [2024-02-04T03:26:20.560+0000] {dag.py:3823} INFO - Setting next_dagrun for example_branch_labels to 2024-02-03 00:00:00+00:00, run_after=2024-02-04 00:00:00+00:00
[2024-02-04T03:26:20.569+0000] {processor.py:183} INFO - Processing /home/airflow/.local/lib/python3.8/site-packages/airflow/example_dags/example_branch_labels.py took 0.039 seconds
[2024-02-04T03:26:51.380+0000] {processor.py:161} INFO - Started process (PID=725) to work on /home/airflow/.local/lib/python3.8/site-packages/airflow/example_dags/example_branch_labels.py
[2024-02-04T03:26:51.381+0000] {processor.py:830} INFO - Processing file /home/airflow/.local/lib/python3.8/site-packages/airflow/example_dags/example_branch_labels.py for tasks to queue
[2024-02-04T03:26:51.381+0000] {logging_mixin.py:188} INFO - [2024-02-04T03:26:51.381+0000] {dagbag.py:538} INFO - Filling up the DagBag from /home/airflow/.local/lib/python3.8/site-packages/airflow/example_dags/example_branch_labels.py
[2024-02-04T03:26:51.385+0000] {processor.py:840} INFO - DAG(s) 'example_branch_labels' retrieved from /home/airflow/.local/lib/python3.8/site-packages/airflow/example_dags/example_branch_labels.py
[2024-02-04T03:26:51.398+0000] {logging_mixin.py:188} INFO - [2024-02-04T03:26:51.398+0000] {dag.py:3036} INFO - Sync 1 DAGs
[2024-02-04T03:26:51.410+0000] {logging_mixin.py:188} INFO - [2024-02-04T03:26:51.410+0000] {dag.py:3823} INFO - Setting next_dagrun for example_branch_labels to 2024-02-03 00:00:00+00:00, run_after=2024-02-04 00:00:00+00:00
[2024-02-04T03:26:51.420+0000] {processor.py:183} INFO - Processing /home/airflow/.local/lib/python3.8/site-packages/airflow/example_dags/example_branch_labels.py took 0.042 seconds
[2024-02-04T03:27:35.511+0000] {processor.py:161} INFO - Started process (PID=972) to work on /home/airflow/.local/lib/python3.8/site-packages/airflow/example_dags/example_branch_labels.py
[2024-02-04T03:27:35.512+0000] {processor.py:830} INFO - Processing file /home/airflow/.local/lib/python3.8/site-packages/airflow/example_dags/example_branch_labels.py for tasks to queue
[2024-02-04T03:27:35.513+0000] {logging_mixin.py:188} INFO - [2024-02-04T03:27:35.513+0000] {dagbag.py:538} INFO - Filling up the DagBag from /home/airflow/.local/lib/python3.8/site-packages/airflow/example_dags/example_branch_labels.py
[2024-02-04T03:27:35.517+0000] {processor.py:840} INFO - DAG(s) 'example_branch_labels' retrieved from /home/airflow/.local/lib/python3.8/site-packages/airflow/example_dags/example_branch_labels.py
[2024-02-04T03:27:35.531+0000] {logging_mixin.py:188} INFO - [2024-02-04T03:27:35.530+0000] {dag.py:3036} INFO - Sync 1 DAGs
[2024-02-04T03:27:35.543+0000] {logging_mixin.py:188} INFO - [2024-02-04T03:27:35.543+0000] {dag.py:3823} INFO - Setting next_dagrun for example_branch_labels to 2024-02-03 00:00:00+00:00, run_after=2024-02-04 00:00:00+00:00
[2024-02-04T03:27:35.552+0000] {processor.py:183} INFO - Processing /home/airflow/.local/lib/python3.8/site-packages/airflow/example_dags/example_branch_labels.py took 0.043 seconds
[2024-02-04T03:28:18.235+0000] {processor.py:161} INFO - Started process (PID=231) to work on /home/airflow/.local/lib/python3.8/site-packages/airflow/example_dags/example_branch_labels.py
[2024-02-04T03:28:18.236+0000] {processor.py:830} INFO - Processing file /home/airflow/.local/lib/python3.8/site-packages/airflow/example_dags/example_branch_labels.py for tasks to queue
[2024-02-04T03:28:18.237+0000] {logging_mixin.py:188} INFO - [2024-02-04T03:28:18.236+0000] {dagbag.py:538} INFO - Filling up the DagBag from /home/airflow/.local/lib/python3.8/site-packages/airflow/example_dags/example_branch_labels.py
[2024-02-04T03:28:18.243+0000] {processor.py:840} INFO - DAG(s) 'example_branch_labels' retrieved from /home/airflow/.local/lib/python3.8/site-packages/airflow/example_dags/example_branch_labels.py
[2024-02-04T03:28:18.251+0000] {logging_mixin.py:188} INFO - [2024-02-04T03:28:18.251+0000] {dag.py:3036} INFO - Sync 1 DAGs
[2024-02-04T03:28:18.264+0000] {logging_mixin.py:188} INFO - [2024-02-04T03:28:18.264+0000] {dag.py:3823} INFO - Setting next_dagrun for example_branch_labels to 2024-02-03 00:00:00+00:00, run_after=2024-02-04 00:00:00+00:00
[2024-02-04T03:28:18.277+0000] {processor.py:183} INFO - Processing /home/airflow/.local/lib/python3.8/site-packages/airflow/example_dags/example_branch_labels.py took 0.044 seconds
