[2024-02-04T03:25:51.775+0000] {processor.py:161} INFO - Started process (PID=361) to work on /home/airflow/.local/lib/python3.8/site-packages/airflow/example_dags/example_bash_operator.py
[2024-02-04T03:25:51.776+0000] {processor.py:830} INFO - Processing file /home/airflow/.local/lib/python3.8/site-packages/airflow/example_dags/example_bash_operator.py for tasks to queue
[2024-02-04T03:25:51.778+0000] {logging_mixin.py:188} INFO - [2024-02-04T03:25:51.778+0000] {dagbag.py:538} INFO - Filling up the DagBag from /home/airflow/.local/lib/python3.8/site-packages/airflow/example_dags/example_bash_operator.py
[2024-02-04T03:25:51.796+0000] {processor.py:840} INFO - DAG(s) 'example_bash_operator' retrieved from /home/airflow/.local/lib/python3.8/site-packages/airflow/example_dags/example_bash_operator.py
[2024-02-04T03:25:51.824+0000] {logging_mixin.py:188} INFO - [2024-02-04T03:25:51.824+0000] {dag.py:3036} INFO - Sync 1 DAGs
[2024-02-04T03:25:51.842+0000] {logging_mixin.py:188} INFO - [2024-02-04T03:25:51.842+0000] {dag.py:3823} INFO - Setting next_dagrun for example_bash_operator to 2024-02-03 00:00:00+00:00, run_after=2024-02-04 00:00:00+00:00
[2024-02-04T03:25:51.868+0000] {processor.py:183} INFO - Processing /home/airflow/.local/lib/python3.8/site-packages/airflow/example_dags/example_bash_operator.py took 0.096 seconds
[2024-02-04T03:26:22.470+0000] {processor.py:161} INFO - Started process (PID=608) to work on /home/airflow/.local/lib/python3.8/site-packages/airflow/example_dags/example_bash_operator.py
[2024-02-04T03:26:22.471+0000] {processor.py:830} INFO - Processing file /home/airflow/.local/lib/python3.8/site-packages/airflow/example_dags/example_bash_operator.py for tasks to queue
[2024-02-04T03:26:22.471+0000] {logging_mixin.py:188} INFO - [2024-02-04T03:26:22.471+0000] {dagbag.py:538} INFO - Filling up the DagBag from /home/airflow/.local/lib/python3.8/site-packages/airflow/example_dags/example_bash_operator.py
[2024-02-04T03:26:22.478+0000] {processor.py:840} INFO - DAG(s) 'example_bash_operator' retrieved from /home/airflow/.local/lib/python3.8/site-packages/airflow/example_dags/example_bash_operator.py
[2024-02-04T03:26:22.493+0000] {logging_mixin.py:188} INFO - [2024-02-04T03:26:22.492+0000] {dag.py:3036} INFO - Sync 1 DAGs
[2024-02-04T03:26:22.505+0000] {logging_mixin.py:188} INFO - [2024-02-04T03:26:22.505+0000] {dag.py:3823} INFO - Setting next_dagrun for example_bash_operator to 2024-02-03 00:00:00+00:00, run_after=2024-02-04 00:00:00+00:00
[2024-02-04T03:26:22.514+0000] {processor.py:183} INFO - Processing /home/airflow/.local/lib/python3.8/site-packages/airflow/example_dags/example_bash_operator.py took 0.045 seconds
[2024-02-04T03:26:53.144+0000] {processor.py:161} INFO - Started process (PID=855) to work on /home/airflow/.local/lib/python3.8/site-packages/airflow/example_dags/example_bash_operator.py
[2024-02-04T03:26:53.145+0000] {processor.py:830} INFO - Processing file /home/airflow/.local/lib/python3.8/site-packages/airflow/example_dags/example_bash_operator.py for tasks to queue
[2024-02-04T03:26:53.145+0000] {logging_mixin.py:188} INFO - [2024-02-04T03:26:53.145+0000] {dagbag.py:538} INFO - Filling up the DagBag from /home/airflow/.local/lib/python3.8/site-packages/airflow/example_dags/example_bash_operator.py
[2024-02-04T03:26:53.152+0000] {processor.py:840} INFO - DAG(s) 'example_bash_operator' retrieved from /home/airflow/.local/lib/python3.8/site-packages/airflow/example_dags/example_bash_operator.py
[2024-02-04T03:26:53.167+0000] {logging_mixin.py:188} INFO - [2024-02-04T03:26:53.166+0000] {dag.py:3036} INFO - Sync 1 DAGs
[2024-02-04T03:26:53.178+0000] {logging_mixin.py:188} INFO - [2024-02-04T03:26:53.178+0000] {dag.py:3823} INFO - Setting next_dagrun for example_bash_operator to 2024-02-03 00:00:00+00:00, run_after=2024-02-04 00:00:00+00:00
[2024-02-04T03:26:53.187+0000] {processor.py:183} INFO - Processing /home/airflow/.local/lib/python3.8/site-packages/airflow/example_dags/example_bash_operator.py took 0.045 seconds
[2024-02-04T03:27:36.357+0000] {processor.py:161} INFO - Started process (PID=1104) to work on /home/airflow/.local/lib/python3.8/site-packages/airflow/example_dags/example_bash_operator.py
[2024-02-04T03:27:36.358+0000] {processor.py:830} INFO - Processing file /home/airflow/.local/lib/python3.8/site-packages/airflow/example_dags/example_bash_operator.py for tasks to queue
[2024-02-04T03:27:36.359+0000] {logging_mixin.py:188} INFO - [2024-02-04T03:27:36.359+0000] {dagbag.py:538} INFO - Filling up the DagBag from /home/airflow/.local/lib/python3.8/site-packages/airflow/example_dags/example_bash_operator.py
[2024-02-04T03:27:36.366+0000] {processor.py:840} INFO - DAG(s) 'example_bash_operator' retrieved from /home/airflow/.local/lib/python3.8/site-packages/airflow/example_dags/example_bash_operator.py
[2024-02-04T03:27:36.382+0000] {logging_mixin.py:188} INFO - [2024-02-04T03:27:36.381+0000] {dag.py:3036} INFO - Sync 1 DAGs
[2024-02-04T03:27:36.394+0000] {logging_mixin.py:188} INFO - [2024-02-04T03:27:36.394+0000] {dag.py:3823} INFO - Setting next_dagrun for example_bash_operator to 2024-02-03 00:00:00+00:00, run_after=2024-02-04 00:00:00+00:00
[2024-02-04T03:27:36.403+0000] {processor.py:183} INFO - Processing /home/airflow/.local/lib/python3.8/site-packages/airflow/example_dags/example_bash_operator.py took 0.048 seconds
[2024-02-04T03:28:19.206+0000] {processor.py:161} INFO - Started process (PID=363) to work on /home/airflow/.local/lib/python3.8/site-packages/airflow/example_dags/example_bash_operator.py
[2024-02-04T03:28:19.207+0000] {processor.py:830} INFO - Processing file /home/airflow/.local/lib/python3.8/site-packages/airflow/example_dags/example_bash_operator.py for tasks to queue
[2024-02-04T03:28:19.207+0000] {logging_mixin.py:188} INFO - [2024-02-04T03:28:19.207+0000] {dagbag.py:538} INFO - Filling up the DagBag from /home/airflow/.local/lib/python3.8/site-packages/airflow/example_dags/example_bash_operator.py
[2024-02-04T03:28:19.214+0000] {processor.py:840} INFO - DAG(s) 'example_bash_operator' retrieved from /home/airflow/.local/lib/python3.8/site-packages/airflow/example_dags/example_bash_operator.py
[2024-02-04T03:28:19.221+0000] {logging_mixin.py:188} INFO - [2024-02-04T03:28:19.221+0000] {dag.py:3036} INFO - Sync 1 DAGs
[2024-02-04T03:28:19.234+0000] {logging_mixin.py:188} INFO - [2024-02-04T03:28:19.234+0000] {dag.py:3823} INFO - Setting next_dagrun for example_bash_operator to 2024-02-03 00:00:00+00:00, run_after=2024-02-04 00:00:00+00:00
[2024-02-04T03:28:19.245+0000] {processor.py:183} INFO - Processing /home/airflow/.local/lib/python3.8/site-packages/airflow/example_dags/example_bash_operator.py took 0.041 seconds
