[2024-02-04T03:25:50.528+0000] {processor.py:161} INFO - Started process (PID=291) to work on /home/airflow/.local/lib/python3.8/site-packages/airflow/example_dags/example_nested_branch_dag.py
[2024-02-04T03:25:50.533+0000] {processor.py:830} INFO - Processing file /home/airflow/.local/lib/python3.8/site-packages/airflow/example_dags/example_nested_branch_dag.py for tasks to queue
[2024-02-04T03:25:50.535+0000] {logging_mixin.py:188} INFO - [2024-02-04T03:25:50.534+0000] {dagbag.py:538} INFO - Filling up the DagBag from /home/airflow/.local/lib/python3.8/site-packages/airflow/example_dags/example_nested_branch_dag.py
[2024-02-04T03:25:50.543+0000] {processor.py:840} INFO - DAG(s) 'example_nested_branch_dag' retrieved from /home/airflow/.local/lib/python3.8/site-packages/airflow/example_dags/example_nested_branch_dag.py
[2024-02-04T03:25:50.576+0000] {logging_mixin.py:188} INFO - [2024-02-04T03:25:50.576+0000] {dag.py:3036} INFO - Sync 1 DAGs
[2024-02-04T03:25:50.601+0000] {logging_mixin.py:188} INFO - [2024-02-04T03:25:50.601+0000] {dag.py:3823} INFO - Setting next_dagrun for example_nested_branch_dag to 2024-02-03 00:00:00+00:00, run_after=2024-02-04 00:00:00+00:00
[2024-02-04T03:25:50.621+0000] {processor.py:183} INFO - Processing /home/airflow/.local/lib/python3.8/site-packages/airflow/example_dags/example_nested_branch_dag.py took 0.097 seconds
[2024-02-04T03:26:20.924+0000] {processor.py:161} INFO - Started process (PID=540) to work on /home/airflow/.local/lib/python3.8/site-packages/airflow/example_dags/example_nested_branch_dag.py
[2024-02-04T03:26:20.924+0000] {processor.py:830} INFO - Processing file /home/airflow/.local/lib/python3.8/site-packages/airflow/example_dags/example_nested_branch_dag.py for tasks to queue
[2024-02-04T03:26:20.925+0000] {logging_mixin.py:188} INFO - [2024-02-04T03:26:20.924+0000] {dagbag.py:538} INFO - Filling up the DagBag from /home/airflow/.local/lib/python3.8/site-packages/airflow/example_dags/example_nested_branch_dag.py
[2024-02-04T03:26:20.930+0000] {processor.py:840} INFO - DAG(s) 'example_nested_branch_dag' retrieved from /home/airflow/.local/lib/python3.8/site-packages/airflow/example_dags/example_nested_branch_dag.py
[2024-02-04T03:26:20.941+0000] {logging_mixin.py:188} INFO - [2024-02-04T03:26:20.941+0000] {dag.py:3036} INFO - Sync 1 DAGs
[2024-02-04T03:26:20.951+0000] {logging_mixin.py:188} INFO - [2024-02-04T03:26:20.951+0000] {dag.py:3823} INFO - Setting next_dagrun for example_nested_branch_dag to 2024-02-03 00:00:00+00:00, run_after=2024-02-04 00:00:00+00:00
[2024-02-04T03:26:20.959+0000] {processor.py:183} INFO - Processing /home/airflow/.local/lib/python3.8/site-packages/airflow/example_dags/example_nested_branch_dag.py took 0.038 seconds
[2024-02-04T03:26:51.734+0000] {processor.py:161} INFO - Started process (PID=787) to work on /home/airflow/.local/lib/python3.8/site-packages/airflow/example_dags/example_nested_branch_dag.py
[2024-02-04T03:26:51.734+0000] {processor.py:830} INFO - Processing file /home/airflow/.local/lib/python3.8/site-packages/airflow/example_dags/example_nested_branch_dag.py for tasks to queue
[2024-02-04T03:26:51.735+0000] {logging_mixin.py:188} INFO - [2024-02-04T03:26:51.735+0000] {dagbag.py:538} INFO - Filling up the DagBag from /home/airflow/.local/lib/python3.8/site-packages/airflow/example_dags/example_nested_branch_dag.py
[2024-02-04T03:26:51.741+0000] {processor.py:840} INFO - DAG(s) 'example_nested_branch_dag' retrieved from /home/airflow/.local/lib/python3.8/site-packages/airflow/example_dags/example_nested_branch_dag.py
[2024-02-04T03:26:51.753+0000] {logging_mixin.py:188} INFO - [2024-02-04T03:26:51.753+0000] {dag.py:3036} INFO - Sync 1 DAGs
[2024-02-04T03:26:51.763+0000] {logging_mixin.py:188} INFO - [2024-02-04T03:26:51.763+0000] {dag.py:3823} INFO - Setting next_dagrun for example_nested_branch_dag to 2024-02-03 00:00:00+00:00, run_after=2024-02-04 00:00:00+00:00
[2024-02-04T03:26:51.772+0000] {processor.py:183} INFO - Processing /home/airflow/.local/lib/python3.8/site-packages/airflow/example_dags/example_nested_branch_dag.py took 0.041 seconds
[2024-02-04T03:27:35.895+0000] {processor.py:161} INFO - Started process (PID=1034) to work on /home/airflow/.local/lib/python3.8/site-packages/airflow/example_dags/example_nested_branch_dag.py
[2024-02-04T03:27:35.895+0000] {processor.py:830} INFO - Processing file /home/airflow/.local/lib/python3.8/site-packages/airflow/example_dags/example_nested_branch_dag.py for tasks to queue
[2024-02-04T03:27:35.896+0000] {logging_mixin.py:188} INFO - [2024-02-04T03:27:35.896+0000] {dagbag.py:538} INFO - Filling up the DagBag from /home/airflow/.local/lib/python3.8/site-packages/airflow/example_dags/example_nested_branch_dag.py
[2024-02-04T03:27:35.901+0000] {processor.py:840} INFO - DAG(s) 'example_nested_branch_dag' retrieved from /home/airflow/.local/lib/python3.8/site-packages/airflow/example_dags/example_nested_branch_dag.py
[2024-02-04T03:27:35.914+0000] {logging_mixin.py:188} INFO - [2024-02-04T03:27:35.914+0000] {dag.py:3036} INFO - Sync 1 DAGs
[2024-02-04T03:27:35.925+0000] {logging_mixin.py:188} INFO - [2024-02-04T03:27:35.925+0000] {dag.py:3823} INFO - Setting next_dagrun for example_nested_branch_dag to 2024-02-03 00:00:00+00:00, run_after=2024-02-04 00:00:00+00:00
[2024-02-04T03:27:35.934+0000] {processor.py:183} INFO - Processing /home/airflow/.local/lib/python3.8/site-packages/airflow/example_dags/example_nested_branch_dag.py took 0.041 seconds
[2024-02-04T03:28:18.701+0000] {processor.py:161} INFO - Started process (PID=293) to work on /home/airflow/.local/lib/python3.8/site-packages/airflow/example_dags/example_nested_branch_dag.py
[2024-02-04T03:28:18.703+0000] {processor.py:830} INFO - Processing file /home/airflow/.local/lib/python3.8/site-packages/airflow/example_dags/example_nested_branch_dag.py for tasks to queue
[2024-02-04T03:28:18.704+0000] {logging_mixin.py:188} INFO - [2024-02-04T03:28:18.704+0000] {dagbag.py:538} INFO - Filling up the DagBag from /home/airflow/.local/lib/python3.8/site-packages/airflow/example_dags/example_nested_branch_dag.py
[2024-02-04T03:28:18.711+0000] {processor.py:840} INFO - DAG(s) 'example_nested_branch_dag' retrieved from /home/airflow/.local/lib/python3.8/site-packages/airflow/example_dags/example_nested_branch_dag.py
[2024-02-04T03:28:18.721+0000] {logging_mixin.py:188} INFO - [2024-02-04T03:28:18.721+0000] {dag.py:3036} INFO - Sync 1 DAGs
[2024-02-04T03:28:18.738+0000] {logging_mixin.py:188} INFO - [2024-02-04T03:28:18.738+0000] {dag.py:3823} INFO - Setting next_dagrun for example_nested_branch_dag to 2024-02-03 00:00:00+00:00, run_after=2024-02-04 00:00:00+00:00
[2024-02-04T03:28:18.752+0000] {processor.py:183} INFO - Processing /home/airflow/.local/lib/python3.8/site-packages/airflow/example_dags/example_nested_branch_dag.py took 0.054 seconds
