[2024-02-04T03:25:51.058+0000] {processor.py:161} INFO - Started process (PID=316) to work on /home/airflow/.local/lib/python3.8/site-packages/airflow/example_dags/example_python_operator.py
[2024-02-04T03:25:51.062+0000] {processor.py:830} INFO - Processing file /home/airflow/.local/lib/python3.8/site-packages/airflow/example_dags/example_python_operator.py for tasks to queue
[2024-02-04T03:25:51.064+0000] {logging_mixin.py:188} INFO - [2024-02-04T03:25:51.064+0000] {dagbag.py:538} INFO - Filling up the DagBag from /home/airflow/.local/lib/python3.8/site-packages/airflow/example_dags/example_python_operator.py
[2024-02-04T03:25:51.078+0000] {processor.py:840} INFO - DAG(s) 'example_python_operator' retrieved from /home/airflow/.local/lib/python3.8/site-packages/airflow/example_dags/example_python_operator.py
[2024-02-04T03:25:51.197+0000] {logging_mixin.py:188} INFO - [2024-02-04T03:25:51.197+0000] {dag.py:3036} INFO - Sync 1 DAGs
[2024-02-04T03:25:51.206+0000] {logging_mixin.py:188} INFO - [2024-02-04T03:25:51.206+0000] {dag.py:3823} INFO - Setting next_dagrun for example_python_operator to None, run_after=None
[2024-02-04T03:25:51.252+0000] {processor.py:183} INFO - Processing /home/airflow/.local/lib/python3.8/site-packages/airflow/example_dags/example_python_operator.py took 0.199 seconds
[2024-02-04T03:26:22.219+0000] {processor.py:161} INFO - Started process (PID=565) to work on /home/airflow/.local/lib/python3.8/site-packages/airflow/example_dags/example_python_operator.py
[2024-02-04T03:26:22.221+0000] {processor.py:830} INFO - Processing file /home/airflow/.local/lib/python3.8/site-packages/airflow/example_dags/example_python_operator.py for tasks to queue
[2024-02-04T03:26:22.222+0000] {logging_mixin.py:188} INFO - [2024-02-04T03:26:22.222+0000] {dagbag.py:538} INFO - Filling up the DagBag from /home/airflow/.local/lib/python3.8/site-packages/airflow/example_dags/example_python_operator.py
[2024-02-04T03:26:22.234+0000] {processor.py:840} INFO - DAG(s) 'example_python_operator' retrieved from /home/airflow/.local/lib/python3.8/site-packages/airflow/example_dags/example_python_operator.py
[2024-02-04T03:26:22.252+0000] {logging_mixin.py:188} INFO - [2024-02-04T03:26:22.252+0000] {dag.py:3036} INFO - Sync 1 DAGs
[2024-02-04T03:26:22.260+0000] {logging_mixin.py:188} INFO - [2024-02-04T03:26:22.260+0000] {dag.py:3823} INFO - Setting next_dagrun for example_python_operator to None, run_after=None
[2024-02-04T03:26:22.270+0000] {processor.py:183} INFO - Processing /home/airflow/.local/lib/python3.8/site-packages/airflow/example_dags/example_python_operator.py took 0.056 seconds
[2024-02-04T03:26:52.895+0000] {processor.py:161} INFO - Started process (PID=812) to work on /home/airflow/.local/lib/python3.8/site-packages/airflow/example_dags/example_python_operator.py
[2024-02-04T03:26:52.896+0000] {processor.py:830} INFO - Processing file /home/airflow/.local/lib/python3.8/site-packages/airflow/example_dags/example_python_operator.py for tasks to queue
[2024-02-04T03:26:52.897+0000] {logging_mixin.py:188} INFO - [2024-02-04T03:26:52.896+0000] {dagbag.py:538} INFO - Filling up the DagBag from /home/airflow/.local/lib/python3.8/site-packages/airflow/example_dags/example_python_operator.py
[2024-02-04T03:26:52.907+0000] {processor.py:840} INFO - DAG(s) 'example_python_operator' retrieved from /home/airflow/.local/lib/python3.8/site-packages/airflow/example_dags/example_python_operator.py
[2024-02-04T03:26:52.926+0000] {logging_mixin.py:188} INFO - [2024-02-04T03:26:52.926+0000] {dag.py:3036} INFO - Sync 1 DAGs
[2024-02-04T03:26:52.934+0000] {logging_mixin.py:188} INFO - [2024-02-04T03:26:52.934+0000] {dag.py:3823} INFO - Setting next_dagrun for example_python_operator to None, run_after=None
[2024-02-04T03:26:52.946+0000] {processor.py:183} INFO - Processing /home/airflow/.local/lib/python3.8/site-packages/airflow/example_dags/example_python_operator.py took 0.055 seconds
[2024-02-04T03:27:36.068+0000] {processor.py:161} INFO - Started process (PID=1059) to work on /home/airflow/.local/lib/python3.8/site-packages/airflow/example_dags/example_python_operator.py
[2024-02-04T03:27:36.069+0000] {processor.py:830} INFO - Processing file /home/airflow/.local/lib/python3.8/site-packages/airflow/example_dags/example_python_operator.py for tasks to queue
[2024-02-04T03:27:36.069+0000] {logging_mixin.py:188} INFO - [2024-02-04T03:27:36.069+0000] {dagbag.py:538} INFO - Filling up the DagBag from /home/airflow/.local/lib/python3.8/site-packages/airflow/example_dags/example_python_operator.py
[2024-02-04T03:27:36.078+0000] {processor.py:840} INFO - DAG(s) 'example_python_operator' retrieved from /home/airflow/.local/lib/python3.8/site-packages/airflow/example_dags/example_python_operator.py
[2024-02-04T03:27:36.090+0000] {logging_mixin.py:188} INFO - [2024-02-04T03:27:36.090+0000] {dag.py:3036} INFO - Sync 1 DAGs
[2024-02-04T03:27:36.097+0000] {logging_mixin.py:188} INFO - [2024-02-04T03:27:36.097+0000] {dag.py:3823} INFO - Setting next_dagrun for example_python_operator to None, run_after=None
[2024-02-04T03:27:36.107+0000] {processor.py:183} INFO - Processing /home/airflow/.local/lib/python3.8/site-packages/airflow/example_dags/example_python_operator.py took 0.041 seconds
[2024-02-04T03:28:18.873+0000] {processor.py:161} INFO - Started process (PID=316) to work on /home/airflow/.local/lib/python3.8/site-packages/airflow/example_dags/example_python_operator.py
[2024-02-04T03:28:18.874+0000] {processor.py:830} INFO - Processing file /home/airflow/.local/lib/python3.8/site-packages/airflow/example_dags/example_python_operator.py for tasks to queue
[2024-02-04T03:28:18.874+0000] {logging_mixin.py:188} INFO - [2024-02-04T03:28:18.874+0000] {dagbag.py:538} INFO - Filling up the DagBag from /home/airflow/.local/lib/python3.8/site-packages/airflow/example_dags/example_python_operator.py
[2024-02-04T03:28:18.882+0000] {processor.py:840} INFO - DAG(s) 'example_python_operator' retrieved from /home/airflow/.local/lib/python3.8/site-packages/airflow/example_dags/example_python_operator.py
[2024-02-04T03:28:18.893+0000] {logging_mixin.py:188} INFO - [2024-02-04T03:28:18.893+0000] {dag.py:3036} INFO - Sync 1 DAGs
[2024-02-04T03:28:18.901+0000] {logging_mixin.py:188} INFO - [2024-02-04T03:28:18.901+0000] {dag.py:3823} INFO - Setting next_dagrun for example_python_operator to None, run_after=None
[2024-02-04T03:28:18.914+0000] {processor.py:183} INFO - Processing /home/airflow/.local/lib/python3.8/site-packages/airflow/example_dags/example_python_operator.py took 0.044 seconds
