[2024-10-06T16:17:13.445+0000] {processor.py:161} INFO - Started process (PID=287) to work on /home/airflow/.local/lib/python3.8/site-packages/airflow/example_dags/example_task_group.py
[2024-10-06T16:17:13.446+0000] {processor.py:830} INFO - Processing file /home/airflow/.local/lib/python3.8/site-packages/airflow/example_dags/example_task_group.py for tasks to queue
[2024-10-06T16:17:13.447+0000] {logging_mixin.py:188} INFO - [2024-10-06T16:17:13.447+0000] {dagbag.py:538} INFO - Filling up the DagBag from /home/airflow/.local/lib/python3.8/site-packages/airflow/example_dags/example_task_group.py
[2024-10-06T16:17:13.453+0000] {processor.py:840} INFO - DAG(s) 'example_task_group' retrieved from /home/airflow/.local/lib/python3.8/site-packages/airflow/example_dags/example_task_group.py
[2024-10-06T16:17:13.468+0000] {logging_mixin.py:188} INFO - [2024-10-06T16:17:13.468+0000] {dag.py:3036} INFO - Sync 1 DAGs
[2024-10-06T16:17:13.489+0000] {logging_mixin.py:188} INFO - [2024-10-06T16:17:13.489+0000] {dag.py:3823} INFO - Setting next_dagrun for example_task_group to 2024-10-05 00:00:00+00:00, run_after=2024-10-06 00:00:00+00:00
[2024-10-06T16:17:13.514+0000] {processor.py:183} INFO - Processing /home/airflow/.local/lib/python3.8/site-packages/airflow/example_dags/example_task_group.py took 0.072 seconds
[2024-10-06T16:17:44.312+0000] {processor.py:161} INFO - Started process (PID=532) to work on /home/airflow/.local/lib/python3.8/site-packages/airflow/example_dags/example_task_group.py
[2024-10-06T16:17:44.313+0000] {processor.py:830} INFO - Processing file /home/airflow/.local/lib/python3.8/site-packages/airflow/example_dags/example_task_group.py for tasks to queue
[2024-10-06T16:17:44.313+0000] {logging_mixin.py:188} INFO - [2024-10-06T16:17:44.313+0000] {dagbag.py:538} INFO - Filling up the DagBag from /home/airflow/.local/lib/python3.8/site-packages/airflow/example_dags/example_task_group.py
[2024-10-06T16:17:44.318+0000] {processor.py:840} INFO - DAG(s) 'example_task_group' retrieved from /home/airflow/.local/lib/python3.8/site-packages/airflow/example_dags/example_task_group.py
[2024-10-06T16:17:44.375+0000] {logging_mixin.py:188} INFO - [2024-10-06T16:17:44.375+0000] {dag.py:3036} INFO - Sync 1 DAGs
[2024-10-06T16:17:44.386+0000] {logging_mixin.py:188} INFO - [2024-10-06T16:17:44.386+0000] {dag.py:3823} INFO - Setting next_dagrun for example_task_group to 2024-10-05 00:00:00+00:00, run_after=2024-10-06 00:00:00+00:00
[2024-10-06T16:17:44.397+0000] {processor.py:183} INFO - Processing /home/airflow/.local/lib/python3.8/site-packages/airflow/example_dags/example_task_group.py took 0.088 seconds
[2024-10-06T16:18:14.658+0000] {processor.py:161} INFO - Started process (PID=779) to work on /home/airflow/.local/lib/python3.8/site-packages/airflow/example_dags/example_task_group.py
[2024-10-06T16:18:14.659+0000] {processor.py:830} INFO - Processing file /home/airflow/.local/lib/python3.8/site-packages/airflow/example_dags/example_task_group.py for tasks to queue
[2024-10-06T16:18:14.660+0000] {logging_mixin.py:188} INFO - [2024-10-06T16:18:14.659+0000] {dagbag.py:538} INFO - Filling up the DagBag from /home/airflow/.local/lib/python3.8/site-packages/airflow/example_dags/example_task_group.py
[2024-10-06T16:18:14.665+0000] {processor.py:840} INFO - DAG(s) 'example_task_group' retrieved from /home/airflow/.local/lib/python3.8/site-packages/airflow/example_dags/example_task_group.py
[2024-10-06T16:18:14.678+0000] {logging_mixin.py:188} INFO - [2024-10-06T16:18:14.678+0000] {dag.py:3036} INFO - Sync 1 DAGs
[2024-10-06T16:18:14.690+0000] {logging_mixin.py:188} INFO - [2024-10-06T16:18:14.689+0000] {dag.py:3823} INFO - Setting next_dagrun for example_task_group to 2024-10-05 00:00:00+00:00, run_after=2024-10-06 00:00:00+00:00
[2024-10-06T16:18:14.699+0000] {processor.py:183} INFO - Processing /home/airflow/.local/lib/python3.8/site-packages/airflow/example_dags/example_task_group.py took 0.043 seconds
[2024-10-06T16:18:45.376+0000] {processor.py:161} INFO - Started process (PID=1028) to work on /home/airflow/.local/lib/python3.8/site-packages/airflow/example_dags/example_task_group.py
[2024-10-06T16:18:45.377+0000] {processor.py:830} INFO - Processing file /home/airflow/.local/lib/python3.8/site-packages/airflow/example_dags/example_task_group.py for tasks to queue
[2024-10-06T16:18:45.378+0000] {logging_mixin.py:188} INFO - [2024-10-06T16:18:45.377+0000] {dagbag.py:538} INFO - Filling up the DagBag from /home/airflow/.local/lib/python3.8/site-packages/airflow/example_dags/example_task_group.py
[2024-10-06T16:18:45.383+0000] {processor.py:840} INFO - DAG(s) 'example_task_group' retrieved from /home/airflow/.local/lib/python3.8/site-packages/airflow/example_dags/example_task_group.py
[2024-10-06T16:18:45.396+0000] {logging_mixin.py:188} INFO - [2024-10-06T16:18:45.396+0000] {dag.py:3036} INFO - Sync 1 DAGs
[2024-10-06T16:18:45.409+0000] {logging_mixin.py:188} INFO - [2024-10-06T16:18:45.409+0000] {dag.py:3823} INFO - Setting next_dagrun for example_task_group to 2024-10-05 00:00:00+00:00, run_after=2024-10-06 00:00:00+00:00
[2024-10-06T16:18:45.419+0000] {processor.py:183} INFO - Processing /home/airflow/.local/lib/python3.8/site-packages/airflow/example_dags/example_task_group.py took 0.046 seconds
[2024-10-06T16:19:16.322+0000] {processor.py:161} INFO - Started process (PID=1273) to work on /home/airflow/.local/lib/python3.8/site-packages/airflow/example_dags/example_task_group.py
[2024-10-06T16:19:16.323+0000] {processor.py:830} INFO - Processing file /home/airflow/.local/lib/python3.8/site-packages/airflow/example_dags/example_task_group.py for tasks to queue
[2024-10-06T16:19:16.324+0000] {logging_mixin.py:188} INFO - [2024-10-06T16:19:16.324+0000] {dagbag.py:538} INFO - Filling up the DagBag from /home/airflow/.local/lib/python3.8/site-packages/airflow/example_dags/example_task_group.py
[2024-10-06T16:19:16.329+0000] {processor.py:840} INFO - DAG(s) 'example_task_group' retrieved from /home/airflow/.local/lib/python3.8/site-packages/airflow/example_dags/example_task_group.py
[2024-10-06T16:19:16.343+0000] {logging_mixin.py:188} INFO - [2024-10-06T16:19:16.342+0000] {dag.py:3036} INFO - Sync 1 DAGs
[2024-10-06T16:19:16.355+0000] {logging_mixin.py:188} INFO - [2024-10-06T16:19:16.355+0000] {dag.py:3823} INFO - Setting next_dagrun for example_task_group to 2024-10-05 00:00:00+00:00, run_after=2024-10-06 00:00:00+00:00
[2024-10-06T16:19:16.367+0000] {processor.py:183} INFO - Processing /home/airflow/.local/lib/python3.8/site-packages/airflow/example_dags/example_task_group.py took 0.047 seconds
[2024-10-06T16:19:47.147+0000] {processor.py:161} INFO - Started process (PID=1522) to work on /home/airflow/.local/lib/python3.8/site-packages/airflow/example_dags/example_task_group.py
[2024-10-06T16:19:47.148+0000] {processor.py:830} INFO - Processing file /home/airflow/.local/lib/python3.8/site-packages/airflow/example_dags/example_task_group.py for tasks to queue
[2024-10-06T16:19:47.149+0000] {logging_mixin.py:188} INFO - [2024-10-06T16:19:47.149+0000] {dagbag.py:538} INFO - Filling up the DagBag from /home/airflow/.local/lib/python3.8/site-packages/airflow/example_dags/example_task_group.py
[2024-10-06T16:19:47.157+0000] {processor.py:840} INFO - DAG(s) 'example_task_group' retrieved from /home/airflow/.local/lib/python3.8/site-packages/airflow/example_dags/example_task_group.py
[2024-10-06T16:19:47.173+0000] {logging_mixin.py:188} INFO - [2024-10-06T16:19:47.173+0000] {dag.py:3036} INFO - Sync 1 DAGs
[2024-10-06T16:19:47.188+0000] {logging_mixin.py:188} INFO - [2024-10-06T16:19:47.188+0000] {dag.py:3823} INFO - Setting next_dagrun for example_task_group to 2024-10-05 00:00:00+00:00, run_after=2024-10-06 00:00:00+00:00
[2024-10-06T16:19:47.200+0000] {processor.py:183} INFO - Processing /home/airflow/.local/lib/python3.8/site-packages/airflow/example_dags/example_task_group.py took 0.055 seconds
[2024-10-06T16:20:18.015+0000] {processor.py:161} INFO - Started process (PID=1767) to work on /home/airflow/.local/lib/python3.8/site-packages/airflow/example_dags/example_task_group.py
[2024-10-06T16:20:18.016+0000] {processor.py:830} INFO - Processing file /home/airflow/.local/lib/python3.8/site-packages/airflow/example_dags/example_task_group.py for tasks to queue
[2024-10-06T16:20:18.016+0000] {logging_mixin.py:188} INFO - [2024-10-06T16:20:18.016+0000] {dagbag.py:538} INFO - Filling up the DagBag from /home/airflow/.local/lib/python3.8/site-packages/airflow/example_dags/example_task_group.py
[2024-10-06T16:20:18.022+0000] {processor.py:840} INFO - DAG(s) 'example_task_group' retrieved from /home/airflow/.local/lib/python3.8/site-packages/airflow/example_dags/example_task_group.py
[2024-10-06T16:20:18.038+0000] {logging_mixin.py:188} INFO - [2024-10-06T16:20:18.037+0000] {dag.py:3036} INFO - Sync 1 DAGs
[2024-10-06T16:20:18.052+0000] {logging_mixin.py:188} INFO - [2024-10-06T16:20:18.052+0000] {dag.py:3823} INFO - Setting next_dagrun for example_task_group to 2024-10-05 00:00:00+00:00, run_after=2024-10-06 00:00:00+00:00
[2024-10-06T16:20:18.064+0000] {processor.py:183} INFO - Processing /home/airflow/.local/lib/python3.8/site-packages/airflow/example_dags/example_task_group.py took 0.052 seconds
[2024-10-06T16:20:48.992+0000] {processor.py:161} INFO - Started process (PID=2016) to work on /home/airflow/.local/lib/python3.8/site-packages/airflow/example_dags/example_task_group.py
[2024-10-06T16:20:48.993+0000] {processor.py:830} INFO - Processing file /home/airflow/.local/lib/python3.8/site-packages/airflow/example_dags/example_task_group.py for tasks to queue
[2024-10-06T16:20:48.993+0000] {logging_mixin.py:188} INFO - [2024-10-06T16:20:48.993+0000] {dagbag.py:538} INFO - Filling up the DagBag from /home/airflow/.local/lib/python3.8/site-packages/airflow/example_dags/example_task_group.py
[2024-10-06T16:20:48.999+0000] {processor.py:840} INFO - DAG(s) 'example_task_group' retrieved from /home/airflow/.local/lib/python3.8/site-packages/airflow/example_dags/example_task_group.py
[2024-10-06T16:20:49.015+0000] {logging_mixin.py:188} INFO - [2024-10-06T16:20:49.015+0000] {dag.py:3036} INFO - Sync 1 DAGs
[2024-10-06T16:20:49.029+0000] {logging_mixin.py:188} INFO - [2024-10-06T16:20:49.029+0000] {dag.py:3823} INFO - Setting next_dagrun for example_task_group to 2024-10-05 00:00:00+00:00, run_after=2024-10-06 00:00:00+00:00
[2024-10-06T16:20:49.040+0000] {processor.py:183} INFO - Processing /home/airflow/.local/lib/python3.8/site-packages/airflow/example_dags/example_task_group.py took 0.052 seconds
[2024-10-06T16:21:19.784+0000] {processor.py:161} INFO - Started process (PID=2263) to work on /home/airflow/.local/lib/python3.8/site-packages/airflow/example_dags/example_task_group.py
[2024-10-06T16:21:19.785+0000] {processor.py:830} INFO - Processing file /home/airflow/.local/lib/python3.8/site-packages/airflow/example_dags/example_task_group.py for tasks to queue
[2024-10-06T16:21:19.786+0000] {logging_mixin.py:188} INFO - [2024-10-06T16:21:19.786+0000] {dagbag.py:538} INFO - Filling up the DagBag from /home/airflow/.local/lib/python3.8/site-packages/airflow/example_dags/example_task_group.py
[2024-10-06T16:21:19.791+0000] {processor.py:840} INFO - DAG(s) 'example_task_group' retrieved from /home/airflow/.local/lib/python3.8/site-packages/airflow/example_dags/example_task_group.py
[2024-10-06T16:21:19.804+0000] {logging_mixin.py:188} INFO - [2024-10-06T16:21:19.804+0000] {dag.py:3036} INFO - Sync 1 DAGs
[2024-10-06T16:21:19.816+0000] {logging_mixin.py:188} INFO - [2024-10-06T16:21:19.816+0000] {dag.py:3823} INFO - Setting next_dagrun for example_task_group to 2024-10-05 00:00:00+00:00, run_after=2024-10-06 00:00:00+00:00
[2024-10-06T16:21:19.827+0000] {processor.py:183} INFO - Processing /home/airflow/.local/lib/python3.8/site-packages/airflow/example_dags/example_task_group.py took 0.045 seconds
[2024-10-06T16:21:50.881+0000] {processor.py:161} INFO - Started process (PID=2510) to work on /home/airflow/.local/lib/python3.8/site-packages/airflow/example_dags/example_task_group.py
[2024-10-06T16:21:50.882+0000] {processor.py:830} INFO - Processing file /home/airflow/.local/lib/python3.8/site-packages/airflow/example_dags/example_task_group.py for tasks to queue
[2024-10-06T16:21:50.883+0000] {logging_mixin.py:188} INFO - [2024-10-06T16:21:50.883+0000] {dagbag.py:538} INFO - Filling up the DagBag from /home/airflow/.local/lib/python3.8/site-packages/airflow/example_dags/example_task_group.py
[2024-10-06T16:21:50.889+0000] {processor.py:840} INFO - DAG(s) 'example_task_group' retrieved from /home/airflow/.local/lib/python3.8/site-packages/airflow/example_dags/example_task_group.py
[2024-10-06T16:21:50.905+0000] {logging_mixin.py:188} INFO - [2024-10-06T16:21:50.904+0000] {dag.py:3036} INFO - Sync 1 DAGs
[2024-10-06T16:21:50.919+0000] {logging_mixin.py:188} INFO - [2024-10-06T16:21:50.919+0000] {dag.py:3823} INFO - Setting next_dagrun for example_task_group to 2024-10-05 00:00:00+00:00, run_after=2024-10-06 00:00:00+00:00
[2024-10-06T16:21:50.941+0000] {processor.py:183} INFO - Processing /home/airflow/.local/lib/python3.8/site-packages/airflow/example_dags/example_task_group.py took 0.063 seconds
[2024-10-06T16:22:21.326+0000] {processor.py:161} INFO - Started process (PID=2755) to work on /home/airflow/.local/lib/python3.8/site-packages/airflow/example_dags/example_task_group.py
[2024-10-06T16:22:21.327+0000] {processor.py:830} INFO - Processing file /home/airflow/.local/lib/python3.8/site-packages/airflow/example_dags/example_task_group.py for tasks to queue
[2024-10-06T16:22:21.328+0000] {logging_mixin.py:188} INFO - [2024-10-06T16:22:21.328+0000] {dagbag.py:538} INFO - Filling up the DagBag from /home/airflow/.local/lib/python3.8/site-packages/airflow/example_dags/example_task_group.py
[2024-10-06T16:22:21.335+0000] {processor.py:840} INFO - DAG(s) 'example_task_group' retrieved from /home/airflow/.local/lib/python3.8/site-packages/airflow/example_dags/example_task_group.py
[2024-10-06T16:22:21.351+0000] {logging_mixin.py:188} INFO - [2024-10-06T16:22:21.351+0000] {dag.py:3036} INFO - Sync 1 DAGs
[2024-10-06T16:22:21.365+0000] {logging_mixin.py:188} INFO - [2024-10-06T16:22:21.365+0000] {dag.py:3823} INFO - Setting next_dagrun for example_task_group to 2024-10-05 00:00:00+00:00, run_after=2024-10-06 00:00:00+00:00
[2024-10-06T16:22:21.376+0000] {processor.py:183} INFO - Processing /home/airflow/.local/lib/python3.8/site-packages/airflow/example_dags/example_task_group.py took 0.053 seconds
[2024-10-06T16:22:51.730+0000] {processor.py:161} INFO - Started process (PID=3002) to work on /home/airflow/.local/lib/python3.8/site-packages/airflow/example_dags/example_task_group.py
[2024-10-06T16:22:51.731+0000] {processor.py:830} INFO - Processing file /home/airflow/.local/lib/python3.8/site-packages/airflow/example_dags/example_task_group.py for tasks to queue
[2024-10-06T16:22:51.732+0000] {logging_mixin.py:188} INFO - [2024-10-06T16:22:51.732+0000] {dagbag.py:538} INFO - Filling up the DagBag from /home/airflow/.local/lib/python3.8/site-packages/airflow/example_dags/example_task_group.py
[2024-10-06T16:22:51.737+0000] {processor.py:840} INFO - DAG(s) 'example_task_group' retrieved from /home/airflow/.local/lib/python3.8/site-packages/airflow/example_dags/example_task_group.py
[2024-10-06T16:22:51.751+0000] {logging_mixin.py:188} INFO - [2024-10-06T16:22:51.751+0000] {dag.py:3036} INFO - Sync 1 DAGs
[2024-10-06T16:22:51.764+0000] {logging_mixin.py:188} INFO - [2024-10-06T16:22:51.764+0000] {dag.py:3823} INFO - Setting next_dagrun for example_task_group to 2024-10-05 00:00:00+00:00, run_after=2024-10-06 00:00:00+00:00
[2024-10-06T16:22:51.775+0000] {processor.py:183} INFO - Processing /home/airflow/.local/lib/python3.8/site-packages/airflow/example_dags/example_task_group.py took 0.048 seconds
[2024-10-06T16:23:22.564+0000] {processor.py:161} INFO - Started process (PID=3249) to work on /home/airflow/.local/lib/python3.8/site-packages/airflow/example_dags/example_task_group.py
[2024-10-06T16:23:22.564+0000] {processor.py:830} INFO - Processing file /home/airflow/.local/lib/python3.8/site-packages/airflow/example_dags/example_task_group.py for tasks to queue
[2024-10-06T16:23:22.565+0000] {logging_mixin.py:188} INFO - [2024-10-06T16:23:22.565+0000] {dagbag.py:538} INFO - Filling up the DagBag from /home/airflow/.local/lib/python3.8/site-packages/airflow/example_dags/example_task_group.py
[2024-10-06T16:23:22.570+0000] {processor.py:840} INFO - DAG(s) 'example_task_group' retrieved from /home/airflow/.local/lib/python3.8/site-packages/airflow/example_dags/example_task_group.py
[2024-10-06T16:23:22.587+0000] {logging_mixin.py:188} INFO - [2024-10-06T16:23:22.587+0000] {dag.py:3036} INFO - Sync 1 DAGs
[2024-10-06T16:23:22.602+0000] {logging_mixin.py:188} INFO - [2024-10-06T16:23:22.602+0000] {dag.py:3823} INFO - Setting next_dagrun for example_task_group to 2024-10-05 00:00:00+00:00, run_after=2024-10-06 00:00:00+00:00
[2024-10-06T16:23:22.615+0000] {processor.py:183} INFO - Processing /home/airflow/.local/lib/python3.8/site-packages/airflow/example_dags/example_task_group.py took 0.054 seconds
[2024-10-06T16:23:53.369+0000] {processor.py:161} INFO - Started process (PID=3496) to work on /home/airflow/.local/lib/python3.8/site-packages/airflow/example_dags/example_task_group.py
[2024-10-06T16:23:53.370+0000] {processor.py:830} INFO - Processing file /home/airflow/.local/lib/python3.8/site-packages/airflow/example_dags/example_task_group.py for tasks to queue
[2024-10-06T16:23:53.371+0000] {logging_mixin.py:188} INFO - [2024-10-06T16:23:53.371+0000] {dagbag.py:538} INFO - Filling up the DagBag from /home/airflow/.local/lib/python3.8/site-packages/airflow/example_dags/example_task_group.py
[2024-10-06T16:23:53.376+0000] {processor.py:840} INFO - DAG(s) 'example_task_group' retrieved from /home/airflow/.local/lib/python3.8/site-packages/airflow/example_dags/example_task_group.py
[2024-10-06T16:23:53.390+0000] {logging_mixin.py:188} INFO - [2024-10-06T16:23:53.390+0000] {dag.py:3036} INFO - Sync 1 DAGs
[2024-10-06T16:23:53.402+0000] {logging_mixin.py:188} INFO - [2024-10-06T16:23:53.402+0000] {dag.py:3823} INFO - Setting next_dagrun for example_task_group to 2024-10-05 00:00:00+00:00, run_after=2024-10-06 00:00:00+00:00
[2024-10-06T16:23:53.412+0000] {processor.py:183} INFO - Processing /home/airflow/.local/lib/python3.8/site-packages/airflow/example_dags/example_task_group.py took 0.045 seconds
[2024-10-06T16:24:24.146+0000] {processor.py:161} INFO - Started process (PID=3743) to work on /home/airflow/.local/lib/python3.8/site-packages/airflow/example_dags/example_task_group.py
[2024-10-06T16:24:24.147+0000] {processor.py:830} INFO - Processing file /home/airflow/.local/lib/python3.8/site-packages/airflow/example_dags/example_task_group.py for tasks to queue
[2024-10-06T16:24:24.147+0000] {logging_mixin.py:188} INFO - [2024-10-06T16:24:24.147+0000] {dagbag.py:538} INFO - Filling up the DagBag from /home/airflow/.local/lib/python3.8/site-packages/airflow/example_dags/example_task_group.py
[2024-10-06T16:24:24.152+0000] {processor.py:840} INFO - DAG(s) 'example_task_group' retrieved from /home/airflow/.local/lib/python3.8/site-packages/airflow/example_dags/example_task_group.py
[2024-10-06T16:24:24.165+0000] {logging_mixin.py:188} INFO - [2024-10-06T16:24:24.165+0000] {dag.py:3036} INFO - Sync 1 DAGs
[2024-10-06T16:24:24.177+0000] {logging_mixin.py:188} INFO - [2024-10-06T16:24:24.177+0000] {dag.py:3823} INFO - Setting next_dagrun for example_task_group to 2024-10-05 00:00:00+00:00, run_after=2024-10-06 00:00:00+00:00
[2024-10-06T16:24:24.187+0000] {processor.py:183} INFO - Processing /home/airflow/.local/lib/python3.8/site-packages/airflow/example_dags/example_task_group.py took 0.044 seconds
[2024-10-06T16:24:55.228+0000] {processor.py:161} INFO - Started process (PID=3990) to work on /home/airflow/.local/lib/python3.8/site-packages/airflow/example_dags/example_task_group.py
[2024-10-06T16:24:55.229+0000] {processor.py:830} INFO - Processing file /home/airflow/.local/lib/python3.8/site-packages/airflow/example_dags/example_task_group.py for tasks to queue
[2024-10-06T16:24:55.230+0000] {logging_mixin.py:188} INFO - [2024-10-06T16:24:55.230+0000] {dagbag.py:538} INFO - Filling up the DagBag from /home/airflow/.local/lib/python3.8/site-packages/airflow/example_dags/example_task_group.py
[2024-10-06T16:24:55.235+0000] {processor.py:840} INFO - DAG(s) 'example_task_group' retrieved from /home/airflow/.local/lib/python3.8/site-packages/airflow/example_dags/example_task_group.py
[2024-10-06T16:24:55.249+0000] {logging_mixin.py:188} INFO - [2024-10-06T16:24:55.249+0000] {dag.py:3036} INFO - Sync 1 DAGs
[2024-10-06T16:24:55.264+0000] {logging_mixin.py:188} INFO - [2024-10-06T16:24:55.264+0000] {dag.py:3823} INFO - Setting next_dagrun for example_task_group to 2024-10-05 00:00:00+00:00, run_after=2024-10-06 00:00:00+00:00
[2024-10-06T16:24:55.278+0000] {processor.py:183} INFO - Processing /home/airflow/.local/lib/python3.8/site-packages/airflow/example_dags/example_task_group.py took 0.052 seconds
[2024-10-06T16:25:25.403+0000] {processor.py:161} INFO - Started process (PID=4237) to work on /home/airflow/.local/lib/python3.8/site-packages/airflow/example_dags/example_task_group.py
[2024-10-06T16:25:25.405+0000] {processor.py:830} INFO - Processing file /home/airflow/.local/lib/python3.8/site-packages/airflow/example_dags/example_task_group.py for tasks to queue
[2024-10-06T16:25:25.406+0000] {logging_mixin.py:188} INFO - [2024-10-06T16:25:25.406+0000] {dagbag.py:538} INFO - Filling up the DagBag from /home/airflow/.local/lib/python3.8/site-packages/airflow/example_dags/example_task_group.py
[2024-10-06T16:25:25.412+0000] {processor.py:840} INFO - DAG(s) 'example_task_group' retrieved from /home/airflow/.local/lib/python3.8/site-packages/airflow/example_dags/example_task_group.py
[2024-10-06T16:25:25.430+0000] {logging_mixin.py:188} INFO - [2024-10-06T16:25:25.430+0000] {dag.py:3036} INFO - Sync 1 DAGs
[2024-10-06T16:25:25.448+0000] {logging_mixin.py:188} INFO - [2024-10-06T16:25:25.447+0000] {dag.py:3823} INFO - Setting next_dagrun for example_task_group to 2024-10-05 00:00:00+00:00, run_after=2024-10-06 00:00:00+00:00
[2024-10-06T16:25:25.479+0000] {processor.py:183} INFO - Processing /home/airflow/.local/lib/python3.8/site-packages/airflow/example_dags/example_task_group.py took 0.078 seconds
[2024-10-06T16:25:55.667+0000] {processor.py:161} INFO - Started process (PID=4484) to work on /home/airflow/.local/lib/python3.8/site-packages/airflow/example_dags/example_task_group.py
[2024-10-06T16:25:55.668+0000] {processor.py:830} INFO - Processing file /home/airflow/.local/lib/python3.8/site-packages/airflow/example_dags/example_task_group.py for tasks to queue
[2024-10-06T16:25:55.669+0000] {logging_mixin.py:188} INFO - [2024-10-06T16:25:55.668+0000] {dagbag.py:538} INFO - Filling up the DagBag from /home/airflow/.local/lib/python3.8/site-packages/airflow/example_dags/example_task_group.py
[2024-10-06T16:25:55.676+0000] {processor.py:840} INFO - DAG(s) 'example_task_group' retrieved from /home/airflow/.local/lib/python3.8/site-packages/airflow/example_dags/example_task_group.py
[2024-10-06T16:25:55.692+0000] {logging_mixin.py:188} INFO - [2024-10-06T16:25:55.692+0000] {dag.py:3036} INFO - Sync 1 DAGs
[2024-10-06T16:25:55.704+0000] {logging_mixin.py:188} INFO - [2024-10-06T16:25:55.704+0000] {dag.py:3823} INFO - Setting next_dagrun for example_task_group to 2024-10-05 00:00:00+00:00, run_after=2024-10-06 00:00:00+00:00
[2024-10-06T16:25:55.716+0000] {processor.py:183} INFO - Processing /home/airflow/.local/lib/python3.8/site-packages/airflow/example_dags/example_task_group.py took 0.052 seconds
[2024-10-06T16:26:25.782+0000] {processor.py:161} INFO - Started process (PID=4733) to work on /home/airflow/.local/lib/python3.8/site-packages/airflow/example_dags/example_task_group.py
[2024-10-06T16:26:25.783+0000] {processor.py:830} INFO - Processing file /home/airflow/.local/lib/python3.8/site-packages/airflow/example_dags/example_task_group.py for tasks to queue
[2024-10-06T16:26:25.784+0000] {logging_mixin.py:188} INFO - [2024-10-06T16:26:25.784+0000] {dagbag.py:538} INFO - Filling up the DagBag from /home/airflow/.local/lib/python3.8/site-packages/airflow/example_dags/example_task_group.py
[2024-10-06T16:26:25.788+0000] {processor.py:840} INFO - DAG(s) 'example_task_group' retrieved from /home/airflow/.local/lib/python3.8/site-packages/airflow/example_dags/example_task_group.py
[2024-10-06T16:26:25.801+0000] {logging_mixin.py:188} INFO - [2024-10-06T16:26:25.801+0000] {dag.py:3036} INFO - Sync 1 DAGs
[2024-10-06T16:26:25.812+0000] {logging_mixin.py:188} INFO - [2024-10-06T16:26:25.812+0000] {dag.py:3823} INFO - Setting next_dagrun for example_task_group to 2024-10-05 00:00:00+00:00, run_after=2024-10-06 00:00:00+00:00
[2024-10-06T16:26:25.823+0000] {processor.py:183} INFO - Processing /home/airflow/.local/lib/python3.8/site-packages/airflow/example_dags/example_task_group.py took 0.043 seconds
[2024-10-06T16:26:55.901+0000] {processor.py:161} INFO - Started process (PID=4980) to work on /home/airflow/.local/lib/python3.8/site-packages/airflow/example_dags/example_task_group.py
[2024-10-06T16:26:55.902+0000] {processor.py:830} INFO - Processing file /home/airflow/.local/lib/python3.8/site-packages/airflow/example_dags/example_task_group.py for tasks to queue
[2024-10-06T16:26:55.902+0000] {logging_mixin.py:188} INFO - [2024-10-06T16:26:55.902+0000] {dagbag.py:538} INFO - Filling up the DagBag from /home/airflow/.local/lib/python3.8/site-packages/airflow/example_dags/example_task_group.py
[2024-10-06T16:26:55.907+0000] {processor.py:840} INFO - DAG(s) 'example_task_group' retrieved from /home/airflow/.local/lib/python3.8/site-packages/airflow/example_dags/example_task_group.py
[2024-10-06T16:26:55.920+0000] {logging_mixin.py:188} INFO - [2024-10-06T16:26:55.920+0000] {dag.py:3036} INFO - Sync 1 DAGs
[2024-10-06T16:26:55.931+0000] {logging_mixin.py:188} INFO - [2024-10-06T16:26:55.931+0000] {dag.py:3823} INFO - Setting next_dagrun for example_task_group to 2024-10-05 00:00:00+00:00, run_after=2024-10-06 00:00:00+00:00
[2024-10-06T16:26:55.941+0000] {processor.py:183} INFO - Processing /home/airflow/.local/lib/python3.8/site-packages/airflow/example_dags/example_task_group.py took 0.043 seconds
[2024-10-06T16:27:26.553+0000] {processor.py:161} INFO - Started process (PID=5227) to work on /home/airflow/.local/lib/python3.8/site-packages/airflow/example_dags/example_task_group.py
[2024-10-06T16:27:26.566+0000] {processor.py:830} INFO - Processing file /home/airflow/.local/lib/python3.8/site-packages/airflow/example_dags/example_task_group.py for tasks to queue
[2024-10-06T16:27:26.570+0000] {logging_mixin.py:188} INFO - [2024-10-06T16:27:26.569+0000] {dagbag.py:538} INFO - Filling up the DagBag from /home/airflow/.local/lib/python3.8/site-packages/airflow/example_dags/example_task_group.py
[2024-10-06T16:27:26.599+0000] {processor.py:840} INFO - DAG(s) 'example_task_group' retrieved from /home/airflow/.local/lib/python3.8/site-packages/airflow/example_dags/example_task_group.py
[2024-10-06T16:27:26.724+0000] {logging_mixin.py:188} INFO - [2024-10-06T16:27:26.723+0000] {dag.py:3036} INFO - Sync 1 DAGs
[2024-10-06T16:27:26.786+0000] {logging_mixin.py:188} INFO - [2024-10-06T16:27:26.786+0000] {dag.py:3823} INFO - Setting next_dagrun for example_task_group to 2024-10-05 00:00:00+00:00, run_after=2024-10-06 00:00:00+00:00
[2024-10-06T16:27:26.831+0000] {processor.py:183} INFO - Processing /home/airflow/.local/lib/python3.8/site-packages/airflow/example_dags/example_task_group.py took 0.296 seconds
