[2024-10-06T16:17:14.009+0000] {processor.py:161} INFO - Started process (PID=317) to work on /home/airflow/.local/lib/python3.8/site-packages/airflow/example_dags/example_python_operator.py
[2024-10-06T16:17:14.010+0000] {processor.py:830} INFO - Processing file /home/airflow/.local/lib/python3.8/site-packages/airflow/example_dags/example_python_operator.py for tasks to queue
[2024-10-06T16:17:14.012+0000] {logging_mixin.py:188} INFO - [2024-10-06T16:17:14.012+0000] {dagbag.py:538} INFO - Filling up the DagBag from /home/airflow/.local/lib/python3.8/site-packages/airflow/example_dags/example_python_operator.py
[2024-10-06T16:17:14.030+0000] {processor.py:840} INFO - DAG(s) 'example_python_operator' retrieved from /home/airflow/.local/lib/python3.8/site-packages/airflow/example_dags/example_python_operator.py
[2024-10-06T16:17:14.053+0000] {logging_mixin.py:188} INFO - [2024-10-06T16:17:14.053+0000] {dag.py:3036} INFO - Sync 1 DAGs
[2024-10-06T16:17:14.067+0000] {logging_mixin.py:188} INFO - [2024-10-06T16:17:14.067+0000] {dag.py:3823} INFO - Setting next_dagrun for example_python_operator to None, run_after=None
[2024-10-06T16:17:14.085+0000] {processor.py:183} INFO - Processing /home/airflow/.local/lib/python3.8/site-packages/airflow/example_dags/example_python_operator.py took 0.080 seconds
[2024-10-06T16:17:44.755+0000] {processor.py:161} INFO - Started process (PID=564) to work on /home/airflow/.local/lib/python3.8/site-packages/airflow/example_dags/example_python_operator.py
[2024-10-06T16:17:44.756+0000] {processor.py:830} INFO - Processing file /home/airflow/.local/lib/python3.8/site-packages/airflow/example_dags/example_python_operator.py for tasks to queue
[2024-10-06T16:17:44.757+0000] {logging_mixin.py:188} INFO - [2024-10-06T16:17:44.756+0000] {dagbag.py:538} INFO - Filling up the DagBag from /home/airflow/.local/lib/python3.8/site-packages/airflow/example_dags/example_python_operator.py
[2024-10-06T16:17:44.764+0000] {processor.py:840} INFO - DAG(s) 'example_python_operator' retrieved from /home/airflow/.local/lib/python3.8/site-packages/airflow/example_dags/example_python_operator.py
[2024-10-06T16:17:44.826+0000] {logging_mixin.py:188} INFO - [2024-10-06T16:17:44.825+0000] {dag.py:3036} INFO - Sync 1 DAGs
[2024-10-06T16:17:44.832+0000] {logging_mixin.py:188} INFO - [2024-10-06T16:17:44.832+0000] {dag.py:3823} INFO - Setting next_dagrun for example_python_operator to None, run_after=None
[2024-10-06T16:17:44.844+0000] {processor.py:183} INFO - Processing /home/airflow/.local/lib/python3.8/site-packages/airflow/example_dags/example_python_operator.py took 0.092 seconds
[2024-10-06T16:18:14.867+0000] {processor.py:161} INFO - Started process (PID=809) to work on /home/airflow/.local/lib/python3.8/site-packages/airflow/example_dags/example_python_operator.py
[2024-10-06T16:18:14.868+0000] {processor.py:830} INFO - Processing file /home/airflow/.local/lib/python3.8/site-packages/airflow/example_dags/example_python_operator.py for tasks to queue
[2024-10-06T16:18:14.869+0000] {logging_mixin.py:188} INFO - [2024-10-06T16:18:14.869+0000] {dagbag.py:538} INFO - Filling up the DagBag from /home/airflow/.local/lib/python3.8/site-packages/airflow/example_dags/example_python_operator.py
[2024-10-06T16:18:14.875+0000] {processor.py:840} INFO - DAG(s) 'example_python_operator' retrieved from /home/airflow/.local/lib/python3.8/site-packages/airflow/example_dags/example_python_operator.py
[2024-10-06T16:18:14.888+0000] {logging_mixin.py:188} INFO - [2024-10-06T16:18:14.888+0000] {dag.py:3036} INFO - Sync 1 DAGs
[2024-10-06T16:18:14.895+0000] {logging_mixin.py:188} INFO - [2024-10-06T16:18:14.895+0000] {dag.py:3823} INFO - Setting next_dagrun for example_python_operator to None, run_after=None
[2024-10-06T16:18:14.909+0000] {processor.py:183} INFO - Processing /home/airflow/.local/lib/python3.8/site-packages/airflow/example_dags/example_python_operator.py took 0.044 seconds
[2024-10-06T16:18:45.643+0000] {processor.py:161} INFO - Started process (PID=1058) to work on /home/airflow/.local/lib/python3.8/site-packages/airflow/example_dags/example_python_operator.py
[2024-10-06T16:18:45.644+0000] {processor.py:830} INFO - Processing file /home/airflow/.local/lib/python3.8/site-packages/airflow/example_dags/example_python_operator.py for tasks to queue
[2024-10-06T16:18:45.644+0000] {logging_mixin.py:188} INFO - [2024-10-06T16:18:45.644+0000] {dagbag.py:538} INFO - Filling up the DagBag from /home/airflow/.local/lib/python3.8/site-packages/airflow/example_dags/example_python_operator.py
[2024-10-06T16:18:45.651+0000] {processor.py:840} INFO - DAG(s) 'example_python_operator' retrieved from /home/airflow/.local/lib/python3.8/site-packages/airflow/example_dags/example_python_operator.py
[2024-10-06T16:18:45.664+0000] {logging_mixin.py:188} INFO - [2024-10-06T16:18:45.664+0000] {dag.py:3036} INFO - Sync 1 DAGs
[2024-10-06T16:18:45.671+0000] {logging_mixin.py:188} INFO - [2024-10-06T16:18:45.671+0000] {dag.py:3823} INFO - Setting next_dagrun for example_python_operator to None, run_after=None
[2024-10-06T16:18:45.681+0000] {processor.py:183} INFO - Processing /home/airflow/.local/lib/python3.8/site-packages/airflow/example_dags/example_python_operator.py took 0.041 seconds
[2024-10-06T16:19:16.577+0000] {processor.py:161} INFO - Started process (PID=1303) to work on /home/airflow/.local/lib/python3.8/site-packages/airflow/example_dags/example_python_operator.py
[2024-10-06T16:19:16.578+0000] {processor.py:830} INFO - Processing file /home/airflow/.local/lib/python3.8/site-packages/airflow/example_dags/example_python_operator.py for tasks to queue
[2024-10-06T16:19:16.579+0000] {logging_mixin.py:188} INFO - [2024-10-06T16:19:16.578+0000] {dagbag.py:538} INFO - Filling up the DagBag from /home/airflow/.local/lib/python3.8/site-packages/airflow/example_dags/example_python_operator.py
[2024-10-06T16:19:16.585+0000] {processor.py:840} INFO - DAG(s) 'example_python_operator' retrieved from /home/airflow/.local/lib/python3.8/site-packages/airflow/example_dags/example_python_operator.py
[2024-10-06T16:19:16.598+0000] {logging_mixin.py:188} INFO - [2024-10-06T16:19:16.597+0000] {dag.py:3036} INFO - Sync 1 DAGs
[2024-10-06T16:19:16.605+0000] {logging_mixin.py:188} INFO - [2024-10-06T16:19:16.604+0000] {dag.py:3823} INFO - Setting next_dagrun for example_python_operator to None, run_after=None
[2024-10-06T16:19:16.617+0000] {processor.py:183} INFO - Processing /home/airflow/.local/lib/python3.8/site-packages/airflow/example_dags/example_python_operator.py took 0.043 seconds
[2024-10-06T16:19:47.441+0000] {processor.py:161} INFO - Started process (PID=1552) to work on /home/airflow/.local/lib/python3.8/site-packages/airflow/example_dags/example_python_operator.py
[2024-10-06T16:19:47.442+0000] {processor.py:830} INFO - Processing file /home/airflow/.local/lib/python3.8/site-packages/airflow/example_dags/example_python_operator.py for tasks to queue
[2024-10-06T16:19:47.443+0000] {logging_mixin.py:188} INFO - [2024-10-06T16:19:47.443+0000] {dagbag.py:538} INFO - Filling up the DagBag from /home/airflow/.local/lib/python3.8/site-packages/airflow/example_dags/example_python_operator.py
[2024-10-06T16:19:47.450+0000] {processor.py:840} INFO - DAG(s) 'example_python_operator' retrieved from /home/airflow/.local/lib/python3.8/site-packages/airflow/example_dags/example_python_operator.py
[2024-10-06T16:19:47.464+0000] {logging_mixin.py:188} INFO - [2024-10-06T16:19:47.464+0000] {dag.py:3036} INFO - Sync 1 DAGs
[2024-10-06T16:19:47.471+0000] {logging_mixin.py:188} INFO - [2024-10-06T16:19:47.471+0000] {dag.py:3823} INFO - Setting next_dagrun for example_python_operator to None, run_after=None
[2024-10-06T16:19:47.482+0000] {processor.py:183} INFO - Processing /home/airflow/.local/lib/python3.8/site-packages/airflow/example_dags/example_python_operator.py took 0.043 seconds
[2024-10-06T16:20:18.267+0000] {processor.py:161} INFO - Started process (PID=1797) to work on /home/airflow/.local/lib/python3.8/site-packages/airflow/example_dags/example_python_operator.py
[2024-10-06T16:20:18.268+0000] {processor.py:830} INFO - Processing file /home/airflow/.local/lib/python3.8/site-packages/airflow/example_dags/example_python_operator.py for tasks to queue
[2024-10-06T16:20:18.269+0000] {logging_mixin.py:188} INFO - [2024-10-06T16:20:18.269+0000] {dagbag.py:538} INFO - Filling up the DagBag from /home/airflow/.local/lib/python3.8/site-packages/airflow/example_dags/example_python_operator.py
[2024-10-06T16:20:18.277+0000] {processor.py:840} INFO - DAG(s) 'example_python_operator' retrieved from /home/airflow/.local/lib/python3.8/site-packages/airflow/example_dags/example_python_operator.py
[2024-10-06T16:20:18.291+0000] {logging_mixin.py:188} INFO - [2024-10-06T16:20:18.291+0000] {dag.py:3036} INFO - Sync 1 DAGs
[2024-10-06T16:20:18.298+0000] {logging_mixin.py:188} INFO - [2024-10-06T16:20:18.298+0000] {dag.py:3823} INFO - Setting next_dagrun for example_python_operator to None, run_after=None
[2024-10-06T16:20:18.308+0000] {processor.py:183} INFO - Processing /home/airflow/.local/lib/python3.8/site-packages/airflow/example_dags/example_python_operator.py took 0.043 seconds
[2024-10-06T16:20:49.210+0000] {processor.py:161} INFO - Started process (PID=2044) to work on /home/airflow/.local/lib/python3.8/site-packages/airflow/example_dags/example_python_operator.py
[2024-10-06T16:20:49.211+0000] {processor.py:830} INFO - Processing file /home/airflow/.local/lib/python3.8/site-packages/airflow/example_dags/example_python_operator.py for tasks to queue
[2024-10-06T16:20:49.212+0000] {logging_mixin.py:188} INFO - [2024-10-06T16:20:49.212+0000] {dagbag.py:538} INFO - Filling up the DagBag from /home/airflow/.local/lib/python3.8/site-packages/airflow/example_dags/example_python_operator.py
[2024-10-06T16:20:49.219+0000] {processor.py:840} INFO - DAG(s) 'example_python_operator' retrieved from /home/airflow/.local/lib/python3.8/site-packages/airflow/example_dags/example_python_operator.py
[2024-10-06T16:20:49.234+0000] {logging_mixin.py:188} INFO - [2024-10-06T16:20:49.234+0000] {dag.py:3036} INFO - Sync 1 DAGs
[2024-10-06T16:20:49.241+0000] {logging_mixin.py:188} INFO - [2024-10-06T16:20:49.241+0000] {dag.py:3823} INFO - Setting next_dagrun for example_python_operator to None, run_after=None
[2024-10-06T16:20:49.251+0000] {processor.py:183} INFO - Processing /home/airflow/.local/lib/python3.8/site-packages/airflow/example_dags/example_python_operator.py took 0.044 seconds
[2024-10-06T16:21:19.996+0000] {processor.py:161} INFO - Started process (PID=2291) to work on /home/airflow/.local/lib/python3.8/site-packages/airflow/example_dags/example_python_operator.py
[2024-10-06T16:21:19.997+0000] {processor.py:830} INFO - Processing file /home/airflow/.local/lib/python3.8/site-packages/airflow/example_dags/example_python_operator.py for tasks to queue
[2024-10-06T16:21:19.998+0000] {logging_mixin.py:188} INFO - [2024-10-06T16:21:19.997+0000] {dagbag.py:538} INFO - Filling up the DagBag from /home/airflow/.local/lib/python3.8/site-packages/airflow/example_dags/example_python_operator.py
[2024-10-06T16:21:20.004+0000] {processor.py:840} INFO - DAG(s) 'example_python_operator' retrieved from /home/airflow/.local/lib/python3.8/site-packages/airflow/example_dags/example_python_operator.py
[2024-10-06T16:21:20.019+0000] {logging_mixin.py:188} INFO - [2024-10-06T16:21:20.018+0000] {dag.py:3036} INFO - Sync 1 DAGs
[2024-10-06T16:21:20.025+0000] {logging_mixin.py:188} INFO - [2024-10-06T16:21:20.025+0000] {dag.py:3823} INFO - Setting next_dagrun for example_python_operator to None, run_after=None
[2024-10-06T16:21:20.037+0000] {processor.py:183} INFO - Processing /home/airflow/.local/lib/python3.8/site-packages/airflow/example_dags/example_python_operator.py took 0.043 seconds
[2024-10-06T16:21:51.296+0000] {processor.py:161} INFO - Started process (PID=2538) to work on /home/airflow/.local/lib/python3.8/site-packages/airflow/example_dags/example_python_operator.py
[2024-10-06T16:21:51.297+0000] {processor.py:830} INFO - Processing file /home/airflow/.local/lib/python3.8/site-packages/airflow/example_dags/example_python_operator.py for tasks to queue
[2024-10-06T16:21:51.298+0000] {logging_mixin.py:188} INFO - [2024-10-06T16:21:51.298+0000] {dagbag.py:538} INFO - Filling up the DagBag from /home/airflow/.local/lib/python3.8/site-packages/airflow/example_dags/example_python_operator.py
[2024-10-06T16:21:51.310+0000] {processor.py:840} INFO - DAG(s) 'example_python_operator' retrieved from /home/airflow/.local/lib/python3.8/site-packages/airflow/example_dags/example_python_operator.py
[2024-10-06T16:21:51.352+0000] {logging_mixin.py:188} INFO - [2024-10-06T16:21:51.352+0000] {dag.py:3036} INFO - Sync 1 DAGs
[2024-10-06T16:21:51.363+0000] {logging_mixin.py:188} INFO - [2024-10-06T16:21:51.363+0000] {dag.py:3823} INFO - Setting next_dagrun for example_python_operator to None, run_after=None
[2024-10-06T16:21:51.387+0000] {processor.py:183} INFO - Processing /home/airflow/.local/lib/python3.8/site-packages/airflow/example_dags/example_python_operator.py took 0.093 seconds
[2024-10-06T16:22:21.599+0000] {processor.py:161} INFO - Started process (PID=2787) to work on /home/airflow/.local/lib/python3.8/site-packages/airflow/example_dags/example_python_operator.py
[2024-10-06T16:22:21.599+0000] {processor.py:830} INFO - Processing file /home/airflow/.local/lib/python3.8/site-packages/airflow/example_dags/example_python_operator.py for tasks to queue
[2024-10-06T16:22:21.600+0000] {logging_mixin.py:188} INFO - [2024-10-06T16:22:21.600+0000] {dagbag.py:538} INFO - Filling up the DagBag from /home/airflow/.local/lib/python3.8/site-packages/airflow/example_dags/example_python_operator.py
[2024-10-06T16:22:21.606+0000] {processor.py:840} INFO - DAG(s) 'example_python_operator' retrieved from /home/airflow/.local/lib/python3.8/site-packages/airflow/example_dags/example_python_operator.py
[2024-10-06T16:22:21.619+0000] {logging_mixin.py:188} INFO - [2024-10-06T16:22:21.619+0000] {dag.py:3036} INFO - Sync 1 DAGs
[2024-10-06T16:22:21.625+0000] {logging_mixin.py:188} INFO - [2024-10-06T16:22:21.625+0000] {dag.py:3823} INFO - Setting next_dagrun for example_python_operator to None, run_after=None
[2024-10-06T16:22:21.635+0000] {processor.py:183} INFO - Processing /home/airflow/.local/lib/python3.8/site-packages/airflow/example_dags/example_python_operator.py took 0.038 seconds
[2024-10-06T16:22:51.956+0000] {processor.py:161} INFO - Started process (PID=3032) to work on /home/airflow/.local/lib/python3.8/site-packages/airflow/example_dags/example_python_operator.py
[2024-10-06T16:22:51.957+0000] {processor.py:830} INFO - Processing file /home/airflow/.local/lib/python3.8/site-packages/airflow/example_dags/example_python_operator.py for tasks to queue
[2024-10-06T16:22:51.958+0000] {logging_mixin.py:188} INFO - [2024-10-06T16:22:51.958+0000] {dagbag.py:538} INFO - Filling up the DagBag from /home/airflow/.local/lib/python3.8/site-packages/airflow/example_dags/example_python_operator.py
[2024-10-06T16:22:51.965+0000] {processor.py:840} INFO - DAG(s) 'example_python_operator' retrieved from /home/airflow/.local/lib/python3.8/site-packages/airflow/example_dags/example_python_operator.py
[2024-10-06T16:22:51.979+0000] {logging_mixin.py:188} INFO - [2024-10-06T16:22:51.979+0000] {dag.py:3036} INFO - Sync 1 DAGs
[2024-10-06T16:22:51.986+0000] {logging_mixin.py:188} INFO - [2024-10-06T16:22:51.986+0000] {dag.py:3823} INFO - Setting next_dagrun for example_python_operator to None, run_after=None
[2024-10-06T16:22:51.999+0000] {processor.py:183} INFO - Processing /home/airflow/.local/lib/python3.8/site-packages/airflow/example_dags/example_python_operator.py took 0.045 seconds
[2024-10-06T16:23:22.864+0000] {processor.py:161} INFO - Started process (PID=3279) to work on /home/airflow/.local/lib/python3.8/site-packages/airflow/example_dags/example_python_operator.py
[2024-10-06T16:23:22.865+0000] {processor.py:830} INFO - Processing file /home/airflow/.local/lib/python3.8/site-packages/airflow/example_dags/example_python_operator.py for tasks to queue
[2024-10-06T16:23:22.865+0000] {logging_mixin.py:188} INFO - [2024-10-06T16:23:22.865+0000] {dagbag.py:538} INFO - Filling up the DagBag from /home/airflow/.local/lib/python3.8/site-packages/airflow/example_dags/example_python_operator.py
[2024-10-06T16:23:22.872+0000] {processor.py:840} INFO - DAG(s) 'example_python_operator' retrieved from /home/airflow/.local/lib/python3.8/site-packages/airflow/example_dags/example_python_operator.py
[2024-10-06T16:23:22.886+0000] {logging_mixin.py:188} INFO - [2024-10-06T16:23:22.886+0000] {dag.py:3036} INFO - Sync 1 DAGs
[2024-10-06T16:23:22.894+0000] {logging_mixin.py:188} INFO - [2024-10-06T16:23:22.894+0000] {dag.py:3823} INFO - Setting next_dagrun for example_python_operator to None, run_after=None
[2024-10-06T16:23:22.906+0000] {processor.py:183} INFO - Processing /home/airflow/.local/lib/python3.8/site-packages/airflow/example_dags/example_python_operator.py took 0.045 seconds
[2024-10-06T16:23:53.637+0000] {processor.py:161} INFO - Started process (PID=3526) to work on /home/airflow/.local/lib/python3.8/site-packages/airflow/example_dags/example_python_operator.py
[2024-10-06T16:23:53.638+0000] {processor.py:830} INFO - Processing file /home/airflow/.local/lib/python3.8/site-packages/airflow/example_dags/example_python_operator.py for tasks to queue
[2024-10-06T16:23:53.638+0000] {logging_mixin.py:188} INFO - [2024-10-06T16:23:53.638+0000] {dagbag.py:538} INFO - Filling up the DagBag from /home/airflow/.local/lib/python3.8/site-packages/airflow/example_dags/example_python_operator.py
[2024-10-06T16:23:53.645+0000] {processor.py:840} INFO - DAG(s) 'example_python_operator' retrieved from /home/airflow/.local/lib/python3.8/site-packages/airflow/example_dags/example_python_operator.py
[2024-10-06T16:23:53.662+0000] {logging_mixin.py:188} INFO - [2024-10-06T16:23:53.661+0000] {dag.py:3036} INFO - Sync 1 DAGs
[2024-10-06T16:23:53.669+0000] {logging_mixin.py:188} INFO - [2024-10-06T16:23:53.669+0000] {dag.py:3823} INFO - Setting next_dagrun for example_python_operator to None, run_after=None
[2024-10-06T16:23:53.679+0000] {processor.py:183} INFO - Processing /home/airflow/.local/lib/python3.8/site-packages/airflow/example_dags/example_python_operator.py took 0.044 seconds
[2024-10-06T16:24:24.428+0000] {processor.py:161} INFO - Started process (PID=3773) to work on /home/airflow/.local/lib/python3.8/site-packages/airflow/example_dags/example_python_operator.py
[2024-10-06T16:24:24.429+0000] {processor.py:830} INFO - Processing file /home/airflow/.local/lib/python3.8/site-packages/airflow/example_dags/example_python_operator.py for tasks to queue
[2024-10-06T16:24:24.429+0000] {logging_mixin.py:188} INFO - [2024-10-06T16:24:24.429+0000] {dagbag.py:538} INFO - Filling up the DagBag from /home/airflow/.local/lib/python3.8/site-packages/airflow/example_dags/example_python_operator.py
[2024-10-06T16:24:24.436+0000] {processor.py:840} INFO - DAG(s) 'example_python_operator' retrieved from /home/airflow/.local/lib/python3.8/site-packages/airflow/example_dags/example_python_operator.py
[2024-10-06T16:24:24.450+0000] {logging_mixin.py:188} INFO - [2024-10-06T16:24:24.450+0000] {dag.py:3036} INFO - Sync 1 DAGs
[2024-10-06T16:24:24.457+0000] {logging_mixin.py:188} INFO - [2024-10-06T16:24:24.456+0000] {dag.py:3823} INFO - Setting next_dagrun for example_python_operator to None, run_after=None
[2024-10-06T16:24:24.466+0000] {processor.py:183} INFO - Processing /home/airflow/.local/lib/python3.8/site-packages/airflow/example_dags/example_python_operator.py took 0.041 seconds
[2024-10-06T16:24:55.539+0000] {processor.py:161} INFO - Started process (PID=4020) to work on /home/airflow/.local/lib/python3.8/site-packages/airflow/example_dags/example_python_operator.py
[2024-10-06T16:24:55.540+0000] {processor.py:830} INFO - Processing file /home/airflow/.local/lib/python3.8/site-packages/airflow/example_dags/example_python_operator.py for tasks to queue
[2024-10-06T16:24:55.541+0000] {logging_mixin.py:188} INFO - [2024-10-06T16:24:55.541+0000] {dagbag.py:538} INFO - Filling up the DagBag from /home/airflow/.local/lib/python3.8/site-packages/airflow/example_dags/example_python_operator.py
[2024-10-06T16:24:55.547+0000] {processor.py:840} INFO - DAG(s) 'example_python_operator' retrieved from /home/airflow/.local/lib/python3.8/site-packages/airflow/example_dags/example_python_operator.py
[2024-10-06T16:24:55.562+0000] {logging_mixin.py:188} INFO - [2024-10-06T16:24:55.562+0000] {dag.py:3036} INFO - Sync 1 DAGs
[2024-10-06T16:24:55.569+0000] {logging_mixin.py:188} INFO - [2024-10-06T16:24:55.569+0000] {dag.py:3823} INFO - Setting next_dagrun for example_python_operator to None, run_after=None
[2024-10-06T16:24:55.581+0000] {processor.py:183} INFO - Processing /home/airflow/.local/lib/python3.8/site-packages/airflow/example_dags/example_python_operator.py took 0.044 seconds
[2024-10-06T16:25:25.681+0000] {processor.py:161} INFO - Started process (PID=4267) to work on /home/airflow/.local/lib/python3.8/site-packages/airflow/example_dags/example_python_operator.py
[2024-10-06T16:25:25.682+0000] {processor.py:830} INFO - Processing file /home/airflow/.local/lib/python3.8/site-packages/airflow/example_dags/example_python_operator.py for tasks to queue
[2024-10-06T16:25:25.682+0000] {logging_mixin.py:188} INFO - [2024-10-06T16:25:25.682+0000] {dagbag.py:538} INFO - Filling up the DagBag from /home/airflow/.local/lib/python3.8/site-packages/airflow/example_dags/example_python_operator.py
[2024-10-06T16:25:25.693+0000] {processor.py:840} INFO - DAG(s) 'example_python_operator' retrieved from /home/airflow/.local/lib/python3.8/site-packages/airflow/example_dags/example_python_operator.py
[2024-10-06T16:25:25.708+0000] {logging_mixin.py:188} INFO - [2024-10-06T16:25:25.708+0000] {dag.py:3036} INFO - Sync 1 DAGs
[2024-10-06T16:25:25.715+0000] {logging_mixin.py:188} INFO - [2024-10-06T16:25:25.715+0000] {dag.py:3823} INFO - Setting next_dagrun for example_python_operator to None, run_after=None
[2024-10-06T16:25:25.727+0000] {processor.py:183} INFO - Processing /home/airflow/.local/lib/python3.8/site-packages/airflow/example_dags/example_python_operator.py took 0.049 seconds
[2024-10-06T16:25:55.998+0000] {processor.py:161} INFO - Started process (PID=4516) to work on /home/airflow/.local/lib/python3.8/site-packages/airflow/example_dags/example_python_operator.py
[2024-10-06T16:25:55.999+0000] {processor.py:830} INFO - Processing file /home/airflow/.local/lib/python3.8/site-packages/airflow/example_dags/example_python_operator.py for tasks to queue
[2024-10-06T16:25:56.000+0000] {logging_mixin.py:188} INFO - [2024-10-06T16:25:55.999+0000] {dagbag.py:538} INFO - Filling up the DagBag from /home/airflow/.local/lib/python3.8/site-packages/airflow/example_dags/example_python_operator.py
[2024-10-06T16:25:56.007+0000] {processor.py:840} INFO - DAG(s) 'example_python_operator' retrieved from /home/airflow/.local/lib/python3.8/site-packages/airflow/example_dags/example_python_operator.py
[2024-10-06T16:25:56.025+0000] {logging_mixin.py:188} INFO - [2024-10-06T16:25:56.025+0000] {dag.py:3036} INFO - Sync 1 DAGs
[2024-10-06T16:25:56.037+0000] {logging_mixin.py:188} INFO - [2024-10-06T16:25:56.037+0000] {dag.py:3823} INFO - Setting next_dagrun for example_python_operator to None, run_after=None
[2024-10-06T16:25:56.050+0000] {processor.py:183} INFO - Processing /home/airflow/.local/lib/python3.8/site-packages/airflow/example_dags/example_python_operator.py took 0.054 seconds
[2024-10-06T16:26:26.156+0000] {processor.py:161} INFO - Started process (PID=4761) to work on /home/airflow/.local/lib/python3.8/site-packages/airflow/example_dags/example_python_operator.py
[2024-10-06T16:26:26.157+0000] {processor.py:830} INFO - Processing file /home/airflow/.local/lib/python3.8/site-packages/airflow/example_dags/example_python_operator.py for tasks to queue
[2024-10-06T16:26:26.157+0000] {logging_mixin.py:188} INFO - [2024-10-06T16:26:26.157+0000] {dagbag.py:538} INFO - Filling up the DagBag from /home/airflow/.local/lib/python3.8/site-packages/airflow/example_dags/example_python_operator.py
[2024-10-06T16:26:26.164+0000] {processor.py:840} INFO - DAG(s) 'example_python_operator' retrieved from /home/airflow/.local/lib/python3.8/site-packages/airflow/example_dags/example_python_operator.py
[2024-10-06T16:26:26.179+0000] {logging_mixin.py:188} INFO - [2024-10-06T16:26:26.179+0000] {dag.py:3036} INFO - Sync 1 DAGs
[2024-10-06T16:26:26.186+0000] {logging_mixin.py:188} INFO - [2024-10-06T16:26:26.186+0000] {dag.py:3823} INFO - Setting next_dagrun for example_python_operator to None, run_after=None
[2024-10-06T16:26:26.196+0000] {processor.py:183} INFO - Processing /home/airflow/.local/lib/python3.8/site-packages/airflow/example_dags/example_python_operator.py took 0.043 seconds
[2024-10-06T16:26:57.162+0000] {processor.py:161} INFO - Started process (PID=5010) to work on /home/airflow/.local/lib/python3.8/site-packages/airflow/example_dags/example_python_operator.py
[2024-10-06T16:26:57.163+0000] {processor.py:830} INFO - Processing file /home/airflow/.local/lib/python3.8/site-packages/airflow/example_dags/example_python_operator.py for tasks to queue
[2024-10-06T16:26:57.164+0000] {logging_mixin.py:188} INFO - [2024-10-06T16:26:57.164+0000] {dagbag.py:538} INFO - Filling up the DagBag from /home/airflow/.local/lib/python3.8/site-packages/airflow/example_dags/example_python_operator.py
[2024-10-06T16:26:57.170+0000] {processor.py:840} INFO - DAG(s) 'example_python_operator' retrieved from /home/airflow/.local/lib/python3.8/site-packages/airflow/example_dags/example_python_operator.py
[2024-10-06T16:26:57.183+0000] {logging_mixin.py:188} INFO - [2024-10-06T16:26:57.183+0000] {dag.py:3036} INFO - Sync 1 DAGs
[2024-10-06T16:26:57.189+0000] {logging_mixin.py:188} INFO - [2024-10-06T16:26:57.189+0000] {dag.py:3823} INFO - Setting next_dagrun for example_python_operator to None, run_after=None
[2024-10-06T16:26:57.200+0000] {processor.py:183} INFO - Processing /home/airflow/.local/lib/python3.8/site-packages/airflow/example_dags/example_python_operator.py took 0.039 seconds
