[2024-10-06T16:17:14.898+0000] {processor.py:161} INFO - Started process (PID=372) to work on /home/airflow/.local/lib/python3.8/site-packages/airflow/example_dags/example_time_delta_sensor_async.py
[2024-10-06T16:17:14.900+0000] {processor.py:830} INFO - Processing file /home/airflow/.local/lib/python3.8/site-packages/airflow/example_dags/example_time_delta_sensor_async.py for tasks to queue
[2024-10-06T16:17:14.903+0000] {logging_mixin.py:188} INFO - [2024-10-06T16:17:14.902+0000] {dagbag.py:538} INFO - Filling up the DagBag from /home/airflow/.local/lib/python3.8/site-packages/airflow/example_dags/example_time_delta_sensor_async.py
[2024-10-06T16:17:14.910+0000] {processor.py:840} INFO - DAG(s) 'example_time_delta_sensor_async' retrieved from /home/airflow/.local/lib/python3.8/site-packages/airflow/example_dags/example_time_delta_sensor_async.py
[2024-10-06T16:17:14.932+0000] {logging_mixin.py:188} INFO - [2024-10-06T16:17:14.931+0000] {dag.py:3036} INFO - Sync 1 DAGs
[2024-10-06T16:17:14.949+0000] {logging_mixin.py:188} INFO - [2024-10-06T16:17:14.949+0000] {dag.py:3823} INFO - Setting next_dagrun for example_time_delta_sensor_async to None, run_after=None
[2024-10-06T16:17:14.968+0000] {processor.py:183} INFO - Processing /home/airflow/.local/lib/python3.8/site-packages/airflow/example_dags/example_time_delta_sensor_async.py took 0.075 seconds
[2024-10-06T16:17:45.538+0000] {processor.py:161} INFO - Started process (PID=617) to work on /home/airflow/.local/lib/python3.8/site-packages/airflow/example_dags/example_time_delta_sensor_async.py
[2024-10-06T16:17:45.539+0000] {processor.py:830} INFO - Processing file /home/airflow/.local/lib/python3.8/site-packages/airflow/example_dags/example_time_delta_sensor_async.py for tasks to queue
[2024-10-06T16:17:45.540+0000] {logging_mixin.py:188} INFO - [2024-10-06T16:17:45.540+0000] {dagbag.py:538} INFO - Filling up the DagBag from /home/airflow/.local/lib/python3.8/site-packages/airflow/example_dags/example_time_delta_sensor_async.py
[2024-10-06T16:17:45.543+0000] {processor.py:840} INFO - DAG(s) 'example_time_delta_sensor_async' retrieved from /home/airflow/.local/lib/python3.8/site-packages/airflow/example_dags/example_time_delta_sensor_async.py
[2024-10-06T16:17:45.607+0000] {logging_mixin.py:188} INFO - [2024-10-06T16:17:45.607+0000] {dag.py:3036} INFO - Sync 1 DAGs
[2024-10-06T16:17:45.613+0000] {logging_mixin.py:188} INFO - [2024-10-06T16:17:45.613+0000] {dag.py:3823} INFO - Setting next_dagrun for example_time_delta_sensor_async to None, run_after=None
[2024-10-06T16:17:45.624+0000] {processor.py:183} INFO - Processing /home/airflow/.local/lib/python3.8/site-packages/airflow/example_dags/example_time_delta_sensor_async.py took 0.088 seconds
[2024-10-06T16:18:16.261+0000] {processor.py:161} INFO - Started process (PID=864) to work on /home/airflow/.local/lib/python3.8/site-packages/airflow/example_dags/example_time_delta_sensor_async.py
[2024-10-06T16:18:16.262+0000] {processor.py:830} INFO - Processing file /home/airflow/.local/lib/python3.8/site-packages/airflow/example_dags/example_time_delta_sensor_async.py for tasks to queue
[2024-10-06T16:18:16.263+0000] {logging_mixin.py:188} INFO - [2024-10-06T16:18:16.263+0000] {dagbag.py:538} INFO - Filling up the DagBag from /home/airflow/.local/lib/python3.8/site-packages/airflow/example_dags/example_time_delta_sensor_async.py
[2024-10-06T16:18:16.266+0000] {processor.py:840} INFO - DAG(s) 'example_time_delta_sensor_async' retrieved from /home/airflow/.local/lib/python3.8/site-packages/airflow/example_dags/example_time_delta_sensor_async.py
[2024-10-06T16:18:16.279+0000] {logging_mixin.py:188} INFO - [2024-10-06T16:18:16.279+0000] {dag.py:3036} INFO - Sync 1 DAGs
[2024-10-06T16:18:16.285+0000] {logging_mixin.py:188} INFO - [2024-10-06T16:18:16.285+0000] {dag.py:3823} INFO - Setting next_dagrun for example_time_delta_sensor_async to None, run_after=None
[2024-10-06T16:18:16.295+0000] {processor.py:183} INFO - Processing /home/airflow/.local/lib/python3.8/site-packages/airflow/example_dags/example_time_delta_sensor_async.py took 0.036 seconds
[2024-10-06T16:18:47.091+0000] {processor.py:161} INFO - Started process (PID=1111) to work on /home/airflow/.local/lib/python3.8/site-packages/airflow/example_dags/example_time_delta_sensor_async.py
[2024-10-06T16:18:47.092+0000] {processor.py:830} INFO - Processing file /home/airflow/.local/lib/python3.8/site-packages/airflow/example_dags/example_time_delta_sensor_async.py for tasks to queue
[2024-10-06T16:18:47.093+0000] {logging_mixin.py:188} INFO - [2024-10-06T16:18:47.093+0000] {dagbag.py:538} INFO - Filling up the DagBag from /home/airflow/.local/lib/python3.8/site-packages/airflow/example_dags/example_time_delta_sensor_async.py
[2024-10-06T16:18:47.096+0000] {processor.py:840} INFO - DAG(s) 'example_time_delta_sensor_async' retrieved from /home/airflow/.local/lib/python3.8/site-packages/airflow/example_dags/example_time_delta_sensor_async.py
[2024-10-06T16:18:47.114+0000] {logging_mixin.py:188} INFO - [2024-10-06T16:18:47.114+0000] {dag.py:3036} INFO - Sync 1 DAGs
[2024-10-06T16:18:47.123+0000] {logging_mixin.py:188} INFO - [2024-10-06T16:18:47.123+0000] {dag.py:3823} INFO - Setting next_dagrun for example_time_delta_sensor_async to None, run_after=None
[2024-10-06T16:18:47.139+0000] {processor.py:183} INFO - Processing /home/airflow/.local/lib/python3.8/site-packages/airflow/example_dags/example_time_delta_sensor_async.py took 0.051 seconds
[2024-10-06T16:19:17.987+0000] {processor.py:161} INFO - Started process (PID=1358) to work on /home/airflow/.local/lib/python3.8/site-packages/airflow/example_dags/example_time_delta_sensor_async.py
[2024-10-06T16:19:17.988+0000] {processor.py:830} INFO - Processing file /home/airflow/.local/lib/python3.8/site-packages/airflow/example_dags/example_time_delta_sensor_async.py for tasks to queue
[2024-10-06T16:19:17.988+0000] {logging_mixin.py:188} INFO - [2024-10-06T16:19:17.988+0000] {dagbag.py:538} INFO - Filling up the DagBag from /home/airflow/.local/lib/python3.8/site-packages/airflow/example_dags/example_time_delta_sensor_async.py
[2024-10-06T16:19:17.992+0000] {processor.py:840} INFO - DAG(s) 'example_time_delta_sensor_async' retrieved from /home/airflow/.local/lib/python3.8/site-packages/airflow/example_dags/example_time_delta_sensor_async.py
[2024-10-06T16:19:18.006+0000] {logging_mixin.py:188} INFO - [2024-10-06T16:19:18.005+0000] {dag.py:3036} INFO - Sync 1 DAGs
[2024-10-06T16:19:18.013+0000] {logging_mixin.py:188} INFO - [2024-10-06T16:19:18.013+0000] {dag.py:3823} INFO - Setting next_dagrun for example_time_delta_sensor_async to None, run_after=None
[2024-10-06T16:19:18.025+0000] {processor.py:183} INFO - Processing /home/airflow/.local/lib/python3.8/site-packages/airflow/example_dags/example_time_delta_sensor_async.py took 0.040 seconds
[2024-10-06T16:19:48.879+0000] {processor.py:161} INFO - Started process (PID=1605) to work on /home/airflow/.local/lib/python3.8/site-packages/airflow/example_dags/example_time_delta_sensor_async.py
[2024-10-06T16:19:48.880+0000] {processor.py:830} INFO - Processing file /home/airflow/.local/lib/python3.8/site-packages/airflow/example_dags/example_time_delta_sensor_async.py for tasks to queue
[2024-10-06T16:19:48.880+0000] {logging_mixin.py:188} INFO - [2024-10-06T16:19:48.880+0000] {dagbag.py:538} INFO - Filling up the DagBag from /home/airflow/.local/lib/python3.8/site-packages/airflow/example_dags/example_time_delta_sensor_async.py
[2024-10-06T16:19:48.884+0000] {processor.py:840} INFO - DAG(s) 'example_time_delta_sensor_async' retrieved from /home/airflow/.local/lib/python3.8/site-packages/airflow/example_dags/example_time_delta_sensor_async.py
[2024-10-06T16:19:48.900+0000] {logging_mixin.py:188} INFO - [2024-10-06T16:19:48.900+0000] {dag.py:3036} INFO - Sync 1 DAGs
[2024-10-06T16:19:48.908+0000] {logging_mixin.py:188} INFO - [2024-10-06T16:19:48.908+0000] {dag.py:3823} INFO - Setting next_dagrun for example_time_delta_sensor_async to None, run_after=None
[2024-10-06T16:19:48.922+0000] {processor.py:183} INFO - Processing /home/airflow/.local/lib/python3.8/site-packages/airflow/example_dags/example_time_delta_sensor_async.py took 0.046 seconds
[2024-10-06T16:20:19.719+0000] {processor.py:161} INFO - Started process (PID=1854) to work on /home/airflow/.local/lib/python3.8/site-packages/airflow/example_dags/example_time_delta_sensor_async.py
[2024-10-06T16:20:19.720+0000] {processor.py:830} INFO - Processing file /home/airflow/.local/lib/python3.8/site-packages/airflow/example_dags/example_time_delta_sensor_async.py for tasks to queue
[2024-10-06T16:20:19.721+0000] {logging_mixin.py:188} INFO - [2024-10-06T16:20:19.720+0000] {dagbag.py:538} INFO - Filling up the DagBag from /home/airflow/.local/lib/python3.8/site-packages/airflow/example_dags/example_time_delta_sensor_async.py
[2024-10-06T16:20:19.724+0000] {processor.py:840} INFO - DAG(s) 'example_time_delta_sensor_async' retrieved from /home/airflow/.local/lib/python3.8/site-packages/airflow/example_dags/example_time_delta_sensor_async.py
[2024-10-06T16:20:19.737+0000] {logging_mixin.py:188} INFO - [2024-10-06T16:20:19.737+0000] {dag.py:3036} INFO - Sync 1 DAGs
[2024-10-06T16:20:19.744+0000] {logging_mixin.py:188} INFO - [2024-10-06T16:20:19.744+0000] {dag.py:3823} INFO - Setting next_dagrun for example_time_delta_sensor_async to None, run_after=None
[2024-10-06T16:20:19.755+0000] {processor.py:183} INFO - Processing /home/airflow/.local/lib/python3.8/site-packages/airflow/example_dags/example_time_delta_sensor_async.py took 0.038 seconds
[2024-10-06T16:20:50.654+0000] {processor.py:161} INFO - Started process (PID=2099) to work on /home/airflow/.local/lib/python3.8/site-packages/airflow/example_dags/example_time_delta_sensor_async.py
[2024-10-06T16:20:50.655+0000] {processor.py:830} INFO - Processing file /home/airflow/.local/lib/python3.8/site-packages/airflow/example_dags/example_time_delta_sensor_async.py for tasks to queue
[2024-10-06T16:20:50.655+0000] {logging_mixin.py:188} INFO - [2024-10-06T16:20:50.655+0000] {dagbag.py:538} INFO - Filling up the DagBag from /home/airflow/.local/lib/python3.8/site-packages/airflow/example_dags/example_time_delta_sensor_async.py
[2024-10-06T16:20:50.658+0000] {processor.py:840} INFO - DAG(s) 'example_time_delta_sensor_async' retrieved from /home/airflow/.local/lib/python3.8/site-packages/airflow/example_dags/example_time_delta_sensor_async.py
[2024-10-06T16:20:50.673+0000] {logging_mixin.py:188} INFO - [2024-10-06T16:20:50.673+0000] {dag.py:3036} INFO - Sync 1 DAGs
[2024-10-06T16:20:50.680+0000] {logging_mixin.py:188} INFO - [2024-10-06T16:20:50.680+0000] {dag.py:3823} INFO - Setting next_dagrun for example_time_delta_sensor_async to None, run_after=None
[2024-10-06T16:20:50.691+0000] {processor.py:183} INFO - Processing /home/airflow/.local/lib/python3.8/site-packages/airflow/example_dags/example_time_delta_sensor_async.py took 0.042 seconds
[2024-10-06T16:21:21.455+0000] {processor.py:161} INFO - Started process (PID=2346) to work on /home/airflow/.local/lib/python3.8/site-packages/airflow/example_dags/example_time_delta_sensor_async.py
[2024-10-06T16:21:21.456+0000] {processor.py:830} INFO - Processing file /home/airflow/.local/lib/python3.8/site-packages/airflow/example_dags/example_time_delta_sensor_async.py for tasks to queue
[2024-10-06T16:21:21.457+0000] {logging_mixin.py:188} INFO - [2024-10-06T16:21:21.457+0000] {dagbag.py:538} INFO - Filling up the DagBag from /home/airflow/.local/lib/python3.8/site-packages/airflow/example_dags/example_time_delta_sensor_async.py
[2024-10-06T16:21:21.461+0000] {processor.py:840} INFO - DAG(s) 'example_time_delta_sensor_async' retrieved from /home/airflow/.local/lib/python3.8/site-packages/airflow/example_dags/example_time_delta_sensor_async.py
[2024-10-06T16:21:21.475+0000] {logging_mixin.py:188} INFO - [2024-10-06T16:21:21.475+0000] {dag.py:3036} INFO - Sync 1 DAGs
[2024-10-06T16:21:21.482+0000] {logging_mixin.py:188} INFO - [2024-10-06T16:21:21.482+0000] {dag.py:3823} INFO - Setting next_dagrun for example_time_delta_sensor_async to None, run_after=None
[2024-10-06T16:21:21.493+0000] {processor.py:183} INFO - Processing /home/airflow/.local/lib/python3.8/site-packages/airflow/example_dags/example_time_delta_sensor_async.py took 0.040 seconds
[2024-10-06T16:21:51.784+0000] {processor.py:161} INFO - Started process (PID=2593) to work on /home/airflow/.local/lib/python3.8/site-packages/airflow/example_dags/example_time_delta_sensor_async.py
[2024-10-06T16:21:51.785+0000] {processor.py:830} INFO - Processing file /home/airflow/.local/lib/python3.8/site-packages/airflow/example_dags/example_time_delta_sensor_async.py for tasks to queue
[2024-10-06T16:21:51.786+0000] {logging_mixin.py:188} INFO - [2024-10-06T16:21:51.785+0000] {dagbag.py:538} INFO - Filling up the DagBag from /home/airflow/.local/lib/python3.8/site-packages/airflow/example_dags/example_time_delta_sensor_async.py
[2024-10-06T16:21:51.789+0000] {processor.py:840} INFO - DAG(s) 'example_time_delta_sensor_async' retrieved from /home/airflow/.local/lib/python3.8/site-packages/airflow/example_dags/example_time_delta_sensor_async.py
[2024-10-06T16:21:51.808+0000] {logging_mixin.py:188} INFO - [2024-10-06T16:21:51.808+0000] {dag.py:3036} INFO - Sync 1 DAGs
[2024-10-06T16:21:51.816+0000] {logging_mixin.py:188} INFO - [2024-10-06T16:21:51.816+0000] {dag.py:3823} INFO - Setting next_dagrun for example_time_delta_sensor_async to None, run_after=None
[2024-10-06T16:21:51.831+0000] {processor.py:183} INFO - Processing /home/airflow/.local/lib/python3.8/site-packages/airflow/example_dags/example_time_delta_sensor_async.py took 0.050 seconds
[2024-10-06T16:22:22.053+0000] {processor.py:161} INFO - Started process (PID=2840) to work on /home/airflow/.local/lib/python3.8/site-packages/airflow/example_dags/example_time_delta_sensor_async.py
[2024-10-06T16:22:22.053+0000] {processor.py:830} INFO - Processing file /home/airflow/.local/lib/python3.8/site-packages/airflow/example_dags/example_time_delta_sensor_async.py for tasks to queue
[2024-10-06T16:22:22.054+0000] {logging_mixin.py:188} INFO - [2024-10-06T16:22:22.054+0000] {dagbag.py:538} INFO - Filling up the DagBag from /home/airflow/.local/lib/python3.8/site-packages/airflow/example_dags/example_time_delta_sensor_async.py
[2024-10-06T16:22:22.058+0000] {processor.py:840} INFO - DAG(s) 'example_time_delta_sensor_async' retrieved from /home/airflow/.local/lib/python3.8/site-packages/airflow/example_dags/example_time_delta_sensor_async.py
[2024-10-06T16:22:22.073+0000] {logging_mixin.py:188} INFO - [2024-10-06T16:22:22.073+0000] {dag.py:3036} INFO - Sync 1 DAGs
[2024-10-06T16:22:22.081+0000] {logging_mixin.py:188} INFO - [2024-10-06T16:22:22.081+0000] {dag.py:3823} INFO - Setting next_dagrun for example_time_delta_sensor_async to None, run_after=None
[2024-10-06T16:22:22.093+0000] {processor.py:183} INFO - Processing /home/airflow/.local/lib/python3.8/site-packages/airflow/example_dags/example_time_delta_sensor_async.py took 0.044 seconds
[2024-10-06T16:22:52.448+0000] {processor.py:161} INFO - Started process (PID=3087) to work on /home/airflow/.local/lib/python3.8/site-packages/airflow/example_dags/example_time_delta_sensor_async.py
[2024-10-06T16:22:52.449+0000] {processor.py:830} INFO - Processing file /home/airflow/.local/lib/python3.8/site-packages/airflow/example_dags/example_time_delta_sensor_async.py for tasks to queue
[2024-10-06T16:22:52.449+0000] {logging_mixin.py:188} INFO - [2024-10-06T16:22:52.449+0000] {dagbag.py:538} INFO - Filling up the DagBag from /home/airflow/.local/lib/python3.8/site-packages/airflow/example_dags/example_time_delta_sensor_async.py
[2024-10-06T16:22:52.453+0000] {processor.py:840} INFO - DAG(s) 'example_time_delta_sensor_async' retrieved from /home/airflow/.local/lib/python3.8/site-packages/airflow/example_dags/example_time_delta_sensor_async.py
[2024-10-06T16:22:52.470+0000] {logging_mixin.py:188} INFO - [2024-10-06T16:22:52.470+0000] {dag.py:3036} INFO - Sync 1 DAGs
[2024-10-06T16:22:52.478+0000] {logging_mixin.py:188} INFO - [2024-10-06T16:22:52.478+0000] {dag.py:3823} INFO - Setting next_dagrun for example_time_delta_sensor_async to None, run_after=None
[2024-10-06T16:22:52.493+0000] {processor.py:183} INFO - Processing /home/airflow/.local/lib/python3.8/site-packages/airflow/example_dags/example_time_delta_sensor_async.py took 0.049 seconds
[2024-10-06T16:23:23.279+0000] {processor.py:161} INFO - Started process (PID=3334) to work on /home/airflow/.local/lib/python3.8/site-packages/airflow/example_dags/example_time_delta_sensor_async.py
[2024-10-06T16:23:23.281+0000] {processor.py:830} INFO - Processing file /home/airflow/.local/lib/python3.8/site-packages/airflow/example_dags/example_time_delta_sensor_async.py for tasks to queue
[2024-10-06T16:23:23.282+0000] {logging_mixin.py:188} INFO - [2024-10-06T16:23:23.282+0000] {dagbag.py:538} INFO - Filling up the DagBag from /home/airflow/.local/lib/python3.8/site-packages/airflow/example_dags/example_time_delta_sensor_async.py
[2024-10-06T16:23:23.288+0000] {processor.py:840} INFO - DAG(s) 'example_time_delta_sensor_async' retrieved from /home/airflow/.local/lib/python3.8/site-packages/airflow/example_dags/example_time_delta_sensor_async.py
[2024-10-06T16:23:23.307+0000] {logging_mixin.py:188} INFO - [2024-10-06T16:23:23.307+0000] {dag.py:3036} INFO - Sync 1 DAGs
[2024-10-06T16:23:23.315+0000] {logging_mixin.py:188} INFO - [2024-10-06T16:23:23.315+0000] {dag.py:3823} INFO - Setting next_dagrun for example_time_delta_sensor_async to None, run_after=None
[2024-10-06T16:23:23.332+0000] {processor.py:183} INFO - Processing /home/airflow/.local/lib/python3.8/site-packages/airflow/example_dags/example_time_delta_sensor_async.py took 0.057 seconds
[2024-10-06T16:23:54.010+0000] {processor.py:161} INFO - Started process (PID=3581) to work on /home/airflow/.local/lib/python3.8/site-packages/airflow/example_dags/example_time_delta_sensor_async.py
[2024-10-06T16:23:54.011+0000] {processor.py:830} INFO - Processing file /home/airflow/.local/lib/python3.8/site-packages/airflow/example_dags/example_time_delta_sensor_async.py for tasks to queue
[2024-10-06T16:23:54.012+0000] {logging_mixin.py:188} INFO - [2024-10-06T16:23:54.012+0000] {dagbag.py:538} INFO - Filling up the DagBag from /home/airflow/.local/lib/python3.8/site-packages/airflow/example_dags/example_time_delta_sensor_async.py
[2024-10-06T16:23:54.015+0000] {processor.py:840} INFO - DAG(s) 'example_time_delta_sensor_async' retrieved from /home/airflow/.local/lib/python3.8/site-packages/airflow/example_dags/example_time_delta_sensor_async.py
[2024-10-06T16:23:54.028+0000] {logging_mixin.py:188} INFO - [2024-10-06T16:23:54.028+0000] {dag.py:3036} INFO - Sync 1 DAGs
[2024-10-06T16:23:54.035+0000] {logging_mixin.py:188} INFO - [2024-10-06T16:23:54.035+0000] {dag.py:3823} INFO - Setting next_dagrun for example_time_delta_sensor_async to None, run_after=None
[2024-10-06T16:23:54.046+0000] {processor.py:183} INFO - Processing /home/airflow/.local/lib/python3.8/site-packages/airflow/example_dags/example_time_delta_sensor_async.py took 0.037 seconds
[2024-10-06T16:24:24.819+0000] {processor.py:161} INFO - Started process (PID=3828) to work on /home/airflow/.local/lib/python3.8/site-packages/airflow/example_dags/example_time_delta_sensor_async.py
[2024-10-06T16:24:24.820+0000] {processor.py:830} INFO - Processing file /home/airflow/.local/lib/python3.8/site-packages/airflow/example_dags/example_time_delta_sensor_async.py for tasks to queue
[2024-10-06T16:24:24.820+0000] {logging_mixin.py:188} INFO - [2024-10-06T16:24:24.820+0000] {dagbag.py:538} INFO - Filling up the DagBag from /home/airflow/.local/lib/python3.8/site-packages/airflow/example_dags/example_time_delta_sensor_async.py
[2024-10-06T16:24:24.823+0000] {processor.py:840} INFO - DAG(s) 'example_time_delta_sensor_async' retrieved from /home/airflow/.local/lib/python3.8/site-packages/airflow/example_dags/example_time_delta_sensor_async.py
[2024-10-06T16:24:24.835+0000] {logging_mixin.py:188} INFO - [2024-10-06T16:24:24.835+0000] {dag.py:3036} INFO - Sync 1 DAGs
[2024-10-06T16:24:24.842+0000] {logging_mixin.py:188} INFO - [2024-10-06T16:24:24.841+0000] {dag.py:3823} INFO - Setting next_dagrun for example_time_delta_sensor_async to None, run_after=None
[2024-10-06T16:24:24.851+0000] {processor.py:183} INFO - Processing /home/airflow/.local/lib/python3.8/site-packages/airflow/example_dags/example_time_delta_sensor_async.py took 0.034 seconds
[2024-10-06T16:24:56.014+0000] {processor.py:161} INFO - Started process (PID=4077) to work on /home/airflow/.local/lib/python3.8/site-packages/airflow/example_dags/example_time_delta_sensor_async.py
[2024-10-06T16:24:56.015+0000] {processor.py:830} INFO - Processing file /home/airflow/.local/lib/python3.8/site-packages/airflow/example_dags/example_time_delta_sensor_async.py for tasks to queue
[2024-10-06T16:24:56.016+0000] {logging_mixin.py:188} INFO - [2024-10-06T16:24:56.016+0000] {dagbag.py:538} INFO - Filling up the DagBag from /home/airflow/.local/lib/python3.8/site-packages/airflow/example_dags/example_time_delta_sensor_async.py
[2024-10-06T16:24:56.019+0000] {processor.py:840} INFO - DAG(s) 'example_time_delta_sensor_async' retrieved from /home/airflow/.local/lib/python3.8/site-packages/airflow/example_dags/example_time_delta_sensor_async.py
[2024-10-06T16:24:56.032+0000] {logging_mixin.py:188} INFO - [2024-10-06T16:24:56.032+0000] {dag.py:3036} INFO - Sync 1 DAGs
[2024-10-06T16:24:56.038+0000] {logging_mixin.py:188} INFO - [2024-10-06T16:24:56.038+0000] {dag.py:3823} INFO - Setting next_dagrun for example_time_delta_sensor_async to None, run_after=None
[2024-10-06T16:24:56.050+0000] {processor.py:183} INFO - Processing /home/airflow/.local/lib/python3.8/site-packages/airflow/example_dags/example_time_delta_sensor_async.py took 0.037 seconds
[2024-10-06T16:25:26.129+0000] {processor.py:161} INFO - Started process (PID=4324) to work on /home/airflow/.local/lib/python3.8/site-packages/airflow/example_dags/example_time_delta_sensor_async.py
[2024-10-06T16:25:26.130+0000] {processor.py:830} INFO - Processing file /home/airflow/.local/lib/python3.8/site-packages/airflow/example_dags/example_time_delta_sensor_async.py for tasks to queue
[2024-10-06T16:25:26.130+0000] {logging_mixin.py:188} INFO - [2024-10-06T16:25:26.130+0000] {dagbag.py:538} INFO - Filling up the DagBag from /home/airflow/.local/lib/python3.8/site-packages/airflow/example_dags/example_time_delta_sensor_async.py
[2024-10-06T16:25:26.133+0000] {processor.py:840} INFO - DAG(s) 'example_time_delta_sensor_async' retrieved from /home/airflow/.local/lib/python3.8/site-packages/airflow/example_dags/example_time_delta_sensor_async.py
[2024-10-06T16:25:26.146+0000] {logging_mixin.py:188} INFO - [2024-10-06T16:25:26.145+0000] {dag.py:3036} INFO - Sync 1 DAGs
[2024-10-06T16:25:26.152+0000] {logging_mixin.py:188} INFO - [2024-10-06T16:25:26.152+0000] {dag.py:3823} INFO - Setting next_dagrun for example_time_delta_sensor_async to None, run_after=None
[2024-10-06T16:25:26.161+0000] {processor.py:183} INFO - Processing /home/airflow/.local/lib/python3.8/site-packages/airflow/example_dags/example_time_delta_sensor_async.py took 0.034 seconds
[2024-10-06T16:25:56.472+0000] {processor.py:161} INFO - Started process (PID=4569) to work on /home/airflow/.local/lib/python3.8/site-packages/airflow/example_dags/example_time_delta_sensor_async.py
[2024-10-06T16:25:56.473+0000] {processor.py:830} INFO - Processing file /home/airflow/.local/lib/python3.8/site-packages/airflow/example_dags/example_time_delta_sensor_async.py for tasks to queue
[2024-10-06T16:25:56.474+0000] {logging_mixin.py:188} INFO - [2024-10-06T16:25:56.473+0000] {dagbag.py:538} INFO - Filling up the DagBag from /home/airflow/.local/lib/python3.8/site-packages/airflow/example_dags/example_time_delta_sensor_async.py
[2024-10-06T16:25:56.478+0000] {processor.py:840} INFO - DAG(s) 'example_time_delta_sensor_async' retrieved from /home/airflow/.local/lib/python3.8/site-packages/airflow/example_dags/example_time_delta_sensor_async.py
[2024-10-06T16:25:56.498+0000] {logging_mixin.py:188} INFO - [2024-10-06T16:25:56.497+0000] {dag.py:3036} INFO - Sync 1 DAGs
[2024-10-06T16:25:56.506+0000] {logging_mixin.py:188} INFO - [2024-10-06T16:25:56.506+0000] {dag.py:3823} INFO - Setting next_dagrun for example_time_delta_sensor_async to None, run_after=None
[2024-10-06T16:25:56.521+0000] {processor.py:183} INFO - Processing /home/airflow/.local/lib/python3.8/site-packages/airflow/example_dags/example_time_delta_sensor_async.py took 0.052 seconds
[2024-10-06T16:26:26.672+0000] {processor.py:161} INFO - Started process (PID=4818) to work on /home/airflow/.local/lib/python3.8/site-packages/airflow/example_dags/example_time_delta_sensor_async.py
[2024-10-06T16:26:26.673+0000] {processor.py:830} INFO - Processing file /home/airflow/.local/lib/python3.8/site-packages/airflow/example_dags/example_time_delta_sensor_async.py for tasks to queue
[2024-10-06T16:26:26.674+0000] {logging_mixin.py:188} INFO - [2024-10-06T16:26:26.674+0000] {dagbag.py:538} INFO - Filling up the DagBag from /home/airflow/.local/lib/python3.8/site-packages/airflow/example_dags/example_time_delta_sensor_async.py
[2024-10-06T16:26:26.677+0000] {processor.py:840} INFO - DAG(s) 'example_time_delta_sensor_async' retrieved from /home/airflow/.local/lib/python3.8/site-packages/airflow/example_dags/example_time_delta_sensor_async.py
[2024-10-06T16:26:26.689+0000] {logging_mixin.py:188} INFO - [2024-10-06T16:26:26.689+0000] {dag.py:3036} INFO - Sync 1 DAGs
[2024-10-06T16:26:26.695+0000] {logging_mixin.py:188} INFO - [2024-10-06T16:26:26.695+0000] {dag.py:3823} INFO - Setting next_dagrun for example_time_delta_sensor_async to None, run_after=None
[2024-10-06T16:26:26.704+0000] {processor.py:183} INFO - Processing /home/airflow/.local/lib/python3.8/site-packages/airflow/example_dags/example_time_delta_sensor_async.py took 0.034 seconds
[2024-10-06T16:26:57.567+0000] {processor.py:161} INFO - Started process (PID=5065) to work on /home/airflow/.local/lib/python3.8/site-packages/airflow/example_dags/example_time_delta_sensor_async.py
[2024-10-06T16:26:57.568+0000] {processor.py:830} INFO - Processing file /home/airflow/.local/lib/python3.8/site-packages/airflow/example_dags/example_time_delta_sensor_async.py for tasks to queue
[2024-10-06T16:26:57.568+0000] {logging_mixin.py:188} INFO - [2024-10-06T16:26:57.568+0000] {dagbag.py:538} INFO - Filling up the DagBag from /home/airflow/.local/lib/python3.8/site-packages/airflow/example_dags/example_time_delta_sensor_async.py
[2024-10-06T16:26:57.571+0000] {processor.py:840} INFO - DAG(s) 'example_time_delta_sensor_async' retrieved from /home/airflow/.local/lib/python3.8/site-packages/airflow/example_dags/example_time_delta_sensor_async.py
[2024-10-06T16:26:57.584+0000] {logging_mixin.py:188} INFO - [2024-10-06T16:26:57.583+0000] {dag.py:3036} INFO - Sync 1 DAGs
[2024-10-06T16:26:57.590+0000] {logging_mixin.py:188} INFO - [2024-10-06T16:26:57.590+0000] {dag.py:3823} INFO - Setting next_dagrun for example_time_delta_sensor_async to None, run_after=None
[2024-10-06T16:26:57.599+0000] {processor.py:183} INFO - Processing /home/airflow/.local/lib/python3.8/site-packages/airflow/example_dags/example_time_delta_sensor_async.py took 0.034 seconds
