[2024-10-06T16:17:12.749+0000] {processor.py:161} INFO - Started process (PID=230) to work on /home/airflow/.local/lib/python3.8/site-packages/airflow/example_dags/example_branch_labels.py
[2024-10-06T16:17:12.750+0000] {processor.py:830} INFO - Processing file /home/airflow/.local/lib/python3.8/site-packages/airflow/example_dags/example_branch_labels.py for tasks to queue
[2024-10-06T16:17:12.752+0000] {logging_mixin.py:188} INFO - [2024-10-06T16:17:12.751+0000] {dagbag.py:538} INFO - Filling up the DagBag from /home/airflow/.local/lib/python3.8/site-packages/airflow/example_dags/example_branch_labels.py
[2024-10-06T16:17:12.761+0000] {processor.py:840} INFO - DAG(s) 'example_branch_labels' retrieved from /home/airflow/.local/lib/python3.8/site-packages/airflow/example_dags/example_branch_labels.py
[2024-10-06T16:17:12.778+0000] {logging_mixin.py:188} INFO - [2024-10-06T16:17:12.778+0000] {dag.py:3036} INFO - Sync 1 DAGs
[2024-10-06T16:17:12.801+0000] {logging_mixin.py:188} INFO - [2024-10-06T16:17:12.801+0000] {dag.py:3823} INFO - Setting next_dagrun for example_branch_labels to 2024-10-05 00:00:00+00:00, run_after=2024-10-06 00:00:00+00:00
[2024-10-06T16:17:12.815+0000] {processor.py:183} INFO - Processing /home/airflow/.local/lib/python3.8/site-packages/airflow/example_dags/example_branch_labels.py took 0.069 seconds
[2024-10-06T16:17:43.511+0000] {processor.py:161} INFO - Started process (PID=477) to work on /home/airflow/.local/lib/python3.8/site-packages/airflow/example_dags/example_branch_labels.py
[2024-10-06T16:17:43.512+0000] {processor.py:830} INFO - Processing file /home/airflow/.local/lib/python3.8/site-packages/airflow/example_dags/example_branch_labels.py for tasks to queue
[2024-10-06T16:17:43.513+0000] {logging_mixin.py:188} INFO - [2024-10-06T16:17:43.513+0000] {dagbag.py:538} INFO - Filling up the DagBag from /home/airflow/.local/lib/python3.8/site-packages/airflow/example_dags/example_branch_labels.py
[2024-10-06T16:17:43.519+0000] {processor.py:840} INFO - DAG(s) 'example_branch_labels' retrieved from /home/airflow/.local/lib/python3.8/site-packages/airflow/example_dags/example_branch_labels.py
[2024-10-06T16:17:43.590+0000] {logging_mixin.py:188} INFO - [2024-10-06T16:17:43.589+0000] {dag.py:3036} INFO - Sync 1 DAGs
[2024-10-06T16:17:43.602+0000] {logging_mixin.py:188} INFO - [2024-10-06T16:17:43.602+0000] {dag.py:3823} INFO - Setting next_dagrun for example_branch_labels to 2024-10-05 00:00:00+00:00, run_after=2024-10-06 00:00:00+00:00
[2024-10-06T16:17:43.615+0000] {processor.py:183} INFO - Processing /home/airflow/.local/lib/python3.8/site-packages/airflow/example_dags/example_branch_labels.py took 0.107 seconds
[2024-10-06T16:18:14.288+0000] {processor.py:161} INFO - Started process (PID=724) to work on /home/airflow/.local/lib/python3.8/site-packages/airflow/example_dags/example_branch_labels.py
[2024-10-06T16:18:14.288+0000] {processor.py:830} INFO - Processing file /home/airflow/.local/lib/python3.8/site-packages/airflow/example_dags/example_branch_labels.py for tasks to queue
[2024-10-06T16:18:14.289+0000] {logging_mixin.py:188} INFO - [2024-10-06T16:18:14.289+0000] {dagbag.py:538} INFO - Filling up the DagBag from /home/airflow/.local/lib/python3.8/site-packages/airflow/example_dags/example_branch_labels.py
[2024-10-06T16:18:14.295+0000] {processor.py:840} INFO - DAG(s) 'example_branch_labels' retrieved from /home/airflow/.local/lib/python3.8/site-packages/airflow/example_dags/example_branch_labels.py
[2024-10-06T16:18:14.313+0000] {logging_mixin.py:188} INFO - [2024-10-06T16:18:14.312+0000] {dag.py:3036} INFO - Sync 1 DAGs
[2024-10-06T16:18:14.330+0000] {logging_mixin.py:188} INFO - [2024-10-06T16:18:14.329+0000] {dag.py:3823} INFO - Setting next_dagrun for example_branch_labels to 2024-10-05 00:00:00+00:00, run_after=2024-10-06 00:00:00+00:00
[2024-10-06T16:18:14.341+0000] {processor.py:183} INFO - Processing /home/airflow/.local/lib/python3.8/site-packages/airflow/example_dags/example_branch_labels.py took 0.057 seconds
[2024-10-06T16:18:44.923+0000] {processor.py:161} INFO - Started process (PID=973) to work on /home/airflow/.local/lib/python3.8/site-packages/airflow/example_dags/example_branch_labels.py
[2024-10-06T16:18:44.924+0000] {processor.py:830} INFO - Processing file /home/airflow/.local/lib/python3.8/site-packages/airflow/example_dags/example_branch_labels.py for tasks to queue
[2024-10-06T16:18:44.924+0000] {logging_mixin.py:188} INFO - [2024-10-06T16:18:44.924+0000] {dagbag.py:538} INFO - Filling up the DagBag from /home/airflow/.local/lib/python3.8/site-packages/airflow/example_dags/example_branch_labels.py
[2024-10-06T16:18:44.929+0000] {processor.py:840} INFO - DAG(s) 'example_branch_labels' retrieved from /home/airflow/.local/lib/python3.8/site-packages/airflow/example_dags/example_branch_labels.py
[2024-10-06T16:18:44.942+0000] {logging_mixin.py:188} INFO - [2024-10-06T16:18:44.942+0000] {dag.py:3036} INFO - Sync 1 DAGs
[2024-10-06T16:18:44.954+0000] {logging_mixin.py:188} INFO - [2024-10-06T16:18:44.954+0000] {dag.py:3823} INFO - Setting next_dagrun for example_branch_labels to 2024-10-05 00:00:00+00:00, run_after=2024-10-06 00:00:00+00:00
[2024-10-06T16:18:44.964+0000] {processor.py:183} INFO - Processing /home/airflow/.local/lib/python3.8/site-packages/airflow/example_dags/example_branch_labels.py took 0.043 seconds
[2024-10-06T16:19:15.867+0000] {processor.py:161} INFO - Started process (PID=1218) to work on /home/airflow/.local/lib/python3.8/site-packages/airflow/example_dags/example_branch_labels.py
[2024-10-06T16:19:15.868+0000] {processor.py:830} INFO - Processing file /home/airflow/.local/lib/python3.8/site-packages/airflow/example_dags/example_branch_labels.py for tasks to queue
[2024-10-06T16:19:15.869+0000] {logging_mixin.py:188} INFO - [2024-10-06T16:19:15.868+0000] {dagbag.py:538} INFO - Filling up the DagBag from /home/airflow/.local/lib/python3.8/site-packages/airflow/example_dags/example_branch_labels.py
[2024-10-06T16:19:15.874+0000] {processor.py:840} INFO - DAG(s) 'example_branch_labels' retrieved from /home/airflow/.local/lib/python3.8/site-packages/airflow/example_dags/example_branch_labels.py
[2024-10-06T16:19:15.891+0000] {logging_mixin.py:188} INFO - [2024-10-06T16:19:15.891+0000] {dag.py:3036} INFO - Sync 1 DAGs
[2024-10-06T16:19:15.906+0000] {logging_mixin.py:188} INFO - [2024-10-06T16:19:15.905+0000] {dag.py:3823} INFO - Setting next_dagrun for example_branch_labels to 2024-10-05 00:00:00+00:00, run_after=2024-10-06 00:00:00+00:00
[2024-10-06T16:19:15.917+0000] {processor.py:183} INFO - Processing /home/airflow/.local/lib/python3.8/site-packages/airflow/example_dags/example_branch_labels.py took 0.053 seconds
[2024-10-06T16:19:46.714+0000] {processor.py:161} INFO - Started process (PID=1465) to work on /home/airflow/.local/lib/python3.8/site-packages/airflow/example_dags/example_branch_labels.py
[2024-10-06T16:19:46.715+0000] {processor.py:830} INFO - Processing file /home/airflow/.local/lib/python3.8/site-packages/airflow/example_dags/example_branch_labels.py for tasks to queue
[2024-10-06T16:19:46.716+0000] {logging_mixin.py:188} INFO - [2024-10-06T16:19:46.716+0000] {dagbag.py:538} INFO - Filling up the DagBag from /home/airflow/.local/lib/python3.8/site-packages/airflow/example_dags/example_branch_labels.py
[2024-10-06T16:19:46.722+0000] {processor.py:840} INFO - DAG(s) 'example_branch_labels' retrieved from /home/airflow/.local/lib/python3.8/site-packages/airflow/example_dags/example_branch_labels.py
[2024-10-06T16:19:46.738+0000] {logging_mixin.py:188} INFO - [2024-10-06T16:19:46.738+0000] {dag.py:3036} INFO - Sync 1 DAGs
[2024-10-06T16:19:46.753+0000] {logging_mixin.py:188} INFO - [2024-10-06T16:19:46.753+0000] {dag.py:3823} INFO - Setting next_dagrun for example_branch_labels to 2024-10-05 00:00:00+00:00, run_after=2024-10-06 00:00:00+00:00
[2024-10-06T16:19:46.764+0000] {processor.py:183} INFO - Processing /home/airflow/.local/lib/python3.8/site-packages/airflow/example_dags/example_branch_labels.py took 0.052 seconds
[2024-10-06T16:20:17.659+0000] {processor.py:161} INFO - Started process (PID=1714) to work on /home/airflow/.local/lib/python3.8/site-packages/airflow/example_dags/example_branch_labels.py
[2024-10-06T16:20:17.660+0000] {processor.py:830} INFO - Processing file /home/airflow/.local/lib/python3.8/site-packages/airflow/example_dags/example_branch_labels.py for tasks to queue
[2024-10-06T16:20:17.661+0000] {logging_mixin.py:188} INFO - [2024-10-06T16:20:17.661+0000] {dagbag.py:538} INFO - Filling up the DagBag from /home/airflow/.local/lib/python3.8/site-packages/airflow/example_dags/example_branch_labels.py
[2024-10-06T16:20:17.666+0000] {processor.py:840} INFO - DAG(s) 'example_branch_labels' retrieved from /home/airflow/.local/lib/python3.8/site-packages/airflow/example_dags/example_branch_labels.py
[2024-10-06T16:20:17.681+0000] {logging_mixin.py:188} INFO - [2024-10-06T16:20:17.681+0000] {dag.py:3036} INFO - Sync 1 DAGs
[2024-10-06T16:20:17.696+0000] {logging_mixin.py:188} INFO - [2024-10-06T16:20:17.696+0000] {dag.py:3823} INFO - Setting next_dagrun for example_branch_labels to 2024-10-05 00:00:00+00:00, run_after=2024-10-06 00:00:00+00:00
[2024-10-06T16:20:17.708+0000] {processor.py:183} INFO - Processing /home/airflow/.local/lib/python3.8/site-packages/airflow/example_dags/example_branch_labels.py took 0.051 seconds
[2024-10-06T16:20:48.594+0000] {processor.py:161} INFO - Started process (PID=1959) to work on /home/airflow/.local/lib/python3.8/site-packages/airflow/example_dags/example_branch_labels.py
[2024-10-06T16:20:48.595+0000] {processor.py:830} INFO - Processing file /home/airflow/.local/lib/python3.8/site-packages/airflow/example_dags/example_branch_labels.py for tasks to queue
[2024-10-06T16:20:48.596+0000] {logging_mixin.py:188} INFO - [2024-10-06T16:20:48.596+0000] {dagbag.py:538} INFO - Filling up the DagBag from /home/airflow/.local/lib/python3.8/site-packages/airflow/example_dags/example_branch_labels.py
[2024-10-06T16:20:48.601+0000] {processor.py:840} INFO - DAG(s) 'example_branch_labels' retrieved from /home/airflow/.local/lib/python3.8/site-packages/airflow/example_dags/example_branch_labels.py
[2024-10-06T16:20:48.615+0000] {logging_mixin.py:188} INFO - [2024-10-06T16:20:48.614+0000] {dag.py:3036} INFO - Sync 1 DAGs
[2024-10-06T16:20:48.628+0000] {logging_mixin.py:188} INFO - [2024-10-06T16:20:48.628+0000] {dag.py:3823} INFO - Setting next_dagrun for example_branch_labels to 2024-10-05 00:00:00+00:00, run_after=2024-10-06 00:00:00+00:00
[2024-10-06T16:20:48.638+0000] {processor.py:183} INFO - Processing /home/airflow/.local/lib/python3.8/site-packages/airflow/example_dags/example_branch_labels.py took 0.046 seconds
[2024-10-06T16:21:19.320+0000] {processor.py:161} INFO - Started process (PID=2206) to work on /home/airflow/.local/lib/python3.8/site-packages/airflow/example_dags/example_branch_labels.py
[2024-10-06T16:21:19.321+0000] {processor.py:830} INFO - Processing file /home/airflow/.local/lib/python3.8/site-packages/airflow/example_dags/example_branch_labels.py for tasks to queue
[2024-10-06T16:21:19.322+0000] {logging_mixin.py:188} INFO - [2024-10-06T16:21:19.322+0000] {dagbag.py:538} INFO - Filling up the DagBag from /home/airflow/.local/lib/python3.8/site-packages/airflow/example_dags/example_branch_labels.py
[2024-10-06T16:21:19.326+0000] {processor.py:840} INFO - DAG(s) 'example_branch_labels' retrieved from /home/airflow/.local/lib/python3.8/site-packages/airflow/example_dags/example_branch_labels.py
[2024-10-06T16:21:19.341+0000] {logging_mixin.py:188} INFO - [2024-10-06T16:21:19.341+0000] {dag.py:3036} INFO - Sync 1 DAGs
[2024-10-06T16:21:19.354+0000] {logging_mixin.py:188} INFO - [2024-10-06T16:21:19.354+0000] {dag.py:3823} INFO - Setting next_dagrun for example_branch_labels to 2024-10-05 00:00:00+00:00, run_after=2024-10-06 00:00:00+00:00
[2024-10-06T16:21:19.364+0000] {processor.py:183} INFO - Processing /home/airflow/.local/lib/python3.8/site-packages/airflow/example_dags/example_branch_labels.py took 0.046 seconds
[2024-10-06T16:21:50.336+0000] {processor.py:161} INFO - Started process (PID=2453) to work on /home/airflow/.local/lib/python3.8/site-packages/airflow/example_dags/example_branch_labels.py
[2024-10-06T16:21:50.337+0000] {processor.py:830} INFO - Processing file /home/airflow/.local/lib/python3.8/site-packages/airflow/example_dags/example_branch_labels.py for tasks to queue
[2024-10-06T16:21:50.340+0000] {logging_mixin.py:188} INFO - [2024-10-06T16:21:50.340+0000] {dagbag.py:538} INFO - Filling up the DagBag from /home/airflow/.local/lib/python3.8/site-packages/airflow/example_dags/example_branch_labels.py
[2024-10-06T16:21:50.347+0000] {processor.py:840} INFO - DAG(s) 'example_branch_labels' retrieved from /home/airflow/.local/lib/python3.8/site-packages/airflow/example_dags/example_branch_labels.py
[2024-10-06T16:21:50.368+0000] {logging_mixin.py:188} INFO - [2024-10-06T16:21:50.368+0000] {dag.py:3036} INFO - Sync 1 DAGs
[2024-10-06T16:21:50.386+0000] {logging_mixin.py:188} INFO - [2024-10-06T16:21:50.386+0000] {dag.py:3823} INFO - Setting next_dagrun for example_branch_labels to 2024-10-05 00:00:00+00:00, run_after=2024-10-06 00:00:00+00:00
[2024-10-06T16:21:50.404+0000] {processor.py:183} INFO - Processing /home/airflow/.local/lib/python3.8/site-packages/airflow/example_dags/example_branch_labels.py took 0.071 seconds
[2024-10-06T16:22:20.871+0000] {processor.py:161} INFO - Started process (PID=2700) to work on /home/airflow/.local/lib/python3.8/site-packages/airflow/example_dags/example_branch_labels.py
[2024-10-06T16:22:20.872+0000] {processor.py:830} INFO - Processing file /home/airflow/.local/lib/python3.8/site-packages/airflow/example_dags/example_branch_labels.py for tasks to queue
[2024-10-06T16:22:20.872+0000] {logging_mixin.py:188} INFO - [2024-10-06T16:22:20.872+0000] {dagbag.py:538} INFO - Filling up the DagBag from /home/airflow/.local/lib/python3.8/site-packages/airflow/example_dags/example_branch_labels.py
[2024-10-06T16:22:20.877+0000] {processor.py:840} INFO - DAG(s) 'example_branch_labels' retrieved from /home/airflow/.local/lib/python3.8/site-packages/airflow/example_dags/example_branch_labels.py
[2024-10-06T16:22:20.895+0000] {logging_mixin.py:188} INFO - [2024-10-06T16:22:20.895+0000] {dag.py:3036} INFO - Sync 1 DAGs
[2024-10-06T16:22:20.910+0000] {logging_mixin.py:188} INFO - [2024-10-06T16:22:20.910+0000] {dag.py:3823} INFO - Setting next_dagrun for example_branch_labels to 2024-10-05 00:00:00+00:00, run_after=2024-10-06 00:00:00+00:00
[2024-10-06T16:22:20.923+0000] {processor.py:183} INFO - Processing /home/airflow/.local/lib/python3.8/site-packages/airflow/example_dags/example_branch_labels.py took 0.055 seconds
[2024-10-06T16:22:51.247+0000] {processor.py:161} INFO - Started process (PID=2947) to work on /home/airflow/.local/lib/python3.8/site-packages/airflow/example_dags/example_branch_labels.py
[2024-10-06T16:22:51.248+0000] {processor.py:830} INFO - Processing file /home/airflow/.local/lib/python3.8/site-packages/airflow/example_dags/example_branch_labels.py for tasks to queue
[2024-10-06T16:22:51.249+0000] {logging_mixin.py:188} INFO - [2024-10-06T16:22:51.249+0000] {dagbag.py:538} INFO - Filling up the DagBag from /home/airflow/.local/lib/python3.8/site-packages/airflow/example_dags/example_branch_labels.py
[2024-10-06T16:22:51.256+0000] {processor.py:840} INFO - DAG(s) 'example_branch_labels' retrieved from /home/airflow/.local/lib/python3.8/site-packages/airflow/example_dags/example_branch_labels.py
[2024-10-06T16:22:51.276+0000] {logging_mixin.py:188} INFO - [2024-10-06T16:22:51.276+0000] {dag.py:3036} INFO - Sync 1 DAGs
[2024-10-06T16:22:51.292+0000] {logging_mixin.py:188} INFO - [2024-10-06T16:22:51.292+0000] {dag.py:3823} INFO - Setting next_dagrun for example_branch_labels to 2024-10-05 00:00:00+00:00, run_after=2024-10-06 00:00:00+00:00
[2024-10-06T16:22:51.315+0000] {processor.py:183} INFO - Processing /home/airflow/.local/lib/python3.8/site-packages/airflow/example_dags/example_branch_labels.py took 0.071 seconds
[2024-10-06T16:23:22.236+0000] {processor.py:161} INFO - Started process (PID=3196) to work on /home/airflow/.local/lib/python3.8/site-packages/airflow/example_dags/example_branch_labels.py
[2024-10-06T16:23:22.237+0000] {processor.py:830} INFO - Processing file /home/airflow/.local/lib/python3.8/site-packages/airflow/example_dags/example_branch_labels.py for tasks to queue
[2024-10-06T16:23:22.237+0000] {logging_mixin.py:188} INFO - [2024-10-06T16:23:22.237+0000] {dagbag.py:538} INFO - Filling up the DagBag from /home/airflow/.local/lib/python3.8/site-packages/airflow/example_dags/example_branch_labels.py
[2024-10-06T16:23:22.242+0000] {processor.py:840} INFO - DAG(s) 'example_branch_labels' retrieved from /home/airflow/.local/lib/python3.8/site-packages/airflow/example_dags/example_branch_labels.py
[2024-10-06T16:23:22.256+0000] {logging_mixin.py:188} INFO - [2024-10-06T16:23:22.255+0000] {dag.py:3036} INFO - Sync 1 DAGs
[2024-10-06T16:23:22.268+0000] {logging_mixin.py:188} INFO - [2024-10-06T16:23:22.268+0000] {dag.py:3823} INFO - Setting next_dagrun for example_branch_labels to 2024-10-05 00:00:00+00:00, run_after=2024-10-06 00:00:00+00:00
[2024-10-06T16:23:22.279+0000] {processor.py:183} INFO - Processing /home/airflow/.local/lib/python3.8/site-packages/airflow/example_dags/example_branch_labels.py took 0.045 seconds
[2024-10-06T16:23:53.035+0000] {processor.py:161} INFO - Started process (PID=3443) to work on /home/airflow/.local/lib/python3.8/site-packages/airflow/example_dags/example_branch_labels.py
[2024-10-06T16:23:53.036+0000] {processor.py:830} INFO - Processing file /home/airflow/.local/lib/python3.8/site-packages/airflow/example_dags/example_branch_labels.py for tasks to queue
[2024-10-06T16:23:53.036+0000] {logging_mixin.py:188} INFO - [2024-10-06T16:23:53.036+0000] {dagbag.py:538} INFO - Filling up the DagBag from /home/airflow/.local/lib/python3.8/site-packages/airflow/example_dags/example_branch_labels.py
[2024-10-06T16:23:53.042+0000] {processor.py:840} INFO - DAG(s) 'example_branch_labels' retrieved from /home/airflow/.local/lib/python3.8/site-packages/airflow/example_dags/example_branch_labels.py
[2024-10-06T16:23:53.058+0000] {logging_mixin.py:188} INFO - [2024-10-06T16:23:53.058+0000] {dag.py:3036} INFO - Sync 1 DAGs
[2024-10-06T16:23:53.072+0000] {logging_mixin.py:188} INFO - [2024-10-06T16:23:53.072+0000] {dag.py:3823} INFO - Setting next_dagrun for example_branch_labels to 2024-10-05 00:00:00+00:00, run_after=2024-10-06 00:00:00+00:00
[2024-10-06T16:23:53.082+0000] {processor.py:183} INFO - Processing /home/airflow/.local/lib/python3.8/site-packages/airflow/example_dags/example_branch_labels.py took 0.051 seconds
[2024-10-06T16:24:23.765+0000] {processor.py:161} INFO - Started process (PID=3690) to work on /home/airflow/.local/lib/python3.8/site-packages/airflow/example_dags/example_branch_labels.py
[2024-10-06T16:24:23.766+0000] {processor.py:830} INFO - Processing file /home/airflow/.local/lib/python3.8/site-packages/airflow/example_dags/example_branch_labels.py for tasks to queue
[2024-10-06T16:24:23.767+0000] {logging_mixin.py:188} INFO - [2024-10-06T16:24:23.766+0000] {dagbag.py:538} INFO - Filling up the DagBag from /home/airflow/.local/lib/python3.8/site-packages/airflow/example_dags/example_branch_labels.py
[2024-10-06T16:24:23.772+0000] {processor.py:840} INFO - DAG(s) 'example_branch_labels' retrieved from /home/airflow/.local/lib/python3.8/site-packages/airflow/example_dags/example_branch_labels.py
[2024-10-06T16:24:23.789+0000] {logging_mixin.py:188} INFO - [2024-10-06T16:24:23.789+0000] {dag.py:3036} INFO - Sync 1 DAGs
[2024-10-06T16:24:23.803+0000] {logging_mixin.py:188} INFO - [2024-10-06T16:24:23.803+0000] {dag.py:3823} INFO - Setting next_dagrun for example_branch_labels to 2024-10-05 00:00:00+00:00, run_after=2024-10-06 00:00:00+00:00
[2024-10-06T16:24:23.815+0000] {processor.py:183} INFO - Processing /home/airflow/.local/lib/python3.8/site-packages/airflow/example_dags/example_branch_labels.py took 0.052 seconds
[2024-10-06T16:24:54.785+0000] {processor.py:161} INFO - Started process (PID=3935) to work on /home/airflow/.local/lib/python3.8/site-packages/airflow/example_dags/example_branch_labels.py
[2024-10-06T16:24:54.786+0000] {processor.py:830} INFO - Processing file /home/airflow/.local/lib/python3.8/site-packages/airflow/example_dags/example_branch_labels.py for tasks to queue
[2024-10-06T16:24:54.790+0000] {logging_mixin.py:188} INFO - [2024-10-06T16:24:54.789+0000] {dagbag.py:538} INFO - Filling up the DagBag from /home/airflow/.local/lib/python3.8/site-packages/airflow/example_dags/example_branch_labels.py
[2024-10-06T16:24:54.798+0000] {processor.py:840} INFO - DAG(s) 'example_branch_labels' retrieved from /home/airflow/.local/lib/python3.8/site-packages/airflow/example_dags/example_branch_labels.py
[2024-10-06T16:24:54.817+0000] {logging_mixin.py:188} INFO - [2024-10-06T16:24:54.817+0000] {dag.py:3036} INFO - Sync 1 DAGs
[2024-10-06T16:24:54.830+0000] {logging_mixin.py:188} INFO - [2024-10-06T16:24:54.830+0000] {dag.py:3823} INFO - Setting next_dagrun for example_branch_labels to 2024-10-05 00:00:00+00:00, run_after=2024-10-06 00:00:00+00:00
[2024-10-06T16:24:54.842+0000] {processor.py:183} INFO - Processing /home/airflow/.local/lib/python3.8/site-packages/airflow/example_dags/example_branch_labels.py took 0.060 seconds
[2024-10-06T16:25:24.865+0000] {processor.py:161} INFO - Started process (PID=4184) to work on /home/airflow/.local/lib/python3.8/site-packages/airflow/example_dags/example_branch_labels.py
[2024-10-06T16:25:24.865+0000] {processor.py:830} INFO - Processing file /home/airflow/.local/lib/python3.8/site-packages/airflow/example_dags/example_branch_labels.py for tasks to queue
[2024-10-06T16:25:24.866+0000] {logging_mixin.py:188} INFO - [2024-10-06T16:25:24.866+0000] {dagbag.py:538} INFO - Filling up the DagBag from /home/airflow/.local/lib/python3.8/site-packages/airflow/example_dags/example_branch_labels.py
[2024-10-06T16:25:24.872+0000] {processor.py:840} INFO - DAG(s) 'example_branch_labels' retrieved from /home/airflow/.local/lib/python3.8/site-packages/airflow/example_dags/example_branch_labels.py
[2024-10-06T16:25:24.887+0000] {logging_mixin.py:188} INFO - [2024-10-06T16:25:24.886+0000] {dag.py:3036} INFO - Sync 1 DAGs
[2024-10-06T16:25:24.899+0000] {logging_mixin.py:188} INFO - [2024-10-06T16:25:24.899+0000] {dag.py:3823} INFO - Setting next_dagrun for example_branch_labels to 2024-10-05 00:00:00+00:00, run_after=2024-10-06 00:00:00+00:00
[2024-10-06T16:25:24.914+0000] {processor.py:183} INFO - Processing /home/airflow/.local/lib/python3.8/site-packages/airflow/example_dags/example_branch_labels.py took 0.051 seconds
[2024-10-06T16:25:55.172+0000] {processor.py:161} INFO - Started process (PID=4431) to work on /home/airflow/.local/lib/python3.8/site-packages/airflow/example_dags/example_branch_labels.py
[2024-10-06T16:25:55.173+0000] {processor.py:830} INFO - Processing file /home/airflow/.local/lib/python3.8/site-packages/airflow/example_dags/example_branch_labels.py for tasks to queue
[2024-10-06T16:25:55.173+0000] {logging_mixin.py:188} INFO - [2024-10-06T16:25:55.173+0000] {dagbag.py:538} INFO - Filling up the DagBag from /home/airflow/.local/lib/python3.8/site-packages/airflow/example_dags/example_branch_labels.py
[2024-10-06T16:25:55.178+0000] {processor.py:840} INFO - DAG(s) 'example_branch_labels' retrieved from /home/airflow/.local/lib/python3.8/site-packages/airflow/example_dags/example_branch_labels.py
[2024-10-06T16:25:55.195+0000] {logging_mixin.py:188} INFO - [2024-10-06T16:25:55.194+0000] {dag.py:3036} INFO - Sync 1 DAGs
[2024-10-06T16:25:55.208+0000] {logging_mixin.py:188} INFO - [2024-10-06T16:25:55.208+0000] {dag.py:3823} INFO - Setting next_dagrun for example_branch_labels to 2024-10-05 00:00:00+00:00, run_after=2024-10-06 00:00:00+00:00
[2024-10-06T16:25:55.219+0000] {processor.py:183} INFO - Processing /home/airflow/.local/lib/python3.8/site-packages/airflow/example_dags/example_branch_labels.py took 0.050 seconds
[2024-10-06T16:26:25.260+0000] {processor.py:161} INFO - Started process (PID=4678) to work on /home/airflow/.local/lib/python3.8/site-packages/airflow/example_dags/example_branch_labels.py
[2024-10-06T16:26:25.261+0000] {processor.py:830} INFO - Processing file /home/airflow/.local/lib/python3.8/site-packages/airflow/example_dags/example_branch_labels.py for tasks to queue
[2024-10-06T16:26:25.261+0000] {logging_mixin.py:188} INFO - [2024-10-06T16:26:25.261+0000] {dagbag.py:538} INFO - Filling up the DagBag from /home/airflow/.local/lib/python3.8/site-packages/airflow/example_dags/example_branch_labels.py
[2024-10-06T16:26:25.267+0000] {processor.py:840} INFO - DAG(s) 'example_branch_labels' retrieved from /home/airflow/.local/lib/python3.8/site-packages/airflow/example_dags/example_branch_labels.py
[2024-10-06T16:26:25.283+0000] {logging_mixin.py:188} INFO - [2024-10-06T16:26:25.283+0000] {dag.py:3036} INFO - Sync 1 DAGs
[2024-10-06T16:26:25.295+0000] {logging_mixin.py:188} INFO - [2024-10-06T16:26:25.295+0000] {dag.py:3823} INFO - Setting next_dagrun for example_branch_labels to 2024-10-05 00:00:00+00:00, run_after=2024-10-06 00:00:00+00:00
[2024-10-06T16:26:25.303+0000] {processor.py:183} INFO - Processing /home/airflow/.local/lib/python3.8/site-packages/airflow/example_dags/example_branch_labels.py took 0.045 seconds
[2024-10-06T16:26:55.399+0000] {processor.py:161} INFO - Started process (PID=4923) to work on /home/airflow/.local/lib/python3.8/site-packages/airflow/example_dags/example_branch_labels.py
[2024-10-06T16:26:55.399+0000] {processor.py:830} INFO - Processing file /home/airflow/.local/lib/python3.8/site-packages/airflow/example_dags/example_branch_labels.py for tasks to queue
[2024-10-06T16:26:55.400+0000] {logging_mixin.py:188} INFO - [2024-10-06T16:26:55.400+0000] {dagbag.py:538} INFO - Filling up the DagBag from /home/airflow/.local/lib/python3.8/site-packages/airflow/example_dags/example_branch_labels.py
[2024-10-06T16:26:55.406+0000] {processor.py:840} INFO - DAG(s) 'example_branch_labels' retrieved from /home/airflow/.local/lib/python3.8/site-packages/airflow/example_dags/example_branch_labels.py
[2024-10-06T16:26:55.422+0000] {logging_mixin.py:188} INFO - [2024-10-06T16:26:55.422+0000] {dag.py:3036} INFO - Sync 1 DAGs
[2024-10-06T16:26:55.435+0000] {logging_mixin.py:188} INFO - [2024-10-06T16:26:55.435+0000] {dag.py:3823} INFO - Setting next_dagrun for example_branch_labels to 2024-10-05 00:00:00+00:00, run_after=2024-10-06 00:00:00+00:00
[2024-10-06T16:26:55.448+0000] {processor.py:183} INFO - Processing /home/airflow/.local/lib/python3.8/site-packages/airflow/example_dags/example_branch_labels.py took 0.052 seconds
[2024-10-06T16:27:25.634+0000] {processor.py:161} INFO - Started process (PID=5172) to work on /home/airflow/.local/lib/python3.8/site-packages/airflow/example_dags/example_branch_labels.py
[2024-10-06T16:27:25.635+0000] {processor.py:830} INFO - Processing file /home/airflow/.local/lib/python3.8/site-packages/airflow/example_dags/example_branch_labels.py for tasks to queue
[2024-10-06T16:27:25.636+0000] {logging_mixin.py:188} INFO - [2024-10-06T16:27:25.636+0000] {dagbag.py:538} INFO - Filling up the DagBag from /home/airflow/.local/lib/python3.8/site-packages/airflow/example_dags/example_branch_labels.py
[2024-10-06T16:27:25.641+0000] {processor.py:840} INFO - DAG(s) 'example_branch_labels' retrieved from /home/airflow/.local/lib/python3.8/site-packages/airflow/example_dags/example_branch_labels.py
[2024-10-06T16:27:25.655+0000] {logging_mixin.py:188} INFO - [2024-10-06T16:27:25.655+0000] {dag.py:3036} INFO - Sync 1 DAGs
[2024-10-06T16:27:25.669+0000] {logging_mixin.py:188} INFO - [2024-10-06T16:27:25.669+0000] {dag.py:3823} INFO - Setting next_dagrun for example_branch_labels to 2024-10-05 00:00:00+00:00, run_after=2024-10-06 00:00:00+00:00
[2024-10-06T16:27:25.679+0000] {processor.py:183} INFO - Processing /home/airflow/.local/lib/python3.8/site-packages/airflow/example_dags/example_branch_labels.py took 0.048 seconds
