[2024-10-06T16:17:14.344+0000] {processor.py:161} INFO - Started process (PID=340) to work on /home/airflow/.local/lib/python3.8/site-packages/airflow/example_dags/example_skip_dag.py
[2024-10-06T16:17:14.346+0000] {processor.py:830} INFO - Processing file /home/airflow/.local/lib/python3.8/site-packages/airflow/example_dags/example_skip_dag.py for tasks to queue
[2024-10-06T16:17:14.347+0000] {logging_mixin.py:188} INFO - [2024-10-06T16:17:14.347+0000] {dagbag.py:538} INFO - Filling up the DagBag from /home/airflow/.local/lib/python3.8/site-packages/airflow/example_dags/example_skip_dag.py
[2024-10-06T16:17:14.357+0000] {processor.py:840} INFO - DAG(s) 'example_skip_dag' retrieved from /home/airflow/.local/lib/python3.8/site-packages/airflow/example_dags/example_skip_dag.py
[2024-10-06T16:17:14.377+0000] {logging_mixin.py:188} INFO - [2024-10-06T16:17:14.377+0000] {dag.py:3036} INFO - Sync 1 DAGs
[2024-10-06T16:17:14.396+0000] {logging_mixin.py:188} INFO - [2024-10-06T16:17:14.396+0000] {dag.py:3823} INFO - Setting next_dagrun for example_skip_dag to 2024-10-05 00:00:00+00:00, run_after=2024-10-06 00:00:00+00:00
[2024-10-06T16:17:14.417+0000] {processor.py:183} INFO - Processing /home/airflow/.local/lib/python3.8/site-packages/airflow/example_dags/example_skip_dag.py took 0.076 seconds
[2024-10-06T16:17:45.082+0000] {processor.py:161} INFO - Started process (PID=587) to work on /home/airflow/.local/lib/python3.8/site-packages/airflow/example_dags/example_skip_dag.py
[2024-10-06T16:17:45.083+0000] {processor.py:830} INFO - Processing file /home/airflow/.local/lib/python3.8/site-packages/airflow/example_dags/example_skip_dag.py for tasks to queue
[2024-10-06T16:17:45.083+0000] {logging_mixin.py:188} INFO - [2024-10-06T16:17:45.083+0000] {dagbag.py:538} INFO - Filling up the DagBag from /home/airflow/.local/lib/python3.8/site-packages/airflow/example_dags/example_skip_dag.py
[2024-10-06T16:17:45.088+0000] {processor.py:840} INFO - DAG(s) 'example_skip_dag' retrieved from /home/airflow/.local/lib/python3.8/site-packages/airflow/example_dags/example_skip_dag.py
[2024-10-06T16:17:45.158+0000] {logging_mixin.py:188} INFO - [2024-10-06T16:17:45.158+0000] {dag.py:3036} INFO - Sync 1 DAGs
[2024-10-06T16:17:45.168+0000] {logging_mixin.py:188} INFO - [2024-10-06T16:17:45.168+0000] {dag.py:3823} INFO - Setting next_dagrun for example_skip_dag to 2024-10-05 00:00:00+00:00, run_after=2024-10-06 00:00:00+00:00
[2024-10-06T16:17:45.180+0000] {processor.py:183} INFO - Processing /home/airflow/.local/lib/python3.8/site-packages/airflow/example_dags/example_skip_dag.py took 0.101 seconds
[2024-10-06T16:18:16.071+0000] {processor.py:161} INFO - Started process (PID=834) to work on /home/airflow/.local/lib/python3.8/site-packages/airflow/example_dags/example_skip_dag.py
[2024-10-06T16:18:16.072+0000] {processor.py:830} INFO - Processing file /home/airflow/.local/lib/python3.8/site-packages/airflow/example_dags/example_skip_dag.py for tasks to queue
[2024-10-06T16:18:16.073+0000] {logging_mixin.py:188} INFO - [2024-10-06T16:18:16.073+0000] {dagbag.py:538} INFO - Filling up the DagBag from /home/airflow/.local/lib/python3.8/site-packages/airflow/example_dags/example_skip_dag.py
[2024-10-06T16:18:16.077+0000] {processor.py:840} INFO - DAG(s) 'example_skip_dag' retrieved from /home/airflow/.local/lib/python3.8/site-packages/airflow/example_dags/example_skip_dag.py
[2024-10-06T16:18:16.090+0000] {logging_mixin.py:188} INFO - [2024-10-06T16:18:16.090+0000] {dag.py:3036} INFO - Sync 1 DAGs
[2024-10-06T16:18:16.102+0000] {logging_mixin.py:188} INFO - [2024-10-06T16:18:16.102+0000] {dag.py:3823} INFO - Setting next_dagrun for example_skip_dag to 2024-10-05 00:00:00+00:00, run_after=2024-10-06 00:00:00+00:00
[2024-10-06T16:18:16.111+0000] {processor.py:183} INFO - Processing /home/airflow/.local/lib/python3.8/site-packages/airflow/example_dags/example_skip_dag.py took 0.043 seconds
[2024-10-06T16:18:46.783+0000] {processor.py:161} INFO - Started process (PID=1081) to work on /home/airflow/.local/lib/python3.8/site-packages/airflow/example_dags/example_skip_dag.py
[2024-10-06T16:18:46.784+0000] {processor.py:830} INFO - Processing file /home/airflow/.local/lib/python3.8/site-packages/airflow/example_dags/example_skip_dag.py for tasks to queue
[2024-10-06T16:18:46.785+0000] {logging_mixin.py:188} INFO - [2024-10-06T16:18:46.785+0000] {dagbag.py:538} INFO - Filling up the DagBag from /home/airflow/.local/lib/python3.8/site-packages/airflow/example_dags/example_skip_dag.py
[2024-10-06T16:18:46.790+0000] {processor.py:840} INFO - DAG(s) 'example_skip_dag' retrieved from /home/airflow/.local/lib/python3.8/site-packages/airflow/example_dags/example_skip_dag.py
[2024-10-06T16:18:46.804+0000] {logging_mixin.py:188} INFO - [2024-10-06T16:18:46.803+0000] {dag.py:3036} INFO - Sync 1 DAGs
[2024-10-06T16:18:46.830+0000] {logging_mixin.py:188} INFO - [2024-10-06T16:18:46.830+0000] {dag.py:3823} INFO - Setting next_dagrun for example_skip_dag to 2024-10-05 00:00:00+00:00, run_after=2024-10-06 00:00:00+00:00
[2024-10-06T16:18:46.855+0000] {processor.py:183} INFO - Processing /home/airflow/.local/lib/python3.8/site-packages/airflow/example_dags/example_skip_dag.py took 0.074 seconds
[2024-10-06T16:19:17.727+0000] {processor.py:161} INFO - Started process (PID=1328) to work on /home/airflow/.local/lib/python3.8/site-packages/airflow/example_dags/example_skip_dag.py
[2024-10-06T16:19:17.728+0000] {processor.py:830} INFO - Processing file /home/airflow/.local/lib/python3.8/site-packages/airflow/example_dags/example_skip_dag.py for tasks to queue
[2024-10-06T16:19:17.729+0000] {logging_mixin.py:188} INFO - [2024-10-06T16:19:17.729+0000] {dagbag.py:538} INFO - Filling up the DagBag from /home/airflow/.local/lib/python3.8/site-packages/airflow/example_dags/example_skip_dag.py
[2024-10-06T16:19:17.734+0000] {processor.py:840} INFO - DAG(s) 'example_skip_dag' retrieved from /home/airflow/.local/lib/python3.8/site-packages/airflow/example_dags/example_skip_dag.py
[2024-10-06T16:19:17.749+0000] {logging_mixin.py:188} INFO - [2024-10-06T16:19:17.748+0000] {dag.py:3036} INFO - Sync 1 DAGs
[2024-10-06T16:19:17.763+0000] {logging_mixin.py:188} INFO - [2024-10-06T16:19:17.763+0000] {dag.py:3823} INFO - Setting next_dagrun for example_skip_dag to 2024-10-05 00:00:00+00:00, run_after=2024-10-06 00:00:00+00:00
[2024-10-06T16:19:17.775+0000] {processor.py:183} INFO - Processing /home/airflow/.local/lib/python3.8/site-packages/airflow/example_dags/example_skip_dag.py took 0.051 seconds
[2024-10-06T16:19:48.577+0000] {processor.py:161} INFO - Started process (PID=1575) to work on /home/airflow/.local/lib/python3.8/site-packages/airflow/example_dags/example_skip_dag.py
[2024-10-06T16:19:48.578+0000] {processor.py:830} INFO - Processing file /home/airflow/.local/lib/python3.8/site-packages/airflow/example_dags/example_skip_dag.py for tasks to queue
[2024-10-06T16:19:48.578+0000] {logging_mixin.py:188} INFO - [2024-10-06T16:19:48.578+0000] {dagbag.py:538} INFO - Filling up the DagBag from /home/airflow/.local/lib/python3.8/site-packages/airflow/example_dags/example_skip_dag.py
[2024-10-06T16:19:48.583+0000] {processor.py:840} INFO - DAG(s) 'example_skip_dag' retrieved from /home/airflow/.local/lib/python3.8/site-packages/airflow/example_dags/example_skip_dag.py
[2024-10-06T16:19:48.599+0000] {logging_mixin.py:188} INFO - [2024-10-06T16:19:48.599+0000] {dag.py:3036} INFO - Sync 1 DAGs
[2024-10-06T16:19:48.613+0000] {logging_mixin.py:188} INFO - [2024-10-06T16:19:48.613+0000] {dag.py:3823} INFO - Setting next_dagrun for example_skip_dag to 2024-10-05 00:00:00+00:00, run_after=2024-10-06 00:00:00+00:00
[2024-10-06T16:19:48.624+0000] {processor.py:183} INFO - Processing /home/airflow/.local/lib/python3.8/site-packages/airflow/example_dags/example_skip_dag.py took 0.050 seconds
[2024-10-06T16:20:19.424+0000] {processor.py:161} INFO - Started process (PID=1822) to work on /home/airflow/.local/lib/python3.8/site-packages/airflow/example_dags/example_skip_dag.py
[2024-10-06T16:20:19.425+0000] {processor.py:830} INFO - Processing file /home/airflow/.local/lib/python3.8/site-packages/airflow/example_dags/example_skip_dag.py for tasks to queue
[2024-10-06T16:20:19.426+0000] {logging_mixin.py:188} INFO - [2024-10-06T16:20:19.426+0000] {dagbag.py:538} INFO - Filling up the DagBag from /home/airflow/.local/lib/python3.8/site-packages/airflow/example_dags/example_skip_dag.py
[2024-10-06T16:20:19.431+0000] {processor.py:840} INFO - DAG(s) 'example_skip_dag' retrieved from /home/airflow/.local/lib/python3.8/site-packages/airflow/example_dags/example_skip_dag.py
[2024-10-06T16:20:19.444+0000] {logging_mixin.py:188} INFO - [2024-10-06T16:20:19.443+0000] {dag.py:3036} INFO - Sync 1 DAGs
[2024-10-06T16:20:19.456+0000] {logging_mixin.py:188} INFO - [2024-10-06T16:20:19.456+0000] {dag.py:3823} INFO - Setting next_dagrun for example_skip_dag to 2024-10-05 00:00:00+00:00, run_after=2024-10-06 00:00:00+00:00
[2024-10-06T16:20:19.466+0000] {processor.py:183} INFO - Processing /home/airflow/.local/lib/python3.8/site-packages/airflow/example_dags/example_skip_dag.py took 0.044 seconds
[2024-10-06T16:20:50.391+0000] {processor.py:161} INFO - Started process (PID=2069) to work on /home/airflow/.local/lib/python3.8/site-packages/airflow/example_dags/example_skip_dag.py
[2024-10-06T16:20:50.392+0000] {processor.py:830} INFO - Processing file /home/airflow/.local/lib/python3.8/site-packages/airflow/example_dags/example_skip_dag.py for tasks to queue
[2024-10-06T16:20:50.393+0000] {logging_mixin.py:188} INFO - [2024-10-06T16:20:50.393+0000] {dagbag.py:538} INFO - Filling up the DagBag from /home/airflow/.local/lib/python3.8/site-packages/airflow/example_dags/example_skip_dag.py
[2024-10-06T16:20:50.397+0000] {processor.py:840} INFO - DAG(s) 'example_skip_dag' retrieved from /home/airflow/.local/lib/python3.8/site-packages/airflow/example_dags/example_skip_dag.py
[2024-10-06T16:20:50.411+0000] {logging_mixin.py:188} INFO - [2024-10-06T16:20:50.411+0000] {dag.py:3036} INFO - Sync 1 DAGs
[2024-10-06T16:20:50.424+0000] {logging_mixin.py:188} INFO - [2024-10-06T16:20:50.424+0000] {dag.py:3823} INFO - Setting next_dagrun for example_skip_dag to 2024-10-05 00:00:00+00:00, run_after=2024-10-06 00:00:00+00:00
[2024-10-06T16:20:50.434+0000] {processor.py:183} INFO - Processing /home/airflow/.local/lib/python3.8/site-packages/airflow/example_dags/example_skip_dag.py took 0.045 seconds
[2024-10-06T16:21:21.188+0000] {processor.py:161} INFO - Started process (PID=2316) to work on /home/airflow/.local/lib/python3.8/site-packages/airflow/example_dags/example_skip_dag.py
[2024-10-06T16:21:21.189+0000] {processor.py:830} INFO - Processing file /home/airflow/.local/lib/python3.8/site-packages/airflow/example_dags/example_skip_dag.py for tasks to queue
[2024-10-06T16:21:21.190+0000] {logging_mixin.py:188} INFO - [2024-10-06T16:21:21.190+0000] {dagbag.py:538} INFO - Filling up the DagBag from /home/airflow/.local/lib/python3.8/site-packages/airflow/example_dags/example_skip_dag.py
[2024-10-06T16:21:21.195+0000] {processor.py:840} INFO - DAG(s) 'example_skip_dag' retrieved from /home/airflow/.local/lib/python3.8/site-packages/airflow/example_dags/example_skip_dag.py
[2024-10-06T16:21:21.210+0000] {logging_mixin.py:188} INFO - [2024-10-06T16:21:21.210+0000] {dag.py:3036} INFO - Sync 1 DAGs
[2024-10-06T16:21:21.225+0000] {logging_mixin.py:188} INFO - [2024-10-06T16:21:21.225+0000] {dag.py:3823} INFO - Setting next_dagrun for example_skip_dag to 2024-10-05 00:00:00+00:00, run_after=2024-10-06 00:00:00+00:00
[2024-10-06T16:21:21.237+0000] {processor.py:183} INFO - Processing /home/airflow/.local/lib/python3.8/site-packages/airflow/example_dags/example_skip_dag.py took 0.052 seconds
[2024-10-06T16:21:51.529+0000] {processor.py:161} INFO - Started process (PID=2563) to work on /home/airflow/.local/lib/python3.8/site-packages/airflow/example_dags/example_skip_dag.py
[2024-10-06T16:21:51.530+0000] {processor.py:830} INFO - Processing file /home/airflow/.local/lib/python3.8/site-packages/airflow/example_dags/example_skip_dag.py for tasks to queue
[2024-10-06T16:21:51.531+0000] {logging_mixin.py:188} INFO - [2024-10-06T16:21:51.531+0000] {dagbag.py:538} INFO - Filling up the DagBag from /home/airflow/.local/lib/python3.8/site-packages/airflow/example_dags/example_skip_dag.py
[2024-10-06T16:21:51.536+0000] {processor.py:840} INFO - DAG(s) 'example_skip_dag' retrieved from /home/airflow/.local/lib/python3.8/site-packages/airflow/example_dags/example_skip_dag.py
[2024-10-06T16:21:51.552+0000] {logging_mixin.py:188} INFO - [2024-10-06T16:21:51.552+0000] {dag.py:3036} INFO - Sync 1 DAGs
[2024-10-06T16:21:51.567+0000] {logging_mixin.py:188} INFO - [2024-10-06T16:21:51.566+0000] {dag.py:3823} INFO - Setting next_dagrun for example_skip_dag to 2024-10-05 00:00:00+00:00, run_after=2024-10-06 00:00:00+00:00
[2024-10-06T16:21:51.580+0000] {processor.py:183} INFO - Processing /home/airflow/.local/lib/python3.8/site-packages/airflow/example_dags/example_skip_dag.py took 0.053 seconds
[2024-10-06T16:22:21.768+0000] {processor.py:161} INFO - Started process (PID=2810) to work on /home/airflow/.local/lib/python3.8/site-packages/airflow/example_dags/example_skip_dag.py
[2024-10-06T16:22:21.769+0000] {processor.py:830} INFO - Processing file /home/airflow/.local/lib/python3.8/site-packages/airflow/example_dags/example_skip_dag.py for tasks to queue
[2024-10-06T16:22:21.769+0000] {logging_mixin.py:188} INFO - [2024-10-06T16:22:21.769+0000] {dagbag.py:538} INFO - Filling up the DagBag from /home/airflow/.local/lib/python3.8/site-packages/airflow/example_dags/example_skip_dag.py
[2024-10-06T16:22:21.774+0000] {processor.py:840} INFO - DAG(s) 'example_skip_dag' retrieved from /home/airflow/.local/lib/python3.8/site-packages/airflow/example_dags/example_skip_dag.py
[2024-10-06T16:22:21.788+0000] {logging_mixin.py:188} INFO - [2024-10-06T16:22:21.788+0000] {dag.py:3036} INFO - Sync 1 DAGs
[2024-10-06T16:22:21.805+0000] {logging_mixin.py:188} INFO - [2024-10-06T16:22:21.805+0000] {dag.py:3823} INFO - Setting next_dagrun for example_skip_dag to 2024-10-05 00:00:00+00:00, run_after=2024-10-06 00:00:00+00:00
[2024-10-06T16:22:21.820+0000] {processor.py:183} INFO - Processing /home/airflow/.local/lib/python3.8/site-packages/airflow/example_dags/example_skip_dag.py took 0.055 seconds
[2024-10-06T16:22:52.180+0000] {processor.py:161} INFO - Started process (PID=3057) to work on /home/airflow/.local/lib/python3.8/site-packages/airflow/example_dags/example_skip_dag.py
[2024-10-06T16:22:52.181+0000] {processor.py:830} INFO - Processing file /home/airflow/.local/lib/python3.8/site-packages/airflow/example_dags/example_skip_dag.py for tasks to queue
[2024-10-06T16:22:52.183+0000] {logging_mixin.py:188} INFO - [2024-10-06T16:22:52.182+0000] {dagbag.py:538} INFO - Filling up the DagBag from /home/airflow/.local/lib/python3.8/site-packages/airflow/example_dags/example_skip_dag.py
[2024-10-06T16:22:52.187+0000] {processor.py:840} INFO - DAG(s) 'example_skip_dag' retrieved from /home/airflow/.local/lib/python3.8/site-packages/airflow/example_dags/example_skip_dag.py
[2024-10-06T16:22:52.201+0000] {logging_mixin.py:188} INFO - [2024-10-06T16:22:52.201+0000] {dag.py:3036} INFO - Sync 1 DAGs
[2024-10-06T16:22:52.215+0000] {logging_mixin.py:188} INFO - [2024-10-06T16:22:52.215+0000] {dag.py:3823} INFO - Setting next_dagrun for example_skip_dag to 2024-10-05 00:00:00+00:00, run_after=2024-10-06 00:00:00+00:00
[2024-10-06T16:22:52.228+0000] {processor.py:183} INFO - Processing /home/airflow/.local/lib/python3.8/site-packages/airflow/example_dags/example_skip_dag.py took 0.050 seconds
[2024-10-06T16:23:23.041+0000] {processor.py:161} INFO - Started process (PID=3304) to work on /home/airflow/.local/lib/python3.8/site-packages/airflow/example_dags/example_skip_dag.py
[2024-10-06T16:23:23.042+0000] {processor.py:830} INFO - Processing file /home/airflow/.local/lib/python3.8/site-packages/airflow/example_dags/example_skip_dag.py for tasks to queue
[2024-10-06T16:23:23.043+0000] {logging_mixin.py:188} INFO - [2024-10-06T16:23:23.042+0000] {dagbag.py:538} INFO - Filling up the DagBag from /home/airflow/.local/lib/python3.8/site-packages/airflow/example_dags/example_skip_dag.py
[2024-10-06T16:23:23.047+0000] {processor.py:840} INFO - DAG(s) 'example_skip_dag' retrieved from /home/airflow/.local/lib/python3.8/site-packages/airflow/example_dags/example_skip_dag.py
[2024-10-06T16:23:23.062+0000] {logging_mixin.py:188} INFO - [2024-10-06T16:23:23.062+0000] {dag.py:3036} INFO - Sync 1 DAGs
[2024-10-06T16:23:23.076+0000] {logging_mixin.py:188} INFO - [2024-10-06T16:23:23.076+0000] {dag.py:3823} INFO - Setting next_dagrun for example_skip_dag to 2024-10-05 00:00:00+00:00, run_after=2024-10-06 00:00:00+00:00
[2024-10-06T16:23:23.088+0000] {processor.py:183} INFO - Processing /home/airflow/.local/lib/python3.8/site-packages/airflow/example_dags/example_skip_dag.py took 0.050 seconds
[2024-10-06T16:23:53.802+0000] {processor.py:161} INFO - Started process (PID=3551) to work on /home/airflow/.local/lib/python3.8/site-packages/airflow/example_dags/example_skip_dag.py
[2024-10-06T16:23:53.803+0000] {processor.py:830} INFO - Processing file /home/airflow/.local/lib/python3.8/site-packages/airflow/example_dags/example_skip_dag.py for tasks to queue
[2024-10-06T16:23:53.804+0000] {logging_mixin.py:188} INFO - [2024-10-06T16:23:53.804+0000] {dagbag.py:538} INFO - Filling up the DagBag from /home/airflow/.local/lib/python3.8/site-packages/airflow/example_dags/example_skip_dag.py
[2024-10-06T16:23:53.810+0000] {processor.py:840} INFO - DAG(s) 'example_skip_dag' retrieved from /home/airflow/.local/lib/python3.8/site-packages/airflow/example_dags/example_skip_dag.py
[2024-10-06T16:23:53.823+0000] {logging_mixin.py:188} INFO - [2024-10-06T16:23:53.823+0000] {dag.py:3036} INFO - Sync 1 DAGs
[2024-10-06T16:23:53.836+0000] {logging_mixin.py:188} INFO - [2024-10-06T16:23:53.836+0000] {dag.py:3823} INFO - Setting next_dagrun for example_skip_dag to 2024-10-05 00:00:00+00:00, run_after=2024-10-06 00:00:00+00:00
[2024-10-06T16:23:53.848+0000] {processor.py:183} INFO - Processing /home/airflow/.local/lib/python3.8/site-packages/airflow/example_dags/example_skip_dag.py took 0.048 seconds
[2024-10-06T16:24:24.574+0000] {processor.py:161} INFO - Started process (PID=3798) to work on /home/airflow/.local/lib/python3.8/site-packages/airflow/example_dags/example_skip_dag.py
[2024-10-06T16:24:24.574+0000] {processor.py:830} INFO - Processing file /home/airflow/.local/lib/python3.8/site-packages/airflow/example_dags/example_skip_dag.py for tasks to queue
[2024-10-06T16:24:24.575+0000] {logging_mixin.py:188} INFO - [2024-10-06T16:24:24.575+0000] {dagbag.py:538} INFO - Filling up the DagBag from /home/airflow/.local/lib/python3.8/site-packages/airflow/example_dags/example_skip_dag.py
[2024-10-06T16:24:24.579+0000] {processor.py:840} INFO - DAG(s) 'example_skip_dag' retrieved from /home/airflow/.local/lib/python3.8/site-packages/airflow/example_dags/example_skip_dag.py
[2024-10-06T16:24:24.591+0000] {logging_mixin.py:188} INFO - [2024-10-06T16:24:24.591+0000] {dag.py:3036} INFO - Sync 1 DAGs
[2024-10-06T16:24:24.602+0000] {logging_mixin.py:188} INFO - [2024-10-06T16:24:24.602+0000] {dag.py:3823} INFO - Setting next_dagrun for example_skip_dag to 2024-10-05 00:00:00+00:00, run_after=2024-10-06 00:00:00+00:00
[2024-10-06T16:24:24.613+0000] {processor.py:183} INFO - Processing /home/airflow/.local/lib/python3.8/site-packages/airflow/example_dags/example_skip_dag.py took 0.042 seconds
[2024-10-06T16:24:55.699+0000] {processor.py:161} INFO - Started process (PID=4045) to work on /home/airflow/.local/lib/python3.8/site-packages/airflow/example_dags/example_skip_dag.py
[2024-10-06T16:24:55.700+0000] {processor.py:830} INFO - Processing file /home/airflow/.local/lib/python3.8/site-packages/airflow/example_dags/example_skip_dag.py for tasks to queue
[2024-10-06T16:24:55.701+0000] {logging_mixin.py:188} INFO - [2024-10-06T16:24:55.701+0000] {dagbag.py:538} INFO - Filling up the DagBag from /home/airflow/.local/lib/python3.8/site-packages/airflow/example_dags/example_skip_dag.py
[2024-10-06T16:24:55.707+0000] {processor.py:840} INFO - DAG(s) 'example_skip_dag' retrieved from /home/airflow/.local/lib/python3.8/site-packages/airflow/example_dags/example_skip_dag.py
[2024-10-06T16:24:55.722+0000] {logging_mixin.py:188} INFO - [2024-10-06T16:24:55.722+0000] {dag.py:3036} INFO - Sync 1 DAGs
[2024-10-06T16:24:55.737+0000] {logging_mixin.py:188} INFO - [2024-10-06T16:24:55.737+0000] {dag.py:3823} INFO - Setting next_dagrun for example_skip_dag to 2024-10-05 00:00:00+00:00, run_after=2024-10-06 00:00:00+00:00
[2024-10-06T16:24:55.751+0000] {processor.py:183} INFO - Processing /home/airflow/.local/lib/python3.8/site-packages/airflow/example_dags/example_skip_dag.py took 0.055 seconds
[2024-10-06T16:25:25.806+0000] {processor.py:161} INFO - Started process (PID=4287) to work on /home/airflow/.local/lib/python3.8/site-packages/airflow/example_dags/example_skip_dag.py
[2024-10-06T16:25:25.807+0000] {processor.py:830} INFO - Processing file /home/airflow/.local/lib/python3.8/site-packages/airflow/example_dags/example_skip_dag.py for tasks to queue
[2024-10-06T16:25:25.808+0000] {logging_mixin.py:188} INFO - [2024-10-06T16:25:25.808+0000] {dagbag.py:538} INFO - Filling up the DagBag from /home/airflow/.local/lib/python3.8/site-packages/airflow/example_dags/example_skip_dag.py
[2024-10-06T16:25:25.812+0000] {processor.py:840} INFO - DAG(s) 'example_skip_dag' retrieved from /home/airflow/.local/lib/python3.8/site-packages/airflow/example_dags/example_skip_dag.py
[2024-10-06T16:25:25.825+0000] {logging_mixin.py:188} INFO - [2024-10-06T16:25:25.825+0000] {dag.py:3036} INFO - Sync 1 DAGs
[2024-10-06T16:25:25.838+0000] {logging_mixin.py:188} INFO - [2024-10-06T16:25:25.838+0000] {dag.py:3823} INFO - Setting next_dagrun for example_skip_dag to 2024-10-05 00:00:00+00:00, run_after=2024-10-06 00:00:00+00:00
[2024-10-06T16:25:25.848+0000] {processor.py:183} INFO - Processing /home/airflow/.local/lib/python3.8/site-packages/airflow/example_dags/example_skip_dag.py took 0.044 seconds
[2024-10-06T16:25:56.215+0000] {processor.py:161} INFO - Started process (PID=4539) to work on /home/airflow/.local/lib/python3.8/site-packages/airflow/example_dags/example_skip_dag.py
[2024-10-06T16:25:56.216+0000] {processor.py:830} INFO - Processing file /home/airflow/.local/lib/python3.8/site-packages/airflow/example_dags/example_skip_dag.py for tasks to queue
[2024-10-06T16:25:56.216+0000] {logging_mixin.py:188} INFO - [2024-10-06T16:25:56.216+0000] {dagbag.py:538} INFO - Filling up the DagBag from /home/airflow/.local/lib/python3.8/site-packages/airflow/example_dags/example_skip_dag.py
[2024-10-06T16:25:56.222+0000] {processor.py:840} INFO - DAG(s) 'example_skip_dag' retrieved from /home/airflow/.local/lib/python3.8/site-packages/airflow/example_dags/example_skip_dag.py
[2024-10-06T16:25:56.239+0000] {logging_mixin.py:188} INFO - [2024-10-06T16:25:56.238+0000] {dag.py:3036} INFO - Sync 1 DAGs
[2024-10-06T16:25:56.253+0000] {logging_mixin.py:188} INFO - [2024-10-06T16:25:56.253+0000] {dag.py:3823} INFO - Setting next_dagrun for example_skip_dag to 2024-10-05 00:00:00+00:00, run_after=2024-10-06 00:00:00+00:00
[2024-10-06T16:25:56.265+0000] {processor.py:183} INFO - Processing /home/airflow/.local/lib/python3.8/site-packages/airflow/example_dags/example_skip_dag.py took 0.053 seconds
[2024-10-06T16:26:26.295+0000] {processor.py:161} INFO - Started process (PID=4783) to work on /home/airflow/.local/lib/python3.8/site-packages/airflow/example_dags/example_skip_dag.py
[2024-10-06T16:26:26.296+0000] {processor.py:830} INFO - Processing file /home/airflow/.local/lib/python3.8/site-packages/airflow/example_dags/example_skip_dag.py for tasks to queue
[2024-10-06T16:26:26.297+0000] {logging_mixin.py:188} INFO - [2024-10-06T16:26:26.296+0000] {dagbag.py:538} INFO - Filling up the DagBag from /home/airflow/.local/lib/python3.8/site-packages/airflow/example_dags/example_skip_dag.py
[2024-10-06T16:26:26.301+0000] {processor.py:840} INFO - DAG(s) 'example_skip_dag' retrieved from /home/airflow/.local/lib/python3.8/site-packages/airflow/example_dags/example_skip_dag.py
[2024-10-06T16:26:26.313+0000] {logging_mixin.py:188} INFO - [2024-10-06T16:26:26.313+0000] {dag.py:3036} INFO - Sync 1 DAGs
[2024-10-06T16:26:26.324+0000] {logging_mixin.py:188} INFO - [2024-10-06T16:26:26.324+0000] {dag.py:3823} INFO - Setting next_dagrun for example_skip_dag to 2024-10-05 00:00:00+00:00, run_after=2024-10-06 00:00:00+00:00
[2024-10-06T16:26:26.333+0000] {processor.py:183} INFO - Processing /home/airflow/.local/lib/python3.8/site-packages/airflow/example_dags/example_skip_dag.py took 0.039 seconds
[2024-10-06T16:26:57.294+0000] {processor.py:161} INFO - Started process (PID=5033) to work on /home/airflow/.local/lib/python3.8/site-packages/airflow/example_dags/example_skip_dag.py
[2024-10-06T16:26:57.295+0000] {processor.py:830} INFO - Processing file /home/airflow/.local/lib/python3.8/site-packages/airflow/example_dags/example_skip_dag.py for tasks to queue
[2024-10-06T16:26:57.296+0000] {logging_mixin.py:188} INFO - [2024-10-06T16:26:57.296+0000] {dagbag.py:538} INFO - Filling up the DagBag from /home/airflow/.local/lib/python3.8/site-packages/airflow/example_dags/example_skip_dag.py
[2024-10-06T16:26:57.300+0000] {processor.py:840} INFO - DAG(s) 'example_skip_dag' retrieved from /home/airflow/.local/lib/python3.8/site-packages/airflow/example_dags/example_skip_dag.py
[2024-10-06T16:26:57.315+0000] {logging_mixin.py:188} INFO - [2024-10-06T16:26:57.315+0000] {dag.py:3036} INFO - Sync 1 DAGs
[2024-10-06T16:26:57.328+0000] {logging_mixin.py:188} INFO - [2024-10-06T16:26:57.328+0000] {dag.py:3823} INFO - Setting next_dagrun for example_skip_dag to 2024-10-05 00:00:00+00:00, run_after=2024-10-06 00:00:00+00:00
[2024-10-06T16:26:57.339+0000] {processor.py:183} INFO - Processing /home/airflow/.local/lib/python3.8/site-packages/airflow/example_dags/example_skip_dag.py took 0.046 seconds
