[2024-10-06T16:17:12.090+0000] {processor.py:161} INFO - Started process (PID=187) to work on /home/airflow/.local/lib/python3.8/site-packages/airflow/example_dags/example_xcomargs.py
[2024-10-06T16:17:12.091+0000] {processor.py:830} INFO - Processing file /home/airflow/.local/lib/python3.8/site-packages/airflow/example_dags/example_xcomargs.py for tasks to queue
[2024-10-06T16:17:12.092+0000] {logging_mixin.py:188} INFO - [2024-10-06T16:17:12.092+0000] {dagbag.py:538} INFO - Filling up the DagBag from /home/airflow/.local/lib/python3.8/site-packages/airflow/example_dags/example_xcomargs.py
[2024-10-06T16:17:12.102+0000] {processor.py:840} INFO - DAG(s) 'example_xcom_args_with_operators', 'example_xcom_args' retrieved from /home/airflow/.local/lib/python3.8/site-packages/airflow/example_dags/example_xcomargs.py
[2024-10-06T16:17:12.117+0000] {logging_mixin.py:188} INFO - [2024-10-06T16:17:12.116+0000] {dag.py:3036} INFO - Sync 2 DAGs
[2024-10-06T16:17:12.126+0000] {logging_mixin.py:188} INFO - [2024-10-06T16:17:12.126+0000] {dag.py:3823} INFO - Setting next_dagrun for example_xcom_args to None, run_after=None
[2024-10-06T16:17:12.130+0000] {logging_mixin.py:188} INFO - [2024-10-06T16:17:12.129+0000] {dag.py:3823} INFO - Setting next_dagrun for example_xcom_args_with_operators to None, run_after=None
[2024-10-06T16:17:12.148+0000] {processor.py:183} INFO - Processing /home/airflow/.local/lib/python3.8/site-packages/airflow/example_dags/example_xcomargs.py took 0.061 seconds
[2024-10-06T16:17:42.939+0000] {processor.py:161} INFO - Started process (PID=434) to work on /home/airflow/.local/lib/python3.8/site-packages/airflow/example_dags/example_xcomargs.py
[2024-10-06T16:17:42.940+0000] {processor.py:830} INFO - Processing file /home/airflow/.local/lib/python3.8/site-packages/airflow/example_dags/example_xcomargs.py for tasks to queue
[2024-10-06T16:17:42.941+0000] {logging_mixin.py:188} INFO - [2024-10-06T16:17:42.940+0000] {dagbag.py:538} INFO - Filling up the DagBag from /home/airflow/.local/lib/python3.8/site-packages/airflow/example_dags/example_xcomargs.py
[2024-10-06T16:17:42.947+0000] {processor.py:840} INFO - DAG(s) 'example_xcom_args_with_operators', 'example_xcom_args' retrieved from /home/airflow/.local/lib/python3.8/site-packages/airflow/example_dags/example_xcomargs.py
[2024-10-06T16:17:43.013+0000] {logging_mixin.py:188} INFO - [2024-10-06T16:17:43.012+0000] {dag.py:3036} INFO - Sync 2 DAGs
[2024-10-06T16:17:43.019+0000] {logging_mixin.py:188} INFO - [2024-10-06T16:17:43.019+0000] {dag.py:3823} INFO - Setting next_dagrun for example_xcom_args to None, run_after=None
[2024-10-06T16:17:43.021+0000] {logging_mixin.py:188} INFO - [2024-10-06T16:17:43.021+0000] {dag.py:3823} INFO - Setting next_dagrun for example_xcom_args_with_operators to None, run_after=None
[2024-10-06T16:17:43.032+0000] {processor.py:183} INFO - Processing /home/airflow/.local/lib/python3.8/site-packages/airflow/example_dags/example_xcomargs.py took 0.097 seconds
[2024-10-06T16:18:13.988+0000] {processor.py:161} INFO - Started process (PID=681) to work on /home/airflow/.local/lib/python3.8/site-packages/airflow/example_dags/example_xcomargs.py
[2024-10-06T16:18:13.988+0000] {processor.py:830} INFO - Processing file /home/airflow/.local/lib/python3.8/site-packages/airflow/example_dags/example_xcomargs.py for tasks to queue
[2024-10-06T16:18:13.989+0000] {logging_mixin.py:188} INFO - [2024-10-06T16:18:13.989+0000] {dagbag.py:538} INFO - Filling up the DagBag from /home/airflow/.local/lib/python3.8/site-packages/airflow/example_dags/example_xcomargs.py
[2024-10-06T16:18:13.994+0000] {processor.py:840} INFO - DAG(s) 'example_xcom_args', 'example_xcom_args_with_operators' retrieved from /home/airflow/.local/lib/python3.8/site-packages/airflow/example_dags/example_xcomargs.py
[2024-10-06T16:18:14.009+0000] {logging_mixin.py:188} INFO - [2024-10-06T16:18:14.008+0000] {dag.py:3036} INFO - Sync 2 DAGs
[2024-10-06T16:18:14.015+0000] {logging_mixin.py:188} INFO - [2024-10-06T16:18:14.015+0000] {dag.py:3823} INFO - Setting next_dagrun for example_xcom_args to None, run_after=None
[2024-10-06T16:18:14.018+0000] {logging_mixin.py:188} INFO - [2024-10-06T16:18:14.017+0000] {dag.py:3823} INFO - Setting next_dagrun for example_xcom_args_with_operators to None, run_after=None
[2024-10-06T16:18:14.026+0000] {processor.py:183} INFO - Processing /home/airflow/.local/lib/python3.8/site-packages/airflow/example_dags/example_xcomargs.py took 0.041 seconds
[2024-10-06T16:18:44.602+0000] {processor.py:161} INFO - Started process (PID=928) to work on /home/airflow/.local/lib/python3.8/site-packages/airflow/example_dags/example_xcomargs.py
[2024-10-06T16:18:44.603+0000] {processor.py:830} INFO - Processing file /home/airflow/.local/lib/python3.8/site-packages/airflow/example_dags/example_xcomargs.py for tasks to queue
[2024-10-06T16:18:44.604+0000] {logging_mixin.py:188} INFO - [2024-10-06T16:18:44.603+0000] {dagbag.py:538} INFO - Filling up the DagBag from /home/airflow/.local/lib/python3.8/site-packages/airflow/example_dags/example_xcomargs.py
[2024-10-06T16:18:44.609+0000] {processor.py:840} INFO - DAG(s) 'example_xcom_args_with_operators', 'example_xcom_args' retrieved from /home/airflow/.local/lib/python3.8/site-packages/airflow/example_dags/example_xcomargs.py
[2024-10-06T16:18:44.627+0000] {logging_mixin.py:188} INFO - [2024-10-06T16:18:44.627+0000] {dag.py:3036} INFO - Sync 2 DAGs
[2024-10-06T16:18:44.635+0000] {logging_mixin.py:188} INFO - [2024-10-06T16:18:44.635+0000] {dag.py:3823} INFO - Setting next_dagrun for example_xcom_args to None, run_after=None
[2024-10-06T16:18:44.638+0000] {logging_mixin.py:188} INFO - [2024-10-06T16:18:44.638+0000] {dag.py:3823} INFO - Setting next_dagrun for example_xcom_args_with_operators to None, run_after=None
[2024-10-06T16:18:44.649+0000] {processor.py:183} INFO - Processing /home/airflow/.local/lib/python3.8/site-packages/airflow/example_dags/example_xcomargs.py took 0.049 seconds
[2024-10-06T16:19:15.543+0000] {processor.py:161} INFO - Started process (PID=1175) to work on /home/airflow/.local/lib/python3.8/site-packages/airflow/example_dags/example_xcomargs.py
[2024-10-06T16:19:15.544+0000] {processor.py:830} INFO - Processing file /home/airflow/.local/lib/python3.8/site-packages/airflow/example_dags/example_xcomargs.py for tasks to queue
[2024-10-06T16:19:15.545+0000] {logging_mixin.py:188} INFO - [2024-10-06T16:19:15.545+0000] {dagbag.py:538} INFO - Filling up the DagBag from /home/airflow/.local/lib/python3.8/site-packages/airflow/example_dags/example_xcomargs.py
[2024-10-06T16:19:15.553+0000] {processor.py:840} INFO - DAG(s) 'example_xcom_args_with_operators', 'example_xcom_args' retrieved from /home/airflow/.local/lib/python3.8/site-packages/airflow/example_dags/example_xcomargs.py
[2024-10-06T16:19:15.573+0000] {logging_mixin.py:188} INFO - [2024-10-06T16:19:15.573+0000] {dag.py:3036} INFO - Sync 2 DAGs
[2024-10-06T16:19:15.581+0000] {logging_mixin.py:188} INFO - [2024-10-06T16:19:15.581+0000] {dag.py:3823} INFO - Setting next_dagrun for example_xcom_args to None, run_after=None
[2024-10-06T16:19:15.584+0000] {logging_mixin.py:188} INFO - [2024-10-06T16:19:15.584+0000] {dag.py:3823} INFO - Setting next_dagrun for example_xcom_args_with_operators to None, run_after=None
[2024-10-06T16:19:15.595+0000] {processor.py:183} INFO - Processing /home/airflow/.local/lib/python3.8/site-packages/airflow/example_dags/example_xcomargs.py took 0.055 seconds
[2024-10-06T16:19:46.355+0000] {processor.py:161} INFO - Started process (PID=1422) to work on /home/airflow/.local/lib/python3.8/site-packages/airflow/example_dags/example_xcomargs.py
[2024-10-06T16:19:46.356+0000] {processor.py:830} INFO - Processing file /home/airflow/.local/lib/python3.8/site-packages/airflow/example_dags/example_xcomargs.py for tasks to queue
[2024-10-06T16:19:46.356+0000] {logging_mixin.py:188} INFO - [2024-10-06T16:19:46.356+0000] {dagbag.py:538} INFO - Filling up the DagBag from /home/airflow/.local/lib/python3.8/site-packages/airflow/example_dags/example_xcomargs.py
[2024-10-06T16:19:46.362+0000] {processor.py:840} INFO - DAG(s) 'example_xcom_args_with_operators', 'example_xcom_args' retrieved from /home/airflow/.local/lib/python3.8/site-packages/airflow/example_dags/example_xcomargs.py
[2024-10-06T16:19:46.378+0000] {logging_mixin.py:188} INFO - [2024-10-06T16:19:46.378+0000] {dag.py:3036} INFO - Sync 2 DAGs
[2024-10-06T16:19:46.386+0000] {logging_mixin.py:188} INFO - [2024-10-06T16:19:46.386+0000] {dag.py:3823} INFO - Setting next_dagrun for example_xcom_args to None, run_after=None
[2024-10-06T16:19:46.388+0000] {logging_mixin.py:188} INFO - [2024-10-06T16:19:46.388+0000] {dag.py:3823} INFO - Setting next_dagrun for example_xcom_args_with_operators to None, run_after=None
[2024-10-06T16:19:46.402+0000] {processor.py:183} INFO - Processing /home/airflow/.local/lib/python3.8/site-packages/airflow/example_dags/example_xcomargs.py took 0.050 seconds
[2024-10-06T16:20:17.291+0000] {processor.py:161} INFO - Started process (PID=1669) to work on /home/airflow/.local/lib/python3.8/site-packages/airflow/example_dags/example_xcomargs.py
[2024-10-06T16:20:17.292+0000] {processor.py:830} INFO - Processing file /home/airflow/.local/lib/python3.8/site-packages/airflow/example_dags/example_xcomargs.py for tasks to queue
[2024-10-06T16:20:17.292+0000] {logging_mixin.py:188} INFO - [2024-10-06T16:20:17.292+0000] {dagbag.py:538} INFO - Filling up the DagBag from /home/airflow/.local/lib/python3.8/site-packages/airflow/example_dags/example_xcomargs.py
[2024-10-06T16:20:17.298+0000] {processor.py:840} INFO - DAG(s) 'example_xcom_args', 'example_xcom_args_with_operators' retrieved from /home/airflow/.local/lib/python3.8/site-packages/airflow/example_dags/example_xcomargs.py
[2024-10-06T16:20:17.311+0000] {logging_mixin.py:188} INFO - [2024-10-06T16:20:17.311+0000] {dag.py:3036} INFO - Sync 2 DAGs
[2024-10-06T16:20:17.328+0000] {logging_mixin.py:188} INFO - [2024-10-06T16:20:17.328+0000] {dag.py:3823} INFO - Setting next_dagrun for example_xcom_args to None, run_after=None
[2024-10-06T16:20:17.334+0000] {logging_mixin.py:188} INFO - [2024-10-06T16:20:17.334+0000] {dag.py:3823} INFO - Setting next_dagrun for example_xcom_args_with_operators to None, run_after=None
[2024-10-06T16:20:17.350+0000] {processor.py:183} INFO - Processing /home/airflow/.local/lib/python3.8/site-packages/airflow/example_dags/example_xcomargs.py took 0.062 seconds
[2024-10-06T16:20:48.292+0000] {processor.py:161} INFO - Started process (PID=1916) to work on /home/airflow/.local/lib/python3.8/site-packages/airflow/example_dags/example_xcomargs.py
[2024-10-06T16:20:48.293+0000] {processor.py:830} INFO - Processing file /home/airflow/.local/lib/python3.8/site-packages/airflow/example_dags/example_xcomargs.py for tasks to queue
[2024-10-06T16:20:48.293+0000] {logging_mixin.py:188} INFO - [2024-10-06T16:20:48.293+0000] {dagbag.py:538} INFO - Filling up the DagBag from /home/airflow/.local/lib/python3.8/site-packages/airflow/example_dags/example_xcomargs.py
[2024-10-06T16:20:48.299+0000] {processor.py:840} INFO - DAG(s) 'example_xcom_args_with_operators', 'example_xcom_args' retrieved from /home/airflow/.local/lib/python3.8/site-packages/airflow/example_dags/example_xcomargs.py
[2024-10-06T16:20:48.314+0000] {logging_mixin.py:188} INFO - [2024-10-06T16:20:48.314+0000] {dag.py:3036} INFO - Sync 2 DAGs
[2024-10-06T16:20:48.322+0000] {logging_mixin.py:188} INFO - [2024-10-06T16:20:48.321+0000] {dag.py:3823} INFO - Setting next_dagrun for example_xcom_args to None, run_after=None
[2024-10-06T16:20:48.324+0000] {logging_mixin.py:188} INFO - [2024-10-06T16:20:48.324+0000] {dag.py:3823} INFO - Setting next_dagrun for example_xcom_args_with_operators to None, run_after=None
[2024-10-06T16:20:48.334+0000] {processor.py:183} INFO - Processing /home/airflow/.local/lib/python3.8/site-packages/airflow/example_dags/example_xcomargs.py took 0.045 seconds
[2024-10-06T16:21:19.005+0000] {processor.py:161} INFO - Started process (PID=2163) to work on /home/airflow/.local/lib/python3.8/site-packages/airflow/example_dags/example_xcomargs.py
[2024-10-06T16:21:19.005+0000] {processor.py:830} INFO - Processing file /home/airflow/.local/lib/python3.8/site-packages/airflow/example_dags/example_xcomargs.py for tasks to queue
[2024-10-06T16:21:19.006+0000] {logging_mixin.py:188} INFO - [2024-10-06T16:21:19.006+0000] {dagbag.py:538} INFO - Filling up the DagBag from /home/airflow/.local/lib/python3.8/site-packages/airflow/example_dags/example_xcomargs.py
[2024-10-06T16:21:19.012+0000] {processor.py:840} INFO - DAG(s) 'example_xcom_args_with_operators', 'example_xcom_args' retrieved from /home/airflow/.local/lib/python3.8/site-packages/airflow/example_dags/example_xcomargs.py
[2024-10-06T16:21:19.029+0000] {logging_mixin.py:188} INFO - [2024-10-06T16:21:19.029+0000] {dag.py:3036} INFO - Sync 2 DAGs
[2024-10-06T16:21:19.037+0000] {logging_mixin.py:188} INFO - [2024-10-06T16:21:19.037+0000] {dag.py:3823} INFO - Setting next_dagrun for example_xcom_args to None, run_after=None
[2024-10-06T16:21:19.040+0000] {logging_mixin.py:188} INFO - [2024-10-06T16:21:19.040+0000] {dag.py:3823} INFO - Setting next_dagrun for example_xcom_args_with_operators to None, run_after=None
[2024-10-06T16:21:19.051+0000] {processor.py:183} INFO - Processing /home/airflow/.local/lib/python3.8/site-packages/airflow/example_dags/example_xcomargs.py took 0.049 seconds
[2024-10-06T16:21:49.901+0000] {processor.py:161} INFO - Started process (PID=2410) to work on /home/airflow/.local/lib/python3.8/site-packages/airflow/example_dags/example_xcomargs.py
[2024-10-06T16:21:49.902+0000] {processor.py:830} INFO - Processing file /home/airflow/.local/lib/python3.8/site-packages/airflow/example_dags/example_xcomargs.py for tasks to queue
[2024-10-06T16:21:49.903+0000] {logging_mixin.py:188} INFO - [2024-10-06T16:21:49.903+0000] {dagbag.py:538} INFO - Filling up the DagBag from /home/airflow/.local/lib/python3.8/site-packages/airflow/example_dags/example_xcomargs.py
[2024-10-06T16:21:49.909+0000] {processor.py:840} INFO - DAG(s) 'example_xcom_args', 'example_xcom_args_with_operators' retrieved from /home/airflow/.local/lib/python3.8/site-packages/airflow/example_dags/example_xcomargs.py
[2024-10-06T16:21:49.930+0000] {logging_mixin.py:188} INFO - [2024-10-06T16:21:49.930+0000] {dag.py:3036} INFO - Sync 2 DAGs
[2024-10-06T16:21:49.939+0000] {logging_mixin.py:188} INFO - [2024-10-06T16:21:49.939+0000] {dag.py:3823} INFO - Setting next_dagrun for example_xcom_args to None, run_after=None
[2024-10-06T16:21:49.942+0000] {logging_mixin.py:188} INFO - [2024-10-06T16:21:49.942+0000] {dag.py:3823} INFO - Setting next_dagrun for example_xcom_args_with_operators to None, run_after=None
[2024-10-06T16:21:49.961+0000] {processor.py:183} INFO - Processing /home/airflow/.local/lib/python3.8/site-packages/airflow/example_dags/example_xcomargs.py took 0.062 seconds
[2024-10-06T16:22:20.422+0000] {processor.py:161} INFO - Started process (PID=2657) to work on /home/airflow/.local/lib/python3.8/site-packages/airflow/example_dags/example_xcomargs.py
[2024-10-06T16:22:20.422+0000] {processor.py:830} INFO - Processing file /home/airflow/.local/lib/python3.8/site-packages/airflow/example_dags/example_xcomargs.py for tasks to queue
[2024-10-06T16:22:20.423+0000] {logging_mixin.py:188} INFO - [2024-10-06T16:22:20.423+0000] {dagbag.py:538} INFO - Filling up the DagBag from /home/airflow/.local/lib/python3.8/site-packages/airflow/example_dags/example_xcomargs.py
[2024-10-06T16:22:20.428+0000] {processor.py:840} INFO - DAG(s) 'example_xcom_args_with_operators', 'example_xcom_args' retrieved from /home/airflow/.local/lib/python3.8/site-packages/airflow/example_dags/example_xcomargs.py
[2024-10-06T16:22:20.446+0000] {logging_mixin.py:188} INFO - [2024-10-06T16:22:20.446+0000] {dag.py:3036} INFO - Sync 2 DAGs
[2024-10-06T16:22:20.455+0000] {logging_mixin.py:188} INFO - [2024-10-06T16:22:20.455+0000] {dag.py:3823} INFO - Setting next_dagrun for example_xcom_args to None, run_after=None
[2024-10-06T16:22:20.457+0000] {logging_mixin.py:188} INFO - [2024-10-06T16:22:20.457+0000] {dag.py:3823} INFO - Setting next_dagrun for example_xcom_args_with_operators to None, run_after=None
[2024-10-06T16:22:20.466+0000] {processor.py:183} INFO - Processing /home/airflow/.local/lib/python3.8/site-packages/airflow/example_dags/example_xcomargs.py took 0.047 seconds
[2024-10-06T16:22:50.816+0000] {processor.py:161} INFO - Started process (PID=2904) to work on /home/airflow/.local/lib/python3.8/site-packages/airflow/example_dags/example_xcomargs.py
[2024-10-06T16:22:50.819+0000] {processor.py:830} INFO - Processing file /home/airflow/.local/lib/python3.8/site-packages/airflow/example_dags/example_xcomargs.py for tasks to queue
[2024-10-06T16:22:50.829+0000] {logging_mixin.py:188} INFO - [2024-10-06T16:22:50.829+0000] {dagbag.py:538} INFO - Filling up the DagBag from /home/airflow/.local/lib/python3.8/site-packages/airflow/example_dags/example_xcomargs.py
[2024-10-06T16:22:50.842+0000] {processor.py:840} INFO - DAG(s) 'example_xcom_args_with_operators', 'example_xcom_args' retrieved from /home/airflow/.local/lib/python3.8/site-packages/airflow/example_dags/example_xcomargs.py
[2024-10-06T16:22:50.898+0000] {logging_mixin.py:188} INFO - [2024-10-06T16:22:50.898+0000] {dag.py:3036} INFO - Sync 2 DAGs
[2024-10-06T16:22:50.910+0000] {logging_mixin.py:188} INFO - [2024-10-06T16:22:50.910+0000] {dag.py:3823} INFO - Setting next_dagrun for example_xcom_args to None, run_after=None
[2024-10-06T16:22:50.914+0000] {logging_mixin.py:188} INFO - [2024-10-06T16:22:50.914+0000] {dag.py:3823} INFO - Setting next_dagrun for example_xcom_args_with_operators to None, run_after=None
[2024-10-06T16:22:50.933+0000] {processor.py:183} INFO - Processing /home/airflow/.local/lib/python3.8/site-packages/airflow/example_dags/example_xcomargs.py took 0.119 seconds
[2024-10-06T16:23:20.959+0000] {processor.py:161} INFO - Started process (PID=3151) to work on /home/airflow/.local/lib/python3.8/site-packages/airflow/example_dags/example_xcomargs.py
[2024-10-06T16:23:20.960+0000] {processor.py:830} INFO - Processing file /home/airflow/.local/lib/python3.8/site-packages/airflow/example_dags/example_xcomargs.py for tasks to queue
[2024-10-06T16:23:20.960+0000] {logging_mixin.py:188} INFO - [2024-10-06T16:23:20.960+0000] {dagbag.py:538} INFO - Filling up the DagBag from /home/airflow/.local/lib/python3.8/site-packages/airflow/example_dags/example_xcomargs.py
[2024-10-06T16:23:20.965+0000] {processor.py:840} INFO - DAG(s) 'example_xcom_args_with_operators', 'example_xcom_args' retrieved from /home/airflow/.local/lib/python3.8/site-packages/airflow/example_dags/example_xcomargs.py
[2024-10-06T16:23:20.981+0000] {logging_mixin.py:188} INFO - [2024-10-06T16:23:20.981+0000] {dag.py:3036} INFO - Sync 2 DAGs
[2024-10-06T16:23:20.989+0000] {logging_mixin.py:188} INFO - [2024-10-06T16:23:20.989+0000] {dag.py:3823} INFO - Setting next_dagrun for example_xcom_args to None, run_after=None
[2024-10-06T16:23:20.992+0000] {logging_mixin.py:188} INFO - [2024-10-06T16:23:20.992+0000] {dag.py:3823} INFO - Setting next_dagrun for example_xcom_args_with_operators to None, run_after=None
[2024-10-06T16:23:21.003+0000] {processor.py:183} INFO - Processing /home/airflow/.local/lib/python3.8/site-packages/airflow/example_dags/example_xcomargs.py took 0.046 seconds
[2024-10-06T16:23:51.725+0000] {processor.py:161} INFO - Started process (PID=3398) to work on /home/airflow/.local/lib/python3.8/site-packages/airflow/example_dags/example_xcomargs.py
[2024-10-06T16:23:51.727+0000] {processor.py:830} INFO - Processing file /home/airflow/.local/lib/python3.8/site-packages/airflow/example_dags/example_xcomargs.py for tasks to queue
[2024-10-06T16:23:51.729+0000] {logging_mixin.py:188} INFO - [2024-10-06T16:23:51.729+0000] {dagbag.py:538} INFO - Filling up the DagBag from /home/airflow/.local/lib/python3.8/site-packages/airflow/example_dags/example_xcomargs.py
[2024-10-06T16:23:51.737+0000] {processor.py:840} INFO - DAG(s) 'example_xcom_args', 'example_xcom_args_with_operators' retrieved from /home/airflow/.local/lib/python3.8/site-packages/airflow/example_dags/example_xcomargs.py
[2024-10-06T16:23:51.768+0000] {logging_mixin.py:188} INFO - [2024-10-06T16:23:51.767+0000] {dag.py:3036} INFO - Sync 2 DAGs
[2024-10-06T16:23:51.777+0000] {logging_mixin.py:188} INFO - [2024-10-06T16:23:51.776+0000] {dag.py:3823} INFO - Setting next_dagrun for example_xcom_args to None, run_after=None
[2024-10-06T16:23:51.780+0000] {logging_mixin.py:188} INFO - [2024-10-06T16:23:51.780+0000] {dag.py:3823} INFO - Setting next_dagrun for example_xcom_args_with_operators to None, run_after=None
[2024-10-06T16:23:51.801+0000] {processor.py:183} INFO - Processing /home/airflow/.local/lib/python3.8/site-packages/airflow/example_dags/example_xcomargs.py took 0.081 seconds
[2024-10-06T16:24:22.432+0000] {processor.py:161} INFO - Started process (PID=3645) to work on /home/airflow/.local/lib/python3.8/site-packages/airflow/example_dags/example_xcomargs.py
[2024-10-06T16:24:22.432+0000] {processor.py:830} INFO - Processing file /home/airflow/.local/lib/python3.8/site-packages/airflow/example_dags/example_xcomargs.py for tasks to queue
[2024-10-06T16:24:22.433+0000] {logging_mixin.py:188} INFO - [2024-10-06T16:24:22.433+0000] {dagbag.py:538} INFO - Filling up the DagBag from /home/airflow/.local/lib/python3.8/site-packages/airflow/example_dags/example_xcomargs.py
[2024-10-06T16:24:22.438+0000] {processor.py:840} INFO - DAG(s) 'example_xcom_args', 'example_xcom_args_with_operators' retrieved from /home/airflow/.local/lib/python3.8/site-packages/airflow/example_dags/example_xcomargs.py
[2024-10-06T16:24:22.452+0000] {logging_mixin.py:188} INFO - [2024-10-06T16:24:22.452+0000] {dag.py:3036} INFO - Sync 2 DAGs
[2024-10-06T16:24:22.460+0000] {logging_mixin.py:188} INFO - [2024-10-06T16:24:22.460+0000] {dag.py:3823} INFO - Setting next_dagrun for example_xcom_args to None, run_after=None
[2024-10-06T16:24:22.463+0000] {logging_mixin.py:188} INFO - [2024-10-06T16:24:22.463+0000] {dag.py:3823} INFO - Setting next_dagrun for example_xcom_args_with_operators to None, run_after=None
[2024-10-06T16:24:22.473+0000] {processor.py:183} INFO - Processing /home/airflow/.local/lib/python3.8/site-packages/airflow/example_dags/example_xcomargs.py took 0.044 seconds
[2024-10-06T16:24:53.293+0000] {processor.py:161} INFO - Started process (PID=3892) to work on /home/airflow/.local/lib/python3.8/site-packages/airflow/example_dags/example_xcomargs.py
[2024-10-06T16:24:53.294+0000] {processor.py:830} INFO - Processing file /home/airflow/.local/lib/python3.8/site-packages/airflow/example_dags/example_xcomargs.py for tasks to queue
[2024-10-06T16:24:53.294+0000] {logging_mixin.py:188} INFO - [2024-10-06T16:24:53.294+0000] {dagbag.py:538} INFO - Filling up the DagBag from /home/airflow/.local/lib/python3.8/site-packages/airflow/example_dags/example_xcomargs.py
[2024-10-06T16:24:53.301+0000] {processor.py:840} INFO - DAG(s) 'example_xcom_args', 'example_xcom_args_with_operators' retrieved from /home/airflow/.local/lib/python3.8/site-packages/airflow/example_dags/example_xcomargs.py
[2024-10-06T16:24:53.322+0000] {logging_mixin.py:188} INFO - [2024-10-06T16:24:53.322+0000] {dag.py:3036} INFO - Sync 2 DAGs
[2024-10-06T16:24:53.329+0000] {logging_mixin.py:188} INFO - [2024-10-06T16:24:53.329+0000] {dag.py:3823} INFO - Setting next_dagrun for example_xcom_args to None, run_after=None
[2024-10-06T16:24:53.332+0000] {logging_mixin.py:188} INFO - [2024-10-06T16:24:53.332+0000] {dag.py:3823} INFO - Setting next_dagrun for example_xcom_args_with_operators to None, run_after=None
[2024-10-06T16:24:53.353+0000] {processor.py:183} INFO - Processing /home/airflow/.local/lib/python3.8/site-packages/airflow/example_dags/example_xcomargs.py took 0.063 seconds
[2024-10-06T16:25:23.503+0000] {processor.py:161} INFO - Started process (PID=4139) to work on /home/airflow/.local/lib/python3.8/site-packages/airflow/example_dags/example_xcomargs.py
[2024-10-06T16:25:23.504+0000] {processor.py:830} INFO - Processing file /home/airflow/.local/lib/python3.8/site-packages/airflow/example_dags/example_xcomargs.py for tasks to queue
[2024-10-06T16:25:23.505+0000] {logging_mixin.py:188} INFO - [2024-10-06T16:25:23.504+0000] {dagbag.py:538} INFO - Filling up the DagBag from /home/airflow/.local/lib/python3.8/site-packages/airflow/example_dags/example_xcomargs.py
[2024-10-06T16:25:23.511+0000] {processor.py:840} INFO - DAG(s) 'example_xcom_args', 'example_xcom_args_with_operators' retrieved from /home/airflow/.local/lib/python3.8/site-packages/airflow/example_dags/example_xcomargs.py
[2024-10-06T16:25:23.528+0000] {logging_mixin.py:188} INFO - [2024-10-06T16:25:23.528+0000] {dag.py:3036} INFO - Sync 2 DAGs
[2024-10-06T16:25:23.536+0000] {logging_mixin.py:188} INFO - [2024-10-06T16:25:23.536+0000] {dag.py:3823} INFO - Setting next_dagrun for example_xcom_args to None, run_after=None
[2024-10-06T16:25:23.542+0000] {logging_mixin.py:188} INFO - [2024-10-06T16:25:23.542+0000] {dag.py:3823} INFO - Setting next_dagrun for example_xcom_args_with_operators to None, run_after=None
[2024-10-06T16:25:23.555+0000] {processor.py:183} INFO - Processing /home/airflow/.local/lib/python3.8/site-packages/airflow/example_dags/example_xcomargs.py took 0.054 seconds
[2024-10-06T16:25:53.870+0000] {processor.py:161} INFO - Started process (PID=4386) to work on /home/airflow/.local/lib/python3.8/site-packages/airflow/example_dags/example_xcomargs.py
[2024-10-06T16:25:53.871+0000] {processor.py:830} INFO - Processing file /home/airflow/.local/lib/python3.8/site-packages/airflow/example_dags/example_xcomargs.py for tasks to queue
[2024-10-06T16:25:53.871+0000] {logging_mixin.py:188} INFO - [2024-10-06T16:25:53.871+0000] {dagbag.py:538} INFO - Filling up the DagBag from /home/airflow/.local/lib/python3.8/site-packages/airflow/example_dags/example_xcomargs.py
[2024-10-06T16:25:53.877+0000] {processor.py:840} INFO - DAG(s) 'example_xcom_args', 'example_xcom_args_with_operators' retrieved from /home/airflow/.local/lib/python3.8/site-packages/airflow/example_dags/example_xcomargs.py
[2024-10-06T16:25:53.892+0000] {logging_mixin.py:188} INFO - [2024-10-06T16:25:53.892+0000] {dag.py:3036} INFO - Sync 2 DAGs
[2024-10-06T16:25:53.899+0000] {logging_mixin.py:188} INFO - [2024-10-06T16:25:53.898+0000] {dag.py:3823} INFO - Setting next_dagrun for example_xcom_args to None, run_after=None
[2024-10-06T16:25:53.901+0000] {logging_mixin.py:188} INFO - [2024-10-06T16:25:53.901+0000] {dag.py:3823} INFO - Setting next_dagrun for example_xcom_args_with_operators to None, run_after=None
[2024-10-06T16:25:53.911+0000] {processor.py:183} INFO - Processing /home/airflow/.local/lib/python3.8/site-packages/airflow/example_dags/example_xcomargs.py took 0.043 seconds
[2024-10-06T16:26:23.975+0000] {processor.py:161} INFO - Started process (PID=4633) to work on /home/airflow/.local/lib/python3.8/site-packages/airflow/example_dags/example_xcomargs.py
[2024-10-06T16:26:23.977+0000] {processor.py:830} INFO - Processing file /home/airflow/.local/lib/python3.8/site-packages/airflow/example_dags/example_xcomargs.py for tasks to queue
[2024-10-06T16:26:23.977+0000] {logging_mixin.py:188} INFO - [2024-10-06T16:26:23.977+0000] {dagbag.py:538} INFO - Filling up the DagBag from /home/airflow/.local/lib/python3.8/site-packages/airflow/example_dags/example_xcomargs.py
[2024-10-06T16:26:23.983+0000] {processor.py:840} INFO - DAG(s) 'example_xcom_args_with_operators', 'example_xcom_args' retrieved from /home/airflow/.local/lib/python3.8/site-packages/airflow/example_dags/example_xcomargs.py
[2024-10-06T16:26:23.998+0000] {logging_mixin.py:188} INFO - [2024-10-06T16:26:23.998+0000] {dag.py:3036} INFO - Sync 2 DAGs
[2024-10-06T16:26:24.006+0000] {logging_mixin.py:188} INFO - [2024-10-06T16:26:24.006+0000] {dag.py:3823} INFO - Setting next_dagrun for example_xcom_args to None, run_after=None
[2024-10-06T16:26:24.008+0000] {logging_mixin.py:188} INFO - [2024-10-06T16:26:24.008+0000] {dag.py:3823} INFO - Setting next_dagrun for example_xcom_args_with_operators to None, run_after=None
[2024-10-06T16:26:24.016+0000] {processor.py:183} INFO - Processing /home/airflow/.local/lib/python3.8/site-packages/airflow/example_dags/example_xcomargs.py took 0.045 seconds
[2024-10-06T16:26:54.061+0000] {processor.py:161} INFO - Started process (PID=4880) to work on /home/airflow/.local/lib/python3.8/site-packages/airflow/example_dags/example_xcomargs.py
[2024-10-06T16:26:54.062+0000] {processor.py:830} INFO - Processing file /home/airflow/.local/lib/python3.8/site-packages/airflow/example_dags/example_xcomargs.py for tasks to queue
[2024-10-06T16:26:54.063+0000] {logging_mixin.py:188} INFO - [2024-10-06T16:26:54.063+0000] {dagbag.py:538} INFO - Filling up the DagBag from /home/airflow/.local/lib/python3.8/site-packages/airflow/example_dags/example_xcomargs.py
[2024-10-06T16:26:54.068+0000] {processor.py:840} INFO - DAG(s) 'example_xcom_args_with_operators', 'example_xcom_args' retrieved from /home/airflow/.local/lib/python3.8/site-packages/airflow/example_dags/example_xcomargs.py
[2024-10-06T16:26:54.084+0000] {logging_mixin.py:188} INFO - [2024-10-06T16:26:54.084+0000] {dag.py:3036} INFO - Sync 2 DAGs
[2024-10-06T16:26:54.091+0000] {logging_mixin.py:188} INFO - [2024-10-06T16:26:54.091+0000] {dag.py:3823} INFO - Setting next_dagrun for example_xcom_args to None, run_after=None
[2024-10-06T16:26:54.094+0000] {logging_mixin.py:188} INFO - [2024-10-06T16:26:54.093+0000] {dag.py:3823} INFO - Setting next_dagrun for example_xcom_args_with_operators to None, run_after=None
[2024-10-06T16:26:54.103+0000] {processor.py:183} INFO - Processing /home/airflow/.local/lib/python3.8/site-packages/airflow/example_dags/example_xcomargs.py took 0.044 seconds
[2024-10-06T16:27:24.283+0000] {processor.py:161} INFO - Started process (PID=5127) to work on /home/airflow/.local/lib/python3.8/site-packages/airflow/example_dags/example_xcomargs.py
[2024-10-06T16:27:24.284+0000] {processor.py:830} INFO - Processing file /home/airflow/.local/lib/python3.8/site-packages/airflow/example_dags/example_xcomargs.py for tasks to queue
[2024-10-06T16:27:24.285+0000] {logging_mixin.py:188} INFO - [2024-10-06T16:27:24.284+0000] {dagbag.py:538} INFO - Filling up the DagBag from /home/airflow/.local/lib/python3.8/site-packages/airflow/example_dags/example_xcomargs.py
[2024-10-06T16:27:24.290+0000] {processor.py:840} INFO - DAG(s) 'example_xcom_args_with_operators', 'example_xcom_args' retrieved from /home/airflow/.local/lib/python3.8/site-packages/airflow/example_dags/example_xcomargs.py
[2024-10-06T16:27:24.308+0000] {logging_mixin.py:188} INFO - [2024-10-06T16:27:24.308+0000] {dag.py:3036} INFO - Sync 2 DAGs
[2024-10-06T16:27:24.316+0000] {logging_mixin.py:188} INFO - [2024-10-06T16:27:24.316+0000] {dag.py:3823} INFO - Setting next_dagrun for example_xcom_args to None, run_after=None
[2024-10-06T16:27:24.318+0000] {logging_mixin.py:188} INFO - [2024-10-06T16:27:24.318+0000] {dag.py:3823} INFO - Setting next_dagrun for example_xcom_args_with_operators to None, run_after=None
[2024-10-06T16:27:24.337+0000] {processor.py:183} INFO - Processing /home/airflow/.local/lib/python3.8/site-packages/airflow/example_dags/example_xcomargs.py took 0.056 seconds
