[2024-10-06T16:17:14.771+0000] {processor.py:161} INFO - Started process (PID=365) to work on /home/airflow/.local/lib/python3.8/site-packages/airflow/example_dags/example_branch_day_of_week_operator.py
[2024-10-06T16:17:14.773+0000] {processor.py:830} INFO - Processing file /home/airflow/.local/lib/python3.8/site-packages/airflow/example_dags/example_branch_day_of_week_operator.py for tasks to queue
[2024-10-06T16:17:14.776+0000] {logging_mixin.py:188} INFO - [2024-10-06T16:17:14.775+0000] {dagbag.py:538} INFO - Filling up the DagBag from /home/airflow/.local/lib/python3.8/site-packages/airflow/example_dags/example_branch_day_of_week_operator.py
[2024-10-06T16:17:14.786+0000] {processor.py:840} INFO - DAG(s) 'example_weekday_branch_operator' retrieved from /home/airflow/.local/lib/python3.8/site-packages/airflow/example_dags/example_branch_day_of_week_operator.py
[2024-10-06T16:17:14.803+0000] {logging_mixin.py:188} INFO - [2024-10-06T16:17:14.803+0000] {dag.py:3036} INFO - Sync 1 DAGs
[2024-10-06T16:17:14.829+0000] {logging_mixin.py:188} INFO - [2024-10-06T16:17:14.829+0000] {dag.py:3823} INFO - Setting next_dagrun for example_weekday_branch_operator to 2024-10-05 00:00:00+00:00, run_after=2024-10-06 00:00:00+00:00
[2024-10-06T16:17:14.865+0000] {processor.py:183} INFO - Processing /home/airflow/.local/lib/python3.8/site-packages/airflow/example_dags/example_branch_day_of_week_operator.py took 0.097 seconds
[2024-10-06T16:17:45.463+0000] {processor.py:161} INFO - Started process (PID=612) to work on /home/airflow/.local/lib/python3.8/site-packages/airflow/example_dags/example_branch_day_of_week_operator.py
[2024-10-06T16:17:45.464+0000] {processor.py:830} INFO - Processing file /home/airflow/.local/lib/python3.8/site-packages/airflow/example_dags/example_branch_day_of_week_operator.py for tasks to queue
[2024-10-06T16:17:45.465+0000] {logging_mixin.py:188} INFO - [2024-10-06T16:17:45.464+0000] {dagbag.py:538} INFO - Filling up the DagBag from /home/airflow/.local/lib/python3.8/site-packages/airflow/example_dags/example_branch_day_of_week_operator.py
[2024-10-06T16:17:45.469+0000] {processor.py:840} INFO - DAG(s) 'example_weekday_branch_operator' retrieved from /home/airflow/.local/lib/python3.8/site-packages/airflow/example_dags/example_branch_day_of_week_operator.py
[2024-10-06T16:17:45.525+0000] {logging_mixin.py:188} INFO - [2024-10-06T16:17:45.525+0000] {dag.py:3036} INFO - Sync 1 DAGs
[2024-10-06T16:17:45.537+0000] {logging_mixin.py:188} INFO - [2024-10-06T16:17:45.536+0000] {dag.py:3823} INFO - Setting next_dagrun for example_weekday_branch_operator to 2024-10-05 00:00:00+00:00, run_after=2024-10-06 00:00:00+00:00
[2024-10-06T16:17:45.550+0000] {processor.py:183} INFO - Processing /home/airflow/.local/lib/python3.8/site-packages/airflow/example_dags/example_branch_day_of_week_operator.py took 0.089 seconds
[2024-10-06T16:18:16.209+0000] {processor.py:161} INFO - Started process (PID=859) to work on /home/airflow/.local/lib/python3.8/site-packages/airflow/example_dags/example_branch_day_of_week_operator.py
[2024-10-06T16:18:16.210+0000] {processor.py:830} INFO - Processing file /home/airflow/.local/lib/python3.8/site-packages/airflow/example_dags/example_branch_day_of_week_operator.py for tasks to queue
[2024-10-06T16:18:16.211+0000] {logging_mixin.py:188} INFO - [2024-10-06T16:18:16.211+0000] {dagbag.py:538} INFO - Filling up the DagBag from /home/airflow/.local/lib/python3.8/site-packages/airflow/example_dags/example_branch_day_of_week_operator.py
[2024-10-06T16:18:16.216+0000] {processor.py:840} INFO - DAG(s) 'example_weekday_branch_operator' retrieved from /home/airflow/.local/lib/python3.8/site-packages/airflow/example_dags/example_branch_day_of_week_operator.py
[2024-10-06T16:18:16.231+0000] {logging_mixin.py:188} INFO - [2024-10-06T16:18:16.231+0000] {dag.py:3036} INFO - Sync 1 DAGs
[2024-10-06T16:18:16.245+0000] {logging_mixin.py:188} INFO - [2024-10-06T16:18:16.245+0000] {dag.py:3823} INFO - Setting next_dagrun for example_weekday_branch_operator to 2024-10-05 00:00:00+00:00, run_after=2024-10-06 00:00:00+00:00
[2024-10-06T16:18:16.255+0000] {processor.py:183} INFO - Processing /home/airflow/.local/lib/python3.8/site-packages/airflow/example_dags/example_branch_day_of_week_operator.py took 0.049 seconds
[2024-10-06T16:18:47.034+0000] {processor.py:161} INFO - Started process (PID=1106) to work on /home/airflow/.local/lib/python3.8/site-packages/airflow/example_dags/example_branch_day_of_week_operator.py
[2024-10-06T16:18:47.035+0000] {processor.py:830} INFO - Processing file /home/airflow/.local/lib/python3.8/site-packages/airflow/example_dags/example_branch_day_of_week_operator.py for tasks to queue
[2024-10-06T16:18:47.036+0000] {logging_mixin.py:188} INFO - [2024-10-06T16:18:47.036+0000] {dagbag.py:538} INFO - Filling up the DagBag from /home/airflow/.local/lib/python3.8/site-packages/airflow/example_dags/example_branch_day_of_week_operator.py
[2024-10-06T16:18:47.042+0000] {processor.py:840} INFO - DAG(s) 'example_weekday_branch_operator' retrieved from /home/airflow/.local/lib/python3.8/site-packages/airflow/example_dags/example_branch_day_of_week_operator.py
[2024-10-06T16:18:47.060+0000] {logging_mixin.py:188} INFO - [2024-10-06T16:18:47.060+0000] {dag.py:3036} INFO - Sync 1 DAGs
[2024-10-06T16:18:47.074+0000] {logging_mixin.py:188} INFO - [2024-10-06T16:18:47.073+0000] {dag.py:3823} INFO - Setting next_dagrun for example_weekday_branch_operator to 2024-10-05 00:00:00+00:00, run_after=2024-10-06 00:00:00+00:00
[2024-10-06T16:18:47.085+0000] {processor.py:183} INFO - Processing /home/airflow/.local/lib/python3.8/site-packages/airflow/example_dags/example_branch_day_of_week_operator.py took 0.054 seconds
[2024-10-06T16:19:17.951+0000] {processor.py:161} INFO - Started process (PID=1353) to work on /home/airflow/.local/lib/python3.8/site-packages/airflow/example_dags/example_branch_day_of_week_operator.py
[2024-10-06T16:19:17.952+0000] {processor.py:830} INFO - Processing file /home/airflow/.local/lib/python3.8/site-packages/airflow/example_dags/example_branch_day_of_week_operator.py for tasks to queue
[2024-10-06T16:19:17.953+0000] {logging_mixin.py:188} INFO - [2024-10-06T16:19:17.953+0000] {dagbag.py:538} INFO - Filling up the DagBag from /home/airflow/.local/lib/python3.8/site-packages/airflow/example_dags/example_branch_day_of_week_operator.py
[2024-10-06T16:19:17.958+0000] {processor.py:840} INFO - DAG(s) 'example_weekday_branch_operator' retrieved from /home/airflow/.local/lib/python3.8/site-packages/airflow/example_dags/example_branch_day_of_week_operator.py
[2024-10-06T16:19:17.973+0000] {logging_mixin.py:188} INFO - [2024-10-06T16:19:17.973+0000] {dag.py:3036} INFO - Sync 1 DAGs
[2024-10-06T16:19:17.987+0000] {logging_mixin.py:188} INFO - [2024-10-06T16:19:17.986+0000] {dag.py:3823} INFO - Setting next_dagrun for example_weekday_branch_operator to 2024-10-05 00:00:00+00:00, run_after=2024-10-06 00:00:00+00:00
[2024-10-06T16:19:17.998+0000] {processor.py:183} INFO - Processing /home/airflow/.local/lib/python3.8/site-packages/airflow/example_dags/example_branch_day_of_week_operator.py took 0.049 seconds
[2024-10-06T16:19:48.835+0000] {processor.py:161} INFO - Started process (PID=1600) to work on /home/airflow/.local/lib/python3.8/site-packages/airflow/example_dags/example_branch_day_of_week_operator.py
[2024-10-06T16:19:48.836+0000] {processor.py:830} INFO - Processing file /home/airflow/.local/lib/python3.8/site-packages/airflow/example_dags/example_branch_day_of_week_operator.py for tasks to queue
[2024-10-06T16:19:48.837+0000] {logging_mixin.py:188} INFO - [2024-10-06T16:19:48.837+0000] {dagbag.py:538} INFO - Filling up the DagBag from /home/airflow/.local/lib/python3.8/site-packages/airflow/example_dags/example_branch_day_of_week_operator.py
[2024-10-06T16:19:48.842+0000] {processor.py:840} INFO - DAG(s) 'example_weekday_branch_operator' retrieved from /home/airflow/.local/lib/python3.8/site-packages/airflow/example_dags/example_branch_day_of_week_operator.py
[2024-10-06T16:19:48.856+0000] {logging_mixin.py:188} INFO - [2024-10-06T16:19:48.856+0000] {dag.py:3036} INFO - Sync 1 DAGs
[2024-10-06T16:19:48.871+0000] {logging_mixin.py:188} INFO - [2024-10-06T16:19:48.871+0000] {dag.py:3823} INFO - Setting next_dagrun for example_weekday_branch_operator to 2024-10-05 00:00:00+00:00, run_after=2024-10-06 00:00:00+00:00
[2024-10-06T16:19:48.884+0000] {processor.py:183} INFO - Processing /home/airflow/.local/lib/python3.8/site-packages/airflow/example_dags/example_branch_day_of_week_operator.py took 0.051 seconds
[2024-10-06T16:20:19.641+0000] {processor.py:161} INFO - Started process (PID=1847) to work on /home/airflow/.local/lib/python3.8/site-packages/airflow/example_dags/example_branch_day_of_week_operator.py
[2024-10-06T16:20:19.643+0000] {processor.py:830} INFO - Processing file /home/airflow/.local/lib/python3.8/site-packages/airflow/example_dags/example_branch_day_of_week_operator.py for tasks to queue
[2024-10-06T16:20:19.645+0000] {logging_mixin.py:188} INFO - [2024-10-06T16:20:19.644+0000] {dagbag.py:538} INFO - Filling up the DagBag from /home/airflow/.local/lib/python3.8/site-packages/airflow/example_dags/example_branch_day_of_week_operator.py
[2024-10-06T16:20:19.656+0000] {processor.py:840} INFO - DAG(s) 'example_weekday_branch_operator' retrieved from /home/airflow/.local/lib/python3.8/site-packages/airflow/example_dags/example_branch_day_of_week_operator.py
[2024-10-06T16:20:19.686+0000] {logging_mixin.py:188} INFO - [2024-10-06T16:20:19.686+0000] {dag.py:3036} INFO - Sync 1 DAGs
[2024-10-06T16:20:19.699+0000] {logging_mixin.py:188} INFO - [2024-10-06T16:20:19.699+0000] {dag.py:3823} INFO - Setting next_dagrun for example_weekday_branch_operator to 2024-10-05 00:00:00+00:00, run_after=2024-10-06 00:00:00+00:00
[2024-10-06T16:20:19.708+0000] {processor.py:183} INFO - Processing /home/airflow/.local/lib/python3.8/site-packages/airflow/example_dags/example_branch_day_of_week_operator.py took 0.073 seconds
[2024-10-06T16:20:50.609+0000] {processor.py:161} INFO - Started process (PID=2094) to work on /home/airflow/.local/lib/python3.8/site-packages/airflow/example_dags/example_branch_day_of_week_operator.py
[2024-10-06T16:20:50.610+0000] {processor.py:830} INFO - Processing file /home/airflow/.local/lib/python3.8/site-packages/airflow/example_dags/example_branch_day_of_week_operator.py for tasks to queue
[2024-10-06T16:20:50.610+0000] {logging_mixin.py:188} INFO - [2024-10-06T16:20:50.610+0000] {dagbag.py:538} INFO - Filling up the DagBag from /home/airflow/.local/lib/python3.8/site-packages/airflow/example_dags/example_branch_day_of_week_operator.py
[2024-10-06T16:20:50.615+0000] {processor.py:840} INFO - DAG(s) 'example_weekday_branch_operator' retrieved from /home/airflow/.local/lib/python3.8/site-packages/airflow/example_dags/example_branch_day_of_week_operator.py
[2024-10-06T16:20:50.631+0000] {logging_mixin.py:188} INFO - [2024-10-06T16:20:50.630+0000] {dag.py:3036} INFO - Sync 1 DAGs
[2024-10-06T16:20:50.645+0000] {logging_mixin.py:188} INFO - [2024-10-06T16:20:50.645+0000] {dag.py:3823} INFO - Setting next_dagrun for example_weekday_branch_operator to 2024-10-05 00:00:00+00:00, run_after=2024-10-06 00:00:00+00:00
[2024-10-06T16:20:50.657+0000] {processor.py:183} INFO - Processing /home/airflow/.local/lib/python3.8/site-packages/airflow/example_dags/example_branch_day_of_week_operator.py took 0.051 seconds
[2024-10-06T16:21:21.420+0000] {processor.py:161} INFO - Started process (PID=2341) to work on /home/airflow/.local/lib/python3.8/site-packages/airflow/example_dags/example_branch_day_of_week_operator.py
[2024-10-06T16:21:21.421+0000] {processor.py:830} INFO - Processing file /home/airflow/.local/lib/python3.8/site-packages/airflow/example_dags/example_branch_day_of_week_operator.py for tasks to queue
[2024-10-06T16:21:21.421+0000] {logging_mixin.py:188} INFO - [2024-10-06T16:21:21.421+0000] {dagbag.py:538} INFO - Filling up the DagBag from /home/airflow/.local/lib/python3.8/site-packages/airflow/example_dags/example_branch_day_of_week_operator.py
[2024-10-06T16:21:21.426+0000] {processor.py:840} INFO - DAG(s) 'example_weekday_branch_operator' retrieved from /home/airflow/.local/lib/python3.8/site-packages/airflow/example_dags/example_branch_day_of_week_operator.py
[2024-10-06T16:21:21.442+0000] {logging_mixin.py:188} INFO - [2024-10-06T16:21:21.442+0000] {dag.py:3036} INFO - Sync 1 DAGs
[2024-10-06T16:21:21.456+0000] {logging_mixin.py:188} INFO - [2024-10-06T16:21:21.456+0000] {dag.py:3823} INFO - Setting next_dagrun for example_weekday_branch_operator to 2024-10-05 00:00:00+00:00, run_after=2024-10-06 00:00:00+00:00
[2024-10-06T16:21:21.468+0000] {processor.py:183} INFO - Processing /home/airflow/.local/lib/python3.8/site-packages/airflow/example_dags/example_branch_day_of_week_operator.py took 0.051 seconds
[2024-10-06T16:21:51.751+0000] {processor.py:161} INFO - Started process (PID=2588) to work on /home/airflow/.local/lib/python3.8/site-packages/airflow/example_dags/example_branch_day_of_week_operator.py
[2024-10-06T16:21:51.753+0000] {processor.py:830} INFO - Processing file /home/airflow/.local/lib/python3.8/site-packages/airflow/example_dags/example_branch_day_of_week_operator.py for tasks to queue
[2024-10-06T16:21:51.754+0000] {logging_mixin.py:188} INFO - [2024-10-06T16:21:51.754+0000] {dagbag.py:538} INFO - Filling up the DagBag from /home/airflow/.local/lib/python3.8/site-packages/airflow/example_dags/example_branch_day_of_week_operator.py
[2024-10-06T16:21:51.760+0000] {processor.py:840} INFO - DAG(s) 'example_weekday_branch_operator' retrieved from /home/airflow/.local/lib/python3.8/site-packages/airflow/example_dags/example_branch_day_of_week_operator.py
[2024-10-06T16:21:51.783+0000] {logging_mixin.py:188} INFO - [2024-10-06T16:21:51.783+0000] {dag.py:3036} INFO - Sync 1 DAGs
[2024-10-06T16:21:51.798+0000] {logging_mixin.py:188} INFO - [2024-10-06T16:21:51.798+0000] {dag.py:3823} INFO - Setting next_dagrun for example_weekday_branch_operator to 2024-10-05 00:00:00+00:00, run_after=2024-10-06 00:00:00+00:00
[2024-10-06T16:21:51.811+0000] {processor.py:183} INFO - Processing /home/airflow/.local/lib/python3.8/site-packages/airflow/example_dags/example_branch_day_of_week_operator.py took 0.063 seconds
[2024-10-06T16:22:22.012+0000] {processor.py:161} INFO - Started process (PID=2835) to work on /home/airflow/.local/lib/python3.8/site-packages/airflow/example_dags/example_branch_day_of_week_operator.py
[2024-10-06T16:22:22.013+0000] {processor.py:830} INFO - Processing file /home/airflow/.local/lib/python3.8/site-packages/airflow/example_dags/example_branch_day_of_week_operator.py for tasks to queue
[2024-10-06T16:22:22.014+0000] {logging_mixin.py:188} INFO - [2024-10-06T16:22:22.014+0000] {dagbag.py:538} INFO - Filling up the DagBag from /home/airflow/.local/lib/python3.8/site-packages/airflow/example_dags/example_branch_day_of_week_operator.py
[2024-10-06T16:22:22.018+0000] {processor.py:840} INFO - DAG(s) 'example_weekday_branch_operator' retrieved from /home/airflow/.local/lib/python3.8/site-packages/airflow/example_dags/example_branch_day_of_week_operator.py
[2024-10-06T16:22:22.031+0000] {logging_mixin.py:188} INFO - [2024-10-06T16:22:22.031+0000] {dag.py:3036} INFO - Sync 1 DAGs
[2024-10-06T16:22:22.043+0000] {logging_mixin.py:188} INFO - [2024-10-06T16:22:22.043+0000] {dag.py:3823} INFO - Setting next_dagrun for example_weekday_branch_operator to 2024-10-05 00:00:00+00:00, run_after=2024-10-06 00:00:00+00:00
[2024-10-06T16:22:22.055+0000] {processor.py:183} INFO - Processing /home/airflow/.local/lib/python3.8/site-packages/airflow/example_dags/example_branch_day_of_week_operator.py took 0.044 seconds
[2024-10-06T16:22:52.406+0000] {processor.py:161} INFO - Started process (PID=3082) to work on /home/airflow/.local/lib/python3.8/site-packages/airflow/example_dags/example_branch_day_of_week_operator.py
[2024-10-06T16:22:52.407+0000] {processor.py:830} INFO - Processing file /home/airflow/.local/lib/python3.8/site-packages/airflow/example_dags/example_branch_day_of_week_operator.py for tasks to queue
[2024-10-06T16:22:52.407+0000] {logging_mixin.py:188} INFO - [2024-10-06T16:22:52.407+0000] {dagbag.py:538} INFO - Filling up the DagBag from /home/airflow/.local/lib/python3.8/site-packages/airflow/example_dags/example_branch_day_of_week_operator.py
[2024-10-06T16:22:52.412+0000] {processor.py:840} INFO - DAG(s) 'example_weekday_branch_operator' retrieved from /home/airflow/.local/lib/python3.8/site-packages/airflow/example_dags/example_branch_day_of_week_operator.py
[2024-10-06T16:22:52.427+0000] {logging_mixin.py:188} INFO - [2024-10-06T16:22:52.427+0000] {dag.py:3036} INFO - Sync 1 DAGs
[2024-10-06T16:22:52.447+0000] {logging_mixin.py:188} INFO - [2024-10-06T16:22:52.446+0000] {dag.py:3823} INFO - Setting next_dagrun for example_weekday_branch_operator to 2024-10-05 00:00:00+00:00, run_after=2024-10-06 00:00:00+00:00
[2024-10-06T16:22:52.461+0000] {processor.py:183} INFO - Processing /home/airflow/.local/lib/python3.8/site-packages/airflow/example_dags/example_branch_day_of_week_operator.py took 0.058 seconds
[2024-10-06T16:23:23.232+0000] {processor.py:161} INFO - Started process (PID=3329) to work on /home/airflow/.local/lib/python3.8/site-packages/airflow/example_dags/example_branch_day_of_week_operator.py
[2024-10-06T16:23:23.233+0000] {processor.py:830} INFO - Processing file /home/airflow/.local/lib/python3.8/site-packages/airflow/example_dags/example_branch_day_of_week_operator.py for tasks to queue
[2024-10-06T16:23:23.234+0000] {logging_mixin.py:188} INFO - [2024-10-06T16:23:23.234+0000] {dagbag.py:538} INFO - Filling up the DagBag from /home/airflow/.local/lib/python3.8/site-packages/airflow/example_dags/example_branch_day_of_week_operator.py
[2024-10-06T16:23:23.239+0000] {processor.py:840} INFO - DAG(s) 'example_weekday_branch_operator' retrieved from /home/airflow/.local/lib/python3.8/site-packages/airflow/example_dags/example_branch_day_of_week_operator.py
[2024-10-06T16:23:23.256+0000] {logging_mixin.py:188} INFO - [2024-10-06T16:23:23.255+0000] {dag.py:3036} INFO - Sync 1 DAGs
[2024-10-06T16:23:23.271+0000] {logging_mixin.py:188} INFO - [2024-10-06T16:23:23.271+0000] {dag.py:3823} INFO - Setting next_dagrun for example_weekday_branch_operator to 2024-10-05 00:00:00+00:00, run_after=2024-10-06 00:00:00+00:00
[2024-10-06T16:23:23.286+0000] {processor.py:183} INFO - Processing /home/airflow/.local/lib/python3.8/site-packages/airflow/example_dags/example_branch_day_of_week_operator.py took 0.056 seconds
[2024-10-06T16:23:53.971+0000] {processor.py:161} INFO - Started process (PID=3576) to work on /home/airflow/.local/lib/python3.8/site-packages/airflow/example_dags/example_branch_day_of_week_operator.py
[2024-10-06T16:23:53.972+0000] {processor.py:830} INFO - Processing file /home/airflow/.local/lib/python3.8/site-packages/airflow/example_dags/example_branch_day_of_week_operator.py for tasks to queue
[2024-10-06T16:23:53.973+0000] {logging_mixin.py:188} INFO - [2024-10-06T16:23:53.972+0000] {dagbag.py:538} INFO - Filling up the DagBag from /home/airflow/.local/lib/python3.8/site-packages/airflow/example_dags/example_branch_day_of_week_operator.py
[2024-10-06T16:23:53.977+0000] {processor.py:840} INFO - DAG(s) 'example_weekday_branch_operator' retrieved from /home/airflow/.local/lib/python3.8/site-packages/airflow/example_dags/example_branch_day_of_week_operator.py
[2024-10-06T16:23:53.991+0000] {logging_mixin.py:188} INFO - [2024-10-06T16:23:53.991+0000] {dag.py:3036} INFO - Sync 1 DAGs
[2024-10-06T16:23:54.004+0000] {logging_mixin.py:188} INFO - [2024-10-06T16:23:54.003+0000] {dag.py:3823} INFO - Setting next_dagrun for example_weekday_branch_operator to 2024-10-05 00:00:00+00:00, run_after=2024-10-06 00:00:00+00:00
[2024-10-06T16:23:54.015+0000] {processor.py:183} INFO - Processing /home/airflow/.local/lib/python3.8/site-packages/airflow/example_dags/example_branch_day_of_week_operator.py took 0.046 seconds
[2024-10-06T16:24:24.816+0000] {processor.py:161} INFO - Started process (PID=3825) to work on /home/airflow/.local/lib/python3.8/site-packages/airflow/example_dags/example_branch_day_of_week_operator.py
[2024-10-06T16:24:24.817+0000] {processor.py:830} INFO - Processing file /home/airflow/.local/lib/python3.8/site-packages/airflow/example_dags/example_branch_day_of_week_operator.py for tasks to queue
[2024-10-06T16:24:24.817+0000] {logging_mixin.py:188} INFO - [2024-10-06T16:24:24.817+0000] {dagbag.py:538} INFO - Filling up the DagBag from /home/airflow/.local/lib/python3.8/site-packages/airflow/example_dags/example_branch_day_of_week_operator.py
[2024-10-06T16:24:24.822+0000] {processor.py:840} INFO - DAG(s) 'example_weekday_branch_operator' retrieved from /home/airflow/.local/lib/python3.8/site-packages/airflow/example_dags/example_branch_day_of_week_operator.py
[2024-10-06T16:24:24.835+0000] {logging_mixin.py:188} INFO - [2024-10-06T16:24:24.835+0000] {dag.py:3036} INFO - Sync 1 DAGs
[2024-10-06T16:24:24.847+0000] {logging_mixin.py:188} INFO - [2024-10-06T16:24:24.847+0000] {dag.py:3823} INFO - Setting next_dagrun for example_weekday_branch_operator to 2024-10-05 00:00:00+00:00, run_after=2024-10-06 00:00:00+00:00
[2024-10-06T16:24:24.857+0000] {processor.py:183} INFO - Processing /home/airflow/.local/lib/python3.8/site-packages/airflow/example_dags/example_branch_day_of_week_operator.py took 0.043 seconds
[2024-10-06T16:24:55.953+0000] {processor.py:161} INFO - Started process (PID=4070) to work on /home/airflow/.local/lib/python3.8/site-packages/airflow/example_dags/example_branch_day_of_week_operator.py
[2024-10-06T16:24:55.955+0000] {processor.py:830} INFO - Processing file /home/airflow/.local/lib/python3.8/site-packages/airflow/example_dags/example_branch_day_of_week_operator.py for tasks to queue
[2024-10-06T16:24:55.956+0000] {logging_mixin.py:188} INFO - [2024-10-06T16:24:55.955+0000] {dagbag.py:538} INFO - Filling up the DagBag from /home/airflow/.local/lib/python3.8/site-packages/airflow/example_dags/example_branch_day_of_week_operator.py
[2024-10-06T16:24:55.961+0000] {processor.py:840} INFO - DAG(s) 'example_weekday_branch_operator' retrieved from /home/airflow/.local/lib/python3.8/site-packages/airflow/example_dags/example_branch_day_of_week_operator.py
[2024-10-06T16:24:55.977+0000] {logging_mixin.py:188} INFO - [2024-10-06T16:24:55.977+0000] {dag.py:3036} INFO - Sync 1 DAGs
[2024-10-06T16:24:55.990+0000] {logging_mixin.py:188} INFO - [2024-10-06T16:24:55.990+0000] {dag.py:3823} INFO - Setting next_dagrun for example_weekday_branch_operator to 2024-10-05 00:00:00+00:00, run_after=2024-10-06 00:00:00+00:00
[2024-10-06T16:24:56.002+0000] {processor.py:183} INFO - Processing /home/airflow/.local/lib/python3.8/site-packages/airflow/example_dags/example_branch_day_of_week_operator.py took 0.053 seconds
[2024-10-06T16:25:26.074+0000] {processor.py:161} INFO - Started process (PID=4317) to work on /home/airflow/.local/lib/python3.8/site-packages/airflow/example_dags/example_branch_day_of_week_operator.py
[2024-10-06T16:25:26.075+0000] {processor.py:830} INFO - Processing file /home/airflow/.local/lib/python3.8/site-packages/airflow/example_dags/example_branch_day_of_week_operator.py for tasks to queue
[2024-10-06T16:25:26.075+0000] {logging_mixin.py:188} INFO - [2024-10-06T16:25:26.075+0000] {dagbag.py:538} INFO - Filling up the DagBag from /home/airflow/.local/lib/python3.8/site-packages/airflow/example_dags/example_branch_day_of_week_operator.py
[2024-10-06T16:25:26.080+0000] {processor.py:840} INFO - DAG(s) 'example_weekday_branch_operator' retrieved from /home/airflow/.local/lib/python3.8/site-packages/airflow/example_dags/example_branch_day_of_week_operator.py
[2024-10-06T16:25:26.092+0000] {logging_mixin.py:188} INFO - [2024-10-06T16:25:26.092+0000] {dag.py:3036} INFO - Sync 1 DAGs
[2024-10-06T16:25:26.104+0000] {logging_mixin.py:188} INFO - [2024-10-06T16:25:26.104+0000] {dag.py:3823} INFO - Setting next_dagrun for example_weekday_branch_operator to 2024-10-05 00:00:00+00:00, run_after=2024-10-06 00:00:00+00:00
[2024-10-06T16:25:26.114+0000] {processor.py:183} INFO - Processing /home/airflow/.local/lib/python3.8/site-packages/airflow/example_dags/example_branch_day_of_week_operator.py took 0.042 seconds
[2024-10-06T16:25:56.450+0000] {processor.py:161} INFO - Started process (PID=4564) to work on /home/airflow/.local/lib/python3.8/site-packages/airflow/example_dags/example_branch_day_of_week_operator.py
[2024-10-06T16:25:56.451+0000] {processor.py:830} INFO - Processing file /home/airflow/.local/lib/python3.8/site-packages/airflow/example_dags/example_branch_day_of_week_operator.py for tasks to queue
[2024-10-06T16:25:56.453+0000] {logging_mixin.py:188} INFO - [2024-10-06T16:25:56.452+0000] {dagbag.py:538} INFO - Filling up the DagBag from /home/airflow/.local/lib/python3.8/site-packages/airflow/example_dags/example_branch_day_of_week_operator.py
[2024-10-06T16:25:56.458+0000] {processor.py:840} INFO - DAG(s) 'example_weekday_branch_operator' retrieved from /home/airflow/.local/lib/python3.8/site-packages/airflow/example_dags/example_branch_day_of_week_operator.py
[2024-10-06T16:25:56.475+0000] {logging_mixin.py:188} INFO - [2024-10-06T16:25:56.475+0000] {dag.py:3036} INFO - Sync 1 DAGs
[2024-10-06T16:25:56.491+0000] {logging_mixin.py:188} INFO - [2024-10-06T16:25:56.491+0000] {dag.py:3823} INFO - Setting next_dagrun for example_weekday_branch_operator to 2024-10-05 00:00:00+00:00, run_after=2024-10-06 00:00:00+00:00
[2024-10-06T16:25:56.505+0000] {processor.py:183} INFO - Processing /home/airflow/.local/lib/python3.8/site-packages/airflow/example_dags/example_branch_day_of_week_operator.py took 0.058 seconds
[2024-10-06T16:26:26.614+0000] {processor.py:161} INFO - Started process (PID=4811) to work on /home/airflow/.local/lib/python3.8/site-packages/airflow/example_dags/example_branch_day_of_week_operator.py
[2024-10-06T16:26:26.615+0000] {processor.py:830} INFO - Processing file /home/airflow/.local/lib/python3.8/site-packages/airflow/example_dags/example_branch_day_of_week_operator.py for tasks to queue
[2024-10-06T16:26:26.616+0000] {logging_mixin.py:188} INFO - [2024-10-06T16:26:26.616+0000] {dagbag.py:538} INFO - Filling up the DagBag from /home/airflow/.local/lib/python3.8/site-packages/airflow/example_dags/example_branch_day_of_week_operator.py
[2024-10-06T16:26:26.623+0000] {processor.py:840} INFO - DAG(s) 'example_weekday_branch_operator' retrieved from /home/airflow/.local/lib/python3.8/site-packages/airflow/example_dags/example_branch_day_of_week_operator.py
[2024-10-06T16:26:26.635+0000] {logging_mixin.py:188} INFO - [2024-10-06T16:26:26.634+0000] {dag.py:3036} INFO - Sync 1 DAGs
[2024-10-06T16:26:26.647+0000] {logging_mixin.py:188} INFO - [2024-10-06T16:26:26.646+0000] {dag.py:3823} INFO - Setting next_dagrun for example_weekday_branch_operator to 2024-10-05 00:00:00+00:00, run_after=2024-10-06 00:00:00+00:00
[2024-10-06T16:26:26.656+0000] {processor.py:183} INFO - Processing /home/airflow/.local/lib/python3.8/site-packages/airflow/example_dags/example_branch_day_of_week_operator.py took 0.045 seconds
[2024-10-06T16:26:57.508+0000] {processor.py:161} INFO - Started process (PID=5058) to work on /home/airflow/.local/lib/python3.8/site-packages/airflow/example_dags/example_branch_day_of_week_operator.py
[2024-10-06T16:26:57.509+0000] {processor.py:830} INFO - Processing file /home/airflow/.local/lib/python3.8/site-packages/airflow/example_dags/example_branch_day_of_week_operator.py for tasks to queue
[2024-10-06T16:26:57.510+0000] {logging_mixin.py:188} INFO - [2024-10-06T16:26:57.510+0000] {dagbag.py:538} INFO - Filling up the DagBag from /home/airflow/.local/lib/python3.8/site-packages/airflow/example_dags/example_branch_day_of_week_operator.py
[2024-10-06T16:26:57.515+0000] {processor.py:840} INFO - DAG(s) 'example_weekday_branch_operator' retrieved from /home/airflow/.local/lib/python3.8/site-packages/airflow/example_dags/example_branch_day_of_week_operator.py
[2024-10-06T16:26:57.531+0000] {logging_mixin.py:188} INFO - [2024-10-06T16:26:57.530+0000] {dag.py:3036} INFO - Sync 1 DAGs
[2024-10-06T16:26:57.544+0000] {logging_mixin.py:188} INFO - [2024-10-06T16:26:57.544+0000] {dag.py:3823} INFO - Setting next_dagrun for example_weekday_branch_operator to 2024-10-05 00:00:00+00:00, run_after=2024-10-06 00:00:00+00:00
[2024-10-06T16:26:57.556+0000] {processor.py:183} INFO - Processing /home/airflow/.local/lib/python3.8/site-packages/airflow/example_dags/example_branch_day_of_week_operator.py took 0.051 seconds
