[2024-10-06T16:17:14.242+0000] {processor.py:161} INFO - Started process (PID=334) to work on /home/airflow/.local/lib/python3.8/site-packages/airflow/example_dags/example_datasets.py
[2024-10-06T16:17:14.243+0000] {processor.py:830} INFO - Processing file /home/airflow/.local/lib/python3.8/site-packages/airflow/example_dags/example_datasets.py for tasks to queue
[2024-10-06T16:17:14.244+0000] {logging_mixin.py:188} INFO - [2024-10-06T16:17:14.244+0000] {dagbag.py:538} INFO - Filling up the DagBag from /home/airflow/.local/lib/python3.8/site-packages/airflow/example_dags/example_datasets.py
[2024-10-06T16:17:14.257+0000] {processor.py:840} INFO - DAG(s) 'dataset_consumes_1_and_2', 'dataset_produces_2', 'dataset_consumes_1_never_scheduled', 'dataset_produces_1', 'dataset_consumes_1', 'dataset_consumes_unknown_never_scheduled' retrieved from /home/airflow/.local/lib/python3.8/site-packages/airflow/example_dags/example_datasets.py
[2024-10-06T16:17:14.297+0000] {logging_mixin.py:188} INFO - [2024-10-06T16:17:14.296+0000] {dag.py:3036} INFO - Sync 6 DAGs
[2024-10-06T16:17:14.327+0000] {logging_mixin.py:188} INFO - [2024-10-06T16:17:14.327+0000] {dag.py:3823} INFO - Setting next_dagrun for dataset_consumes_1 to None, run_after=None
[2024-10-06T16:17:14.331+0000] {logging_mixin.py:188} INFO - [2024-10-06T16:17:14.331+0000] {dag.py:3823} INFO - Setting next_dagrun for dataset_consumes_1_and_2 to None, run_after=None
[2024-10-06T16:17:14.334+0000] {logging_mixin.py:188} INFO - [2024-10-06T16:17:14.334+0000] {dag.py:3823} INFO - Setting next_dagrun for dataset_consumes_1_never_scheduled to None, run_after=None
[2024-10-06T16:17:14.338+0000] {logging_mixin.py:188} INFO - [2024-10-06T16:17:14.338+0000] {dag.py:3823} INFO - Setting next_dagrun for dataset_consumes_unknown_never_scheduled to None, run_after=None
[2024-10-06T16:17:14.345+0000] {logging_mixin.py:188} INFO - [2024-10-06T16:17:14.344+0000] {dag.py:3823} INFO - Setting next_dagrun for dataset_produces_1 to 2024-10-05 00:00:00+00:00, run_after=2024-10-06 00:00:00+00:00
[2024-10-06T16:17:14.350+0000] {logging_mixin.py:188} INFO - [2024-10-06T16:17:14.348+0000] {dag.py:3823} INFO - Setting next_dagrun for dataset_produces_2 to None, run_after=None
[2024-10-06T16:17:14.376+0000] {processor.py:183} INFO - Processing /home/airflow/.local/lib/python3.8/site-packages/airflow/example_dags/example_datasets.py took 0.139 seconds
[2024-10-06T16:17:45.078+0000] {processor.py:161} INFO - Started process (PID=584) to work on /home/airflow/.local/lib/python3.8/site-packages/airflow/example_dags/example_datasets.py
[2024-10-06T16:17:45.079+0000] {processor.py:830} INFO - Processing file /home/airflow/.local/lib/python3.8/site-packages/airflow/example_dags/example_datasets.py for tasks to queue
[2024-10-06T16:17:45.080+0000] {logging_mixin.py:188} INFO - [2024-10-06T16:17:45.080+0000] {dagbag.py:538} INFO - Filling up the DagBag from /home/airflow/.local/lib/python3.8/site-packages/airflow/example_dags/example_datasets.py
[2024-10-06T16:17:45.086+0000] {processor.py:840} INFO - DAG(s) 'dataset_consumes_1_never_scheduled', 'dataset_consumes_1', 'dataset_produces_1', 'dataset_consumes_unknown_never_scheduled', 'dataset_consumes_1_and_2', 'dataset_produces_2' retrieved from /home/airflow/.local/lib/python3.8/site-packages/airflow/example_dags/example_datasets.py
[2024-10-06T16:17:45.182+0000] {logging_mixin.py:188} INFO - [2024-10-06T16:17:45.182+0000] {dag.py:3036} INFO - Sync 6 DAGs
[2024-10-06T16:17:45.195+0000] {logging_mixin.py:188} INFO - [2024-10-06T16:17:45.195+0000] {dag.py:3823} INFO - Setting next_dagrun for dataset_consumes_1 to None, run_after=None
[2024-10-06T16:17:45.197+0000] {logging_mixin.py:188} INFO - [2024-10-06T16:17:45.196+0000] {dag.py:3823} INFO - Setting next_dagrun for dataset_consumes_1_and_2 to None, run_after=None
[2024-10-06T16:17:45.198+0000] {logging_mixin.py:188} INFO - [2024-10-06T16:17:45.197+0000] {dag.py:3823} INFO - Setting next_dagrun for dataset_consumes_1_never_scheduled to None, run_after=None
[2024-10-06T16:17:45.199+0000] {logging_mixin.py:188} INFO - [2024-10-06T16:17:45.199+0000] {dag.py:3823} INFO - Setting next_dagrun for dataset_consumes_unknown_never_scheduled to None, run_after=None
[2024-10-06T16:17:45.201+0000] {logging_mixin.py:188} INFO - [2024-10-06T16:17:45.201+0000] {dag.py:3823} INFO - Setting next_dagrun for dataset_produces_1 to 2024-10-05 00:00:00+00:00, run_after=2024-10-06 00:00:00+00:00
[2024-10-06T16:17:45.202+0000] {logging_mixin.py:188} INFO - [2024-10-06T16:17:45.202+0000] {dag.py:3823} INFO - Setting next_dagrun for dataset_produces_2 to None, run_after=None
[2024-10-06T16:17:45.221+0000] {processor.py:183} INFO - Processing /home/airflow/.local/lib/python3.8/site-packages/airflow/example_dags/example_datasets.py took 0.145 seconds
[2024-10-06T16:18:16.014+0000] {processor.py:161} INFO - Started process (PID=829) to work on /home/airflow/.local/lib/python3.8/site-packages/airflow/example_dags/example_datasets.py
[2024-10-06T16:18:16.015+0000] {processor.py:830} INFO - Processing file /home/airflow/.local/lib/python3.8/site-packages/airflow/example_dags/example_datasets.py for tasks to queue
[2024-10-06T16:18:16.015+0000] {logging_mixin.py:188} INFO - [2024-10-06T16:18:16.015+0000] {dagbag.py:538} INFO - Filling up the DagBag from /home/airflow/.local/lib/python3.8/site-packages/airflow/example_dags/example_datasets.py
[2024-10-06T16:18:16.021+0000] {processor.py:840} INFO - DAG(s) 'dataset_consumes_1', 'dataset_produces_2', 'dataset_consumes_1_and_2', 'dataset_produces_1', 'dataset_consumes_1_never_scheduled', 'dataset_consumes_unknown_never_scheduled' retrieved from /home/airflow/.local/lib/python3.8/site-packages/airflow/example_dags/example_datasets.py
[2024-10-06T16:18:16.043+0000] {logging_mixin.py:188} INFO - [2024-10-06T16:18:16.043+0000] {dag.py:3036} INFO - Sync 6 DAGs
[2024-10-06T16:18:16.056+0000] {logging_mixin.py:188} INFO - [2024-10-06T16:18:16.056+0000] {dag.py:3823} INFO - Setting next_dagrun for dataset_consumes_1 to None, run_after=None
[2024-10-06T16:18:16.058+0000] {logging_mixin.py:188} INFO - [2024-10-06T16:18:16.058+0000] {dag.py:3823} INFO - Setting next_dagrun for dataset_consumes_1_and_2 to None, run_after=None
[2024-10-06T16:18:16.059+0000] {logging_mixin.py:188} INFO - [2024-10-06T16:18:16.059+0000] {dag.py:3823} INFO - Setting next_dagrun for dataset_consumes_1_never_scheduled to None, run_after=None
[2024-10-06T16:18:16.060+0000] {logging_mixin.py:188} INFO - [2024-10-06T16:18:16.060+0000] {dag.py:3823} INFO - Setting next_dagrun for dataset_consumes_unknown_never_scheduled to None, run_after=None
[2024-10-06T16:18:16.062+0000] {logging_mixin.py:188} INFO - [2024-10-06T16:18:16.062+0000] {dag.py:3823} INFO - Setting next_dagrun for dataset_produces_1 to 2024-10-05 00:00:00+00:00, run_after=2024-10-06 00:00:00+00:00
[2024-10-06T16:18:16.063+0000] {logging_mixin.py:188} INFO - [2024-10-06T16:18:16.063+0000] {dag.py:3823} INFO - Setting next_dagrun for dataset_produces_2 to None, run_after=None
[2024-10-06T16:18:16.080+0000] {processor.py:183} INFO - Processing /home/airflow/.local/lib/python3.8/site-packages/airflow/example_dags/example_datasets.py took 0.068 seconds
[2024-10-06T16:18:46.779+0000] {processor.py:161} INFO - Started process (PID=1078) to work on /home/airflow/.local/lib/python3.8/site-packages/airflow/example_dags/example_datasets.py
[2024-10-06T16:18:46.780+0000] {processor.py:830} INFO - Processing file /home/airflow/.local/lib/python3.8/site-packages/airflow/example_dags/example_datasets.py for tasks to queue
[2024-10-06T16:18:46.781+0000] {logging_mixin.py:188} INFO - [2024-10-06T16:18:46.781+0000] {dagbag.py:538} INFO - Filling up the DagBag from /home/airflow/.local/lib/python3.8/site-packages/airflow/example_dags/example_datasets.py
[2024-10-06T16:18:46.787+0000] {processor.py:840} INFO - DAG(s) 'dataset_produces_2', 'dataset_consumes_1_never_scheduled', 'dataset_consumes_1', 'dataset_consumes_unknown_never_scheduled', 'dataset_produces_1', 'dataset_consumes_1_and_2' retrieved from /home/airflow/.local/lib/python3.8/site-packages/airflow/example_dags/example_datasets.py
[2024-10-06T16:18:46.835+0000] {logging_mixin.py:188} INFO - [2024-10-06T16:18:46.834+0000] {dag.py:3036} INFO - Sync 6 DAGs
[2024-10-06T16:18:46.872+0000] {logging_mixin.py:188} INFO - [2024-10-06T16:18:46.872+0000] {dag.py:3823} INFO - Setting next_dagrun for dataset_consumes_1 to None, run_after=None
[2024-10-06T16:18:46.884+0000] {logging_mixin.py:188} INFO - [2024-10-06T16:18:46.883+0000] {dag.py:3823} INFO - Setting next_dagrun for dataset_consumes_1_and_2 to None, run_after=None
[2024-10-06T16:18:46.886+0000] {logging_mixin.py:188} INFO - [2024-10-06T16:18:46.886+0000] {dag.py:3823} INFO - Setting next_dagrun for dataset_consumes_1_never_scheduled to None, run_after=None
[2024-10-06T16:18:46.889+0000] {logging_mixin.py:188} INFO - [2024-10-06T16:18:46.888+0000] {dag.py:3823} INFO - Setting next_dagrun for dataset_consumes_unknown_never_scheduled to None, run_after=None
[2024-10-06T16:18:46.893+0000] {logging_mixin.py:188} INFO - [2024-10-06T16:18:46.892+0000] {dag.py:3823} INFO - Setting next_dagrun for dataset_produces_1 to 2024-10-05 00:00:00+00:00, run_after=2024-10-06 00:00:00+00:00
[2024-10-06T16:18:46.894+0000] {logging_mixin.py:188} INFO - [2024-10-06T16:18:46.894+0000] {dag.py:3823} INFO - Setting next_dagrun for dataset_produces_2 to None, run_after=None
[2024-10-06T16:18:46.916+0000] {processor.py:183} INFO - Processing /home/airflow/.local/lib/python3.8/site-packages/airflow/example_dags/example_datasets.py took 0.139 seconds
[2024-10-06T16:19:17.723+0000] {processor.py:161} INFO - Started process (PID=1325) to work on /home/airflow/.local/lib/python3.8/site-packages/airflow/example_dags/example_datasets.py
[2024-10-06T16:19:17.724+0000] {processor.py:830} INFO - Processing file /home/airflow/.local/lib/python3.8/site-packages/airflow/example_dags/example_datasets.py for tasks to queue
[2024-10-06T16:19:17.725+0000] {logging_mixin.py:188} INFO - [2024-10-06T16:19:17.725+0000] {dagbag.py:538} INFO - Filling up the DagBag from /home/airflow/.local/lib/python3.8/site-packages/airflow/example_dags/example_datasets.py
[2024-10-06T16:19:17.732+0000] {processor.py:840} INFO - DAG(s) 'dataset_consumes_unknown_never_scheduled', 'dataset_produces_1', 'dataset_consumes_1_never_scheduled', 'dataset_consumes_1_and_2', 'dataset_consumes_1', 'dataset_produces_2' retrieved from /home/airflow/.local/lib/python3.8/site-packages/airflow/example_dags/example_datasets.py
[2024-10-06T16:19:17.757+0000] {logging_mixin.py:188} INFO - [2024-10-06T16:19:17.757+0000] {dag.py:3036} INFO - Sync 6 DAGs
[2024-10-06T16:19:17.772+0000] {logging_mixin.py:188} INFO - [2024-10-06T16:19:17.772+0000] {dag.py:3823} INFO - Setting next_dagrun for dataset_consumes_1 to None, run_after=None
[2024-10-06T16:19:17.774+0000] {logging_mixin.py:188} INFO - [2024-10-06T16:19:17.774+0000] {dag.py:3823} INFO - Setting next_dagrun for dataset_consumes_1_and_2 to None, run_after=None
[2024-10-06T16:19:17.775+0000] {logging_mixin.py:188} INFO - [2024-10-06T16:19:17.775+0000] {dag.py:3823} INFO - Setting next_dagrun for dataset_consumes_1_never_scheduled to None, run_after=None
[2024-10-06T16:19:17.776+0000] {logging_mixin.py:188} INFO - [2024-10-06T16:19:17.776+0000] {dag.py:3823} INFO - Setting next_dagrun for dataset_consumes_unknown_never_scheduled to None, run_after=None
[2024-10-06T16:19:17.778+0000] {logging_mixin.py:188} INFO - [2024-10-06T16:19:17.778+0000] {dag.py:3823} INFO - Setting next_dagrun for dataset_produces_1 to 2024-10-05 00:00:00+00:00, run_after=2024-10-06 00:00:00+00:00
[2024-10-06T16:19:17.779+0000] {logging_mixin.py:188} INFO - [2024-10-06T16:19:17.779+0000] {dag.py:3823} INFO - Setting next_dagrun for dataset_produces_2 to None, run_after=None
[2024-10-06T16:19:17.799+0000] {processor.py:183} INFO - Processing /home/airflow/.local/lib/python3.8/site-packages/airflow/example_dags/example_datasets.py took 0.079 seconds
[2024-10-06T16:19:48.517+0000] {processor.py:161} INFO - Started process (PID=1570) to work on /home/airflow/.local/lib/python3.8/site-packages/airflow/example_dags/example_datasets.py
[2024-10-06T16:19:48.518+0000] {processor.py:830} INFO - Processing file /home/airflow/.local/lib/python3.8/site-packages/airflow/example_dags/example_datasets.py for tasks to queue
[2024-10-06T16:19:48.519+0000] {logging_mixin.py:188} INFO - [2024-10-06T16:19:48.519+0000] {dagbag.py:538} INFO - Filling up the DagBag from /home/airflow/.local/lib/python3.8/site-packages/airflow/example_dags/example_datasets.py
[2024-10-06T16:19:48.525+0000] {processor.py:840} INFO - DAG(s) 'dataset_produces_1', 'dataset_consumes_unknown_never_scheduled', 'dataset_produces_2', 'dataset_consumes_1', 'dataset_consumes_1_and_2', 'dataset_consumes_1_never_scheduled' retrieved from /home/airflow/.local/lib/python3.8/site-packages/airflow/example_dags/example_datasets.py
[2024-10-06T16:19:48.546+0000] {logging_mixin.py:188} INFO - [2024-10-06T16:19:48.545+0000] {dag.py:3036} INFO - Sync 6 DAGs
[2024-10-06T16:19:48.558+0000] {logging_mixin.py:188} INFO - [2024-10-06T16:19:48.558+0000] {dag.py:3823} INFO - Setting next_dagrun for dataset_consumes_1 to None, run_after=None
[2024-10-06T16:19:48.561+0000] {logging_mixin.py:188} INFO - [2024-10-06T16:19:48.561+0000] {dag.py:3823} INFO - Setting next_dagrun for dataset_consumes_1_and_2 to None, run_after=None
[2024-10-06T16:19:48.562+0000] {logging_mixin.py:188} INFO - [2024-10-06T16:19:48.562+0000] {dag.py:3823} INFO - Setting next_dagrun for dataset_consumes_1_never_scheduled to None, run_after=None
[2024-10-06T16:19:48.563+0000] {logging_mixin.py:188} INFO - [2024-10-06T16:19:48.563+0000] {dag.py:3823} INFO - Setting next_dagrun for dataset_consumes_unknown_never_scheduled to None, run_after=None
[2024-10-06T16:19:48.564+0000] {logging_mixin.py:188} INFO - [2024-10-06T16:19:48.564+0000] {dag.py:3823} INFO - Setting next_dagrun for dataset_produces_1 to 2024-10-05 00:00:00+00:00, run_after=2024-10-06 00:00:00+00:00
[2024-10-06T16:19:48.565+0000] {logging_mixin.py:188} INFO - [2024-10-06T16:19:48.565+0000] {dag.py:3823} INFO - Setting next_dagrun for dataset_produces_2 to None, run_after=None
[2024-10-06T16:19:48.588+0000] {processor.py:183} INFO - Processing /home/airflow/.local/lib/python3.8/site-packages/airflow/example_dags/example_datasets.py took 0.073 seconds
[2024-10-06T16:20:19.420+0000] {processor.py:161} INFO - Started process (PID=1819) to work on /home/airflow/.local/lib/python3.8/site-packages/airflow/example_dags/example_datasets.py
[2024-10-06T16:20:19.421+0000] {processor.py:830} INFO - Processing file /home/airflow/.local/lib/python3.8/site-packages/airflow/example_dags/example_datasets.py for tasks to queue
[2024-10-06T16:20:19.422+0000] {logging_mixin.py:188} INFO - [2024-10-06T16:20:19.421+0000] {dagbag.py:538} INFO - Filling up the DagBag from /home/airflow/.local/lib/python3.8/site-packages/airflow/example_dags/example_datasets.py
[2024-10-06T16:20:19.427+0000] {processor.py:840} INFO - DAG(s) 'dataset_consumes_1_and_2', 'dataset_produces_1', 'dataset_consumes_unknown_never_scheduled', 'dataset_produces_2', 'dataset_consumes_1_never_scheduled', 'dataset_consumes_1' retrieved from /home/airflow/.local/lib/python3.8/site-packages/airflow/example_dags/example_datasets.py
[2024-10-06T16:20:19.449+0000] {logging_mixin.py:188} INFO - [2024-10-06T16:20:19.448+0000] {dag.py:3036} INFO - Sync 6 DAGs
[2024-10-06T16:20:19.461+0000] {logging_mixin.py:188} INFO - [2024-10-06T16:20:19.461+0000] {dag.py:3823} INFO - Setting next_dagrun for dataset_consumes_1 to None, run_after=None
[2024-10-06T16:20:19.463+0000] {logging_mixin.py:188} INFO - [2024-10-06T16:20:19.463+0000] {dag.py:3823} INFO - Setting next_dagrun for dataset_consumes_1_and_2 to None, run_after=None
[2024-10-06T16:20:19.464+0000] {logging_mixin.py:188} INFO - [2024-10-06T16:20:19.464+0000] {dag.py:3823} INFO - Setting next_dagrun for dataset_consumes_1_never_scheduled to None, run_after=None
[2024-10-06T16:20:19.465+0000] {logging_mixin.py:188} INFO - [2024-10-06T16:20:19.465+0000] {dag.py:3823} INFO - Setting next_dagrun for dataset_consumes_unknown_never_scheduled to None, run_after=None
[2024-10-06T16:20:19.466+0000] {logging_mixin.py:188} INFO - [2024-10-06T16:20:19.466+0000] {dag.py:3823} INFO - Setting next_dagrun for dataset_produces_1 to 2024-10-05 00:00:00+00:00, run_after=2024-10-06 00:00:00+00:00
[2024-10-06T16:20:19.468+0000] {logging_mixin.py:188} INFO - [2024-10-06T16:20:19.467+0000] {dag.py:3823} INFO - Setting next_dagrun for dataset_produces_2 to None, run_after=None
[2024-10-06T16:20:19.492+0000] {processor.py:183} INFO - Processing /home/airflow/.local/lib/python3.8/site-packages/airflow/example_dags/example_datasets.py took 0.074 seconds
[2024-10-06T16:20:50.328+0000] {processor.py:161} INFO - Started process (PID=2064) to work on /home/airflow/.local/lib/python3.8/site-packages/airflow/example_dags/example_datasets.py
[2024-10-06T16:20:50.329+0000] {processor.py:830} INFO - Processing file /home/airflow/.local/lib/python3.8/site-packages/airflow/example_dags/example_datasets.py for tasks to queue
[2024-10-06T16:20:50.330+0000] {logging_mixin.py:188} INFO - [2024-10-06T16:20:50.330+0000] {dagbag.py:538} INFO - Filling up the DagBag from /home/airflow/.local/lib/python3.8/site-packages/airflow/example_dags/example_datasets.py
[2024-10-06T16:20:50.335+0000] {processor.py:840} INFO - DAG(s) 'dataset_consumes_1_and_2', 'dataset_consumes_1_never_scheduled', 'dataset_produces_1', 'dataset_produces_2', 'dataset_consumes_1', 'dataset_consumes_unknown_never_scheduled' retrieved from /home/airflow/.local/lib/python3.8/site-packages/airflow/example_dags/example_datasets.py
[2024-10-06T16:20:50.358+0000] {logging_mixin.py:188} INFO - [2024-10-06T16:20:50.358+0000] {dag.py:3036} INFO - Sync 6 DAGs
[2024-10-06T16:20:50.372+0000] {logging_mixin.py:188} INFO - [2024-10-06T16:20:50.372+0000] {dag.py:3823} INFO - Setting next_dagrun for dataset_consumes_1 to None, run_after=None
[2024-10-06T16:20:50.374+0000] {logging_mixin.py:188} INFO - [2024-10-06T16:20:50.374+0000] {dag.py:3823} INFO - Setting next_dagrun for dataset_consumes_1_and_2 to None, run_after=None
[2024-10-06T16:20:50.376+0000] {logging_mixin.py:188} INFO - [2024-10-06T16:20:50.376+0000] {dag.py:3823} INFO - Setting next_dagrun for dataset_consumes_1_never_scheduled to None, run_after=None
[2024-10-06T16:20:50.377+0000] {logging_mixin.py:188} INFO - [2024-10-06T16:20:50.376+0000] {dag.py:3823} INFO - Setting next_dagrun for dataset_consumes_unknown_never_scheduled to None, run_after=None
[2024-10-06T16:20:50.378+0000] {logging_mixin.py:188} INFO - [2024-10-06T16:20:50.378+0000] {dag.py:3823} INFO - Setting next_dagrun for dataset_produces_1 to 2024-10-05 00:00:00+00:00, run_after=2024-10-06 00:00:00+00:00
[2024-10-06T16:20:50.380+0000] {logging_mixin.py:188} INFO - [2024-10-06T16:20:50.379+0000] {dag.py:3823} INFO - Setting next_dagrun for dataset_produces_2 to None, run_after=None
[2024-10-06T16:20:50.398+0000] {processor.py:183} INFO - Processing /home/airflow/.local/lib/python3.8/site-packages/airflow/example_dags/example_datasets.py took 0.072 seconds
[2024-10-06T16:21:21.185+0000] {processor.py:161} INFO - Started process (PID=2313) to work on /home/airflow/.local/lib/python3.8/site-packages/airflow/example_dags/example_datasets.py
[2024-10-06T16:21:21.185+0000] {processor.py:830} INFO - Processing file /home/airflow/.local/lib/python3.8/site-packages/airflow/example_dags/example_datasets.py for tasks to queue
[2024-10-06T16:21:21.186+0000] {logging_mixin.py:188} INFO - [2024-10-06T16:21:21.186+0000] {dagbag.py:538} INFO - Filling up the DagBag from /home/airflow/.local/lib/python3.8/site-packages/airflow/example_dags/example_datasets.py
[2024-10-06T16:21:21.193+0000] {processor.py:840} INFO - DAG(s) 'dataset_produces_2', 'dataset_produces_1', 'dataset_consumes_unknown_never_scheduled', 'dataset_consumes_1', 'dataset_consumes_1_and_2', 'dataset_consumes_1_never_scheduled' retrieved from /home/airflow/.local/lib/python3.8/site-packages/airflow/example_dags/example_datasets.py
[2024-10-06T16:21:21.219+0000] {logging_mixin.py:188} INFO - [2024-10-06T16:21:21.219+0000] {dag.py:3036} INFO - Sync 6 DAGs
[2024-10-06T16:21:21.234+0000] {logging_mixin.py:188} INFO - [2024-10-06T16:21:21.234+0000] {dag.py:3823} INFO - Setting next_dagrun for dataset_consumes_1 to None, run_after=None
[2024-10-06T16:21:21.237+0000] {logging_mixin.py:188} INFO - [2024-10-06T16:21:21.237+0000] {dag.py:3823} INFO - Setting next_dagrun for dataset_consumes_1_and_2 to None, run_after=None
[2024-10-06T16:21:21.238+0000] {logging_mixin.py:188} INFO - [2024-10-06T16:21:21.238+0000] {dag.py:3823} INFO - Setting next_dagrun for dataset_consumes_1_never_scheduled to None, run_after=None
[2024-10-06T16:21:21.239+0000] {logging_mixin.py:188} INFO - [2024-10-06T16:21:21.239+0000] {dag.py:3823} INFO - Setting next_dagrun for dataset_consumes_unknown_never_scheduled to None, run_after=None
[2024-10-06T16:21:21.241+0000] {logging_mixin.py:188} INFO - [2024-10-06T16:21:21.240+0000] {dag.py:3823} INFO - Setting next_dagrun for dataset_produces_1 to 2024-10-05 00:00:00+00:00, run_after=2024-10-06 00:00:00+00:00
[2024-10-06T16:21:21.242+0000] {logging_mixin.py:188} INFO - [2024-10-06T16:21:21.242+0000] {dag.py:3823} INFO - Setting next_dagrun for dataset_produces_2 to None, run_after=None
[2024-10-06T16:21:21.262+0000] {processor.py:183} INFO - Processing /home/airflow/.local/lib/python3.8/site-packages/airflow/example_dags/example_datasets.py took 0.080 seconds
[2024-10-06T16:21:51.484+0000] {processor.py:161} INFO - Started process (PID=2558) to work on /home/airflow/.local/lib/python3.8/site-packages/airflow/example_dags/example_datasets.py
[2024-10-06T16:21:51.485+0000] {processor.py:830} INFO - Processing file /home/airflow/.local/lib/python3.8/site-packages/airflow/example_dags/example_datasets.py for tasks to queue
[2024-10-06T16:21:51.486+0000] {logging_mixin.py:188} INFO - [2024-10-06T16:21:51.485+0000] {dagbag.py:538} INFO - Filling up the DagBag from /home/airflow/.local/lib/python3.8/site-packages/airflow/example_dags/example_datasets.py
[2024-10-06T16:21:51.492+0000] {processor.py:840} INFO - DAG(s) 'dataset_consumes_1_and_2', 'dataset_consumes_1_never_scheduled', 'dataset_consumes_unknown_never_scheduled', 'dataset_produces_2', 'dataset_consumes_1', 'dataset_produces_1' retrieved from /home/airflow/.local/lib/python3.8/site-packages/airflow/example_dags/example_datasets.py
[2024-10-06T16:21:51.514+0000] {logging_mixin.py:188} INFO - [2024-10-06T16:21:51.514+0000] {dag.py:3036} INFO - Sync 6 DAGs
[2024-10-06T16:21:51.529+0000] {logging_mixin.py:188} INFO - [2024-10-06T16:21:51.529+0000] {dag.py:3823} INFO - Setting next_dagrun for dataset_consumes_1 to None, run_after=None
[2024-10-06T16:21:51.531+0000] {logging_mixin.py:188} INFO - [2024-10-06T16:21:51.531+0000] {dag.py:3823} INFO - Setting next_dagrun for dataset_consumes_1_and_2 to None, run_after=None
[2024-10-06T16:21:51.532+0000] {logging_mixin.py:188} INFO - [2024-10-06T16:21:51.532+0000] {dag.py:3823} INFO - Setting next_dagrun for dataset_consumes_1_never_scheduled to None, run_after=None
[2024-10-06T16:21:51.533+0000] {logging_mixin.py:188} INFO - [2024-10-06T16:21:51.533+0000] {dag.py:3823} INFO - Setting next_dagrun for dataset_consumes_unknown_never_scheduled to None, run_after=None
[2024-10-06T16:21:51.535+0000] {logging_mixin.py:188} INFO - [2024-10-06T16:21:51.535+0000] {dag.py:3823} INFO - Setting next_dagrun for dataset_produces_1 to 2024-10-05 00:00:00+00:00, run_after=2024-10-06 00:00:00+00:00
[2024-10-06T16:21:51.537+0000] {logging_mixin.py:188} INFO - [2024-10-06T16:21:51.537+0000] {dag.py:3823} INFO - Setting next_dagrun for dataset_produces_2 to None, run_after=None
[2024-10-06T16:21:51.559+0000] {processor.py:183} INFO - Processing /home/airflow/.local/lib/python3.8/site-packages/airflow/example_dags/example_datasets.py took 0.077 seconds
[2024-10-06T16:22:21.764+0000] {processor.py:161} INFO - Started process (PID=2807) to work on /home/airflow/.local/lib/python3.8/site-packages/airflow/example_dags/example_datasets.py
[2024-10-06T16:22:21.765+0000] {processor.py:830} INFO - Processing file /home/airflow/.local/lib/python3.8/site-packages/airflow/example_dags/example_datasets.py for tasks to queue
[2024-10-06T16:22:21.766+0000] {logging_mixin.py:188} INFO - [2024-10-06T16:22:21.766+0000] {dagbag.py:538} INFO - Filling up the DagBag from /home/airflow/.local/lib/python3.8/site-packages/airflow/example_dags/example_datasets.py
[2024-10-06T16:22:21.772+0000] {processor.py:840} INFO - DAG(s) 'dataset_consumes_1_never_scheduled', 'dataset_consumes_1_and_2', 'dataset_produces_2', 'dataset_consumes_unknown_never_scheduled', 'dataset_consumes_1', 'dataset_produces_1' retrieved from /home/airflow/.local/lib/python3.8/site-packages/airflow/example_dags/example_datasets.py
[2024-10-06T16:22:21.800+0000] {logging_mixin.py:188} INFO - [2024-10-06T16:22:21.799+0000] {dag.py:3036} INFO - Sync 6 DAGs
[2024-10-06T16:22:21.815+0000] {logging_mixin.py:188} INFO - [2024-10-06T16:22:21.815+0000] {dag.py:3823} INFO - Setting next_dagrun for dataset_consumes_1 to None, run_after=None
[2024-10-06T16:22:21.818+0000] {logging_mixin.py:188} INFO - [2024-10-06T16:22:21.817+0000] {dag.py:3823} INFO - Setting next_dagrun for dataset_consumes_1_and_2 to None, run_after=None
[2024-10-06T16:22:21.819+0000] {logging_mixin.py:188} INFO - [2024-10-06T16:22:21.819+0000] {dag.py:3823} INFO - Setting next_dagrun for dataset_consumes_1_never_scheduled to None, run_after=None
[2024-10-06T16:22:21.820+0000] {logging_mixin.py:188} INFO - [2024-10-06T16:22:21.819+0000] {dag.py:3823} INFO - Setting next_dagrun for dataset_consumes_unknown_never_scheduled to None, run_after=None
[2024-10-06T16:22:21.821+0000] {logging_mixin.py:188} INFO - [2024-10-06T16:22:21.821+0000] {dag.py:3823} INFO - Setting next_dagrun for dataset_produces_1 to 2024-10-05 00:00:00+00:00, run_after=2024-10-06 00:00:00+00:00
[2024-10-06T16:22:21.822+0000] {logging_mixin.py:188} INFO - [2024-10-06T16:22:21.822+0000] {dag.py:3823} INFO - Setting next_dagrun for dataset_produces_2 to None, run_after=None
[2024-10-06T16:22:21.841+0000] {processor.py:183} INFO - Processing /home/airflow/.local/lib/python3.8/site-packages/airflow/example_dags/example_datasets.py took 0.079 seconds
[2024-10-06T16:22:52.130+0000] {processor.py:161} INFO - Started process (PID=3052) to work on /home/airflow/.local/lib/python3.8/site-packages/airflow/example_dags/example_datasets.py
[2024-10-06T16:22:52.135+0000] {processor.py:830} INFO - Processing file /home/airflow/.local/lib/python3.8/site-packages/airflow/example_dags/example_datasets.py for tasks to queue
[2024-10-06T16:22:52.145+0000] {logging_mixin.py:188} INFO - [2024-10-06T16:22:52.144+0000] {dagbag.py:538} INFO - Filling up the DagBag from /home/airflow/.local/lib/python3.8/site-packages/airflow/example_dags/example_datasets.py
[2024-10-06T16:22:52.157+0000] {processor.py:840} INFO - DAG(s) 'dataset_consumes_1_never_scheduled', 'dataset_produces_2', 'dataset_consumes_1_and_2', 'dataset_consumes_1', 'dataset_consumes_unknown_never_scheduled', 'dataset_produces_1' retrieved from /home/airflow/.local/lib/python3.8/site-packages/airflow/example_dags/example_datasets.py
[2024-10-06T16:22:52.197+0000] {logging_mixin.py:188} INFO - [2024-10-06T16:22:52.197+0000] {dag.py:3036} INFO - Sync 6 DAGs
[2024-10-06T16:22:52.210+0000] {logging_mixin.py:188} INFO - [2024-10-06T16:22:52.210+0000] {dag.py:3823} INFO - Setting next_dagrun for dataset_consumes_1 to None, run_after=None
[2024-10-06T16:22:52.214+0000] {logging_mixin.py:188} INFO - [2024-10-06T16:22:52.214+0000] {dag.py:3823} INFO - Setting next_dagrun for dataset_consumes_1_and_2 to None, run_after=None
[2024-10-06T16:22:52.216+0000] {logging_mixin.py:188} INFO - [2024-10-06T16:22:52.215+0000] {dag.py:3823} INFO - Setting next_dagrun for dataset_consumes_1_never_scheduled to None, run_after=None
[2024-10-06T16:22:52.216+0000] {logging_mixin.py:188} INFO - [2024-10-06T16:22:52.216+0000] {dag.py:3823} INFO - Setting next_dagrun for dataset_consumes_unknown_never_scheduled to None, run_after=None
[2024-10-06T16:22:52.218+0000] {logging_mixin.py:188} INFO - [2024-10-06T16:22:52.218+0000] {dag.py:3823} INFO - Setting next_dagrun for dataset_produces_1 to 2024-10-05 00:00:00+00:00, run_after=2024-10-06 00:00:00+00:00
[2024-10-06T16:22:52.219+0000] {logging_mixin.py:188} INFO - [2024-10-06T16:22:52.219+0000] {dag.py:3823} INFO - Setting next_dagrun for dataset_produces_2 to None, run_after=None
[2024-10-06T16:22:52.243+0000] {processor.py:183} INFO - Processing /home/airflow/.local/lib/python3.8/site-packages/airflow/example_dags/example_datasets.py took 0.115 seconds
[2024-10-06T16:23:22.998+0000] {processor.py:161} INFO - Started process (PID=3299) to work on /home/airflow/.local/lib/python3.8/site-packages/airflow/example_dags/example_datasets.py
[2024-10-06T16:23:22.999+0000] {processor.py:830} INFO - Processing file /home/airflow/.local/lib/python3.8/site-packages/airflow/example_dags/example_datasets.py for tasks to queue
[2024-10-06T16:23:23.000+0000] {logging_mixin.py:188} INFO - [2024-10-06T16:23:23.000+0000] {dagbag.py:538} INFO - Filling up the DagBag from /home/airflow/.local/lib/python3.8/site-packages/airflow/example_dags/example_datasets.py
[2024-10-06T16:23:23.007+0000] {processor.py:840} INFO - DAG(s) 'dataset_consumes_1', 'dataset_produces_2', 'dataset_consumes_1_never_scheduled', 'dataset_consumes_unknown_never_scheduled', 'dataset_consumes_1_and_2', 'dataset_produces_1' retrieved from /home/airflow/.local/lib/python3.8/site-packages/airflow/example_dags/example_datasets.py
[2024-10-06T16:23:23.031+0000] {logging_mixin.py:188} INFO - [2024-10-06T16:23:23.031+0000] {dag.py:3036} INFO - Sync 6 DAGs
[2024-10-06T16:23:23.045+0000] {logging_mixin.py:188} INFO - [2024-10-06T16:23:23.045+0000] {dag.py:3823} INFO - Setting next_dagrun for dataset_consumes_1 to None, run_after=None
[2024-10-06T16:23:23.048+0000] {logging_mixin.py:188} INFO - [2024-10-06T16:23:23.048+0000] {dag.py:3823} INFO - Setting next_dagrun for dataset_consumes_1_and_2 to None, run_after=None
[2024-10-06T16:23:23.049+0000] {logging_mixin.py:188} INFO - [2024-10-06T16:23:23.048+0000] {dag.py:3823} INFO - Setting next_dagrun for dataset_consumes_1_never_scheduled to None, run_after=None
[2024-10-06T16:23:23.050+0000] {logging_mixin.py:188} INFO - [2024-10-06T16:23:23.049+0000] {dag.py:3823} INFO - Setting next_dagrun for dataset_consumes_unknown_never_scheduled to None, run_after=None
[2024-10-06T16:23:23.051+0000] {logging_mixin.py:188} INFO - [2024-10-06T16:23:23.051+0000] {dag.py:3823} INFO - Setting next_dagrun for dataset_produces_1 to 2024-10-05 00:00:00+00:00, run_after=2024-10-06 00:00:00+00:00
[2024-10-06T16:23:23.052+0000] {logging_mixin.py:188} INFO - [2024-10-06T16:23:23.052+0000] {dag.py:3823} INFO - Setting next_dagrun for dataset_produces_2 to None, run_after=None
[2024-10-06T16:23:23.073+0000] {processor.py:183} INFO - Processing /home/airflow/.local/lib/python3.8/site-packages/airflow/example_dags/example_datasets.py took 0.077 seconds
[2024-10-06T16:23:53.760+0000] {processor.py:161} INFO - Started process (PID=3546) to work on /home/airflow/.local/lib/python3.8/site-packages/airflow/example_dags/example_datasets.py
[2024-10-06T16:23:53.761+0000] {processor.py:830} INFO - Processing file /home/airflow/.local/lib/python3.8/site-packages/airflow/example_dags/example_datasets.py for tasks to queue
[2024-10-06T16:23:53.762+0000] {logging_mixin.py:188} INFO - [2024-10-06T16:23:53.762+0000] {dagbag.py:538} INFO - Filling up the DagBag from /home/airflow/.local/lib/python3.8/site-packages/airflow/example_dags/example_datasets.py
[2024-10-06T16:23:53.771+0000] {processor.py:840} INFO - DAG(s) 'dataset_produces_1', 'dataset_consumes_1_and_2', 'dataset_produces_2', 'dataset_consumes_1_never_scheduled', 'dataset_consumes_unknown_never_scheduled', 'dataset_consumes_1' retrieved from /home/airflow/.local/lib/python3.8/site-packages/airflow/example_dags/example_datasets.py
[2024-10-06T16:23:53.790+0000] {logging_mixin.py:188} INFO - [2024-10-06T16:23:53.790+0000] {dag.py:3036} INFO - Sync 6 DAGs
[2024-10-06T16:23:53.803+0000] {logging_mixin.py:188} INFO - [2024-10-06T16:23:53.803+0000] {dag.py:3823} INFO - Setting next_dagrun for dataset_consumes_1 to None, run_after=None
[2024-10-06T16:23:53.806+0000] {logging_mixin.py:188} INFO - [2024-10-06T16:23:53.806+0000] {dag.py:3823} INFO - Setting next_dagrun for dataset_consumes_1_and_2 to None, run_after=None
[2024-10-06T16:23:53.808+0000] {logging_mixin.py:188} INFO - [2024-10-06T16:23:53.808+0000] {dag.py:3823} INFO - Setting next_dagrun for dataset_consumes_1_never_scheduled to None, run_after=None
[2024-10-06T16:23:53.809+0000] {logging_mixin.py:188} INFO - [2024-10-06T16:23:53.809+0000] {dag.py:3823} INFO - Setting next_dagrun for dataset_consumes_unknown_never_scheduled to None, run_after=None
[2024-10-06T16:23:53.811+0000] {logging_mixin.py:188} INFO - [2024-10-06T16:23:53.811+0000] {dag.py:3823} INFO - Setting next_dagrun for dataset_produces_1 to 2024-10-05 00:00:00+00:00, run_after=2024-10-06 00:00:00+00:00
[2024-10-06T16:23:53.812+0000] {logging_mixin.py:188} INFO - [2024-10-06T16:23:53.812+0000] {dag.py:3823} INFO - Setting next_dagrun for dataset_produces_2 to None, run_after=None
[2024-10-06T16:23:53.828+0000] {processor.py:183} INFO - Processing /home/airflow/.local/lib/python3.8/site-packages/airflow/example_dags/example_datasets.py took 0.071 seconds
[2024-10-06T16:24:24.553+0000] {processor.py:161} INFO - Started process (PID=3793) to work on /home/airflow/.local/lib/python3.8/site-packages/airflow/example_dags/example_datasets.py
[2024-10-06T16:24:24.554+0000] {processor.py:830} INFO - Processing file /home/airflow/.local/lib/python3.8/site-packages/airflow/example_dags/example_datasets.py for tasks to queue
[2024-10-06T16:24:24.554+0000] {logging_mixin.py:188} INFO - [2024-10-06T16:24:24.554+0000] {dagbag.py:538} INFO - Filling up the DagBag from /home/airflow/.local/lib/python3.8/site-packages/airflow/example_dags/example_datasets.py
[2024-10-06T16:24:24.561+0000] {processor.py:840} INFO - DAG(s) 'dataset_consumes_1', 'dataset_produces_1', 'dataset_consumes_1_and_2', 'dataset_consumes_unknown_never_scheduled', 'dataset_consumes_1_never_scheduled', 'dataset_produces_2' retrieved from /home/airflow/.local/lib/python3.8/site-packages/airflow/example_dags/example_datasets.py
[2024-10-06T16:24:24.583+0000] {logging_mixin.py:188} INFO - [2024-10-06T16:24:24.583+0000] {dag.py:3036} INFO - Sync 6 DAGs
[2024-10-06T16:24:24.595+0000] {logging_mixin.py:188} INFO - [2024-10-06T16:24:24.594+0000] {dag.py:3823} INFO - Setting next_dagrun for dataset_consumes_1 to None, run_after=None
[2024-10-06T16:24:24.596+0000] {logging_mixin.py:188} INFO - [2024-10-06T16:24:24.596+0000] {dag.py:3823} INFO - Setting next_dagrun for dataset_consumes_1_and_2 to None, run_after=None
[2024-10-06T16:24:24.597+0000] {logging_mixin.py:188} INFO - [2024-10-06T16:24:24.597+0000] {dag.py:3823} INFO - Setting next_dagrun for dataset_consumes_1_never_scheduled to None, run_after=None
[2024-10-06T16:24:24.598+0000] {logging_mixin.py:188} INFO - [2024-10-06T16:24:24.598+0000] {dag.py:3823} INFO - Setting next_dagrun for dataset_consumes_unknown_never_scheduled to None, run_after=None
[2024-10-06T16:24:24.599+0000] {logging_mixin.py:188} INFO - [2024-10-06T16:24:24.599+0000] {dag.py:3823} INFO - Setting next_dagrun for dataset_produces_1 to 2024-10-05 00:00:00+00:00, run_after=2024-10-06 00:00:00+00:00
[2024-10-06T16:24:24.600+0000] {logging_mixin.py:188} INFO - [2024-10-06T16:24:24.600+0000] {dag.py:3823} INFO - Setting next_dagrun for dataset_produces_2 to None, run_after=None
[2024-10-06T16:24:24.618+0000] {processor.py:183} INFO - Processing /home/airflow/.local/lib/python3.8/site-packages/airflow/example_dags/example_datasets.py took 0.068 seconds
[2024-10-06T16:24:55.672+0000] {processor.py:161} INFO - Started process (PID=4040) to work on /home/airflow/.local/lib/python3.8/site-packages/airflow/example_dags/example_datasets.py
[2024-10-06T16:24:55.673+0000] {processor.py:830} INFO - Processing file /home/airflow/.local/lib/python3.8/site-packages/airflow/example_dags/example_datasets.py for tasks to queue
[2024-10-06T16:24:55.674+0000] {logging_mixin.py:188} INFO - [2024-10-06T16:24:55.674+0000] {dagbag.py:538} INFO - Filling up the DagBag from /home/airflow/.local/lib/python3.8/site-packages/airflow/example_dags/example_datasets.py
[2024-10-06T16:24:55.682+0000] {processor.py:840} INFO - DAG(s) 'dataset_produces_2', 'dataset_consumes_1', 'dataset_consumes_1_and_2', 'dataset_consumes_unknown_never_scheduled', 'dataset_consumes_1_never_scheduled', 'dataset_produces_1' retrieved from /home/airflow/.local/lib/python3.8/site-packages/airflow/example_dags/example_datasets.py
[2024-10-06T16:24:55.712+0000] {logging_mixin.py:188} INFO - [2024-10-06T16:24:55.712+0000] {dag.py:3036} INFO - Sync 6 DAGs
[2024-10-06T16:24:55.727+0000] {logging_mixin.py:188} INFO - [2024-10-06T16:24:55.727+0000] {dag.py:3823} INFO - Setting next_dagrun for dataset_consumes_1 to None, run_after=None
[2024-10-06T16:24:55.729+0000] {logging_mixin.py:188} INFO - [2024-10-06T16:24:55.729+0000] {dag.py:3823} INFO - Setting next_dagrun for dataset_consumes_1_and_2 to None, run_after=None
[2024-10-06T16:24:55.731+0000] {logging_mixin.py:188} INFO - [2024-10-06T16:24:55.731+0000] {dag.py:3823} INFO - Setting next_dagrun for dataset_consumes_1_never_scheduled to None, run_after=None
[2024-10-06T16:24:55.732+0000] {logging_mixin.py:188} INFO - [2024-10-06T16:24:55.732+0000] {dag.py:3823} INFO - Setting next_dagrun for dataset_consumes_unknown_never_scheduled to None, run_after=None
[2024-10-06T16:24:55.734+0000] {logging_mixin.py:188} INFO - [2024-10-06T16:24:55.734+0000] {dag.py:3823} INFO - Setting next_dagrun for dataset_produces_1 to 2024-10-05 00:00:00+00:00, run_after=2024-10-06 00:00:00+00:00
[2024-10-06T16:24:55.735+0000] {logging_mixin.py:188} INFO - [2024-10-06T16:24:55.735+0000] {dag.py:3823} INFO - Setting next_dagrun for dataset_produces_2 to None, run_after=None
[2024-10-06T16:24:55.757+0000] {processor.py:183} INFO - Processing /home/airflow/.local/lib/python3.8/site-packages/airflow/example_dags/example_datasets.py took 0.088 seconds
[2024-10-06T16:25:25.841+0000] {processor.py:161} INFO - Started process (PID=4292) to work on /home/airflow/.local/lib/python3.8/site-packages/airflow/example_dags/example_datasets.py
[2024-10-06T16:25:25.842+0000] {processor.py:830} INFO - Processing file /home/airflow/.local/lib/python3.8/site-packages/airflow/example_dags/example_datasets.py for tasks to queue
[2024-10-06T16:25:25.843+0000] {logging_mixin.py:188} INFO - [2024-10-06T16:25:25.843+0000] {dagbag.py:538} INFO - Filling up the DagBag from /home/airflow/.local/lib/python3.8/site-packages/airflow/example_dags/example_datasets.py
[2024-10-06T16:25:25.849+0000] {processor.py:840} INFO - DAG(s) 'dataset_produces_2', 'dataset_consumes_1_never_scheduled', 'dataset_consumes_1', 'dataset_consumes_1_and_2', 'dataset_consumes_unknown_never_scheduled', 'dataset_produces_1' retrieved from /home/airflow/.local/lib/python3.8/site-packages/airflow/example_dags/example_datasets.py
[2024-10-06T16:25:25.875+0000] {logging_mixin.py:188} INFO - [2024-10-06T16:25:25.875+0000] {dag.py:3036} INFO - Sync 6 DAGs
[2024-10-06T16:25:25.889+0000] {logging_mixin.py:188} INFO - [2024-10-06T16:25:25.889+0000] {dag.py:3823} INFO - Setting next_dagrun for dataset_consumes_1 to None, run_after=None
[2024-10-06T16:25:25.891+0000] {logging_mixin.py:188} INFO - [2024-10-06T16:25:25.891+0000] {dag.py:3823} INFO - Setting next_dagrun for dataset_consumes_1_and_2 to None, run_after=None
[2024-10-06T16:25:25.892+0000] {logging_mixin.py:188} INFO - [2024-10-06T16:25:25.892+0000] {dag.py:3823} INFO - Setting next_dagrun for dataset_consumes_1_never_scheduled to None, run_after=None
[2024-10-06T16:25:25.893+0000] {logging_mixin.py:188} INFO - [2024-10-06T16:25:25.893+0000] {dag.py:3823} INFO - Setting next_dagrun for dataset_consumes_unknown_never_scheduled to None, run_after=None
[2024-10-06T16:25:25.894+0000] {logging_mixin.py:188} INFO - [2024-10-06T16:25:25.894+0000] {dag.py:3823} INFO - Setting next_dagrun for dataset_produces_1 to 2024-10-05 00:00:00+00:00, run_after=2024-10-06 00:00:00+00:00
[2024-10-06T16:25:25.895+0000] {logging_mixin.py:188} INFO - [2024-10-06T16:25:25.895+0000] {dag.py:3823} INFO - Setting next_dagrun for dataset_produces_2 to None, run_after=None
[2024-10-06T16:25:25.913+0000] {processor.py:183} INFO - Processing /home/airflow/.local/lib/python3.8/site-packages/airflow/example_dags/example_datasets.py took 0.074 seconds
[2024-10-06T16:25:56.211+0000] {processor.py:161} INFO - Started process (PID=4536) to work on /home/airflow/.local/lib/python3.8/site-packages/airflow/example_dags/example_datasets.py
[2024-10-06T16:25:56.212+0000] {processor.py:830} INFO - Processing file /home/airflow/.local/lib/python3.8/site-packages/airflow/example_dags/example_datasets.py for tasks to queue
[2024-10-06T16:25:56.213+0000] {logging_mixin.py:188} INFO - [2024-10-06T16:25:56.213+0000] {dagbag.py:538} INFO - Filling up the DagBag from /home/airflow/.local/lib/python3.8/site-packages/airflow/example_dags/example_datasets.py
[2024-10-06T16:25:56.219+0000] {processor.py:840} INFO - DAG(s) 'dataset_consumes_1_and_2', 'dataset_consumes_1', 'dataset_consumes_1_never_scheduled', 'dataset_produces_2', 'dataset_produces_1', 'dataset_consumes_unknown_never_scheduled' retrieved from /home/airflow/.local/lib/python3.8/site-packages/airflow/example_dags/example_datasets.py
[2024-10-06T16:25:56.246+0000] {logging_mixin.py:188} INFO - [2024-10-06T16:25:56.246+0000] {dag.py:3036} INFO - Sync 6 DAGs
[2024-10-06T16:25:56.261+0000] {logging_mixin.py:188} INFO - [2024-10-06T16:25:56.261+0000] {dag.py:3823} INFO - Setting next_dagrun for dataset_consumes_1 to None, run_after=None
[2024-10-06T16:25:56.264+0000] {logging_mixin.py:188} INFO - [2024-10-06T16:25:56.263+0000] {dag.py:3823} INFO - Setting next_dagrun for dataset_consumes_1_and_2 to None, run_after=None
[2024-10-06T16:25:56.264+0000] {logging_mixin.py:188} INFO - [2024-10-06T16:25:56.264+0000] {dag.py:3823} INFO - Setting next_dagrun for dataset_consumes_1_never_scheduled to None, run_after=None
[2024-10-06T16:25:56.265+0000] {logging_mixin.py:188} INFO - [2024-10-06T16:25:56.265+0000] {dag.py:3823} INFO - Setting next_dagrun for dataset_consumes_unknown_never_scheduled to None, run_after=None
[2024-10-06T16:25:56.267+0000] {logging_mixin.py:188} INFO - [2024-10-06T16:25:56.267+0000] {dag.py:3823} INFO - Setting next_dagrun for dataset_produces_1 to 2024-10-05 00:00:00+00:00, run_after=2024-10-06 00:00:00+00:00
[2024-10-06T16:25:56.268+0000] {logging_mixin.py:188} INFO - [2024-10-06T16:25:56.268+0000] {dag.py:3823} INFO - Setting next_dagrun for dataset_produces_2 to None, run_after=None
[2024-10-06T16:25:56.292+0000] {processor.py:183} INFO - Processing /home/airflow/.local/lib/python3.8/site-packages/airflow/example_dags/example_datasets.py took 0.083 seconds
[2024-10-06T16:26:26.347+0000] {processor.py:161} INFO - Started process (PID=4788) to work on /home/airflow/.local/lib/python3.8/site-packages/airflow/example_dags/example_datasets.py
[2024-10-06T16:26:26.348+0000] {processor.py:830} INFO - Processing file /home/airflow/.local/lib/python3.8/site-packages/airflow/example_dags/example_datasets.py for tasks to queue
[2024-10-06T16:26:26.349+0000] {logging_mixin.py:188} INFO - [2024-10-06T16:26:26.349+0000] {dagbag.py:538} INFO - Filling up the DagBag from /home/airflow/.local/lib/python3.8/site-packages/airflow/example_dags/example_datasets.py
[2024-10-06T16:26:26.354+0000] {processor.py:840} INFO - DAG(s) 'dataset_consumes_1_never_scheduled', 'dataset_consumes_1', 'dataset_produces_2', 'dataset_consumes_unknown_never_scheduled', 'dataset_produces_1', 'dataset_consumes_1_and_2' retrieved from /home/airflow/.local/lib/python3.8/site-packages/airflow/example_dags/example_datasets.py
[2024-10-06T16:26:26.376+0000] {logging_mixin.py:188} INFO - [2024-10-06T16:26:26.376+0000] {dag.py:3036} INFO - Sync 6 DAGs
[2024-10-06T16:26:26.388+0000] {logging_mixin.py:188} INFO - [2024-10-06T16:26:26.388+0000] {dag.py:3823} INFO - Setting next_dagrun for dataset_consumes_1 to None, run_after=None
[2024-10-06T16:26:26.389+0000] {logging_mixin.py:188} INFO - [2024-10-06T16:26:26.389+0000] {dag.py:3823} INFO - Setting next_dagrun for dataset_consumes_1_and_2 to None, run_after=None
[2024-10-06T16:26:26.390+0000] {logging_mixin.py:188} INFO - [2024-10-06T16:26:26.390+0000] {dag.py:3823} INFO - Setting next_dagrun for dataset_consumes_1_never_scheduled to None, run_after=None
[2024-10-06T16:26:26.391+0000] {logging_mixin.py:188} INFO - [2024-10-06T16:26:26.391+0000] {dag.py:3823} INFO - Setting next_dagrun for dataset_consumes_unknown_never_scheduled to None, run_after=None
[2024-10-06T16:26:26.392+0000] {logging_mixin.py:188} INFO - [2024-10-06T16:26:26.392+0000] {dag.py:3823} INFO - Setting next_dagrun for dataset_produces_1 to 2024-10-05 00:00:00+00:00, run_after=2024-10-06 00:00:00+00:00
[2024-10-06T16:26:26.393+0000] {logging_mixin.py:188} INFO - [2024-10-06T16:26:26.393+0000] {dag.py:3823} INFO - Setting next_dagrun for dataset_produces_2 to None, run_after=None
[2024-10-06T16:26:26.409+0000] {processor.py:183} INFO - Processing /home/airflow/.local/lib/python3.8/site-packages/airflow/example_dags/example_datasets.py took 0.063 seconds
[2024-10-06T16:26:57.280+0000] {processor.py:161} INFO - Started process (PID=5028) to work on /home/airflow/.local/lib/python3.8/site-packages/airflow/example_dags/example_datasets.py
[2024-10-06T16:26:57.281+0000] {processor.py:830} INFO - Processing file /home/airflow/.local/lib/python3.8/site-packages/airflow/example_dags/example_datasets.py for tasks to queue
[2024-10-06T16:26:57.281+0000] {logging_mixin.py:188} INFO - [2024-10-06T16:26:57.281+0000] {dagbag.py:538} INFO - Filling up the DagBag from /home/airflow/.local/lib/python3.8/site-packages/airflow/example_dags/example_datasets.py
[2024-10-06T16:26:57.287+0000] {processor.py:840} INFO - DAG(s) 'dataset_consumes_1_and_2', 'dataset_consumes_1', 'dataset_produces_2', 'dataset_consumes_1_never_scheduled', 'dataset_produces_1', 'dataset_consumes_unknown_never_scheduled' retrieved from /home/airflow/.local/lib/python3.8/site-packages/airflow/example_dags/example_datasets.py
[2024-10-06T16:26:57.308+0000] {logging_mixin.py:188} INFO - [2024-10-06T16:26:57.307+0000] {dag.py:3036} INFO - Sync 6 DAGs
[2024-10-06T16:26:57.322+0000] {logging_mixin.py:188} INFO - [2024-10-06T16:26:57.321+0000] {dag.py:3823} INFO - Setting next_dagrun for dataset_consumes_1 to None, run_after=None
[2024-10-06T16:26:57.324+0000] {logging_mixin.py:188} INFO - [2024-10-06T16:26:57.324+0000] {dag.py:3823} INFO - Setting next_dagrun for dataset_consumes_1_and_2 to None, run_after=None
[2024-10-06T16:26:57.325+0000] {logging_mixin.py:188} INFO - [2024-10-06T16:26:57.325+0000] {dag.py:3823} INFO - Setting next_dagrun for dataset_consumes_1_never_scheduled to None, run_after=None
[2024-10-06T16:26:57.326+0000] {logging_mixin.py:188} INFO - [2024-10-06T16:26:57.326+0000] {dag.py:3823} INFO - Setting next_dagrun for dataset_consumes_unknown_never_scheduled to None, run_after=None
[2024-10-06T16:26:57.328+0000] {logging_mixin.py:188} INFO - [2024-10-06T16:26:57.328+0000] {dag.py:3823} INFO - Setting next_dagrun for dataset_produces_1 to 2024-10-05 00:00:00+00:00, run_after=2024-10-06 00:00:00+00:00
[2024-10-06T16:26:57.329+0000] {logging_mixin.py:188} INFO - [2024-10-06T16:26:57.329+0000] {dag.py:3823} INFO - Setting next_dagrun for dataset_produces_2 to None, run_after=None
[2024-10-06T16:26:57.346+0000] {processor.py:183} INFO - Processing /home/airflow/.local/lib/python3.8/site-packages/airflow/example_dags/example_datasets.py took 0.069 seconds
