[2024-10-06T16:17:13.448+0000] {processor.py:161} INFO - Started process (PID=289) to work on /home/airflow/.local/lib/python3.8/site-packages/airflow/example_dags/example_nested_branch_dag.py
[2024-10-06T16:17:13.449+0000] {processor.py:830} INFO - Processing file /home/airflow/.local/lib/python3.8/site-packages/airflow/example_dags/example_nested_branch_dag.py for tasks to queue
[2024-10-06T16:17:13.451+0000] {logging_mixin.py:188} INFO - [2024-10-06T16:17:13.451+0000] {dagbag.py:538} INFO - Filling up the DagBag from /home/airflow/.local/lib/python3.8/site-packages/airflow/example_dags/example_nested_branch_dag.py
[2024-10-06T16:17:13.459+0000] {processor.py:840} INFO - DAG(s) 'example_nested_branch_dag' retrieved from /home/airflow/.local/lib/python3.8/site-packages/airflow/example_dags/example_nested_branch_dag.py
[2024-10-06T16:17:13.475+0000] {logging_mixin.py:188} INFO - [2024-10-06T16:17:13.474+0000] {dag.py:3036} INFO - Sync 1 DAGs
[2024-10-06T16:17:13.492+0000] {logging_mixin.py:188} INFO - [2024-10-06T16:17:13.492+0000] {dag.py:3823} INFO - Setting next_dagrun for example_nested_branch_dag to 2024-10-05 00:00:00+00:00, run_after=2024-10-06 00:00:00+00:00
[2024-10-06T16:17:13.516+0000] {processor.py:183} INFO - Processing /home/airflow/.local/lib/python3.8/site-packages/airflow/example_dags/example_nested_branch_dag.py took 0.071 seconds
[2024-10-06T16:17:44.409+0000] {processor.py:161} INFO - Started process (PID=539) to work on /home/airflow/.local/lib/python3.8/site-packages/airflow/example_dags/example_nested_branch_dag.py
[2024-10-06T16:17:44.410+0000] {processor.py:830} INFO - Processing file /home/airflow/.local/lib/python3.8/site-packages/airflow/example_dags/example_nested_branch_dag.py for tasks to queue
[2024-10-06T16:17:44.410+0000] {logging_mixin.py:188} INFO - [2024-10-06T16:17:44.410+0000] {dagbag.py:538} INFO - Filling up the DagBag from /home/airflow/.local/lib/python3.8/site-packages/airflow/example_dags/example_nested_branch_dag.py
[2024-10-06T16:17:44.416+0000] {processor.py:840} INFO - DAG(s) 'example_nested_branch_dag' retrieved from /home/airflow/.local/lib/python3.8/site-packages/airflow/example_dags/example_nested_branch_dag.py
[2024-10-06T16:17:44.469+0000] {logging_mixin.py:188} INFO - [2024-10-06T16:17:44.469+0000] {dag.py:3036} INFO - Sync 1 DAGs
[2024-10-06T16:17:44.480+0000] {logging_mixin.py:188} INFO - [2024-10-06T16:17:44.479+0000] {dag.py:3823} INFO - Setting next_dagrun for example_nested_branch_dag to 2024-10-05 00:00:00+00:00, run_after=2024-10-06 00:00:00+00:00
[2024-10-06T16:17:44.490+0000] {processor.py:183} INFO - Processing /home/airflow/.local/lib/python3.8/site-packages/airflow/example_dags/example_nested_branch_dag.py took 0.083 seconds
[2024-10-06T16:18:14.676+0000] {processor.py:161} INFO - Started process (PID=784) to work on /home/airflow/.local/lib/python3.8/site-packages/airflow/example_dags/example_nested_branch_dag.py
[2024-10-06T16:18:14.677+0000] {processor.py:830} INFO - Processing file /home/airflow/.local/lib/python3.8/site-packages/airflow/example_dags/example_nested_branch_dag.py for tasks to queue
[2024-10-06T16:18:14.678+0000] {logging_mixin.py:188} INFO - [2024-10-06T16:18:14.677+0000] {dagbag.py:538} INFO - Filling up the DagBag from /home/airflow/.local/lib/python3.8/site-packages/airflow/example_dags/example_nested_branch_dag.py
[2024-10-06T16:18:14.683+0000] {processor.py:840} INFO - DAG(s) 'example_nested_branch_dag' retrieved from /home/airflow/.local/lib/python3.8/site-packages/airflow/example_dags/example_nested_branch_dag.py
[2024-10-06T16:18:14.696+0000] {logging_mixin.py:188} INFO - [2024-10-06T16:18:14.696+0000] {dag.py:3036} INFO - Sync 1 DAGs
[2024-10-06T16:18:14.708+0000] {logging_mixin.py:188} INFO - [2024-10-06T16:18:14.708+0000] {dag.py:3823} INFO - Setting next_dagrun for example_nested_branch_dag to 2024-10-05 00:00:00+00:00, run_after=2024-10-06 00:00:00+00:00
[2024-10-06T16:18:14.719+0000] {processor.py:183} INFO - Processing /home/airflow/.local/lib/python3.8/site-packages/airflow/example_dags/example_nested_branch_dag.py took 0.045 seconds
[2024-10-06T16:18:45.436+0000] {processor.py:161} INFO - Started process (PID=1033) to work on /home/airflow/.local/lib/python3.8/site-packages/airflow/example_dags/example_nested_branch_dag.py
[2024-10-06T16:18:45.437+0000] {processor.py:830} INFO - Processing file /home/airflow/.local/lib/python3.8/site-packages/airflow/example_dags/example_nested_branch_dag.py for tasks to queue
[2024-10-06T16:18:45.438+0000] {logging_mixin.py:188} INFO - [2024-10-06T16:18:45.438+0000] {dagbag.py:538} INFO - Filling up the DagBag from /home/airflow/.local/lib/python3.8/site-packages/airflow/example_dags/example_nested_branch_dag.py
[2024-10-06T16:18:45.444+0000] {processor.py:840} INFO - DAG(s) 'example_nested_branch_dag' retrieved from /home/airflow/.local/lib/python3.8/site-packages/airflow/example_dags/example_nested_branch_dag.py
[2024-10-06T16:18:45.458+0000] {logging_mixin.py:188} INFO - [2024-10-06T16:18:45.458+0000] {dag.py:3036} INFO - Sync 1 DAGs
[2024-10-06T16:18:45.471+0000] {logging_mixin.py:188} INFO - [2024-10-06T16:18:45.471+0000] {dag.py:3823} INFO - Setting next_dagrun for example_nested_branch_dag to 2024-10-05 00:00:00+00:00, run_after=2024-10-06 00:00:00+00:00
[2024-10-06T16:18:45.482+0000] {processor.py:183} INFO - Processing /home/airflow/.local/lib/python3.8/site-packages/airflow/example_dags/example_nested_branch_dag.py took 0.048 seconds
[2024-10-06T16:19:16.366+0000] {processor.py:161} INFO - Started process (PID=1278) to work on /home/airflow/.local/lib/python3.8/site-packages/airflow/example_dags/example_nested_branch_dag.py
[2024-10-06T16:19:16.367+0000] {processor.py:830} INFO - Processing file /home/airflow/.local/lib/python3.8/site-packages/airflow/example_dags/example_nested_branch_dag.py for tasks to queue
[2024-10-06T16:19:16.367+0000] {logging_mixin.py:188} INFO - [2024-10-06T16:19:16.367+0000] {dagbag.py:538} INFO - Filling up the DagBag from /home/airflow/.local/lib/python3.8/site-packages/airflow/example_dags/example_nested_branch_dag.py
[2024-10-06T16:19:16.374+0000] {processor.py:840} INFO - DAG(s) 'example_nested_branch_dag' retrieved from /home/airflow/.local/lib/python3.8/site-packages/airflow/example_dags/example_nested_branch_dag.py
[2024-10-06T16:19:16.387+0000] {logging_mixin.py:188} INFO - [2024-10-06T16:19:16.387+0000] {dag.py:3036} INFO - Sync 1 DAGs
[2024-10-06T16:19:16.400+0000] {logging_mixin.py:188} INFO - [2024-10-06T16:19:16.400+0000] {dag.py:3823} INFO - Setting next_dagrun for example_nested_branch_dag to 2024-10-05 00:00:00+00:00, run_after=2024-10-06 00:00:00+00:00
[2024-10-06T16:19:16.411+0000] {processor.py:183} INFO - Processing /home/airflow/.local/lib/python3.8/site-packages/airflow/example_dags/example_nested_branch_dag.py took 0.048 seconds
[2024-10-06T16:19:47.158+0000] {processor.py:161} INFO - Started process (PID=1525) to work on /home/airflow/.local/lib/python3.8/site-packages/airflow/example_dags/example_nested_branch_dag.py
[2024-10-06T16:19:47.159+0000] {processor.py:830} INFO - Processing file /home/airflow/.local/lib/python3.8/site-packages/airflow/example_dags/example_nested_branch_dag.py for tasks to queue
[2024-10-06T16:19:47.160+0000] {logging_mixin.py:188} INFO - [2024-10-06T16:19:47.160+0000] {dagbag.py:538} INFO - Filling up the DagBag from /home/airflow/.local/lib/python3.8/site-packages/airflow/example_dags/example_nested_branch_dag.py
[2024-10-06T16:19:47.168+0000] {processor.py:840} INFO - DAG(s) 'example_nested_branch_dag' retrieved from /home/airflow/.local/lib/python3.8/site-packages/airflow/example_dags/example_nested_branch_dag.py
[2024-10-06T16:19:47.184+0000] {logging_mixin.py:188} INFO - [2024-10-06T16:19:47.184+0000] {dag.py:3036} INFO - Sync 1 DAGs
[2024-10-06T16:19:47.199+0000] {logging_mixin.py:188} INFO - [2024-10-06T16:19:47.199+0000] {dag.py:3823} INFO - Setting next_dagrun for example_nested_branch_dag to 2024-10-05 00:00:00+00:00, run_after=2024-10-06 00:00:00+00:00
[2024-10-06T16:19:47.211+0000] {processor.py:183} INFO - Processing /home/airflow/.local/lib/python3.8/site-packages/airflow/example_dags/example_nested_branch_dag.py took 0.056 seconds
[2024-10-06T16:20:18.052+0000] {processor.py:161} INFO - Started process (PID=1772) to work on /home/airflow/.local/lib/python3.8/site-packages/airflow/example_dags/example_nested_branch_dag.py
[2024-10-06T16:20:18.052+0000] {processor.py:830} INFO - Processing file /home/airflow/.local/lib/python3.8/site-packages/airflow/example_dags/example_nested_branch_dag.py for tasks to queue
[2024-10-06T16:20:18.053+0000] {logging_mixin.py:188} INFO - [2024-10-06T16:20:18.053+0000] {dagbag.py:538} INFO - Filling up the DagBag from /home/airflow/.local/lib/python3.8/site-packages/airflow/example_dags/example_nested_branch_dag.py
[2024-10-06T16:20:18.061+0000] {processor.py:840} INFO - DAG(s) 'example_nested_branch_dag' retrieved from /home/airflow/.local/lib/python3.8/site-packages/airflow/example_dags/example_nested_branch_dag.py
[2024-10-06T16:20:18.079+0000] {logging_mixin.py:188} INFO - [2024-10-06T16:20:18.078+0000] {dag.py:3036} INFO - Sync 1 DAGs
[2024-10-06T16:20:18.093+0000] {logging_mixin.py:188} INFO - [2024-10-06T16:20:18.093+0000] {dag.py:3823} INFO - Setting next_dagrun for example_nested_branch_dag to 2024-10-05 00:00:00+00:00, run_after=2024-10-06 00:00:00+00:00
[2024-10-06T16:20:18.106+0000] {processor.py:183} INFO - Processing /home/airflow/.local/lib/python3.8/site-packages/airflow/example_dags/example_nested_branch_dag.py took 0.057 seconds
[2024-10-06T16:20:48.999+0000] {processor.py:161} INFO - Started process (PID=2019) to work on /home/airflow/.local/lib/python3.8/site-packages/airflow/example_dags/example_nested_branch_dag.py
[2024-10-06T16:20:49.000+0000] {processor.py:830} INFO - Processing file /home/airflow/.local/lib/python3.8/site-packages/airflow/example_dags/example_nested_branch_dag.py for tasks to queue
[2024-10-06T16:20:49.000+0000] {logging_mixin.py:188} INFO - [2024-10-06T16:20:49.000+0000] {dagbag.py:538} INFO - Filling up the DagBag from /home/airflow/.local/lib/python3.8/site-packages/airflow/example_dags/example_nested_branch_dag.py
[2024-10-06T16:20:49.009+0000] {processor.py:840} INFO - DAG(s) 'example_nested_branch_dag' retrieved from /home/airflow/.local/lib/python3.8/site-packages/airflow/example_dags/example_nested_branch_dag.py
[2024-10-06T16:20:49.024+0000] {logging_mixin.py:188} INFO - [2024-10-06T16:20:49.024+0000] {dag.py:3036} INFO - Sync 1 DAGs
[2024-10-06T16:20:49.037+0000] {logging_mixin.py:188} INFO - [2024-10-06T16:20:49.037+0000] {dag.py:3823} INFO - Setting next_dagrun for example_nested_branch_dag to 2024-10-05 00:00:00+00:00, run_after=2024-10-06 00:00:00+00:00
[2024-10-06T16:20:49.049+0000] {processor.py:183} INFO - Processing /home/airflow/.local/lib/python3.8/site-packages/airflow/example_dags/example_nested_branch_dag.py took 0.053 seconds
[2024-10-06T16:21:19.792+0000] {processor.py:161} INFO - Started process (PID=2266) to work on /home/airflow/.local/lib/python3.8/site-packages/airflow/example_dags/example_nested_branch_dag.py
[2024-10-06T16:21:19.793+0000] {processor.py:830} INFO - Processing file /home/airflow/.local/lib/python3.8/site-packages/airflow/example_dags/example_nested_branch_dag.py for tasks to queue
[2024-10-06T16:21:19.793+0000] {logging_mixin.py:188} INFO - [2024-10-06T16:21:19.793+0000] {dagbag.py:538} INFO - Filling up the DagBag from /home/airflow/.local/lib/python3.8/site-packages/airflow/example_dags/example_nested_branch_dag.py
[2024-10-06T16:21:19.799+0000] {processor.py:840} INFO - DAG(s) 'example_nested_branch_dag' retrieved from /home/airflow/.local/lib/python3.8/site-packages/airflow/example_dags/example_nested_branch_dag.py
[2024-10-06T16:21:19.813+0000] {logging_mixin.py:188} INFO - [2024-10-06T16:21:19.813+0000] {dag.py:3036} INFO - Sync 1 DAGs
[2024-10-06T16:21:19.825+0000] {logging_mixin.py:188} INFO - [2024-10-06T16:21:19.825+0000] {dag.py:3823} INFO - Setting next_dagrun for example_nested_branch_dag to 2024-10-05 00:00:00+00:00, run_after=2024-10-06 00:00:00+00:00
[2024-10-06T16:21:19.837+0000] {processor.py:183} INFO - Processing /home/airflow/.local/lib/python3.8/site-packages/airflow/example_dags/example_nested_branch_dag.py took 0.048 seconds
[2024-10-06T16:21:50.962+0000] {processor.py:161} INFO - Started process (PID=2515) to work on /home/airflow/.local/lib/python3.8/site-packages/airflow/example_dags/example_nested_branch_dag.py
[2024-10-06T16:21:50.963+0000] {processor.py:830} INFO - Processing file /home/airflow/.local/lib/python3.8/site-packages/airflow/example_dags/example_nested_branch_dag.py for tasks to queue
[2024-10-06T16:21:50.964+0000] {logging_mixin.py:188} INFO - [2024-10-06T16:21:50.964+0000] {dagbag.py:538} INFO - Filling up the DagBag from /home/airflow/.local/lib/python3.8/site-packages/airflow/example_dags/example_nested_branch_dag.py
[2024-10-06T16:21:50.971+0000] {processor.py:840} INFO - DAG(s) 'example_nested_branch_dag' retrieved from /home/airflow/.local/lib/python3.8/site-packages/airflow/example_dags/example_nested_branch_dag.py
[2024-10-06T16:21:50.991+0000] {logging_mixin.py:188} INFO - [2024-10-06T16:21:50.990+0000] {dag.py:3036} INFO - Sync 1 DAGs
[2024-10-06T16:21:51.007+0000] {logging_mixin.py:188} INFO - [2024-10-06T16:21:51.007+0000] {dag.py:3823} INFO - Setting next_dagrun for example_nested_branch_dag to 2024-10-05 00:00:00+00:00, run_after=2024-10-06 00:00:00+00:00
[2024-10-06T16:21:51.022+0000] {processor.py:183} INFO - Processing /home/airflow/.local/lib/python3.8/site-packages/airflow/example_dags/example_nested_branch_dag.py took 0.062 seconds
[2024-10-06T16:22:21.356+0000] {processor.py:161} INFO - Started process (PID=2760) to work on /home/airflow/.local/lib/python3.8/site-packages/airflow/example_dags/example_nested_branch_dag.py
[2024-10-06T16:22:21.357+0000] {processor.py:830} INFO - Processing file /home/airflow/.local/lib/python3.8/site-packages/airflow/example_dags/example_nested_branch_dag.py for tasks to queue
[2024-10-06T16:22:21.358+0000] {logging_mixin.py:188} INFO - [2024-10-06T16:22:21.357+0000] {dagbag.py:538} INFO - Filling up the DagBag from /home/airflow/.local/lib/python3.8/site-packages/airflow/example_dags/example_nested_branch_dag.py
[2024-10-06T16:22:21.365+0000] {processor.py:840} INFO - DAG(s) 'example_nested_branch_dag' retrieved from /home/airflow/.local/lib/python3.8/site-packages/airflow/example_dags/example_nested_branch_dag.py
[2024-10-06T16:22:21.382+0000] {logging_mixin.py:188} INFO - [2024-10-06T16:22:21.382+0000] {dag.py:3036} INFO - Sync 1 DAGs
[2024-10-06T16:22:21.396+0000] {logging_mixin.py:188} INFO - [2024-10-06T16:22:21.396+0000] {dag.py:3823} INFO - Setting next_dagrun for example_nested_branch_dag to 2024-10-05 00:00:00+00:00, run_after=2024-10-06 00:00:00+00:00
[2024-10-06T16:22:21.408+0000] {processor.py:183} INFO - Processing /home/airflow/.local/lib/python3.8/site-packages/airflow/example_dags/example_nested_branch_dag.py took 0.055 seconds
[2024-10-06T16:22:51.745+0000] {processor.py:161} INFO - Started process (PID=3007) to work on /home/airflow/.local/lib/python3.8/site-packages/airflow/example_dags/example_nested_branch_dag.py
[2024-10-06T16:22:51.746+0000] {processor.py:830} INFO - Processing file /home/airflow/.local/lib/python3.8/site-packages/airflow/example_dags/example_nested_branch_dag.py for tasks to queue
[2024-10-06T16:22:51.747+0000] {logging_mixin.py:188} INFO - [2024-10-06T16:22:51.746+0000] {dagbag.py:538} INFO - Filling up the DagBag from /home/airflow/.local/lib/python3.8/site-packages/airflow/example_dags/example_nested_branch_dag.py
[2024-10-06T16:22:51.753+0000] {processor.py:840} INFO - DAG(s) 'example_nested_branch_dag' retrieved from /home/airflow/.local/lib/python3.8/site-packages/airflow/example_dags/example_nested_branch_dag.py
[2024-10-06T16:22:51.767+0000] {logging_mixin.py:188} INFO - [2024-10-06T16:22:51.767+0000] {dag.py:3036} INFO - Sync 1 DAGs
[2024-10-06T16:22:51.780+0000] {logging_mixin.py:188} INFO - [2024-10-06T16:22:51.780+0000] {dag.py:3823} INFO - Setting next_dagrun for example_nested_branch_dag to 2024-10-05 00:00:00+00:00, run_after=2024-10-06 00:00:00+00:00
[2024-10-06T16:22:51.793+0000] {processor.py:183} INFO - Processing /home/airflow/.local/lib/python3.8/site-packages/airflow/example_dags/example_nested_branch_dag.py took 0.050 seconds
[2024-10-06T16:23:22.584+0000] {processor.py:161} INFO - Started process (PID=3254) to work on /home/airflow/.local/lib/python3.8/site-packages/airflow/example_dags/example_nested_branch_dag.py
[2024-10-06T16:23:22.585+0000] {processor.py:830} INFO - Processing file /home/airflow/.local/lib/python3.8/site-packages/airflow/example_dags/example_nested_branch_dag.py for tasks to queue
[2024-10-06T16:23:22.586+0000] {logging_mixin.py:188} INFO - [2024-10-06T16:23:22.586+0000] {dagbag.py:538} INFO - Filling up the DagBag from /home/airflow/.local/lib/python3.8/site-packages/airflow/example_dags/example_nested_branch_dag.py
[2024-10-06T16:23:22.593+0000] {processor.py:840} INFO - DAG(s) 'example_nested_branch_dag' retrieved from /home/airflow/.local/lib/python3.8/site-packages/airflow/example_dags/example_nested_branch_dag.py
[2024-10-06T16:23:22.610+0000] {logging_mixin.py:188} INFO - [2024-10-06T16:23:22.610+0000] {dag.py:3036} INFO - Sync 1 DAGs
[2024-10-06T16:23:22.623+0000] {logging_mixin.py:188} INFO - [2024-10-06T16:23:22.623+0000] {dag.py:3823} INFO - Setting next_dagrun for example_nested_branch_dag to 2024-10-05 00:00:00+00:00, run_after=2024-10-06 00:00:00+00:00
[2024-10-06T16:23:22.667+0000] {processor.py:183} INFO - Processing /home/airflow/.local/lib/python3.8/site-packages/airflow/example_dags/example_nested_branch_dag.py took 0.086 seconds
[2024-10-06T16:23:53.388+0000] {processor.py:161} INFO - Started process (PID=3501) to work on /home/airflow/.local/lib/python3.8/site-packages/airflow/example_dags/example_nested_branch_dag.py
[2024-10-06T16:23:53.389+0000] {processor.py:830} INFO - Processing file /home/airflow/.local/lib/python3.8/site-packages/airflow/example_dags/example_nested_branch_dag.py for tasks to queue
[2024-10-06T16:23:53.390+0000] {logging_mixin.py:188} INFO - [2024-10-06T16:23:53.390+0000] {dagbag.py:538} INFO - Filling up the DagBag from /home/airflow/.local/lib/python3.8/site-packages/airflow/example_dags/example_nested_branch_dag.py
[2024-10-06T16:23:53.396+0000] {processor.py:840} INFO - DAG(s) 'example_nested_branch_dag' retrieved from /home/airflow/.local/lib/python3.8/site-packages/airflow/example_dags/example_nested_branch_dag.py
[2024-10-06T16:23:53.409+0000] {logging_mixin.py:188} INFO - [2024-10-06T16:23:53.409+0000] {dag.py:3036} INFO - Sync 1 DAGs
[2024-10-06T16:23:53.422+0000] {logging_mixin.py:188} INFO - [2024-10-06T16:23:53.422+0000] {dag.py:3823} INFO - Setting next_dagrun for example_nested_branch_dag to 2024-10-05 00:00:00+00:00, run_after=2024-10-06 00:00:00+00:00
[2024-10-06T16:23:53.434+0000] {processor.py:183} INFO - Processing /home/airflow/.local/lib/python3.8/site-packages/airflow/example_dags/example_nested_branch_dag.py took 0.047 seconds
[2024-10-06T16:24:24.173+0000] {processor.py:161} INFO - Started process (PID=3748) to work on /home/airflow/.local/lib/python3.8/site-packages/airflow/example_dags/example_nested_branch_dag.py
[2024-10-06T16:24:24.174+0000] {processor.py:830} INFO - Processing file /home/airflow/.local/lib/python3.8/site-packages/airflow/example_dags/example_nested_branch_dag.py for tasks to queue
[2024-10-06T16:24:24.175+0000] {logging_mixin.py:188} INFO - [2024-10-06T16:24:24.175+0000] {dagbag.py:538} INFO - Filling up the DagBag from /home/airflow/.local/lib/python3.8/site-packages/airflow/example_dags/example_nested_branch_dag.py
[2024-10-06T16:24:24.181+0000] {processor.py:840} INFO - DAG(s) 'example_nested_branch_dag' retrieved from /home/airflow/.local/lib/python3.8/site-packages/airflow/example_dags/example_nested_branch_dag.py
[2024-10-06T16:24:24.194+0000] {logging_mixin.py:188} INFO - [2024-10-06T16:24:24.194+0000] {dag.py:3036} INFO - Sync 1 DAGs
[2024-10-06T16:24:24.207+0000] {logging_mixin.py:188} INFO - [2024-10-06T16:24:24.207+0000] {dag.py:3823} INFO - Setting next_dagrun for example_nested_branch_dag to 2024-10-05 00:00:00+00:00, run_after=2024-10-06 00:00:00+00:00
[2024-10-06T16:24:24.219+0000] {processor.py:183} INFO - Processing /home/airflow/.local/lib/python3.8/site-packages/airflow/example_dags/example_nested_branch_dag.py took 0.048 seconds
[2024-10-06T16:24:55.272+0000] {processor.py:161} INFO - Started process (PID=3995) to work on /home/airflow/.local/lib/python3.8/site-packages/airflow/example_dags/example_nested_branch_dag.py
[2024-10-06T16:24:55.273+0000] {processor.py:830} INFO - Processing file /home/airflow/.local/lib/python3.8/site-packages/airflow/example_dags/example_nested_branch_dag.py for tasks to queue
[2024-10-06T16:24:55.274+0000] {logging_mixin.py:188} INFO - [2024-10-06T16:24:55.274+0000] {dagbag.py:538} INFO - Filling up the DagBag from /home/airflow/.local/lib/python3.8/site-packages/airflow/example_dags/example_nested_branch_dag.py
[2024-10-06T16:24:55.283+0000] {processor.py:840} INFO - DAG(s) 'example_nested_branch_dag' retrieved from /home/airflow/.local/lib/python3.8/site-packages/airflow/example_dags/example_nested_branch_dag.py
[2024-10-06T16:24:55.299+0000] {logging_mixin.py:188} INFO - [2024-10-06T16:24:55.299+0000] {dag.py:3036} INFO - Sync 1 DAGs
[2024-10-06T16:24:55.315+0000] {logging_mixin.py:188} INFO - [2024-10-06T16:24:55.314+0000] {dag.py:3823} INFO - Setting next_dagrun for example_nested_branch_dag to 2024-10-05 00:00:00+00:00, run_after=2024-10-06 00:00:00+00:00
[2024-10-06T16:24:55.336+0000] {processor.py:183} INFO - Processing /home/airflow/.local/lib/python3.8/site-packages/airflow/example_dags/example_nested_branch_dag.py took 0.066 seconds
[2024-10-06T16:25:25.469+0000] {processor.py:161} INFO - Started process (PID=4242) to work on /home/airflow/.local/lib/python3.8/site-packages/airflow/example_dags/example_nested_branch_dag.py
[2024-10-06T16:25:25.471+0000] {processor.py:830} INFO - Processing file /home/airflow/.local/lib/python3.8/site-packages/airflow/example_dags/example_nested_branch_dag.py for tasks to queue
[2024-10-06T16:25:25.472+0000] {logging_mixin.py:188} INFO - [2024-10-06T16:25:25.472+0000] {dagbag.py:538} INFO - Filling up the DagBag from /home/airflow/.local/lib/python3.8/site-packages/airflow/example_dags/example_nested_branch_dag.py
[2024-10-06T16:25:25.480+0000] {processor.py:840} INFO - DAG(s) 'example_nested_branch_dag' retrieved from /home/airflow/.local/lib/python3.8/site-packages/airflow/example_dags/example_nested_branch_dag.py
[2024-10-06T16:25:25.498+0000] {logging_mixin.py:188} INFO - [2024-10-06T16:25:25.498+0000] {dag.py:3036} INFO - Sync 1 DAGs
[2024-10-06T16:25:25.512+0000] {logging_mixin.py:188} INFO - [2024-10-06T16:25:25.512+0000] {dag.py:3823} INFO - Setting next_dagrun for example_nested_branch_dag to 2024-10-05 00:00:00+00:00, run_after=2024-10-06 00:00:00+00:00
[2024-10-06T16:25:25.524+0000] {processor.py:183} INFO - Processing /home/airflow/.local/lib/python3.8/site-packages/airflow/example_dags/example_nested_branch_dag.py took 0.057 seconds
[2024-10-06T16:25:55.729+0000] {processor.py:161} INFO - Started process (PID=4491) to work on /home/airflow/.local/lib/python3.8/site-packages/airflow/example_dags/example_nested_branch_dag.py
[2024-10-06T16:25:55.730+0000] {processor.py:830} INFO - Processing file /home/airflow/.local/lib/python3.8/site-packages/airflow/example_dags/example_nested_branch_dag.py for tasks to queue
[2024-10-06T16:25:55.730+0000] {logging_mixin.py:188} INFO - [2024-10-06T16:25:55.730+0000] {dagbag.py:538} INFO - Filling up the DagBag from /home/airflow/.local/lib/python3.8/site-packages/airflow/example_dags/example_nested_branch_dag.py
[2024-10-06T16:25:55.736+0000] {processor.py:840} INFO - DAG(s) 'example_nested_branch_dag' retrieved from /home/airflow/.local/lib/python3.8/site-packages/airflow/example_dags/example_nested_branch_dag.py
[2024-10-06T16:25:55.750+0000] {logging_mixin.py:188} INFO - [2024-10-06T16:25:55.750+0000] {dag.py:3036} INFO - Sync 1 DAGs
[2024-10-06T16:25:55.762+0000] {logging_mixin.py:188} INFO - [2024-10-06T16:25:55.762+0000] {dag.py:3823} INFO - Setting next_dagrun for example_nested_branch_dag to 2024-10-05 00:00:00+00:00, run_after=2024-10-06 00:00:00+00:00
[2024-10-06T16:25:55.774+0000] {processor.py:183} INFO - Processing /home/airflow/.local/lib/python3.8/site-packages/airflow/example_dags/example_nested_branch_dag.py took 0.048 seconds
[2024-10-06T16:26:25.839+0000] {processor.py:161} INFO - Started process (PID=4738) to work on /home/airflow/.local/lib/python3.8/site-packages/airflow/example_dags/example_nested_branch_dag.py
[2024-10-06T16:26:25.840+0000] {processor.py:830} INFO - Processing file /home/airflow/.local/lib/python3.8/site-packages/airflow/example_dags/example_nested_branch_dag.py for tasks to queue
[2024-10-06T16:26:25.841+0000] {logging_mixin.py:188} INFO - [2024-10-06T16:26:25.840+0000] {dagbag.py:538} INFO - Filling up the DagBag from /home/airflow/.local/lib/python3.8/site-packages/airflow/example_dags/example_nested_branch_dag.py
[2024-10-06T16:26:25.848+0000] {processor.py:840} INFO - DAG(s) 'example_nested_branch_dag' retrieved from /home/airflow/.local/lib/python3.8/site-packages/airflow/example_dags/example_nested_branch_dag.py
[2024-10-06T16:26:25.864+0000] {logging_mixin.py:188} INFO - [2024-10-06T16:26:25.864+0000] {dag.py:3036} INFO - Sync 1 DAGs
[2024-10-06T16:26:25.878+0000] {logging_mixin.py:188} INFO - [2024-10-06T16:26:25.878+0000] {dag.py:3823} INFO - Setting next_dagrun for example_nested_branch_dag to 2024-10-05 00:00:00+00:00, run_after=2024-10-06 00:00:00+00:00
[2024-10-06T16:26:25.889+0000] {processor.py:183} INFO - Processing /home/airflow/.local/lib/python3.8/site-packages/airflow/example_dags/example_nested_branch_dag.py took 0.052 seconds
[2024-10-06T16:26:55.959+0000] {processor.py:161} INFO - Started process (PID=4985) to work on /home/airflow/.local/lib/python3.8/site-packages/airflow/example_dags/example_nested_branch_dag.py
[2024-10-06T16:26:55.960+0000] {processor.py:830} INFO - Processing file /home/airflow/.local/lib/python3.8/site-packages/airflow/example_dags/example_nested_branch_dag.py for tasks to queue
[2024-10-06T16:26:55.961+0000] {logging_mixin.py:188} INFO - [2024-10-06T16:26:55.960+0000] {dagbag.py:538} INFO - Filling up the DagBag from /home/airflow/.local/lib/python3.8/site-packages/airflow/example_dags/example_nested_branch_dag.py
[2024-10-06T16:26:55.967+0000] {processor.py:840} INFO - DAG(s) 'example_nested_branch_dag' retrieved from /home/airflow/.local/lib/python3.8/site-packages/airflow/example_dags/example_nested_branch_dag.py
[2024-10-06T16:26:55.981+0000] {logging_mixin.py:188} INFO - [2024-10-06T16:26:55.981+0000] {dag.py:3036} INFO - Sync 1 DAGs
[2024-10-06T16:26:55.997+0000] {logging_mixin.py:188} INFO - [2024-10-06T16:26:55.996+0000] {dag.py:3823} INFO - Setting next_dagrun for example_nested_branch_dag to 2024-10-05 00:00:00+00:00, run_after=2024-10-06 00:00:00+00:00
[2024-10-06T16:26:56.009+0000] {processor.py:183} INFO - Processing /home/airflow/.local/lib/python3.8/site-packages/airflow/example_dags/example_nested_branch_dag.py took 0.054 seconds
[2024-10-06T16:27:26.638+0000] {processor.py:161} INFO - Started process (PID=5228) to work on /home/airflow/.local/lib/python3.8/site-packages/airflow/example_dags/example_nested_branch_dag.py
[2024-10-06T16:27:26.645+0000] {processor.py:830} INFO - Processing file /home/airflow/.local/lib/python3.8/site-packages/airflow/example_dags/example_nested_branch_dag.py for tasks to queue
[2024-10-06T16:27:26.650+0000] {logging_mixin.py:188} INFO - [2024-10-06T16:27:26.649+0000] {dagbag.py:538} INFO - Filling up the DagBag from /home/airflow/.local/lib/python3.8/site-packages/airflow/example_dags/example_nested_branch_dag.py
[2024-10-06T16:27:26.679+0000] {processor.py:840} INFO - DAG(s) 'example_nested_branch_dag' retrieved from /home/airflow/.local/lib/python3.8/site-packages/airflow/example_dags/example_nested_branch_dag.py
[2024-10-06T16:27:26.724+0000] {logging_mixin.py:188} INFO - [2024-10-06T16:27:26.723+0000] {dag.py:3036} INFO - Sync 1 DAGs
[2024-10-06T16:27:26.758+0000] {logging_mixin.py:188} INFO - [2024-10-06T16:27:26.757+0000] {dag.py:3823} INFO - Setting next_dagrun for example_nested_branch_dag to 2024-10-05 00:00:00+00:00, run_after=2024-10-06 00:00:00+00:00
[2024-10-06T16:27:26.802+0000] {processor.py:183} INFO - Processing /home/airflow/.local/lib/python3.8/site-packages/airflow/example_dags/example_nested_branch_dag.py took 0.188 seconds
