[2024-10-06T16:17:13.918+0000] {processor.py:161} INFO - Started process (PID=312) to work on /home/airflow/.local/lib/python3.8/site-packages/airflow/example_dags/example_trigger_target_dag.py
[2024-10-06T16:17:13.919+0000] {processor.py:830} INFO - Processing file /home/airflow/.local/lib/python3.8/site-packages/airflow/example_dags/example_trigger_target_dag.py for tasks to queue
[2024-10-06T16:17:13.920+0000] {logging_mixin.py:188} INFO - [2024-10-06T16:17:13.920+0000] {dagbag.py:538} INFO - Filling up the DagBag from /home/airflow/.local/lib/python3.8/site-packages/airflow/example_dags/example_trigger_target_dag.py
[2024-10-06T16:17:13.925+0000] {processor.py:840} INFO - DAG(s) 'example_trigger_target_dag' retrieved from /home/airflow/.local/lib/python3.8/site-packages/airflow/example_dags/example_trigger_target_dag.py
[2024-10-06T16:17:13.938+0000] {logging_mixin.py:188} INFO - [2024-10-06T16:17:13.937+0000] {dag.py:3036} INFO - Sync 1 DAGs
[2024-10-06T16:17:13.948+0000] {logging_mixin.py:188} INFO - [2024-10-06T16:17:13.948+0000] {dag.py:3823} INFO - Setting next_dagrun for example_trigger_target_dag to None, run_after=None
[2024-10-06T16:17:13.972+0000] {processor.py:183} INFO - Processing /home/airflow/.local/lib/python3.8/site-packages/airflow/example_dags/example_trigger_target_dag.py took 0.057 seconds
[2024-10-06T16:17:44.659+0000] {processor.py:161} INFO - Started process (PID=557) to work on /home/airflow/.local/lib/python3.8/site-packages/airflow/example_dags/example_trigger_target_dag.py
[2024-10-06T16:17:44.660+0000] {processor.py:830} INFO - Processing file /home/airflow/.local/lib/python3.8/site-packages/airflow/example_dags/example_trigger_target_dag.py for tasks to queue
[2024-10-06T16:17:44.661+0000] {logging_mixin.py:188} INFO - [2024-10-06T16:17:44.661+0000] {dagbag.py:538} INFO - Filling up the DagBag from /home/airflow/.local/lib/python3.8/site-packages/airflow/example_dags/example_trigger_target_dag.py
[2024-10-06T16:17:44.665+0000] {processor.py:840} INFO - DAG(s) 'example_trigger_target_dag' retrieved from /home/airflow/.local/lib/python3.8/site-packages/airflow/example_dags/example_trigger_target_dag.py
[2024-10-06T16:17:44.721+0000] {logging_mixin.py:188} INFO - [2024-10-06T16:17:44.721+0000] {dag.py:3036} INFO - Sync 1 DAGs
[2024-10-06T16:17:44.728+0000] {logging_mixin.py:188} INFO - [2024-10-06T16:17:44.727+0000] {dag.py:3823} INFO - Setting next_dagrun for example_trigger_target_dag to None, run_after=None
[2024-10-06T16:17:44.740+0000] {processor.py:183} INFO - Processing /home/airflow/.local/lib/python3.8/site-packages/airflow/example_dags/example_trigger_target_dag.py took 0.083 seconds
[2024-10-06T16:18:14.858+0000] {processor.py:161} INFO - Started process (PID=806) to work on /home/airflow/.local/lib/python3.8/site-packages/airflow/example_dags/example_trigger_target_dag.py
[2024-10-06T16:18:14.859+0000] {processor.py:830} INFO - Processing file /home/airflow/.local/lib/python3.8/site-packages/airflow/example_dags/example_trigger_target_dag.py for tasks to queue
[2024-10-06T16:18:14.860+0000] {logging_mixin.py:188} INFO - [2024-10-06T16:18:14.860+0000] {dagbag.py:538} INFO - Filling up the DagBag from /home/airflow/.local/lib/python3.8/site-packages/airflow/example_dags/example_trigger_target_dag.py
[2024-10-06T16:18:14.864+0000] {processor.py:840} INFO - DAG(s) 'example_trigger_target_dag' retrieved from /home/airflow/.local/lib/python3.8/site-packages/airflow/example_dags/example_trigger_target_dag.py
[2024-10-06T16:18:14.876+0000] {logging_mixin.py:188} INFO - [2024-10-06T16:18:14.876+0000] {dag.py:3036} INFO - Sync 1 DAGs
[2024-10-06T16:18:14.882+0000] {logging_mixin.py:188} INFO - [2024-10-06T16:18:14.882+0000] {dag.py:3823} INFO - Setting next_dagrun for example_trigger_target_dag to None, run_after=None
[2024-10-06T16:18:14.892+0000] {processor.py:183} INFO - Processing /home/airflow/.local/lib/python3.8/site-packages/airflow/example_dags/example_trigger_target_dag.py took 0.036 seconds
[2024-10-06T16:18:45.588+0000] {processor.py:161} INFO - Started process (PID=1051) to work on /home/airflow/.local/lib/python3.8/site-packages/airflow/example_dags/example_trigger_target_dag.py
[2024-10-06T16:18:45.589+0000] {processor.py:830} INFO - Processing file /home/airflow/.local/lib/python3.8/site-packages/airflow/example_dags/example_trigger_target_dag.py for tasks to queue
[2024-10-06T16:18:45.590+0000] {logging_mixin.py:188} INFO - [2024-10-06T16:18:45.589+0000] {dagbag.py:538} INFO - Filling up the DagBag from /home/airflow/.local/lib/python3.8/site-packages/airflow/example_dags/example_trigger_target_dag.py
[2024-10-06T16:18:45.593+0000] {processor.py:840} INFO - DAG(s) 'example_trigger_target_dag' retrieved from /home/airflow/.local/lib/python3.8/site-packages/airflow/example_dags/example_trigger_target_dag.py
[2024-10-06T16:18:45.607+0000] {logging_mixin.py:188} INFO - [2024-10-06T16:18:45.607+0000] {dag.py:3036} INFO - Sync 1 DAGs
[2024-10-06T16:18:45.615+0000] {logging_mixin.py:188} INFO - [2024-10-06T16:18:45.615+0000] {dag.py:3823} INFO - Setting next_dagrun for example_trigger_target_dag to None, run_after=None
[2024-10-06T16:18:45.628+0000] {processor.py:183} INFO - Processing /home/airflow/.local/lib/python3.8/site-packages/airflow/example_dags/example_trigger_target_dag.py took 0.042 seconds
[2024-10-06T16:19:16.537+0000] {processor.py:161} INFO - Started process (PID=1298) to work on /home/airflow/.local/lib/python3.8/site-packages/airflow/example_dags/example_trigger_target_dag.py
[2024-10-06T16:19:16.538+0000] {processor.py:830} INFO - Processing file /home/airflow/.local/lib/python3.8/site-packages/airflow/example_dags/example_trigger_target_dag.py for tasks to queue
[2024-10-06T16:19:16.539+0000] {logging_mixin.py:188} INFO - [2024-10-06T16:19:16.539+0000] {dagbag.py:538} INFO - Filling up the DagBag from /home/airflow/.local/lib/python3.8/site-packages/airflow/example_dags/example_trigger_target_dag.py
[2024-10-06T16:19:16.543+0000] {processor.py:840} INFO - DAG(s) 'example_trigger_target_dag' retrieved from /home/airflow/.local/lib/python3.8/site-packages/airflow/example_dags/example_trigger_target_dag.py
[2024-10-06T16:19:16.556+0000] {logging_mixin.py:188} INFO - [2024-10-06T16:19:16.555+0000] {dag.py:3036} INFO - Sync 1 DAGs
[2024-10-06T16:19:16.563+0000] {logging_mixin.py:188} INFO - [2024-10-06T16:19:16.563+0000] {dag.py:3823} INFO - Setting next_dagrun for example_trigger_target_dag to None, run_after=None
[2024-10-06T16:19:16.574+0000] {processor.py:183} INFO - Processing /home/airflow/.local/lib/python3.8/site-packages/airflow/example_dags/example_trigger_target_dag.py took 0.039 seconds
[2024-10-06T16:19:47.387+0000] {processor.py:161} INFO - Started process (PID=1547) to work on /home/airflow/.local/lib/python3.8/site-packages/airflow/example_dags/example_trigger_target_dag.py
[2024-10-06T16:19:47.388+0000] {processor.py:830} INFO - Processing file /home/airflow/.local/lib/python3.8/site-packages/airflow/example_dags/example_trigger_target_dag.py for tasks to queue
[2024-10-06T16:19:47.388+0000] {logging_mixin.py:188} INFO - [2024-10-06T16:19:47.388+0000] {dagbag.py:538} INFO - Filling up the DagBag from /home/airflow/.local/lib/python3.8/site-packages/airflow/example_dags/example_trigger_target_dag.py
[2024-10-06T16:19:47.393+0000] {processor.py:840} INFO - DAG(s) 'example_trigger_target_dag' retrieved from /home/airflow/.local/lib/python3.8/site-packages/airflow/example_dags/example_trigger_target_dag.py
[2024-10-06T16:19:47.406+0000] {logging_mixin.py:188} INFO - [2024-10-06T16:19:47.406+0000] {dag.py:3036} INFO - Sync 1 DAGs
[2024-10-06T16:19:47.413+0000] {logging_mixin.py:188} INFO - [2024-10-06T16:19:47.413+0000] {dag.py:3823} INFO - Setting next_dagrun for example_trigger_target_dag to None, run_after=None
[2024-10-06T16:19:47.423+0000] {processor.py:183} INFO - Processing /home/airflow/.local/lib/python3.8/site-packages/airflow/example_dags/example_trigger_target_dag.py took 0.039 seconds
[2024-10-06T16:20:18.235+0000] {processor.py:161} INFO - Started process (PID=1792) to work on /home/airflow/.local/lib/python3.8/site-packages/airflow/example_dags/example_trigger_target_dag.py
[2024-10-06T16:20:18.236+0000] {processor.py:830} INFO - Processing file /home/airflow/.local/lib/python3.8/site-packages/airflow/example_dags/example_trigger_target_dag.py for tasks to queue
[2024-10-06T16:20:18.237+0000] {logging_mixin.py:188} INFO - [2024-10-06T16:20:18.237+0000] {dagbag.py:538} INFO - Filling up the DagBag from /home/airflow/.local/lib/python3.8/site-packages/airflow/example_dags/example_trigger_target_dag.py
[2024-10-06T16:20:18.241+0000] {processor.py:840} INFO - DAG(s) 'example_trigger_target_dag' retrieved from /home/airflow/.local/lib/python3.8/site-packages/airflow/example_dags/example_trigger_target_dag.py
[2024-10-06T16:20:18.255+0000] {logging_mixin.py:188} INFO - [2024-10-06T16:20:18.254+0000] {dag.py:3036} INFO - Sync 1 DAGs
[2024-10-06T16:20:18.262+0000] {logging_mixin.py:188} INFO - [2024-10-06T16:20:18.262+0000] {dag.py:3823} INFO - Setting next_dagrun for example_trigger_target_dag to None, run_after=None
[2024-10-06T16:20:18.274+0000] {processor.py:183} INFO - Processing /home/airflow/.local/lib/python3.8/site-packages/airflow/example_dags/example_trigger_target_dag.py took 0.041 seconds
[2024-10-06T16:20:49.201+0000] {processor.py:161} INFO - Started process (PID=2041) to work on /home/airflow/.local/lib/python3.8/site-packages/airflow/example_dags/example_trigger_target_dag.py
[2024-10-06T16:20:49.202+0000] {processor.py:830} INFO - Processing file /home/airflow/.local/lib/python3.8/site-packages/airflow/example_dags/example_trigger_target_dag.py for tasks to queue
[2024-10-06T16:20:49.203+0000] {logging_mixin.py:188} INFO - [2024-10-06T16:20:49.203+0000] {dagbag.py:538} INFO - Filling up the DagBag from /home/airflow/.local/lib/python3.8/site-packages/airflow/example_dags/example_trigger_target_dag.py
[2024-10-06T16:20:49.207+0000] {processor.py:840} INFO - DAG(s) 'example_trigger_target_dag' retrieved from /home/airflow/.local/lib/python3.8/site-packages/airflow/example_dags/example_trigger_target_dag.py
[2024-10-06T16:20:49.221+0000] {logging_mixin.py:188} INFO - [2024-10-06T16:20:49.221+0000] {dag.py:3036} INFO - Sync 1 DAGs
[2024-10-06T16:20:49.228+0000] {logging_mixin.py:188} INFO - [2024-10-06T16:20:49.228+0000] {dag.py:3823} INFO - Setting next_dagrun for example_trigger_target_dag to None, run_after=None
[2024-10-06T16:20:49.239+0000] {processor.py:183} INFO - Processing /home/airflow/.local/lib/python3.8/site-packages/airflow/example_dags/example_trigger_target_dag.py took 0.040 seconds
[2024-10-06T16:21:19.988+0000] {processor.py:161} INFO - Started process (PID=2288) to work on /home/airflow/.local/lib/python3.8/site-packages/airflow/example_dags/example_trigger_target_dag.py
[2024-10-06T16:21:19.989+0000] {processor.py:830} INFO - Processing file /home/airflow/.local/lib/python3.8/site-packages/airflow/example_dags/example_trigger_target_dag.py for tasks to queue
[2024-10-06T16:21:19.990+0000] {logging_mixin.py:188} INFO - [2024-10-06T16:21:19.990+0000] {dagbag.py:538} INFO - Filling up the DagBag from /home/airflow/.local/lib/python3.8/site-packages/airflow/example_dags/example_trigger_target_dag.py
[2024-10-06T16:21:19.994+0000] {processor.py:840} INFO - DAG(s) 'example_trigger_target_dag' retrieved from /home/airflow/.local/lib/python3.8/site-packages/airflow/example_dags/example_trigger_target_dag.py
[2024-10-06T16:21:20.007+0000] {logging_mixin.py:188} INFO - [2024-10-06T16:21:20.007+0000] {dag.py:3036} INFO - Sync 1 DAGs
[2024-10-06T16:21:20.014+0000] {logging_mixin.py:188} INFO - [2024-10-06T16:21:20.014+0000] {dag.py:3823} INFO - Setting next_dagrun for example_trigger_target_dag to None, run_after=None
[2024-10-06T16:21:20.025+0000] {processor.py:183} INFO - Processing /home/airflow/.local/lib/python3.8/site-packages/airflow/example_dags/example_trigger_target_dag.py took 0.040 seconds
[2024-10-06T16:21:51.261+0000] {processor.py:161} INFO - Started process (PID=2533) to work on /home/airflow/.local/lib/python3.8/site-packages/airflow/example_dags/example_trigger_target_dag.py
[2024-10-06T16:21:51.262+0000] {processor.py:830} INFO - Processing file /home/airflow/.local/lib/python3.8/site-packages/airflow/example_dags/example_trigger_target_dag.py for tasks to queue
[2024-10-06T16:21:51.264+0000] {logging_mixin.py:188} INFO - [2024-10-06T16:21:51.264+0000] {dagbag.py:538} INFO - Filling up the DagBag from /home/airflow/.local/lib/python3.8/site-packages/airflow/example_dags/example_trigger_target_dag.py
[2024-10-06T16:21:51.269+0000] {processor.py:840} INFO - DAG(s) 'example_trigger_target_dag' retrieved from /home/airflow/.local/lib/python3.8/site-packages/airflow/example_dags/example_trigger_target_dag.py
[2024-10-06T16:21:51.291+0000] {logging_mixin.py:188} INFO - [2024-10-06T16:21:51.291+0000] {dag.py:3036} INFO - Sync 1 DAGs
[2024-10-06T16:21:51.299+0000] {logging_mixin.py:188} INFO - [2024-10-06T16:21:51.299+0000] {dag.py:3823} INFO - Setting next_dagrun for example_trigger_target_dag to None, run_after=None
[2024-10-06T16:21:51.340+0000] {processor.py:183} INFO - Processing /home/airflow/.local/lib/python3.8/site-packages/airflow/example_dags/example_trigger_target_dag.py took 0.082 seconds
[2024-10-06T16:22:21.550+0000] {processor.py:161} INFO - Started process (PID=2780) to work on /home/airflow/.local/lib/python3.8/site-packages/airflow/example_dags/example_trigger_target_dag.py
[2024-10-06T16:22:21.551+0000] {processor.py:830} INFO - Processing file /home/airflow/.local/lib/python3.8/site-packages/airflow/example_dags/example_trigger_target_dag.py for tasks to queue
[2024-10-06T16:22:21.552+0000] {logging_mixin.py:188} INFO - [2024-10-06T16:22:21.551+0000] {dagbag.py:538} INFO - Filling up the DagBag from /home/airflow/.local/lib/python3.8/site-packages/airflow/example_dags/example_trigger_target_dag.py
[2024-10-06T16:22:21.556+0000] {processor.py:840} INFO - DAG(s) 'example_trigger_target_dag' retrieved from /home/airflow/.local/lib/python3.8/site-packages/airflow/example_dags/example_trigger_target_dag.py
[2024-10-06T16:22:21.568+0000] {logging_mixin.py:188} INFO - [2024-10-06T16:22:21.568+0000] {dag.py:3036} INFO - Sync 1 DAGs
[2024-10-06T16:22:21.575+0000] {logging_mixin.py:188} INFO - [2024-10-06T16:22:21.575+0000] {dag.py:3823} INFO - Setting next_dagrun for example_trigger_target_dag to None, run_after=None
[2024-10-06T16:22:21.588+0000] {processor.py:183} INFO - Processing /home/airflow/.local/lib/python3.8/site-packages/airflow/example_dags/example_trigger_target_dag.py took 0.040 seconds
[2024-10-06T16:22:51.939+0000] {processor.py:161} INFO - Started process (PID=3027) to work on /home/airflow/.local/lib/python3.8/site-packages/airflow/example_dags/example_trigger_target_dag.py
[2024-10-06T16:22:51.941+0000] {processor.py:830} INFO - Processing file /home/airflow/.local/lib/python3.8/site-packages/airflow/example_dags/example_trigger_target_dag.py for tasks to queue
[2024-10-06T16:22:51.941+0000] {logging_mixin.py:188} INFO - [2024-10-06T16:22:51.941+0000] {dagbag.py:538} INFO - Filling up the DagBag from /home/airflow/.local/lib/python3.8/site-packages/airflow/example_dags/example_trigger_target_dag.py
[2024-10-06T16:22:51.946+0000] {processor.py:840} INFO - DAG(s) 'example_trigger_target_dag' retrieved from /home/airflow/.local/lib/python3.8/site-packages/airflow/example_dags/example_trigger_target_dag.py
[2024-10-06T16:22:51.960+0000] {logging_mixin.py:188} INFO - [2024-10-06T16:22:51.960+0000] {dag.py:3036} INFO - Sync 1 DAGs
[2024-10-06T16:22:51.968+0000] {logging_mixin.py:188} INFO - [2024-10-06T16:22:51.968+0000] {dag.py:3823} INFO - Setting next_dagrun for example_trigger_target_dag to None, run_after=None
[2024-10-06T16:22:51.979+0000] {processor.py:183} INFO - Processing /home/airflow/.local/lib/python3.8/site-packages/airflow/example_dags/example_trigger_target_dag.py took 0.042 seconds
[2024-10-06T16:23:22.840+0000] {processor.py:161} INFO - Started process (PID=3274) to work on /home/airflow/.local/lib/python3.8/site-packages/airflow/example_dags/example_trigger_target_dag.py
[2024-10-06T16:23:22.840+0000] {processor.py:830} INFO - Processing file /home/airflow/.local/lib/python3.8/site-packages/airflow/example_dags/example_trigger_target_dag.py for tasks to queue
[2024-10-06T16:23:22.841+0000] {logging_mixin.py:188} INFO - [2024-10-06T16:23:22.841+0000] {dagbag.py:538} INFO - Filling up the DagBag from /home/airflow/.local/lib/python3.8/site-packages/airflow/example_dags/example_trigger_target_dag.py
[2024-10-06T16:23:22.845+0000] {processor.py:840} INFO - DAG(s) 'example_trigger_target_dag' retrieved from /home/airflow/.local/lib/python3.8/site-packages/airflow/example_dags/example_trigger_target_dag.py
[2024-10-06T16:23:22.862+0000] {logging_mixin.py:188} INFO - [2024-10-06T16:23:22.862+0000] {dag.py:3036} INFO - Sync 1 DAGs
[2024-10-06T16:23:22.869+0000] {logging_mixin.py:188} INFO - [2024-10-06T16:23:22.869+0000] {dag.py:3823} INFO - Setting next_dagrun for example_trigger_target_dag to None, run_after=None
[2024-10-06T16:23:22.881+0000] {processor.py:183} INFO - Processing /home/airflow/.local/lib/python3.8/site-packages/airflow/example_dags/example_trigger_target_dag.py took 0.044 seconds
[2024-10-06T16:23:53.622+0000] {processor.py:161} INFO - Started process (PID=3521) to work on /home/airflow/.local/lib/python3.8/site-packages/airflow/example_dags/example_trigger_target_dag.py
[2024-10-06T16:23:53.623+0000] {processor.py:830} INFO - Processing file /home/airflow/.local/lib/python3.8/site-packages/airflow/example_dags/example_trigger_target_dag.py for tasks to queue
[2024-10-06T16:23:53.624+0000] {logging_mixin.py:188} INFO - [2024-10-06T16:23:53.624+0000] {dagbag.py:538} INFO - Filling up the DagBag from /home/airflow/.local/lib/python3.8/site-packages/airflow/example_dags/example_trigger_target_dag.py
[2024-10-06T16:23:53.628+0000] {processor.py:840} INFO - DAG(s) 'example_trigger_target_dag' retrieved from /home/airflow/.local/lib/python3.8/site-packages/airflow/example_dags/example_trigger_target_dag.py
[2024-10-06T16:23:53.641+0000] {logging_mixin.py:188} INFO - [2024-10-06T16:23:53.641+0000] {dag.py:3036} INFO - Sync 1 DAGs
[2024-10-06T16:23:53.649+0000] {logging_mixin.py:188} INFO - [2024-10-06T16:23:53.649+0000] {dag.py:3823} INFO - Setting next_dagrun for example_trigger_target_dag to None, run_after=None
[2024-10-06T16:23:53.661+0000] {processor.py:183} INFO - Processing /home/airflow/.local/lib/python3.8/site-packages/airflow/example_dags/example_trigger_target_dag.py took 0.041 seconds
[2024-10-06T16:24:24.357+0000] {processor.py:161} INFO - Started process (PID=3768) to work on /home/airflow/.local/lib/python3.8/site-packages/airflow/example_dags/example_trigger_target_dag.py
[2024-10-06T16:24:24.362+0000] {processor.py:830} INFO - Processing file /home/airflow/.local/lib/python3.8/site-packages/airflow/example_dags/example_trigger_target_dag.py for tasks to queue
[2024-10-06T16:24:24.363+0000] {logging_mixin.py:188} INFO - [2024-10-06T16:24:24.363+0000] {dagbag.py:538} INFO - Filling up the DagBag from /home/airflow/.local/lib/python3.8/site-packages/airflow/example_dags/example_trigger_target_dag.py
[2024-10-06T16:24:24.370+0000] {processor.py:840} INFO - DAG(s) 'example_trigger_target_dag' retrieved from /home/airflow/.local/lib/python3.8/site-packages/airflow/example_dags/example_trigger_target_dag.py
[2024-10-06T16:24:24.389+0000] {logging_mixin.py:188} INFO - [2024-10-06T16:24:24.389+0000] {dag.py:3036} INFO - Sync 1 DAGs
[2024-10-06T16:24:24.402+0000] {logging_mixin.py:188} INFO - [2024-10-06T16:24:24.402+0000] {dag.py:3823} INFO - Setting next_dagrun for example_trigger_target_dag to None, run_after=None
[2024-10-06T16:24:24.421+0000] {processor.py:183} INFO - Processing /home/airflow/.local/lib/python3.8/site-packages/airflow/example_dags/example_trigger_target_dag.py took 0.067 seconds
[2024-10-06T16:24:55.482+0000] {processor.py:161} INFO - Started process (PID=4015) to work on /home/airflow/.local/lib/python3.8/site-packages/airflow/example_dags/example_trigger_target_dag.py
[2024-10-06T16:24:55.482+0000] {processor.py:830} INFO - Processing file /home/airflow/.local/lib/python3.8/site-packages/airflow/example_dags/example_trigger_target_dag.py for tasks to queue
[2024-10-06T16:24:55.483+0000] {logging_mixin.py:188} INFO - [2024-10-06T16:24:55.483+0000] {dagbag.py:538} INFO - Filling up the DagBag from /home/airflow/.local/lib/python3.8/site-packages/airflow/example_dags/example_trigger_target_dag.py
[2024-10-06T16:24:55.489+0000] {processor.py:840} INFO - DAG(s) 'example_trigger_target_dag' retrieved from /home/airflow/.local/lib/python3.8/site-packages/airflow/example_dags/example_trigger_target_dag.py
[2024-10-06T16:24:55.503+0000] {logging_mixin.py:188} INFO - [2024-10-06T16:24:55.503+0000] {dag.py:3036} INFO - Sync 1 DAGs
[2024-10-06T16:24:55.511+0000] {logging_mixin.py:188} INFO - [2024-10-06T16:24:55.510+0000] {dag.py:3823} INFO - Setting next_dagrun for example_trigger_target_dag to None, run_after=None
[2024-10-06T16:24:55.521+0000] {processor.py:183} INFO - Processing /home/airflow/.local/lib/python3.8/site-packages/airflow/example_dags/example_trigger_target_dag.py took 0.043 seconds
[2024-10-06T16:25:25.624+0000] {processor.py:161} INFO - Started process (PID=4262) to work on /home/airflow/.local/lib/python3.8/site-packages/airflow/example_dags/example_trigger_target_dag.py
[2024-10-06T16:25:25.625+0000] {processor.py:830} INFO - Processing file /home/airflow/.local/lib/python3.8/site-packages/airflow/example_dags/example_trigger_target_dag.py for tasks to queue
[2024-10-06T16:25:25.625+0000] {logging_mixin.py:188} INFO - [2024-10-06T16:25:25.625+0000] {dagbag.py:538} INFO - Filling up the DagBag from /home/airflow/.local/lib/python3.8/site-packages/airflow/example_dags/example_trigger_target_dag.py
[2024-10-06T16:25:25.629+0000] {processor.py:840} INFO - DAG(s) 'example_trigger_target_dag' retrieved from /home/airflow/.local/lib/python3.8/site-packages/airflow/example_dags/example_trigger_target_dag.py
[2024-10-06T16:25:25.642+0000] {logging_mixin.py:188} INFO - [2024-10-06T16:25:25.642+0000] {dag.py:3036} INFO - Sync 1 DAGs
[2024-10-06T16:25:25.649+0000] {logging_mixin.py:188} INFO - [2024-10-06T16:25:25.649+0000] {dag.py:3823} INFO - Setting next_dagrun for example_trigger_target_dag to None, run_after=None
[2024-10-06T16:25:25.660+0000] {processor.py:183} INFO - Processing /home/airflow/.local/lib/python3.8/site-packages/airflow/example_dags/example_trigger_target_dag.py took 0.039 seconds
[2024-10-06T16:25:55.949+0000] {processor.py:161} INFO - Started process (PID=4509) to work on /home/airflow/.local/lib/python3.8/site-packages/airflow/example_dags/example_trigger_target_dag.py
[2024-10-06T16:25:55.949+0000] {processor.py:830} INFO - Processing file /home/airflow/.local/lib/python3.8/site-packages/airflow/example_dags/example_trigger_target_dag.py for tasks to queue
[2024-10-06T16:25:55.950+0000] {logging_mixin.py:188} INFO - [2024-10-06T16:25:55.950+0000] {dagbag.py:538} INFO - Filling up the DagBag from /home/airflow/.local/lib/python3.8/site-packages/airflow/example_dags/example_trigger_target_dag.py
[2024-10-06T16:25:55.954+0000] {processor.py:840} INFO - DAG(s) 'example_trigger_target_dag' retrieved from /home/airflow/.local/lib/python3.8/site-packages/airflow/example_dags/example_trigger_target_dag.py
[2024-10-06T16:25:55.965+0000] {logging_mixin.py:188} INFO - [2024-10-06T16:25:55.965+0000] {dag.py:3036} INFO - Sync 1 DAGs
[2024-10-06T16:25:55.972+0000] {logging_mixin.py:188} INFO - [2024-10-06T16:25:55.972+0000] {dag.py:3823} INFO - Setting next_dagrun for example_trigger_target_dag to None, run_after=None
[2024-10-06T16:25:55.982+0000] {processor.py:183} INFO - Processing /home/airflow/.local/lib/python3.8/site-packages/airflow/example_dags/example_trigger_target_dag.py took 0.035 seconds
[2024-10-06T16:26:26.106+0000] {processor.py:161} INFO - Started process (PID=4756) to work on /home/airflow/.local/lib/python3.8/site-packages/airflow/example_dags/example_trigger_target_dag.py
[2024-10-06T16:26:26.107+0000] {processor.py:830} INFO - Processing file /home/airflow/.local/lib/python3.8/site-packages/airflow/example_dags/example_trigger_target_dag.py for tasks to queue
[2024-10-06T16:26:26.108+0000] {logging_mixin.py:188} INFO - [2024-10-06T16:26:26.108+0000] {dagbag.py:538} INFO - Filling up the DagBag from /home/airflow/.local/lib/python3.8/site-packages/airflow/example_dags/example_trigger_target_dag.py
[2024-10-06T16:26:26.111+0000] {processor.py:840} INFO - DAG(s) 'example_trigger_target_dag' retrieved from /home/airflow/.local/lib/python3.8/site-packages/airflow/example_dags/example_trigger_target_dag.py
[2024-10-06T16:26:26.123+0000] {logging_mixin.py:188} INFO - [2024-10-06T16:26:26.123+0000] {dag.py:3036} INFO - Sync 1 DAGs
[2024-10-06T16:26:26.130+0000] {logging_mixin.py:188} INFO - [2024-10-06T16:26:26.130+0000] {dag.py:3823} INFO - Setting next_dagrun for example_trigger_target_dag to None, run_after=None
[2024-10-06T16:26:26.139+0000] {processor.py:183} INFO - Processing /home/airflow/.local/lib/python3.8/site-packages/airflow/example_dags/example_trigger_target_dag.py took 0.035 seconds
[2024-10-06T16:26:57.104+0000] {processor.py:161} INFO - Started process (PID=5003) to work on /home/airflow/.local/lib/python3.8/site-packages/airflow/example_dags/example_trigger_target_dag.py
[2024-10-06T16:26:57.104+0000] {processor.py:830} INFO - Processing file /home/airflow/.local/lib/python3.8/site-packages/airflow/example_dags/example_trigger_target_dag.py for tasks to queue
[2024-10-06T16:26:57.105+0000] {logging_mixin.py:188} INFO - [2024-10-06T16:26:57.105+0000] {dagbag.py:538} INFO - Filling up the DagBag from /home/airflow/.local/lib/python3.8/site-packages/airflow/example_dags/example_trigger_target_dag.py
[2024-10-06T16:26:57.109+0000] {processor.py:840} INFO - DAG(s) 'example_trigger_target_dag' retrieved from /home/airflow/.local/lib/python3.8/site-packages/airflow/example_dags/example_trigger_target_dag.py
[2024-10-06T16:26:57.123+0000] {logging_mixin.py:188} INFO - [2024-10-06T16:26:57.123+0000] {dag.py:3036} INFO - Sync 1 DAGs
[2024-10-06T16:26:57.131+0000] {logging_mixin.py:188} INFO - [2024-10-06T16:26:57.131+0000] {dag.py:3823} INFO - Setting next_dagrun for example_trigger_target_dag to None, run_after=None
[2024-10-06T16:26:57.142+0000] {processor.py:183} INFO - Processing /home/airflow/.local/lib/python3.8/site-packages/airflow/example_dags/example_trigger_target_dag.py took 0.041 seconds
