[2024-10-06T16:17:12.716+0000] {processor.py:161} INFO - Started process (PID=225) to work on /home/airflow/.local/lib/python3.8/site-packages/airflow/example_dags/tutorial_objectstorage.py
[2024-10-06T16:17:12.719+0000] {processor.py:830} INFO - Processing file /home/airflow/.local/lib/python3.8/site-packages/airflow/example_dags/tutorial_objectstorage.py for tasks to queue
[2024-10-06T16:17:12.722+0000] {logging_mixin.py:188} INFO - [2024-10-06T16:17:12.721+0000] {dagbag.py:538} INFO - Filling up the DagBag from /home/airflow/.local/lib/python3.8/site-packages/airflow/example_dags/tutorial_objectstorage.py
[2024-10-06T16:17:12.732+0000] {processor.py:840} INFO - DAG(s) 'tutorial_objectstorage' retrieved from /home/airflow/.local/lib/python3.8/site-packages/airflow/example_dags/tutorial_objectstorage.py
[2024-10-06T16:17:12.741+0000] {logging_mixin.py:188} INFO - [2024-10-06T16:17:12.741+0000] {dag.py:3036} INFO - Sync 1 DAGs
[2024-10-06T16:17:12.751+0000] {logging_mixin.py:188} INFO - [2024-10-06T16:17:12.751+0000] {dag.py:3823} INFO - Setting next_dagrun for tutorial_objectstorage to None, run_after=None
[2024-10-06T16:17:12.771+0000] {processor.py:183} INFO - Processing /home/airflow/.local/lib/python3.8/site-packages/airflow/example_dags/tutorial_objectstorage.py took 0.060 seconds
[2024-10-06T16:17:43.500+0000] {processor.py:161} INFO - Started process (PID=474) to work on /home/airflow/.local/lib/python3.8/site-packages/airflow/example_dags/tutorial_objectstorage.py
[2024-10-06T16:17:43.502+0000] {processor.py:830} INFO - Processing file /home/airflow/.local/lib/python3.8/site-packages/airflow/example_dags/tutorial_objectstorage.py for tasks to queue
[2024-10-06T16:17:43.503+0000] {logging_mixin.py:188} INFO - [2024-10-06T16:17:43.502+0000] {dagbag.py:538} INFO - Filling up the DagBag from /home/airflow/.local/lib/python3.8/site-packages/airflow/example_dags/tutorial_objectstorage.py
[2024-10-06T16:17:43.509+0000] {processor.py:840} INFO - DAG(s) 'tutorial_objectstorage' retrieved from /home/airflow/.local/lib/python3.8/site-packages/airflow/example_dags/tutorial_objectstorage.py
[2024-10-06T16:17:43.575+0000] {logging_mixin.py:188} INFO - [2024-10-06T16:17:43.574+0000] {dag.py:3036} INFO - Sync 1 DAGs
[2024-10-06T16:17:43.581+0000] {logging_mixin.py:188} INFO - [2024-10-06T16:17:43.581+0000] {dag.py:3823} INFO - Setting next_dagrun for tutorial_objectstorage to None, run_after=None
[2024-10-06T16:17:43.594+0000] {processor.py:183} INFO - Processing /home/airflow/.local/lib/python3.8/site-packages/airflow/example_dags/tutorial_objectstorage.py took 0.097 seconds
[2024-10-06T16:18:14.249+0000] {processor.py:161} INFO - Started process (PID=719) to work on /home/airflow/.local/lib/python3.8/site-packages/airflow/example_dags/tutorial_objectstorage.py
[2024-10-06T16:18:14.250+0000] {processor.py:830} INFO - Processing file /home/airflow/.local/lib/python3.8/site-packages/airflow/example_dags/tutorial_objectstorage.py for tasks to queue
[2024-10-06T16:18:14.251+0000] {logging_mixin.py:188} INFO - [2024-10-06T16:18:14.251+0000] {dagbag.py:538} INFO - Filling up the DagBag from /home/airflow/.local/lib/python3.8/site-packages/airflow/example_dags/tutorial_objectstorage.py
[2024-10-06T16:18:14.256+0000] {processor.py:840} INFO - DAG(s) 'tutorial_objectstorage' retrieved from /home/airflow/.local/lib/python3.8/site-packages/airflow/example_dags/tutorial_objectstorage.py
[2024-10-06T16:18:14.269+0000] {logging_mixin.py:188} INFO - [2024-10-06T16:18:14.269+0000] {dag.py:3036} INFO - Sync 1 DAGs
[2024-10-06T16:18:14.277+0000] {logging_mixin.py:188} INFO - [2024-10-06T16:18:14.277+0000] {dag.py:3823} INFO - Setting next_dagrun for tutorial_objectstorage to None, run_after=None
[2024-10-06T16:18:14.289+0000] {processor.py:183} INFO - Processing /home/airflow/.local/lib/python3.8/site-packages/airflow/example_dags/tutorial_objectstorage.py took 0.042 seconds
[2024-10-06T16:18:44.870+0000] {processor.py:161} INFO - Started process (PID=966) to work on /home/airflow/.local/lib/python3.8/site-packages/airflow/example_dags/tutorial_objectstorage.py
[2024-10-06T16:18:44.871+0000] {processor.py:830} INFO - Processing file /home/airflow/.local/lib/python3.8/site-packages/airflow/example_dags/tutorial_objectstorage.py for tasks to queue
[2024-10-06T16:18:44.872+0000] {logging_mixin.py:188} INFO - [2024-10-06T16:18:44.872+0000] {dagbag.py:538} INFO - Filling up the DagBag from /home/airflow/.local/lib/python3.8/site-packages/airflow/example_dags/tutorial_objectstorage.py
[2024-10-06T16:18:44.877+0000] {processor.py:840} INFO - DAG(s) 'tutorial_objectstorage' retrieved from /home/airflow/.local/lib/python3.8/site-packages/airflow/example_dags/tutorial_objectstorage.py
[2024-10-06T16:18:44.889+0000] {logging_mixin.py:188} INFO - [2024-10-06T16:18:44.888+0000] {dag.py:3036} INFO - Sync 1 DAGs
[2024-10-06T16:18:44.896+0000] {logging_mixin.py:188} INFO - [2024-10-06T16:18:44.895+0000] {dag.py:3823} INFO - Setting next_dagrun for tutorial_objectstorage to None, run_after=None
[2024-10-06T16:18:44.906+0000] {processor.py:183} INFO - Processing /home/airflow/.local/lib/python3.8/site-packages/airflow/example_dags/tutorial_objectstorage.py took 0.038 seconds
[2024-10-06T16:19:15.836+0000] {processor.py:161} INFO - Started process (PID=1213) to work on /home/airflow/.local/lib/python3.8/site-packages/airflow/example_dags/tutorial_objectstorage.py
[2024-10-06T16:19:15.837+0000] {processor.py:830} INFO - Processing file /home/airflow/.local/lib/python3.8/site-packages/airflow/example_dags/tutorial_objectstorage.py for tasks to queue
[2024-10-06T16:19:15.837+0000] {logging_mixin.py:188} INFO - [2024-10-06T16:19:15.837+0000] {dagbag.py:538} INFO - Filling up the DagBag from /home/airflow/.local/lib/python3.8/site-packages/airflow/example_dags/tutorial_objectstorage.py
[2024-10-06T16:19:15.843+0000] {processor.py:840} INFO - DAG(s) 'tutorial_objectstorage' retrieved from /home/airflow/.local/lib/python3.8/site-packages/airflow/example_dags/tutorial_objectstorage.py
[2024-10-06T16:19:15.856+0000] {logging_mixin.py:188} INFO - [2024-10-06T16:19:15.856+0000] {dag.py:3036} INFO - Sync 1 DAGs
[2024-10-06T16:19:15.864+0000] {logging_mixin.py:188} INFO - [2024-10-06T16:19:15.863+0000] {dag.py:3823} INFO - Setting next_dagrun for tutorial_objectstorage to None, run_after=None
[2024-10-06T16:19:15.878+0000] {processor.py:183} INFO - Processing /home/airflow/.local/lib/python3.8/site-packages/airflow/example_dags/tutorial_objectstorage.py took 0.045 seconds
[2024-10-06T16:19:46.671+0000] {processor.py:161} INFO - Started process (PID=1460) to work on /home/airflow/.local/lib/python3.8/site-packages/airflow/example_dags/tutorial_objectstorage.py
[2024-10-06T16:19:46.672+0000] {processor.py:830} INFO - Processing file /home/airflow/.local/lib/python3.8/site-packages/airflow/example_dags/tutorial_objectstorage.py for tasks to queue
[2024-10-06T16:19:46.673+0000] {logging_mixin.py:188} INFO - [2024-10-06T16:19:46.673+0000] {dagbag.py:538} INFO - Filling up the DagBag from /home/airflow/.local/lib/python3.8/site-packages/airflow/example_dags/tutorial_objectstorage.py
[2024-10-06T16:19:46.679+0000] {processor.py:840} INFO - DAG(s) 'tutorial_objectstorage' retrieved from /home/airflow/.local/lib/python3.8/site-packages/airflow/example_dags/tutorial_objectstorage.py
[2024-10-06T16:19:46.697+0000] {logging_mixin.py:188} INFO - [2024-10-06T16:19:46.697+0000] {dag.py:3036} INFO - Sync 1 DAGs
[2024-10-06T16:19:46.705+0000] {logging_mixin.py:188} INFO - [2024-10-06T16:19:46.704+0000] {dag.py:3823} INFO - Setting next_dagrun for tutorial_objectstorage to None, run_after=None
[2024-10-06T16:19:46.718+0000] {processor.py:183} INFO - Processing /home/airflow/.local/lib/python3.8/site-packages/airflow/example_dags/tutorial_objectstorage.py took 0.050 seconds
[2024-10-06T16:20:17.607+0000] {processor.py:161} INFO - Started process (PID=1707) to work on /home/airflow/.local/lib/python3.8/site-packages/airflow/example_dags/tutorial_objectstorage.py
[2024-10-06T16:20:17.607+0000] {processor.py:830} INFO - Processing file /home/airflow/.local/lib/python3.8/site-packages/airflow/example_dags/tutorial_objectstorage.py for tasks to queue
[2024-10-06T16:20:17.608+0000] {logging_mixin.py:188} INFO - [2024-10-06T16:20:17.608+0000] {dagbag.py:538} INFO - Filling up the DagBag from /home/airflow/.local/lib/python3.8/site-packages/airflow/example_dags/tutorial_objectstorage.py
[2024-10-06T16:20:17.613+0000] {processor.py:840} INFO - DAG(s) 'tutorial_objectstorage' retrieved from /home/airflow/.local/lib/python3.8/site-packages/airflow/example_dags/tutorial_objectstorage.py
[2024-10-06T16:20:17.625+0000] {logging_mixin.py:188} INFO - [2024-10-06T16:20:17.625+0000] {dag.py:3036} INFO - Sync 1 DAGs
[2024-10-06T16:20:17.632+0000] {logging_mixin.py:188} INFO - [2024-10-06T16:20:17.632+0000] {dag.py:3823} INFO - Setting next_dagrun for tutorial_objectstorage to None, run_after=None
[2024-10-06T16:20:17.642+0000] {processor.py:183} INFO - Processing /home/airflow/.local/lib/python3.8/site-packages/airflow/example_dags/tutorial_objectstorage.py took 0.038 seconds
[2024-10-06T16:20:48.560+0000] {processor.py:161} INFO - Started process (PID=1954) to work on /home/airflow/.local/lib/python3.8/site-packages/airflow/example_dags/tutorial_objectstorage.py
[2024-10-06T16:20:48.561+0000] {processor.py:830} INFO - Processing file /home/airflow/.local/lib/python3.8/site-packages/airflow/example_dags/tutorial_objectstorage.py for tasks to queue
[2024-10-06T16:20:48.562+0000] {logging_mixin.py:188} INFO - [2024-10-06T16:20:48.562+0000] {dagbag.py:538} INFO - Filling up the DagBag from /home/airflow/.local/lib/python3.8/site-packages/airflow/example_dags/tutorial_objectstorage.py
[2024-10-06T16:20:48.568+0000] {processor.py:840} INFO - DAG(s) 'tutorial_objectstorage' retrieved from /home/airflow/.local/lib/python3.8/site-packages/airflow/example_dags/tutorial_objectstorage.py
[2024-10-06T16:20:48.583+0000] {logging_mixin.py:188} INFO - [2024-10-06T16:20:48.583+0000] {dag.py:3036} INFO - Sync 1 DAGs
[2024-10-06T16:20:48.590+0000] {logging_mixin.py:188} INFO - [2024-10-06T16:20:48.590+0000] {dag.py:3823} INFO - Setting next_dagrun for tutorial_objectstorage to None, run_after=None
[2024-10-06T16:20:48.602+0000] {processor.py:183} INFO - Processing /home/airflow/.local/lib/python3.8/site-packages/airflow/example_dags/tutorial_objectstorage.py took 0.045 seconds
[2024-10-06T16:21:19.290+0000] {processor.py:161} INFO - Started process (PID=2201) to work on /home/airflow/.local/lib/python3.8/site-packages/airflow/example_dags/tutorial_objectstorage.py
[2024-10-06T16:21:19.291+0000] {processor.py:830} INFO - Processing file /home/airflow/.local/lib/python3.8/site-packages/airflow/example_dags/tutorial_objectstorage.py for tasks to queue
[2024-10-06T16:21:19.292+0000] {logging_mixin.py:188} INFO - [2024-10-06T16:21:19.292+0000] {dagbag.py:538} INFO - Filling up the DagBag from /home/airflow/.local/lib/python3.8/site-packages/airflow/example_dags/tutorial_objectstorage.py
[2024-10-06T16:21:19.297+0000] {processor.py:840} INFO - DAG(s) 'tutorial_objectstorage' retrieved from /home/airflow/.local/lib/python3.8/site-packages/airflow/example_dags/tutorial_objectstorage.py
[2024-10-06T16:21:19.309+0000] {logging_mixin.py:188} INFO - [2024-10-06T16:21:19.309+0000] {dag.py:3036} INFO - Sync 1 DAGs
[2024-10-06T16:21:19.316+0000] {logging_mixin.py:188} INFO - [2024-10-06T16:21:19.316+0000] {dag.py:3823} INFO - Setting next_dagrun for tutorial_objectstorage to None, run_after=None
[2024-10-06T16:21:19.328+0000] {processor.py:183} INFO - Processing /home/airflow/.local/lib/python3.8/site-packages/airflow/example_dags/tutorial_objectstorage.py took 0.040 seconds
[2024-10-06T16:21:50.280+0000] {processor.py:161} INFO - Started process (PID=2448) to work on /home/airflow/.local/lib/python3.8/site-packages/airflow/example_dags/tutorial_objectstorage.py
[2024-10-06T16:21:50.282+0000] {processor.py:830} INFO - Processing file /home/airflow/.local/lib/python3.8/site-packages/airflow/example_dags/tutorial_objectstorage.py for tasks to queue
[2024-10-06T16:21:50.283+0000] {logging_mixin.py:188} INFO - [2024-10-06T16:21:50.282+0000] {dagbag.py:538} INFO - Filling up the DagBag from /home/airflow/.local/lib/python3.8/site-packages/airflow/example_dags/tutorial_objectstorage.py
[2024-10-06T16:21:50.290+0000] {processor.py:840} INFO - DAG(s) 'tutorial_objectstorage' retrieved from /home/airflow/.local/lib/python3.8/site-packages/airflow/example_dags/tutorial_objectstorage.py
[2024-10-06T16:21:50.310+0000] {logging_mixin.py:188} INFO - [2024-10-06T16:21:50.310+0000] {dag.py:3036} INFO - Sync 1 DAGs
[2024-10-06T16:21:50.321+0000] {logging_mixin.py:188} INFO - [2024-10-06T16:21:50.321+0000] {dag.py:3823} INFO - Setting next_dagrun for tutorial_objectstorage to None, run_after=None
[2024-10-06T16:21:50.340+0000] {processor.py:183} INFO - Processing /home/airflow/.local/lib/python3.8/site-packages/airflow/example_dags/tutorial_objectstorage.py took 0.063 seconds
[2024-10-06T16:22:20.823+0000] {processor.py:161} INFO - Started process (PID=2695) to work on /home/airflow/.local/lib/python3.8/site-packages/airflow/example_dags/tutorial_objectstorage.py
[2024-10-06T16:22:20.824+0000] {processor.py:830} INFO - Processing file /home/airflow/.local/lib/python3.8/site-packages/airflow/example_dags/tutorial_objectstorage.py for tasks to queue
[2024-10-06T16:22:20.824+0000] {logging_mixin.py:188} INFO - [2024-10-06T16:22:20.824+0000] {dagbag.py:538} INFO - Filling up the DagBag from /home/airflow/.local/lib/python3.8/site-packages/airflow/example_dags/tutorial_objectstorage.py
[2024-10-06T16:22:20.830+0000] {processor.py:840} INFO - DAG(s) 'tutorial_objectstorage' retrieved from /home/airflow/.local/lib/python3.8/site-packages/airflow/example_dags/tutorial_objectstorage.py
[2024-10-06T16:22:20.843+0000] {logging_mixin.py:188} INFO - [2024-10-06T16:22:20.843+0000] {dag.py:3036} INFO - Sync 1 DAGs
[2024-10-06T16:22:20.851+0000] {logging_mixin.py:188} INFO - [2024-10-06T16:22:20.851+0000] {dag.py:3823} INFO - Setting next_dagrun for tutorial_objectstorage to None, run_after=None
[2024-10-06T16:22:20.863+0000] {processor.py:183} INFO - Processing /home/airflow/.local/lib/python3.8/site-packages/airflow/example_dags/tutorial_objectstorage.py took 0.042 seconds
[2024-10-06T16:22:51.181+0000] {processor.py:161} INFO - Started process (PID=2942) to work on /home/airflow/.local/lib/python3.8/site-packages/airflow/example_dags/tutorial_objectstorage.py
[2024-10-06T16:22:51.183+0000] {processor.py:830} INFO - Processing file /home/airflow/.local/lib/python3.8/site-packages/airflow/example_dags/tutorial_objectstorage.py for tasks to queue
[2024-10-06T16:22:51.185+0000] {logging_mixin.py:188} INFO - [2024-10-06T16:22:51.184+0000] {dagbag.py:538} INFO - Filling up the DagBag from /home/airflow/.local/lib/python3.8/site-packages/airflow/example_dags/tutorial_objectstorage.py
[2024-10-06T16:22:51.191+0000] {processor.py:840} INFO - DAG(s) 'tutorial_objectstorage' retrieved from /home/airflow/.local/lib/python3.8/site-packages/airflow/example_dags/tutorial_objectstorage.py
[2024-10-06T16:22:51.211+0000] {logging_mixin.py:188} INFO - [2024-10-06T16:22:51.211+0000] {dag.py:3036} INFO - Sync 1 DAGs
[2024-10-06T16:22:51.219+0000] {logging_mixin.py:188} INFO - [2024-10-06T16:22:51.219+0000] {dag.py:3823} INFO - Setting next_dagrun for tutorial_objectstorage to None, run_after=None
[2024-10-06T16:22:51.238+0000] {processor.py:183} INFO - Processing /home/airflow/.local/lib/python3.8/site-packages/airflow/example_dags/tutorial_objectstorage.py took 0.059 seconds
[2024-10-06T16:23:22.181+0000] {processor.py:161} INFO - Started process (PID=3189) to work on /home/airflow/.local/lib/python3.8/site-packages/airflow/example_dags/tutorial_objectstorage.py
[2024-10-06T16:23:22.182+0000] {processor.py:830} INFO - Processing file /home/airflow/.local/lib/python3.8/site-packages/airflow/example_dags/tutorial_objectstorage.py for tasks to queue
[2024-10-06T16:23:22.182+0000] {logging_mixin.py:188} INFO - [2024-10-06T16:23:22.182+0000] {dagbag.py:538} INFO - Filling up the DagBag from /home/airflow/.local/lib/python3.8/site-packages/airflow/example_dags/tutorial_objectstorage.py
[2024-10-06T16:23:22.188+0000] {processor.py:840} INFO - DAG(s) 'tutorial_objectstorage' retrieved from /home/airflow/.local/lib/python3.8/site-packages/airflow/example_dags/tutorial_objectstorage.py
[2024-10-06T16:23:22.201+0000] {logging_mixin.py:188} INFO - [2024-10-06T16:23:22.201+0000] {dag.py:3036} INFO - Sync 1 DAGs
[2024-10-06T16:23:22.209+0000] {logging_mixin.py:188} INFO - [2024-10-06T16:23:22.209+0000] {dag.py:3823} INFO - Setting next_dagrun for tutorial_objectstorage to None, run_after=None
[2024-10-06T16:23:22.219+0000] {processor.py:183} INFO - Processing /home/airflow/.local/lib/python3.8/site-packages/airflow/example_dags/tutorial_objectstorage.py took 0.041 seconds
[2024-10-06T16:23:52.979+0000] {processor.py:161} INFO - Started process (PID=3438) to work on /home/airflow/.local/lib/python3.8/site-packages/airflow/example_dags/tutorial_objectstorage.py
[2024-10-06T16:23:52.980+0000] {processor.py:830} INFO - Processing file /home/airflow/.local/lib/python3.8/site-packages/airflow/example_dags/tutorial_objectstorage.py for tasks to queue
[2024-10-06T16:23:52.981+0000] {logging_mixin.py:188} INFO - [2024-10-06T16:23:52.980+0000] {dagbag.py:538} INFO - Filling up the DagBag from /home/airflow/.local/lib/python3.8/site-packages/airflow/example_dags/tutorial_objectstorage.py
[2024-10-06T16:23:52.987+0000] {processor.py:840} INFO - DAG(s) 'tutorial_objectstorage' retrieved from /home/airflow/.local/lib/python3.8/site-packages/airflow/example_dags/tutorial_objectstorage.py
[2024-10-06T16:23:52.999+0000] {logging_mixin.py:188} INFO - [2024-10-06T16:23:52.999+0000] {dag.py:3036} INFO - Sync 1 DAGs
[2024-10-06T16:23:53.006+0000] {logging_mixin.py:188} INFO - [2024-10-06T16:23:53.006+0000] {dag.py:3823} INFO - Setting next_dagrun for tutorial_objectstorage to None, run_after=None
[2024-10-06T16:23:53.017+0000] {processor.py:183} INFO - Processing /home/airflow/.local/lib/python3.8/site-packages/airflow/example_dags/tutorial_objectstorage.py took 0.043 seconds
[2024-10-06T16:24:23.705+0000] {processor.py:161} INFO - Started process (PID=3685) to work on /home/airflow/.local/lib/python3.8/site-packages/airflow/example_dags/tutorial_objectstorage.py
[2024-10-06T16:24:23.706+0000] {processor.py:830} INFO - Processing file /home/airflow/.local/lib/python3.8/site-packages/airflow/example_dags/tutorial_objectstorage.py for tasks to queue
[2024-10-06T16:24:23.706+0000] {logging_mixin.py:188} INFO - [2024-10-06T16:24:23.706+0000] {dagbag.py:538} INFO - Filling up the DagBag from /home/airflow/.local/lib/python3.8/site-packages/airflow/example_dags/tutorial_objectstorage.py
[2024-10-06T16:24:23.712+0000] {processor.py:840} INFO - DAG(s) 'tutorial_objectstorage' retrieved from /home/airflow/.local/lib/python3.8/site-packages/airflow/example_dags/tutorial_objectstorage.py
[2024-10-06T16:24:23.726+0000] {logging_mixin.py:188} INFO - [2024-10-06T16:24:23.725+0000] {dag.py:3036} INFO - Sync 1 DAGs
[2024-10-06T16:24:23.733+0000] {logging_mixin.py:188} INFO - [2024-10-06T16:24:23.733+0000] {dag.py:3823} INFO - Setting next_dagrun for tutorial_objectstorage to None, run_after=None
[2024-10-06T16:24:23.745+0000] {processor.py:183} INFO - Processing /home/airflow/.local/lib/python3.8/site-packages/airflow/example_dags/tutorial_objectstorage.py took 0.043 seconds
[2024-10-06T16:24:54.714+0000] {processor.py:161} INFO - Started process (PID=3930) to work on /home/airflow/.local/lib/python3.8/site-packages/airflow/example_dags/tutorial_objectstorage.py
[2024-10-06T16:24:54.715+0000] {processor.py:830} INFO - Processing file /home/airflow/.local/lib/python3.8/site-packages/airflow/example_dags/tutorial_objectstorage.py for tasks to queue
[2024-10-06T16:24:54.716+0000] {logging_mixin.py:188} INFO - [2024-10-06T16:24:54.716+0000] {dagbag.py:538} INFO - Filling up the DagBag from /home/airflow/.local/lib/python3.8/site-packages/airflow/example_dags/tutorial_objectstorage.py
[2024-10-06T16:24:54.722+0000] {processor.py:840} INFO - DAG(s) 'tutorial_objectstorage' retrieved from /home/airflow/.local/lib/python3.8/site-packages/airflow/example_dags/tutorial_objectstorage.py
[2024-10-06T16:24:54.744+0000] {logging_mixin.py:188} INFO - [2024-10-06T16:24:54.744+0000] {dag.py:3036} INFO - Sync 1 DAGs
[2024-10-06T16:24:54.753+0000] {logging_mixin.py:188} INFO - [2024-10-06T16:24:54.753+0000] {dag.py:3823} INFO - Setting next_dagrun for tutorial_objectstorage to None, run_after=None
[2024-10-06T16:24:54.774+0000] {processor.py:183} INFO - Processing /home/airflow/.local/lib/python3.8/site-packages/airflow/example_dags/tutorial_objectstorage.py took 0.062 seconds
[2024-10-06T16:25:24.810+0000] {processor.py:161} INFO - Started process (PID=4177) to work on /home/airflow/.local/lib/python3.8/site-packages/airflow/example_dags/tutorial_objectstorage.py
[2024-10-06T16:25:24.811+0000] {processor.py:830} INFO - Processing file /home/airflow/.local/lib/python3.8/site-packages/airflow/example_dags/tutorial_objectstorage.py for tasks to queue
[2024-10-06T16:25:24.812+0000] {logging_mixin.py:188} INFO - [2024-10-06T16:25:24.812+0000] {dagbag.py:538} INFO - Filling up the DagBag from /home/airflow/.local/lib/python3.8/site-packages/airflow/example_dags/tutorial_objectstorage.py
[2024-10-06T16:25:24.819+0000] {processor.py:840} INFO - DAG(s) 'tutorial_objectstorage' retrieved from /home/airflow/.local/lib/python3.8/site-packages/airflow/example_dags/tutorial_objectstorage.py
[2024-10-06T16:25:24.832+0000] {logging_mixin.py:188} INFO - [2024-10-06T16:25:24.832+0000] {dag.py:3036} INFO - Sync 1 DAGs
[2024-10-06T16:25:24.839+0000] {logging_mixin.py:188} INFO - [2024-10-06T16:25:24.839+0000] {dag.py:3823} INFO - Setting next_dagrun for tutorial_objectstorage to None, run_after=None
[2024-10-06T16:25:24.848+0000] {processor.py:183} INFO - Processing /home/airflow/.local/lib/python3.8/site-packages/airflow/example_dags/tutorial_objectstorage.py took 0.041 seconds
[2024-10-06T16:25:55.123+0000] {processor.py:161} INFO - Started process (PID=4426) to work on /home/airflow/.local/lib/python3.8/site-packages/airflow/example_dags/tutorial_objectstorage.py
[2024-10-06T16:25:55.124+0000] {processor.py:830} INFO - Processing file /home/airflow/.local/lib/python3.8/site-packages/airflow/example_dags/tutorial_objectstorage.py for tasks to queue
[2024-10-06T16:25:55.124+0000] {logging_mixin.py:188} INFO - [2024-10-06T16:25:55.124+0000] {dagbag.py:538} INFO - Filling up the DagBag from /home/airflow/.local/lib/python3.8/site-packages/airflow/example_dags/tutorial_objectstorage.py
[2024-10-06T16:25:55.129+0000] {processor.py:840} INFO - DAG(s) 'tutorial_objectstorage' retrieved from /home/airflow/.local/lib/python3.8/site-packages/airflow/example_dags/tutorial_objectstorage.py
[2024-10-06T16:25:55.140+0000] {logging_mixin.py:188} INFO - [2024-10-06T16:25:55.139+0000] {dag.py:3036} INFO - Sync 1 DAGs
[2024-10-06T16:25:55.145+0000] {logging_mixin.py:188} INFO - [2024-10-06T16:25:55.145+0000] {dag.py:3823} INFO - Setting next_dagrun for tutorial_objectstorage to None, run_after=None
[2024-10-06T16:25:55.155+0000] {processor.py:183} INFO - Processing /home/airflow/.local/lib/python3.8/site-packages/airflow/example_dags/tutorial_objectstorage.py took 0.034 seconds
[2024-10-06T16:26:25.211+0000] {processor.py:161} INFO - Started process (PID=4673) to work on /home/airflow/.local/lib/python3.8/site-packages/airflow/example_dags/tutorial_objectstorage.py
[2024-10-06T16:26:25.212+0000] {processor.py:830} INFO - Processing file /home/airflow/.local/lib/python3.8/site-packages/airflow/example_dags/tutorial_objectstorage.py for tasks to queue
[2024-10-06T16:26:25.212+0000] {logging_mixin.py:188} INFO - [2024-10-06T16:26:25.212+0000] {dagbag.py:538} INFO - Filling up the DagBag from /home/airflow/.local/lib/python3.8/site-packages/airflow/example_dags/tutorial_objectstorage.py
[2024-10-06T16:26:25.217+0000] {processor.py:840} INFO - DAG(s) 'tutorial_objectstorage' retrieved from /home/airflow/.local/lib/python3.8/site-packages/airflow/example_dags/tutorial_objectstorage.py
[2024-10-06T16:26:25.228+0000] {logging_mixin.py:188} INFO - [2024-10-06T16:26:25.228+0000] {dag.py:3036} INFO - Sync 1 DAGs
[2024-10-06T16:26:25.235+0000] {logging_mixin.py:188} INFO - [2024-10-06T16:26:25.235+0000] {dag.py:3823} INFO - Setting next_dagrun for tutorial_objectstorage to None, run_after=None
[2024-10-06T16:26:25.245+0000] {processor.py:183} INFO - Processing /home/airflow/.local/lib/python3.8/site-packages/airflow/example_dags/tutorial_objectstorage.py took 0.035 seconds
[2024-10-06T16:26:55.394+0000] {processor.py:161} INFO - Started process (PID=4920) to work on /home/airflow/.local/lib/python3.8/site-packages/airflow/example_dags/tutorial_objectstorage.py
[2024-10-06T16:26:55.394+0000] {processor.py:830} INFO - Processing file /home/airflow/.local/lib/python3.8/site-packages/airflow/example_dags/tutorial_objectstorage.py for tasks to queue
[2024-10-06T16:26:55.395+0000] {logging_mixin.py:188} INFO - [2024-10-06T16:26:55.395+0000] {dagbag.py:538} INFO - Filling up the DagBag from /home/airflow/.local/lib/python3.8/site-packages/airflow/example_dags/tutorial_objectstorage.py
[2024-10-06T16:26:55.401+0000] {processor.py:840} INFO - DAG(s) 'tutorial_objectstorage' retrieved from /home/airflow/.local/lib/python3.8/site-packages/airflow/example_dags/tutorial_objectstorage.py
[2024-10-06T16:26:55.416+0000] {logging_mixin.py:188} INFO - [2024-10-06T16:26:55.416+0000] {dag.py:3036} INFO - Sync 1 DAGs
[2024-10-06T16:26:55.424+0000] {logging_mixin.py:188} INFO - [2024-10-06T16:26:55.423+0000] {dag.py:3823} INFO - Setting next_dagrun for tutorial_objectstorage to None, run_after=None
[2024-10-06T16:26:55.434+0000] {processor.py:183} INFO - Processing /home/airflow/.local/lib/python3.8/site-packages/airflow/example_dags/tutorial_objectstorage.py took 0.043 seconds
[2024-10-06T16:27:25.574+0000] {processor.py:161} INFO - Started process (PID=5165) to work on /home/airflow/.local/lib/python3.8/site-packages/airflow/example_dags/tutorial_objectstorage.py
[2024-10-06T16:27:25.575+0000] {processor.py:830} INFO - Processing file /home/airflow/.local/lib/python3.8/site-packages/airflow/example_dags/tutorial_objectstorage.py for tasks to queue
[2024-10-06T16:27:25.577+0000] {logging_mixin.py:188} INFO - [2024-10-06T16:27:25.576+0000] {dagbag.py:538} INFO - Filling up the DagBag from /home/airflow/.local/lib/python3.8/site-packages/airflow/example_dags/tutorial_objectstorage.py
[2024-10-06T16:27:25.586+0000] {processor.py:840} INFO - DAG(s) 'tutorial_objectstorage' retrieved from /home/airflow/.local/lib/python3.8/site-packages/airflow/example_dags/tutorial_objectstorage.py
[2024-10-06T16:27:25.598+0000] {logging_mixin.py:188} INFO - [2024-10-06T16:27:25.598+0000] {dag.py:3036} INFO - Sync 1 DAGs
[2024-10-06T16:27:25.606+0000] {logging_mixin.py:188} INFO - [2024-10-06T16:27:25.605+0000] {dag.py:3823} INFO - Setting next_dagrun for tutorial_objectstorage to None, run_after=None
[2024-10-06T16:27:25.617+0000] {processor.py:183} INFO - Processing /home/airflow/.local/lib/python3.8/site-packages/airflow/example_dags/tutorial_objectstorage.py took 0.046 seconds
