[2024-10-06T16:17:12.846+0000] {processor.py:161} INFO - Started process (PID=240) to work on /home/airflow/.local/lib/python3.8/site-packages/airflow/example_dags/tutorial_dag.py
[2024-10-06T16:17:12.853+0000] {processor.py:830} INFO - Processing file /home/airflow/.local/lib/python3.8/site-packages/airflow/example_dags/tutorial_dag.py for tasks to queue
[2024-10-06T16:17:12.854+0000] {logging_mixin.py:188} INFO - [2024-10-06T16:17:12.854+0000] {dagbag.py:538} INFO - Filling up the DagBag from /home/airflow/.local/lib/python3.8/site-packages/airflow/example_dags/tutorial_dag.py
[2024-10-06T16:17:12.859+0000] {processor.py:840} INFO - DAG(s) 'tutorial_dag' retrieved from /home/airflow/.local/lib/python3.8/site-packages/airflow/example_dags/tutorial_dag.py
[2024-10-06T16:17:12.873+0000] {logging_mixin.py:188} INFO - [2024-10-06T16:17:12.873+0000] {dag.py:3036} INFO - Sync 1 DAGs
[2024-10-06T16:17:12.884+0000] {logging_mixin.py:188} INFO - [2024-10-06T16:17:12.884+0000] {dag.py:3823} INFO - Setting next_dagrun for tutorial_dag to None, run_after=None
[2024-10-06T16:17:12.905+0000] {processor.py:183} INFO - Processing /home/airflow/.local/lib/python3.8/site-packages/airflow/example_dags/tutorial_dag.py took 0.061 seconds
[2024-10-06T16:17:43.641+0000] {processor.py:161} INFO - Started process (PID=487) to work on /home/airflow/.local/lib/python3.8/site-packages/airflow/example_dags/tutorial_dag.py
[2024-10-06T16:17:43.642+0000] {processor.py:830} INFO - Processing file /home/airflow/.local/lib/python3.8/site-packages/airflow/example_dags/tutorial_dag.py for tasks to queue
[2024-10-06T16:17:43.643+0000] {logging_mixin.py:188} INFO - [2024-10-06T16:17:43.643+0000] {dagbag.py:538} INFO - Filling up the DagBag from /home/airflow/.local/lib/python3.8/site-packages/airflow/example_dags/tutorial_dag.py
[2024-10-06T16:17:43.647+0000] {processor.py:840} INFO - DAG(s) 'tutorial_dag' retrieved from /home/airflow/.local/lib/python3.8/site-packages/airflow/example_dags/tutorial_dag.py
[2024-10-06T16:17:43.710+0000] {logging_mixin.py:188} INFO - [2024-10-06T16:17:43.710+0000] {dag.py:3036} INFO - Sync 1 DAGs
[2024-10-06T16:17:43.717+0000] {logging_mixin.py:188} INFO - [2024-10-06T16:17:43.717+0000] {dag.py:3823} INFO - Setting next_dagrun for tutorial_dag to None, run_after=None
[2024-10-06T16:17:43.729+0000] {processor.py:183} INFO - Processing /home/airflow/.local/lib/python3.8/site-packages/airflow/example_dags/tutorial_dag.py took 0.091 seconds
[2024-10-06T16:18:14.364+0000] {processor.py:161} INFO - Started process (PID=734) to work on /home/airflow/.local/lib/python3.8/site-packages/airflow/example_dags/tutorial_dag.py
[2024-10-06T16:18:14.365+0000] {processor.py:830} INFO - Processing file /home/airflow/.local/lib/python3.8/site-packages/airflow/example_dags/tutorial_dag.py for tasks to queue
[2024-10-06T16:18:14.366+0000] {logging_mixin.py:188} INFO - [2024-10-06T16:18:14.365+0000] {dagbag.py:538} INFO - Filling up the DagBag from /home/airflow/.local/lib/python3.8/site-packages/airflow/example_dags/tutorial_dag.py
[2024-10-06T16:18:14.370+0000] {processor.py:840} INFO - DAG(s) 'tutorial_dag' retrieved from /home/airflow/.local/lib/python3.8/site-packages/airflow/example_dags/tutorial_dag.py
[2024-10-06T16:18:14.384+0000] {logging_mixin.py:188} INFO - [2024-10-06T16:18:14.383+0000] {dag.py:3036} INFO - Sync 1 DAGs
[2024-10-06T16:18:14.391+0000] {logging_mixin.py:188} INFO - [2024-10-06T16:18:14.391+0000] {dag.py:3823} INFO - Setting next_dagrun for tutorial_dag to None, run_after=None
[2024-10-06T16:18:14.404+0000] {processor.py:183} INFO - Processing /home/airflow/.local/lib/python3.8/site-packages/airflow/example_dags/tutorial_dag.py took 0.042 seconds
[2024-10-06T16:18:44.985+0000] {processor.py:161} INFO - Started process (PID=981) to work on /home/airflow/.local/lib/python3.8/site-packages/airflow/example_dags/tutorial_dag.py
[2024-10-06T16:18:44.986+0000] {processor.py:830} INFO - Processing file /home/airflow/.local/lib/python3.8/site-packages/airflow/example_dags/tutorial_dag.py for tasks to queue
[2024-10-06T16:18:44.987+0000] {logging_mixin.py:188} INFO - [2024-10-06T16:18:44.987+0000] {dagbag.py:538} INFO - Filling up the DagBag from /home/airflow/.local/lib/python3.8/site-packages/airflow/example_dags/tutorial_dag.py
[2024-10-06T16:18:44.992+0000] {processor.py:840} INFO - DAG(s) 'tutorial_dag' retrieved from /home/airflow/.local/lib/python3.8/site-packages/airflow/example_dags/tutorial_dag.py
[2024-10-06T16:18:45.007+0000] {logging_mixin.py:188} INFO - [2024-10-06T16:18:45.007+0000] {dag.py:3036} INFO - Sync 1 DAGs
[2024-10-06T16:18:45.015+0000] {logging_mixin.py:188} INFO - [2024-10-06T16:18:45.015+0000] {dag.py:3823} INFO - Setting next_dagrun for tutorial_dag to None, run_after=None
[2024-10-06T16:18:45.028+0000] {processor.py:183} INFO - Processing /home/airflow/.local/lib/python3.8/site-packages/airflow/example_dags/tutorial_dag.py took 0.046 seconds
[2024-10-06T16:19:15.935+0000] {processor.py:161} INFO - Started process (PID=1228) to work on /home/airflow/.local/lib/python3.8/site-packages/airflow/example_dags/tutorial_dag.py
[2024-10-06T16:19:15.936+0000] {processor.py:830} INFO - Processing file /home/airflow/.local/lib/python3.8/site-packages/airflow/example_dags/tutorial_dag.py for tasks to queue
[2024-10-06T16:19:15.937+0000] {logging_mixin.py:188} INFO - [2024-10-06T16:19:15.937+0000] {dagbag.py:538} INFO - Filling up the DagBag from /home/airflow/.local/lib/python3.8/site-packages/airflow/example_dags/tutorial_dag.py
[2024-10-06T16:19:15.941+0000] {processor.py:840} INFO - DAG(s) 'tutorial_dag' retrieved from /home/airflow/.local/lib/python3.8/site-packages/airflow/example_dags/tutorial_dag.py
[2024-10-06T16:19:15.954+0000] {logging_mixin.py:188} INFO - [2024-10-06T16:19:15.954+0000] {dag.py:3036} INFO - Sync 1 DAGs
[2024-10-06T16:19:15.962+0000] {logging_mixin.py:188} INFO - [2024-10-06T16:19:15.961+0000] {dag.py:3823} INFO - Setting next_dagrun for tutorial_dag to None, run_after=None
[2024-10-06T16:19:15.975+0000] {processor.py:183} INFO - Processing /home/airflow/.local/lib/python3.8/site-packages/airflow/example_dags/tutorial_dag.py took 0.042 seconds
[2024-10-06T16:19:46.784+0000] {processor.py:161} INFO - Started process (PID=1475) to work on /home/airflow/.local/lib/python3.8/site-packages/airflow/example_dags/tutorial_dag.py
[2024-10-06T16:19:46.784+0000] {processor.py:830} INFO - Processing file /home/airflow/.local/lib/python3.8/site-packages/airflow/example_dags/tutorial_dag.py for tasks to queue
[2024-10-06T16:19:46.785+0000] {logging_mixin.py:188} INFO - [2024-10-06T16:19:46.785+0000] {dagbag.py:538} INFO - Filling up the DagBag from /home/airflow/.local/lib/python3.8/site-packages/airflow/example_dags/tutorial_dag.py
[2024-10-06T16:19:46.789+0000] {processor.py:840} INFO - DAG(s) 'tutorial_dag' retrieved from /home/airflow/.local/lib/python3.8/site-packages/airflow/example_dags/tutorial_dag.py
[2024-10-06T16:19:46.803+0000] {logging_mixin.py:188} INFO - [2024-10-06T16:19:46.803+0000] {dag.py:3036} INFO - Sync 1 DAGs
[2024-10-06T16:19:46.811+0000] {logging_mixin.py:188} INFO - [2024-10-06T16:19:46.811+0000] {dag.py:3823} INFO - Setting next_dagrun for tutorial_dag to None, run_after=None
[2024-10-06T16:19:46.824+0000] {processor.py:183} INFO - Processing /home/airflow/.local/lib/python3.8/site-packages/airflow/example_dags/tutorial_dag.py took 0.043 seconds
[2024-10-06T16:20:17.727+0000] {processor.py:161} INFO - Started process (PID=1722) to work on /home/airflow/.local/lib/python3.8/site-packages/airflow/example_dags/tutorial_dag.py
[2024-10-06T16:20:17.728+0000] {processor.py:830} INFO - Processing file /home/airflow/.local/lib/python3.8/site-packages/airflow/example_dags/tutorial_dag.py for tasks to queue
[2024-10-06T16:20:17.728+0000] {logging_mixin.py:188} INFO - [2024-10-06T16:20:17.728+0000] {dagbag.py:538} INFO - Filling up the DagBag from /home/airflow/.local/lib/python3.8/site-packages/airflow/example_dags/tutorial_dag.py
[2024-10-06T16:20:17.732+0000] {processor.py:840} INFO - DAG(s) 'tutorial_dag' retrieved from /home/airflow/.local/lib/python3.8/site-packages/airflow/example_dags/tutorial_dag.py
[2024-10-06T16:20:17.746+0000] {logging_mixin.py:188} INFO - [2024-10-06T16:20:17.746+0000] {dag.py:3036} INFO - Sync 1 DAGs
[2024-10-06T16:20:17.753+0000] {logging_mixin.py:188} INFO - [2024-10-06T16:20:17.753+0000] {dag.py:3823} INFO - Setting next_dagrun for tutorial_dag to None, run_after=None
[2024-10-06T16:20:17.764+0000] {processor.py:183} INFO - Processing /home/airflow/.local/lib/python3.8/site-packages/airflow/example_dags/tutorial_dag.py took 0.039 seconds
[2024-10-06T16:20:48.656+0000] {processor.py:161} INFO - Started process (PID=1969) to work on /home/airflow/.local/lib/python3.8/site-packages/airflow/example_dags/tutorial_dag.py
[2024-10-06T16:20:48.657+0000] {processor.py:830} INFO - Processing file /home/airflow/.local/lib/python3.8/site-packages/airflow/example_dags/tutorial_dag.py for tasks to queue
[2024-10-06T16:20:48.658+0000] {logging_mixin.py:188} INFO - [2024-10-06T16:20:48.657+0000] {dagbag.py:538} INFO - Filling up the DagBag from /home/airflow/.local/lib/python3.8/site-packages/airflow/example_dags/tutorial_dag.py
[2024-10-06T16:20:48.661+0000] {processor.py:840} INFO - DAG(s) 'tutorial_dag' retrieved from /home/airflow/.local/lib/python3.8/site-packages/airflow/example_dags/tutorial_dag.py
[2024-10-06T16:20:48.674+0000] {logging_mixin.py:188} INFO - [2024-10-06T16:20:48.674+0000] {dag.py:3036} INFO - Sync 1 DAGs
[2024-10-06T16:20:48.681+0000] {logging_mixin.py:188} INFO - [2024-10-06T16:20:48.681+0000] {dag.py:3823} INFO - Setting next_dagrun for tutorial_dag to None, run_after=None
[2024-10-06T16:20:48.693+0000] {processor.py:183} INFO - Processing /home/airflow/.local/lib/python3.8/site-packages/airflow/example_dags/tutorial_dag.py took 0.040 seconds
[2024-10-06T16:21:19.382+0000] {processor.py:161} INFO - Started process (PID=2216) to work on /home/airflow/.local/lib/python3.8/site-packages/airflow/example_dags/tutorial_dag.py
[2024-10-06T16:21:19.383+0000] {processor.py:830} INFO - Processing file /home/airflow/.local/lib/python3.8/site-packages/airflow/example_dags/tutorial_dag.py for tasks to queue
[2024-10-06T16:21:19.384+0000] {logging_mixin.py:188} INFO - [2024-10-06T16:21:19.384+0000] {dagbag.py:538} INFO - Filling up the DagBag from /home/airflow/.local/lib/python3.8/site-packages/airflow/example_dags/tutorial_dag.py
[2024-10-06T16:21:19.388+0000] {processor.py:840} INFO - DAG(s) 'tutorial_dag' retrieved from /home/airflow/.local/lib/python3.8/site-packages/airflow/example_dags/tutorial_dag.py
[2024-10-06T16:21:19.401+0000] {logging_mixin.py:188} INFO - [2024-10-06T16:21:19.401+0000] {dag.py:3036} INFO - Sync 1 DAGs
[2024-10-06T16:21:19.408+0000] {logging_mixin.py:188} INFO - [2024-10-06T16:21:19.408+0000] {dag.py:3823} INFO - Setting next_dagrun for tutorial_dag to None, run_after=None
[2024-10-06T16:21:19.420+0000] {processor.py:183} INFO - Processing /home/airflow/.local/lib/python3.8/site-packages/airflow/example_dags/tutorial_dag.py took 0.040 seconds
[2024-10-06T16:21:50.433+0000] {processor.py:161} INFO - Started process (PID=2463) to work on /home/airflow/.local/lib/python3.8/site-packages/airflow/example_dags/tutorial_dag.py
[2024-10-06T16:21:50.434+0000] {processor.py:830} INFO - Processing file /home/airflow/.local/lib/python3.8/site-packages/airflow/example_dags/tutorial_dag.py for tasks to queue
[2024-10-06T16:21:50.435+0000] {logging_mixin.py:188} INFO - [2024-10-06T16:21:50.435+0000] {dagbag.py:538} INFO - Filling up the DagBag from /home/airflow/.local/lib/python3.8/site-packages/airflow/example_dags/tutorial_dag.py
[2024-10-06T16:21:50.440+0000] {processor.py:840} INFO - DAG(s) 'tutorial_dag' retrieved from /home/airflow/.local/lib/python3.8/site-packages/airflow/example_dags/tutorial_dag.py
[2024-10-06T16:21:50.460+0000] {logging_mixin.py:188} INFO - [2024-10-06T16:21:50.460+0000] {dag.py:3036} INFO - Sync 1 DAGs
[2024-10-06T16:21:50.469+0000] {logging_mixin.py:188} INFO - [2024-10-06T16:21:50.469+0000] {dag.py:3823} INFO - Setting next_dagrun for tutorial_dag to None, run_after=None
[2024-10-06T16:21:50.486+0000] {processor.py:183} INFO - Processing /home/airflow/.local/lib/python3.8/site-packages/airflow/example_dags/tutorial_dag.py took 0.055 seconds
[2024-10-06T16:22:20.949+0000] {processor.py:161} INFO - Started process (PID=2710) to work on /home/airflow/.local/lib/python3.8/site-packages/airflow/example_dags/tutorial_dag.py
[2024-10-06T16:22:20.950+0000] {processor.py:830} INFO - Processing file /home/airflow/.local/lib/python3.8/site-packages/airflow/example_dags/tutorial_dag.py for tasks to queue
[2024-10-06T16:22:20.951+0000] {logging_mixin.py:188} INFO - [2024-10-06T16:22:20.951+0000] {dagbag.py:538} INFO - Filling up the DagBag from /home/airflow/.local/lib/python3.8/site-packages/airflow/example_dags/tutorial_dag.py
[2024-10-06T16:22:20.956+0000] {processor.py:840} INFO - DAG(s) 'tutorial_dag' retrieved from /home/airflow/.local/lib/python3.8/site-packages/airflow/example_dags/tutorial_dag.py
[2024-10-06T16:22:20.973+0000] {logging_mixin.py:188} INFO - [2024-10-06T16:22:20.973+0000] {dag.py:3036} INFO - Sync 1 DAGs
[2024-10-06T16:22:20.982+0000] {logging_mixin.py:188} INFO - [2024-10-06T16:22:20.982+0000] {dag.py:3823} INFO - Setting next_dagrun for tutorial_dag to None, run_after=None
[2024-10-06T16:22:20.997+0000] {processor.py:183} INFO - Processing /home/airflow/.local/lib/python3.8/site-packages/airflow/example_dags/tutorial_dag.py took 0.052 seconds
[2024-10-06T16:22:51.337+0000] {processor.py:161} INFO - Started process (PID=2957) to work on /home/airflow/.local/lib/python3.8/site-packages/airflow/example_dags/tutorial_dag.py
[2024-10-06T16:22:51.338+0000] {processor.py:830} INFO - Processing file /home/airflow/.local/lib/python3.8/site-packages/airflow/example_dags/tutorial_dag.py for tasks to queue
[2024-10-06T16:22:51.339+0000] {logging_mixin.py:188} INFO - [2024-10-06T16:22:51.339+0000] {dagbag.py:538} INFO - Filling up the DagBag from /home/airflow/.local/lib/python3.8/site-packages/airflow/example_dags/tutorial_dag.py
[2024-10-06T16:22:51.343+0000] {processor.py:840} INFO - DAG(s) 'tutorial_dag' retrieved from /home/airflow/.local/lib/python3.8/site-packages/airflow/example_dags/tutorial_dag.py
[2024-10-06T16:22:51.364+0000] {logging_mixin.py:188} INFO - [2024-10-06T16:22:51.363+0000] {dag.py:3036} INFO - Sync 1 DAGs
[2024-10-06T16:22:51.376+0000] {logging_mixin.py:188} INFO - [2024-10-06T16:22:51.376+0000] {dag.py:3823} INFO - Setting next_dagrun for tutorial_dag to None, run_after=None
[2024-10-06T16:22:51.399+0000] {processor.py:183} INFO - Processing /home/airflow/.local/lib/python3.8/site-packages/airflow/example_dags/tutorial_dag.py took 0.064 seconds
[2024-10-06T16:23:22.295+0000] {processor.py:161} INFO - Started process (PID=3204) to work on /home/airflow/.local/lib/python3.8/site-packages/airflow/example_dags/tutorial_dag.py
[2024-10-06T16:23:22.296+0000] {processor.py:830} INFO - Processing file /home/airflow/.local/lib/python3.8/site-packages/airflow/example_dags/tutorial_dag.py for tasks to queue
[2024-10-06T16:23:22.297+0000] {logging_mixin.py:188} INFO - [2024-10-06T16:23:22.297+0000] {dagbag.py:538} INFO - Filling up the DagBag from /home/airflow/.local/lib/python3.8/site-packages/airflow/example_dags/tutorial_dag.py
[2024-10-06T16:23:22.301+0000] {processor.py:840} INFO - DAG(s) 'tutorial_dag' retrieved from /home/airflow/.local/lib/python3.8/site-packages/airflow/example_dags/tutorial_dag.py
[2024-10-06T16:23:22.314+0000] {logging_mixin.py:188} INFO - [2024-10-06T16:23:22.313+0000] {dag.py:3036} INFO - Sync 1 DAGs
[2024-10-06T16:23:22.320+0000] {logging_mixin.py:188} INFO - [2024-10-06T16:23:22.320+0000] {dag.py:3823} INFO - Setting next_dagrun for tutorial_dag to None, run_after=None
[2024-10-06T16:23:22.331+0000] {processor.py:183} INFO - Processing /home/airflow/.local/lib/python3.8/site-packages/airflow/example_dags/tutorial_dag.py took 0.038 seconds
[2024-10-06T16:23:53.102+0000] {processor.py:161} INFO - Started process (PID=3451) to work on /home/airflow/.local/lib/python3.8/site-packages/airflow/example_dags/tutorial_dag.py
[2024-10-06T16:23:53.103+0000] {processor.py:830} INFO - Processing file /home/airflow/.local/lib/python3.8/site-packages/airflow/example_dags/tutorial_dag.py for tasks to queue
[2024-10-06T16:23:53.104+0000] {logging_mixin.py:188} INFO - [2024-10-06T16:23:53.104+0000] {dagbag.py:538} INFO - Filling up the DagBag from /home/airflow/.local/lib/python3.8/site-packages/airflow/example_dags/tutorial_dag.py
[2024-10-06T16:23:53.108+0000] {processor.py:840} INFO - DAG(s) 'tutorial_dag' retrieved from /home/airflow/.local/lib/python3.8/site-packages/airflow/example_dags/tutorial_dag.py
[2024-10-06T16:23:53.124+0000] {logging_mixin.py:188} INFO - [2024-10-06T16:23:53.124+0000] {dag.py:3036} INFO - Sync 1 DAGs
[2024-10-06T16:23:53.131+0000] {logging_mixin.py:188} INFO - [2024-10-06T16:23:53.131+0000] {dag.py:3823} INFO - Setting next_dagrun for tutorial_dag to None, run_after=None
[2024-10-06T16:23:53.142+0000] {processor.py:183} INFO - Processing /home/airflow/.local/lib/python3.8/site-packages/airflow/example_dags/tutorial_dag.py took 0.042 seconds
[2024-10-06T16:24:23.837+0000] {processor.py:161} INFO - Started process (PID=3698) to work on /home/airflow/.local/lib/python3.8/site-packages/airflow/example_dags/tutorial_dag.py
[2024-10-06T16:24:23.838+0000] {processor.py:830} INFO - Processing file /home/airflow/.local/lib/python3.8/site-packages/airflow/example_dags/tutorial_dag.py for tasks to queue
[2024-10-06T16:24:23.839+0000] {logging_mixin.py:188} INFO - [2024-10-06T16:24:23.838+0000] {dagbag.py:538} INFO - Filling up the DagBag from /home/airflow/.local/lib/python3.8/site-packages/airflow/example_dags/tutorial_dag.py
[2024-10-06T16:24:23.843+0000] {processor.py:840} INFO - DAG(s) 'tutorial_dag' retrieved from /home/airflow/.local/lib/python3.8/site-packages/airflow/example_dags/tutorial_dag.py
[2024-10-06T16:24:23.860+0000] {logging_mixin.py:188} INFO - [2024-10-06T16:24:23.860+0000] {dag.py:3036} INFO - Sync 1 DAGs
[2024-10-06T16:24:23.867+0000] {logging_mixin.py:188} INFO - [2024-10-06T16:24:23.867+0000] {dag.py:3823} INFO - Setting next_dagrun for tutorial_dag to None, run_after=None
[2024-10-06T16:24:23.882+0000] {processor.py:183} INFO - Processing /home/airflow/.local/lib/python3.8/site-packages/airflow/example_dags/tutorial_dag.py took 0.048 seconds
[2024-10-06T16:24:54.866+0000] {processor.py:161} INFO - Started process (PID=3945) to work on /home/airflow/.local/lib/python3.8/site-packages/airflow/example_dags/tutorial_dag.py
[2024-10-06T16:24:54.867+0000] {processor.py:830} INFO - Processing file /home/airflow/.local/lib/python3.8/site-packages/airflow/example_dags/tutorial_dag.py for tasks to queue
[2024-10-06T16:24:54.868+0000] {logging_mixin.py:188} INFO - [2024-10-06T16:24:54.868+0000] {dagbag.py:538} INFO - Filling up the DagBag from /home/airflow/.local/lib/python3.8/site-packages/airflow/example_dags/tutorial_dag.py
[2024-10-06T16:24:54.871+0000] {processor.py:840} INFO - DAG(s) 'tutorial_dag' retrieved from /home/airflow/.local/lib/python3.8/site-packages/airflow/example_dags/tutorial_dag.py
[2024-10-06T16:24:54.885+0000] {logging_mixin.py:188} INFO - [2024-10-06T16:24:54.885+0000] {dag.py:3036} INFO - Sync 1 DAGs
[2024-10-06T16:24:54.892+0000] {logging_mixin.py:188} INFO - [2024-10-06T16:24:54.892+0000] {dag.py:3823} INFO - Setting next_dagrun for tutorial_dag to None, run_after=None
[2024-10-06T16:24:54.904+0000] {processor.py:183} INFO - Processing /home/airflow/.local/lib/python3.8/site-packages/airflow/example_dags/tutorial_dag.py took 0.040 seconds
[2024-10-06T16:25:24.934+0000] {processor.py:161} INFO - Started process (PID=4192) to work on /home/airflow/.local/lib/python3.8/site-packages/airflow/example_dags/tutorial_dag.py
[2024-10-06T16:25:24.935+0000] {processor.py:830} INFO - Processing file /home/airflow/.local/lib/python3.8/site-packages/airflow/example_dags/tutorial_dag.py for tasks to queue
[2024-10-06T16:25:24.936+0000] {logging_mixin.py:188} INFO - [2024-10-06T16:25:24.936+0000] {dagbag.py:538} INFO - Filling up the DagBag from /home/airflow/.local/lib/python3.8/site-packages/airflow/example_dags/tutorial_dag.py
[2024-10-06T16:25:24.940+0000] {processor.py:840} INFO - DAG(s) 'tutorial_dag' retrieved from /home/airflow/.local/lib/python3.8/site-packages/airflow/example_dags/tutorial_dag.py
[2024-10-06T16:25:24.954+0000] {logging_mixin.py:188} INFO - [2024-10-06T16:25:24.954+0000] {dag.py:3036} INFO - Sync 1 DAGs
[2024-10-06T16:25:24.961+0000] {logging_mixin.py:188} INFO - [2024-10-06T16:25:24.961+0000] {dag.py:3823} INFO - Setting next_dagrun for tutorial_dag to None, run_after=None
[2024-10-06T16:25:24.970+0000] {processor.py:183} INFO - Processing /home/airflow/.local/lib/python3.8/site-packages/airflow/example_dags/tutorial_dag.py took 0.038 seconds
[2024-10-06T16:25:55.244+0000] {processor.py:161} INFO - Started process (PID=4439) to work on /home/airflow/.local/lib/python3.8/site-packages/airflow/example_dags/tutorial_dag.py
[2024-10-06T16:25:55.245+0000] {processor.py:830} INFO - Processing file /home/airflow/.local/lib/python3.8/site-packages/airflow/example_dags/tutorial_dag.py for tasks to queue
[2024-10-06T16:25:55.246+0000] {logging_mixin.py:188} INFO - [2024-10-06T16:25:55.246+0000] {dagbag.py:538} INFO - Filling up the DagBag from /home/airflow/.local/lib/python3.8/site-packages/airflow/example_dags/tutorial_dag.py
[2024-10-06T16:25:55.253+0000] {processor.py:840} INFO - DAG(s) 'tutorial_dag' retrieved from /home/airflow/.local/lib/python3.8/site-packages/airflow/example_dags/tutorial_dag.py
[2024-10-06T16:25:55.267+0000] {logging_mixin.py:188} INFO - [2024-10-06T16:25:55.267+0000] {dag.py:3036} INFO - Sync 1 DAGs
[2024-10-06T16:25:55.275+0000] {logging_mixin.py:188} INFO - [2024-10-06T16:25:55.275+0000] {dag.py:3823} INFO - Setting next_dagrun for tutorial_dag to None, run_after=None
[2024-10-06T16:25:55.288+0000] {processor.py:183} INFO - Processing /home/airflow/.local/lib/python3.8/site-packages/airflow/example_dags/tutorial_dag.py took 0.047 seconds
[2024-10-06T16:26:25.322+0000] {processor.py:161} INFO - Started process (PID=4686) to work on /home/airflow/.local/lib/python3.8/site-packages/airflow/example_dags/tutorial_dag.py
[2024-10-06T16:26:25.323+0000] {processor.py:830} INFO - Processing file /home/airflow/.local/lib/python3.8/site-packages/airflow/example_dags/tutorial_dag.py for tasks to queue
[2024-10-06T16:26:25.323+0000] {logging_mixin.py:188} INFO - [2024-10-06T16:26:25.323+0000] {dagbag.py:538} INFO - Filling up the DagBag from /home/airflow/.local/lib/python3.8/site-packages/airflow/example_dags/tutorial_dag.py
[2024-10-06T16:26:25.327+0000] {processor.py:840} INFO - DAG(s) 'tutorial_dag' retrieved from /home/airflow/.local/lib/python3.8/site-packages/airflow/example_dags/tutorial_dag.py
[2024-10-06T16:26:25.339+0000] {logging_mixin.py:188} INFO - [2024-10-06T16:26:25.339+0000] {dag.py:3036} INFO - Sync 1 DAGs
[2024-10-06T16:26:25.348+0000] {logging_mixin.py:188} INFO - [2024-10-06T16:26:25.348+0000] {dag.py:3823} INFO - Setting next_dagrun for tutorial_dag to None, run_after=None
[2024-10-06T16:26:25.366+0000] {processor.py:183} INFO - Processing /home/airflow/.local/lib/python3.8/site-packages/airflow/example_dags/tutorial_dag.py took 0.047 seconds
[2024-10-06T16:26:55.452+0000] {processor.py:161} INFO - Started process (PID=4928) to work on /home/airflow/.local/lib/python3.8/site-packages/airflow/example_dags/tutorial_dag.py
[2024-10-06T16:26:55.453+0000] {processor.py:830} INFO - Processing file /home/airflow/.local/lib/python3.8/site-packages/airflow/example_dags/tutorial_dag.py for tasks to queue
[2024-10-06T16:26:55.454+0000] {logging_mixin.py:188} INFO - [2024-10-06T16:26:55.454+0000] {dagbag.py:538} INFO - Filling up the DagBag from /home/airflow/.local/lib/python3.8/site-packages/airflow/example_dags/tutorial_dag.py
[2024-10-06T16:26:55.457+0000] {processor.py:840} INFO - DAG(s) 'tutorial_dag' retrieved from /home/airflow/.local/lib/python3.8/site-packages/airflow/example_dags/tutorial_dag.py
[2024-10-06T16:26:55.471+0000] {logging_mixin.py:188} INFO - [2024-10-06T16:26:55.471+0000] {dag.py:3036} INFO - Sync 1 DAGs
[2024-10-06T16:26:55.479+0000] {logging_mixin.py:188} INFO - [2024-10-06T16:26:55.479+0000] {dag.py:3823} INFO - Setting next_dagrun for tutorial_dag to None, run_after=None
[2024-10-06T16:26:55.489+0000] {processor.py:183} INFO - Processing /home/airflow/.local/lib/python3.8/site-packages/airflow/example_dags/tutorial_dag.py took 0.039 seconds
[2024-10-06T16:27:25.697+0000] {processor.py:161} INFO - Started process (PID=5180) to work on /home/airflow/.local/lib/python3.8/site-packages/airflow/example_dags/tutorial_dag.py
[2024-10-06T16:27:25.698+0000] {processor.py:830} INFO - Processing file /home/airflow/.local/lib/python3.8/site-packages/airflow/example_dags/tutorial_dag.py for tasks to queue
[2024-10-06T16:27:25.698+0000] {logging_mixin.py:188} INFO - [2024-10-06T16:27:25.698+0000] {dagbag.py:538} INFO - Filling up the DagBag from /home/airflow/.local/lib/python3.8/site-packages/airflow/example_dags/tutorial_dag.py
[2024-10-06T16:27:25.702+0000] {processor.py:840} INFO - DAG(s) 'tutorial_dag' retrieved from /home/airflow/.local/lib/python3.8/site-packages/airflow/example_dags/tutorial_dag.py
[2024-10-06T16:27:25.716+0000] {logging_mixin.py:188} INFO - [2024-10-06T16:27:25.716+0000] {dag.py:3036} INFO - Sync 1 DAGs
[2024-10-06T16:27:25.723+0000] {logging_mixin.py:188} INFO - [2024-10-06T16:27:25.723+0000] {dag.py:3823} INFO - Setting next_dagrun for tutorial_dag to None, run_after=None
[2024-10-06T16:27:25.735+0000] {processor.py:183} INFO - Processing /home/airflow/.local/lib/python3.8/site-packages/airflow/example_dags/tutorial_dag.py took 0.040 seconds
