[2024-02-04T03:25:50.442+0000] {processor.py:161} INFO - Started process (PID=286) to work on /home/airflow/.local/lib/python3.8/site-packages/airflow/example_dags/example_task_group.py
[2024-02-04T03:25:50.444+0000] {processor.py:830} INFO - Processing file /home/airflow/.local/lib/python3.8/site-packages/airflow/example_dags/example_task_group.py for tasks to queue
[2024-02-04T03:25:50.446+0000] {logging_mixin.py:188} INFO - [2024-02-04T03:25:50.446+0000] {dagbag.py:538} INFO - Filling up the DagBag from /home/airflow/.local/lib/python3.8/site-packages/airflow/example_dags/example_task_group.py
[2024-02-04T03:25:50.453+0000] {processor.py:840} INFO - DAG(s) 'example_task_group' retrieved from /home/airflow/.local/lib/python3.8/site-packages/airflow/example_dags/example_task_group.py
[2024-02-04T03:25:50.485+0000] {logging_mixin.py:188} INFO - [2024-02-04T03:25:50.485+0000] {dag.py:3036} INFO - Sync 1 DAGs
[2024-02-04T03:25:50.509+0000] {logging_mixin.py:188} INFO - [2024-02-04T03:25:50.509+0000] {dag.py:3823} INFO - Setting next_dagrun for example_task_group to 2024-02-03 00:00:00+00:00, run_after=2024-02-04 00:00:00+00:00
[2024-02-04T03:25:50.550+0000] {processor.py:183} INFO - Processing /home/airflow/.local/lib/python3.8/site-packages/airflow/example_dags/example_task_group.py took 0.117 seconds
[2024-02-04T03:26:20.879+0000] {processor.py:161} INFO - Started process (PID=533) to work on /home/airflow/.local/lib/python3.8/site-packages/airflow/example_dags/example_task_group.py
[2024-02-04T03:26:20.880+0000] {processor.py:830} INFO - Processing file /home/airflow/.local/lib/python3.8/site-packages/airflow/example_dags/example_task_group.py for tasks to queue
[2024-02-04T03:26:20.881+0000] {logging_mixin.py:188} INFO - [2024-02-04T03:26:20.881+0000] {dagbag.py:538} INFO - Filling up the DagBag from /home/airflow/.local/lib/python3.8/site-packages/airflow/example_dags/example_task_group.py
[2024-02-04T03:26:20.885+0000] {processor.py:840} INFO - DAG(s) 'example_task_group' retrieved from /home/airflow/.local/lib/python3.8/site-packages/airflow/example_dags/example_task_group.py
[2024-02-04T03:26:20.895+0000] {logging_mixin.py:188} INFO - [2024-02-04T03:26:20.895+0000] {dag.py:3036} INFO - Sync 1 DAGs
[2024-02-04T03:26:20.905+0000] {logging_mixin.py:188} INFO - [2024-02-04T03:26:20.905+0000] {dag.py:3823} INFO - Setting next_dagrun for example_task_group to 2024-02-03 00:00:00+00:00, run_after=2024-02-04 00:00:00+00:00
[2024-02-04T03:26:20.914+0000] {processor.py:183} INFO - Processing /home/airflow/.local/lib/python3.8/site-packages/airflow/example_dags/example_task_group.py took 0.037 seconds
[2024-02-04T03:26:51.686+0000] {processor.py:161} INFO - Started process (PID=782) to work on /home/airflow/.local/lib/python3.8/site-packages/airflow/example_dags/example_task_group.py
[2024-02-04T03:26:51.686+0000] {processor.py:830} INFO - Processing file /home/airflow/.local/lib/python3.8/site-packages/airflow/example_dags/example_task_group.py for tasks to queue
[2024-02-04T03:26:51.687+0000] {logging_mixin.py:188} INFO - [2024-02-04T03:26:51.687+0000] {dagbag.py:538} INFO - Filling up the DagBag from /home/airflow/.local/lib/python3.8/site-packages/airflow/example_dags/example_task_group.py
[2024-02-04T03:26:51.691+0000] {processor.py:840} INFO - DAG(s) 'example_task_group' retrieved from /home/airflow/.local/lib/python3.8/site-packages/airflow/example_dags/example_task_group.py
[2024-02-04T03:26:51.702+0000] {logging_mixin.py:188} INFO - [2024-02-04T03:26:51.702+0000] {dag.py:3036} INFO - Sync 1 DAGs
[2024-02-04T03:26:51.712+0000] {logging_mixin.py:188} INFO - [2024-02-04T03:26:51.712+0000] {dag.py:3823} INFO - Setting next_dagrun for example_task_group to 2024-02-03 00:00:00+00:00, run_after=2024-02-04 00:00:00+00:00
[2024-02-04T03:26:51.720+0000] {processor.py:183} INFO - Processing /home/airflow/.local/lib/python3.8/site-packages/airflow/example_dags/example_task_group.py took 0.036 seconds
[2024-02-04T03:27:35.844+0000] {processor.py:161} INFO - Started process (PID=1029) to work on /home/airflow/.local/lib/python3.8/site-packages/airflow/example_dags/example_task_group.py
[2024-02-04T03:27:35.845+0000] {processor.py:830} INFO - Processing file /home/airflow/.local/lib/python3.8/site-packages/airflow/example_dags/example_task_group.py for tasks to queue
[2024-02-04T03:27:35.845+0000] {logging_mixin.py:188} INFO - [2024-02-04T03:27:35.845+0000] {dagbag.py:538} INFO - Filling up the DagBag from /home/airflow/.local/lib/python3.8/site-packages/airflow/example_dags/example_task_group.py
[2024-02-04T03:27:35.850+0000] {processor.py:840} INFO - DAG(s) 'example_task_group' retrieved from /home/airflow/.local/lib/python3.8/site-packages/airflow/example_dags/example_task_group.py
[2024-02-04T03:27:35.862+0000] {logging_mixin.py:188} INFO - [2024-02-04T03:27:35.862+0000] {dag.py:3036} INFO - Sync 1 DAGs
[2024-02-04T03:27:35.872+0000] {logging_mixin.py:188} INFO - [2024-02-04T03:27:35.872+0000] {dag.py:3823} INFO - Setting next_dagrun for example_task_group to 2024-02-03 00:00:00+00:00, run_after=2024-02-04 00:00:00+00:00
[2024-02-04T03:27:35.881+0000] {processor.py:183} INFO - Processing /home/airflow/.local/lib/python3.8/site-packages/airflow/example_dags/example_task_group.py took 0.039 seconds
[2024-02-04T03:28:18.645+0000] {processor.py:161} INFO - Started process (PID=286) to work on /home/airflow/.local/lib/python3.8/site-packages/airflow/example_dags/example_task_group.py
[2024-02-04T03:28:18.646+0000] {processor.py:830} INFO - Processing file /home/airflow/.local/lib/python3.8/site-packages/airflow/example_dags/example_task_group.py for tasks to queue
[2024-02-04T03:28:18.646+0000] {logging_mixin.py:188} INFO - [2024-02-04T03:28:18.646+0000] {dagbag.py:538} INFO - Filling up the DagBag from /home/airflow/.local/lib/python3.8/site-packages/airflow/example_dags/example_task_group.py
[2024-02-04T03:28:18.651+0000] {processor.py:840} INFO - DAG(s) 'example_task_group' retrieved from /home/airflow/.local/lib/python3.8/site-packages/airflow/example_dags/example_task_group.py
[2024-02-04T03:28:18.665+0000] {logging_mixin.py:188} INFO - [2024-02-04T03:28:18.664+0000] {dag.py:3036} INFO - Sync 1 DAGs
[2024-02-04T03:28:18.677+0000] {logging_mixin.py:188} INFO - [2024-02-04T03:28:18.676+0000] {dag.py:3823} INFO - Setting next_dagrun for example_task_group to 2024-02-03 00:00:00+00:00, run_after=2024-02-04 00:00:00+00:00
[2024-02-04T03:28:18.688+0000] {processor.py:183} INFO - Processing /home/airflow/.local/lib/python3.8/site-packages/airflow/example_dags/example_task_group.py took 0.045 seconds
