[2024-02-04T03:25:51.837+0000] {processor.py:161} INFO - Started process (PID=366) to work on /home/airflow/.local/lib/python3.8/site-packages/airflow/example_dags/example_branch_day_of_week_operator.py
[2024-02-04T03:25:51.838+0000] {processor.py:830} INFO - Processing file /home/airflow/.local/lib/python3.8/site-packages/airflow/example_dags/example_branch_day_of_week_operator.py for tasks to queue
[2024-02-04T03:25:51.840+0000] {logging_mixin.py:188} INFO - [2024-02-04T03:25:51.840+0000] {dagbag.py:538} INFO - Filling up the DagBag from /home/airflow/.local/lib/python3.8/site-packages/airflow/example_dags/example_branch_day_of_week_operator.py
[2024-02-04T03:25:51.849+0000] {processor.py:840} INFO - DAG(s) 'example_weekday_branch_operator' retrieved from /home/airflow/.local/lib/python3.8/site-packages/airflow/example_dags/example_branch_day_of_week_operator.py
[2024-02-04T03:25:51.869+0000] {logging_mixin.py:188} INFO - [2024-02-04T03:25:51.868+0000] {dag.py:3036} INFO - Sync 1 DAGs
[2024-02-04T03:25:51.889+0000] {logging_mixin.py:188} INFO - [2024-02-04T03:25:51.889+0000] {dag.py:3823} INFO - Setting next_dagrun for example_weekday_branch_operator to 2024-02-03 00:00:00+00:00, run_after=2024-02-04 00:00:00+00:00
[2024-02-04T03:25:51.908+0000] {processor.py:183} INFO - Processing /home/airflow/.local/lib/python3.8/site-packages/airflow/example_dags/example_branch_day_of_week_operator.py took 0.074 seconds
[2024-02-04T03:26:22.498+0000] {processor.py:161} INFO - Started process (PID=613) to work on /home/airflow/.local/lib/python3.8/site-packages/airflow/example_dags/example_branch_day_of_week_operator.py
[2024-02-04T03:26:22.499+0000] {processor.py:830} INFO - Processing file /home/airflow/.local/lib/python3.8/site-packages/airflow/example_dags/example_branch_day_of_week_operator.py for tasks to queue
[2024-02-04T03:26:22.500+0000] {logging_mixin.py:188} INFO - [2024-02-04T03:26:22.499+0000] {dagbag.py:538} INFO - Filling up the DagBag from /home/airflow/.local/lib/python3.8/site-packages/airflow/example_dags/example_branch_day_of_week_operator.py
[2024-02-04T03:26:22.504+0000] {processor.py:840} INFO - DAG(s) 'example_weekday_branch_operator' retrieved from /home/airflow/.local/lib/python3.8/site-packages/airflow/example_dags/example_branch_day_of_week_operator.py
[2024-02-04T03:26:22.516+0000] {logging_mixin.py:188} INFO - [2024-02-04T03:26:22.516+0000] {dag.py:3036} INFO - Sync 1 DAGs
[2024-02-04T03:26:22.527+0000] {logging_mixin.py:188} INFO - [2024-02-04T03:26:22.527+0000] {dag.py:3823} INFO - Setting next_dagrun for example_weekday_branch_operator to 2024-02-03 00:00:00+00:00, run_after=2024-02-04 00:00:00+00:00
[2024-02-04T03:26:22.537+0000] {processor.py:183} INFO - Processing /home/airflow/.local/lib/python3.8/site-packages/airflow/example_dags/example_branch_day_of_week_operator.py took 0.040 seconds
[2024-02-04T03:26:53.173+0000] {processor.py:161} INFO - Started process (PID=860) to work on /home/airflow/.local/lib/python3.8/site-packages/airflow/example_dags/example_branch_day_of_week_operator.py
[2024-02-04T03:26:53.173+0000] {processor.py:830} INFO - Processing file /home/airflow/.local/lib/python3.8/site-packages/airflow/example_dags/example_branch_day_of_week_operator.py for tasks to queue
[2024-02-04T03:26:53.174+0000] {logging_mixin.py:188} INFO - [2024-02-04T03:26:53.174+0000] {dagbag.py:538} INFO - Filling up the DagBag from /home/airflow/.local/lib/python3.8/site-packages/airflow/example_dags/example_branch_day_of_week_operator.py
[2024-02-04T03:26:53.178+0000] {processor.py:840} INFO - DAG(s) 'example_weekday_branch_operator' retrieved from /home/airflow/.local/lib/python3.8/site-packages/airflow/example_dags/example_branch_day_of_week_operator.py
[2024-02-04T03:26:53.190+0000] {logging_mixin.py:188} INFO - [2024-02-04T03:26:53.190+0000] {dag.py:3036} INFO - Sync 1 DAGs
[2024-02-04T03:26:53.202+0000] {logging_mixin.py:188} INFO - [2024-02-04T03:26:53.202+0000] {dag.py:3823} INFO - Setting next_dagrun for example_weekday_branch_operator to 2024-02-03 00:00:00+00:00, run_after=2024-02-04 00:00:00+00:00
[2024-02-04T03:26:53.211+0000] {processor.py:183} INFO - Processing /home/airflow/.local/lib/python3.8/site-packages/airflow/example_dags/example_branch_day_of_week_operator.py took 0.040 seconds
[2024-02-04T03:27:36.366+0000] {processor.py:161} INFO - Started process (PID=1107) to work on /home/airflow/.local/lib/python3.8/site-packages/airflow/example_dags/example_branch_day_of_week_operator.py
[2024-02-04T03:27:36.366+0000] {processor.py:830} INFO - Processing file /home/airflow/.local/lib/python3.8/site-packages/airflow/example_dags/example_branch_day_of_week_operator.py for tasks to queue
[2024-02-04T03:27:36.367+0000] {logging_mixin.py:188} INFO - [2024-02-04T03:27:36.367+0000] {dagbag.py:538} INFO - Filling up the DagBag from /home/airflow/.local/lib/python3.8/site-packages/airflow/example_dags/example_branch_day_of_week_operator.py
[2024-02-04T03:27:36.371+0000] {processor.py:840} INFO - DAG(s) 'example_weekday_branch_operator' retrieved from /home/airflow/.local/lib/python3.8/site-packages/airflow/example_dags/example_branch_day_of_week_operator.py
[2024-02-04T03:27:36.384+0000] {logging_mixin.py:188} INFO - [2024-02-04T03:27:36.384+0000] {dag.py:3036} INFO - Sync 1 DAGs
[2024-02-04T03:27:36.395+0000] {logging_mixin.py:188} INFO - [2024-02-04T03:27:36.395+0000] {dag.py:3823} INFO - Setting next_dagrun for example_weekday_branch_operator to 2024-02-03 00:00:00+00:00, run_after=2024-02-04 00:00:00+00:00
[2024-02-04T03:27:36.405+0000] {processor.py:183} INFO - Processing /home/airflow/.local/lib/python3.8/site-packages/airflow/example_dags/example_branch_day_of_week_operator.py took 0.041 seconds
[2024-02-04T03:28:19.264+0000] {processor.py:161} INFO - Started process (PID=368) to work on /home/airflow/.local/lib/python3.8/site-packages/airflow/example_dags/example_branch_day_of_week_operator.py
[2024-02-04T03:28:19.265+0000] {processor.py:830} INFO - Processing file /home/airflow/.local/lib/python3.8/site-packages/airflow/example_dags/example_branch_day_of_week_operator.py for tasks to queue
[2024-02-04T03:28:19.266+0000] {logging_mixin.py:188} INFO - [2024-02-04T03:28:19.265+0000] {dagbag.py:538} INFO - Filling up the DagBag from /home/airflow/.local/lib/python3.8/site-packages/airflow/example_dags/example_branch_day_of_week_operator.py
[2024-02-04T03:28:19.271+0000] {processor.py:840} INFO - DAG(s) 'example_weekday_branch_operator' retrieved from /home/airflow/.local/lib/python3.8/site-packages/airflow/example_dags/example_branch_day_of_week_operator.py
[2024-02-04T03:28:19.281+0000] {logging_mixin.py:188} INFO - [2024-02-04T03:28:19.281+0000] {dag.py:3036} INFO - Sync 1 DAGs
[2024-02-04T03:28:19.298+0000] {logging_mixin.py:188} INFO - [2024-02-04T03:28:19.298+0000] {dag.py:3823} INFO - Setting next_dagrun for example_weekday_branch_operator to 2024-02-03 00:00:00+00:00, run_after=2024-02-04 00:00:00+00:00
[2024-02-04T03:28:19.309+0000] {processor.py:183} INFO - Processing /home/airflow/.local/lib/python3.8/site-packages/airflow/example_dags/example_branch_day_of_week_operator.py took 0.048 seconds
