[2024-02-04T03:25:48.271+0000] {processor.py:161} INFO - Started process (PID=168) to work on /home/airflow/.local/lib/python3.8/site-packages/airflow/example_dags/example_latest_only_with_trigger.py
[2024-02-04T03:25:48.276+0000] {processor.py:830} INFO - Processing file /home/airflow/.local/lib/python3.8/site-packages/airflow/example_dags/example_latest_only_with_trigger.py for tasks to queue
[2024-02-04T03:25:48.278+0000] {logging_mixin.py:188} INFO - [2024-02-04T03:25:48.278+0000] {dagbag.py:538} INFO - Filling up the DagBag from /home/airflow/.local/lib/python3.8/site-packages/airflow/example_dags/example_latest_only_with_trigger.py
[2024-02-04T03:25:48.313+0000] {processor.py:840} INFO - DAG(s) 'latest_only_with_trigger' retrieved from /home/airflow/.local/lib/python3.8/site-packages/airflow/example_dags/example_latest_only_with_trigger.py
[2024-02-04T03:25:48.381+0000] {logging_mixin.py:188} INFO - [2024-02-04T03:25:48.381+0000] {dag.py:3036} INFO - Sync 1 DAGs
[2024-02-04T03:25:48.415+0000] {logging_mixin.py:188} INFO - [2024-02-04T03:25:48.414+0000] {dag.py:3823} INFO - Setting next_dagrun for latest_only_with_trigger to 2024-02-03 20:00:00+00:00, run_after=2024-02-04 00:00:00+00:00
[2024-02-04T03:25:48.456+0000] {processor.py:183} INFO - Processing /home/airflow/.local/lib/python3.8/site-packages/airflow/example_dags/example_latest_only_with_trigger.py took 0.194 seconds
[2024-02-04T03:26:19.130+0000] {processor.py:161} INFO - Started process (PID=415) to work on /home/airflow/.local/lib/python3.8/site-packages/airflow/example_dags/example_latest_only_with_trigger.py
[2024-02-04T03:26:19.131+0000] {processor.py:830} INFO - Processing file /home/airflow/.local/lib/python3.8/site-packages/airflow/example_dags/example_latest_only_with_trigger.py for tasks to queue
[2024-02-04T03:26:19.132+0000] {logging_mixin.py:188} INFO - [2024-02-04T03:26:19.131+0000] {dagbag.py:538} INFO - Filling up the DagBag from /home/airflow/.local/lib/python3.8/site-packages/airflow/example_dags/example_latest_only_with_trigger.py
[2024-02-04T03:26:19.136+0000] {processor.py:840} INFO - DAG(s) 'latest_only_with_trigger' retrieved from /home/airflow/.local/lib/python3.8/site-packages/airflow/example_dags/example_latest_only_with_trigger.py
[2024-02-04T03:26:19.154+0000] {logging_mixin.py:188} INFO - [2024-02-04T03:26:19.154+0000] {dag.py:3036} INFO - Sync 1 DAGs
[2024-02-04T03:26:19.170+0000] {logging_mixin.py:188} INFO - [2024-02-04T03:26:19.170+0000] {dag.py:3823} INFO - Setting next_dagrun for latest_only_with_trigger to 2024-02-03 20:00:00+00:00, run_after=2024-02-04 00:00:00+00:00
[2024-02-04T03:26:19.182+0000] {processor.py:183} INFO - Processing /home/airflow/.local/lib/python3.8/site-packages/airflow/example_dags/example_latest_only_with_trigger.py took 0.056 seconds
[2024-02-04T03:26:49.956+0000] {processor.py:161} INFO - Started process (PID=662) to work on /home/airflow/.local/lib/python3.8/site-packages/airflow/example_dags/example_latest_only_with_trigger.py
[2024-02-04T03:26:49.957+0000] {processor.py:830} INFO - Processing file /home/airflow/.local/lib/python3.8/site-packages/airflow/example_dags/example_latest_only_with_trigger.py for tasks to queue
[2024-02-04T03:26:49.959+0000] {logging_mixin.py:188} INFO - [2024-02-04T03:26:49.958+0000] {dagbag.py:538} INFO - Filling up the DagBag from /home/airflow/.local/lib/python3.8/site-packages/airflow/example_dags/example_latest_only_with_trigger.py
[2024-02-04T03:26:49.967+0000] {processor.py:840} INFO - DAG(s) 'latest_only_with_trigger' retrieved from /home/airflow/.local/lib/python3.8/site-packages/airflow/example_dags/example_latest_only_with_trigger.py
[2024-02-04T03:26:49.988+0000] {logging_mixin.py:188} INFO - [2024-02-04T03:26:49.988+0000] {dag.py:3036} INFO - Sync 1 DAGs
[2024-02-04T03:26:50.003+0000] {logging_mixin.py:188} INFO - [2024-02-04T03:26:50.003+0000] {dag.py:3823} INFO - Setting next_dagrun for latest_only_with_trigger to 2024-02-03 20:00:00+00:00, run_after=2024-02-04 00:00:00+00:00
[2024-02-04T03:26:50.021+0000] {processor.py:183} INFO - Processing /home/airflow/.local/lib/python3.8/site-packages/airflow/example_dags/example_latest_only_with_trigger.py took 0.071 seconds
[2024-02-04T03:27:20.557+0000] {processor.py:161} INFO - Started process (PID=909) to work on /home/airflow/.local/lib/python3.8/site-packages/airflow/example_dags/example_latest_only_with_trigger.py
[2024-02-04T03:27:20.557+0000] {processor.py:830} INFO - Processing file /home/airflow/.local/lib/python3.8/site-packages/airflow/example_dags/example_latest_only_with_trigger.py for tasks to queue
[2024-02-04T03:27:20.558+0000] {logging_mixin.py:188} INFO - [2024-02-04T03:27:20.558+0000] {dagbag.py:538} INFO - Filling up the DagBag from /home/airflow/.local/lib/python3.8/site-packages/airflow/example_dags/example_latest_only_with_trigger.py
[2024-02-04T03:27:20.563+0000] {processor.py:840} INFO - DAG(s) 'latest_only_with_trigger' retrieved from /home/airflow/.local/lib/python3.8/site-packages/airflow/example_dags/example_latest_only_with_trigger.py
[2024-02-04T03:27:35.084+0000] {logging_mixin.py:188} INFO - [2024-02-04T03:27:35.082+0000] {dag.py:3036} INFO - Sync 1 DAGs
[2024-02-04T03:27:35.102+0000] {logging_mixin.py:188} INFO - [2024-02-04T03:27:35.101+0000] {dag.py:3823} INFO - Setting next_dagrun for latest_only_with_trigger to 2024-02-03 20:00:00+00:00, run_after=2024-02-04 00:00:00+00:00
[2024-02-04T03:27:35.123+0000] {processor.py:183} INFO - Processing /home/airflow/.local/lib/python3.8/site-packages/airflow/example_dags/example_latest_only_with_trigger.py took 14.569 seconds
[2024-02-04T03:28:17.781+0000] {processor.py:161} INFO - Started process (PID=168) to work on /home/airflow/.local/lib/python3.8/site-packages/airflow/example_dags/example_latest_only_with_trigger.py
[2024-02-04T03:28:17.782+0000] {processor.py:830} INFO - Processing file /home/airflow/.local/lib/python3.8/site-packages/airflow/example_dags/example_latest_only_with_trigger.py for tasks to queue
[2024-02-04T03:28:17.782+0000] {logging_mixin.py:188} INFO - [2024-02-04T03:28:17.782+0000] {dagbag.py:538} INFO - Filling up the DagBag from /home/airflow/.local/lib/python3.8/site-packages/airflow/example_dags/example_latest_only_with_trigger.py
[2024-02-04T03:28:17.790+0000] {processor.py:840} INFO - DAG(s) 'latest_only_with_trigger' retrieved from /home/airflow/.local/lib/python3.8/site-packages/airflow/example_dags/example_latest_only_with_trigger.py
[2024-02-04T03:28:17.813+0000] {logging_mixin.py:188} INFO - [2024-02-04T03:28:17.813+0000] {dag.py:3036} INFO - Sync 1 DAGs
[2024-02-04T03:28:17.830+0000] {logging_mixin.py:188} INFO - [2024-02-04T03:28:17.829+0000] {dag.py:3823} INFO - Setting next_dagrun for latest_only_with_trigger to 2024-02-03 20:00:00+00:00, run_after=2024-02-04 00:00:00+00:00
[2024-02-04T03:28:17.841+0000] {processor.py:183} INFO - Processing /home/airflow/.local/lib/python3.8/site-packages/airflow/example_dags/example_latest_only_with_trigger.py took 0.063 seconds
