[2024-02-04T03:25:48.543+0000] {processor.py:161} INFO - Started process (PID=178) to work on /home/airflow/.local/lib/python3.8/site-packages/airflow/example_dags/example_branch_python_dop_operator_3.py
[2024-02-04T03:25:48.546+0000] {processor.py:830} INFO - Processing file /home/airflow/.local/lib/python3.8/site-packages/airflow/example_dags/example_branch_python_dop_operator_3.py for tasks to queue
[2024-02-04T03:25:48.548+0000] {logging_mixin.py:188} INFO - [2024-02-04T03:25:48.548+0000] {dagbag.py:538} INFO - Filling up the DagBag from /home/airflow/.local/lib/python3.8/site-packages/airflow/example_dags/example_branch_python_dop_operator_3.py
[2024-02-04T03:25:48.558+0000] {processor.py:840} INFO - DAG(s) 'example_branch_dop_operator_v3' retrieved from /home/airflow/.local/lib/python3.8/site-packages/airflow/example_dags/example_branch_python_dop_operator_3.py
[2024-02-04T03:25:48.581+0000] {logging_mixin.py:188} INFO - [2024-02-04T03:25:48.580+0000] {dag.py:3036} INFO - Sync 1 DAGs
[2024-02-04T03:25:48.601+0000] {logging_mixin.py:188} INFO - [2024-02-04T03:25:48.601+0000] {dag.py:3823} INFO - Setting next_dagrun for example_branch_dop_operator_v3 to 2024-02-04 03:24:00+00:00, run_after=2024-02-04 03:25:00+00:00
[2024-02-04T03:25:48.629+0000] {processor.py:183} INFO - Processing /home/airflow/.local/lib/python3.8/site-packages/airflow/example_dags/example_branch_python_dop_operator_3.py took 0.088 seconds
[2024-02-04T03:26:19.200+0000] {processor.py:161} INFO - Started process (PID=425) to work on /home/airflow/.local/lib/python3.8/site-packages/airflow/example_dags/example_branch_python_dop_operator_3.py
[2024-02-04T03:26:19.200+0000] {processor.py:830} INFO - Processing file /home/airflow/.local/lib/python3.8/site-packages/airflow/example_dags/example_branch_python_dop_operator_3.py for tasks to queue
[2024-02-04T03:26:19.201+0000] {logging_mixin.py:188} INFO - [2024-02-04T03:26:19.201+0000] {dagbag.py:538} INFO - Filling up the DagBag from /home/airflow/.local/lib/python3.8/site-packages/airflow/example_dags/example_branch_python_dop_operator_3.py
[2024-02-04T03:26:19.207+0000] {processor.py:840} INFO - DAG(s) 'example_branch_dop_operator_v3' retrieved from /home/airflow/.local/lib/python3.8/site-packages/airflow/example_dags/example_branch_python_dop_operator_3.py
[2024-02-04T03:26:19.218+0000] {logging_mixin.py:188} INFO - [2024-02-04T03:26:19.218+0000] {dag.py:3036} INFO - Sync 1 DAGs
[2024-02-04T03:26:19.231+0000] {logging_mixin.py:188} INFO - [2024-02-04T03:26:19.231+0000] {dag.py:3823} INFO - Setting next_dagrun for example_branch_dop_operator_v3 to 2024-02-04 03:25:00+00:00, run_after=2024-02-04 03:26:00+00:00
[2024-02-04T03:26:19.240+0000] {processor.py:183} INFO - Processing /home/airflow/.local/lib/python3.8/site-packages/airflow/example_dags/example_branch_python_dop_operator_3.py took 0.042 seconds
[2024-02-04T03:26:50.037+0000] {processor.py:161} INFO - Started process (PID=672) to work on /home/airflow/.local/lib/python3.8/site-packages/airflow/example_dags/example_branch_python_dop_operator_3.py
[2024-02-04T03:26:50.037+0000] {processor.py:830} INFO - Processing file /home/airflow/.local/lib/python3.8/site-packages/airflow/example_dags/example_branch_python_dop_operator_3.py for tasks to queue
[2024-02-04T03:26:50.038+0000] {logging_mixin.py:188} INFO - [2024-02-04T03:26:50.038+0000] {dagbag.py:538} INFO - Filling up the DagBag from /home/airflow/.local/lib/python3.8/site-packages/airflow/example_dags/example_branch_python_dop_operator_3.py
[2024-02-04T03:26:50.043+0000] {processor.py:840} INFO - DAG(s) 'example_branch_dop_operator_v3' retrieved from /home/airflow/.local/lib/python3.8/site-packages/airflow/example_dags/example_branch_python_dop_operator_3.py
[2024-02-04T03:26:50.054+0000] {logging_mixin.py:188} INFO - [2024-02-04T03:26:50.054+0000] {dag.py:3036} INFO - Sync 1 DAGs
[2024-02-04T03:26:50.069+0000] {logging_mixin.py:188} INFO - [2024-02-04T03:26:50.068+0000] {dag.py:3823} INFO - Setting next_dagrun for example_branch_dop_operator_v3 to 2024-02-04 03:25:00+00:00, run_after=2024-02-04 03:26:00+00:00
[2024-02-04T03:26:50.081+0000] {processor.py:183} INFO - Processing /home/airflow/.local/lib/python3.8/site-packages/airflow/example_dags/example_branch_python_dop_operator_3.py took 0.047 seconds
[2024-02-04T03:27:35.141+0000] {processor.py:161} INFO - Started process (PID=919) to work on /home/airflow/.local/lib/python3.8/site-packages/airflow/example_dags/example_branch_python_dop_operator_3.py
[2024-02-04T03:27:35.142+0000] {processor.py:830} INFO - Processing file /home/airflow/.local/lib/python3.8/site-packages/airflow/example_dags/example_branch_python_dop_operator_3.py for tasks to queue
[2024-02-04T03:27:35.143+0000] {logging_mixin.py:188} INFO - [2024-02-04T03:27:35.143+0000] {dagbag.py:538} INFO - Filling up the DagBag from /home/airflow/.local/lib/python3.8/site-packages/airflow/example_dags/example_branch_python_dop_operator_3.py
[2024-02-04T03:27:35.149+0000] {processor.py:840} INFO - DAG(s) 'example_branch_dop_operator_v3' retrieved from /home/airflow/.local/lib/python3.8/site-packages/airflow/example_dags/example_branch_python_dop_operator_3.py
[2024-02-04T03:27:35.176+0000] {logging_mixin.py:188} INFO - [2024-02-04T03:27:35.176+0000] {dag.py:3036} INFO - Sync 1 DAGs
[2024-02-04T03:27:35.191+0000] {logging_mixin.py:188} INFO - [2024-02-04T03:27:35.191+0000] {dag.py:3823} INFO - Setting next_dagrun for example_branch_dop_operator_v3 to 2024-02-04 03:26:00+00:00, run_after=2024-02-04 03:27:00+00:00
[2024-02-04T03:27:35.210+0000] {processor.py:183} INFO - Processing /home/airflow/.local/lib/python3.8/site-packages/airflow/example_dags/example_branch_python_dop_operator_3.py took 0.071 seconds
[2024-02-04T03:28:17.866+0000] {processor.py:161} INFO - Started process (PID=178) to work on /home/airflow/.local/lib/python3.8/site-packages/airflow/example_dags/example_branch_python_dop_operator_3.py
[2024-02-04T03:28:17.867+0000] {processor.py:830} INFO - Processing file /home/airflow/.local/lib/python3.8/site-packages/airflow/example_dags/example_branch_python_dop_operator_3.py for tasks to queue
[2024-02-04T03:28:17.867+0000] {logging_mixin.py:188} INFO - [2024-02-04T03:28:17.867+0000] {dagbag.py:538} INFO - Filling up the DagBag from /home/airflow/.local/lib/python3.8/site-packages/airflow/example_dags/example_branch_python_dop_operator_3.py
[2024-02-04T03:28:17.873+0000] {processor.py:840} INFO - DAG(s) 'example_branch_dop_operator_v3' retrieved from /home/airflow/.local/lib/python3.8/site-packages/airflow/example_dags/example_branch_python_dop_operator_3.py
[2024-02-04T03:28:17.880+0000] {logging_mixin.py:188} INFO - [2024-02-04T03:28:17.880+0000] {dag.py:3036} INFO - Sync 1 DAGs
[2024-02-04T03:28:17.894+0000] {logging_mixin.py:188} INFO - [2024-02-04T03:28:17.894+0000] {dag.py:3823} INFO - Setting next_dagrun for example_branch_dop_operator_v3 to 2024-02-04 03:27:00+00:00, run_after=2024-02-04 03:28:00+00:00
[2024-02-04T03:28:17.905+0000] {processor.py:183} INFO - Processing /home/airflow/.local/lib/python3.8/site-packages/airflow/example_dags/example_branch_python_dop_operator_3.py took 0.041 seconds
