[2024-02-04T03:25:51.320+0000] {processor.py:161} INFO - Started process (PID=331) to work on /home/airflow/.local/lib/python3.8/site-packages/airflow/example_dags/example_complex.py
[2024-02-04T03:25:51.321+0000] {processor.py:830} INFO - Processing file /home/airflow/.local/lib/python3.8/site-packages/airflow/example_dags/example_complex.py for tasks to queue
[2024-02-04T03:25:51.322+0000] {logging_mixin.py:188} INFO - [2024-02-04T03:25:51.322+0000] {dagbag.py:538} INFO - Filling up the DagBag from /home/airflow/.local/lib/python3.8/site-packages/airflow/example_dags/example_complex.py
[2024-02-04T03:25:51.331+0000] {processor.py:840} INFO - DAG(s) 'example_complex' retrieved from /home/airflow/.local/lib/python3.8/site-packages/airflow/example_dags/example_complex.py
[2024-02-04T03:25:51.369+0000] {logging_mixin.py:188} INFO - [2024-02-04T03:25:51.369+0000] {dag.py:3036} INFO - Sync 1 DAGs
[2024-02-04T03:25:51.380+0000] {logging_mixin.py:188} INFO - [2024-02-04T03:25:51.379+0000] {dag.py:3823} INFO - Setting next_dagrun for example_complex to None, run_after=None
[2024-02-04T03:25:51.419+0000] {processor.py:183} INFO - Processing /home/airflow/.local/lib/python3.8/site-packages/airflow/example_dags/example_complex.py took 0.102 seconds
[2024-02-04T03:26:22.292+0000] {processor.py:161} INFO - Started process (PID=578) to work on /home/airflow/.local/lib/python3.8/site-packages/airflow/example_dags/example_complex.py
[2024-02-04T03:26:22.293+0000] {processor.py:830} INFO - Processing file /home/airflow/.local/lib/python3.8/site-packages/airflow/example_dags/example_complex.py for tasks to queue
[2024-02-04T03:26:22.294+0000] {logging_mixin.py:188} INFO - [2024-02-04T03:26:22.293+0000] {dagbag.py:538} INFO - Filling up the DagBag from /home/airflow/.local/lib/python3.8/site-packages/airflow/example_dags/example_complex.py
[2024-02-04T03:26:22.300+0000] {processor.py:840} INFO - DAG(s) 'example_complex' retrieved from /home/airflow/.local/lib/python3.8/site-packages/airflow/example_dags/example_complex.py
[2024-02-04T03:26:22.316+0000] {logging_mixin.py:188} INFO - [2024-02-04T03:26:22.316+0000] {dag.py:3036} INFO - Sync 1 DAGs
[2024-02-04T03:26:22.322+0000] {logging_mixin.py:188} INFO - [2024-02-04T03:26:22.322+0000] {dag.py:3823} INFO - Setting next_dagrun for example_complex to None, run_after=None
[2024-02-04T03:26:22.331+0000] {processor.py:183} INFO - Processing /home/airflow/.local/lib/python3.8/site-packages/airflow/example_dags/example_complex.py took 0.041 seconds
[2024-02-04T03:26:52.968+0000] {processor.py:161} INFO - Started process (PID=825) to work on /home/airflow/.local/lib/python3.8/site-packages/airflow/example_dags/example_complex.py
[2024-02-04T03:26:52.969+0000] {processor.py:830} INFO - Processing file /home/airflow/.local/lib/python3.8/site-packages/airflow/example_dags/example_complex.py for tasks to queue
[2024-02-04T03:26:52.969+0000] {logging_mixin.py:188} INFO - [2024-02-04T03:26:52.969+0000] {dagbag.py:538} INFO - Filling up the DagBag from /home/airflow/.local/lib/python3.8/site-packages/airflow/example_dags/example_complex.py
[2024-02-04T03:26:52.975+0000] {processor.py:840} INFO - DAG(s) 'example_complex' retrieved from /home/airflow/.local/lib/python3.8/site-packages/airflow/example_dags/example_complex.py
[2024-02-04T03:26:52.991+0000] {logging_mixin.py:188} INFO - [2024-02-04T03:26:52.991+0000] {dag.py:3036} INFO - Sync 1 DAGs
[2024-02-04T03:26:52.997+0000] {logging_mixin.py:188} INFO - [2024-02-04T03:26:52.997+0000] {dag.py:3823} INFO - Setting next_dagrun for example_complex to None, run_after=None
[2024-02-04T03:26:53.006+0000] {processor.py:183} INFO - Processing /home/airflow/.local/lib/python3.8/site-packages/airflow/example_dags/example_complex.py took 0.040 seconds
[2024-02-04T03:27:36.175+0000] {processor.py:161} INFO - Started process (PID=1074) to work on /home/airflow/.local/lib/python3.8/site-packages/airflow/example_dags/example_complex.py
[2024-02-04T03:27:36.176+0000] {processor.py:830} INFO - Processing file /home/airflow/.local/lib/python3.8/site-packages/airflow/example_dags/example_complex.py for tasks to queue
[2024-02-04T03:27:36.177+0000] {logging_mixin.py:188} INFO - [2024-02-04T03:27:36.177+0000] {dagbag.py:538} INFO - Filling up the DagBag from /home/airflow/.local/lib/python3.8/site-packages/airflow/example_dags/example_complex.py
[2024-02-04T03:27:36.183+0000] {processor.py:840} INFO - DAG(s) 'example_complex' retrieved from /home/airflow/.local/lib/python3.8/site-packages/airflow/example_dags/example_complex.py
[2024-02-04T03:27:36.199+0000] {logging_mixin.py:188} INFO - [2024-02-04T03:27:36.199+0000] {dag.py:3036} INFO - Sync 1 DAGs
[2024-02-04T03:27:36.206+0000] {logging_mixin.py:188} INFO - [2024-02-04T03:27:36.206+0000] {dag.py:3823} INFO - Setting next_dagrun for example_complex to None, run_after=None
[2024-02-04T03:27:36.215+0000] {processor.py:183} INFO - Processing /home/airflow/.local/lib/python3.8/site-packages/airflow/example_dags/example_complex.py took 0.042 seconds
[2024-02-04T03:28:18.967+0000] {processor.py:161} INFO - Started process (PID=331) to work on /home/airflow/.local/lib/python3.8/site-packages/airflow/example_dags/example_complex.py
[2024-02-04T03:28:18.968+0000] {processor.py:830} INFO - Processing file /home/airflow/.local/lib/python3.8/site-packages/airflow/example_dags/example_complex.py for tasks to queue
[2024-02-04T03:28:18.968+0000] {logging_mixin.py:188} INFO - [2024-02-04T03:28:18.968+0000] {dagbag.py:538} INFO - Filling up the DagBag from /home/airflow/.local/lib/python3.8/site-packages/airflow/example_dags/example_complex.py
[2024-02-04T03:28:18.976+0000] {processor.py:840} INFO - DAG(s) 'example_complex' retrieved from /home/airflow/.local/lib/python3.8/site-packages/airflow/example_dags/example_complex.py
[2024-02-04T03:28:18.986+0000] {logging_mixin.py:188} INFO - [2024-02-04T03:28:18.985+0000] {dag.py:3036} INFO - Sync 1 DAGs
[2024-02-04T03:28:18.995+0000] {logging_mixin.py:188} INFO - [2024-02-04T03:28:18.995+0000] {dag.py:3823} INFO - Setting next_dagrun for example_complex to None, run_after=None
[2024-02-04T03:28:19.010+0000] {processor.py:183} INFO - Processing /home/airflow/.local/lib/python3.8/site-packages/airflow/example_dags/example_complex.py took 0.046 seconds
