[2024-10-19T17:00:00.848+0000] {taskinstance.py:1956} INFO - Dependencies all met for dep_context=non-requeueable deps ti=<TaskInstance: cdc_to_minio.run_cdc_to_redis scheduled__2024-10-18T17:00:00+00:00 [queued]>
[2024-10-19T17:00:00.852+0000] {taskinstance.py:1956} INFO - Dependencies all met for dep_context=requeueable deps ti=<TaskInstance: cdc_to_minio.run_cdc_to_redis scheduled__2024-10-18T17:00:00+00:00 [queued]>
[2024-10-19T17:00:00.853+0000] {taskinstance.py:2170} INFO - Starting attempt 1 of 2
[2024-10-19T17:00:00.862+0000] {taskinstance.py:2191} INFO - Executing <Task(PythonOperator): run_cdc_to_redis> on 2024-10-18 17:00:00+00:00
[2024-10-19T17:00:00.865+0000] {standard_task_runner.py:60} INFO - Started process 1150 to run task
[2024-10-19T17:00:00.867+0000] {standard_task_runner.py:87} INFO - Running: ['***', 'tasks', 'run', 'cdc_to_minio', 'run_cdc_to_redis', 'scheduled__2024-10-18T17:00:00+00:00', '--job-id', '209', '--raw', '--subdir', 'DAGS_FOLDER/pipeline_cdc_to_minio.py', '--cfg-path', '/tmp/tmpiikn8jkd']
[2024-10-19T17:00:00.869+0000] {standard_task_runner.py:88} INFO - Job 209: Subtask run_cdc_to_redis
[2024-10-19T17:00:00.894+0000] {task_command.py:423} INFO - Running <TaskInstance: cdc_to_minio.run_cdc_to_redis scheduled__2024-10-18T17:00:00+00:00 [running]> on host beb6c7b4df4e
[2024-10-19T17:00:00.948+0000] {taskinstance.py:2480} INFO - Exporting env vars: AIRFLOW_CTX_DAG_OWNER='***' AIRFLOW_CTX_DAG_ID='cdc_to_minio' AIRFLOW_CTX_TASK_ID='run_cdc_to_redis' AIRFLOW_CTX_EXECUTION_DATE='2024-10-18T17:00:00+00:00' AIRFLOW_CTX_TRY_NUMBER='1' AIRFLOW_CTX_DAG_RUN_ID='scheduled__2024-10-18T17:00:00+00:00'
[2024-10-19T17:00:01.030+0000] {python.py:201} INFO - Done. Returned value was: None
[2024-10-19T17:00:01.039+0000] {taskinstance.py:1138} INFO - Marking task as SUCCESS. dag_id=cdc_to_minio, task_id=run_cdc_to_redis, execution_date=20241018T170000, start_date=20241019T170000, end_date=20241019T170001
[2024-10-19T17:00:01.083+0000] {local_task_job_runner.py:234} INFO - Task exited with return code 0
[2024-10-19T17:00:01.096+0000] {taskinstance.py:3280} INFO - 1 downstream tasks scheduled from follow-on schedule check
[2024-10-20T15:21:27.121+0000] {taskinstance.py:1956} INFO - Dependencies all met for dep_context=non-requeueable deps ti=<TaskInstance: cdc_to_minio.run_cdc_to_redis scheduled__2024-10-18T17:00:00+00:00 [queued]>
[2024-10-20T15:21:27.126+0000] {taskinstance.py:1956} INFO - Dependencies all met for dep_context=requeueable deps ti=<TaskInstance: cdc_to_minio.run_cdc_to_redis scheduled__2024-10-18T17:00:00+00:00 [queued]>
[2024-10-20T15:21:27.126+0000] {taskinstance.py:2170} INFO - Starting attempt 1 of 2
[2024-10-20T15:21:27.133+0000] {taskinstance.py:2191} INFO - Executing <Task(BashOperator): run_cdc_to_redis> on 2024-10-18 17:00:00+00:00
[2024-10-20T15:21:27.136+0000] {standard_task_runner.py:60} INFO - Started process 2367 to run task
[2024-10-20T15:21:27.139+0000] {standard_task_runner.py:87} INFO - Running: ['***', 'tasks', 'run', 'cdc_to_minio', 'run_cdc_to_redis', 'scheduled__2024-10-18T17:00:00+00:00', '--job-id', '227', '--raw', '--subdir', 'DAGS_FOLDER/pipeline_cdc_to_minio.py', '--cfg-path', '/tmp/tmp_4j55qg2']
[2024-10-20T15:21:27.141+0000] {standard_task_runner.py:88} INFO - Job 227: Subtask run_cdc_to_redis
[2024-10-20T15:21:27.171+0000] {task_command.py:423} INFO - Running <TaskInstance: cdc_to_minio.run_cdc_to_redis scheduled__2024-10-18T17:00:00+00:00 [running]> on host 971d6e3a7621
[2024-10-20T15:21:27.212+0000] {taskinstance.py:2480} INFO - Exporting env vars: AIRFLOW_CTX_DAG_OWNER='***' AIRFLOW_CTX_DAG_ID='cdc_to_minio' AIRFLOW_CTX_TASK_ID='run_cdc_to_redis' AIRFLOW_CTX_EXECUTION_DATE='2024-10-18T17:00:00+00:00' AIRFLOW_CTX_TRY_NUMBER='1' AIRFLOW_CTX_DAG_RUN_ID='scheduled__2024-10-18T17:00:00+00:00'
[2024-10-20T15:21:27.215+0000] {subprocess.py:63} INFO - Tmp dir root location: /tmp
[2024-10-20T15:21:27.216+0000] {subprocess.py:75} INFO - Running command: ['/usr/bin/bash', '-c', 'python3 /opt/***/src/kafka_consumer/cdc_to_redis.py']
[2024-10-20T15:21:27.221+0000] {subprocess.py:86} INFO - Output:
[2024-10-20T15:21:27.328+0000] {subprocess.py:93} INFO - Traceback (most recent call last):
[2024-10-20T15:21:27.328+0000] {subprocess.py:93} INFO -   File "/opt/***/src/kafka_consumer/cdc_to_redis.py", line 3, in <module>
[2024-10-20T15:21:27.329+0000] {subprocess.py:93} INFO -     from kafka import KafkaConsumer # type: ignore
[2024-10-20T15:21:27.329+0000] {subprocess.py:93} INFO - ModuleNotFoundError: No module named 'kafka'
[2024-10-20T15:21:27.336+0000] {subprocess.py:97} INFO - Command exited with return code 1
[2024-10-20T15:21:27.344+0000] {taskinstance.py:2698} ERROR - Task failed with exception
Traceback (most recent call last):
  File "/home/airflow/.local/lib/python3.8/site-packages/airflow/models/taskinstance.py", line 433, in _execute_task
    result = execute_callable(context=context, **execute_callable_kwargs)
  File "/home/airflow/.local/lib/python3.8/site-packages/airflow/operators/bash.py", line 212, in execute
    raise AirflowException(
airflow.exceptions.AirflowException: Bash command failed. The command returned a non-zero exit code 1.
[2024-10-20T15:21:27.345+0000] {taskinstance.py:1138} INFO - Marking task as UP_FOR_RETRY. dag_id=cdc_to_minio, task_id=run_cdc_to_redis, execution_date=20241018T170000, start_date=20241020T152127, end_date=20241020T152127
[2024-10-20T15:21:27.354+0000] {standard_task_runner.py:107} ERROR - Failed to execute job 227 for task run_cdc_to_redis (Bash command failed. The command returned a non-zero exit code 1.; 2367)
[2024-10-20T15:21:27.394+0000] {local_task_job_runner.py:234} INFO - Task exited with return code 1
[2024-10-20T15:21:27.415+0000] {taskinstance.py:3280} INFO - 0 downstream tasks scheduled from follow-on schedule check
