[2024-09-07T15:59:09.573+0000] {processor.py:161} INFO - Started process (PID=366) to work on /home/airflow/.local/lib/python3.8/site-packages/airflow/example_dags/example_branch_day_of_week_operator.py
[2024-09-07T15:59:09.574+0000] {processor.py:830} INFO - Processing file /home/airflow/.local/lib/python3.8/site-packages/airflow/example_dags/example_branch_day_of_week_operator.py for tasks to queue
[2024-09-07T15:59:09.576+0000] {logging_mixin.py:188} INFO - [2024-09-07T15:59:09.575+0000] {dagbag.py:538} INFO - Filling up the DagBag from /home/airflow/.local/lib/python3.8/site-packages/airflow/example_dags/example_branch_day_of_week_operator.py
[2024-09-07T15:59:09.581+0000] {processor.py:840} INFO - DAG(s) 'example_weekday_branch_operator' retrieved from /home/airflow/.local/lib/python3.8/site-packages/airflow/example_dags/example_branch_day_of_week_operator.py
[2024-09-07T15:59:09.601+0000] {logging_mixin.py:188} INFO - [2024-09-07T15:59:09.601+0000] {dag.py:3036} INFO - Sync 1 DAGs
[2024-09-07T15:59:09.623+0000] {logging_mixin.py:188} INFO - [2024-09-07T15:59:09.622+0000] {dag.py:3823} INFO - Setting next_dagrun for example_weekday_branch_operator to 2024-09-06 00:00:00+00:00, run_after=2024-09-07 00:00:00+00:00
[2024-09-07T15:59:09.641+0000] {processor.py:183} INFO - Processing /home/airflow/.local/lib/python3.8/site-packages/airflow/example_dags/example_branch_day_of_week_operator.py took 0.071 seconds
[2024-09-07T15:59:39.719+0000] {processor.py:161} INFO - Started process (PID=613) to work on /home/airflow/.local/lib/python3.8/site-packages/airflow/example_dags/example_branch_day_of_week_operator.py
[2024-09-07T15:59:39.720+0000] {processor.py:830} INFO - Processing file /home/airflow/.local/lib/python3.8/site-packages/airflow/example_dags/example_branch_day_of_week_operator.py for tasks to queue
[2024-09-07T15:59:39.721+0000] {logging_mixin.py:188} INFO - [2024-09-07T15:59:39.720+0000] {dagbag.py:538} INFO - Filling up the DagBag from /home/airflow/.local/lib/python3.8/site-packages/airflow/example_dags/example_branch_day_of_week_operator.py
[2024-09-07T15:59:39.726+0000] {processor.py:840} INFO - DAG(s) 'example_weekday_branch_operator' retrieved from /home/airflow/.local/lib/python3.8/site-packages/airflow/example_dags/example_branch_day_of_week_operator.py
[2024-09-07T15:59:39.741+0000] {logging_mixin.py:188} INFO - [2024-09-07T15:59:39.741+0000] {dag.py:3036} INFO - Sync 1 DAGs
[2024-09-07T15:59:39.755+0000] {logging_mixin.py:188} INFO - [2024-09-07T15:59:39.755+0000] {dag.py:3823} INFO - Setting next_dagrun for example_weekday_branch_operator to 2024-09-06 00:00:00+00:00, run_after=2024-09-07 00:00:00+00:00
[2024-09-07T15:59:39.767+0000] {processor.py:183} INFO - Processing /home/airflow/.local/lib/python3.8/site-packages/airflow/example_dags/example_branch_day_of_week_operator.py took 0.050 seconds
[2024-09-07T16:00:10.485+0000] {processor.py:161} INFO - Started process (PID=860) to work on /home/airflow/.local/lib/python3.8/site-packages/airflow/example_dags/example_branch_day_of_week_operator.py
[2024-09-07T16:00:10.486+0000] {processor.py:830} INFO - Processing file /home/airflow/.local/lib/python3.8/site-packages/airflow/example_dags/example_branch_day_of_week_operator.py for tasks to queue
[2024-09-07T16:00:10.487+0000] {logging_mixin.py:188} INFO - [2024-09-07T16:00:10.487+0000] {dagbag.py:538} INFO - Filling up the DagBag from /home/airflow/.local/lib/python3.8/site-packages/airflow/example_dags/example_branch_day_of_week_operator.py
[2024-09-07T16:00:10.491+0000] {processor.py:840} INFO - DAG(s) 'example_weekday_branch_operator' retrieved from /home/airflow/.local/lib/python3.8/site-packages/airflow/example_dags/example_branch_day_of_week_operator.py
[2024-09-07T16:00:10.507+0000] {logging_mixin.py:188} INFO - [2024-09-07T16:00:10.506+0000] {dag.py:3036} INFO - Sync 1 DAGs
[2024-09-07T16:00:10.519+0000] {logging_mixin.py:188} INFO - [2024-09-07T16:00:10.519+0000] {dag.py:3823} INFO - Setting next_dagrun for example_weekday_branch_operator to 2024-09-06 00:00:00+00:00, run_after=2024-09-07 00:00:00+00:00
[2024-09-07T16:00:10.529+0000] {processor.py:183} INFO - Processing /home/airflow/.local/lib/python3.8/site-packages/airflow/example_dags/example_branch_day_of_week_operator.py took 0.046 seconds
[2024-09-07T16:00:41.121+0000] {processor.py:161} INFO - Started process (PID=1107) to work on /home/airflow/.local/lib/python3.8/site-packages/airflow/example_dags/example_branch_day_of_week_operator.py
[2024-09-07T16:00:41.122+0000] {processor.py:830} INFO - Processing file /home/airflow/.local/lib/python3.8/site-packages/airflow/example_dags/example_branch_day_of_week_operator.py for tasks to queue
[2024-09-07T16:00:41.122+0000] {logging_mixin.py:188} INFO - [2024-09-07T16:00:41.122+0000] {dagbag.py:538} INFO - Filling up the DagBag from /home/airflow/.local/lib/python3.8/site-packages/airflow/example_dags/example_branch_day_of_week_operator.py
[2024-09-07T16:00:41.128+0000] {processor.py:840} INFO - DAG(s) 'example_weekday_branch_operator' retrieved from /home/airflow/.local/lib/python3.8/site-packages/airflow/example_dags/example_branch_day_of_week_operator.py
[2024-09-07T16:00:41.143+0000] {logging_mixin.py:188} INFO - [2024-09-07T16:00:41.143+0000] {dag.py:3036} INFO - Sync 1 DAGs
[2024-09-07T16:00:41.155+0000] {logging_mixin.py:188} INFO - [2024-09-07T16:00:41.155+0000] {dag.py:3823} INFO - Setting next_dagrun for example_weekday_branch_operator to 2024-09-06 00:00:00+00:00, run_after=2024-09-07 00:00:00+00:00
[2024-09-07T16:00:41.165+0000] {processor.py:183} INFO - Processing /home/airflow/.local/lib/python3.8/site-packages/airflow/example_dags/example_branch_day_of_week_operator.py took 0.047 seconds
[2024-09-07T16:01:11.779+0000] {processor.py:161} INFO - Started process (PID=1354) to work on /home/airflow/.local/lib/python3.8/site-packages/airflow/example_dags/example_branch_day_of_week_operator.py
[2024-09-07T16:01:11.780+0000] {processor.py:830} INFO - Processing file /home/airflow/.local/lib/python3.8/site-packages/airflow/example_dags/example_branch_day_of_week_operator.py for tasks to queue
[2024-09-07T16:01:11.781+0000] {logging_mixin.py:188} INFO - [2024-09-07T16:01:11.781+0000] {dagbag.py:538} INFO - Filling up the DagBag from /home/airflow/.local/lib/python3.8/site-packages/airflow/example_dags/example_branch_day_of_week_operator.py
[2024-09-07T16:01:11.786+0000] {processor.py:840} INFO - DAG(s) 'example_weekday_branch_operator' retrieved from /home/airflow/.local/lib/python3.8/site-packages/airflow/example_dags/example_branch_day_of_week_operator.py
[2024-09-07T16:01:11.799+0000] {logging_mixin.py:188} INFO - [2024-09-07T16:01:11.799+0000] {dag.py:3036} INFO - Sync 1 DAGs
[2024-09-07T16:01:11.813+0000] {logging_mixin.py:188} INFO - [2024-09-07T16:01:11.813+0000] {dag.py:3823} INFO - Setting next_dagrun for example_weekday_branch_operator to 2024-09-06 00:00:00+00:00, run_after=2024-09-07 00:00:00+00:00
[2024-09-07T16:01:11.824+0000] {processor.py:183} INFO - Processing /home/airflow/.local/lib/python3.8/site-packages/airflow/example_dags/example_branch_day_of_week_operator.py took 0.046 seconds
[2024-09-07T16:01:43.191+0000] {processor.py:161} INFO - Started process (PID=1600) to work on /home/airflow/.local/lib/python3.8/site-packages/airflow/example_dags/example_branch_day_of_week_operator.py
[2024-09-07T16:01:43.193+0000] {processor.py:830} INFO - Processing file /home/airflow/.local/lib/python3.8/site-packages/airflow/example_dags/example_branch_day_of_week_operator.py for tasks to queue
[2024-09-07T16:01:43.194+0000] {logging_mixin.py:188} INFO - [2024-09-07T16:01:43.194+0000] {dagbag.py:538} INFO - Filling up the DagBag from /home/airflow/.local/lib/python3.8/site-packages/airflow/example_dags/example_branch_day_of_week_operator.py
[2024-09-07T16:01:43.201+0000] {processor.py:840} INFO - DAG(s) 'example_weekday_branch_operator' retrieved from /home/airflow/.local/lib/python3.8/site-packages/airflow/example_dags/example_branch_day_of_week_operator.py
[2024-09-07T16:01:43.212+0000] {logging_mixin.py:188} INFO - [2024-09-07T16:01:43.211+0000] {dag.py:3036} INFO - Sync 1 DAGs
[2024-09-07T16:01:43.228+0000] {logging_mixin.py:188} INFO - [2024-09-07T16:01:43.228+0000] {dag.py:3823} INFO - Setting next_dagrun for example_weekday_branch_operator to 2024-09-06 00:00:00+00:00, run_after=2024-09-07 00:00:00+00:00
[2024-09-07T16:01:43.244+0000] {processor.py:183} INFO - Processing /home/airflow/.local/lib/python3.8/site-packages/airflow/example_dags/example_branch_day_of_week_operator.py took 0.057 seconds
[2024-09-07T16:02:13.814+0000] {processor.py:161} INFO - Started process (PID=1847) to work on /home/airflow/.local/lib/python3.8/site-packages/airflow/example_dags/example_branch_day_of_week_operator.py
[2024-09-07T16:02:13.815+0000] {processor.py:830} INFO - Processing file /home/airflow/.local/lib/python3.8/site-packages/airflow/example_dags/example_branch_day_of_week_operator.py for tasks to queue
[2024-09-07T16:02:13.816+0000] {logging_mixin.py:188} INFO - [2024-09-07T16:02:13.816+0000] {dagbag.py:538} INFO - Filling up the DagBag from /home/airflow/.local/lib/python3.8/site-packages/airflow/example_dags/example_branch_day_of_week_operator.py
[2024-09-07T16:02:13.820+0000] {processor.py:840} INFO - DAG(s) 'example_weekday_branch_operator' retrieved from /home/airflow/.local/lib/python3.8/site-packages/airflow/example_dags/example_branch_day_of_week_operator.py
[2024-09-07T16:02:13.871+0000] {logging_mixin.py:188} INFO - [2024-09-07T16:02:13.871+0000] {dag.py:3036} INFO - Sync 1 DAGs
[2024-09-07T16:02:13.882+0000] {logging_mixin.py:188} INFO - [2024-09-07T16:02:13.882+0000] {dag.py:3823} INFO - Setting next_dagrun for example_weekday_branch_operator to 2024-09-06 00:00:00+00:00, run_after=2024-09-07 00:00:00+00:00
[2024-09-07T16:02:13.892+0000] {processor.py:183} INFO - Processing /home/airflow/.local/lib/python3.8/site-packages/airflow/example_dags/example_branch_day_of_week_operator.py took 0.080 seconds
[2024-09-07T16:02:44.066+0000] {processor.py:161} INFO - Started process (PID=2093) to work on /home/airflow/.local/lib/python3.8/site-packages/airflow/example_dags/example_branch_day_of_week_operator.py
[2024-09-07T16:02:44.073+0000] {processor.py:830} INFO - Processing file /home/airflow/.local/lib/python3.8/site-packages/airflow/example_dags/example_branch_day_of_week_operator.py for tasks to queue
[2024-09-07T16:02:44.074+0000] {logging_mixin.py:188} INFO - [2024-09-07T16:02:44.074+0000] {dagbag.py:538} INFO - Filling up the DagBag from /home/airflow/.local/lib/python3.8/site-packages/airflow/example_dags/example_branch_day_of_week_operator.py
[2024-09-07T16:02:44.079+0000] {processor.py:840} INFO - DAG(s) 'example_weekday_branch_operator' retrieved from /home/airflow/.local/lib/python3.8/site-packages/airflow/example_dags/example_branch_day_of_week_operator.py
[2024-09-07T16:02:44.095+0000] {logging_mixin.py:188} INFO - [2024-09-07T16:02:44.095+0000] {dag.py:3036} INFO - Sync 1 DAGs
[2024-09-07T16:02:44.110+0000] {logging_mixin.py:188} INFO - [2024-09-07T16:02:44.110+0000] {dag.py:3823} INFO - Setting next_dagrun for example_weekday_branch_operator to 2024-09-06 00:00:00+00:00, run_after=2024-09-07 00:00:00+00:00
[2024-09-07T16:02:44.126+0000] {processor.py:183} INFO - Processing /home/airflow/.local/lib/python3.8/site-packages/airflow/example_dags/example_branch_day_of_week_operator.py took 0.063 seconds
[2024-09-07T16:03:14.217+0000] {processor.py:161} INFO - Started process (PID=2340) to work on /home/airflow/.local/lib/python3.8/site-packages/airflow/example_dags/example_branch_day_of_week_operator.py
[2024-09-07T16:03:14.217+0000] {processor.py:830} INFO - Processing file /home/airflow/.local/lib/python3.8/site-packages/airflow/example_dags/example_branch_day_of_week_operator.py for tasks to queue
[2024-09-07T16:03:14.218+0000] {logging_mixin.py:188} INFO - [2024-09-07T16:03:14.218+0000] {dagbag.py:538} INFO - Filling up the DagBag from /home/airflow/.local/lib/python3.8/site-packages/airflow/example_dags/example_branch_day_of_week_operator.py
[2024-09-07T16:03:14.223+0000] {processor.py:840} INFO - DAG(s) 'example_weekday_branch_operator' retrieved from /home/airflow/.local/lib/python3.8/site-packages/airflow/example_dags/example_branch_day_of_week_operator.py
[2024-09-07T16:03:14.236+0000] {logging_mixin.py:188} INFO - [2024-09-07T16:03:14.236+0000] {dag.py:3036} INFO - Sync 1 DAGs
[2024-09-07T16:03:14.254+0000] {logging_mixin.py:188} INFO - [2024-09-07T16:03:14.254+0000] {dag.py:3823} INFO - Setting next_dagrun for example_weekday_branch_operator to 2024-09-06 00:00:00+00:00, run_after=2024-09-07 00:00:00+00:00
[2024-09-07T16:03:14.300+0000] {processor.py:183} INFO - Processing /home/airflow/.local/lib/python3.8/site-packages/airflow/example_dags/example_branch_day_of_week_operator.py took 0.086 seconds
[2024-09-07T16:03:45.247+0000] {processor.py:161} INFO - Started process (PID=2587) to work on /home/airflow/.local/lib/python3.8/site-packages/airflow/example_dags/example_branch_day_of_week_operator.py
[2024-09-07T16:03:45.248+0000] {processor.py:830} INFO - Processing file /home/airflow/.local/lib/python3.8/site-packages/airflow/example_dags/example_branch_day_of_week_operator.py for tasks to queue
[2024-09-07T16:03:45.249+0000] {logging_mixin.py:188} INFO - [2024-09-07T16:03:45.249+0000] {dagbag.py:538} INFO - Filling up the DagBag from /home/airflow/.local/lib/python3.8/site-packages/airflow/example_dags/example_branch_day_of_week_operator.py
[2024-09-07T16:03:45.255+0000] {processor.py:840} INFO - DAG(s) 'example_weekday_branch_operator' retrieved from /home/airflow/.local/lib/python3.8/site-packages/airflow/example_dags/example_branch_day_of_week_operator.py
[2024-09-07T16:03:45.272+0000] {logging_mixin.py:188} INFO - [2024-09-07T16:03:45.272+0000] {dag.py:3036} INFO - Sync 1 DAGs
[2024-09-07T16:03:45.286+0000] {logging_mixin.py:188} INFO - [2024-09-07T16:03:45.286+0000] {dag.py:3823} INFO - Setting next_dagrun for example_weekday_branch_operator to 2024-09-06 00:00:00+00:00, run_after=2024-09-07 00:00:00+00:00
[2024-09-07T16:03:45.300+0000] {processor.py:183} INFO - Processing /home/airflow/.local/lib/python3.8/site-packages/airflow/example_dags/example_branch_day_of_week_operator.py took 0.056 seconds
[2024-09-07T16:04:15.994+0000] {processor.py:161} INFO - Started process (PID=2834) to work on /home/airflow/.local/lib/python3.8/site-packages/airflow/example_dags/example_branch_day_of_week_operator.py
[2024-09-07T16:04:15.996+0000] {processor.py:830} INFO - Processing file /home/airflow/.local/lib/python3.8/site-packages/airflow/example_dags/example_branch_day_of_week_operator.py for tasks to queue
[2024-09-07T16:04:15.996+0000] {logging_mixin.py:188} INFO - [2024-09-07T16:04:15.996+0000] {dagbag.py:538} INFO - Filling up the DagBag from /home/airflow/.local/lib/python3.8/site-packages/airflow/example_dags/example_branch_day_of_week_operator.py
[2024-09-07T16:04:16.001+0000] {processor.py:840} INFO - DAG(s) 'example_weekday_branch_operator' retrieved from /home/airflow/.local/lib/python3.8/site-packages/airflow/example_dags/example_branch_day_of_week_operator.py
[2024-09-07T16:04:16.008+0000] {logging_mixin.py:188} INFO - [2024-09-07T16:04:16.008+0000] {dag.py:3036} INFO - Sync 1 DAGs
[2024-09-07T16:04:16.023+0000] {logging_mixin.py:188} INFO - [2024-09-07T16:04:16.022+0000] {dag.py:3823} INFO - Setting next_dagrun for example_weekday_branch_operator to 2024-09-06 00:00:00+00:00, run_after=2024-09-07 00:00:00+00:00
[2024-09-07T16:04:16.034+0000] {processor.py:183} INFO - Processing /home/airflow/.local/lib/python3.8/site-packages/airflow/example_dags/example_branch_day_of_week_operator.py took 0.041 seconds
[2024-09-07T16:04:46.518+0000] {processor.py:161} INFO - Started process (PID=3081) to work on /home/airflow/.local/lib/python3.8/site-packages/airflow/example_dags/example_branch_day_of_week_operator.py
[2024-09-07T16:04:46.519+0000] {processor.py:830} INFO - Processing file /home/airflow/.local/lib/python3.8/site-packages/airflow/example_dags/example_branch_day_of_week_operator.py for tasks to queue
[2024-09-07T16:04:46.519+0000] {logging_mixin.py:188} INFO - [2024-09-07T16:04:46.519+0000] {dagbag.py:538} INFO - Filling up the DagBag from /home/airflow/.local/lib/python3.8/site-packages/airflow/example_dags/example_branch_day_of_week_operator.py
[2024-09-07T16:04:46.524+0000] {processor.py:840} INFO - DAG(s) 'example_weekday_branch_operator' retrieved from /home/airflow/.local/lib/python3.8/site-packages/airflow/example_dags/example_branch_day_of_week_operator.py
[2024-09-07T16:04:46.577+0000] {logging_mixin.py:188} INFO - [2024-09-07T16:04:46.577+0000] {dag.py:3036} INFO - Sync 1 DAGs
[2024-09-07T16:04:46.589+0000] {logging_mixin.py:188} INFO - [2024-09-07T16:04:46.589+0000] {dag.py:3823} INFO - Setting next_dagrun for example_weekday_branch_operator to 2024-09-06 00:00:00+00:00, run_after=2024-09-07 00:00:00+00:00
[2024-09-07T16:04:46.600+0000] {processor.py:183} INFO - Processing /home/airflow/.local/lib/python3.8/site-packages/airflow/example_dags/example_branch_day_of_week_operator.py took 0.084 seconds
[2024-09-07T16:05:16.670+0000] {processor.py:161} INFO - Started process (PID=3330) to work on /home/airflow/.local/lib/python3.8/site-packages/airflow/example_dags/example_branch_day_of_week_operator.py
[2024-09-07T16:05:16.671+0000] {processor.py:830} INFO - Processing file /home/airflow/.local/lib/python3.8/site-packages/airflow/example_dags/example_branch_day_of_week_operator.py for tasks to queue
[2024-09-07T16:05:16.671+0000] {logging_mixin.py:188} INFO - [2024-09-07T16:05:16.671+0000] {dagbag.py:538} INFO - Filling up the DagBag from /home/airflow/.local/lib/python3.8/site-packages/airflow/example_dags/example_branch_day_of_week_operator.py
[2024-09-07T16:05:16.676+0000] {processor.py:840} INFO - DAG(s) 'example_weekday_branch_operator' retrieved from /home/airflow/.local/lib/python3.8/site-packages/airflow/example_dags/example_branch_day_of_week_operator.py
[2024-09-07T16:05:16.690+0000] {logging_mixin.py:188} INFO - [2024-09-07T16:05:16.690+0000] {dag.py:3036} INFO - Sync 1 DAGs
[2024-09-07T16:05:16.703+0000] {logging_mixin.py:188} INFO - [2024-09-07T16:05:16.702+0000] {dag.py:3823} INFO - Setting next_dagrun for example_weekday_branch_operator to 2024-09-06 00:00:00+00:00, run_after=2024-09-07 00:00:00+00:00
[2024-09-07T16:05:16.714+0000] {processor.py:183} INFO - Processing /home/airflow/.local/lib/python3.8/site-packages/airflow/example_dags/example_branch_day_of_week_operator.py took 0.046 seconds
[2024-09-07T16:05:47.085+0000] {processor.py:161} INFO - Started process (PID=3575) to work on /home/airflow/.local/lib/python3.8/site-packages/airflow/example_dags/example_branch_day_of_week_operator.py
[2024-09-07T16:05:47.086+0000] {processor.py:830} INFO - Processing file /home/airflow/.local/lib/python3.8/site-packages/airflow/example_dags/example_branch_day_of_week_operator.py for tasks to queue
[2024-09-07T16:05:47.087+0000] {logging_mixin.py:188} INFO - [2024-09-07T16:05:47.087+0000] {dagbag.py:538} INFO - Filling up the DagBag from /home/airflow/.local/lib/python3.8/site-packages/airflow/example_dags/example_branch_day_of_week_operator.py
[2024-09-07T16:05:47.093+0000] {processor.py:840} INFO - DAG(s) 'example_weekday_branch_operator' retrieved from /home/airflow/.local/lib/python3.8/site-packages/airflow/example_dags/example_branch_day_of_week_operator.py
[2024-09-07T16:05:47.108+0000] {logging_mixin.py:188} INFO - [2024-09-07T16:05:47.108+0000] {dag.py:3036} INFO - Sync 1 DAGs
[2024-09-07T16:05:47.123+0000] {logging_mixin.py:188} INFO - [2024-09-07T16:05:47.123+0000] {dag.py:3823} INFO - Setting next_dagrun for example_weekday_branch_operator to 2024-09-06 00:00:00+00:00, run_after=2024-09-07 00:00:00+00:00
[2024-09-07T16:05:47.136+0000] {processor.py:183} INFO - Processing /home/airflow/.local/lib/python3.8/site-packages/airflow/example_dags/example_branch_day_of_week_operator.py took 0.054 seconds
[2024-09-07T16:06:17.842+0000] {processor.py:161} INFO - Started process (PID=3822) to work on /home/airflow/.local/lib/python3.8/site-packages/airflow/example_dags/example_branch_day_of_week_operator.py
[2024-09-07T16:06:17.843+0000] {processor.py:830} INFO - Processing file /home/airflow/.local/lib/python3.8/site-packages/airflow/example_dags/example_branch_day_of_week_operator.py for tasks to queue
[2024-09-07T16:06:17.843+0000] {logging_mixin.py:188} INFO - [2024-09-07T16:06:17.843+0000] {dagbag.py:538} INFO - Filling up the DagBag from /home/airflow/.local/lib/python3.8/site-packages/airflow/example_dags/example_branch_day_of_week_operator.py
[2024-09-07T16:06:17.848+0000] {processor.py:840} INFO - DAG(s) 'example_weekday_branch_operator' retrieved from /home/airflow/.local/lib/python3.8/site-packages/airflow/example_dags/example_branch_day_of_week_operator.py
[2024-09-07T16:06:17.861+0000] {logging_mixin.py:188} INFO - [2024-09-07T16:06:17.861+0000] {dag.py:3036} INFO - Sync 1 DAGs
[2024-09-07T16:06:17.873+0000] {logging_mixin.py:188} INFO - [2024-09-07T16:06:17.873+0000] {dag.py:3823} INFO - Setting next_dagrun for example_weekday_branch_operator to 2024-09-06 00:00:00+00:00, run_after=2024-09-07 00:00:00+00:00
[2024-09-07T16:06:17.890+0000] {processor.py:183} INFO - Processing /home/airflow/.local/lib/python3.8/site-packages/airflow/example_dags/example_branch_day_of_week_operator.py took 0.050 seconds
[2024-09-07T16:06:48.242+0000] {processor.py:161} INFO - Started process (PID=4069) to work on /home/airflow/.local/lib/python3.8/site-packages/airflow/example_dags/example_branch_day_of_week_operator.py
[2024-09-07T16:06:48.243+0000] {processor.py:830} INFO - Processing file /home/airflow/.local/lib/python3.8/site-packages/airflow/example_dags/example_branch_day_of_week_operator.py for tasks to queue
[2024-09-07T16:06:48.244+0000] {logging_mixin.py:188} INFO - [2024-09-07T16:06:48.243+0000] {dagbag.py:538} INFO - Filling up the DagBag from /home/airflow/.local/lib/python3.8/site-packages/airflow/example_dags/example_branch_day_of_week_operator.py
[2024-09-07T16:06:48.249+0000] {processor.py:840} INFO - DAG(s) 'example_weekday_branch_operator' retrieved from /home/airflow/.local/lib/python3.8/site-packages/airflow/example_dags/example_branch_day_of_week_operator.py
[2024-09-07T16:06:48.263+0000] {logging_mixin.py:188} INFO - [2024-09-07T16:06:48.263+0000] {dag.py:3036} INFO - Sync 1 DAGs
[2024-09-07T16:06:48.276+0000] {logging_mixin.py:188} INFO - [2024-09-07T16:06:48.276+0000] {dag.py:3823} INFO - Setting next_dagrun for example_weekday_branch_operator to 2024-09-06 00:00:00+00:00, run_after=2024-09-07 00:00:00+00:00
[2024-09-07T16:06:48.301+0000] {processor.py:183} INFO - Processing /home/airflow/.local/lib/python3.8/site-packages/airflow/example_dags/example_branch_day_of_week_operator.py took 0.061 seconds
[2024-09-07T16:07:19.153+0000] {processor.py:161} INFO - Started process (PID=4316) to work on /home/airflow/.local/lib/python3.8/site-packages/airflow/example_dags/example_branch_day_of_week_operator.py
[2024-09-07T16:07:19.154+0000] {processor.py:830} INFO - Processing file /home/airflow/.local/lib/python3.8/site-packages/airflow/example_dags/example_branch_day_of_week_operator.py for tasks to queue
[2024-09-07T16:07:19.155+0000] {logging_mixin.py:188} INFO - [2024-09-07T16:07:19.155+0000] {dagbag.py:538} INFO - Filling up the DagBag from /home/airflow/.local/lib/python3.8/site-packages/airflow/example_dags/example_branch_day_of_week_operator.py
[2024-09-07T16:07:19.159+0000] {processor.py:840} INFO - DAG(s) 'example_weekday_branch_operator' retrieved from /home/airflow/.local/lib/python3.8/site-packages/airflow/example_dags/example_branch_day_of_week_operator.py
[2024-09-07T16:07:19.172+0000] {logging_mixin.py:188} INFO - [2024-09-07T16:07:19.172+0000] {dag.py:3036} INFO - Sync 1 DAGs
[2024-09-07T16:07:19.184+0000] {logging_mixin.py:188} INFO - [2024-09-07T16:07:19.184+0000] {dag.py:3823} INFO - Setting next_dagrun for example_weekday_branch_operator to 2024-09-06 00:00:00+00:00, run_after=2024-09-07 00:00:00+00:00
[2024-09-07T16:07:19.195+0000] {processor.py:183} INFO - Processing /home/airflow/.local/lib/python3.8/site-packages/airflow/example_dags/example_branch_day_of_week_operator.py took 0.043 seconds
[2024-09-07T16:07:49.959+0000] {processor.py:161} INFO - Started process (PID=4563) to work on /home/airflow/.local/lib/python3.8/site-packages/airflow/example_dags/example_branch_day_of_week_operator.py
[2024-09-07T16:07:49.960+0000] {processor.py:830} INFO - Processing file /home/airflow/.local/lib/python3.8/site-packages/airflow/example_dags/example_branch_day_of_week_operator.py for tasks to queue
[2024-09-07T16:07:49.961+0000] {logging_mixin.py:188} INFO - [2024-09-07T16:07:49.961+0000] {dagbag.py:538} INFO - Filling up the DagBag from /home/airflow/.local/lib/python3.8/site-packages/airflow/example_dags/example_branch_day_of_week_operator.py
[2024-09-07T16:07:49.966+0000] {processor.py:840} INFO - DAG(s) 'example_weekday_branch_operator' retrieved from /home/airflow/.local/lib/python3.8/site-packages/airflow/example_dags/example_branch_day_of_week_operator.py
[2024-09-07T16:07:49.984+0000] {logging_mixin.py:188} INFO - [2024-09-07T16:07:49.984+0000] {dag.py:3036} INFO - Sync 1 DAGs
[2024-09-07T16:07:49.998+0000] {logging_mixin.py:188} INFO - [2024-09-07T16:07:49.998+0000] {dag.py:3823} INFO - Setting next_dagrun for example_weekday_branch_operator to 2024-09-06 00:00:00+00:00, run_after=2024-09-07 00:00:00+00:00
[2024-09-07T16:07:50.012+0000] {processor.py:183} INFO - Processing /home/airflow/.local/lib/python3.8/site-packages/airflow/example_dags/example_branch_day_of_week_operator.py took 0.056 seconds
[2024-09-07T16:08:20.634+0000] {processor.py:161} INFO - Started process (PID=4810) to work on /home/airflow/.local/lib/python3.8/site-packages/airflow/example_dags/example_branch_day_of_week_operator.py
[2024-09-07T16:08:20.635+0000] {processor.py:830} INFO - Processing file /home/airflow/.local/lib/python3.8/site-packages/airflow/example_dags/example_branch_day_of_week_operator.py for tasks to queue
[2024-09-07T16:08:20.635+0000] {logging_mixin.py:188} INFO - [2024-09-07T16:08:20.635+0000] {dagbag.py:538} INFO - Filling up the DagBag from /home/airflow/.local/lib/python3.8/site-packages/airflow/example_dags/example_branch_day_of_week_operator.py
[2024-09-07T16:08:20.640+0000] {processor.py:840} INFO - DAG(s) 'example_weekday_branch_operator' retrieved from /home/airflow/.local/lib/python3.8/site-packages/airflow/example_dags/example_branch_day_of_week_operator.py
[2024-09-07T16:08:20.656+0000] {logging_mixin.py:188} INFO - [2024-09-07T16:08:20.656+0000] {dag.py:3036} INFO - Sync 1 DAGs
[2024-09-07T16:08:20.673+0000] {logging_mixin.py:188} INFO - [2024-09-07T16:08:20.673+0000] {dag.py:3823} INFO - Setting next_dagrun for example_weekday_branch_operator to 2024-09-06 00:00:00+00:00, run_after=2024-09-07 00:00:00+00:00
[2024-09-07T16:08:20.685+0000] {processor.py:183} INFO - Processing /home/airflow/.local/lib/python3.8/site-packages/airflow/example_dags/example_branch_day_of_week_operator.py took 0.055 seconds
[2024-09-07T16:08:51.271+0000] {processor.py:161} INFO - Started process (PID=5057) to work on /home/airflow/.local/lib/python3.8/site-packages/airflow/example_dags/example_branch_day_of_week_operator.py
[2024-09-07T16:08:51.273+0000] {processor.py:830} INFO - Processing file /home/airflow/.local/lib/python3.8/site-packages/airflow/example_dags/example_branch_day_of_week_operator.py for tasks to queue
[2024-09-07T16:08:51.274+0000] {logging_mixin.py:188} INFO - [2024-09-07T16:08:51.274+0000] {dagbag.py:538} INFO - Filling up the DagBag from /home/airflow/.local/lib/python3.8/site-packages/airflow/example_dags/example_branch_day_of_week_operator.py
[2024-09-07T16:08:51.280+0000] {processor.py:840} INFO - DAG(s) 'example_weekday_branch_operator' retrieved from /home/airflow/.local/lib/python3.8/site-packages/airflow/example_dags/example_branch_day_of_week_operator.py
[2024-09-07T16:08:51.297+0000] {logging_mixin.py:188} INFO - [2024-09-07T16:08:51.297+0000] {dag.py:3036} INFO - Sync 1 DAGs
[2024-09-07T16:08:51.312+0000] {logging_mixin.py:188} INFO - [2024-09-07T16:08:51.312+0000] {dag.py:3823} INFO - Setting next_dagrun for example_weekday_branch_operator to 2024-09-06 00:00:00+00:00, run_after=2024-09-07 00:00:00+00:00
[2024-09-07T16:08:51.330+0000] {processor.py:183} INFO - Processing /home/airflow/.local/lib/python3.8/site-packages/airflow/example_dags/example_branch_day_of_week_operator.py took 0.061 seconds
[2024-09-07T16:09:22.053+0000] {processor.py:161} INFO - Started process (PID=5304) to work on /home/airflow/.local/lib/python3.8/site-packages/airflow/example_dags/example_branch_day_of_week_operator.py
[2024-09-07T16:09:22.054+0000] {processor.py:830} INFO - Processing file /home/airflow/.local/lib/python3.8/site-packages/airflow/example_dags/example_branch_day_of_week_operator.py for tasks to queue
[2024-09-07T16:09:22.055+0000] {logging_mixin.py:188} INFO - [2024-09-07T16:09:22.055+0000] {dagbag.py:538} INFO - Filling up the DagBag from /home/airflow/.local/lib/python3.8/site-packages/airflow/example_dags/example_branch_day_of_week_operator.py
[2024-09-07T16:09:22.060+0000] {processor.py:840} INFO - DAG(s) 'example_weekday_branch_operator' retrieved from /home/airflow/.local/lib/python3.8/site-packages/airflow/example_dags/example_branch_day_of_week_operator.py
[2024-09-07T16:09:22.076+0000] {logging_mixin.py:188} INFO - [2024-09-07T16:09:22.075+0000] {dag.py:3036} INFO - Sync 1 DAGs
[2024-09-07T16:09:22.095+0000] {logging_mixin.py:188} INFO - [2024-09-07T16:09:22.094+0000] {dag.py:3823} INFO - Setting next_dagrun for example_weekday_branch_operator to 2024-09-06 00:00:00+00:00, run_after=2024-09-07 00:00:00+00:00
[2024-09-07T16:09:22.175+0000] {processor.py:183} INFO - Processing /home/airflow/.local/lib/python3.8/site-packages/airflow/example_dags/example_branch_day_of_week_operator.py took 0.124 seconds
[2024-09-07T16:09:52.674+0000] {processor.py:161} INFO - Started process (PID=5551) to work on /home/airflow/.local/lib/python3.8/site-packages/airflow/example_dags/example_branch_day_of_week_operator.py
[2024-09-07T16:09:52.675+0000] {processor.py:830} INFO - Processing file /home/airflow/.local/lib/python3.8/site-packages/airflow/example_dags/example_branch_day_of_week_operator.py for tasks to queue
[2024-09-07T16:09:52.675+0000] {logging_mixin.py:188} INFO - [2024-09-07T16:09:52.675+0000] {dagbag.py:538} INFO - Filling up the DagBag from /home/airflow/.local/lib/python3.8/site-packages/airflow/example_dags/example_branch_day_of_week_operator.py
[2024-09-07T16:09:52.680+0000] {processor.py:840} INFO - DAG(s) 'example_weekday_branch_operator' retrieved from /home/airflow/.local/lib/python3.8/site-packages/airflow/example_dags/example_branch_day_of_week_operator.py
[2024-09-07T16:09:52.693+0000] {logging_mixin.py:188} INFO - [2024-09-07T16:09:52.693+0000] {dag.py:3036} INFO - Sync 1 DAGs
[2024-09-07T16:09:52.705+0000] {logging_mixin.py:188} INFO - [2024-09-07T16:09:52.705+0000] {dag.py:3823} INFO - Setting next_dagrun for example_weekday_branch_operator to 2024-09-06 00:00:00+00:00, run_after=2024-09-07 00:00:00+00:00
[2024-09-07T16:09:52.715+0000] {processor.py:183} INFO - Processing /home/airflow/.local/lib/python3.8/site-packages/airflow/example_dags/example_branch_day_of_week_operator.py took 0.043 seconds
[2024-09-07T16:10:23.251+0000] {processor.py:161} INFO - Started process (PID=5798) to work on /home/airflow/.local/lib/python3.8/site-packages/airflow/example_dags/example_branch_day_of_week_operator.py
[2024-09-07T16:10:23.252+0000] {processor.py:830} INFO - Processing file /home/airflow/.local/lib/python3.8/site-packages/airflow/example_dags/example_branch_day_of_week_operator.py for tasks to queue
[2024-09-07T16:10:23.253+0000] {logging_mixin.py:188} INFO - [2024-09-07T16:10:23.253+0000] {dagbag.py:538} INFO - Filling up the DagBag from /home/airflow/.local/lib/python3.8/site-packages/airflow/example_dags/example_branch_day_of_week_operator.py
[2024-09-07T16:10:23.260+0000] {processor.py:840} INFO - DAG(s) 'example_weekday_branch_operator' retrieved from /home/airflow/.local/lib/python3.8/site-packages/airflow/example_dags/example_branch_day_of_week_operator.py
[2024-09-07T16:10:23.277+0000] {logging_mixin.py:188} INFO - [2024-09-07T16:10:23.277+0000] {dag.py:3036} INFO - Sync 1 DAGs
[2024-09-07T16:10:23.291+0000] {logging_mixin.py:188} INFO - [2024-09-07T16:10:23.291+0000] {dag.py:3823} INFO - Setting next_dagrun for example_weekday_branch_operator to 2024-09-06 00:00:00+00:00, run_after=2024-09-07 00:00:00+00:00
[2024-09-07T16:10:23.302+0000] {processor.py:183} INFO - Processing /home/airflow/.local/lib/python3.8/site-packages/airflow/example_dags/example_branch_day_of_week_operator.py took 0.054 seconds
[2024-09-07T16:10:53.872+0000] {processor.py:161} INFO - Started process (PID=6045) to work on /home/airflow/.local/lib/python3.8/site-packages/airflow/example_dags/example_branch_day_of_week_operator.py
[2024-09-07T16:10:53.873+0000] {processor.py:830} INFO - Processing file /home/airflow/.local/lib/python3.8/site-packages/airflow/example_dags/example_branch_day_of_week_operator.py for tasks to queue
[2024-09-07T16:10:53.874+0000] {logging_mixin.py:188} INFO - [2024-09-07T16:10:53.874+0000] {dagbag.py:538} INFO - Filling up the DagBag from /home/airflow/.local/lib/python3.8/site-packages/airflow/example_dags/example_branch_day_of_week_operator.py
[2024-09-07T16:10:53.878+0000] {processor.py:840} INFO - DAG(s) 'example_weekday_branch_operator' retrieved from /home/airflow/.local/lib/python3.8/site-packages/airflow/example_dags/example_branch_day_of_week_operator.py
[2024-09-07T16:10:53.891+0000] {logging_mixin.py:188} INFO - [2024-09-07T16:10:53.891+0000] {dag.py:3036} INFO - Sync 1 DAGs
[2024-09-07T16:10:53.904+0000] {logging_mixin.py:188} INFO - [2024-09-07T16:10:53.904+0000] {dag.py:3823} INFO - Setting next_dagrun for example_weekday_branch_operator to 2024-09-06 00:00:00+00:00, run_after=2024-09-07 00:00:00+00:00
[2024-09-07T16:10:53.915+0000] {processor.py:183} INFO - Processing /home/airflow/.local/lib/python3.8/site-packages/airflow/example_dags/example_branch_day_of_week_operator.py took 0.045 seconds
[2024-09-07T16:11:24.419+0000] {processor.py:161} INFO - Started process (PID=6292) to work on /home/airflow/.local/lib/python3.8/site-packages/airflow/example_dags/example_branch_day_of_week_operator.py
[2024-09-07T16:11:24.419+0000] {processor.py:830} INFO - Processing file /home/airflow/.local/lib/python3.8/site-packages/airflow/example_dags/example_branch_day_of_week_operator.py for tasks to queue
[2024-09-07T16:11:24.420+0000] {logging_mixin.py:188} INFO - [2024-09-07T16:11:24.420+0000] {dagbag.py:538} INFO - Filling up the DagBag from /home/airflow/.local/lib/python3.8/site-packages/airflow/example_dags/example_branch_day_of_week_operator.py
[2024-09-07T16:11:24.425+0000] {processor.py:840} INFO - DAG(s) 'example_weekday_branch_operator' retrieved from /home/airflow/.local/lib/python3.8/site-packages/airflow/example_dags/example_branch_day_of_week_operator.py
[2024-09-07T16:11:24.438+0000] {logging_mixin.py:188} INFO - [2024-09-07T16:11:24.437+0000] {dag.py:3036} INFO - Sync 1 DAGs
[2024-09-07T16:11:24.449+0000] {logging_mixin.py:188} INFO - [2024-09-07T16:11:24.449+0000] {dag.py:3823} INFO - Setting next_dagrun for example_weekday_branch_operator to 2024-09-06 00:00:00+00:00, run_after=2024-09-07 00:00:00+00:00
[2024-09-07T16:11:24.459+0000] {processor.py:183} INFO - Processing /home/airflow/.local/lib/python3.8/site-packages/airflow/example_dags/example_branch_day_of_week_operator.py took 0.042 seconds
[2024-09-07T16:11:55.017+0000] {processor.py:161} INFO - Started process (PID=6539) to work on /home/airflow/.local/lib/python3.8/site-packages/airflow/example_dags/example_branch_day_of_week_operator.py
[2024-09-07T16:11:55.018+0000] {processor.py:830} INFO - Processing file /home/airflow/.local/lib/python3.8/site-packages/airflow/example_dags/example_branch_day_of_week_operator.py for tasks to queue
[2024-09-07T16:11:55.019+0000] {logging_mixin.py:188} INFO - [2024-09-07T16:11:55.019+0000] {dagbag.py:538} INFO - Filling up the DagBag from /home/airflow/.local/lib/python3.8/site-packages/airflow/example_dags/example_branch_day_of_week_operator.py
[2024-09-07T16:11:55.024+0000] {processor.py:840} INFO - DAG(s) 'example_weekday_branch_operator' retrieved from /home/airflow/.local/lib/python3.8/site-packages/airflow/example_dags/example_branch_day_of_week_operator.py
[2024-09-07T16:11:55.037+0000] {logging_mixin.py:188} INFO - [2024-09-07T16:11:55.037+0000] {dag.py:3036} INFO - Sync 1 DAGs
[2024-09-07T16:11:55.050+0000] {logging_mixin.py:188} INFO - [2024-09-07T16:11:55.050+0000] {dag.py:3823} INFO - Setting next_dagrun for example_weekday_branch_operator to 2024-09-06 00:00:00+00:00, run_after=2024-09-07 00:00:00+00:00
[2024-09-07T16:11:55.060+0000] {processor.py:183} INFO - Processing /home/airflow/.local/lib/python3.8/site-packages/airflow/example_dags/example_branch_day_of_week_operator.py took 0.045 seconds
[2024-09-07T16:12:25.664+0000] {processor.py:161} INFO - Started process (PID=6786) to work on /home/airflow/.local/lib/python3.8/site-packages/airflow/example_dags/example_branch_day_of_week_operator.py
[2024-09-07T16:12:25.665+0000] {processor.py:830} INFO - Processing file /home/airflow/.local/lib/python3.8/site-packages/airflow/example_dags/example_branch_day_of_week_operator.py for tasks to queue
[2024-09-07T16:12:25.665+0000] {logging_mixin.py:188} INFO - [2024-09-07T16:12:25.665+0000] {dagbag.py:538} INFO - Filling up the DagBag from /home/airflow/.local/lib/python3.8/site-packages/airflow/example_dags/example_branch_day_of_week_operator.py
[2024-09-07T16:12:25.670+0000] {processor.py:840} INFO - DAG(s) 'example_weekday_branch_operator' retrieved from /home/airflow/.local/lib/python3.8/site-packages/airflow/example_dags/example_branch_day_of_week_operator.py
[2024-09-07T16:12:25.683+0000] {logging_mixin.py:188} INFO - [2024-09-07T16:12:25.683+0000] {dag.py:3036} INFO - Sync 1 DAGs
[2024-09-07T16:12:25.697+0000] {logging_mixin.py:188} INFO - [2024-09-07T16:12:25.697+0000] {dag.py:3823} INFO - Setting next_dagrun for example_weekday_branch_operator to 2024-09-06 00:00:00+00:00, run_after=2024-09-07 00:00:00+00:00
[2024-09-07T16:12:25.707+0000] {processor.py:183} INFO - Processing /home/airflow/.local/lib/python3.8/site-packages/airflow/example_dags/example_branch_day_of_week_operator.py took 0.045 seconds
[2024-09-07T16:12:56.232+0000] {processor.py:161} INFO - Started process (PID=7033) to work on /home/airflow/.local/lib/python3.8/site-packages/airflow/example_dags/example_branch_day_of_week_operator.py
[2024-09-07T16:12:56.233+0000] {processor.py:830} INFO - Processing file /home/airflow/.local/lib/python3.8/site-packages/airflow/example_dags/example_branch_day_of_week_operator.py for tasks to queue
[2024-09-07T16:12:56.233+0000] {logging_mixin.py:188} INFO - [2024-09-07T16:12:56.233+0000] {dagbag.py:538} INFO - Filling up the DagBag from /home/airflow/.local/lib/python3.8/site-packages/airflow/example_dags/example_branch_day_of_week_operator.py
[2024-09-07T16:12:56.238+0000] {processor.py:840} INFO - DAG(s) 'example_weekday_branch_operator' retrieved from /home/airflow/.local/lib/python3.8/site-packages/airflow/example_dags/example_branch_day_of_week_operator.py
[2024-09-07T16:12:56.252+0000] {logging_mixin.py:188} INFO - [2024-09-07T16:12:56.252+0000] {dag.py:3036} INFO - Sync 1 DAGs
[2024-09-07T16:12:56.264+0000] {logging_mixin.py:188} INFO - [2024-09-07T16:12:56.263+0000] {dag.py:3823} INFO - Setting next_dagrun for example_weekday_branch_operator to 2024-09-06 00:00:00+00:00, run_after=2024-09-07 00:00:00+00:00
[2024-09-07T16:12:56.274+0000] {processor.py:183} INFO - Processing /home/airflow/.local/lib/python3.8/site-packages/airflow/example_dags/example_branch_day_of_week_operator.py took 0.044 seconds
[2024-09-07T16:13:26.897+0000] {processor.py:161} INFO - Started process (PID=7280) to work on /home/airflow/.local/lib/python3.8/site-packages/airflow/example_dags/example_branch_day_of_week_operator.py
[2024-09-07T16:13:26.898+0000] {processor.py:830} INFO - Processing file /home/airflow/.local/lib/python3.8/site-packages/airflow/example_dags/example_branch_day_of_week_operator.py for tasks to queue
[2024-09-07T16:13:26.899+0000] {logging_mixin.py:188} INFO - [2024-09-07T16:13:26.899+0000] {dagbag.py:538} INFO - Filling up the DagBag from /home/airflow/.local/lib/python3.8/site-packages/airflow/example_dags/example_branch_day_of_week_operator.py
[2024-09-07T16:13:26.903+0000] {processor.py:840} INFO - DAG(s) 'example_weekday_branch_operator' retrieved from /home/airflow/.local/lib/python3.8/site-packages/airflow/example_dags/example_branch_day_of_week_operator.py
[2024-09-07T16:13:26.917+0000] {logging_mixin.py:188} INFO - [2024-09-07T16:13:26.916+0000] {dag.py:3036} INFO - Sync 1 DAGs
[2024-09-07T16:13:26.929+0000] {logging_mixin.py:188} INFO - [2024-09-07T16:13:26.928+0000] {dag.py:3823} INFO - Setting next_dagrun for example_weekday_branch_operator to 2024-09-06 00:00:00+00:00, run_after=2024-09-07 00:00:00+00:00
[2024-09-07T16:13:26.938+0000] {processor.py:183} INFO - Processing /home/airflow/.local/lib/python3.8/site-packages/airflow/example_dags/example_branch_day_of_week_operator.py took 0.042 seconds
[2024-09-07T16:13:57.566+0000] {processor.py:161} INFO - Started process (PID=7529) to work on /home/airflow/.local/lib/python3.8/site-packages/airflow/example_dags/example_branch_day_of_week_operator.py
[2024-09-07T16:13:57.567+0000] {processor.py:830} INFO - Processing file /home/airflow/.local/lib/python3.8/site-packages/airflow/example_dags/example_branch_day_of_week_operator.py for tasks to queue
[2024-09-07T16:13:57.567+0000] {logging_mixin.py:188} INFO - [2024-09-07T16:13:57.567+0000] {dagbag.py:538} INFO - Filling up the DagBag from /home/airflow/.local/lib/python3.8/site-packages/airflow/example_dags/example_branch_day_of_week_operator.py
[2024-09-07T16:13:57.572+0000] {processor.py:840} INFO - DAG(s) 'example_weekday_branch_operator' retrieved from /home/airflow/.local/lib/python3.8/site-packages/airflow/example_dags/example_branch_day_of_week_operator.py
[2024-09-07T16:13:57.584+0000] {logging_mixin.py:188} INFO - [2024-09-07T16:13:57.584+0000] {dag.py:3036} INFO - Sync 1 DAGs
[2024-09-07T16:13:57.595+0000] {logging_mixin.py:188} INFO - [2024-09-07T16:13:57.595+0000] {dag.py:3823} INFO - Setting next_dagrun for example_weekday_branch_operator to 2024-09-06 00:00:00+00:00, run_after=2024-09-07 00:00:00+00:00
[2024-09-07T16:13:57.605+0000] {processor.py:183} INFO - Processing /home/airflow/.local/lib/python3.8/site-packages/airflow/example_dags/example_branch_day_of_week_operator.py took 0.041 seconds
[2024-09-07T16:14:27.676+0000] {processor.py:161} INFO - Started process (PID=7774) to work on /home/airflow/.local/lib/python3.8/site-packages/airflow/example_dags/example_branch_day_of_week_operator.py
[2024-09-07T16:14:27.676+0000] {processor.py:830} INFO - Processing file /home/airflow/.local/lib/python3.8/site-packages/airflow/example_dags/example_branch_day_of_week_operator.py for tasks to queue
[2024-09-07T16:14:27.677+0000] {logging_mixin.py:188} INFO - [2024-09-07T16:14:27.677+0000] {dagbag.py:538} INFO - Filling up the DagBag from /home/airflow/.local/lib/python3.8/site-packages/airflow/example_dags/example_branch_day_of_week_operator.py
[2024-09-07T16:14:27.681+0000] {processor.py:840} INFO - DAG(s) 'example_weekday_branch_operator' retrieved from /home/airflow/.local/lib/python3.8/site-packages/airflow/example_dags/example_branch_day_of_week_operator.py
[2024-09-07T16:14:27.694+0000] {logging_mixin.py:188} INFO - [2024-09-07T16:14:27.693+0000] {dag.py:3036} INFO - Sync 1 DAGs
[2024-09-07T16:14:27.705+0000] {logging_mixin.py:188} INFO - [2024-09-07T16:14:27.705+0000] {dag.py:3823} INFO - Setting next_dagrun for example_weekday_branch_operator to 2024-09-06 00:00:00+00:00, run_after=2024-09-07 00:00:00+00:00
[2024-09-07T16:14:27.715+0000] {processor.py:183} INFO - Processing /home/airflow/.local/lib/python3.8/site-packages/airflow/example_dags/example_branch_day_of_week_operator.py took 0.042 seconds
[2024-09-07T16:14:58.261+0000] {processor.py:161} INFO - Started process (PID=8021) to work on /home/airflow/.local/lib/python3.8/site-packages/airflow/example_dags/example_branch_day_of_week_operator.py
[2024-09-07T16:14:58.262+0000] {processor.py:830} INFO - Processing file /home/airflow/.local/lib/python3.8/site-packages/airflow/example_dags/example_branch_day_of_week_operator.py for tasks to queue
[2024-09-07T16:14:58.262+0000] {logging_mixin.py:188} INFO - [2024-09-07T16:14:58.262+0000] {dagbag.py:538} INFO - Filling up the DagBag from /home/airflow/.local/lib/python3.8/site-packages/airflow/example_dags/example_branch_day_of_week_operator.py
[2024-09-07T16:14:58.268+0000] {processor.py:840} INFO - DAG(s) 'example_weekday_branch_operator' retrieved from /home/airflow/.local/lib/python3.8/site-packages/airflow/example_dags/example_branch_day_of_week_operator.py
[2024-09-07T16:14:58.283+0000] {logging_mixin.py:188} INFO - [2024-09-07T16:14:58.282+0000] {dag.py:3036} INFO - Sync 1 DAGs
[2024-09-07T16:14:58.296+0000] {logging_mixin.py:188} INFO - [2024-09-07T16:14:58.295+0000] {dag.py:3823} INFO - Setting next_dagrun for example_weekday_branch_operator to 2024-09-06 00:00:00+00:00, run_after=2024-09-07 00:00:00+00:00
[2024-09-07T16:14:58.305+0000] {processor.py:183} INFO - Processing /home/airflow/.local/lib/python3.8/site-packages/airflow/example_dags/example_branch_day_of_week_operator.py took 0.047 seconds
[2024-09-07T16:15:28.844+0000] {processor.py:161} INFO - Started process (PID=8268) to work on /home/airflow/.local/lib/python3.8/site-packages/airflow/example_dags/example_branch_day_of_week_operator.py
[2024-09-07T16:15:28.845+0000] {processor.py:830} INFO - Processing file /home/airflow/.local/lib/python3.8/site-packages/airflow/example_dags/example_branch_day_of_week_operator.py for tasks to queue
[2024-09-07T16:15:28.845+0000] {logging_mixin.py:188} INFO - [2024-09-07T16:15:28.845+0000] {dagbag.py:538} INFO - Filling up the DagBag from /home/airflow/.local/lib/python3.8/site-packages/airflow/example_dags/example_branch_day_of_week_operator.py
[2024-09-07T16:15:28.850+0000] {processor.py:840} INFO - DAG(s) 'example_weekday_branch_operator' retrieved from /home/airflow/.local/lib/python3.8/site-packages/airflow/example_dags/example_branch_day_of_week_operator.py
[2024-09-07T16:15:28.863+0000] {logging_mixin.py:188} INFO - [2024-09-07T16:15:28.863+0000] {dag.py:3036} INFO - Sync 1 DAGs
[2024-09-07T16:15:28.876+0000] {logging_mixin.py:188} INFO - [2024-09-07T16:15:28.876+0000] {dag.py:3823} INFO - Setting next_dagrun for example_weekday_branch_operator to 2024-09-06 00:00:00+00:00, run_after=2024-09-07 00:00:00+00:00
[2024-09-07T16:15:28.886+0000] {processor.py:183} INFO - Processing /home/airflow/.local/lib/python3.8/site-packages/airflow/example_dags/example_branch_day_of_week_operator.py took 0.044 seconds
[2024-09-07T16:15:59.521+0000] {processor.py:161} INFO - Started process (PID=8514) to work on /home/airflow/.local/lib/python3.8/site-packages/airflow/example_dags/example_branch_day_of_week_operator.py
[2024-09-07T16:15:59.521+0000] {processor.py:830} INFO - Processing file /home/airflow/.local/lib/python3.8/site-packages/airflow/example_dags/example_branch_day_of_week_operator.py for tasks to queue
[2024-09-07T16:15:59.522+0000] {logging_mixin.py:188} INFO - [2024-09-07T16:15:59.522+0000] {dagbag.py:538} INFO - Filling up the DagBag from /home/airflow/.local/lib/python3.8/site-packages/airflow/example_dags/example_branch_day_of_week_operator.py
[2024-09-07T16:15:59.527+0000] {processor.py:840} INFO - DAG(s) 'example_weekday_branch_operator' retrieved from /home/airflow/.local/lib/python3.8/site-packages/airflow/example_dags/example_branch_day_of_week_operator.py
[2024-09-07T16:15:59.539+0000] {logging_mixin.py:188} INFO - [2024-09-07T16:15:59.539+0000] {dag.py:3036} INFO - Sync 1 DAGs
[2024-09-07T16:15:59.552+0000] {logging_mixin.py:188} INFO - [2024-09-07T16:15:59.552+0000] {dag.py:3823} INFO - Setting next_dagrun for example_weekday_branch_operator to 2024-09-06 00:00:00+00:00, run_after=2024-09-07 00:00:00+00:00
[2024-09-07T16:15:59.562+0000] {processor.py:183} INFO - Processing /home/airflow/.local/lib/python3.8/site-packages/airflow/example_dags/example_branch_day_of_week_operator.py took 0.043 seconds
[2024-09-07T16:16:30.184+0000] {processor.py:161} INFO - Started process (PID=8761) to work on /home/airflow/.local/lib/python3.8/site-packages/airflow/example_dags/example_branch_day_of_week_operator.py
[2024-09-07T16:16:30.185+0000] {processor.py:830} INFO - Processing file /home/airflow/.local/lib/python3.8/site-packages/airflow/example_dags/example_branch_day_of_week_operator.py for tasks to queue
[2024-09-07T16:16:30.186+0000] {logging_mixin.py:188} INFO - [2024-09-07T16:16:30.186+0000] {dagbag.py:538} INFO - Filling up the DagBag from /home/airflow/.local/lib/python3.8/site-packages/airflow/example_dags/example_branch_day_of_week_operator.py
[2024-09-07T16:16:30.191+0000] {processor.py:840} INFO - DAG(s) 'example_weekday_branch_operator' retrieved from /home/airflow/.local/lib/python3.8/site-packages/airflow/example_dags/example_branch_day_of_week_operator.py
[2024-09-07T16:16:30.204+0000] {logging_mixin.py:188} INFO - [2024-09-07T16:16:30.204+0000] {dag.py:3036} INFO - Sync 1 DAGs
[2024-09-07T16:16:30.218+0000] {logging_mixin.py:188} INFO - [2024-09-07T16:16:30.218+0000] {dag.py:3823} INFO - Setting next_dagrun for example_weekday_branch_operator to 2024-09-06 00:00:00+00:00, run_after=2024-09-07 00:00:00+00:00
[2024-09-07T16:16:30.229+0000] {processor.py:183} INFO - Processing /home/airflow/.local/lib/python3.8/site-packages/airflow/example_dags/example_branch_day_of_week_operator.py took 0.047 seconds
[2024-09-07T16:17:00.390+0000] {processor.py:161} INFO - Started process (PID=9008) to work on /home/airflow/.local/lib/python3.8/site-packages/airflow/example_dags/example_branch_day_of_week_operator.py
[2024-09-07T16:17:00.391+0000] {processor.py:830} INFO - Processing file /home/airflow/.local/lib/python3.8/site-packages/airflow/example_dags/example_branch_day_of_week_operator.py for tasks to queue
[2024-09-07T16:17:00.392+0000] {logging_mixin.py:188} INFO - [2024-09-07T16:17:00.392+0000] {dagbag.py:538} INFO - Filling up the DagBag from /home/airflow/.local/lib/python3.8/site-packages/airflow/example_dags/example_branch_day_of_week_operator.py
[2024-09-07T16:17:00.398+0000] {processor.py:840} INFO - DAG(s) 'example_weekday_branch_operator' retrieved from /home/airflow/.local/lib/python3.8/site-packages/airflow/example_dags/example_branch_day_of_week_operator.py
[2024-09-07T16:17:00.416+0000] {logging_mixin.py:188} INFO - [2024-09-07T16:17:00.416+0000] {dag.py:3036} INFO - Sync 1 DAGs
[2024-09-07T16:17:00.429+0000] {logging_mixin.py:188} INFO - [2024-09-07T16:17:00.429+0000] {dag.py:3823} INFO - Setting next_dagrun for example_weekday_branch_operator to 2024-09-06 00:00:00+00:00, run_after=2024-09-07 00:00:00+00:00
[2024-09-07T16:17:00.439+0000] {processor.py:183} INFO - Processing /home/airflow/.local/lib/python3.8/site-packages/airflow/example_dags/example_branch_day_of_week_operator.py took 0.052 seconds
[2024-09-07T16:17:31.128+0000] {processor.py:161} INFO - Started process (PID=9261) to work on /home/airflow/.local/lib/python3.8/site-packages/airflow/example_dags/example_branch_day_of_week_operator.py
[2024-09-07T16:17:31.129+0000] {processor.py:830} INFO - Processing file /home/airflow/.local/lib/python3.8/site-packages/airflow/example_dags/example_branch_day_of_week_operator.py for tasks to queue
[2024-09-07T16:17:31.130+0000] {logging_mixin.py:188} INFO - [2024-09-07T16:17:31.129+0000] {dagbag.py:538} INFO - Filling up the DagBag from /home/airflow/.local/lib/python3.8/site-packages/airflow/example_dags/example_branch_day_of_week_operator.py
[2024-09-07T16:17:31.135+0000] {processor.py:840} INFO - DAG(s) 'example_weekday_branch_operator' retrieved from /home/airflow/.local/lib/python3.8/site-packages/airflow/example_dags/example_branch_day_of_week_operator.py
[2024-09-07T16:17:31.152+0000] {logging_mixin.py:188} INFO - [2024-09-07T16:17:31.151+0000] {dag.py:3036} INFO - Sync 1 DAGs
[2024-09-07T16:17:31.165+0000] {logging_mixin.py:188} INFO - [2024-09-07T16:17:31.165+0000] {dag.py:3823} INFO - Setting next_dagrun for example_weekday_branch_operator to 2024-09-06 00:00:00+00:00, run_after=2024-09-07 00:00:00+00:00
[2024-09-07T16:17:31.177+0000] {processor.py:183} INFO - Processing /home/airflow/.local/lib/python3.8/site-packages/airflow/example_dags/example_branch_day_of_week_operator.py took 0.052 seconds
[2024-09-07T16:18:01.797+0000] {processor.py:161} INFO - Started process (PID=9508) to work on /home/airflow/.local/lib/python3.8/site-packages/airflow/example_dags/example_branch_day_of_week_operator.py
[2024-09-07T16:18:01.798+0000] {processor.py:830} INFO - Processing file /home/airflow/.local/lib/python3.8/site-packages/airflow/example_dags/example_branch_day_of_week_operator.py for tasks to queue
[2024-09-07T16:18:01.799+0000] {logging_mixin.py:188} INFO - [2024-09-07T16:18:01.799+0000] {dagbag.py:538} INFO - Filling up the DagBag from /home/airflow/.local/lib/python3.8/site-packages/airflow/example_dags/example_branch_day_of_week_operator.py
[2024-09-07T16:18:01.804+0000] {processor.py:840} INFO - DAG(s) 'example_weekday_branch_operator' retrieved from /home/airflow/.local/lib/python3.8/site-packages/airflow/example_dags/example_branch_day_of_week_operator.py
[2024-09-07T16:18:01.817+0000] {logging_mixin.py:188} INFO - [2024-09-07T16:18:01.816+0000] {dag.py:3036} INFO - Sync 1 DAGs
[2024-09-07T16:18:01.828+0000] {logging_mixin.py:188} INFO - [2024-09-07T16:18:01.828+0000] {dag.py:3823} INFO - Setting next_dagrun for example_weekday_branch_operator to 2024-09-06 00:00:00+00:00, run_after=2024-09-07 00:00:00+00:00
[2024-09-07T16:18:01.839+0000] {processor.py:183} INFO - Processing /home/airflow/.local/lib/python3.8/site-packages/airflow/example_dags/example_branch_day_of_week_operator.py took 0.044 seconds
[2024-09-07T16:18:32.817+0000] {processor.py:161} INFO - Started process (PID=9755) to work on /home/airflow/.local/lib/python3.8/site-packages/airflow/example_dags/example_branch_day_of_week_operator.py
[2024-09-07T16:18:32.818+0000] {processor.py:830} INFO - Processing file /home/airflow/.local/lib/python3.8/site-packages/airflow/example_dags/example_branch_day_of_week_operator.py for tasks to queue
[2024-09-07T16:18:32.819+0000] {logging_mixin.py:188} INFO - [2024-09-07T16:18:32.818+0000] {dagbag.py:538} INFO - Filling up the DagBag from /home/airflow/.local/lib/python3.8/site-packages/airflow/example_dags/example_branch_day_of_week_operator.py
[2024-09-07T16:18:32.823+0000] {processor.py:840} INFO - DAG(s) 'example_weekday_branch_operator' retrieved from /home/airflow/.local/lib/python3.8/site-packages/airflow/example_dags/example_branch_day_of_week_operator.py
[2024-09-07T16:18:32.840+0000] {logging_mixin.py:188} INFO - [2024-09-07T16:18:32.840+0000] {dag.py:3036} INFO - Sync 1 DAGs
[2024-09-07T16:18:32.855+0000] {logging_mixin.py:188} INFO - [2024-09-07T16:18:32.854+0000] {dag.py:3823} INFO - Setting next_dagrun for example_weekday_branch_operator to 2024-09-06 00:00:00+00:00, run_after=2024-09-07 00:00:00+00:00
[2024-09-07T16:18:32.866+0000] {processor.py:183} INFO - Processing /home/airflow/.local/lib/python3.8/site-packages/airflow/example_dags/example_branch_day_of_week_operator.py took 0.052 seconds
[2024-09-07T16:19:03.842+0000] {processor.py:161} INFO - Started process (PID=10002) to work on /home/airflow/.local/lib/python3.8/site-packages/airflow/example_dags/example_branch_day_of_week_operator.py
[2024-09-07T16:19:03.843+0000] {processor.py:830} INFO - Processing file /home/airflow/.local/lib/python3.8/site-packages/airflow/example_dags/example_branch_day_of_week_operator.py for tasks to queue
[2024-09-07T16:19:03.843+0000] {logging_mixin.py:188} INFO - [2024-09-07T16:19:03.843+0000] {dagbag.py:538} INFO - Filling up the DagBag from /home/airflow/.local/lib/python3.8/site-packages/airflow/example_dags/example_branch_day_of_week_operator.py
[2024-09-07T16:19:03.849+0000] {processor.py:840} INFO - DAG(s) 'example_weekday_branch_operator' retrieved from /home/airflow/.local/lib/python3.8/site-packages/airflow/example_dags/example_branch_day_of_week_operator.py
[2024-09-07T16:19:03.865+0000] {logging_mixin.py:188} INFO - [2024-09-07T16:19:03.865+0000] {dag.py:3036} INFO - Sync 1 DAGs
[2024-09-07T16:19:03.881+0000] {logging_mixin.py:188} INFO - [2024-09-07T16:19:03.881+0000] {dag.py:3823} INFO - Setting next_dagrun for example_weekday_branch_operator to 2024-09-06 00:00:00+00:00, run_after=2024-09-07 00:00:00+00:00
[2024-09-07T16:19:03.895+0000] {processor.py:183} INFO - Processing /home/airflow/.local/lib/python3.8/site-packages/airflow/example_dags/example_branch_day_of_week_operator.py took 0.056 seconds
[2024-09-07T16:19:35.197+0000] {processor.py:161} INFO - Started process (PID=10249) to work on /home/airflow/.local/lib/python3.8/site-packages/airflow/example_dags/example_branch_day_of_week_operator.py
[2024-09-07T16:19:35.198+0000] {processor.py:830} INFO - Processing file /home/airflow/.local/lib/python3.8/site-packages/airflow/example_dags/example_branch_day_of_week_operator.py for tasks to queue
[2024-09-07T16:19:35.199+0000] {logging_mixin.py:188} INFO - [2024-09-07T16:19:35.199+0000] {dagbag.py:538} INFO - Filling up the DagBag from /home/airflow/.local/lib/python3.8/site-packages/airflow/example_dags/example_branch_day_of_week_operator.py
[2024-09-07T16:19:35.208+0000] {processor.py:840} INFO - DAG(s) 'example_weekday_branch_operator' retrieved from /home/airflow/.local/lib/python3.8/site-packages/airflow/example_dags/example_branch_day_of_week_operator.py
[2024-09-07T16:19:35.232+0000] {logging_mixin.py:188} INFO - [2024-09-07T16:19:35.231+0000] {dag.py:3036} INFO - Sync 1 DAGs
[2024-09-07T16:19:35.247+0000] {logging_mixin.py:188} INFO - [2024-09-07T16:19:35.247+0000] {dag.py:3823} INFO - Setting next_dagrun for example_weekday_branch_operator to 2024-09-06 00:00:00+00:00, run_after=2024-09-07 00:00:00+00:00
[2024-09-07T16:19:35.261+0000] {processor.py:183} INFO - Processing /home/airflow/.local/lib/python3.8/site-packages/airflow/example_dags/example_branch_day_of_week_operator.py took 0.067 seconds
[2024-09-07T16:20:06.054+0000] {processor.py:161} INFO - Started process (PID=10496) to work on /home/airflow/.local/lib/python3.8/site-packages/airflow/example_dags/example_branch_day_of_week_operator.py
[2024-09-07T16:20:06.055+0000] {processor.py:830} INFO - Processing file /home/airflow/.local/lib/python3.8/site-packages/airflow/example_dags/example_branch_day_of_week_operator.py for tasks to queue
[2024-09-07T16:20:06.055+0000] {logging_mixin.py:188} INFO - [2024-09-07T16:20:06.055+0000] {dagbag.py:538} INFO - Filling up the DagBag from /home/airflow/.local/lib/python3.8/site-packages/airflow/example_dags/example_branch_day_of_week_operator.py
[2024-09-07T16:20:06.060+0000] {processor.py:840} INFO - DAG(s) 'example_weekday_branch_operator' retrieved from /home/airflow/.local/lib/python3.8/site-packages/airflow/example_dags/example_branch_day_of_week_operator.py
[2024-09-07T16:20:06.075+0000] {logging_mixin.py:188} INFO - [2024-09-07T16:20:06.075+0000] {dag.py:3036} INFO - Sync 1 DAGs
[2024-09-07T16:20:06.090+0000] {logging_mixin.py:188} INFO - [2024-09-07T16:20:06.090+0000] {dag.py:3823} INFO - Setting next_dagrun for example_weekday_branch_operator to 2024-09-06 00:00:00+00:00, run_after=2024-09-07 00:00:00+00:00
[2024-09-07T16:20:06.102+0000] {processor.py:183} INFO - Processing /home/airflow/.local/lib/python3.8/site-packages/airflow/example_dags/example_branch_day_of_week_operator.py took 0.051 seconds
[2024-09-07T16:20:36.608+0000] {processor.py:161} INFO - Started process (PID=10743) to work on /home/airflow/.local/lib/python3.8/site-packages/airflow/example_dags/example_branch_day_of_week_operator.py
[2024-09-07T16:20:36.609+0000] {processor.py:830} INFO - Processing file /home/airflow/.local/lib/python3.8/site-packages/airflow/example_dags/example_branch_day_of_week_operator.py for tasks to queue
[2024-09-07T16:20:36.609+0000] {logging_mixin.py:188} INFO - [2024-09-07T16:20:36.609+0000] {dagbag.py:538} INFO - Filling up the DagBag from /home/airflow/.local/lib/python3.8/site-packages/airflow/example_dags/example_branch_day_of_week_operator.py
[2024-09-07T16:20:36.614+0000] {processor.py:840} INFO - DAG(s) 'example_weekday_branch_operator' retrieved from /home/airflow/.local/lib/python3.8/site-packages/airflow/example_dags/example_branch_day_of_week_operator.py
[2024-09-07T16:20:36.629+0000] {logging_mixin.py:188} INFO - [2024-09-07T16:20:36.629+0000] {dag.py:3036} INFO - Sync 1 DAGs
[2024-09-07T16:20:36.643+0000] {logging_mixin.py:188} INFO - [2024-09-07T16:20:36.642+0000] {dag.py:3823} INFO - Setting next_dagrun for example_weekday_branch_operator to 2024-09-06 00:00:00+00:00, run_after=2024-09-07 00:00:00+00:00
[2024-09-07T16:20:36.654+0000] {processor.py:183} INFO - Processing /home/airflow/.local/lib/python3.8/site-packages/airflow/example_dags/example_branch_day_of_week_operator.py took 0.048 seconds
[2024-09-07T16:21:07.246+0000] {processor.py:161} INFO - Started process (PID=10989) to work on /home/airflow/.local/lib/python3.8/site-packages/airflow/example_dags/example_branch_day_of_week_operator.py
[2024-09-07T16:21:07.247+0000] {processor.py:830} INFO - Processing file /home/airflow/.local/lib/python3.8/site-packages/airflow/example_dags/example_branch_day_of_week_operator.py for tasks to queue
[2024-09-07T16:21:07.248+0000] {logging_mixin.py:188} INFO - [2024-09-07T16:21:07.248+0000] {dagbag.py:538} INFO - Filling up the DagBag from /home/airflow/.local/lib/python3.8/site-packages/airflow/example_dags/example_branch_day_of_week_operator.py
[2024-09-07T16:21:07.256+0000] {processor.py:840} INFO - DAG(s) 'example_weekday_branch_operator' retrieved from /home/airflow/.local/lib/python3.8/site-packages/airflow/example_dags/example_branch_day_of_week_operator.py
[2024-09-07T16:21:07.281+0000] {logging_mixin.py:188} INFO - [2024-09-07T16:21:07.281+0000] {dag.py:3036} INFO - Sync 1 DAGs
[2024-09-07T16:21:07.297+0000] {logging_mixin.py:188} INFO - [2024-09-07T16:21:07.297+0000] {dag.py:3823} INFO - Setting next_dagrun for example_weekday_branch_operator to 2024-09-06 00:00:00+00:00, run_after=2024-09-07 00:00:00+00:00
[2024-09-07T16:21:07.309+0000] {processor.py:183} INFO - Processing /home/airflow/.local/lib/python3.8/site-packages/airflow/example_dags/example_branch_day_of_week_operator.py took 0.065 seconds
[2024-09-07T16:21:38.066+0000] {processor.py:161} INFO - Started process (PID=11236) to work on /home/airflow/.local/lib/python3.8/site-packages/airflow/example_dags/example_branch_day_of_week_operator.py
[2024-09-07T16:21:38.067+0000] {processor.py:830} INFO - Processing file /home/airflow/.local/lib/python3.8/site-packages/airflow/example_dags/example_branch_day_of_week_operator.py for tasks to queue
[2024-09-07T16:21:38.067+0000] {logging_mixin.py:188} INFO - [2024-09-07T16:21:38.067+0000] {dagbag.py:538} INFO - Filling up the DagBag from /home/airflow/.local/lib/python3.8/site-packages/airflow/example_dags/example_branch_day_of_week_operator.py
[2024-09-07T16:21:38.073+0000] {processor.py:840} INFO - DAG(s) 'example_weekday_branch_operator' retrieved from /home/airflow/.local/lib/python3.8/site-packages/airflow/example_dags/example_branch_day_of_week_operator.py
[2024-09-07T16:21:38.089+0000] {logging_mixin.py:188} INFO - [2024-09-07T16:21:38.089+0000] {dag.py:3036} INFO - Sync 1 DAGs
[2024-09-07T16:21:38.102+0000] {logging_mixin.py:188} INFO - [2024-09-07T16:21:38.102+0000] {dag.py:3823} INFO - Setting next_dagrun for example_weekday_branch_operator to 2024-09-06 00:00:00+00:00, run_after=2024-09-07 00:00:00+00:00
[2024-09-07T16:21:38.115+0000] {processor.py:183} INFO - Processing /home/airflow/.local/lib/python3.8/site-packages/airflow/example_dags/example_branch_day_of_week_operator.py took 0.052 seconds
[2024-09-07T16:22:08.287+0000] {processor.py:161} INFO - Started process (PID=11483) to work on /home/airflow/.local/lib/python3.8/site-packages/airflow/example_dags/example_branch_day_of_week_operator.py
[2024-09-07T16:22:08.288+0000] {processor.py:830} INFO - Processing file /home/airflow/.local/lib/python3.8/site-packages/airflow/example_dags/example_branch_day_of_week_operator.py for tasks to queue
[2024-09-07T16:22:08.289+0000] {logging_mixin.py:188} INFO - [2024-09-07T16:22:08.289+0000] {dagbag.py:538} INFO - Filling up the DagBag from /home/airflow/.local/lib/python3.8/site-packages/airflow/example_dags/example_branch_day_of_week_operator.py
[2024-09-07T16:22:08.293+0000] {processor.py:840} INFO - DAG(s) 'example_weekday_branch_operator' retrieved from /home/airflow/.local/lib/python3.8/site-packages/airflow/example_dags/example_branch_day_of_week_operator.py
[2024-09-07T16:22:08.306+0000] {logging_mixin.py:188} INFO - [2024-09-07T16:22:08.306+0000] {dag.py:3036} INFO - Sync 1 DAGs
[2024-09-07T16:22:08.322+0000] {logging_mixin.py:188} INFO - [2024-09-07T16:22:08.322+0000] {dag.py:3823} INFO - Setting next_dagrun for example_weekday_branch_operator to 2024-09-06 00:00:00+00:00, run_after=2024-09-07 00:00:00+00:00
[2024-09-07T16:22:08.344+0000] {processor.py:183} INFO - Processing /home/airflow/.local/lib/python3.8/site-packages/airflow/example_dags/example_branch_day_of_week_operator.py took 0.059 seconds
[2024-09-07T16:22:38.717+0000] {processor.py:161} INFO - Started process (PID=11730) to work on /home/airflow/.local/lib/python3.8/site-packages/airflow/example_dags/example_branch_day_of_week_operator.py
[2024-09-07T16:22:38.718+0000] {processor.py:830} INFO - Processing file /home/airflow/.local/lib/python3.8/site-packages/airflow/example_dags/example_branch_day_of_week_operator.py for tasks to queue
[2024-09-07T16:22:38.719+0000] {logging_mixin.py:188} INFO - [2024-09-07T16:22:38.718+0000] {dagbag.py:538} INFO - Filling up the DagBag from /home/airflow/.local/lib/python3.8/site-packages/airflow/example_dags/example_branch_day_of_week_operator.py
[2024-09-07T16:22:38.723+0000] {processor.py:840} INFO - DAG(s) 'example_weekday_branch_operator' retrieved from /home/airflow/.local/lib/python3.8/site-packages/airflow/example_dags/example_branch_day_of_week_operator.py
[2024-09-07T16:22:38.736+0000] {logging_mixin.py:188} INFO - [2024-09-07T16:22:38.736+0000] {dag.py:3036} INFO - Sync 1 DAGs
[2024-09-07T16:22:38.748+0000] {logging_mixin.py:188} INFO - [2024-09-07T16:22:38.748+0000] {dag.py:3823} INFO - Setting next_dagrun for example_weekday_branch_operator to 2024-09-06 00:00:00+00:00, run_after=2024-09-07 00:00:00+00:00
[2024-09-07T16:22:38.757+0000] {processor.py:183} INFO - Processing /home/airflow/.local/lib/python3.8/site-packages/airflow/example_dags/example_branch_day_of_week_operator.py took 0.043 seconds
[2024-09-07T16:23:09.438+0000] {processor.py:161} INFO - Started process (PID=11977) to work on /home/airflow/.local/lib/python3.8/site-packages/airflow/example_dags/example_branch_day_of_week_operator.py
[2024-09-07T16:23:09.439+0000] {processor.py:830} INFO - Processing file /home/airflow/.local/lib/python3.8/site-packages/airflow/example_dags/example_branch_day_of_week_operator.py for tasks to queue
[2024-09-07T16:23:09.440+0000] {logging_mixin.py:188} INFO - [2024-09-07T16:23:09.440+0000] {dagbag.py:538} INFO - Filling up the DagBag from /home/airflow/.local/lib/python3.8/site-packages/airflow/example_dags/example_branch_day_of_week_operator.py
[2024-09-07T16:23:09.444+0000] {processor.py:840} INFO - DAG(s) 'example_weekday_branch_operator' retrieved from /home/airflow/.local/lib/python3.8/site-packages/airflow/example_dags/example_branch_day_of_week_operator.py
[2024-09-07T16:23:09.457+0000] {logging_mixin.py:188} INFO - [2024-09-07T16:23:09.457+0000] {dag.py:3036} INFO - Sync 1 DAGs
[2024-09-07T16:23:09.469+0000] {logging_mixin.py:188} INFO - [2024-09-07T16:23:09.469+0000] {dag.py:3823} INFO - Setting next_dagrun for example_weekday_branch_operator to 2024-09-06 00:00:00+00:00, run_after=2024-09-07 00:00:00+00:00
[2024-09-07T16:23:09.479+0000] {processor.py:183} INFO - Processing /home/airflow/.local/lib/python3.8/site-packages/airflow/example_dags/example_branch_day_of_week_operator.py took 0.043 seconds
[2024-09-07T16:23:40.060+0000] {processor.py:161} INFO - Started process (PID=12224) to work on /home/airflow/.local/lib/python3.8/site-packages/airflow/example_dags/example_branch_day_of_week_operator.py
[2024-09-07T16:23:40.061+0000] {processor.py:830} INFO - Processing file /home/airflow/.local/lib/python3.8/site-packages/airflow/example_dags/example_branch_day_of_week_operator.py for tasks to queue
[2024-09-07T16:23:40.062+0000] {logging_mixin.py:188} INFO - [2024-09-07T16:23:40.062+0000] {dagbag.py:538} INFO - Filling up the DagBag from /home/airflow/.local/lib/python3.8/site-packages/airflow/example_dags/example_branch_day_of_week_operator.py
[2024-09-07T16:23:40.066+0000] {processor.py:840} INFO - DAG(s) 'example_weekday_branch_operator' retrieved from /home/airflow/.local/lib/python3.8/site-packages/airflow/example_dags/example_branch_day_of_week_operator.py
[2024-09-07T16:23:40.079+0000] {logging_mixin.py:188} INFO - [2024-09-07T16:23:40.079+0000] {dag.py:3036} INFO - Sync 1 DAGs
[2024-09-07T16:23:40.091+0000] {logging_mixin.py:188} INFO - [2024-09-07T16:23:40.090+0000] {dag.py:3823} INFO - Setting next_dagrun for example_weekday_branch_operator to 2024-09-06 00:00:00+00:00, run_after=2024-09-07 00:00:00+00:00
[2024-09-07T16:23:40.100+0000] {processor.py:183} INFO - Processing /home/airflow/.local/lib/python3.8/site-packages/airflow/example_dags/example_branch_day_of_week_operator.py took 0.042 seconds
[2024-09-07T16:24:10.919+0000] {processor.py:161} INFO - Started process (PID=12471) to work on /home/airflow/.local/lib/python3.8/site-packages/airflow/example_dags/example_branch_day_of_week_operator.py
[2024-09-07T16:24:10.920+0000] {processor.py:830} INFO - Processing file /home/airflow/.local/lib/python3.8/site-packages/airflow/example_dags/example_branch_day_of_week_operator.py for tasks to queue
[2024-09-07T16:24:10.921+0000] {logging_mixin.py:188} INFO - [2024-09-07T16:24:10.921+0000] {dagbag.py:538} INFO - Filling up the DagBag from /home/airflow/.local/lib/python3.8/site-packages/airflow/example_dags/example_branch_day_of_week_operator.py
[2024-09-07T16:24:10.926+0000] {processor.py:840} INFO - DAG(s) 'example_weekday_branch_operator' retrieved from /home/airflow/.local/lib/python3.8/site-packages/airflow/example_dags/example_branch_day_of_week_operator.py
[2024-09-07T16:24:10.938+0000] {logging_mixin.py:188} INFO - [2024-09-07T16:24:10.938+0000] {dag.py:3036} INFO - Sync 1 DAGs
[2024-09-07T16:24:10.950+0000] {logging_mixin.py:188} INFO - [2024-09-07T16:24:10.950+0000] {dag.py:3823} INFO - Setting next_dagrun for example_weekday_branch_operator to 2024-09-06 00:00:00+00:00, run_after=2024-09-07 00:00:00+00:00
[2024-09-07T16:24:10.960+0000] {processor.py:183} INFO - Processing /home/airflow/.local/lib/python3.8/site-packages/airflow/example_dags/example_branch_day_of_week_operator.py took 0.042 seconds
[2024-09-07T16:24:41.882+0000] {processor.py:161} INFO - Started process (PID=12718) to work on /home/airflow/.local/lib/python3.8/site-packages/airflow/example_dags/example_branch_day_of_week_operator.py
[2024-09-07T16:24:41.883+0000] {processor.py:830} INFO - Processing file /home/airflow/.local/lib/python3.8/site-packages/airflow/example_dags/example_branch_day_of_week_operator.py for tasks to queue
[2024-09-07T16:24:41.883+0000] {logging_mixin.py:188} INFO - [2024-09-07T16:24:41.883+0000] {dagbag.py:538} INFO - Filling up the DagBag from /home/airflow/.local/lib/python3.8/site-packages/airflow/example_dags/example_branch_day_of_week_operator.py
[2024-09-07T16:24:41.889+0000] {processor.py:840} INFO - DAG(s) 'example_weekday_branch_operator' retrieved from /home/airflow/.local/lib/python3.8/site-packages/airflow/example_dags/example_branch_day_of_week_operator.py
[2024-09-07T16:24:41.904+0000] {logging_mixin.py:188} INFO - [2024-09-07T16:24:41.904+0000] {dag.py:3036} INFO - Sync 1 DAGs
[2024-09-07T16:24:41.918+0000] {logging_mixin.py:188} INFO - [2024-09-07T16:24:41.918+0000] {dag.py:3823} INFO - Setting next_dagrun for example_weekday_branch_operator to 2024-09-06 00:00:00+00:00, run_after=2024-09-07 00:00:00+00:00
[2024-09-07T16:24:41.929+0000] {processor.py:183} INFO - Processing /home/airflow/.local/lib/python3.8/site-packages/airflow/example_dags/example_branch_day_of_week_operator.py took 0.050 seconds
[2024-09-07T16:25:12.529+0000] {processor.py:161} INFO - Started process (PID=12965) to work on /home/airflow/.local/lib/python3.8/site-packages/airflow/example_dags/example_branch_day_of_week_operator.py
[2024-09-07T16:25:12.531+0000] {processor.py:830} INFO - Processing file /home/airflow/.local/lib/python3.8/site-packages/airflow/example_dags/example_branch_day_of_week_operator.py for tasks to queue
[2024-09-07T16:25:12.531+0000] {logging_mixin.py:188} INFO - [2024-09-07T16:25:12.531+0000] {dagbag.py:538} INFO - Filling up the DagBag from /home/airflow/.local/lib/python3.8/site-packages/airflow/example_dags/example_branch_day_of_week_operator.py
[2024-09-07T16:25:12.537+0000] {processor.py:840} INFO - DAG(s) 'example_weekday_branch_operator' retrieved from /home/airflow/.local/lib/python3.8/site-packages/airflow/example_dags/example_branch_day_of_week_operator.py
[2024-09-07T16:25:12.562+0000] {logging_mixin.py:188} INFO - [2024-09-07T16:25:12.562+0000] {dag.py:3036} INFO - Sync 1 DAGs
[2024-09-07T16:25:12.579+0000] {logging_mixin.py:188} INFO - [2024-09-07T16:25:12.578+0000] {dag.py:3823} INFO - Setting next_dagrun for example_weekday_branch_operator to 2024-09-06 00:00:00+00:00, run_after=2024-09-07 00:00:00+00:00
[2024-09-07T16:25:12.593+0000] {processor.py:183} INFO - Processing /home/airflow/.local/lib/python3.8/site-packages/airflow/example_dags/example_branch_day_of_week_operator.py took 0.066 seconds
[2024-09-07T16:25:43.183+0000] {processor.py:161} INFO - Started process (PID=13212) to work on /home/airflow/.local/lib/python3.8/site-packages/airflow/example_dags/example_branch_day_of_week_operator.py
[2024-09-07T16:25:43.184+0000] {processor.py:830} INFO - Processing file /home/airflow/.local/lib/python3.8/site-packages/airflow/example_dags/example_branch_day_of_week_operator.py for tasks to queue
[2024-09-07T16:25:43.185+0000] {logging_mixin.py:188} INFO - [2024-09-07T16:25:43.184+0000] {dagbag.py:538} INFO - Filling up the DagBag from /home/airflow/.local/lib/python3.8/site-packages/airflow/example_dags/example_branch_day_of_week_operator.py
[2024-09-07T16:25:43.191+0000] {processor.py:840} INFO - DAG(s) 'example_weekday_branch_operator' retrieved from /home/airflow/.local/lib/python3.8/site-packages/airflow/example_dags/example_branch_day_of_week_operator.py
[2024-09-07T16:25:43.205+0000] {logging_mixin.py:188} INFO - [2024-09-07T16:25:43.205+0000] {dag.py:3036} INFO - Sync 1 DAGs
[2024-09-07T16:25:43.217+0000] {logging_mixin.py:188} INFO - [2024-09-07T16:25:43.217+0000] {dag.py:3823} INFO - Setting next_dagrun for example_weekday_branch_operator to 2024-09-06 00:00:00+00:00, run_after=2024-09-07 00:00:00+00:00
[2024-09-07T16:25:43.227+0000] {processor.py:183} INFO - Processing /home/airflow/.local/lib/python3.8/site-packages/airflow/example_dags/example_branch_day_of_week_operator.py took 0.047 seconds
[2024-09-07T16:26:14.038+0000] {processor.py:161} INFO - Started process (PID=13459) to work on /home/airflow/.local/lib/python3.8/site-packages/airflow/example_dags/example_branch_day_of_week_operator.py
[2024-09-07T16:26:14.039+0000] {processor.py:830} INFO - Processing file /home/airflow/.local/lib/python3.8/site-packages/airflow/example_dags/example_branch_day_of_week_operator.py for tasks to queue
[2024-09-07T16:26:14.039+0000] {logging_mixin.py:188} INFO - [2024-09-07T16:26:14.039+0000] {dagbag.py:538} INFO - Filling up the DagBag from /home/airflow/.local/lib/python3.8/site-packages/airflow/example_dags/example_branch_day_of_week_operator.py
[2024-09-07T16:26:14.044+0000] {processor.py:840} INFO - DAG(s) 'example_weekday_branch_operator' retrieved from /home/airflow/.local/lib/python3.8/site-packages/airflow/example_dags/example_branch_day_of_week_operator.py
[2024-09-07T16:26:14.060+0000] {logging_mixin.py:188} INFO - [2024-09-07T16:26:14.060+0000] {dag.py:3036} INFO - Sync 1 DAGs
[2024-09-07T16:26:14.074+0000] {logging_mixin.py:188} INFO - [2024-09-07T16:26:14.074+0000] {dag.py:3823} INFO - Setting next_dagrun for example_weekday_branch_operator to 2024-09-06 00:00:00+00:00, run_after=2024-09-07 00:00:00+00:00
[2024-09-07T16:26:14.086+0000] {processor.py:183} INFO - Processing /home/airflow/.local/lib/python3.8/site-packages/airflow/example_dags/example_branch_day_of_week_operator.py took 0.050 seconds
[2024-09-07T16:26:44.231+0000] {processor.py:161} INFO - Started process (PID=13706) to work on /home/airflow/.local/lib/python3.8/site-packages/airflow/example_dags/example_branch_day_of_week_operator.py
[2024-09-07T16:26:44.232+0000] {processor.py:830} INFO - Processing file /home/airflow/.local/lib/python3.8/site-packages/airflow/example_dags/example_branch_day_of_week_operator.py for tasks to queue
[2024-09-07T16:26:44.233+0000] {logging_mixin.py:188} INFO - [2024-09-07T16:26:44.232+0000] {dagbag.py:538} INFO - Filling up the DagBag from /home/airflow/.local/lib/python3.8/site-packages/airflow/example_dags/example_branch_day_of_week_operator.py
[2024-09-07T16:26:44.237+0000] {processor.py:840} INFO - DAG(s) 'example_weekday_branch_operator' retrieved from /home/airflow/.local/lib/python3.8/site-packages/airflow/example_dags/example_branch_day_of_week_operator.py
[2024-09-07T16:26:44.250+0000] {logging_mixin.py:188} INFO - [2024-09-07T16:26:44.249+0000] {dag.py:3036} INFO - Sync 1 DAGs
[2024-09-07T16:26:44.262+0000] {logging_mixin.py:188} INFO - [2024-09-07T16:26:44.262+0000] {dag.py:3823} INFO - Setting next_dagrun for example_weekday_branch_operator to 2024-09-06 00:00:00+00:00, run_after=2024-09-07 00:00:00+00:00
[2024-09-07T16:26:44.271+0000] {processor.py:183} INFO - Processing /home/airflow/.local/lib/python3.8/site-packages/airflow/example_dags/example_branch_day_of_week_operator.py took 0.042 seconds
[2024-09-07T16:27:15.135+0000] {processor.py:161} INFO - Started process (PID=13953) to work on /home/airflow/.local/lib/python3.8/site-packages/airflow/example_dags/example_branch_day_of_week_operator.py
[2024-09-07T16:27:15.136+0000] {processor.py:830} INFO - Processing file /home/airflow/.local/lib/python3.8/site-packages/airflow/example_dags/example_branch_day_of_week_operator.py for tasks to queue
[2024-09-07T16:27:15.137+0000] {logging_mixin.py:188} INFO - [2024-09-07T16:27:15.137+0000] {dagbag.py:538} INFO - Filling up the DagBag from /home/airflow/.local/lib/python3.8/site-packages/airflow/example_dags/example_branch_day_of_week_operator.py
[2024-09-07T16:27:15.141+0000] {processor.py:840} INFO - DAG(s) 'example_weekday_branch_operator' retrieved from /home/airflow/.local/lib/python3.8/site-packages/airflow/example_dags/example_branch_day_of_week_operator.py
[2024-09-07T16:27:15.154+0000] {logging_mixin.py:188} INFO - [2024-09-07T16:27:15.154+0000] {dag.py:3036} INFO - Sync 1 DAGs
[2024-09-07T16:27:15.166+0000] {logging_mixin.py:188} INFO - [2024-09-07T16:27:15.166+0000] {dag.py:3823} INFO - Setting next_dagrun for example_weekday_branch_operator to 2024-09-06 00:00:00+00:00, run_after=2024-09-07 00:00:00+00:00
[2024-09-07T16:27:15.177+0000] {processor.py:183} INFO - Processing /home/airflow/.local/lib/python3.8/site-packages/airflow/example_dags/example_branch_day_of_week_operator.py took 0.044 seconds
[2024-09-07T16:27:45.805+0000] {processor.py:161} INFO - Started process (PID=14199) to work on /home/airflow/.local/lib/python3.8/site-packages/airflow/example_dags/example_branch_day_of_week_operator.py
[2024-09-07T16:27:45.806+0000] {processor.py:830} INFO - Processing file /home/airflow/.local/lib/python3.8/site-packages/airflow/example_dags/example_branch_day_of_week_operator.py for tasks to queue
[2024-09-07T16:27:45.807+0000] {logging_mixin.py:188} INFO - [2024-09-07T16:27:45.806+0000] {dagbag.py:538} INFO - Filling up the DagBag from /home/airflow/.local/lib/python3.8/site-packages/airflow/example_dags/example_branch_day_of_week_operator.py
[2024-09-07T16:27:45.811+0000] {processor.py:840} INFO - DAG(s) 'example_weekday_branch_operator' retrieved from /home/airflow/.local/lib/python3.8/site-packages/airflow/example_dags/example_branch_day_of_week_operator.py
[2024-09-07T16:27:45.824+0000] {logging_mixin.py:188} INFO - [2024-09-07T16:27:45.824+0000] {dag.py:3036} INFO - Sync 1 DAGs
[2024-09-07T16:27:45.836+0000] {logging_mixin.py:188} INFO - [2024-09-07T16:27:45.836+0000] {dag.py:3823} INFO - Setting next_dagrun for example_weekday_branch_operator to 2024-09-06 00:00:00+00:00, run_after=2024-09-07 00:00:00+00:00
[2024-09-07T16:27:45.847+0000] {processor.py:183} INFO - Processing /home/airflow/.local/lib/python3.8/site-packages/airflow/example_dags/example_branch_day_of_week_operator.py took 0.047 seconds
[2024-09-07T16:28:16.505+0000] {processor.py:161} INFO - Started process (PID=14446) to work on /home/airflow/.local/lib/python3.8/site-packages/airflow/example_dags/example_branch_day_of_week_operator.py
[2024-09-07T16:28:16.506+0000] {processor.py:830} INFO - Processing file /home/airflow/.local/lib/python3.8/site-packages/airflow/example_dags/example_branch_day_of_week_operator.py for tasks to queue
[2024-09-07T16:28:16.507+0000] {logging_mixin.py:188} INFO - [2024-09-07T16:28:16.507+0000] {dagbag.py:538} INFO - Filling up the DagBag from /home/airflow/.local/lib/python3.8/site-packages/airflow/example_dags/example_branch_day_of_week_operator.py
[2024-09-07T16:28:16.512+0000] {processor.py:840} INFO - DAG(s) 'example_weekday_branch_operator' retrieved from /home/airflow/.local/lib/python3.8/site-packages/airflow/example_dags/example_branch_day_of_week_operator.py
[2024-09-07T16:28:16.530+0000] {logging_mixin.py:188} INFO - [2024-09-07T16:28:16.530+0000] {dag.py:3036} INFO - Sync 1 DAGs
[2024-09-07T16:28:16.548+0000] {logging_mixin.py:188} INFO - [2024-09-07T16:28:16.548+0000] {dag.py:3823} INFO - Setting next_dagrun for example_weekday_branch_operator to 2024-09-06 00:00:00+00:00, run_after=2024-09-07 00:00:00+00:00
[2024-09-07T16:28:16.563+0000] {processor.py:183} INFO - Processing /home/airflow/.local/lib/python3.8/site-packages/airflow/example_dags/example_branch_day_of_week_operator.py took 0.061 seconds
