[2024-09-07T15:59:07.947+0000] {processor.py:161} INFO - Started process (PID=231) to work on /home/airflow/.local/lib/python3.8/site-packages/airflow/example_dags/example_branch_labels.py
[2024-09-07T15:59:07.948+0000] {processor.py:830} INFO - Processing file /home/airflow/.local/lib/python3.8/site-packages/airflow/example_dags/example_branch_labels.py for tasks to queue
[2024-09-07T15:59:07.949+0000] {logging_mixin.py:188} INFO - [2024-09-07T15:59:07.949+0000] {dagbag.py:538} INFO - Filling up the DagBag from /home/airflow/.local/lib/python3.8/site-packages/airflow/example_dags/example_branch_labels.py
[2024-09-07T15:59:07.955+0000] {processor.py:840} INFO - DAG(s) 'example_branch_labels' retrieved from /home/airflow/.local/lib/python3.8/site-packages/airflow/example_dags/example_branch_labels.py
[2024-09-07T15:59:07.974+0000] {logging_mixin.py:188} INFO - [2024-09-07T15:59:07.974+0000] {dag.py:3036} INFO - Sync 1 DAGs
[2024-09-07T15:59:07.995+0000] {logging_mixin.py:188} INFO - [2024-09-07T15:59:07.994+0000] {dag.py:3823} INFO - Setting next_dagrun for example_branch_labels to 2024-09-06 00:00:00+00:00, run_after=2024-09-07 00:00:00+00:00
[2024-09-07T15:59:08.016+0000] {processor.py:183} INFO - Processing /home/airflow/.local/lib/python3.8/site-packages/airflow/example_dags/example_branch_labels.py took 0.072 seconds
[2024-09-07T15:59:38.699+0000] {processor.py:161} INFO - Started process (PID=480) to work on /home/airflow/.local/lib/python3.8/site-packages/airflow/example_dags/example_branch_labels.py
[2024-09-07T15:59:38.700+0000] {processor.py:830} INFO - Processing file /home/airflow/.local/lib/python3.8/site-packages/airflow/example_dags/example_branch_labels.py for tasks to queue
[2024-09-07T15:59:38.700+0000] {logging_mixin.py:188} INFO - [2024-09-07T15:59:38.700+0000] {dagbag.py:538} INFO - Filling up the DagBag from /home/airflow/.local/lib/python3.8/site-packages/airflow/example_dags/example_branch_labels.py
[2024-09-07T15:59:38.704+0000] {processor.py:840} INFO - DAG(s) 'example_branch_labels' retrieved from /home/airflow/.local/lib/python3.8/site-packages/airflow/example_dags/example_branch_labels.py
[2024-09-07T15:59:38.717+0000] {logging_mixin.py:188} INFO - [2024-09-07T15:59:38.717+0000] {dag.py:3036} INFO - Sync 1 DAGs
[2024-09-07T15:59:38.729+0000] {logging_mixin.py:188} INFO - [2024-09-07T15:59:38.729+0000] {dag.py:3823} INFO - Setting next_dagrun for example_branch_labels to 2024-09-06 00:00:00+00:00, run_after=2024-09-07 00:00:00+00:00
[2024-09-07T15:59:38.740+0000] {processor.py:183} INFO - Processing /home/airflow/.local/lib/python3.8/site-packages/airflow/example_dags/example_branch_labels.py took 0.043 seconds
[2024-09-07T16:00:09.442+0000] {processor.py:161} INFO - Started process (PID=725) to work on /home/airflow/.local/lib/python3.8/site-packages/airflow/example_dags/example_branch_labels.py
[2024-09-07T16:00:09.443+0000] {processor.py:830} INFO - Processing file /home/airflow/.local/lib/python3.8/site-packages/airflow/example_dags/example_branch_labels.py for tasks to queue
[2024-09-07T16:00:09.443+0000] {logging_mixin.py:188} INFO - [2024-09-07T16:00:09.443+0000] {dagbag.py:538} INFO - Filling up the DagBag from /home/airflow/.local/lib/python3.8/site-packages/airflow/example_dags/example_branch_labels.py
[2024-09-07T16:00:09.448+0000] {processor.py:840} INFO - DAG(s) 'example_branch_labels' retrieved from /home/airflow/.local/lib/python3.8/site-packages/airflow/example_dags/example_branch_labels.py
[2024-09-07T16:00:09.461+0000] {logging_mixin.py:188} INFO - [2024-09-07T16:00:09.460+0000] {dag.py:3036} INFO - Sync 1 DAGs
[2024-09-07T16:00:09.472+0000] {logging_mixin.py:188} INFO - [2024-09-07T16:00:09.472+0000] {dag.py:3823} INFO - Setting next_dagrun for example_branch_labels to 2024-09-06 00:00:00+00:00, run_after=2024-09-07 00:00:00+00:00
[2024-09-07T16:00:09.482+0000] {processor.py:183} INFO - Processing /home/airflow/.local/lib/python3.8/site-packages/airflow/example_dags/example_branch_labels.py took 0.042 seconds
[2024-09-07T16:00:40.138+0000] {processor.py:161} INFO - Started process (PID=972) to work on /home/airflow/.local/lib/python3.8/site-packages/airflow/example_dags/example_branch_labels.py
[2024-09-07T16:00:40.139+0000] {processor.py:830} INFO - Processing file /home/airflow/.local/lib/python3.8/site-packages/airflow/example_dags/example_branch_labels.py for tasks to queue
[2024-09-07T16:00:40.139+0000] {logging_mixin.py:188} INFO - [2024-09-07T16:00:40.139+0000] {dagbag.py:538} INFO - Filling up the DagBag from /home/airflow/.local/lib/python3.8/site-packages/airflow/example_dags/example_branch_labels.py
[2024-09-07T16:00:40.145+0000] {processor.py:840} INFO - DAG(s) 'example_branch_labels' retrieved from /home/airflow/.local/lib/python3.8/site-packages/airflow/example_dags/example_branch_labels.py
[2024-09-07T16:00:40.162+0000] {logging_mixin.py:188} INFO - [2024-09-07T16:00:40.162+0000] {dag.py:3036} INFO - Sync 1 DAGs
[2024-09-07T16:00:40.177+0000] {logging_mixin.py:188} INFO - [2024-09-07T16:00:40.176+0000] {dag.py:3823} INFO - Setting next_dagrun for example_branch_labels to 2024-09-06 00:00:00+00:00, run_after=2024-09-07 00:00:00+00:00
[2024-09-07T16:00:40.188+0000] {processor.py:183} INFO - Processing /home/airflow/.local/lib/python3.8/site-packages/airflow/example_dags/example_branch_labels.py took 0.052 seconds
[2024-09-07T16:01:10.897+0000] {processor.py:161} INFO - Started process (PID=1221) to work on /home/airflow/.local/lib/python3.8/site-packages/airflow/example_dags/example_branch_labels.py
[2024-09-07T16:01:10.898+0000] {processor.py:830} INFO - Processing file /home/airflow/.local/lib/python3.8/site-packages/airflow/example_dags/example_branch_labels.py for tasks to queue
[2024-09-07T16:01:10.899+0000] {logging_mixin.py:188} INFO - [2024-09-07T16:01:10.899+0000] {dagbag.py:538} INFO - Filling up the DagBag from /home/airflow/.local/lib/python3.8/site-packages/airflow/example_dags/example_branch_labels.py
[2024-09-07T16:01:10.904+0000] {processor.py:840} INFO - DAG(s) 'example_branch_labels' retrieved from /home/airflow/.local/lib/python3.8/site-packages/airflow/example_dags/example_branch_labels.py
[2024-09-07T16:01:10.919+0000] {logging_mixin.py:188} INFO - [2024-09-07T16:01:10.919+0000] {dag.py:3036} INFO - Sync 1 DAGs
[2024-09-07T16:01:10.933+0000] {logging_mixin.py:188} INFO - [2024-09-07T16:01:10.933+0000] {dag.py:3823} INFO - Setting next_dagrun for example_branch_labels to 2024-09-06 00:00:00+00:00, run_after=2024-09-07 00:00:00+00:00
[2024-09-07T16:01:10.942+0000] {processor.py:183} INFO - Processing /home/airflow/.local/lib/python3.8/site-packages/airflow/example_dags/example_branch_labels.py took 0.048 seconds
[2024-09-07T16:01:41.855+0000] {processor.py:161} INFO - Started process (PID=1465) to work on /home/airflow/.local/lib/python3.8/site-packages/airflow/example_dags/example_branch_labels.py
[2024-09-07T16:01:41.857+0000] {processor.py:830} INFO - Processing file /home/airflow/.local/lib/python3.8/site-packages/airflow/example_dags/example_branch_labels.py for tasks to queue
[2024-09-07T16:01:41.858+0000] {logging_mixin.py:188} INFO - [2024-09-07T16:01:41.858+0000] {dagbag.py:538} INFO - Filling up the DagBag from /home/airflow/.local/lib/python3.8/site-packages/airflow/example_dags/example_branch_labels.py
[2024-09-07T16:01:41.865+0000] {processor.py:840} INFO - DAG(s) 'example_branch_labels' retrieved from /home/airflow/.local/lib/python3.8/site-packages/airflow/example_dags/example_branch_labels.py
[2024-09-07T16:01:41.880+0000] {logging_mixin.py:188} INFO - [2024-09-07T16:01:41.880+0000] {dag.py:3036} INFO - Sync 1 DAGs
[2024-09-07T16:01:41.899+0000] {logging_mixin.py:188} INFO - [2024-09-07T16:01:41.899+0000] {dag.py:3823} INFO - Setting next_dagrun for example_branch_labels to 2024-09-06 00:00:00+00:00, run_after=2024-09-07 00:00:00+00:00
[2024-09-07T16:01:41.914+0000] {processor.py:183} INFO - Processing /home/airflow/.local/lib/python3.8/site-packages/airflow/example_dags/example_branch_labels.py took 0.061 seconds
[2024-09-07T16:02:12.316+0000] {processor.py:161} INFO - Started process (PID=1712) to work on /home/airflow/.local/lib/python3.8/site-packages/airflow/example_dags/example_branch_labels.py
[2024-09-07T16:02:12.316+0000] {processor.py:830} INFO - Processing file /home/airflow/.local/lib/python3.8/site-packages/airflow/example_dags/example_branch_labels.py for tasks to queue
[2024-09-07T16:02:12.317+0000] {logging_mixin.py:188} INFO - [2024-09-07T16:02:12.317+0000] {dagbag.py:538} INFO - Filling up the DagBag from /home/airflow/.local/lib/python3.8/site-packages/airflow/example_dags/example_branch_labels.py
[2024-09-07T16:02:12.322+0000] {processor.py:840} INFO - DAG(s) 'example_branch_labels' retrieved from /home/airflow/.local/lib/python3.8/site-packages/airflow/example_dags/example_branch_labels.py
[2024-09-07T16:02:12.377+0000] {logging_mixin.py:188} INFO - [2024-09-07T16:02:12.377+0000] {dag.py:3036} INFO - Sync 1 DAGs
[2024-09-07T16:02:12.387+0000] {logging_mixin.py:188} INFO - [2024-09-07T16:02:12.387+0000] {dag.py:3823} INFO - Setting next_dagrun for example_branch_labels to 2024-09-06 00:00:00+00:00, run_after=2024-09-07 00:00:00+00:00
[2024-09-07T16:02:12.396+0000] {processor.py:183} INFO - Processing /home/airflow/.local/lib/python3.8/site-packages/airflow/example_dags/example_branch_labels.py took 0.083 seconds
[2024-09-07T16:02:42.739+0000] {processor.py:161} INFO - Started process (PID=1958) to work on /home/airflow/.local/lib/python3.8/site-packages/airflow/example_dags/example_branch_labels.py
[2024-09-07T16:02:42.740+0000] {processor.py:830} INFO - Processing file /home/airflow/.local/lib/python3.8/site-packages/airflow/example_dags/example_branch_labels.py for tasks to queue
[2024-09-07T16:02:42.741+0000] {logging_mixin.py:188} INFO - [2024-09-07T16:02:42.741+0000] {dagbag.py:538} INFO - Filling up the DagBag from /home/airflow/.local/lib/python3.8/site-packages/airflow/example_dags/example_branch_labels.py
[2024-09-07T16:02:42.746+0000] {processor.py:840} INFO - DAG(s) 'example_branch_labels' retrieved from /home/airflow/.local/lib/python3.8/site-packages/airflow/example_dags/example_branch_labels.py
[2024-09-07T16:02:42.760+0000] {logging_mixin.py:188} INFO - [2024-09-07T16:02:42.759+0000] {dag.py:3036} INFO - Sync 1 DAGs
[2024-09-07T16:02:42.774+0000] {logging_mixin.py:188} INFO - [2024-09-07T16:02:42.774+0000] {dag.py:3823} INFO - Setting next_dagrun for example_branch_labels to 2024-09-06 00:00:00+00:00, run_after=2024-09-07 00:00:00+00:00
[2024-09-07T16:02:42.784+0000] {processor.py:183} INFO - Processing /home/airflow/.local/lib/python3.8/site-packages/airflow/example_dags/example_branch_labels.py took 0.047 seconds
[2024-09-07T16:03:13.006+0000] {processor.py:161} INFO - Started process (PID=2205) to work on /home/airflow/.local/lib/python3.8/site-packages/airflow/example_dags/example_branch_labels.py
[2024-09-07T16:03:13.007+0000] {processor.py:830} INFO - Processing file /home/airflow/.local/lib/python3.8/site-packages/airflow/example_dags/example_branch_labels.py for tasks to queue
[2024-09-07T16:03:13.009+0000] {logging_mixin.py:188} INFO - [2024-09-07T16:03:13.009+0000] {dagbag.py:538} INFO - Filling up the DagBag from /home/airflow/.local/lib/python3.8/site-packages/airflow/example_dags/example_branch_labels.py
[2024-09-07T16:03:13.015+0000] {processor.py:840} INFO - DAG(s) 'example_branch_labels' retrieved from /home/airflow/.local/lib/python3.8/site-packages/airflow/example_dags/example_branch_labels.py
[2024-09-07T16:03:13.028+0000] {logging_mixin.py:188} INFO - [2024-09-07T16:03:13.027+0000] {dag.py:3036} INFO - Sync 1 DAGs
[2024-09-07T16:03:13.040+0000] {logging_mixin.py:188} INFO - [2024-09-07T16:03:13.040+0000] {dag.py:3823} INFO - Setting next_dagrun for example_branch_labels to 2024-09-06 00:00:00+00:00, run_after=2024-09-07 00:00:00+00:00
[2024-09-07T16:03:13.050+0000] {processor.py:183} INFO - Processing /home/airflow/.local/lib/python3.8/site-packages/airflow/example_dags/example_branch_labels.py took 0.046 seconds
[2024-09-07T16:03:43.130+0000] {processor.py:161} INFO - Started process (PID=2452) to work on /home/airflow/.local/lib/python3.8/site-packages/airflow/example_dags/example_branch_labels.py
[2024-09-07T16:03:43.135+0000] {processor.py:830} INFO - Processing file /home/airflow/.local/lib/python3.8/site-packages/airflow/example_dags/example_branch_labels.py for tasks to queue
[2024-09-07T16:03:43.149+0000] {logging_mixin.py:188} INFO - [2024-09-07T16:03:43.149+0000] {dagbag.py:538} INFO - Filling up the DagBag from /home/airflow/.local/lib/python3.8/site-packages/airflow/example_dags/example_branch_labels.py
[2024-09-07T16:03:43.158+0000] {processor.py:840} INFO - DAG(s) 'example_branch_labels' retrieved from /home/airflow/.local/lib/python3.8/site-packages/airflow/example_dags/example_branch_labels.py
[2024-09-07T16:03:43.174+0000] {logging_mixin.py:188} INFO - [2024-09-07T16:03:43.173+0000] {dag.py:3036} INFO - Sync 1 DAGs
[2024-09-07T16:03:43.185+0000] {logging_mixin.py:188} INFO - [2024-09-07T16:03:43.185+0000] {dag.py:3823} INFO - Setting next_dagrun for example_branch_labels to 2024-09-06 00:00:00+00:00, run_after=2024-09-07 00:00:00+00:00
[2024-09-07T16:03:43.197+0000] {processor.py:183} INFO - Processing /home/airflow/.local/lib/python3.8/site-packages/airflow/example_dags/example_branch_labels.py took 0.069 seconds
[2024-09-07T16:04:14.074+0000] {processor.py:161} INFO - Started process (PID=2699) to work on /home/airflow/.local/lib/python3.8/site-packages/airflow/example_dags/example_branch_labels.py
[2024-09-07T16:04:14.075+0000] {processor.py:830} INFO - Processing file /home/airflow/.local/lib/python3.8/site-packages/airflow/example_dags/example_branch_labels.py for tasks to queue
[2024-09-07T16:04:14.076+0000] {logging_mixin.py:188} INFO - [2024-09-07T16:04:14.076+0000] {dagbag.py:538} INFO - Filling up the DagBag from /home/airflow/.local/lib/python3.8/site-packages/airflow/example_dags/example_branch_labels.py
[2024-09-07T16:04:14.081+0000] {processor.py:840} INFO - DAG(s) 'example_branch_labels' retrieved from /home/airflow/.local/lib/python3.8/site-packages/airflow/example_dags/example_branch_labels.py
[2024-09-07T16:04:14.088+0000] {logging_mixin.py:188} INFO - [2024-09-07T16:04:14.088+0000] {dag.py:3036} INFO - Sync 1 DAGs
[2024-09-07T16:04:14.102+0000] {logging_mixin.py:188} INFO - [2024-09-07T16:04:14.102+0000] {dag.py:3823} INFO - Setting next_dagrun for example_branch_labels to 2024-09-06 00:00:00+00:00, run_after=2024-09-07 00:00:00+00:00
[2024-09-07T16:04:14.112+0000] {processor.py:183} INFO - Processing /home/airflow/.local/lib/python3.8/site-packages/airflow/example_dags/example_branch_labels.py took 0.040 seconds
[2024-09-07T16:04:45.047+0000] {processor.py:161} INFO - Started process (PID=2946) to work on /home/airflow/.local/lib/python3.8/site-packages/airflow/example_dags/example_branch_labels.py
[2024-09-07T16:04:45.049+0000] {processor.py:830} INFO - Processing file /home/airflow/.local/lib/python3.8/site-packages/airflow/example_dags/example_branch_labels.py for tasks to queue
[2024-09-07T16:04:45.049+0000] {logging_mixin.py:188} INFO - [2024-09-07T16:04:45.049+0000] {dagbag.py:538} INFO - Filling up the DagBag from /home/airflow/.local/lib/python3.8/site-packages/airflow/example_dags/example_branch_labels.py
[2024-09-07T16:04:45.055+0000] {processor.py:840} INFO - DAG(s) 'example_branch_labels' retrieved from /home/airflow/.local/lib/python3.8/site-packages/airflow/example_dags/example_branch_labels.py
[2024-09-07T16:04:45.111+0000] {logging_mixin.py:188} INFO - [2024-09-07T16:04:45.111+0000] {dag.py:3036} INFO - Sync 1 DAGs
[2024-09-07T16:04:45.122+0000] {logging_mixin.py:188} INFO - [2024-09-07T16:04:45.122+0000] {dag.py:3823} INFO - Setting next_dagrun for example_branch_labels to 2024-09-06 00:00:00+00:00, run_after=2024-09-07 00:00:00+00:00
[2024-09-07T16:04:45.132+0000] {processor.py:183} INFO - Processing /home/airflow/.local/lib/python3.8/site-packages/airflow/example_dags/example_branch_labels.py took 0.087 seconds
[2024-09-07T16:05:15.446+0000] {processor.py:161} INFO - Started process (PID=3193) to work on /home/airflow/.local/lib/python3.8/site-packages/airflow/example_dags/example_branch_labels.py
[2024-09-07T16:05:15.447+0000] {processor.py:830} INFO - Processing file /home/airflow/.local/lib/python3.8/site-packages/airflow/example_dags/example_branch_labels.py for tasks to queue
[2024-09-07T16:05:15.447+0000] {logging_mixin.py:188} INFO - [2024-09-07T16:05:15.447+0000] {dagbag.py:538} INFO - Filling up the DagBag from /home/airflow/.local/lib/python3.8/site-packages/airflow/example_dags/example_branch_labels.py
[2024-09-07T16:05:15.453+0000] {processor.py:840} INFO - DAG(s) 'example_branch_labels' retrieved from /home/airflow/.local/lib/python3.8/site-packages/airflow/example_dags/example_branch_labels.py
[2024-09-07T16:05:15.469+0000] {logging_mixin.py:188} INFO - [2024-09-07T16:05:15.469+0000] {dag.py:3036} INFO - Sync 1 DAGs
[2024-09-07T16:05:15.484+0000] {logging_mixin.py:188} INFO - [2024-09-07T16:05:15.483+0000] {dag.py:3823} INFO - Setting next_dagrun for example_branch_labels to 2024-09-06 00:00:00+00:00, run_after=2024-09-07 00:00:00+00:00
[2024-09-07T16:05:15.496+0000] {processor.py:183} INFO - Processing /home/airflow/.local/lib/python3.8/site-packages/airflow/example_dags/example_branch_labels.py took 0.052 seconds
[2024-09-07T16:05:45.735+0000] {processor.py:161} INFO - Started process (PID=3440) to work on /home/airflow/.local/lib/python3.8/site-packages/airflow/example_dags/example_branch_labels.py
[2024-09-07T16:05:45.736+0000] {processor.py:830} INFO - Processing file /home/airflow/.local/lib/python3.8/site-packages/airflow/example_dags/example_branch_labels.py for tasks to queue
[2024-09-07T16:05:45.736+0000] {logging_mixin.py:188} INFO - [2024-09-07T16:05:45.736+0000] {dagbag.py:538} INFO - Filling up the DagBag from /home/airflow/.local/lib/python3.8/site-packages/airflow/example_dags/example_branch_labels.py
[2024-09-07T16:05:45.741+0000] {processor.py:840} INFO - DAG(s) 'example_branch_labels' retrieved from /home/airflow/.local/lib/python3.8/site-packages/airflow/example_dags/example_branch_labels.py
[2024-09-07T16:05:45.754+0000] {logging_mixin.py:188} INFO - [2024-09-07T16:05:45.754+0000] {dag.py:3036} INFO - Sync 1 DAGs
[2024-09-07T16:05:45.767+0000] {logging_mixin.py:188} INFO - [2024-09-07T16:05:45.767+0000] {dag.py:3823} INFO - Setting next_dagrun for example_branch_labels to 2024-09-06 00:00:00+00:00, run_after=2024-09-07 00:00:00+00:00
[2024-09-07T16:05:45.777+0000] {processor.py:183} INFO - Processing /home/airflow/.local/lib/python3.8/site-packages/airflow/example_dags/example_branch_labels.py took 0.044 seconds
[2024-09-07T16:06:15.818+0000] {processor.py:161} INFO - Started process (PID=3687) to work on /home/airflow/.local/lib/python3.8/site-packages/airflow/example_dags/example_branch_labels.py
[2024-09-07T16:06:15.819+0000] {processor.py:830} INFO - Processing file /home/airflow/.local/lib/python3.8/site-packages/airflow/example_dags/example_branch_labels.py for tasks to queue
[2024-09-07T16:06:15.819+0000] {logging_mixin.py:188} INFO - [2024-09-07T16:06:15.819+0000] {dagbag.py:538} INFO - Filling up the DagBag from /home/airflow/.local/lib/python3.8/site-packages/airflow/example_dags/example_branch_labels.py
[2024-09-07T16:06:15.824+0000] {processor.py:840} INFO - DAG(s) 'example_branch_labels' retrieved from /home/airflow/.local/lib/python3.8/site-packages/airflow/example_dags/example_branch_labels.py
[2024-09-07T16:06:15.839+0000] {logging_mixin.py:188} INFO - [2024-09-07T16:06:15.839+0000] {dag.py:3036} INFO - Sync 1 DAGs
[2024-09-07T16:06:15.853+0000] {logging_mixin.py:188} INFO - [2024-09-07T16:06:15.853+0000] {dag.py:3823} INFO - Setting next_dagrun for example_branch_labels to 2024-09-06 00:00:00+00:00, run_after=2024-09-07 00:00:00+00:00
[2024-09-07T16:06:15.864+0000] {processor.py:183} INFO - Processing /home/airflow/.local/lib/python3.8/site-packages/airflow/example_dags/example_branch_labels.py took 0.049 seconds
[2024-09-07T16:06:46.214+0000] {processor.py:161} INFO - Started process (PID=3934) to work on /home/airflow/.local/lib/python3.8/site-packages/airflow/example_dags/example_branch_labels.py
[2024-09-07T16:06:46.215+0000] {processor.py:830} INFO - Processing file /home/airflow/.local/lib/python3.8/site-packages/airflow/example_dags/example_branch_labels.py for tasks to queue
[2024-09-07T16:06:46.216+0000] {logging_mixin.py:188} INFO - [2024-09-07T16:06:46.216+0000] {dagbag.py:538} INFO - Filling up the DagBag from /home/airflow/.local/lib/python3.8/site-packages/airflow/example_dags/example_branch_labels.py
[2024-09-07T16:06:46.221+0000] {processor.py:840} INFO - DAG(s) 'example_branch_labels' retrieved from /home/airflow/.local/lib/python3.8/site-packages/airflow/example_dags/example_branch_labels.py
[2024-09-07T16:06:46.238+0000] {logging_mixin.py:188} INFO - [2024-09-07T16:06:46.238+0000] {dag.py:3036} INFO - Sync 1 DAGs
[2024-09-07T16:06:46.254+0000] {logging_mixin.py:188} INFO - [2024-09-07T16:06:46.254+0000] {dag.py:3823} INFO - Setting next_dagrun for example_branch_labels to 2024-09-06 00:00:00+00:00, run_after=2024-09-07 00:00:00+00:00
[2024-09-07T16:06:46.266+0000] {processor.py:183} INFO - Processing /home/airflow/.local/lib/python3.8/site-packages/airflow/example_dags/example_branch_labels.py took 0.056 seconds
[2024-09-07T16:07:17.157+0000] {processor.py:161} INFO - Started process (PID=4181) to work on /home/airflow/.local/lib/python3.8/site-packages/airflow/example_dags/example_branch_labels.py
[2024-09-07T16:07:17.158+0000] {processor.py:830} INFO - Processing file /home/airflow/.local/lib/python3.8/site-packages/airflow/example_dags/example_branch_labels.py for tasks to queue
[2024-09-07T16:07:17.159+0000] {logging_mixin.py:188} INFO - [2024-09-07T16:07:17.159+0000] {dagbag.py:538} INFO - Filling up the DagBag from /home/airflow/.local/lib/python3.8/site-packages/airflow/example_dags/example_branch_labels.py
[2024-09-07T16:07:17.165+0000] {processor.py:840} INFO - DAG(s) 'example_branch_labels' retrieved from /home/airflow/.local/lib/python3.8/site-packages/airflow/example_dags/example_branch_labels.py
[2024-09-07T16:07:17.182+0000] {logging_mixin.py:188} INFO - [2024-09-07T16:07:17.181+0000] {dag.py:3036} INFO - Sync 1 DAGs
[2024-09-07T16:07:17.196+0000] {logging_mixin.py:188} INFO - [2024-09-07T16:07:17.196+0000] {dag.py:3823} INFO - Setting next_dagrun for example_branch_labels to 2024-09-06 00:00:00+00:00, run_after=2024-09-07 00:00:00+00:00
[2024-09-07T16:07:17.208+0000] {processor.py:183} INFO - Processing /home/airflow/.local/lib/python3.8/site-packages/airflow/example_dags/example_branch_labels.py took 0.053 seconds
[2024-09-07T16:07:47.879+0000] {processor.py:161} INFO - Started process (PID=4428) to work on /home/airflow/.local/lib/python3.8/site-packages/airflow/example_dags/example_branch_labels.py
[2024-09-07T16:07:47.880+0000] {processor.py:830} INFO - Processing file /home/airflow/.local/lib/python3.8/site-packages/airflow/example_dags/example_branch_labels.py for tasks to queue
[2024-09-07T16:07:47.881+0000] {logging_mixin.py:188} INFO - [2024-09-07T16:07:47.881+0000] {dagbag.py:538} INFO - Filling up the DagBag from /home/airflow/.local/lib/python3.8/site-packages/airflow/example_dags/example_branch_labels.py
[2024-09-07T16:07:47.886+0000] {processor.py:840} INFO - DAG(s) 'example_branch_labels' retrieved from /home/airflow/.local/lib/python3.8/site-packages/airflow/example_dags/example_branch_labels.py
[2024-09-07T16:07:47.900+0000] {logging_mixin.py:188} INFO - [2024-09-07T16:07:47.900+0000] {dag.py:3036} INFO - Sync 1 DAGs
[2024-09-07T16:07:47.913+0000] {logging_mixin.py:188} INFO - [2024-09-07T16:07:47.913+0000] {dag.py:3823} INFO - Setting next_dagrun for example_branch_labels to 2024-09-06 00:00:00+00:00, run_after=2024-09-07 00:00:00+00:00
[2024-09-07T16:07:47.925+0000] {processor.py:183} INFO - Processing /home/airflow/.local/lib/python3.8/site-packages/airflow/example_dags/example_branch_labels.py took 0.048 seconds
[2024-09-07T16:08:18.608+0000] {processor.py:161} INFO - Started process (PID=4675) to work on /home/airflow/.local/lib/python3.8/site-packages/airflow/example_dags/example_branch_labels.py
[2024-09-07T16:08:18.610+0000] {processor.py:830} INFO - Processing file /home/airflow/.local/lib/python3.8/site-packages/airflow/example_dags/example_branch_labels.py for tasks to queue
[2024-09-07T16:08:18.610+0000] {logging_mixin.py:188} INFO - [2024-09-07T16:08:18.610+0000] {dagbag.py:538} INFO - Filling up the DagBag from /home/airflow/.local/lib/python3.8/site-packages/airflow/example_dags/example_branch_labels.py
[2024-09-07T16:08:18.615+0000] {processor.py:840} INFO - DAG(s) 'example_branch_labels' retrieved from /home/airflow/.local/lib/python3.8/site-packages/airflow/example_dags/example_branch_labels.py
[2024-09-07T16:08:18.629+0000] {logging_mixin.py:188} INFO - [2024-09-07T16:08:18.628+0000] {dag.py:3036} INFO - Sync 1 DAGs
[2024-09-07T16:08:18.642+0000] {logging_mixin.py:188} INFO - [2024-09-07T16:08:18.642+0000] {dag.py:3823} INFO - Setting next_dagrun for example_branch_labels to 2024-09-06 00:00:00+00:00, run_after=2024-09-07 00:00:00+00:00
[2024-09-07T16:08:18.653+0000] {processor.py:183} INFO - Processing /home/airflow/.local/lib/python3.8/site-packages/airflow/example_dags/example_branch_labels.py took 0.048 seconds
[2024-09-07T16:08:49.356+0000] {processor.py:161} INFO - Started process (PID=4922) to work on /home/airflow/.local/lib/python3.8/site-packages/airflow/example_dags/example_branch_labels.py
[2024-09-07T16:08:49.357+0000] {processor.py:830} INFO - Processing file /home/airflow/.local/lib/python3.8/site-packages/airflow/example_dags/example_branch_labels.py for tasks to queue
[2024-09-07T16:08:49.357+0000] {logging_mixin.py:188} INFO - [2024-09-07T16:08:49.357+0000] {dagbag.py:538} INFO - Filling up the DagBag from /home/airflow/.local/lib/python3.8/site-packages/airflow/example_dags/example_branch_labels.py
[2024-09-07T16:08:49.362+0000] {processor.py:840} INFO - DAG(s) 'example_branch_labels' retrieved from /home/airflow/.local/lib/python3.8/site-packages/airflow/example_dags/example_branch_labels.py
[2024-09-07T16:08:49.375+0000] {logging_mixin.py:188} INFO - [2024-09-07T16:08:49.375+0000] {dag.py:3036} INFO - Sync 1 DAGs
[2024-09-07T16:08:49.387+0000] {logging_mixin.py:188} INFO - [2024-09-07T16:08:49.387+0000] {dag.py:3823} INFO - Setting next_dagrun for example_branch_labels to 2024-09-06 00:00:00+00:00, run_after=2024-09-07 00:00:00+00:00
[2024-09-07T16:08:49.398+0000] {processor.py:183} INFO - Processing /home/airflow/.local/lib/python3.8/site-packages/airflow/example_dags/example_branch_labels.py took 0.045 seconds
[2024-09-07T16:09:20.152+0000] {processor.py:161} INFO - Started process (PID=5171) to work on /home/airflow/.local/lib/python3.8/site-packages/airflow/example_dags/example_branch_labels.py
[2024-09-07T16:09:20.153+0000] {processor.py:830} INFO - Processing file /home/airflow/.local/lib/python3.8/site-packages/airflow/example_dags/example_branch_labels.py for tasks to queue
[2024-09-07T16:09:20.153+0000] {logging_mixin.py:188} INFO - [2024-09-07T16:09:20.153+0000] {dagbag.py:538} INFO - Filling up the DagBag from /home/airflow/.local/lib/python3.8/site-packages/airflow/example_dags/example_branch_labels.py
[2024-09-07T16:09:20.158+0000] {processor.py:840} INFO - DAG(s) 'example_branch_labels' retrieved from /home/airflow/.local/lib/python3.8/site-packages/airflow/example_dags/example_branch_labels.py
[2024-09-07T16:09:20.171+0000] {logging_mixin.py:188} INFO - [2024-09-07T16:09:20.171+0000] {dag.py:3036} INFO - Sync 1 DAGs
[2024-09-07T16:09:20.182+0000] {logging_mixin.py:188} INFO - [2024-09-07T16:09:20.182+0000] {dag.py:3823} INFO - Setting next_dagrun for example_branch_labels to 2024-09-06 00:00:00+00:00, run_after=2024-09-07 00:00:00+00:00
[2024-09-07T16:09:20.191+0000] {processor.py:183} INFO - Processing /home/airflow/.local/lib/python3.8/site-packages/airflow/example_dags/example_branch_labels.py took 0.041 seconds
[2024-09-07T16:09:50.840+0000] {processor.py:161} INFO - Started process (PID=5416) to work on /home/airflow/.local/lib/python3.8/site-packages/airflow/example_dags/example_branch_labels.py
[2024-09-07T16:09:50.842+0000] {processor.py:830} INFO - Processing file /home/airflow/.local/lib/python3.8/site-packages/airflow/example_dags/example_branch_labels.py for tasks to queue
[2024-09-07T16:09:50.843+0000] {logging_mixin.py:188} INFO - [2024-09-07T16:09:50.843+0000] {dagbag.py:538} INFO - Filling up the DagBag from /home/airflow/.local/lib/python3.8/site-packages/airflow/example_dags/example_branch_labels.py
[2024-09-07T16:09:50.847+0000] {processor.py:840} INFO - DAG(s) 'example_branch_labels' retrieved from /home/airflow/.local/lib/python3.8/site-packages/airflow/example_dags/example_branch_labels.py
[2024-09-07T16:09:50.860+0000] {logging_mixin.py:188} INFO - [2024-09-07T16:09:50.860+0000] {dag.py:3036} INFO - Sync 1 DAGs
[2024-09-07T16:09:50.873+0000] {logging_mixin.py:188} INFO - [2024-09-07T16:09:50.872+0000] {dag.py:3823} INFO - Setting next_dagrun for example_branch_labels to 2024-09-06 00:00:00+00:00, run_after=2024-09-07 00:00:00+00:00
[2024-09-07T16:09:50.883+0000] {processor.py:183} INFO - Processing /home/airflow/.local/lib/python3.8/site-packages/airflow/example_dags/example_branch_labels.py took 0.047 seconds
[2024-09-07T16:10:21.325+0000] {processor.py:161} INFO - Started process (PID=5663) to work on /home/airflow/.local/lib/python3.8/site-packages/airflow/example_dags/example_branch_labels.py
[2024-09-07T16:10:21.326+0000] {processor.py:830} INFO - Processing file /home/airflow/.local/lib/python3.8/site-packages/airflow/example_dags/example_branch_labels.py for tasks to queue
[2024-09-07T16:10:21.326+0000] {logging_mixin.py:188} INFO - [2024-09-07T16:10:21.326+0000] {dagbag.py:538} INFO - Filling up the DagBag from /home/airflow/.local/lib/python3.8/site-packages/airflow/example_dags/example_branch_labels.py
[2024-09-07T16:10:21.331+0000] {processor.py:840} INFO - DAG(s) 'example_branch_labels' retrieved from /home/airflow/.local/lib/python3.8/site-packages/airflow/example_dags/example_branch_labels.py
[2024-09-07T16:10:21.344+0000] {logging_mixin.py:188} INFO - [2024-09-07T16:10:21.344+0000] {dag.py:3036} INFO - Sync 1 DAGs
[2024-09-07T16:10:21.356+0000] {logging_mixin.py:188} INFO - [2024-09-07T16:10:21.356+0000] {dag.py:3823} INFO - Setting next_dagrun for example_branch_labels to 2024-09-06 00:00:00+00:00, run_after=2024-09-07 00:00:00+00:00
[2024-09-07T16:10:21.367+0000] {processor.py:183} INFO - Processing /home/airflow/.local/lib/python3.8/site-packages/airflow/example_dags/example_branch_labels.py took 0.044 seconds
[2024-09-07T16:10:51.913+0000] {processor.py:161} INFO - Started process (PID=5910) to work on /home/airflow/.local/lib/python3.8/site-packages/airflow/example_dags/example_branch_labels.py
[2024-09-07T16:10:51.915+0000] {processor.py:830} INFO - Processing file /home/airflow/.local/lib/python3.8/site-packages/airflow/example_dags/example_branch_labels.py for tasks to queue
[2024-09-07T16:10:51.915+0000] {logging_mixin.py:188} INFO - [2024-09-07T16:10:51.915+0000] {dagbag.py:538} INFO - Filling up the DagBag from /home/airflow/.local/lib/python3.8/site-packages/airflow/example_dags/example_branch_labels.py
[2024-09-07T16:10:51.920+0000] {processor.py:840} INFO - DAG(s) 'example_branch_labels' retrieved from /home/airflow/.local/lib/python3.8/site-packages/airflow/example_dags/example_branch_labels.py
[2024-09-07T16:10:51.933+0000] {logging_mixin.py:188} INFO - [2024-09-07T16:10:51.933+0000] {dag.py:3036} INFO - Sync 1 DAGs
[2024-09-07T16:10:51.947+0000] {logging_mixin.py:188} INFO - [2024-09-07T16:10:51.947+0000] {dag.py:3823} INFO - Setting next_dagrun for example_branch_labels to 2024-09-06 00:00:00+00:00, run_after=2024-09-07 00:00:00+00:00
[2024-09-07T16:10:51.959+0000] {processor.py:183} INFO - Processing /home/airflow/.local/lib/python3.8/site-packages/airflow/example_dags/example_branch_labels.py took 0.048 seconds
[2024-09-07T16:11:22.553+0000] {processor.py:161} INFO - Started process (PID=6157) to work on /home/airflow/.local/lib/python3.8/site-packages/airflow/example_dags/example_branch_labels.py
[2024-09-07T16:11:22.554+0000] {processor.py:830} INFO - Processing file /home/airflow/.local/lib/python3.8/site-packages/airflow/example_dags/example_branch_labels.py for tasks to queue
[2024-09-07T16:11:22.555+0000] {logging_mixin.py:188} INFO - [2024-09-07T16:11:22.555+0000] {dagbag.py:538} INFO - Filling up the DagBag from /home/airflow/.local/lib/python3.8/site-packages/airflow/example_dags/example_branch_labels.py
[2024-09-07T16:11:22.559+0000] {processor.py:840} INFO - DAG(s) 'example_branch_labels' retrieved from /home/airflow/.local/lib/python3.8/site-packages/airflow/example_dags/example_branch_labels.py
[2024-09-07T16:11:22.572+0000] {logging_mixin.py:188} INFO - [2024-09-07T16:11:22.572+0000] {dag.py:3036} INFO - Sync 1 DAGs
[2024-09-07T16:11:22.586+0000] {logging_mixin.py:188} INFO - [2024-09-07T16:11:22.586+0000] {dag.py:3823} INFO - Setting next_dagrun for example_branch_labels to 2024-09-06 00:00:00+00:00, run_after=2024-09-07 00:00:00+00:00
[2024-09-07T16:11:22.597+0000] {processor.py:183} INFO - Processing /home/airflow/.local/lib/python3.8/site-packages/airflow/example_dags/example_branch_labels.py took 0.046 seconds
[2024-09-07T16:11:53.133+0000] {processor.py:161} INFO - Started process (PID=6404) to work on /home/airflow/.local/lib/python3.8/site-packages/airflow/example_dags/example_branch_labels.py
[2024-09-07T16:11:53.133+0000] {processor.py:830} INFO - Processing file /home/airflow/.local/lib/python3.8/site-packages/airflow/example_dags/example_branch_labels.py for tasks to queue
[2024-09-07T16:11:53.134+0000] {logging_mixin.py:188} INFO - [2024-09-07T16:11:53.134+0000] {dagbag.py:538} INFO - Filling up the DagBag from /home/airflow/.local/lib/python3.8/site-packages/airflow/example_dags/example_branch_labels.py
[2024-09-07T16:11:53.139+0000] {processor.py:840} INFO - DAG(s) 'example_branch_labels' retrieved from /home/airflow/.local/lib/python3.8/site-packages/airflow/example_dags/example_branch_labels.py
[2024-09-07T16:11:53.155+0000] {logging_mixin.py:188} INFO - [2024-09-07T16:11:53.155+0000] {dag.py:3036} INFO - Sync 1 DAGs
[2024-09-07T16:11:53.169+0000] {logging_mixin.py:188} INFO - [2024-09-07T16:11:53.169+0000] {dag.py:3823} INFO - Setting next_dagrun for example_branch_labels to 2024-09-06 00:00:00+00:00, run_after=2024-09-07 00:00:00+00:00
[2024-09-07T16:11:53.180+0000] {processor.py:183} INFO - Processing /home/airflow/.local/lib/python3.8/site-packages/airflow/example_dags/example_branch_labels.py took 0.050 seconds
[2024-09-07T16:12:23.685+0000] {processor.py:161} INFO - Started process (PID=6651) to work on /home/airflow/.local/lib/python3.8/site-packages/airflow/example_dags/example_branch_labels.py
[2024-09-07T16:12:23.686+0000] {processor.py:830} INFO - Processing file /home/airflow/.local/lib/python3.8/site-packages/airflow/example_dags/example_branch_labels.py for tasks to queue
[2024-09-07T16:12:23.687+0000] {logging_mixin.py:188} INFO - [2024-09-07T16:12:23.687+0000] {dagbag.py:538} INFO - Filling up the DagBag from /home/airflow/.local/lib/python3.8/site-packages/airflow/example_dags/example_branch_labels.py
[2024-09-07T16:12:23.691+0000] {processor.py:840} INFO - DAG(s) 'example_branch_labels' retrieved from /home/airflow/.local/lib/python3.8/site-packages/airflow/example_dags/example_branch_labels.py
[2024-09-07T16:12:23.704+0000] {logging_mixin.py:188} INFO - [2024-09-07T16:12:23.704+0000] {dag.py:3036} INFO - Sync 1 DAGs
[2024-09-07T16:12:23.718+0000] {logging_mixin.py:188} INFO - [2024-09-07T16:12:23.718+0000] {dag.py:3823} INFO - Setting next_dagrun for example_branch_labels to 2024-09-06 00:00:00+00:00, run_after=2024-09-07 00:00:00+00:00
[2024-09-07T16:12:23.729+0000] {processor.py:183} INFO - Processing /home/airflow/.local/lib/python3.8/site-packages/airflow/example_dags/example_branch_labels.py took 0.046 seconds
[2024-09-07T16:12:54.267+0000] {processor.py:161} INFO - Started process (PID=6898) to work on /home/airflow/.local/lib/python3.8/site-packages/airflow/example_dags/example_branch_labels.py
[2024-09-07T16:12:54.268+0000] {processor.py:830} INFO - Processing file /home/airflow/.local/lib/python3.8/site-packages/airflow/example_dags/example_branch_labels.py for tasks to queue
[2024-09-07T16:12:54.269+0000] {logging_mixin.py:188} INFO - [2024-09-07T16:12:54.269+0000] {dagbag.py:538} INFO - Filling up the DagBag from /home/airflow/.local/lib/python3.8/site-packages/airflow/example_dags/example_branch_labels.py
[2024-09-07T16:12:54.273+0000] {processor.py:840} INFO - DAG(s) 'example_branch_labels' retrieved from /home/airflow/.local/lib/python3.8/site-packages/airflow/example_dags/example_branch_labels.py
[2024-09-07T16:12:54.286+0000] {logging_mixin.py:188} INFO - [2024-09-07T16:12:54.286+0000] {dag.py:3036} INFO - Sync 1 DAGs
[2024-09-07T16:12:54.298+0000] {logging_mixin.py:188} INFO - [2024-09-07T16:12:54.298+0000] {dag.py:3823} INFO - Setting next_dagrun for example_branch_labels to 2024-09-06 00:00:00+00:00, run_after=2024-09-07 00:00:00+00:00
[2024-09-07T16:12:54.308+0000] {processor.py:183} INFO - Processing /home/airflow/.local/lib/python3.8/site-packages/airflow/example_dags/example_branch_labels.py took 0.043 seconds
[2024-09-07T16:13:24.839+0000] {processor.py:161} INFO - Started process (PID=7145) to work on /home/airflow/.local/lib/python3.8/site-packages/airflow/example_dags/example_branch_labels.py
[2024-09-07T16:13:24.840+0000] {processor.py:830} INFO - Processing file /home/airflow/.local/lib/python3.8/site-packages/airflow/example_dags/example_branch_labels.py for tasks to queue
[2024-09-07T16:13:24.840+0000] {logging_mixin.py:188} INFO - [2024-09-07T16:13:24.840+0000] {dagbag.py:538} INFO - Filling up the DagBag from /home/airflow/.local/lib/python3.8/site-packages/airflow/example_dags/example_branch_labels.py
[2024-09-07T16:13:24.845+0000] {processor.py:840} INFO - DAG(s) 'example_branch_labels' retrieved from /home/airflow/.local/lib/python3.8/site-packages/airflow/example_dags/example_branch_labels.py
[2024-09-07T16:13:24.858+0000] {logging_mixin.py:188} INFO - [2024-09-07T16:13:24.857+0000] {dag.py:3036} INFO - Sync 1 DAGs
[2024-09-07T16:13:24.872+0000] {logging_mixin.py:188} INFO - [2024-09-07T16:13:24.872+0000] {dag.py:3823} INFO - Setting next_dagrun for example_branch_labels to 2024-09-06 00:00:00+00:00, run_after=2024-09-07 00:00:00+00:00
[2024-09-07T16:13:24.884+0000] {processor.py:183} INFO - Processing /home/airflow/.local/lib/python3.8/site-packages/airflow/example_dags/example_branch_labels.py took 0.047 seconds
[2024-09-07T16:13:55.522+0000] {processor.py:161} INFO - Started process (PID=7392) to work on /home/airflow/.local/lib/python3.8/site-packages/airflow/example_dags/example_branch_labels.py
[2024-09-07T16:13:55.522+0000] {processor.py:830} INFO - Processing file /home/airflow/.local/lib/python3.8/site-packages/airflow/example_dags/example_branch_labels.py for tasks to queue
[2024-09-07T16:13:55.523+0000] {logging_mixin.py:188} INFO - [2024-09-07T16:13:55.523+0000] {dagbag.py:538} INFO - Filling up the DagBag from /home/airflow/.local/lib/python3.8/site-packages/airflow/example_dags/example_branch_labels.py
[2024-09-07T16:13:55.528+0000] {processor.py:840} INFO - DAG(s) 'example_branch_labels' retrieved from /home/airflow/.local/lib/python3.8/site-packages/airflow/example_dags/example_branch_labels.py
[2024-09-07T16:13:55.541+0000] {logging_mixin.py:188} INFO - [2024-09-07T16:13:55.541+0000] {dag.py:3036} INFO - Sync 1 DAGs
[2024-09-07T16:13:55.553+0000] {logging_mixin.py:188} INFO - [2024-09-07T16:13:55.553+0000] {dag.py:3823} INFO - Setting next_dagrun for example_branch_labels to 2024-09-06 00:00:00+00:00, run_after=2024-09-07 00:00:00+00:00
[2024-09-07T16:13:55.565+0000] {processor.py:183} INFO - Processing /home/airflow/.local/lib/python3.8/site-packages/airflow/example_dags/example_branch_labels.py took 0.045 seconds
[2024-09-07T16:14:25.665+0000] {processor.py:161} INFO - Started process (PID=7639) to work on /home/airflow/.local/lib/python3.8/site-packages/airflow/example_dags/example_branch_labels.py
[2024-09-07T16:14:25.666+0000] {processor.py:830} INFO - Processing file /home/airflow/.local/lib/python3.8/site-packages/airflow/example_dags/example_branch_labels.py for tasks to queue
[2024-09-07T16:14:25.666+0000] {logging_mixin.py:188} INFO - [2024-09-07T16:14:25.666+0000] {dagbag.py:538} INFO - Filling up the DagBag from /home/airflow/.local/lib/python3.8/site-packages/airflow/example_dags/example_branch_labels.py
[2024-09-07T16:14:25.671+0000] {processor.py:840} INFO - DAG(s) 'example_branch_labels' retrieved from /home/airflow/.local/lib/python3.8/site-packages/airflow/example_dags/example_branch_labels.py
[2024-09-07T16:14:25.684+0000] {logging_mixin.py:188} INFO - [2024-09-07T16:14:25.683+0000] {dag.py:3036} INFO - Sync 1 DAGs
[2024-09-07T16:14:25.698+0000] {logging_mixin.py:188} INFO - [2024-09-07T16:14:25.698+0000] {dag.py:3823} INFO - Setting next_dagrun for example_branch_labels to 2024-09-06 00:00:00+00:00, run_after=2024-09-07 00:00:00+00:00
[2024-09-07T16:14:25.709+0000] {processor.py:183} INFO - Processing /home/airflow/.local/lib/python3.8/site-packages/airflow/example_dags/example_branch_labels.py took 0.046 seconds
[2024-09-07T16:14:56.341+0000] {processor.py:161} INFO - Started process (PID=7886) to work on /home/airflow/.local/lib/python3.8/site-packages/airflow/example_dags/example_branch_labels.py
[2024-09-07T16:14:56.342+0000] {processor.py:830} INFO - Processing file /home/airflow/.local/lib/python3.8/site-packages/airflow/example_dags/example_branch_labels.py for tasks to queue
[2024-09-07T16:14:56.343+0000] {logging_mixin.py:188} INFO - [2024-09-07T16:14:56.342+0000] {dagbag.py:538} INFO - Filling up the DagBag from /home/airflow/.local/lib/python3.8/site-packages/airflow/example_dags/example_branch_labels.py
[2024-09-07T16:14:56.347+0000] {processor.py:840} INFO - DAG(s) 'example_branch_labels' retrieved from /home/airflow/.local/lib/python3.8/site-packages/airflow/example_dags/example_branch_labels.py
[2024-09-07T16:14:56.360+0000] {logging_mixin.py:188} INFO - [2024-09-07T16:14:56.360+0000] {dag.py:3036} INFO - Sync 1 DAGs
[2024-09-07T16:14:56.372+0000] {logging_mixin.py:188} INFO - [2024-09-07T16:14:56.372+0000] {dag.py:3823} INFO - Setting next_dagrun for example_branch_labels to 2024-09-06 00:00:00+00:00, run_after=2024-09-07 00:00:00+00:00
[2024-09-07T16:14:56.381+0000] {processor.py:183} INFO - Processing /home/airflow/.local/lib/python3.8/site-packages/airflow/example_dags/example_branch_labels.py took 0.042 seconds
[2024-09-07T16:15:26.925+0000] {processor.py:161} INFO - Started process (PID=8135) to work on /home/airflow/.local/lib/python3.8/site-packages/airflow/example_dags/example_branch_labels.py
[2024-09-07T16:15:26.926+0000] {processor.py:830} INFO - Processing file /home/airflow/.local/lib/python3.8/site-packages/airflow/example_dags/example_branch_labels.py for tasks to queue
[2024-09-07T16:15:26.927+0000] {logging_mixin.py:188} INFO - [2024-09-07T16:15:26.926+0000] {dagbag.py:538} INFO - Filling up the DagBag from /home/airflow/.local/lib/python3.8/site-packages/airflow/example_dags/example_branch_labels.py
[2024-09-07T16:15:26.934+0000] {processor.py:840} INFO - DAG(s) 'example_branch_labels' retrieved from /home/airflow/.local/lib/python3.8/site-packages/airflow/example_dags/example_branch_labels.py
[2024-09-07T16:15:26.956+0000] {logging_mixin.py:188} INFO - [2024-09-07T16:15:26.956+0000] {dag.py:3036} INFO - Sync 1 DAGs
[2024-09-07T16:15:26.976+0000] {logging_mixin.py:188} INFO - [2024-09-07T16:15:26.975+0000] {dag.py:3823} INFO - Setting next_dagrun for example_branch_labels to 2024-09-06 00:00:00+00:00, run_after=2024-09-07 00:00:00+00:00
[2024-09-07T16:15:26.999+0000] {processor.py:183} INFO - Processing /home/airflow/.local/lib/python3.8/site-packages/airflow/example_dags/example_branch_labels.py took 0.077 seconds
[2024-09-07T16:15:57.585+0000] {processor.py:161} INFO - Started process (PID=8379) to work on /home/airflow/.local/lib/python3.8/site-packages/airflow/example_dags/example_branch_labels.py
[2024-09-07T16:15:57.586+0000] {processor.py:830} INFO - Processing file /home/airflow/.local/lib/python3.8/site-packages/airflow/example_dags/example_branch_labels.py for tasks to queue
[2024-09-07T16:15:57.586+0000] {logging_mixin.py:188} INFO - [2024-09-07T16:15:57.586+0000] {dagbag.py:538} INFO - Filling up the DagBag from /home/airflow/.local/lib/python3.8/site-packages/airflow/example_dags/example_branch_labels.py
[2024-09-07T16:15:57.591+0000] {processor.py:840} INFO - DAG(s) 'example_branch_labels' retrieved from /home/airflow/.local/lib/python3.8/site-packages/airflow/example_dags/example_branch_labels.py
[2024-09-07T16:15:57.605+0000] {logging_mixin.py:188} INFO - [2024-09-07T16:15:57.605+0000] {dag.py:3036} INFO - Sync 1 DAGs
[2024-09-07T16:15:57.617+0000] {logging_mixin.py:188} INFO - [2024-09-07T16:15:57.617+0000] {dag.py:3823} INFO - Setting next_dagrun for example_branch_labels to 2024-09-06 00:00:00+00:00, run_after=2024-09-07 00:00:00+00:00
[2024-09-07T16:15:57.626+0000] {processor.py:183} INFO - Processing /home/airflow/.local/lib/python3.8/site-packages/airflow/example_dags/example_branch_labels.py took 0.043 seconds
[2024-09-07T16:16:28.218+0000] {processor.py:161} INFO - Started process (PID=8626) to work on /home/airflow/.local/lib/python3.8/site-packages/airflow/example_dags/example_branch_labels.py
[2024-09-07T16:16:28.219+0000] {processor.py:830} INFO - Processing file /home/airflow/.local/lib/python3.8/site-packages/airflow/example_dags/example_branch_labels.py for tasks to queue
[2024-09-07T16:16:28.220+0000] {logging_mixin.py:188} INFO - [2024-09-07T16:16:28.220+0000] {dagbag.py:538} INFO - Filling up the DagBag from /home/airflow/.local/lib/python3.8/site-packages/airflow/example_dags/example_branch_labels.py
[2024-09-07T16:16:28.226+0000] {processor.py:840} INFO - DAG(s) 'example_branch_labels' retrieved from /home/airflow/.local/lib/python3.8/site-packages/airflow/example_dags/example_branch_labels.py
[2024-09-07T16:16:28.239+0000] {logging_mixin.py:188} INFO - [2024-09-07T16:16:28.239+0000] {dag.py:3036} INFO - Sync 1 DAGs
[2024-09-07T16:16:28.251+0000] {logging_mixin.py:188} INFO - [2024-09-07T16:16:28.251+0000] {dag.py:3823} INFO - Setting next_dagrun for example_branch_labels to 2024-09-06 00:00:00+00:00, run_after=2024-09-07 00:00:00+00:00
[2024-09-07T16:16:28.260+0000] {processor.py:183} INFO - Processing /home/airflow/.local/lib/python3.8/site-packages/airflow/example_dags/example_branch_labels.py took 0.046 seconds
[2024-09-07T16:16:59.176+0000] {processor.py:161} INFO - Started process (PID=8875) to work on /home/airflow/.local/lib/python3.8/site-packages/airflow/example_dags/example_branch_labels.py
[2024-09-07T16:16:59.177+0000] {processor.py:830} INFO - Processing file /home/airflow/.local/lib/python3.8/site-packages/airflow/example_dags/example_branch_labels.py for tasks to queue
[2024-09-07T16:16:59.178+0000] {logging_mixin.py:188} INFO - [2024-09-07T16:16:59.177+0000] {dagbag.py:538} INFO - Filling up the DagBag from /home/airflow/.local/lib/python3.8/site-packages/airflow/example_dags/example_branch_labels.py
[2024-09-07T16:16:59.184+0000] {processor.py:840} INFO - DAG(s) 'example_branch_labels' retrieved from /home/airflow/.local/lib/python3.8/site-packages/airflow/example_dags/example_branch_labels.py
[2024-09-07T16:16:59.204+0000] {logging_mixin.py:188} INFO - [2024-09-07T16:16:59.204+0000] {dag.py:3036} INFO - Sync 1 DAGs
[2024-09-07T16:16:59.217+0000] {logging_mixin.py:188} INFO - [2024-09-07T16:16:59.217+0000] {dag.py:3823} INFO - Setting next_dagrun for example_branch_labels to 2024-09-06 00:00:00+00:00, run_after=2024-09-07 00:00:00+00:00
[2024-09-07T16:16:59.227+0000] {processor.py:183} INFO - Processing /home/airflow/.local/lib/python3.8/site-packages/airflow/example_dags/example_branch_labels.py took 0.054 seconds
[2024-09-07T16:17:30.149+0000] {processor.py:161} INFO - Started process (PID=9120) to work on /home/airflow/.local/lib/python3.8/site-packages/airflow/example_dags/example_branch_labels.py
[2024-09-07T16:17:30.150+0000] {processor.py:830} INFO - Processing file /home/airflow/.local/lib/python3.8/site-packages/airflow/example_dags/example_branch_labels.py for tasks to queue
[2024-09-07T16:17:30.151+0000] {logging_mixin.py:188} INFO - [2024-09-07T16:17:30.151+0000] {dagbag.py:538} INFO - Filling up the DagBag from /home/airflow/.local/lib/python3.8/site-packages/airflow/example_dags/example_branch_labels.py
[2024-09-07T16:17:30.156+0000] {processor.py:840} INFO - DAG(s) 'example_branch_labels' retrieved from /home/airflow/.local/lib/python3.8/site-packages/airflow/example_dags/example_branch_labels.py
[2024-09-07T16:17:30.172+0000] {logging_mixin.py:188} INFO - [2024-09-07T16:17:30.172+0000] {dag.py:3036} INFO - Sync 1 DAGs
[2024-09-07T16:17:30.185+0000] {logging_mixin.py:188} INFO - [2024-09-07T16:17:30.185+0000] {dag.py:3823} INFO - Setting next_dagrun for example_branch_labels to 2024-09-06 00:00:00+00:00, run_after=2024-09-07 00:00:00+00:00
[2024-09-07T16:17:30.196+0000] {processor.py:183} INFO - Processing /home/airflow/.local/lib/python3.8/site-packages/airflow/example_dags/example_branch_labels.py took 0.049 seconds
[2024-09-07T16:18:00.839+0000] {processor.py:161} INFO - Started process (PID=9373) to work on /home/airflow/.local/lib/python3.8/site-packages/airflow/example_dags/example_branch_labels.py
[2024-09-07T16:18:00.839+0000] {processor.py:830} INFO - Processing file /home/airflow/.local/lib/python3.8/site-packages/airflow/example_dags/example_branch_labels.py for tasks to queue
[2024-09-07T16:18:00.840+0000] {logging_mixin.py:188} INFO - [2024-09-07T16:18:00.840+0000] {dagbag.py:538} INFO - Filling up the DagBag from /home/airflow/.local/lib/python3.8/site-packages/airflow/example_dags/example_branch_labels.py
[2024-09-07T16:18:00.845+0000] {processor.py:840} INFO - DAG(s) 'example_branch_labels' retrieved from /home/airflow/.local/lib/python3.8/site-packages/airflow/example_dags/example_branch_labels.py
[2024-09-07T16:18:00.861+0000] {logging_mixin.py:188} INFO - [2024-09-07T16:18:00.861+0000] {dag.py:3036} INFO - Sync 1 DAGs
[2024-09-07T16:18:00.875+0000] {logging_mixin.py:188} INFO - [2024-09-07T16:18:00.874+0000] {dag.py:3823} INFO - Setting next_dagrun for example_branch_labels to 2024-09-06 00:00:00+00:00, run_after=2024-09-07 00:00:00+00:00
[2024-09-07T16:18:00.886+0000] {processor.py:183} INFO - Processing /home/airflow/.local/lib/python3.8/site-packages/airflow/example_dags/example_branch_labels.py took 0.050 seconds
[2024-09-07T16:18:31.178+0000] {processor.py:161} INFO - Started process (PID=9620) to work on /home/airflow/.local/lib/python3.8/site-packages/airflow/example_dags/example_branch_labels.py
[2024-09-07T16:18:31.210+0000] {processor.py:830} INFO - Processing file /home/airflow/.local/lib/python3.8/site-packages/airflow/example_dags/example_branch_labels.py for tasks to queue
[2024-09-07T16:18:31.214+0000] {logging_mixin.py:188} INFO - [2024-09-07T16:18:31.213+0000] {dagbag.py:538} INFO - Filling up the DagBag from /home/airflow/.local/lib/python3.8/site-packages/airflow/example_dags/example_branch_labels.py
[2024-09-07T16:18:31.242+0000] {processor.py:840} INFO - DAG(s) 'example_branch_labels' retrieved from /home/airflow/.local/lib/python3.8/site-packages/airflow/example_dags/example_branch_labels.py
[2024-09-07T16:18:31.294+0000] {logging_mixin.py:188} INFO - [2024-09-07T16:18:31.294+0000] {dag.py:3036} INFO - Sync 1 DAGs
[2024-09-07T16:18:31.320+0000] {logging_mixin.py:188} INFO - [2024-09-07T16:18:31.320+0000] {dag.py:3823} INFO - Setting next_dagrun for example_branch_labels to 2024-09-06 00:00:00+00:00, run_after=2024-09-07 00:00:00+00:00
[2024-09-07T16:18:31.345+0000] {processor.py:183} INFO - Processing /home/airflow/.local/lib/python3.8/site-packages/airflow/example_dags/example_branch_labels.py took 0.175 seconds
[2024-09-07T16:19:01.820+0000] {processor.py:161} INFO - Started process (PID=9867) to work on /home/airflow/.local/lib/python3.8/site-packages/airflow/example_dags/example_branch_labels.py
[2024-09-07T16:19:01.821+0000] {processor.py:830} INFO - Processing file /home/airflow/.local/lib/python3.8/site-packages/airflow/example_dags/example_branch_labels.py for tasks to queue
[2024-09-07T16:19:01.822+0000] {logging_mixin.py:188} INFO - [2024-09-07T16:19:01.822+0000] {dagbag.py:538} INFO - Filling up the DagBag from /home/airflow/.local/lib/python3.8/site-packages/airflow/example_dags/example_branch_labels.py
[2024-09-07T16:19:01.828+0000] {processor.py:840} INFO - DAG(s) 'example_branch_labels' retrieved from /home/airflow/.local/lib/python3.8/site-packages/airflow/example_dags/example_branch_labels.py
[2024-09-07T16:19:01.847+0000] {logging_mixin.py:188} INFO - [2024-09-07T16:19:01.846+0000] {dag.py:3036} INFO - Sync 1 DAGs
[2024-09-07T16:19:01.862+0000] {logging_mixin.py:188} INFO - [2024-09-07T16:19:01.862+0000] {dag.py:3823} INFO - Setting next_dagrun for example_branch_labels to 2024-09-06 00:00:00+00:00, run_after=2024-09-07 00:00:00+00:00
[2024-09-07T16:19:01.874+0000] {processor.py:183} INFO - Processing /home/airflow/.local/lib/python3.8/site-packages/airflow/example_dags/example_branch_labels.py took 0.057 seconds
[2024-09-07T16:19:32.702+0000] {processor.py:161} INFO - Started process (PID=10114) to work on /home/airflow/.local/lib/python3.8/site-packages/airflow/example_dags/example_branch_labels.py
[2024-09-07T16:19:32.703+0000] {processor.py:830} INFO - Processing file /home/airflow/.local/lib/python3.8/site-packages/airflow/example_dags/example_branch_labels.py for tasks to queue
[2024-09-07T16:19:32.704+0000] {logging_mixin.py:188} INFO - [2024-09-07T16:19:32.704+0000] {dagbag.py:538} INFO - Filling up the DagBag from /home/airflow/.local/lib/python3.8/site-packages/airflow/example_dags/example_branch_labels.py
[2024-09-07T16:19:32.710+0000] {processor.py:840} INFO - DAG(s) 'example_branch_labels' retrieved from /home/airflow/.local/lib/python3.8/site-packages/airflow/example_dags/example_branch_labels.py
[2024-09-07T16:19:32.727+0000] {logging_mixin.py:188} INFO - [2024-09-07T16:19:32.727+0000] {dag.py:3036} INFO - Sync 1 DAGs
[2024-09-07T16:19:32.741+0000] {logging_mixin.py:188} INFO - [2024-09-07T16:19:32.741+0000] {dag.py:3823} INFO - Setting next_dagrun for example_branch_labels to 2024-09-06 00:00:00+00:00, run_after=2024-09-07 00:00:00+00:00
[2024-09-07T16:19:32.751+0000] {processor.py:183} INFO - Processing /home/airflow/.local/lib/python3.8/site-packages/airflow/example_dags/example_branch_labels.py took 0.052 seconds
[2024-09-07T16:20:03.070+0000] {processor.py:161} INFO - Started process (PID=10361) to work on /home/airflow/.local/lib/python3.8/site-packages/airflow/example_dags/example_branch_labels.py
[2024-09-07T16:20:03.071+0000] {processor.py:830} INFO - Processing file /home/airflow/.local/lib/python3.8/site-packages/airflow/example_dags/example_branch_labels.py for tasks to queue
[2024-09-07T16:20:03.072+0000] {logging_mixin.py:188} INFO - [2024-09-07T16:20:03.071+0000] {dagbag.py:538} INFO - Filling up the DagBag from /home/airflow/.local/lib/python3.8/site-packages/airflow/example_dags/example_branch_labels.py
[2024-09-07T16:20:03.077+0000] {processor.py:840} INFO - DAG(s) 'example_branch_labels' retrieved from /home/airflow/.local/lib/python3.8/site-packages/airflow/example_dags/example_branch_labels.py
[2024-09-07T16:20:03.095+0000] {logging_mixin.py:188} INFO - [2024-09-07T16:20:03.095+0000] {dag.py:3036} INFO - Sync 1 DAGs
[2024-09-07T16:20:03.109+0000] {logging_mixin.py:188} INFO - [2024-09-07T16:20:03.109+0000] {dag.py:3823} INFO - Setting next_dagrun for example_branch_labels to 2024-09-06 00:00:00+00:00, run_after=2024-09-07 00:00:00+00:00
[2024-09-07T16:20:03.123+0000] {processor.py:183} INFO - Processing /home/airflow/.local/lib/python3.8/site-packages/airflow/example_dags/example_branch_labels.py took 0.056 seconds
[2024-09-07T16:20:33.621+0000] {processor.py:161} INFO - Started process (PID=10608) to work on /home/airflow/.local/lib/python3.8/site-packages/airflow/example_dags/example_branch_labels.py
[2024-09-07T16:20:33.622+0000] {processor.py:830} INFO - Processing file /home/airflow/.local/lib/python3.8/site-packages/airflow/example_dags/example_branch_labels.py for tasks to queue
[2024-09-07T16:20:33.623+0000] {logging_mixin.py:188} INFO - [2024-09-07T16:20:33.623+0000] {dagbag.py:538} INFO - Filling up the DagBag from /home/airflow/.local/lib/python3.8/site-packages/airflow/example_dags/example_branch_labels.py
[2024-09-07T16:20:33.629+0000] {processor.py:840} INFO - DAG(s) 'example_branch_labels' retrieved from /home/airflow/.local/lib/python3.8/site-packages/airflow/example_dags/example_branch_labels.py
[2024-09-07T16:20:33.644+0000] {logging_mixin.py:188} INFO - [2024-09-07T16:20:33.644+0000] {dag.py:3036} INFO - Sync 1 DAGs
[2024-09-07T16:20:33.657+0000] {logging_mixin.py:188} INFO - [2024-09-07T16:20:33.657+0000] {dag.py:3823} INFO - Setting next_dagrun for example_branch_labels to 2024-09-06 00:00:00+00:00, run_after=2024-09-07 00:00:00+00:00
[2024-09-07T16:20:33.682+0000] {processor.py:183} INFO - Processing /home/airflow/.local/lib/python3.8/site-packages/airflow/example_dags/example_branch_labels.py took 0.062 seconds
[2024-09-07T16:21:04.328+0000] {processor.py:161} INFO - Started process (PID=10856) to work on /home/airflow/.local/lib/python3.8/site-packages/airflow/example_dags/example_branch_labels.py
[2024-09-07T16:21:04.329+0000] {processor.py:830} INFO - Processing file /home/airflow/.local/lib/python3.8/site-packages/airflow/example_dags/example_branch_labels.py for tasks to queue
[2024-09-07T16:21:04.330+0000] {logging_mixin.py:188} INFO - [2024-09-07T16:21:04.329+0000] {dagbag.py:538} INFO - Filling up the DagBag from /home/airflow/.local/lib/python3.8/site-packages/airflow/example_dags/example_branch_labels.py
[2024-09-07T16:21:04.335+0000] {processor.py:840} INFO - DAG(s) 'example_branch_labels' retrieved from /home/airflow/.local/lib/python3.8/site-packages/airflow/example_dags/example_branch_labels.py
[2024-09-07T16:21:04.349+0000] {logging_mixin.py:188} INFO - [2024-09-07T16:21:04.349+0000] {dag.py:3036} INFO - Sync 1 DAGs
[2024-09-07T16:21:04.364+0000] {logging_mixin.py:188} INFO - [2024-09-07T16:21:04.364+0000] {dag.py:3823} INFO - Setting next_dagrun for example_branch_labels to 2024-09-06 00:00:00+00:00, run_after=2024-09-07 00:00:00+00:00
[2024-09-07T16:21:04.375+0000] {processor.py:183} INFO - Processing /home/airflow/.local/lib/python3.8/site-packages/airflow/example_dags/example_branch_labels.py took 0.049 seconds
[2024-09-07T16:21:35.128+0000] {processor.py:161} INFO - Started process (PID=11101) to work on /home/airflow/.local/lib/python3.8/site-packages/airflow/example_dags/example_branch_labels.py
[2024-09-07T16:21:35.129+0000] {processor.py:830} INFO - Processing file /home/airflow/.local/lib/python3.8/site-packages/airflow/example_dags/example_branch_labels.py for tasks to queue
[2024-09-07T16:21:35.130+0000] {logging_mixin.py:188} INFO - [2024-09-07T16:21:35.130+0000] {dagbag.py:538} INFO - Filling up the DagBag from /home/airflow/.local/lib/python3.8/site-packages/airflow/example_dags/example_branch_labels.py
[2024-09-07T16:21:35.135+0000] {processor.py:840} INFO - DAG(s) 'example_branch_labels' retrieved from /home/airflow/.local/lib/python3.8/site-packages/airflow/example_dags/example_branch_labels.py
[2024-09-07T16:21:35.149+0000] {logging_mixin.py:188} INFO - [2024-09-07T16:21:35.149+0000] {dag.py:3036} INFO - Sync 1 DAGs
[2024-09-07T16:21:35.162+0000] {logging_mixin.py:188} INFO - [2024-09-07T16:21:35.162+0000] {dag.py:3823} INFO - Setting next_dagrun for example_branch_labels to 2024-09-06 00:00:00+00:00, run_after=2024-09-07 00:00:00+00:00
[2024-09-07T16:21:35.172+0000] {processor.py:183} INFO - Processing /home/airflow/.local/lib/python3.8/site-packages/airflow/example_dags/example_branch_labels.py took 0.047 seconds
[2024-09-07T16:22:06.224+0000] {processor.py:161} INFO - Started process (PID=11348) to work on /home/airflow/.local/lib/python3.8/site-packages/airflow/example_dags/example_branch_labels.py
[2024-09-07T16:22:06.225+0000] {processor.py:830} INFO - Processing file /home/airflow/.local/lib/python3.8/site-packages/airflow/example_dags/example_branch_labels.py for tasks to queue
[2024-09-07T16:22:06.225+0000] {logging_mixin.py:188} INFO - [2024-09-07T16:22:06.225+0000] {dagbag.py:538} INFO - Filling up the DagBag from /home/airflow/.local/lib/python3.8/site-packages/airflow/example_dags/example_branch_labels.py
[2024-09-07T16:22:06.232+0000] {processor.py:840} INFO - DAG(s) 'example_branch_labels' retrieved from /home/airflow/.local/lib/python3.8/site-packages/airflow/example_dags/example_branch_labels.py
[2024-09-07T16:22:06.252+0000] {logging_mixin.py:188} INFO - [2024-09-07T16:22:06.252+0000] {dag.py:3036} INFO - Sync 1 DAGs
[2024-09-07T16:22:06.267+0000] {logging_mixin.py:188} INFO - [2024-09-07T16:22:06.266+0000] {dag.py:3823} INFO - Setting next_dagrun for example_branch_labels to 2024-09-06 00:00:00+00:00, run_after=2024-09-07 00:00:00+00:00
[2024-09-07T16:22:06.276+0000] {processor.py:183} INFO - Processing /home/airflow/.local/lib/python3.8/site-packages/airflow/example_dags/example_branch_labels.py took 0.055 seconds
[2024-09-07T16:22:36.766+0000] {processor.py:161} INFO - Started process (PID=11595) to work on /home/airflow/.local/lib/python3.8/site-packages/airflow/example_dags/example_branch_labels.py
[2024-09-07T16:22:36.767+0000] {processor.py:830} INFO - Processing file /home/airflow/.local/lib/python3.8/site-packages/airflow/example_dags/example_branch_labels.py for tasks to queue
[2024-09-07T16:22:36.768+0000] {logging_mixin.py:188} INFO - [2024-09-07T16:22:36.767+0000] {dagbag.py:538} INFO - Filling up the DagBag from /home/airflow/.local/lib/python3.8/site-packages/airflow/example_dags/example_branch_labels.py
[2024-09-07T16:22:36.772+0000] {processor.py:840} INFO - DAG(s) 'example_branch_labels' retrieved from /home/airflow/.local/lib/python3.8/site-packages/airflow/example_dags/example_branch_labels.py
[2024-09-07T16:22:36.786+0000] {logging_mixin.py:188} INFO - [2024-09-07T16:22:36.785+0000] {dag.py:3036} INFO - Sync 1 DAGs
[2024-09-07T16:22:36.798+0000] {logging_mixin.py:188} INFO - [2024-09-07T16:22:36.798+0000] {dag.py:3823} INFO - Setting next_dagrun for example_branch_labels to 2024-09-06 00:00:00+00:00, run_after=2024-09-07 00:00:00+00:00
[2024-09-07T16:22:36.808+0000] {processor.py:183} INFO - Processing /home/airflow/.local/lib/python3.8/site-packages/airflow/example_dags/example_branch_labels.py took 0.044 seconds
[2024-09-07T16:23:07.482+0000] {processor.py:161} INFO - Started process (PID=11842) to work on /home/airflow/.local/lib/python3.8/site-packages/airflow/example_dags/example_branch_labels.py
[2024-09-07T16:23:07.483+0000] {processor.py:830} INFO - Processing file /home/airflow/.local/lib/python3.8/site-packages/airflow/example_dags/example_branch_labels.py for tasks to queue
[2024-09-07T16:23:07.483+0000] {logging_mixin.py:188} INFO - [2024-09-07T16:23:07.483+0000] {dagbag.py:538} INFO - Filling up the DagBag from /home/airflow/.local/lib/python3.8/site-packages/airflow/example_dags/example_branch_labels.py
[2024-09-07T16:23:07.489+0000] {processor.py:840} INFO - DAG(s) 'example_branch_labels' retrieved from /home/airflow/.local/lib/python3.8/site-packages/airflow/example_dags/example_branch_labels.py
[2024-09-07T16:23:07.506+0000] {logging_mixin.py:188} INFO - [2024-09-07T16:23:07.506+0000] {dag.py:3036} INFO - Sync 1 DAGs
[2024-09-07T16:23:07.520+0000] {logging_mixin.py:188} INFO - [2024-09-07T16:23:07.520+0000] {dag.py:3823} INFO - Setting next_dagrun for example_branch_labels to 2024-09-06 00:00:00+00:00, run_after=2024-09-07 00:00:00+00:00
[2024-09-07T16:23:07.531+0000] {processor.py:183} INFO - Processing /home/airflow/.local/lib/python3.8/site-packages/airflow/example_dags/example_branch_labels.py took 0.052 seconds
[2024-09-07T16:23:38.107+0000] {processor.py:161} INFO - Started process (PID=12089) to work on /home/airflow/.local/lib/python3.8/site-packages/airflow/example_dags/example_branch_labels.py
[2024-09-07T16:23:38.108+0000] {processor.py:830} INFO - Processing file /home/airflow/.local/lib/python3.8/site-packages/airflow/example_dags/example_branch_labels.py for tasks to queue
[2024-09-07T16:23:38.108+0000] {logging_mixin.py:188} INFO - [2024-09-07T16:23:38.108+0000] {dagbag.py:538} INFO - Filling up the DagBag from /home/airflow/.local/lib/python3.8/site-packages/airflow/example_dags/example_branch_labels.py
[2024-09-07T16:23:38.113+0000] {processor.py:840} INFO - DAG(s) 'example_branch_labels' retrieved from /home/airflow/.local/lib/python3.8/site-packages/airflow/example_dags/example_branch_labels.py
[2024-09-07T16:23:38.126+0000] {logging_mixin.py:188} INFO - [2024-09-07T16:23:38.125+0000] {dag.py:3036} INFO - Sync 1 DAGs
[2024-09-07T16:23:38.138+0000] {logging_mixin.py:188} INFO - [2024-09-07T16:23:38.137+0000] {dag.py:3823} INFO - Setting next_dagrun for example_branch_labels to 2024-09-06 00:00:00+00:00, run_after=2024-09-07 00:00:00+00:00
[2024-09-07T16:23:38.147+0000] {processor.py:183} INFO - Processing /home/airflow/.local/lib/python3.8/site-packages/airflow/example_dags/example_branch_labels.py took 0.044 seconds
[2024-09-07T16:24:08.800+0000] {processor.py:161} INFO - Started process (PID=12336) to work on /home/airflow/.local/lib/python3.8/site-packages/airflow/example_dags/example_branch_labels.py
[2024-09-07T16:24:08.800+0000] {processor.py:830} INFO - Processing file /home/airflow/.local/lib/python3.8/site-packages/airflow/example_dags/example_branch_labels.py for tasks to queue
[2024-09-07T16:24:08.801+0000] {logging_mixin.py:188} INFO - [2024-09-07T16:24:08.801+0000] {dagbag.py:538} INFO - Filling up the DagBag from /home/airflow/.local/lib/python3.8/site-packages/airflow/example_dags/example_branch_labels.py
[2024-09-07T16:24:08.808+0000] {processor.py:840} INFO - DAG(s) 'example_branch_labels' retrieved from /home/airflow/.local/lib/python3.8/site-packages/airflow/example_dags/example_branch_labels.py
[2024-09-07T16:24:08.821+0000] {logging_mixin.py:188} INFO - [2024-09-07T16:24:08.821+0000] {dag.py:3036} INFO - Sync 1 DAGs
[2024-09-07T16:24:08.834+0000] {logging_mixin.py:188} INFO - [2024-09-07T16:24:08.833+0000] {dag.py:3823} INFO - Setting next_dagrun for example_branch_labels to 2024-09-06 00:00:00+00:00, run_after=2024-09-07 00:00:00+00:00
[2024-09-07T16:24:08.843+0000] {processor.py:183} INFO - Processing /home/airflow/.local/lib/python3.8/site-packages/airflow/example_dags/example_branch_labels.py took 0.046 seconds
[2024-09-07T16:24:38.922+0000] {processor.py:161} INFO - Started process (PID=12585) to work on /home/airflow/.local/lib/python3.8/site-packages/airflow/example_dags/example_branch_labels.py
[2024-09-07T16:24:38.922+0000] {processor.py:830} INFO - Processing file /home/airflow/.local/lib/python3.8/site-packages/airflow/example_dags/example_branch_labels.py for tasks to queue
[2024-09-07T16:24:38.923+0000] {logging_mixin.py:188} INFO - [2024-09-07T16:24:38.923+0000] {dagbag.py:538} INFO - Filling up the DagBag from /home/airflow/.local/lib/python3.8/site-packages/airflow/example_dags/example_branch_labels.py
[2024-09-07T16:24:38.930+0000] {processor.py:840} INFO - DAG(s) 'example_branch_labels' retrieved from /home/airflow/.local/lib/python3.8/site-packages/airflow/example_dags/example_branch_labels.py
[2024-09-07T16:24:38.945+0000] {logging_mixin.py:188} INFO - [2024-09-07T16:24:38.945+0000] {dag.py:3036} INFO - Sync 1 DAGs
[2024-09-07T16:24:38.959+0000] {logging_mixin.py:188} INFO - [2024-09-07T16:24:38.959+0000] {dag.py:3823} INFO - Setting next_dagrun for example_branch_labels to 2024-09-06 00:00:00+00:00, run_after=2024-09-07 00:00:00+00:00
[2024-09-07T16:24:38.969+0000] {processor.py:183} INFO - Processing /home/airflow/.local/lib/python3.8/site-packages/airflow/example_dags/example_branch_labels.py took 0.050 seconds
[2024-09-07T16:25:09.567+0000] {processor.py:161} INFO - Started process (PID=12830) to work on /home/airflow/.local/lib/python3.8/site-packages/airflow/example_dags/example_branch_labels.py
[2024-09-07T16:25:09.568+0000] {processor.py:830} INFO - Processing file /home/airflow/.local/lib/python3.8/site-packages/airflow/example_dags/example_branch_labels.py for tasks to queue
[2024-09-07T16:25:09.569+0000] {logging_mixin.py:188} INFO - [2024-09-07T16:25:09.568+0000] {dagbag.py:538} INFO - Filling up the DagBag from /home/airflow/.local/lib/python3.8/site-packages/airflow/example_dags/example_branch_labels.py
[2024-09-07T16:25:09.574+0000] {processor.py:840} INFO - DAG(s) 'example_branch_labels' retrieved from /home/airflow/.local/lib/python3.8/site-packages/airflow/example_dags/example_branch_labels.py
[2024-09-07T16:25:09.588+0000] {logging_mixin.py:188} INFO - [2024-09-07T16:25:09.588+0000] {dag.py:3036} INFO - Sync 1 DAGs
[2024-09-07T16:25:09.602+0000] {logging_mixin.py:188} INFO - [2024-09-07T16:25:09.602+0000] {dag.py:3823} INFO - Setting next_dagrun for example_branch_labels to 2024-09-06 00:00:00+00:00, run_after=2024-09-07 00:00:00+00:00
[2024-09-07T16:25:09.613+0000] {processor.py:183} INFO - Processing /home/airflow/.local/lib/python3.8/site-packages/airflow/example_dags/example_branch_labels.py took 0.049 seconds
[2024-09-07T16:25:40.215+0000] {processor.py:161} INFO - Started process (PID=13077) to work on /home/airflow/.local/lib/python3.8/site-packages/airflow/example_dags/example_branch_labels.py
[2024-09-07T16:25:40.216+0000] {processor.py:830} INFO - Processing file /home/airflow/.local/lib/python3.8/site-packages/airflow/example_dags/example_branch_labels.py for tasks to queue
[2024-09-07T16:25:40.217+0000] {logging_mixin.py:188} INFO - [2024-09-07T16:25:40.217+0000] {dagbag.py:538} INFO - Filling up the DagBag from /home/airflow/.local/lib/python3.8/site-packages/airflow/example_dags/example_branch_labels.py
[2024-09-07T16:25:40.222+0000] {processor.py:840} INFO - DAG(s) 'example_branch_labels' retrieved from /home/airflow/.local/lib/python3.8/site-packages/airflow/example_dags/example_branch_labels.py
[2024-09-07T16:25:40.235+0000] {logging_mixin.py:188} INFO - [2024-09-07T16:25:40.235+0000] {dag.py:3036} INFO - Sync 1 DAGs
[2024-09-07T16:25:40.248+0000] {logging_mixin.py:188} INFO - [2024-09-07T16:25:40.248+0000] {dag.py:3823} INFO - Setting next_dagrun for example_branch_labels to 2024-09-06 00:00:00+00:00, run_after=2024-09-07 00:00:00+00:00
[2024-09-07T16:25:40.257+0000] {processor.py:183} INFO - Processing /home/airflow/.local/lib/python3.8/site-packages/airflow/example_dags/example_branch_labels.py took 0.043 seconds
[2024-09-07T16:26:10.877+0000] {processor.py:161} INFO - Started process (PID=13326) to work on /home/airflow/.local/lib/python3.8/site-packages/airflow/example_dags/example_branch_labels.py
[2024-09-07T16:26:10.879+0000] {processor.py:830} INFO - Processing file /home/airflow/.local/lib/python3.8/site-packages/airflow/example_dags/example_branch_labels.py for tasks to queue
[2024-09-07T16:26:10.881+0000] {logging_mixin.py:188} INFO - [2024-09-07T16:26:10.881+0000] {dagbag.py:538} INFO - Filling up the DagBag from /home/airflow/.local/lib/python3.8/site-packages/airflow/example_dags/example_branch_labels.py
[2024-09-07T16:26:10.889+0000] {processor.py:840} INFO - DAG(s) 'example_branch_labels' retrieved from /home/airflow/.local/lib/python3.8/site-packages/airflow/example_dags/example_branch_labels.py
[2024-09-07T16:26:10.907+0000] {logging_mixin.py:188} INFO - [2024-09-07T16:26:10.907+0000] {dag.py:3036} INFO - Sync 1 DAGs
[2024-09-07T16:26:10.923+0000] {logging_mixin.py:188} INFO - [2024-09-07T16:26:10.923+0000] {dag.py:3823} INFO - Setting next_dagrun for example_branch_labels to 2024-09-06 00:00:00+00:00, run_after=2024-09-07 00:00:00+00:00
[2024-09-07T16:26:10.934+0000] {processor.py:183} INFO - Processing /home/airflow/.local/lib/python3.8/site-packages/airflow/example_dags/example_branch_labels.py took 0.059 seconds
[2024-09-07T16:26:41.115+0000] {processor.py:161} INFO - Started process (PID=13573) to work on /home/airflow/.local/lib/python3.8/site-packages/airflow/example_dags/example_branch_labels.py
[2024-09-07T16:26:41.116+0000] {processor.py:830} INFO - Processing file /home/airflow/.local/lib/python3.8/site-packages/airflow/example_dags/example_branch_labels.py for tasks to queue
[2024-09-07T16:26:41.116+0000] {logging_mixin.py:188} INFO - [2024-09-07T16:26:41.116+0000] {dagbag.py:538} INFO - Filling up the DagBag from /home/airflow/.local/lib/python3.8/site-packages/airflow/example_dags/example_branch_labels.py
[2024-09-07T16:26:41.122+0000] {processor.py:840} INFO - DAG(s) 'example_branch_labels' retrieved from /home/airflow/.local/lib/python3.8/site-packages/airflow/example_dags/example_branch_labels.py
[2024-09-07T16:26:41.144+0000] {logging_mixin.py:188} INFO - [2024-09-07T16:26:41.144+0000] {dag.py:3036} INFO - Sync 1 DAGs
[2024-09-07T16:26:41.159+0000] {logging_mixin.py:188} INFO - [2024-09-07T16:26:41.159+0000] {dag.py:3823} INFO - Setting next_dagrun for example_branch_labels to 2024-09-06 00:00:00+00:00, run_after=2024-09-07 00:00:00+00:00
[2024-09-07T16:26:41.171+0000] {processor.py:183} INFO - Processing /home/airflow/.local/lib/python3.8/site-packages/airflow/example_dags/example_branch_labels.py took 0.059 seconds
[2024-09-07T16:27:12.102+0000] {processor.py:161} INFO - Started process (PID=13818) to work on /home/airflow/.local/lib/python3.8/site-packages/airflow/example_dags/example_branch_labels.py
[2024-09-07T16:27:12.103+0000] {processor.py:830} INFO - Processing file /home/airflow/.local/lib/python3.8/site-packages/airflow/example_dags/example_branch_labels.py for tasks to queue
[2024-09-07T16:27:12.104+0000] {logging_mixin.py:188} INFO - [2024-09-07T16:27:12.104+0000] {dagbag.py:538} INFO - Filling up the DagBag from /home/airflow/.local/lib/python3.8/site-packages/airflow/example_dags/example_branch_labels.py
[2024-09-07T16:27:12.108+0000] {processor.py:840} INFO - DAG(s) 'example_branch_labels' retrieved from /home/airflow/.local/lib/python3.8/site-packages/airflow/example_dags/example_branch_labels.py
[2024-09-07T16:27:12.121+0000] {logging_mixin.py:188} INFO - [2024-09-07T16:27:12.121+0000] {dag.py:3036} INFO - Sync 1 DAGs
[2024-09-07T16:27:12.133+0000] {logging_mixin.py:188} INFO - [2024-09-07T16:27:12.133+0000] {dag.py:3823} INFO - Setting next_dagrun for example_branch_labels to 2024-09-06 00:00:00+00:00, run_after=2024-09-07 00:00:00+00:00
[2024-09-07T16:27:12.142+0000] {processor.py:183} INFO - Processing /home/airflow/.local/lib/python3.8/site-packages/airflow/example_dags/example_branch_labels.py took 0.044 seconds
[2024-09-07T16:27:42.815+0000] {processor.py:161} INFO - Started process (PID=14066) to work on /home/airflow/.local/lib/python3.8/site-packages/airflow/example_dags/example_branch_labels.py
[2024-09-07T16:27:42.816+0000] {processor.py:830} INFO - Processing file /home/airflow/.local/lib/python3.8/site-packages/airflow/example_dags/example_branch_labels.py for tasks to queue
[2024-09-07T16:27:42.816+0000] {logging_mixin.py:188} INFO - [2024-09-07T16:27:42.816+0000] {dagbag.py:538} INFO - Filling up the DagBag from /home/airflow/.local/lib/python3.8/site-packages/airflow/example_dags/example_branch_labels.py
[2024-09-07T16:27:42.820+0000] {processor.py:840} INFO - DAG(s) 'example_branch_labels' retrieved from /home/airflow/.local/lib/python3.8/site-packages/airflow/example_dags/example_branch_labels.py
[2024-09-07T16:27:42.833+0000] {logging_mixin.py:188} INFO - [2024-09-07T16:27:42.833+0000] {dag.py:3036} INFO - Sync 1 DAGs
[2024-09-07T16:27:42.843+0000] {logging_mixin.py:188} INFO - [2024-09-07T16:27:42.843+0000] {dag.py:3823} INFO - Setting next_dagrun for example_branch_labels to 2024-09-06 00:00:00+00:00, run_after=2024-09-07 00:00:00+00:00
[2024-09-07T16:27:42.851+0000] {processor.py:183} INFO - Processing /home/airflow/.local/lib/python3.8/site-packages/airflow/example_dags/example_branch_labels.py took 0.039 seconds
[2024-09-07T16:28:13.506+0000] {processor.py:161} INFO - Started process (PID=14311) to work on /home/airflow/.local/lib/python3.8/site-packages/airflow/example_dags/example_branch_labels.py
[2024-09-07T16:28:13.507+0000] {processor.py:830} INFO - Processing file /home/airflow/.local/lib/python3.8/site-packages/airflow/example_dags/example_branch_labels.py for tasks to queue
[2024-09-07T16:28:13.507+0000] {logging_mixin.py:188} INFO - [2024-09-07T16:28:13.507+0000] {dagbag.py:538} INFO - Filling up the DagBag from /home/airflow/.local/lib/python3.8/site-packages/airflow/example_dags/example_branch_labels.py
[2024-09-07T16:28:13.512+0000] {processor.py:840} INFO - DAG(s) 'example_branch_labels' retrieved from /home/airflow/.local/lib/python3.8/site-packages/airflow/example_dags/example_branch_labels.py
[2024-09-07T16:28:13.528+0000] {logging_mixin.py:188} INFO - [2024-09-07T16:28:13.528+0000] {dag.py:3036} INFO - Sync 1 DAGs
[2024-09-07T16:28:13.542+0000] {logging_mixin.py:188} INFO - [2024-09-07T16:28:13.542+0000] {dag.py:3823} INFO - Setting next_dagrun for example_branch_labels to 2024-09-06 00:00:00+00:00, run_after=2024-09-07 00:00:00+00:00
[2024-09-07T16:28:13.552+0000] {processor.py:183} INFO - Processing /home/airflow/.local/lib/python3.8/site-packages/airflow/example_dags/example_branch_labels.py took 0.049 seconds
