[2024-09-07T15:59:08.686+0000] {processor.py:161} INFO - Started process (PID=301) to work on /home/airflow/.local/lib/python3.8/site-packages/airflow/example_dags/example_setup_teardown.py
[2024-09-07T15:59:08.688+0000] {processor.py:830} INFO - Processing file /home/airflow/.local/lib/python3.8/site-packages/airflow/example_dags/example_setup_teardown.py for tasks to queue
[2024-09-07T15:59:08.689+0000] {logging_mixin.py:188} INFO - [2024-09-07T15:59:08.689+0000] {dagbag.py:538} INFO - Filling up the DagBag from /home/airflow/.local/lib/python3.8/site-packages/airflow/example_dags/example_setup_teardown.py
[2024-09-07T15:59:08.695+0000] {processor.py:840} INFO - DAG(s) 'example_setup_teardown' retrieved from /home/airflow/.local/lib/python3.8/site-packages/airflow/example_dags/example_setup_teardown.py
[2024-09-07T15:59:08.714+0000] {logging_mixin.py:188} INFO - [2024-09-07T15:59:08.714+0000] {dag.py:3036} INFO - Sync 1 DAGs
[2024-09-07T15:59:08.743+0000] {logging_mixin.py:188} INFO - [2024-09-07T15:59:08.743+0000] {dag.py:3823} INFO - Setting next_dagrun for example_setup_teardown to 2024-09-06 00:00:00+00:00, run_after=2024-09-07 00:00:00+00:00
[2024-09-07T15:59:08.771+0000] {processor.py:183} INFO - Processing /home/airflow/.local/lib/python3.8/site-packages/airflow/example_dags/example_setup_teardown.py took 0.088 seconds
[2024-09-07T15:59:39.095+0000] {processor.py:161} INFO - Started process (PID=543) to work on /home/airflow/.local/lib/python3.8/site-packages/airflow/example_dags/example_setup_teardown.py
[2024-09-07T15:59:39.097+0000] {processor.py:830} INFO - Processing file /home/airflow/.local/lib/python3.8/site-packages/airflow/example_dags/example_setup_teardown.py for tasks to queue
[2024-09-07T15:59:39.098+0000] {logging_mixin.py:188} INFO - [2024-09-07T15:59:39.097+0000] {dagbag.py:538} INFO - Filling up the DagBag from /home/airflow/.local/lib/python3.8/site-packages/airflow/example_dags/example_setup_teardown.py
[2024-09-07T15:59:39.104+0000] {processor.py:840} INFO - DAG(s) 'example_setup_teardown' retrieved from /home/airflow/.local/lib/python3.8/site-packages/airflow/example_dags/example_setup_teardown.py
[2024-09-07T15:59:39.117+0000] {logging_mixin.py:188} INFO - [2024-09-07T15:59:39.117+0000] {dag.py:3036} INFO - Sync 1 DAGs
[2024-09-07T15:59:39.130+0000] {logging_mixin.py:188} INFO - [2024-09-07T15:59:39.130+0000] {dag.py:3823} INFO - Setting next_dagrun for example_setup_teardown to 2024-09-06 00:00:00+00:00, run_after=2024-09-07 00:00:00+00:00
[2024-09-07T15:59:39.140+0000] {processor.py:183} INFO - Processing /home/airflow/.local/lib/python3.8/site-packages/airflow/example_dags/example_setup_teardown.py took 0.048 seconds
[2024-09-07T16:00:09.948+0000] {processor.py:161} INFO - Started process (PID=790) to work on /home/airflow/.local/lib/python3.8/site-packages/airflow/example_dags/example_setup_teardown.py
[2024-09-07T16:00:09.949+0000] {processor.py:830} INFO - Processing file /home/airflow/.local/lib/python3.8/site-packages/airflow/example_dags/example_setup_teardown.py for tasks to queue
[2024-09-07T16:00:09.950+0000] {logging_mixin.py:188} INFO - [2024-09-07T16:00:09.950+0000] {dagbag.py:538} INFO - Filling up the DagBag from /home/airflow/.local/lib/python3.8/site-packages/airflow/example_dags/example_setup_teardown.py
[2024-09-07T16:00:09.954+0000] {processor.py:840} INFO - DAG(s) 'example_setup_teardown' retrieved from /home/airflow/.local/lib/python3.8/site-packages/airflow/example_dags/example_setup_teardown.py
[2024-09-07T16:00:09.965+0000] {logging_mixin.py:188} INFO - [2024-09-07T16:00:09.964+0000] {dag.py:3036} INFO - Sync 1 DAGs
[2024-09-07T16:00:09.976+0000] {logging_mixin.py:188} INFO - [2024-09-07T16:00:09.976+0000] {dag.py:3823} INFO - Setting next_dagrun for example_setup_teardown to 2024-09-06 00:00:00+00:00, run_after=2024-09-07 00:00:00+00:00
[2024-09-07T16:00:09.985+0000] {processor.py:183} INFO - Processing /home/airflow/.local/lib/python3.8/site-packages/airflow/example_dags/example_setup_teardown.py took 0.041 seconds
[2024-09-07T16:00:40.630+0000] {processor.py:161} INFO - Started process (PID=1042) to work on /home/airflow/.local/lib/python3.8/site-packages/airflow/example_dags/example_setup_teardown.py
[2024-09-07T16:00:40.631+0000] {processor.py:830} INFO - Processing file /home/airflow/.local/lib/python3.8/site-packages/airflow/example_dags/example_setup_teardown.py for tasks to queue
[2024-09-07T16:00:40.631+0000] {logging_mixin.py:188} INFO - [2024-09-07T16:00:40.631+0000] {dagbag.py:538} INFO - Filling up the DagBag from /home/airflow/.local/lib/python3.8/site-packages/airflow/example_dags/example_setup_teardown.py
[2024-09-07T16:00:40.636+0000] {processor.py:840} INFO - DAG(s) 'example_setup_teardown' retrieved from /home/airflow/.local/lib/python3.8/site-packages/airflow/example_dags/example_setup_teardown.py
[2024-09-07T16:00:40.649+0000] {logging_mixin.py:188} INFO - [2024-09-07T16:00:40.649+0000] {dag.py:3036} INFO - Sync 1 DAGs
[2024-09-07T16:00:40.662+0000] {logging_mixin.py:188} INFO - [2024-09-07T16:00:40.661+0000] {dag.py:3823} INFO - Setting next_dagrun for example_setup_teardown to 2024-09-06 00:00:00+00:00, run_after=2024-09-07 00:00:00+00:00
[2024-09-07T16:00:40.672+0000] {processor.py:183} INFO - Processing /home/airflow/.local/lib/python3.8/site-packages/airflow/example_dags/example_setup_teardown.py took 0.044 seconds
[2024-09-07T16:01:11.303+0000] {processor.py:161} INFO - Started process (PID=1289) to work on /home/airflow/.local/lib/python3.8/site-packages/airflow/example_dags/example_setup_teardown.py
[2024-09-07T16:01:11.304+0000] {processor.py:830} INFO - Processing file /home/airflow/.local/lib/python3.8/site-packages/airflow/example_dags/example_setup_teardown.py for tasks to queue
[2024-09-07T16:01:11.305+0000] {logging_mixin.py:188} INFO - [2024-09-07T16:01:11.305+0000] {dagbag.py:538} INFO - Filling up the DagBag from /home/airflow/.local/lib/python3.8/site-packages/airflow/example_dags/example_setup_teardown.py
[2024-09-07T16:01:11.312+0000] {processor.py:840} INFO - DAG(s) 'example_setup_teardown' retrieved from /home/airflow/.local/lib/python3.8/site-packages/airflow/example_dags/example_setup_teardown.py
[2024-09-07T16:01:11.326+0000] {logging_mixin.py:188} INFO - [2024-09-07T16:01:11.326+0000] {dag.py:3036} INFO - Sync 1 DAGs
[2024-09-07T16:01:11.339+0000] {logging_mixin.py:188} INFO - [2024-09-07T16:01:11.339+0000] {dag.py:3823} INFO - Setting next_dagrun for example_setup_teardown to 2024-09-06 00:00:00+00:00, run_after=2024-09-07 00:00:00+00:00
[2024-09-07T16:01:11.352+0000] {processor.py:183} INFO - Processing /home/airflow/.local/lib/python3.8/site-packages/airflow/example_dags/example_setup_teardown.py took 0.051 seconds
[2024-09-07T16:01:42.478+0000] {processor.py:161} INFO - Started process (PID=1535) to work on /home/airflow/.local/lib/python3.8/site-packages/airflow/example_dags/example_setup_teardown.py
[2024-09-07T16:01:42.481+0000] {processor.py:830} INFO - Processing file /home/airflow/.local/lib/python3.8/site-packages/airflow/example_dags/example_setup_teardown.py for tasks to queue
[2024-09-07T16:01:42.482+0000] {logging_mixin.py:188} INFO - [2024-09-07T16:01:42.482+0000] {dagbag.py:538} INFO - Filling up the DagBag from /home/airflow/.local/lib/python3.8/site-packages/airflow/example_dags/example_setup_teardown.py
[2024-09-07T16:01:42.490+0000] {processor.py:840} INFO - DAG(s) 'example_setup_teardown' retrieved from /home/airflow/.local/lib/python3.8/site-packages/airflow/example_dags/example_setup_teardown.py
[2024-09-07T16:01:42.507+0000] {logging_mixin.py:188} INFO - [2024-09-07T16:01:42.506+0000] {dag.py:3036} INFO - Sync 1 DAGs
[2024-09-07T16:01:42.532+0000] {logging_mixin.py:188} INFO - [2024-09-07T16:01:42.531+0000] {dag.py:3823} INFO - Setting next_dagrun for example_setup_teardown to 2024-09-06 00:00:00+00:00, run_after=2024-09-07 00:00:00+00:00
[2024-09-07T16:01:42.555+0000] {processor.py:183} INFO - Processing /home/airflow/.local/lib/python3.8/site-packages/airflow/example_dags/example_setup_teardown.py took 0.080 seconds
[2024-09-07T16:02:13.049+0000] {processor.py:161} INFO - Started process (PID=1782) to work on /home/airflow/.local/lib/python3.8/site-packages/airflow/example_dags/example_setup_teardown.py
[2024-09-07T16:02:13.050+0000] {processor.py:830} INFO - Processing file /home/airflow/.local/lib/python3.8/site-packages/airflow/example_dags/example_setup_teardown.py for tasks to queue
[2024-09-07T16:02:13.050+0000] {logging_mixin.py:188} INFO - [2024-09-07T16:02:13.050+0000] {dagbag.py:538} INFO - Filling up the DagBag from /home/airflow/.local/lib/python3.8/site-packages/airflow/example_dags/example_setup_teardown.py
[2024-09-07T16:02:13.055+0000] {processor.py:840} INFO - DAG(s) 'example_setup_teardown' retrieved from /home/airflow/.local/lib/python3.8/site-packages/airflow/example_dags/example_setup_teardown.py
[2024-09-07T16:02:13.110+0000] {logging_mixin.py:188} INFO - [2024-09-07T16:02:13.110+0000] {dag.py:3036} INFO - Sync 1 DAGs
[2024-09-07T16:02:13.122+0000] {logging_mixin.py:188} INFO - [2024-09-07T16:02:13.122+0000] {dag.py:3823} INFO - Setting next_dagrun for example_setup_teardown to 2024-09-06 00:00:00+00:00, run_after=2024-09-07 00:00:00+00:00
[2024-09-07T16:02:13.135+0000] {processor.py:183} INFO - Processing /home/airflow/.local/lib/python3.8/site-packages/airflow/example_dags/example_setup_teardown.py took 0.088 seconds
[2024-09-07T16:02:43.393+0000] {processor.py:161} INFO - Started process (PID=2028) to work on /home/airflow/.local/lib/python3.8/site-packages/airflow/example_dags/example_setup_teardown.py
[2024-09-07T16:02:43.393+0000] {processor.py:830} INFO - Processing file /home/airflow/.local/lib/python3.8/site-packages/airflow/example_dags/example_setup_teardown.py for tasks to queue
[2024-09-07T16:02:43.394+0000] {logging_mixin.py:188} INFO - [2024-09-07T16:02:43.394+0000] {dagbag.py:538} INFO - Filling up the DagBag from /home/airflow/.local/lib/python3.8/site-packages/airflow/example_dags/example_setup_teardown.py
[2024-09-07T16:02:43.399+0000] {processor.py:840} INFO - DAG(s) 'example_setup_teardown' retrieved from /home/airflow/.local/lib/python3.8/site-packages/airflow/example_dags/example_setup_teardown.py
[2024-09-07T16:02:43.414+0000] {logging_mixin.py:188} INFO - [2024-09-07T16:02:43.413+0000] {dag.py:3036} INFO - Sync 1 DAGs
[2024-09-07T16:02:43.427+0000] {logging_mixin.py:188} INFO - [2024-09-07T16:02:43.427+0000] {dag.py:3823} INFO - Setting next_dagrun for example_setup_teardown to 2024-09-06 00:00:00+00:00, run_after=2024-09-07 00:00:00+00:00
[2024-09-07T16:02:43.441+0000] {processor.py:183} INFO - Processing /home/airflow/.local/lib/python3.8/site-packages/airflow/example_dags/example_setup_teardown.py took 0.051 seconds
[2024-09-07T16:03:13.572+0000] {processor.py:161} INFO - Started process (PID=2275) to work on /home/airflow/.local/lib/python3.8/site-packages/airflow/example_dags/example_setup_teardown.py
[2024-09-07T16:03:13.574+0000] {processor.py:830} INFO - Processing file /home/airflow/.local/lib/python3.8/site-packages/airflow/example_dags/example_setup_teardown.py for tasks to queue
[2024-09-07T16:03:13.575+0000] {logging_mixin.py:188} INFO - [2024-09-07T16:03:13.574+0000] {dagbag.py:538} INFO - Filling up the DagBag from /home/airflow/.local/lib/python3.8/site-packages/airflow/example_dags/example_setup_teardown.py
[2024-09-07T16:03:13.582+0000] {processor.py:840} INFO - DAG(s) 'example_setup_teardown' retrieved from /home/airflow/.local/lib/python3.8/site-packages/airflow/example_dags/example_setup_teardown.py
[2024-09-07T16:03:13.598+0000] {logging_mixin.py:188} INFO - [2024-09-07T16:03:13.598+0000] {dag.py:3036} INFO - Sync 1 DAGs
[2024-09-07T16:03:13.612+0000] {logging_mixin.py:188} INFO - [2024-09-07T16:03:13.612+0000] {dag.py:3823} INFO - Setting next_dagrun for example_setup_teardown to 2024-09-06 00:00:00+00:00, run_after=2024-09-07 00:00:00+00:00
[2024-09-07T16:03:13.625+0000] {processor.py:183} INFO - Processing /home/airflow/.local/lib/python3.8/site-packages/airflow/example_dags/example_setup_teardown.py took 0.058 seconds
[2024-09-07T16:03:44.592+0000] {processor.py:161} INFO - Started process (PID=2522) to work on /home/airflow/.local/lib/python3.8/site-packages/airflow/example_dags/example_setup_teardown.py
[2024-09-07T16:03:44.593+0000] {processor.py:830} INFO - Processing file /home/airflow/.local/lib/python3.8/site-packages/airflow/example_dags/example_setup_teardown.py for tasks to queue
[2024-09-07T16:03:44.593+0000] {logging_mixin.py:188} INFO - [2024-09-07T16:03:44.593+0000] {dagbag.py:538} INFO - Filling up the DagBag from /home/airflow/.local/lib/python3.8/site-packages/airflow/example_dags/example_setup_teardown.py
[2024-09-07T16:03:44.598+0000] {processor.py:840} INFO - DAG(s) 'example_setup_teardown' retrieved from /home/airflow/.local/lib/python3.8/site-packages/airflow/example_dags/example_setup_teardown.py
[2024-09-07T16:03:44.611+0000] {logging_mixin.py:188} INFO - [2024-09-07T16:03:44.611+0000] {dag.py:3036} INFO - Sync 1 DAGs
[2024-09-07T16:03:44.625+0000] {logging_mixin.py:188} INFO - [2024-09-07T16:03:44.625+0000] {dag.py:3823} INFO - Setting next_dagrun for example_setup_teardown to 2024-09-06 00:00:00+00:00, run_after=2024-09-07 00:00:00+00:00
[2024-09-07T16:03:44.638+0000] {processor.py:183} INFO - Processing /home/airflow/.local/lib/python3.8/site-packages/airflow/example_dags/example_setup_teardown.py took 0.051 seconds
[2024-09-07T16:04:15.598+0000] {processor.py:161} INFO - Started process (PID=2769) to work on /home/airflow/.local/lib/python3.8/site-packages/airflow/example_dags/example_setup_teardown.py
[2024-09-07T16:04:15.599+0000] {processor.py:830} INFO - Processing file /home/airflow/.local/lib/python3.8/site-packages/airflow/example_dags/example_setup_teardown.py for tasks to queue
[2024-09-07T16:04:15.600+0000] {logging_mixin.py:188} INFO - [2024-09-07T16:04:15.600+0000] {dagbag.py:538} INFO - Filling up the DagBag from /home/airflow/.local/lib/python3.8/site-packages/airflow/example_dags/example_setup_teardown.py
[2024-09-07T16:04:15.604+0000] {processor.py:840} INFO - DAG(s) 'example_setup_teardown' retrieved from /home/airflow/.local/lib/python3.8/site-packages/airflow/example_dags/example_setup_teardown.py
[2024-09-07T16:04:15.611+0000] {logging_mixin.py:188} INFO - [2024-09-07T16:04:15.611+0000] {dag.py:3036} INFO - Sync 1 DAGs
[2024-09-07T16:04:15.622+0000] {logging_mixin.py:188} INFO - [2024-09-07T16:04:15.622+0000] {dag.py:3823} INFO - Setting next_dagrun for example_setup_teardown to 2024-09-06 00:00:00+00:00, run_after=2024-09-07 00:00:00+00:00
[2024-09-07T16:04:15.632+0000] {processor.py:183} INFO - Processing /home/airflow/.local/lib/python3.8/site-packages/airflow/example_dags/example_setup_teardown.py took 0.035 seconds
[2024-09-07T16:04:45.736+0000] {processor.py:161} INFO - Started process (PID=3016) to work on /home/airflow/.local/lib/python3.8/site-packages/airflow/example_dags/example_setup_teardown.py
[2024-09-07T16:04:45.737+0000] {processor.py:830} INFO - Processing file /home/airflow/.local/lib/python3.8/site-packages/airflow/example_dags/example_setup_teardown.py for tasks to queue
[2024-09-07T16:04:45.737+0000] {logging_mixin.py:188} INFO - [2024-09-07T16:04:45.737+0000] {dagbag.py:538} INFO - Filling up the DagBag from /home/airflow/.local/lib/python3.8/site-packages/airflow/example_dags/example_setup_teardown.py
[2024-09-07T16:04:45.742+0000] {processor.py:840} INFO - DAG(s) 'example_setup_teardown' retrieved from /home/airflow/.local/lib/python3.8/site-packages/airflow/example_dags/example_setup_teardown.py
[2024-09-07T16:04:45.793+0000] {logging_mixin.py:188} INFO - [2024-09-07T16:04:45.792+0000] {dag.py:3036} INFO - Sync 1 DAGs
[2024-09-07T16:04:45.804+0000] {logging_mixin.py:188} INFO - [2024-09-07T16:04:45.804+0000] {dag.py:3823} INFO - Setting next_dagrun for example_setup_teardown to 2024-09-06 00:00:00+00:00, run_after=2024-09-07 00:00:00+00:00
[2024-09-07T16:04:45.815+0000] {processor.py:183} INFO - Processing /home/airflow/.local/lib/python3.8/site-packages/airflow/example_dags/example_setup_teardown.py took 0.081 seconds
[2024-09-07T16:05:16.047+0000] {processor.py:161} INFO - Started process (PID=3263) to work on /home/airflow/.local/lib/python3.8/site-packages/airflow/example_dags/example_setup_teardown.py
[2024-09-07T16:05:16.048+0000] {processor.py:830} INFO - Processing file /home/airflow/.local/lib/python3.8/site-packages/airflow/example_dags/example_setup_teardown.py for tasks to queue
[2024-09-07T16:05:16.048+0000] {logging_mixin.py:188} INFO - [2024-09-07T16:05:16.048+0000] {dagbag.py:538} INFO - Filling up the DagBag from /home/airflow/.local/lib/python3.8/site-packages/airflow/example_dags/example_setup_teardown.py
[2024-09-07T16:05:16.053+0000] {processor.py:840} INFO - DAG(s) 'example_setup_teardown' retrieved from /home/airflow/.local/lib/python3.8/site-packages/airflow/example_dags/example_setup_teardown.py
[2024-09-07T16:05:16.064+0000] {logging_mixin.py:188} INFO - [2024-09-07T16:05:16.064+0000] {dag.py:3036} INFO - Sync 1 DAGs
[2024-09-07T16:05:16.076+0000] {logging_mixin.py:188} INFO - [2024-09-07T16:05:16.075+0000] {dag.py:3823} INFO - Setting next_dagrun for example_setup_teardown to 2024-09-06 00:00:00+00:00, run_after=2024-09-07 00:00:00+00:00
[2024-09-07T16:05:16.086+0000] {processor.py:183} INFO - Processing /home/airflow/.local/lib/python3.8/site-packages/airflow/example_dags/example_setup_teardown.py took 0.041 seconds
[2024-09-07T16:05:46.356+0000] {processor.py:161} INFO - Started process (PID=3510) to work on /home/airflow/.local/lib/python3.8/site-packages/airflow/example_dags/example_setup_teardown.py
[2024-09-07T16:05:46.357+0000] {processor.py:830} INFO - Processing file /home/airflow/.local/lib/python3.8/site-packages/airflow/example_dags/example_setup_teardown.py for tasks to queue
[2024-09-07T16:05:46.358+0000] {logging_mixin.py:188} INFO - [2024-09-07T16:05:46.358+0000] {dagbag.py:538} INFO - Filling up the DagBag from /home/airflow/.local/lib/python3.8/site-packages/airflow/example_dags/example_setup_teardown.py
[2024-09-07T16:05:46.364+0000] {processor.py:840} INFO - DAG(s) 'example_setup_teardown' retrieved from /home/airflow/.local/lib/python3.8/site-packages/airflow/example_dags/example_setup_teardown.py
[2024-09-07T16:05:46.386+0000] {logging_mixin.py:188} INFO - [2024-09-07T16:05:46.386+0000] {dag.py:3036} INFO - Sync 1 DAGs
[2024-09-07T16:05:46.401+0000] {logging_mixin.py:188} INFO - [2024-09-07T16:05:46.401+0000] {dag.py:3823} INFO - Setting next_dagrun for example_setup_teardown to 2024-09-06 00:00:00+00:00, run_after=2024-09-07 00:00:00+00:00
[2024-09-07T16:05:46.414+0000] {processor.py:183} INFO - Processing /home/airflow/.local/lib/python3.8/site-packages/airflow/example_dags/example_setup_teardown.py took 0.060 seconds
[2024-09-07T16:06:17.342+0000] {processor.py:161} INFO - Started process (PID=3757) to work on /home/airflow/.local/lib/python3.8/site-packages/airflow/example_dags/example_setup_teardown.py
[2024-09-07T16:06:17.346+0000] {processor.py:830} INFO - Processing file /home/airflow/.local/lib/python3.8/site-packages/airflow/example_dags/example_setup_teardown.py for tasks to queue
[2024-09-07T16:06:17.348+0000] {logging_mixin.py:188} INFO - [2024-09-07T16:06:17.347+0000] {dagbag.py:538} INFO - Filling up the DagBag from /home/airflow/.local/lib/python3.8/site-packages/airflow/example_dags/example_setup_teardown.py
[2024-09-07T16:06:17.358+0000] {processor.py:840} INFO - DAG(s) 'example_setup_teardown' retrieved from /home/airflow/.local/lib/python3.8/site-packages/airflow/example_dags/example_setup_teardown.py
[2024-09-07T16:06:17.389+0000] {logging_mixin.py:188} INFO - [2024-09-07T16:06:17.388+0000] {dag.py:3036} INFO - Sync 1 DAGs
[2024-09-07T16:06:17.404+0000] {logging_mixin.py:188} INFO - [2024-09-07T16:06:17.404+0000] {dag.py:3823} INFO - Setting next_dagrun for example_setup_teardown to 2024-09-06 00:00:00+00:00, run_after=2024-09-07 00:00:00+00:00
[2024-09-07T16:06:17.417+0000] {processor.py:183} INFO - Processing /home/airflow/.local/lib/python3.8/site-packages/airflow/example_dags/example_setup_teardown.py took 0.078 seconds
[2024-09-07T16:06:47.766+0000] {processor.py:161} INFO - Started process (PID=4004) to work on /home/airflow/.local/lib/python3.8/site-packages/airflow/example_dags/example_setup_teardown.py
[2024-09-07T16:06:47.767+0000] {processor.py:830} INFO - Processing file /home/airflow/.local/lib/python3.8/site-packages/airflow/example_dags/example_setup_teardown.py for tasks to queue
[2024-09-07T16:06:47.768+0000] {logging_mixin.py:188} INFO - [2024-09-07T16:06:47.768+0000] {dagbag.py:538} INFO - Filling up the DagBag from /home/airflow/.local/lib/python3.8/site-packages/airflow/example_dags/example_setup_teardown.py
[2024-09-07T16:06:47.773+0000] {processor.py:840} INFO - DAG(s) 'example_setup_teardown' retrieved from /home/airflow/.local/lib/python3.8/site-packages/airflow/example_dags/example_setup_teardown.py
[2024-09-07T16:06:47.785+0000] {logging_mixin.py:188} INFO - [2024-09-07T16:06:47.785+0000] {dag.py:3036} INFO - Sync 1 DAGs
[2024-09-07T16:06:47.796+0000] {logging_mixin.py:188} INFO - [2024-09-07T16:06:47.795+0000] {dag.py:3823} INFO - Setting next_dagrun for example_setup_teardown to 2024-09-06 00:00:00+00:00, run_after=2024-09-07 00:00:00+00:00
[2024-09-07T16:06:47.806+0000] {processor.py:183} INFO - Processing /home/airflow/.local/lib/python3.8/site-packages/airflow/example_dags/example_setup_teardown.py took 0.042 seconds
[2024-09-07T16:07:18.637+0000] {processor.py:161} INFO - Started process (PID=4251) to work on /home/airflow/.local/lib/python3.8/site-packages/airflow/example_dags/example_setup_teardown.py
[2024-09-07T16:07:18.638+0000] {processor.py:830} INFO - Processing file /home/airflow/.local/lib/python3.8/site-packages/airflow/example_dags/example_setup_teardown.py for tasks to queue
[2024-09-07T16:07:18.639+0000] {logging_mixin.py:188} INFO - [2024-09-07T16:07:18.639+0000] {dagbag.py:538} INFO - Filling up the DagBag from /home/airflow/.local/lib/python3.8/site-packages/airflow/example_dags/example_setup_teardown.py
[2024-09-07T16:07:18.644+0000] {processor.py:840} INFO - DAG(s) 'example_setup_teardown' retrieved from /home/airflow/.local/lib/python3.8/site-packages/airflow/example_dags/example_setup_teardown.py
[2024-09-07T16:07:18.658+0000] {logging_mixin.py:188} INFO - [2024-09-07T16:07:18.658+0000] {dag.py:3036} INFO - Sync 1 DAGs
[2024-09-07T16:07:18.672+0000] {logging_mixin.py:188} INFO - [2024-09-07T16:07:18.671+0000] {dag.py:3823} INFO - Setting next_dagrun for example_setup_teardown to 2024-09-06 00:00:00+00:00, run_after=2024-09-07 00:00:00+00:00
[2024-09-07T16:07:18.681+0000] {processor.py:183} INFO - Processing /home/airflow/.local/lib/python3.8/site-packages/airflow/example_dags/example_setup_teardown.py took 0.046 seconds
[2024-09-07T16:07:49.409+0000] {processor.py:161} INFO - Started process (PID=4498) to work on /home/airflow/.local/lib/python3.8/site-packages/airflow/example_dags/example_setup_teardown.py
[2024-09-07T16:07:49.410+0000] {processor.py:830} INFO - Processing file /home/airflow/.local/lib/python3.8/site-packages/airflow/example_dags/example_setup_teardown.py for tasks to queue
[2024-09-07T16:07:49.411+0000] {logging_mixin.py:188} INFO - [2024-09-07T16:07:49.411+0000] {dagbag.py:538} INFO - Filling up the DagBag from /home/airflow/.local/lib/python3.8/site-packages/airflow/example_dags/example_setup_teardown.py
[2024-09-07T16:07:49.416+0000] {processor.py:840} INFO - DAG(s) 'example_setup_teardown' retrieved from /home/airflow/.local/lib/python3.8/site-packages/airflow/example_dags/example_setup_teardown.py
[2024-09-07T16:07:49.429+0000] {logging_mixin.py:188} INFO - [2024-09-07T16:07:49.429+0000] {dag.py:3036} INFO - Sync 1 DAGs
[2024-09-07T16:07:49.442+0000] {logging_mixin.py:188} INFO - [2024-09-07T16:07:49.442+0000] {dag.py:3823} INFO - Setting next_dagrun for example_setup_teardown to 2024-09-06 00:00:00+00:00, run_after=2024-09-07 00:00:00+00:00
[2024-09-07T16:07:49.453+0000] {processor.py:183} INFO - Processing /home/airflow/.local/lib/python3.8/site-packages/airflow/example_dags/example_setup_teardown.py took 0.046 seconds
[2024-09-07T16:08:20.104+0000] {processor.py:161} INFO - Started process (PID=4745) to work on /home/airflow/.local/lib/python3.8/site-packages/airflow/example_dags/example_setup_teardown.py
[2024-09-07T16:08:20.106+0000] {processor.py:830} INFO - Processing file /home/airflow/.local/lib/python3.8/site-packages/airflow/example_dags/example_setup_teardown.py for tasks to queue
[2024-09-07T16:08:20.107+0000] {logging_mixin.py:188} INFO - [2024-09-07T16:08:20.106+0000] {dagbag.py:538} INFO - Filling up the DagBag from /home/airflow/.local/lib/python3.8/site-packages/airflow/example_dags/example_setup_teardown.py
[2024-09-07T16:08:20.112+0000] {processor.py:840} INFO - DAG(s) 'example_setup_teardown' retrieved from /home/airflow/.local/lib/python3.8/site-packages/airflow/example_dags/example_setup_teardown.py
[2024-09-07T16:08:20.127+0000] {logging_mixin.py:188} INFO - [2024-09-07T16:08:20.127+0000] {dag.py:3036} INFO - Sync 1 DAGs
[2024-09-07T16:08:20.141+0000] {logging_mixin.py:188} INFO - [2024-09-07T16:08:20.141+0000] {dag.py:3823} INFO - Setting next_dagrun for example_setup_teardown to 2024-09-06 00:00:00+00:00, run_after=2024-09-07 00:00:00+00:00
[2024-09-07T16:08:20.153+0000] {processor.py:183} INFO - Processing /home/airflow/.local/lib/python3.8/site-packages/airflow/example_dags/example_setup_teardown.py took 0.051 seconds
[2024-09-07T16:08:50.780+0000] {processor.py:161} INFO - Started process (PID=4992) to work on /home/airflow/.local/lib/python3.8/site-packages/airflow/example_dags/example_setup_teardown.py
[2024-09-07T16:08:50.781+0000] {processor.py:830} INFO - Processing file /home/airflow/.local/lib/python3.8/site-packages/airflow/example_dags/example_setup_teardown.py for tasks to queue
[2024-09-07T16:08:50.781+0000] {logging_mixin.py:188} INFO - [2024-09-07T16:08:50.781+0000] {dagbag.py:538} INFO - Filling up the DagBag from /home/airflow/.local/lib/python3.8/site-packages/airflow/example_dags/example_setup_teardown.py
[2024-09-07T16:08:50.786+0000] {processor.py:840} INFO - DAG(s) 'example_setup_teardown' retrieved from /home/airflow/.local/lib/python3.8/site-packages/airflow/example_dags/example_setup_teardown.py
[2024-09-07T16:08:50.798+0000] {logging_mixin.py:188} INFO - [2024-09-07T16:08:50.798+0000] {dag.py:3036} INFO - Sync 1 DAGs
[2024-09-07T16:08:50.809+0000] {logging_mixin.py:188} INFO - [2024-09-07T16:08:50.809+0000] {dag.py:3823} INFO - Setting next_dagrun for example_setup_teardown to 2024-09-06 00:00:00+00:00, run_after=2024-09-07 00:00:00+00:00
[2024-09-07T16:08:50.819+0000] {processor.py:183} INFO - Processing /home/airflow/.local/lib/python3.8/site-packages/airflow/example_dags/example_setup_teardown.py took 0.041 seconds
[2024-09-07T16:09:21.587+0000] {processor.py:161} INFO - Started process (PID=5239) to work on /home/airflow/.local/lib/python3.8/site-packages/airflow/example_dags/example_setup_teardown.py
[2024-09-07T16:09:21.588+0000] {processor.py:830} INFO - Processing file /home/airflow/.local/lib/python3.8/site-packages/airflow/example_dags/example_setup_teardown.py for tasks to queue
[2024-09-07T16:09:21.590+0000] {logging_mixin.py:188} INFO - [2024-09-07T16:09:21.589+0000] {dagbag.py:538} INFO - Filling up the DagBag from /home/airflow/.local/lib/python3.8/site-packages/airflow/example_dags/example_setup_teardown.py
[2024-09-07T16:09:21.596+0000] {processor.py:840} INFO - DAG(s) 'example_setup_teardown' retrieved from /home/airflow/.local/lib/python3.8/site-packages/airflow/example_dags/example_setup_teardown.py
[2024-09-07T16:09:21.612+0000] {logging_mixin.py:188} INFO - [2024-09-07T16:09:21.612+0000] {dag.py:3036} INFO - Sync 1 DAGs
[2024-09-07T16:09:21.625+0000] {logging_mixin.py:188} INFO - [2024-09-07T16:09:21.625+0000] {dag.py:3823} INFO - Setting next_dagrun for example_setup_teardown to 2024-09-06 00:00:00+00:00, run_after=2024-09-07 00:00:00+00:00
[2024-09-07T16:09:21.636+0000] {processor.py:183} INFO - Processing /home/airflow/.local/lib/python3.8/site-packages/airflow/example_dags/example_setup_teardown.py took 0.053 seconds
[2024-09-07T16:09:52.227+0000] {processor.py:161} INFO - Started process (PID=5486) to work on /home/airflow/.local/lib/python3.8/site-packages/airflow/example_dags/example_setup_teardown.py
[2024-09-07T16:09:52.228+0000] {processor.py:830} INFO - Processing file /home/airflow/.local/lib/python3.8/site-packages/airflow/example_dags/example_setup_teardown.py for tasks to queue
[2024-09-07T16:09:52.229+0000] {logging_mixin.py:188} INFO - [2024-09-07T16:09:52.229+0000] {dagbag.py:538} INFO - Filling up the DagBag from /home/airflow/.local/lib/python3.8/site-packages/airflow/example_dags/example_setup_teardown.py
[2024-09-07T16:09:52.237+0000] {processor.py:840} INFO - DAG(s) 'example_setup_teardown' retrieved from /home/airflow/.local/lib/python3.8/site-packages/airflow/example_dags/example_setup_teardown.py
[2024-09-07T16:09:52.251+0000] {logging_mixin.py:188} INFO - [2024-09-07T16:09:52.251+0000] {dag.py:3036} INFO - Sync 1 DAGs
[2024-09-07T16:09:52.264+0000] {logging_mixin.py:188} INFO - [2024-09-07T16:09:52.264+0000] {dag.py:3823} INFO - Setting next_dagrun for example_setup_teardown to 2024-09-06 00:00:00+00:00, run_after=2024-09-07 00:00:00+00:00
[2024-09-07T16:09:52.276+0000] {processor.py:183} INFO - Processing /home/airflow/.local/lib/python3.8/site-packages/airflow/example_dags/example_setup_teardown.py took 0.051 seconds
[2024-09-07T16:10:22.772+0000] {processor.py:161} INFO - Started process (PID=5733) to work on /home/airflow/.local/lib/python3.8/site-packages/airflow/example_dags/example_setup_teardown.py
[2024-09-07T16:10:22.773+0000] {processor.py:830} INFO - Processing file /home/airflow/.local/lib/python3.8/site-packages/airflow/example_dags/example_setup_teardown.py for tasks to queue
[2024-09-07T16:10:22.773+0000] {logging_mixin.py:188} INFO - [2024-09-07T16:10:22.773+0000] {dagbag.py:538} INFO - Filling up the DagBag from /home/airflow/.local/lib/python3.8/site-packages/airflow/example_dags/example_setup_teardown.py
[2024-09-07T16:10:22.778+0000] {processor.py:840} INFO - DAG(s) 'example_setup_teardown' retrieved from /home/airflow/.local/lib/python3.8/site-packages/airflow/example_dags/example_setup_teardown.py
[2024-09-07T16:10:22.790+0000] {logging_mixin.py:188} INFO - [2024-09-07T16:10:22.790+0000] {dag.py:3036} INFO - Sync 1 DAGs
[2024-09-07T16:10:22.804+0000] {logging_mixin.py:188} INFO - [2024-09-07T16:10:22.803+0000] {dag.py:3823} INFO - Setting next_dagrun for example_setup_teardown to 2024-09-06 00:00:00+00:00, run_after=2024-09-07 00:00:00+00:00
[2024-09-07T16:10:22.816+0000] {processor.py:183} INFO - Processing /home/airflow/.local/lib/python3.8/site-packages/airflow/example_dags/example_setup_teardown.py took 0.046 seconds
[2024-09-07T16:10:53.400+0000] {processor.py:161} INFO - Started process (PID=5980) to work on /home/airflow/.local/lib/python3.8/site-packages/airflow/example_dags/example_setup_teardown.py
[2024-09-07T16:10:53.401+0000] {processor.py:830} INFO - Processing file /home/airflow/.local/lib/python3.8/site-packages/airflow/example_dags/example_setup_teardown.py for tasks to queue
[2024-09-07T16:10:53.402+0000] {logging_mixin.py:188} INFO - [2024-09-07T16:10:53.402+0000] {dagbag.py:538} INFO - Filling up the DagBag from /home/airflow/.local/lib/python3.8/site-packages/airflow/example_dags/example_setup_teardown.py
[2024-09-07T16:10:53.407+0000] {processor.py:840} INFO - DAG(s) 'example_setup_teardown' retrieved from /home/airflow/.local/lib/python3.8/site-packages/airflow/example_dags/example_setup_teardown.py
[2024-09-07T16:10:53.424+0000] {logging_mixin.py:188} INFO - [2024-09-07T16:10:53.424+0000] {dag.py:3036} INFO - Sync 1 DAGs
[2024-09-07T16:10:53.437+0000] {logging_mixin.py:188} INFO - [2024-09-07T16:10:53.437+0000] {dag.py:3823} INFO - Setting next_dagrun for example_setup_teardown to 2024-09-06 00:00:00+00:00, run_after=2024-09-07 00:00:00+00:00
[2024-09-07T16:10:53.448+0000] {processor.py:183} INFO - Processing /home/airflow/.local/lib/python3.8/site-packages/airflow/example_dags/example_setup_teardown.py took 0.049 seconds
[2024-09-07T16:11:23.949+0000] {processor.py:161} INFO - Started process (PID=6227) to work on /home/airflow/.local/lib/python3.8/site-packages/airflow/example_dags/example_setup_teardown.py
[2024-09-07T16:11:23.950+0000] {processor.py:830} INFO - Processing file /home/airflow/.local/lib/python3.8/site-packages/airflow/example_dags/example_setup_teardown.py for tasks to queue
[2024-09-07T16:11:23.950+0000] {logging_mixin.py:188} INFO - [2024-09-07T16:11:23.950+0000] {dagbag.py:538} INFO - Filling up the DagBag from /home/airflow/.local/lib/python3.8/site-packages/airflow/example_dags/example_setup_teardown.py
[2024-09-07T16:11:23.956+0000] {processor.py:840} INFO - DAG(s) 'example_setup_teardown' retrieved from /home/airflow/.local/lib/python3.8/site-packages/airflow/example_dags/example_setup_teardown.py
[2024-09-07T16:11:23.970+0000] {logging_mixin.py:188} INFO - [2024-09-07T16:11:23.970+0000] {dag.py:3036} INFO - Sync 1 DAGs
[2024-09-07T16:11:23.982+0000] {logging_mixin.py:188} INFO - [2024-09-07T16:11:23.982+0000] {dag.py:3823} INFO - Setting next_dagrun for example_setup_teardown to 2024-09-06 00:00:00+00:00, run_after=2024-09-07 00:00:00+00:00
[2024-09-07T16:11:23.993+0000] {processor.py:183} INFO - Processing /home/airflow/.local/lib/python3.8/site-packages/airflow/example_dags/example_setup_teardown.py took 0.046 seconds
[2024-09-07T16:11:54.528+0000] {processor.py:161} INFO - Started process (PID=6474) to work on /home/airflow/.local/lib/python3.8/site-packages/airflow/example_dags/example_setup_teardown.py
[2024-09-07T16:11:54.529+0000] {processor.py:830} INFO - Processing file /home/airflow/.local/lib/python3.8/site-packages/airflow/example_dags/example_setup_teardown.py for tasks to queue
[2024-09-07T16:11:54.529+0000] {logging_mixin.py:188} INFO - [2024-09-07T16:11:54.529+0000] {dagbag.py:538} INFO - Filling up the DagBag from /home/airflow/.local/lib/python3.8/site-packages/airflow/example_dags/example_setup_teardown.py
[2024-09-07T16:11:54.534+0000] {processor.py:840} INFO - DAG(s) 'example_setup_teardown' retrieved from /home/airflow/.local/lib/python3.8/site-packages/airflow/example_dags/example_setup_teardown.py
[2024-09-07T16:11:54.545+0000] {logging_mixin.py:188} INFO - [2024-09-07T16:11:54.545+0000] {dag.py:3036} INFO - Sync 1 DAGs
[2024-09-07T16:11:54.557+0000] {logging_mixin.py:188} INFO - [2024-09-07T16:11:54.557+0000] {dag.py:3823} INFO - Setting next_dagrun for example_setup_teardown to 2024-09-06 00:00:00+00:00, run_after=2024-09-07 00:00:00+00:00
[2024-09-07T16:11:54.566+0000] {processor.py:183} INFO - Processing /home/airflow/.local/lib/python3.8/site-packages/airflow/example_dags/example_setup_teardown.py took 0.040 seconds
[2024-09-07T16:12:25.199+0000] {processor.py:161} INFO - Started process (PID=6721) to work on /home/airflow/.local/lib/python3.8/site-packages/airflow/example_dags/example_setup_teardown.py
[2024-09-07T16:12:25.200+0000] {processor.py:830} INFO - Processing file /home/airflow/.local/lib/python3.8/site-packages/airflow/example_dags/example_setup_teardown.py for tasks to queue
[2024-09-07T16:12:25.201+0000] {logging_mixin.py:188} INFO - [2024-09-07T16:12:25.201+0000] {dagbag.py:538} INFO - Filling up the DagBag from /home/airflow/.local/lib/python3.8/site-packages/airflow/example_dags/example_setup_teardown.py
[2024-09-07T16:12:25.206+0000] {processor.py:840} INFO - DAG(s) 'example_setup_teardown' retrieved from /home/airflow/.local/lib/python3.8/site-packages/airflow/example_dags/example_setup_teardown.py
[2024-09-07T16:12:25.219+0000] {logging_mixin.py:188} INFO - [2024-09-07T16:12:25.218+0000] {dag.py:3036} INFO - Sync 1 DAGs
[2024-09-07T16:12:25.231+0000] {logging_mixin.py:188} INFO - [2024-09-07T16:12:25.231+0000] {dag.py:3823} INFO - Setting next_dagrun for example_setup_teardown to 2024-09-06 00:00:00+00:00, run_after=2024-09-07 00:00:00+00:00
[2024-09-07T16:12:25.241+0000] {processor.py:183} INFO - Processing /home/airflow/.local/lib/python3.8/site-packages/airflow/example_dags/example_setup_teardown.py took 0.044 seconds
[2024-09-07T16:12:55.783+0000] {processor.py:161} INFO - Started process (PID=6968) to work on /home/airflow/.local/lib/python3.8/site-packages/airflow/example_dags/example_setup_teardown.py
[2024-09-07T16:12:55.784+0000] {processor.py:830} INFO - Processing file /home/airflow/.local/lib/python3.8/site-packages/airflow/example_dags/example_setup_teardown.py for tasks to queue
[2024-09-07T16:12:55.784+0000] {logging_mixin.py:188} INFO - [2024-09-07T16:12:55.784+0000] {dagbag.py:538} INFO - Filling up the DagBag from /home/airflow/.local/lib/python3.8/site-packages/airflow/example_dags/example_setup_teardown.py
[2024-09-07T16:12:55.789+0000] {processor.py:840} INFO - DAG(s) 'example_setup_teardown' retrieved from /home/airflow/.local/lib/python3.8/site-packages/airflow/example_dags/example_setup_teardown.py
[2024-09-07T16:12:55.800+0000] {logging_mixin.py:188} INFO - [2024-09-07T16:12:55.800+0000] {dag.py:3036} INFO - Sync 1 DAGs
[2024-09-07T16:12:55.811+0000] {logging_mixin.py:188} INFO - [2024-09-07T16:12:55.811+0000] {dag.py:3823} INFO - Setting next_dagrun for example_setup_teardown to 2024-09-06 00:00:00+00:00, run_after=2024-09-07 00:00:00+00:00
[2024-09-07T16:12:55.820+0000] {processor.py:183} INFO - Processing /home/airflow/.local/lib/python3.8/site-packages/airflow/example_dags/example_setup_teardown.py took 0.040 seconds
[2024-09-07T16:13:26.306+0000] {processor.py:161} INFO - Started process (PID=7215) to work on /home/airflow/.local/lib/python3.8/site-packages/airflow/example_dags/example_setup_teardown.py
[2024-09-07T16:13:26.307+0000] {processor.py:830} INFO - Processing file /home/airflow/.local/lib/python3.8/site-packages/airflow/example_dags/example_setup_teardown.py for tasks to queue
[2024-09-07T16:13:26.308+0000] {logging_mixin.py:188} INFO - [2024-09-07T16:13:26.308+0000] {dagbag.py:538} INFO - Filling up the DagBag from /home/airflow/.local/lib/python3.8/site-packages/airflow/example_dags/example_setup_teardown.py
[2024-09-07T16:13:26.312+0000] {processor.py:840} INFO - DAG(s) 'example_setup_teardown' retrieved from /home/airflow/.local/lib/python3.8/site-packages/airflow/example_dags/example_setup_teardown.py
[2024-09-07T16:13:26.324+0000] {logging_mixin.py:188} INFO - [2024-09-07T16:13:26.324+0000] {dag.py:3036} INFO - Sync 1 DAGs
[2024-09-07T16:13:26.336+0000] {logging_mixin.py:188} INFO - [2024-09-07T16:13:26.336+0000] {dag.py:3823} INFO - Setting next_dagrun for example_setup_teardown to 2024-09-06 00:00:00+00:00, run_after=2024-09-07 00:00:00+00:00
[2024-09-07T16:13:26.348+0000] {processor.py:183} INFO - Processing /home/airflow/.local/lib/python3.8/site-packages/airflow/example_dags/example_setup_teardown.py took 0.044 seconds
[2024-09-07T16:13:56.948+0000] {processor.py:161} INFO - Started process (PID=7462) to work on /home/airflow/.local/lib/python3.8/site-packages/airflow/example_dags/example_setup_teardown.py
[2024-09-07T16:13:56.949+0000] {processor.py:830} INFO - Processing file /home/airflow/.local/lib/python3.8/site-packages/airflow/example_dags/example_setup_teardown.py for tasks to queue
[2024-09-07T16:13:56.949+0000] {logging_mixin.py:188} INFO - [2024-09-07T16:13:56.949+0000] {dagbag.py:538} INFO - Filling up the DagBag from /home/airflow/.local/lib/python3.8/site-packages/airflow/example_dags/example_setup_teardown.py
[2024-09-07T16:13:56.956+0000] {processor.py:840} INFO - DAG(s) 'example_setup_teardown' retrieved from /home/airflow/.local/lib/python3.8/site-packages/airflow/example_dags/example_setup_teardown.py
[2024-09-07T16:13:56.969+0000] {logging_mixin.py:188} INFO - [2024-09-07T16:13:56.968+0000] {dag.py:3036} INFO - Sync 1 DAGs
[2024-09-07T16:13:56.980+0000] {logging_mixin.py:188} INFO - [2024-09-07T16:13:56.980+0000] {dag.py:3823} INFO - Setting next_dagrun for example_setup_teardown to 2024-09-06 00:00:00+00:00, run_after=2024-09-07 00:00:00+00:00
[2024-09-07T16:13:56.990+0000] {processor.py:183} INFO - Processing /home/airflow/.local/lib/python3.8/site-packages/airflow/example_dags/example_setup_teardown.py took 0.045 seconds
[2024-09-07T16:14:27.182+0000] {processor.py:161} INFO - Started process (PID=7709) to work on /home/airflow/.local/lib/python3.8/site-packages/airflow/example_dags/example_setup_teardown.py
[2024-09-07T16:14:27.183+0000] {processor.py:830} INFO - Processing file /home/airflow/.local/lib/python3.8/site-packages/airflow/example_dags/example_setup_teardown.py for tasks to queue
[2024-09-07T16:14:27.184+0000] {logging_mixin.py:188} INFO - [2024-09-07T16:14:27.183+0000] {dagbag.py:538} INFO - Filling up the DagBag from /home/airflow/.local/lib/python3.8/site-packages/airflow/example_dags/example_setup_teardown.py
[2024-09-07T16:14:27.188+0000] {processor.py:840} INFO - DAG(s) 'example_setup_teardown' retrieved from /home/airflow/.local/lib/python3.8/site-packages/airflow/example_dags/example_setup_teardown.py
[2024-09-07T16:14:27.201+0000] {logging_mixin.py:188} INFO - [2024-09-07T16:14:27.201+0000] {dag.py:3036} INFO - Sync 1 DAGs
[2024-09-07T16:14:27.216+0000] {logging_mixin.py:188} INFO - [2024-09-07T16:14:27.216+0000] {dag.py:3823} INFO - Setting next_dagrun for example_setup_teardown to 2024-09-06 00:00:00+00:00, run_after=2024-09-07 00:00:00+00:00
[2024-09-07T16:14:27.228+0000] {processor.py:183} INFO - Processing /home/airflow/.local/lib/python3.8/site-packages/airflow/example_dags/example_setup_teardown.py took 0.048 seconds
[2024-09-07T16:14:57.781+0000] {processor.py:161} INFO - Started process (PID=7956) to work on /home/airflow/.local/lib/python3.8/site-packages/airflow/example_dags/example_setup_teardown.py
[2024-09-07T16:14:57.782+0000] {processor.py:830} INFO - Processing file /home/airflow/.local/lib/python3.8/site-packages/airflow/example_dags/example_setup_teardown.py for tasks to queue
[2024-09-07T16:14:57.783+0000] {logging_mixin.py:188} INFO - [2024-09-07T16:14:57.782+0000] {dagbag.py:538} INFO - Filling up the DagBag from /home/airflow/.local/lib/python3.8/site-packages/airflow/example_dags/example_setup_teardown.py
[2024-09-07T16:14:57.787+0000] {processor.py:840} INFO - DAG(s) 'example_setup_teardown' retrieved from /home/airflow/.local/lib/python3.8/site-packages/airflow/example_dags/example_setup_teardown.py
[2024-09-07T16:14:57.798+0000] {logging_mixin.py:188} INFO - [2024-09-07T16:14:57.798+0000] {dag.py:3036} INFO - Sync 1 DAGs
[2024-09-07T16:14:57.809+0000] {logging_mixin.py:188} INFO - [2024-09-07T16:14:57.809+0000] {dag.py:3823} INFO - Setting next_dagrun for example_setup_teardown to 2024-09-06 00:00:00+00:00, run_after=2024-09-07 00:00:00+00:00
[2024-09-07T16:14:57.819+0000] {processor.py:183} INFO - Processing /home/airflow/.local/lib/python3.8/site-packages/airflow/example_dags/example_setup_teardown.py took 0.040 seconds
[2024-09-07T16:15:28.437+0000] {processor.py:161} INFO - Started process (PID=8203) to work on /home/airflow/.local/lib/python3.8/site-packages/airflow/example_dags/example_setup_teardown.py
[2024-09-07T16:15:28.438+0000] {processor.py:830} INFO - Processing file /home/airflow/.local/lib/python3.8/site-packages/airflow/example_dags/example_setup_teardown.py for tasks to queue
[2024-09-07T16:15:28.439+0000] {logging_mixin.py:188} INFO - [2024-09-07T16:15:28.439+0000] {dagbag.py:538} INFO - Filling up the DagBag from /home/airflow/.local/lib/python3.8/site-packages/airflow/example_dags/example_setup_teardown.py
[2024-09-07T16:15:28.444+0000] {processor.py:840} INFO - DAG(s) 'example_setup_teardown' retrieved from /home/airflow/.local/lib/python3.8/site-packages/airflow/example_dags/example_setup_teardown.py
[2024-09-07T16:15:28.457+0000] {logging_mixin.py:188} INFO - [2024-09-07T16:15:28.457+0000] {dag.py:3036} INFO - Sync 1 DAGs
[2024-09-07T16:15:28.472+0000] {logging_mixin.py:188} INFO - [2024-09-07T16:15:28.472+0000] {dag.py:3823} INFO - Setting next_dagrun for example_setup_teardown to 2024-09-06 00:00:00+00:00, run_after=2024-09-07 00:00:00+00:00
[2024-09-07T16:15:28.483+0000] {processor.py:183} INFO - Processing /home/airflow/.local/lib/python3.8/site-packages/airflow/example_dags/example_setup_teardown.py took 0.047 seconds
[2024-09-07T16:15:59.042+0000] {processor.py:161} INFO - Started process (PID=8449) to work on /home/airflow/.local/lib/python3.8/site-packages/airflow/example_dags/example_setup_teardown.py
[2024-09-07T16:15:59.043+0000] {processor.py:830} INFO - Processing file /home/airflow/.local/lib/python3.8/site-packages/airflow/example_dags/example_setup_teardown.py for tasks to queue
[2024-09-07T16:15:59.044+0000] {logging_mixin.py:188} INFO - [2024-09-07T16:15:59.044+0000] {dagbag.py:538} INFO - Filling up the DagBag from /home/airflow/.local/lib/python3.8/site-packages/airflow/example_dags/example_setup_teardown.py
[2024-09-07T16:15:59.049+0000] {processor.py:840} INFO - DAG(s) 'example_setup_teardown' retrieved from /home/airflow/.local/lib/python3.8/site-packages/airflow/example_dags/example_setup_teardown.py
[2024-09-07T16:15:59.065+0000] {logging_mixin.py:188} INFO - [2024-09-07T16:15:59.065+0000] {dag.py:3036} INFO - Sync 1 DAGs
[2024-09-07T16:15:59.085+0000] {logging_mixin.py:188} INFO - [2024-09-07T16:15:59.085+0000] {dag.py:3823} INFO - Setting next_dagrun for example_setup_teardown to 2024-09-06 00:00:00+00:00, run_after=2024-09-07 00:00:00+00:00
[2024-09-07T16:15:59.122+0000] {processor.py:183} INFO - Processing /home/airflow/.local/lib/python3.8/site-packages/airflow/example_dags/example_setup_teardown.py took 0.082 seconds
[2024-09-07T16:16:29.661+0000] {processor.py:161} INFO - Started process (PID=8696) to work on /home/airflow/.local/lib/python3.8/site-packages/airflow/example_dags/example_setup_teardown.py
[2024-09-07T16:16:29.662+0000] {processor.py:830} INFO - Processing file /home/airflow/.local/lib/python3.8/site-packages/airflow/example_dags/example_setup_teardown.py for tasks to queue
[2024-09-07T16:16:29.662+0000] {logging_mixin.py:188} INFO - [2024-09-07T16:16:29.662+0000] {dagbag.py:538} INFO - Filling up the DagBag from /home/airflow/.local/lib/python3.8/site-packages/airflow/example_dags/example_setup_teardown.py
[2024-09-07T16:16:29.667+0000] {processor.py:840} INFO - DAG(s) 'example_setup_teardown' retrieved from /home/airflow/.local/lib/python3.8/site-packages/airflow/example_dags/example_setup_teardown.py
[2024-09-07T16:16:29.679+0000] {logging_mixin.py:188} INFO - [2024-09-07T16:16:29.679+0000] {dag.py:3036} INFO - Sync 1 DAGs
[2024-09-07T16:16:29.690+0000] {logging_mixin.py:188} INFO - [2024-09-07T16:16:29.690+0000] {dag.py:3823} INFO - Setting next_dagrun for example_setup_teardown to 2024-09-06 00:00:00+00:00, run_after=2024-09-07 00:00:00+00:00
[2024-09-07T16:16:29.700+0000] {processor.py:183} INFO - Processing /home/airflow/.local/lib/python3.8/site-packages/airflow/example_dags/example_setup_teardown.py took 0.041 seconds
[2024-09-07T16:16:59.810+0000] {processor.py:161} INFO - Started process (PID=8943) to work on /home/airflow/.local/lib/python3.8/site-packages/airflow/example_dags/example_setup_teardown.py
[2024-09-07T16:16:59.811+0000] {processor.py:830} INFO - Processing file /home/airflow/.local/lib/python3.8/site-packages/airflow/example_dags/example_setup_teardown.py for tasks to queue
[2024-09-07T16:16:59.811+0000] {logging_mixin.py:188} INFO - [2024-09-07T16:16:59.811+0000] {dagbag.py:538} INFO - Filling up the DagBag from /home/airflow/.local/lib/python3.8/site-packages/airflow/example_dags/example_setup_teardown.py
[2024-09-07T16:16:59.816+0000] {processor.py:840} INFO - DAG(s) 'example_setup_teardown' retrieved from /home/airflow/.local/lib/python3.8/site-packages/airflow/example_dags/example_setup_teardown.py
[2024-09-07T16:16:59.829+0000] {logging_mixin.py:188} INFO - [2024-09-07T16:16:59.828+0000] {dag.py:3036} INFO - Sync 1 DAGs
[2024-09-07T16:16:59.842+0000] {logging_mixin.py:188} INFO - [2024-09-07T16:16:59.842+0000] {dag.py:3823} INFO - Setting next_dagrun for example_setup_teardown to 2024-09-06 00:00:00+00:00, run_after=2024-09-07 00:00:00+00:00
[2024-09-07T16:16:59.852+0000] {processor.py:183} INFO - Processing /home/airflow/.local/lib/python3.8/site-packages/airflow/example_dags/example_setup_teardown.py took 0.045 seconds
[2024-09-07T16:17:30.628+0000] {processor.py:161} INFO - Started process (PID=9190) to work on /home/airflow/.local/lib/python3.8/site-packages/airflow/example_dags/example_setup_teardown.py
[2024-09-07T16:17:30.635+0000] {processor.py:830} INFO - Processing file /home/airflow/.local/lib/python3.8/site-packages/airflow/example_dags/example_setup_teardown.py for tasks to queue
[2024-09-07T16:17:30.636+0000] {logging_mixin.py:188} INFO - [2024-09-07T16:17:30.636+0000] {dagbag.py:538} INFO - Filling up the DagBag from /home/airflow/.local/lib/python3.8/site-packages/airflow/example_dags/example_setup_teardown.py
[2024-09-07T16:17:30.649+0000] {processor.py:840} INFO - DAG(s) 'example_setup_teardown' retrieved from /home/airflow/.local/lib/python3.8/site-packages/airflow/example_dags/example_setup_teardown.py
[2024-09-07T16:17:30.671+0000] {logging_mixin.py:188} INFO - [2024-09-07T16:17:30.671+0000] {dag.py:3036} INFO - Sync 1 DAGs
[2024-09-07T16:17:30.687+0000] {logging_mixin.py:188} INFO - [2024-09-07T16:17:30.687+0000] {dag.py:3823} INFO - Setting next_dagrun for example_setup_teardown to 2024-09-06 00:00:00+00:00, run_after=2024-09-07 00:00:00+00:00
[2024-09-07T16:17:30.703+0000] {processor.py:183} INFO - Processing /home/airflow/.local/lib/python3.8/site-packages/airflow/example_dags/example_setup_teardown.py took 0.078 seconds
[2024-09-07T16:18:01.335+0000] {processor.py:161} INFO - Started process (PID=9443) to work on /home/airflow/.local/lib/python3.8/site-packages/airflow/example_dags/example_setup_teardown.py
[2024-09-07T16:18:01.341+0000] {processor.py:830} INFO - Processing file /home/airflow/.local/lib/python3.8/site-packages/airflow/example_dags/example_setup_teardown.py for tasks to queue
[2024-09-07T16:18:01.342+0000] {logging_mixin.py:188} INFO - [2024-09-07T16:18:01.342+0000] {dagbag.py:538} INFO - Filling up the DagBag from /home/airflow/.local/lib/python3.8/site-packages/airflow/example_dags/example_setup_teardown.py
[2024-09-07T16:18:01.355+0000] {processor.py:840} INFO - DAG(s) 'example_setup_teardown' retrieved from /home/airflow/.local/lib/python3.8/site-packages/airflow/example_dags/example_setup_teardown.py
[2024-09-07T16:18:01.393+0000] {logging_mixin.py:188} INFO - [2024-09-07T16:18:01.393+0000] {dag.py:3036} INFO - Sync 1 DAGs
[2024-09-07T16:18:01.405+0000] {logging_mixin.py:188} INFO - [2024-09-07T16:18:01.404+0000] {dag.py:3823} INFO - Setting next_dagrun for example_setup_teardown to 2024-09-06 00:00:00+00:00, run_after=2024-09-07 00:00:00+00:00
[2024-09-07T16:18:01.413+0000] {processor.py:183} INFO - Processing /home/airflow/.local/lib/python3.8/site-packages/airflow/example_dags/example_setup_teardown.py took 0.082 seconds
[2024-09-07T16:18:32.360+0000] {processor.py:161} INFO - Started process (PID=9690) to work on /home/airflow/.local/lib/python3.8/site-packages/airflow/example_dags/example_setup_teardown.py
[2024-09-07T16:18:32.361+0000] {processor.py:830} INFO - Processing file /home/airflow/.local/lib/python3.8/site-packages/airflow/example_dags/example_setup_teardown.py for tasks to queue
[2024-09-07T16:18:32.362+0000] {logging_mixin.py:188} INFO - [2024-09-07T16:18:32.362+0000] {dagbag.py:538} INFO - Filling up the DagBag from /home/airflow/.local/lib/python3.8/site-packages/airflow/example_dags/example_setup_teardown.py
[2024-09-07T16:18:32.366+0000] {processor.py:840} INFO - DAG(s) 'example_setup_teardown' retrieved from /home/airflow/.local/lib/python3.8/site-packages/airflow/example_dags/example_setup_teardown.py
[2024-09-07T16:18:32.379+0000] {logging_mixin.py:188} INFO - [2024-09-07T16:18:32.379+0000] {dag.py:3036} INFO - Sync 1 DAGs
[2024-09-07T16:18:32.394+0000] {logging_mixin.py:188} INFO - [2024-09-07T16:18:32.394+0000] {dag.py:3823} INFO - Setting next_dagrun for example_setup_teardown to 2024-09-06 00:00:00+00:00, run_after=2024-09-07 00:00:00+00:00
[2024-09-07T16:18:32.407+0000] {processor.py:183} INFO - Processing /home/airflow/.local/lib/python3.8/site-packages/airflow/example_dags/example_setup_teardown.py took 0.049 seconds
[2024-09-07T16:19:03.285+0000] {processor.py:161} INFO - Started process (PID=9937) to work on /home/airflow/.local/lib/python3.8/site-packages/airflow/example_dags/example_setup_teardown.py
[2024-09-07T16:19:03.286+0000] {processor.py:830} INFO - Processing file /home/airflow/.local/lib/python3.8/site-packages/airflow/example_dags/example_setup_teardown.py for tasks to queue
[2024-09-07T16:19:03.286+0000] {logging_mixin.py:188} INFO - [2024-09-07T16:19:03.286+0000] {dagbag.py:538} INFO - Filling up the DagBag from /home/airflow/.local/lib/python3.8/site-packages/airflow/example_dags/example_setup_teardown.py
[2024-09-07T16:19:03.291+0000] {processor.py:840} INFO - DAG(s) 'example_setup_teardown' retrieved from /home/airflow/.local/lib/python3.8/site-packages/airflow/example_dags/example_setup_teardown.py
[2024-09-07T16:19:03.304+0000] {logging_mixin.py:188} INFO - [2024-09-07T16:19:03.304+0000] {dag.py:3036} INFO - Sync 1 DAGs
[2024-09-07T16:19:03.316+0000] {logging_mixin.py:188} INFO - [2024-09-07T16:19:03.316+0000] {dag.py:3823} INFO - Setting next_dagrun for example_setup_teardown to 2024-09-06 00:00:00+00:00, run_after=2024-09-07 00:00:00+00:00
[2024-09-07T16:19:03.327+0000] {processor.py:183} INFO - Processing /home/airflow/.local/lib/python3.8/site-packages/airflow/example_dags/example_setup_teardown.py took 0.045 seconds
[2024-09-07T16:19:34.310+0000] {processor.py:161} INFO - Started process (PID=10184) to work on /home/airflow/.local/lib/python3.8/site-packages/airflow/example_dags/example_setup_teardown.py
[2024-09-07T16:19:34.311+0000] {processor.py:830} INFO - Processing file /home/airflow/.local/lib/python3.8/site-packages/airflow/example_dags/example_setup_teardown.py for tasks to queue
[2024-09-07T16:19:34.312+0000] {logging_mixin.py:188} INFO - [2024-09-07T16:19:34.312+0000] {dagbag.py:538} INFO - Filling up the DagBag from /home/airflow/.local/lib/python3.8/site-packages/airflow/example_dags/example_setup_teardown.py
[2024-09-07T16:19:34.316+0000] {processor.py:840} INFO - DAG(s) 'example_setup_teardown' retrieved from /home/airflow/.local/lib/python3.8/site-packages/airflow/example_dags/example_setup_teardown.py
[2024-09-07T16:19:34.331+0000] {logging_mixin.py:188} INFO - [2024-09-07T16:19:34.331+0000] {dag.py:3036} INFO - Sync 1 DAGs
[2024-09-07T16:19:34.350+0000] {logging_mixin.py:188} INFO - [2024-09-07T16:19:34.349+0000] {dag.py:3823} INFO - Setting next_dagrun for example_setup_teardown to 2024-09-06 00:00:00+00:00, run_after=2024-09-07 00:00:00+00:00
[2024-09-07T16:19:34.375+0000] {processor.py:183} INFO - Processing /home/airflow/.local/lib/python3.8/site-packages/airflow/example_dags/example_setup_teardown.py took 0.067 seconds
[2024-09-07T16:20:04.595+0000] {processor.py:161} INFO - Started process (PID=10431) to work on /home/airflow/.local/lib/python3.8/site-packages/airflow/example_dags/example_setup_teardown.py
[2024-09-07T16:20:04.595+0000] {processor.py:830} INFO - Processing file /home/airflow/.local/lib/python3.8/site-packages/airflow/example_dags/example_setup_teardown.py for tasks to queue
[2024-09-07T16:20:04.596+0000] {logging_mixin.py:188} INFO - [2024-09-07T16:20:04.596+0000] {dagbag.py:538} INFO - Filling up the DagBag from /home/airflow/.local/lib/python3.8/site-packages/airflow/example_dags/example_setup_teardown.py
[2024-09-07T16:20:04.601+0000] {processor.py:840} INFO - DAG(s) 'example_setup_teardown' retrieved from /home/airflow/.local/lib/python3.8/site-packages/airflow/example_dags/example_setup_teardown.py
[2024-09-07T16:20:04.614+0000] {logging_mixin.py:188} INFO - [2024-09-07T16:20:04.614+0000] {dag.py:3036} INFO - Sync 1 DAGs
[2024-09-07T16:20:04.626+0000] {logging_mixin.py:188} INFO - [2024-09-07T16:20:04.626+0000] {dag.py:3823} INFO - Setting next_dagrun for example_setup_teardown to 2024-09-06 00:00:00+00:00, run_after=2024-09-07 00:00:00+00:00
[2024-09-07T16:20:04.636+0000] {processor.py:183} INFO - Processing /home/airflow/.local/lib/python3.8/site-packages/airflow/example_dags/example_setup_teardown.py took 0.044 seconds
[2024-09-07T16:20:35.162+0000] {processor.py:161} INFO - Started process (PID=10678) to work on /home/airflow/.local/lib/python3.8/site-packages/airflow/example_dags/example_setup_teardown.py
[2024-09-07T16:20:35.162+0000] {processor.py:830} INFO - Processing file /home/airflow/.local/lib/python3.8/site-packages/airflow/example_dags/example_setup_teardown.py for tasks to queue
[2024-09-07T16:20:35.163+0000] {logging_mixin.py:188} INFO - [2024-09-07T16:20:35.163+0000] {dagbag.py:538} INFO - Filling up the DagBag from /home/airflow/.local/lib/python3.8/site-packages/airflow/example_dags/example_setup_teardown.py
[2024-09-07T16:20:35.168+0000] {processor.py:840} INFO - DAG(s) 'example_setup_teardown' retrieved from /home/airflow/.local/lib/python3.8/site-packages/airflow/example_dags/example_setup_teardown.py
[2024-09-07T16:20:35.180+0000] {logging_mixin.py:188} INFO - [2024-09-07T16:20:35.180+0000] {dag.py:3036} INFO - Sync 1 DAGs
[2024-09-07T16:20:35.193+0000] {logging_mixin.py:188} INFO - [2024-09-07T16:20:35.193+0000] {dag.py:3823} INFO - Setting next_dagrun for example_setup_teardown to 2024-09-06 00:00:00+00:00, run_after=2024-09-07 00:00:00+00:00
[2024-09-07T16:20:35.202+0000] {processor.py:183} INFO - Processing /home/airflow/.local/lib/python3.8/site-packages/airflow/example_dags/example_setup_teardown.py took 0.043 seconds
[2024-09-07T16:21:05.767+0000] {processor.py:161} INFO - Started process (PID=10924) to work on /home/airflow/.local/lib/python3.8/site-packages/airflow/example_dags/example_setup_teardown.py
[2024-09-07T16:21:05.768+0000] {processor.py:830} INFO - Processing file /home/airflow/.local/lib/python3.8/site-packages/airflow/example_dags/example_setup_teardown.py for tasks to queue
[2024-09-07T16:21:05.768+0000] {logging_mixin.py:188} INFO - [2024-09-07T16:21:05.768+0000] {dagbag.py:538} INFO - Filling up the DagBag from /home/airflow/.local/lib/python3.8/site-packages/airflow/example_dags/example_setup_teardown.py
[2024-09-07T16:21:05.773+0000] {processor.py:840} INFO - DAG(s) 'example_setup_teardown' retrieved from /home/airflow/.local/lib/python3.8/site-packages/airflow/example_dags/example_setup_teardown.py
[2024-09-07T16:21:05.786+0000] {logging_mixin.py:188} INFO - [2024-09-07T16:21:05.786+0000] {dag.py:3036} INFO - Sync 1 DAGs
[2024-09-07T16:21:05.800+0000] {logging_mixin.py:188} INFO - [2024-09-07T16:21:05.800+0000] {dag.py:3823} INFO - Setting next_dagrun for example_setup_teardown to 2024-09-06 00:00:00+00:00, run_after=2024-09-07 00:00:00+00:00
[2024-09-07T16:21:05.813+0000] {processor.py:183} INFO - Processing /home/airflow/.local/lib/python3.8/site-packages/airflow/example_dags/example_setup_teardown.py took 0.049 seconds
[2024-09-07T16:21:36.605+0000] {processor.py:161} INFO - Started process (PID=11171) to work on /home/airflow/.local/lib/python3.8/site-packages/airflow/example_dags/example_setup_teardown.py
[2024-09-07T16:21:36.606+0000] {processor.py:830} INFO - Processing file /home/airflow/.local/lib/python3.8/site-packages/airflow/example_dags/example_setup_teardown.py for tasks to queue
[2024-09-07T16:21:36.607+0000] {logging_mixin.py:188} INFO - [2024-09-07T16:21:36.606+0000] {dagbag.py:538} INFO - Filling up the DagBag from /home/airflow/.local/lib/python3.8/site-packages/airflow/example_dags/example_setup_teardown.py
[2024-09-07T16:21:36.611+0000] {processor.py:840} INFO - DAG(s) 'example_setup_teardown' retrieved from /home/airflow/.local/lib/python3.8/site-packages/airflow/example_dags/example_setup_teardown.py
[2024-09-07T16:21:36.623+0000] {logging_mixin.py:188} INFO - [2024-09-07T16:21:36.623+0000] {dag.py:3036} INFO - Sync 1 DAGs
[2024-09-07T16:21:36.635+0000] {logging_mixin.py:188} INFO - [2024-09-07T16:21:36.635+0000] {dag.py:3823} INFO - Setting next_dagrun for example_setup_teardown to 2024-09-06 00:00:00+00:00, run_after=2024-09-07 00:00:00+00:00
[2024-09-07T16:21:36.645+0000] {processor.py:183} INFO - Processing /home/airflow/.local/lib/python3.8/site-packages/airflow/example_dags/example_setup_teardown.py took 0.042 seconds
[2024-09-07T16:22:06.772+0000] {processor.py:161} INFO - Started process (PID=11418) to work on /home/airflow/.local/lib/python3.8/site-packages/airflow/example_dags/example_setup_teardown.py
[2024-09-07T16:22:06.773+0000] {processor.py:830} INFO - Processing file /home/airflow/.local/lib/python3.8/site-packages/airflow/example_dags/example_setup_teardown.py for tasks to queue
[2024-09-07T16:22:06.774+0000] {logging_mixin.py:188} INFO - [2024-09-07T16:22:06.774+0000] {dagbag.py:538} INFO - Filling up the DagBag from /home/airflow/.local/lib/python3.8/site-packages/airflow/example_dags/example_setup_teardown.py
[2024-09-07T16:22:06.782+0000] {processor.py:840} INFO - DAG(s) 'example_setup_teardown' retrieved from /home/airflow/.local/lib/python3.8/site-packages/airflow/example_dags/example_setup_teardown.py
[2024-09-07T16:22:06.796+0000] {logging_mixin.py:188} INFO - [2024-09-07T16:22:06.795+0000] {dag.py:3036} INFO - Sync 1 DAGs
[2024-09-07T16:22:06.811+0000] {logging_mixin.py:188} INFO - [2024-09-07T16:22:06.811+0000] {dag.py:3823} INFO - Setting next_dagrun for example_setup_teardown to 2024-09-06 00:00:00+00:00, run_after=2024-09-07 00:00:00+00:00
[2024-09-07T16:22:06.825+0000] {processor.py:183} INFO - Processing /home/airflow/.local/lib/python3.8/site-packages/airflow/example_dags/example_setup_teardown.py took 0.056 seconds
[2024-09-07T16:22:37.168+0000] {processor.py:161} INFO - Started process (PID=11660) to work on /home/airflow/.local/lib/python3.8/site-packages/airflow/example_dags/example_setup_teardown.py
[2024-09-07T16:22:37.169+0000] {processor.py:830} INFO - Processing file /home/airflow/.local/lib/python3.8/site-packages/airflow/example_dags/example_setup_teardown.py for tasks to queue
[2024-09-07T16:22:37.169+0000] {logging_mixin.py:188} INFO - [2024-09-07T16:22:37.169+0000] {dagbag.py:538} INFO - Filling up the DagBag from /home/airflow/.local/lib/python3.8/site-packages/airflow/example_dags/example_setup_teardown.py
[2024-09-07T16:22:37.174+0000] {processor.py:840} INFO - DAG(s) 'example_setup_teardown' retrieved from /home/airflow/.local/lib/python3.8/site-packages/airflow/example_dags/example_setup_teardown.py
[2024-09-07T16:22:37.187+0000] {logging_mixin.py:188} INFO - [2024-09-07T16:22:37.187+0000] {dag.py:3036} INFO - Sync 1 DAGs
[2024-09-07T16:22:37.200+0000] {logging_mixin.py:188} INFO - [2024-09-07T16:22:37.200+0000] {dag.py:3823} INFO - Setting next_dagrun for example_setup_teardown to 2024-09-06 00:00:00+00:00, run_after=2024-09-07 00:00:00+00:00
[2024-09-07T16:22:37.212+0000] {processor.py:183} INFO - Processing /home/airflow/.local/lib/python3.8/site-packages/airflow/example_dags/example_setup_teardown.py took 0.046 seconds
[2024-09-07T16:23:07.904+0000] {processor.py:161} INFO - Started process (PID=11912) to work on /home/airflow/.local/lib/python3.8/site-packages/airflow/example_dags/example_setup_teardown.py
[2024-09-07T16:23:07.904+0000] {processor.py:830} INFO - Processing file /home/airflow/.local/lib/python3.8/site-packages/airflow/example_dags/example_setup_teardown.py for tasks to queue
[2024-09-07T16:23:07.905+0000] {logging_mixin.py:188} INFO - [2024-09-07T16:23:07.905+0000] {dagbag.py:538} INFO - Filling up the DagBag from /home/airflow/.local/lib/python3.8/site-packages/airflow/example_dags/example_setup_teardown.py
[2024-09-07T16:23:07.909+0000] {processor.py:840} INFO - DAG(s) 'example_setup_teardown' retrieved from /home/airflow/.local/lib/python3.8/site-packages/airflow/example_dags/example_setup_teardown.py
[2024-09-07T16:23:07.921+0000] {logging_mixin.py:188} INFO - [2024-09-07T16:23:07.921+0000] {dag.py:3036} INFO - Sync 1 DAGs
[2024-09-07T16:23:07.932+0000] {logging_mixin.py:188} INFO - [2024-09-07T16:23:07.932+0000] {dag.py:3823} INFO - Setting next_dagrun for example_setup_teardown to 2024-09-06 00:00:00+00:00, run_after=2024-09-07 00:00:00+00:00
[2024-09-07T16:23:07.942+0000] {processor.py:183} INFO - Processing /home/airflow/.local/lib/python3.8/site-packages/airflow/example_dags/example_setup_teardown.py took 0.041 seconds
[2024-09-07T16:23:38.530+0000] {processor.py:161} INFO - Started process (PID=12159) to work on /home/airflow/.local/lib/python3.8/site-packages/airflow/example_dags/example_setup_teardown.py
[2024-09-07T16:23:38.531+0000] {processor.py:830} INFO - Processing file /home/airflow/.local/lib/python3.8/site-packages/airflow/example_dags/example_setup_teardown.py for tasks to queue
[2024-09-07T16:23:38.531+0000] {logging_mixin.py:188} INFO - [2024-09-07T16:23:38.531+0000] {dagbag.py:538} INFO - Filling up the DagBag from /home/airflow/.local/lib/python3.8/site-packages/airflow/example_dags/example_setup_teardown.py
[2024-09-07T16:23:38.536+0000] {processor.py:840} INFO - DAG(s) 'example_setup_teardown' retrieved from /home/airflow/.local/lib/python3.8/site-packages/airflow/example_dags/example_setup_teardown.py
[2024-09-07T16:23:38.548+0000] {logging_mixin.py:188} INFO - [2024-09-07T16:23:38.547+0000] {dag.py:3036} INFO - Sync 1 DAGs
[2024-09-07T16:23:38.559+0000] {logging_mixin.py:188} INFO - [2024-09-07T16:23:38.559+0000] {dag.py:3823} INFO - Setting next_dagrun for example_setup_teardown to 2024-09-06 00:00:00+00:00, run_after=2024-09-07 00:00:00+00:00
[2024-09-07T16:23:38.569+0000] {processor.py:183} INFO - Processing /home/airflow/.local/lib/python3.8/site-packages/airflow/example_dags/example_setup_teardown.py took 0.041 seconds
[2024-09-07T16:24:09.281+0000] {processor.py:161} INFO - Started process (PID=12406) to work on /home/airflow/.local/lib/python3.8/site-packages/airflow/example_dags/example_setup_teardown.py
[2024-09-07T16:24:09.281+0000] {processor.py:830} INFO - Processing file /home/airflow/.local/lib/python3.8/site-packages/airflow/example_dags/example_setup_teardown.py for tasks to queue
[2024-09-07T16:24:09.282+0000] {logging_mixin.py:188} INFO - [2024-09-07T16:24:09.282+0000] {dagbag.py:538} INFO - Filling up the DagBag from /home/airflow/.local/lib/python3.8/site-packages/airflow/example_dags/example_setup_teardown.py
[2024-09-07T16:24:09.286+0000] {processor.py:840} INFO - DAG(s) 'example_setup_teardown' retrieved from /home/airflow/.local/lib/python3.8/site-packages/airflow/example_dags/example_setup_teardown.py
[2024-09-07T16:24:09.299+0000] {logging_mixin.py:188} INFO - [2024-09-07T16:24:09.298+0000] {dag.py:3036} INFO - Sync 1 DAGs
[2024-09-07T16:24:09.311+0000] {logging_mixin.py:188} INFO - [2024-09-07T16:24:09.310+0000] {dag.py:3823} INFO - Setting next_dagrun for example_setup_teardown to 2024-09-06 00:00:00+00:00, run_after=2024-09-07 00:00:00+00:00
[2024-09-07T16:24:09.320+0000] {processor.py:183} INFO - Processing /home/airflow/.local/lib/python3.8/site-packages/airflow/example_dags/example_setup_teardown.py took 0.042 seconds
[2024-09-07T16:24:39.369+0000] {processor.py:161} INFO - Started process (PID=12650) to work on /home/airflow/.local/lib/python3.8/site-packages/airflow/example_dags/example_setup_teardown.py
[2024-09-07T16:24:39.370+0000] {processor.py:830} INFO - Processing file /home/airflow/.local/lib/python3.8/site-packages/airflow/example_dags/example_setup_teardown.py for tasks to queue
[2024-09-07T16:24:39.370+0000] {logging_mixin.py:188} INFO - [2024-09-07T16:24:39.370+0000] {dagbag.py:538} INFO - Filling up the DagBag from /home/airflow/.local/lib/python3.8/site-packages/airflow/example_dags/example_setup_teardown.py
[2024-09-07T16:24:39.375+0000] {processor.py:840} INFO - DAG(s) 'example_setup_teardown' retrieved from /home/airflow/.local/lib/python3.8/site-packages/airflow/example_dags/example_setup_teardown.py
[2024-09-07T16:24:39.386+0000] {logging_mixin.py:188} INFO - [2024-09-07T16:24:39.386+0000] {dag.py:3036} INFO - Sync 1 DAGs
[2024-09-07T16:24:39.406+0000] {logging_mixin.py:188} INFO - [2024-09-07T16:24:39.406+0000] {dag.py:3823} INFO - Setting next_dagrun for example_setup_teardown to 2024-09-06 00:00:00+00:00, run_after=2024-09-07 00:00:00+00:00
[2024-09-07T16:24:39.429+0000] {processor.py:183} INFO - Processing /home/airflow/.local/lib/python3.8/site-packages/airflow/example_dags/example_setup_teardown.py took 0.062 seconds
[2024-09-07T16:25:09.999+0000] {processor.py:161} INFO - Started process (PID=12895) to work on /home/airflow/.local/lib/python3.8/site-packages/airflow/example_dags/example_setup_teardown.py
[2024-09-07T16:25:10.000+0000] {processor.py:830} INFO - Processing file /home/airflow/.local/lib/python3.8/site-packages/airflow/example_dags/example_setup_teardown.py for tasks to queue
[2024-09-07T16:25:10.000+0000] {logging_mixin.py:188} INFO - [2024-09-07T16:25:10.000+0000] {dagbag.py:538} INFO - Filling up the DagBag from /home/airflow/.local/lib/python3.8/site-packages/airflow/example_dags/example_setup_teardown.py
[2024-09-07T16:25:10.005+0000] {processor.py:840} INFO - DAG(s) 'example_setup_teardown' retrieved from /home/airflow/.local/lib/python3.8/site-packages/airflow/example_dags/example_setup_teardown.py
[2024-09-07T16:25:10.016+0000] {logging_mixin.py:188} INFO - [2024-09-07T16:25:10.016+0000] {dag.py:3036} INFO - Sync 1 DAGs
[2024-09-07T16:25:10.028+0000] {logging_mixin.py:188} INFO - [2024-09-07T16:25:10.027+0000] {dag.py:3823} INFO - Setting next_dagrun for example_setup_teardown to 2024-09-06 00:00:00+00:00, run_after=2024-09-07 00:00:00+00:00
[2024-09-07T16:25:10.038+0000] {processor.py:183} INFO - Processing /home/airflow/.local/lib/python3.8/site-packages/airflow/example_dags/example_setup_teardown.py took 0.041 seconds
[2024-09-07T16:25:40.662+0000] {processor.py:161} INFO - Started process (PID=13142) to work on /home/airflow/.local/lib/python3.8/site-packages/airflow/example_dags/example_setup_teardown.py
[2024-09-07T16:25:40.663+0000] {processor.py:830} INFO - Processing file /home/airflow/.local/lib/python3.8/site-packages/airflow/example_dags/example_setup_teardown.py for tasks to queue
[2024-09-07T16:25:40.663+0000] {logging_mixin.py:188} INFO - [2024-09-07T16:25:40.663+0000] {dagbag.py:538} INFO - Filling up the DagBag from /home/airflow/.local/lib/python3.8/site-packages/airflow/example_dags/example_setup_teardown.py
[2024-09-07T16:25:40.668+0000] {processor.py:840} INFO - DAG(s) 'example_setup_teardown' retrieved from /home/airflow/.local/lib/python3.8/site-packages/airflow/example_dags/example_setup_teardown.py
[2024-09-07T16:25:40.679+0000] {logging_mixin.py:188} INFO - [2024-09-07T16:25:40.678+0000] {dag.py:3036} INFO - Sync 1 DAGs
[2024-09-07T16:25:40.690+0000] {logging_mixin.py:188} INFO - [2024-09-07T16:25:40.690+0000] {dag.py:3823} INFO - Setting next_dagrun for example_setup_teardown to 2024-09-06 00:00:00+00:00, run_after=2024-09-07 00:00:00+00:00
[2024-09-07T16:25:40.699+0000] {processor.py:183} INFO - Processing /home/airflow/.local/lib/python3.8/site-packages/airflow/example_dags/example_setup_teardown.py took 0.039 seconds
[2024-09-07T16:26:11.486+0000] {processor.py:161} INFO - Started process (PID=13389) to work on /home/airflow/.local/lib/python3.8/site-packages/airflow/example_dags/example_setup_teardown.py
[2024-09-07T16:26:11.487+0000] {processor.py:830} INFO - Processing file /home/airflow/.local/lib/python3.8/site-packages/airflow/example_dags/example_setup_teardown.py for tasks to queue
[2024-09-07T16:26:11.487+0000] {logging_mixin.py:188} INFO - [2024-09-07T16:26:11.487+0000] {dagbag.py:538} INFO - Filling up the DagBag from /home/airflow/.local/lib/python3.8/site-packages/airflow/example_dags/example_setup_teardown.py
[2024-09-07T16:26:11.492+0000] {processor.py:840} INFO - DAG(s) 'example_setup_teardown' retrieved from /home/airflow/.local/lib/python3.8/site-packages/airflow/example_dags/example_setup_teardown.py
[2024-09-07T16:26:11.504+0000] {logging_mixin.py:188} INFO - [2024-09-07T16:26:11.504+0000] {dag.py:3036} INFO - Sync 1 DAGs
[2024-09-07T16:26:11.516+0000] {logging_mixin.py:188} INFO - [2024-09-07T16:26:11.516+0000] {dag.py:3823} INFO - Setting next_dagrun for example_setup_teardown to 2024-09-06 00:00:00+00:00, run_after=2024-09-07 00:00:00+00:00
[2024-09-07T16:26:11.525+0000] {processor.py:183} INFO - Processing /home/airflow/.local/lib/python3.8/site-packages/airflow/example_dags/example_setup_teardown.py took 0.042 seconds
[2024-09-07T16:26:41.659+0000] {processor.py:161} INFO - Started process (PID=13636) to work on /home/airflow/.local/lib/python3.8/site-packages/airflow/example_dags/example_setup_teardown.py
[2024-09-07T16:26:41.660+0000] {processor.py:830} INFO - Processing file /home/airflow/.local/lib/python3.8/site-packages/airflow/example_dags/example_setup_teardown.py for tasks to queue
[2024-09-07T16:26:41.661+0000] {logging_mixin.py:188} INFO - [2024-09-07T16:26:41.661+0000] {dagbag.py:538} INFO - Filling up the DagBag from /home/airflow/.local/lib/python3.8/site-packages/airflow/example_dags/example_setup_teardown.py
[2024-09-07T16:26:41.666+0000] {processor.py:840} INFO - DAG(s) 'example_setup_teardown' retrieved from /home/airflow/.local/lib/python3.8/site-packages/airflow/example_dags/example_setup_teardown.py
[2024-09-07T16:26:41.680+0000] {logging_mixin.py:188} INFO - [2024-09-07T16:26:41.679+0000] {dag.py:3036} INFO - Sync 1 DAGs
[2024-09-07T16:26:41.693+0000] {logging_mixin.py:188} INFO - [2024-09-07T16:26:41.693+0000] {dag.py:3823} INFO - Setting next_dagrun for example_setup_teardown to 2024-09-06 00:00:00+00:00, run_after=2024-09-07 00:00:00+00:00
[2024-09-07T16:26:41.711+0000] {processor.py:183} INFO - Processing /home/airflow/.local/lib/python3.8/site-packages/airflow/example_dags/example_setup_teardown.py took 0.054 seconds
[2024-09-07T16:27:12.534+0000] {processor.py:161} INFO - Started process (PID=13883) to work on /home/airflow/.local/lib/python3.8/site-packages/airflow/example_dags/example_setup_teardown.py
[2024-09-07T16:27:12.535+0000] {processor.py:830} INFO - Processing file /home/airflow/.local/lib/python3.8/site-packages/airflow/example_dags/example_setup_teardown.py for tasks to queue
[2024-09-07T16:27:12.536+0000] {logging_mixin.py:188} INFO - [2024-09-07T16:27:12.536+0000] {dagbag.py:538} INFO - Filling up the DagBag from /home/airflow/.local/lib/python3.8/site-packages/airflow/example_dags/example_setup_teardown.py
[2024-09-07T16:27:12.540+0000] {processor.py:840} INFO - DAG(s) 'example_setup_teardown' retrieved from /home/airflow/.local/lib/python3.8/site-packages/airflow/example_dags/example_setup_teardown.py
[2024-09-07T16:27:12.551+0000] {logging_mixin.py:188} INFO - [2024-09-07T16:27:12.551+0000] {dag.py:3036} INFO - Sync 1 DAGs
[2024-09-07T16:27:12.563+0000] {logging_mixin.py:188} INFO - [2024-09-07T16:27:12.563+0000] {dag.py:3823} INFO - Setting next_dagrun for example_setup_teardown to 2024-09-06 00:00:00+00:00, run_after=2024-09-07 00:00:00+00:00
[2024-09-07T16:27:12.572+0000] {processor.py:183} INFO - Processing /home/airflow/.local/lib/python3.8/site-packages/airflow/example_dags/example_setup_teardown.py took 0.040 seconds
[2024-09-07T16:27:43.241+0000] {processor.py:161} INFO - Started process (PID=14129) to work on /home/airflow/.local/lib/python3.8/site-packages/airflow/example_dags/example_setup_teardown.py
[2024-09-07T16:27:43.242+0000] {processor.py:830} INFO - Processing file /home/airflow/.local/lib/python3.8/site-packages/airflow/example_dags/example_setup_teardown.py for tasks to queue
[2024-09-07T16:27:43.243+0000] {logging_mixin.py:188} INFO - [2024-09-07T16:27:43.243+0000] {dagbag.py:538} INFO - Filling up the DagBag from /home/airflow/.local/lib/python3.8/site-packages/airflow/example_dags/example_setup_teardown.py
[2024-09-07T16:27:43.248+0000] {processor.py:840} INFO - DAG(s) 'example_setup_teardown' retrieved from /home/airflow/.local/lib/python3.8/site-packages/airflow/example_dags/example_setup_teardown.py
[2024-09-07T16:27:43.261+0000] {logging_mixin.py:188} INFO - [2024-09-07T16:27:43.261+0000] {dag.py:3036} INFO - Sync 1 DAGs
[2024-09-07T16:27:43.273+0000] {logging_mixin.py:188} INFO - [2024-09-07T16:27:43.273+0000] {dag.py:3823} INFO - Setting next_dagrun for example_setup_teardown to 2024-09-06 00:00:00+00:00, run_after=2024-09-07 00:00:00+00:00
[2024-09-07T16:27:43.283+0000] {processor.py:183} INFO - Processing /home/airflow/.local/lib/python3.8/site-packages/airflow/example_dags/example_setup_teardown.py took 0.044 seconds
[2024-09-07T16:28:13.946+0000] {processor.py:161} INFO - Started process (PID=14376) to work on /home/airflow/.local/lib/python3.8/site-packages/airflow/example_dags/example_setup_teardown.py
[2024-09-07T16:28:13.947+0000] {processor.py:830} INFO - Processing file /home/airflow/.local/lib/python3.8/site-packages/airflow/example_dags/example_setup_teardown.py for tasks to queue
[2024-09-07T16:28:13.948+0000] {logging_mixin.py:188} INFO - [2024-09-07T16:28:13.948+0000] {dagbag.py:538} INFO - Filling up the DagBag from /home/airflow/.local/lib/python3.8/site-packages/airflow/example_dags/example_setup_teardown.py
[2024-09-07T16:28:13.953+0000] {processor.py:840} INFO - DAG(s) 'example_setup_teardown' retrieved from /home/airflow/.local/lib/python3.8/site-packages/airflow/example_dags/example_setup_teardown.py
[2024-09-07T16:28:13.967+0000] {logging_mixin.py:188} INFO - [2024-09-07T16:28:13.967+0000] {dag.py:3036} INFO - Sync 1 DAGs
[2024-09-07T16:28:13.979+0000] {logging_mixin.py:188} INFO - [2024-09-07T16:28:13.979+0000] {dag.py:3823} INFO - Setting next_dagrun for example_setup_teardown to 2024-09-06 00:00:00+00:00, run_after=2024-09-07 00:00:00+00:00
[2024-09-07T16:28:13.988+0000] {processor.py:183} INFO - Processing /home/airflow/.local/lib/python3.8/site-packages/airflow/example_dags/example_setup_teardown.py took 0.044 seconds
