[2024-09-07T15:59:08.994+0000] {processor.py:161} INFO - Started process (PID=318) to work on /home/airflow/.local/lib/python3.8/site-packages/airflow/example_dags/example_python_operator.py
[2024-09-07T15:59:08.995+0000] {processor.py:830} INFO - Processing file /home/airflow/.local/lib/python3.8/site-packages/airflow/example_dags/example_python_operator.py for tasks to queue
[2024-09-07T15:59:08.996+0000] {logging_mixin.py:188} INFO - [2024-09-07T15:59:08.996+0000] {dagbag.py:538} INFO - Filling up the DagBag from /home/airflow/.local/lib/python3.8/site-packages/airflow/example_dags/example_python_operator.py
[2024-09-07T15:59:09.004+0000] {processor.py:840} INFO - DAG(s) 'example_python_operator' retrieved from /home/airflow/.local/lib/python3.8/site-packages/airflow/example_dags/example_python_operator.py
[2024-09-07T15:59:09.072+0000] {logging_mixin.py:188} INFO - [2024-09-07T15:59:09.072+0000] {dag.py:3036} INFO - Sync 1 DAGs
[2024-09-07T15:59:09.079+0000] {logging_mixin.py:188} INFO - [2024-09-07T15:59:09.079+0000] {dag.py:3823} INFO - Setting next_dagrun for example_python_operator to None, run_after=None
[2024-09-07T15:59:09.094+0000] {processor.py:183} INFO - Processing /home/airflow/.local/lib/python3.8/site-packages/airflow/example_dags/example_python_operator.py took 0.104 seconds
[2024-09-07T15:59:39.251+0000] {processor.py:161} INFO - Started process (PID=563) to work on /home/airflow/.local/lib/python3.8/site-packages/airflow/example_dags/example_python_operator.py
[2024-09-07T15:59:39.252+0000] {processor.py:830} INFO - Processing file /home/airflow/.local/lib/python3.8/site-packages/airflow/example_dags/example_python_operator.py for tasks to queue
[2024-09-07T15:59:39.252+0000] {logging_mixin.py:188} INFO - [2024-09-07T15:59:39.252+0000] {dagbag.py:538} INFO - Filling up the DagBag from /home/airflow/.local/lib/python3.8/site-packages/airflow/example_dags/example_python_operator.py
[2024-09-07T15:59:39.259+0000] {processor.py:840} INFO - DAG(s) 'example_python_operator' retrieved from /home/airflow/.local/lib/python3.8/site-packages/airflow/example_dags/example_python_operator.py
[2024-09-07T15:59:39.271+0000] {logging_mixin.py:188} INFO - [2024-09-07T15:59:39.271+0000] {dag.py:3036} INFO - Sync 1 DAGs
[2024-09-07T15:59:39.278+0000] {logging_mixin.py:188} INFO - [2024-09-07T15:59:39.278+0000] {dag.py:3823} INFO - Setting next_dagrun for example_python_operator to None, run_after=None
[2024-09-07T15:59:39.290+0000] {processor.py:183} INFO - Processing /home/airflow/.local/lib/python3.8/site-packages/airflow/example_dags/example_python_operator.py took 0.041 seconds
[2024-09-07T16:00:10.127+0000] {processor.py:161} INFO - Started process (PID=812) to work on /home/airflow/.local/lib/python3.8/site-packages/airflow/example_dags/example_python_operator.py
[2024-09-07T16:00:10.128+0000] {processor.py:830} INFO - Processing file /home/airflow/.local/lib/python3.8/site-packages/airflow/example_dags/example_python_operator.py for tasks to queue
[2024-09-07T16:00:10.129+0000] {logging_mixin.py:188} INFO - [2024-09-07T16:00:10.128+0000] {dagbag.py:538} INFO - Filling up the DagBag from /home/airflow/.local/lib/python3.8/site-packages/airflow/example_dags/example_python_operator.py
[2024-09-07T16:00:10.139+0000] {processor.py:840} INFO - DAG(s) 'example_python_operator' retrieved from /home/airflow/.local/lib/python3.8/site-packages/airflow/example_dags/example_python_operator.py
[2024-09-07T16:00:10.154+0000] {logging_mixin.py:188} INFO - [2024-09-07T16:00:10.154+0000] {dag.py:3036} INFO - Sync 1 DAGs
[2024-09-07T16:00:10.162+0000] {logging_mixin.py:188} INFO - [2024-09-07T16:00:10.161+0000] {dag.py:3823} INFO - Setting next_dagrun for example_python_operator to None, run_after=None
[2024-09-07T16:00:10.174+0000] {processor.py:183} INFO - Processing /home/airflow/.local/lib/python3.8/site-packages/airflow/example_dags/example_python_operator.py took 0.049 seconds
[2024-09-07T16:00:40.762+0000] {processor.py:161} INFO - Started process (PID=1057) to work on /home/airflow/.local/lib/python3.8/site-packages/airflow/example_dags/example_python_operator.py
[2024-09-07T16:00:40.763+0000] {processor.py:830} INFO - Processing file /home/airflow/.local/lib/python3.8/site-packages/airflow/example_dags/example_python_operator.py for tasks to queue
[2024-09-07T16:00:40.763+0000] {logging_mixin.py:188} INFO - [2024-09-07T16:00:40.763+0000] {dagbag.py:538} INFO - Filling up the DagBag from /home/airflow/.local/lib/python3.8/site-packages/airflow/example_dags/example_python_operator.py
[2024-09-07T16:00:40.769+0000] {processor.py:840} INFO - DAG(s) 'example_python_operator' retrieved from /home/airflow/.local/lib/python3.8/site-packages/airflow/example_dags/example_python_operator.py
[2024-09-07T16:00:40.802+0000] {logging_mixin.py:188} INFO - [2024-09-07T16:00:40.802+0000] {dag.py:3036} INFO - Sync 1 DAGs
[2024-09-07T16:00:40.816+0000] {logging_mixin.py:188} INFO - [2024-09-07T16:00:40.816+0000] {dag.py:3823} INFO - Setting next_dagrun for example_python_operator to None, run_after=None
[2024-09-07T16:00:40.841+0000] {processor.py:183} INFO - Processing /home/airflow/.local/lib/python3.8/site-packages/airflow/example_dags/example_python_operator.py took 0.081 seconds
[2024-09-07T16:01:11.458+0000] {processor.py:161} INFO - Started process (PID=1304) to work on /home/airflow/.local/lib/python3.8/site-packages/airflow/example_dags/example_python_operator.py
[2024-09-07T16:01:11.459+0000] {processor.py:830} INFO - Processing file /home/airflow/.local/lib/python3.8/site-packages/airflow/example_dags/example_python_operator.py for tasks to queue
[2024-09-07T16:01:11.460+0000] {logging_mixin.py:188} INFO - [2024-09-07T16:01:11.460+0000] {dagbag.py:538} INFO - Filling up the DagBag from /home/airflow/.local/lib/python3.8/site-packages/airflow/example_dags/example_python_operator.py
[2024-09-07T16:01:11.467+0000] {processor.py:840} INFO - DAG(s) 'example_python_operator' retrieved from /home/airflow/.local/lib/python3.8/site-packages/airflow/example_dags/example_python_operator.py
[2024-09-07T16:01:11.483+0000] {logging_mixin.py:188} INFO - [2024-09-07T16:01:11.483+0000] {dag.py:3036} INFO - Sync 1 DAGs
[2024-09-07T16:01:11.491+0000] {logging_mixin.py:188} INFO - [2024-09-07T16:01:11.491+0000] {dag.py:3823} INFO - Setting next_dagrun for example_python_operator to None, run_after=None
[2024-09-07T16:01:11.504+0000] {processor.py:183} INFO - Processing /home/airflow/.local/lib/python3.8/site-packages/airflow/example_dags/example_python_operator.py took 0.050 seconds
[2024-09-07T16:01:42.648+0000] {processor.py:161} INFO - Started process (PID=1552) to work on /home/airflow/.local/lib/python3.8/site-packages/airflow/example_dags/example_python_operator.py
[2024-09-07T16:01:42.650+0000] {processor.py:830} INFO - Processing file /home/airflow/.local/lib/python3.8/site-packages/airflow/example_dags/example_python_operator.py for tasks to queue
[2024-09-07T16:01:42.651+0000] {logging_mixin.py:188} INFO - [2024-09-07T16:01:42.650+0000] {dagbag.py:538} INFO - Filling up the DagBag from /home/airflow/.local/lib/python3.8/site-packages/airflow/example_dags/example_python_operator.py
[2024-09-07T16:01:42.657+0000] {processor.py:840} INFO - DAG(s) 'example_python_operator' retrieved from /home/airflow/.local/lib/python3.8/site-packages/airflow/example_dags/example_python_operator.py
[2024-09-07T16:01:42.668+0000] {logging_mixin.py:188} INFO - [2024-09-07T16:01:42.667+0000] {dag.py:3036} INFO - Sync 1 DAGs
[2024-09-07T16:01:42.678+0000] {logging_mixin.py:188} INFO - [2024-09-07T16:01:42.677+0000] {dag.py:3823} INFO - Setting next_dagrun for example_python_operator to None, run_after=None
[2024-09-07T16:01:42.716+0000] {processor.py:183} INFO - Processing /home/airflow/.local/lib/python3.8/site-packages/airflow/example_dags/example_python_operator.py took 0.070 seconds
[2024-09-07T16:02:13.267+0000] {processor.py:161} INFO - Started process (PID=1797) to work on /home/airflow/.local/lib/python3.8/site-packages/airflow/example_dags/example_python_operator.py
[2024-09-07T16:02:13.268+0000] {processor.py:830} INFO - Processing file /home/airflow/.local/lib/python3.8/site-packages/airflow/example_dags/example_python_operator.py for tasks to queue
[2024-09-07T16:02:13.269+0000] {logging_mixin.py:188} INFO - [2024-09-07T16:02:13.269+0000] {dagbag.py:538} INFO - Filling up the DagBag from /home/airflow/.local/lib/python3.8/site-packages/airflow/example_dags/example_python_operator.py
[2024-09-07T16:02:13.278+0000] {processor.py:840} INFO - DAG(s) 'example_python_operator' retrieved from /home/airflow/.local/lib/python3.8/site-packages/airflow/example_dags/example_python_operator.py
[2024-09-07T16:02:13.334+0000] {logging_mixin.py:188} INFO - [2024-09-07T16:02:13.334+0000] {dag.py:3036} INFO - Sync 1 DAGs
[2024-09-07T16:02:13.339+0000] {logging_mixin.py:188} INFO - [2024-09-07T16:02:13.339+0000] {dag.py:3823} INFO - Setting next_dagrun for example_python_operator to None, run_after=None
[2024-09-07T16:02:13.349+0000] {processor.py:183} INFO - Processing /home/airflow/.local/lib/python3.8/site-packages/airflow/example_dags/example_python_operator.py took 0.084 seconds
[2024-09-07T16:02:43.542+0000] {processor.py:161} INFO - Started process (PID=2045) to work on /home/airflow/.local/lib/python3.8/site-packages/airflow/example_dags/example_python_operator.py
[2024-09-07T16:02:43.543+0000] {processor.py:830} INFO - Processing file /home/airflow/.local/lib/python3.8/site-packages/airflow/example_dags/example_python_operator.py for tasks to queue
[2024-09-07T16:02:43.543+0000] {logging_mixin.py:188} INFO - [2024-09-07T16:02:43.543+0000] {dagbag.py:538} INFO - Filling up the DagBag from /home/airflow/.local/lib/python3.8/site-packages/airflow/example_dags/example_python_operator.py
[2024-09-07T16:02:43.550+0000] {processor.py:840} INFO - DAG(s) 'example_python_operator' retrieved from /home/airflow/.local/lib/python3.8/site-packages/airflow/example_dags/example_python_operator.py
[2024-09-07T16:02:43.563+0000] {logging_mixin.py:188} INFO - [2024-09-07T16:02:43.563+0000] {dag.py:3036} INFO - Sync 1 DAGs
[2024-09-07T16:02:43.570+0000] {logging_mixin.py:188} INFO - [2024-09-07T16:02:43.570+0000] {dag.py:3823} INFO - Setting next_dagrun for example_python_operator to None, run_after=None
[2024-09-07T16:02:43.585+0000] {processor.py:183} INFO - Processing /home/airflow/.local/lib/python3.8/site-packages/airflow/example_dags/example_python_operator.py took 0.045 seconds
[2024-09-07T16:03:13.723+0000] {processor.py:161} INFO - Started process (PID=2291) to work on /home/airflow/.local/lib/python3.8/site-packages/airflow/example_dags/example_python_operator.py
[2024-09-07T16:03:13.724+0000] {processor.py:830} INFO - Processing file /home/airflow/.local/lib/python3.8/site-packages/airflow/example_dags/example_python_operator.py for tasks to queue
[2024-09-07T16:03:13.725+0000] {logging_mixin.py:188} INFO - [2024-09-07T16:03:13.725+0000] {dagbag.py:538} INFO - Filling up the DagBag from /home/airflow/.local/lib/python3.8/site-packages/airflow/example_dags/example_python_operator.py
[2024-09-07T16:03:13.732+0000] {processor.py:840} INFO - DAG(s) 'example_python_operator' retrieved from /home/airflow/.local/lib/python3.8/site-packages/airflow/example_dags/example_python_operator.py
[2024-09-07T16:03:13.748+0000] {logging_mixin.py:188} INFO - [2024-09-07T16:03:13.748+0000] {dag.py:3036} INFO - Sync 1 DAGs
[2024-09-07T16:03:13.755+0000] {logging_mixin.py:188} INFO - [2024-09-07T16:03:13.755+0000] {dag.py:3823} INFO - Setting next_dagrun for example_python_operator to None, run_after=None
[2024-09-07T16:03:13.768+0000] {processor.py:183} INFO - Processing /home/airflow/.local/lib/python3.8/site-packages/airflow/example_dags/example_python_operator.py took 0.047 seconds
[2024-09-07T16:03:44.800+0000] {processor.py:161} INFO - Started process (PID=2539) to work on /home/airflow/.local/lib/python3.8/site-packages/airflow/example_dags/example_python_operator.py
[2024-09-07T16:03:44.801+0000] {processor.py:830} INFO - Processing file /home/airflow/.local/lib/python3.8/site-packages/airflow/example_dags/example_python_operator.py for tasks to queue
[2024-09-07T16:03:44.803+0000] {logging_mixin.py:188} INFO - [2024-09-07T16:03:44.803+0000] {dagbag.py:538} INFO - Filling up the DagBag from /home/airflow/.local/lib/python3.8/site-packages/airflow/example_dags/example_python_operator.py
[2024-09-07T16:03:44.811+0000] {processor.py:840} INFO - DAG(s) 'example_python_operator' retrieved from /home/airflow/.local/lib/python3.8/site-packages/airflow/example_dags/example_python_operator.py
[2024-09-07T16:03:44.831+0000] {logging_mixin.py:188} INFO - [2024-09-07T16:03:44.831+0000] {dag.py:3036} INFO - Sync 1 DAGs
[2024-09-07T16:03:44.845+0000] {logging_mixin.py:188} INFO - [2024-09-07T16:03:44.845+0000] {dag.py:3823} INFO - Setting next_dagrun for example_python_operator to None, run_after=None
[2024-09-07T16:03:44.870+0000] {processor.py:183} INFO - Processing /home/airflow/.local/lib/python3.8/site-packages/airflow/example_dags/example_python_operator.py took 0.072 seconds
[2024-09-07T16:04:15.696+0000] {processor.py:161} INFO - Started process (PID=2784) to work on /home/airflow/.local/lib/python3.8/site-packages/airflow/example_dags/example_python_operator.py
[2024-09-07T16:04:15.697+0000] {processor.py:830} INFO - Processing file /home/airflow/.local/lib/python3.8/site-packages/airflow/example_dags/example_python_operator.py for tasks to queue
[2024-09-07T16:04:15.697+0000] {logging_mixin.py:188} INFO - [2024-09-07T16:04:15.697+0000] {dagbag.py:538} INFO - Filling up the DagBag from /home/airflow/.local/lib/python3.8/site-packages/airflow/example_dags/example_python_operator.py
[2024-09-07T16:04:15.703+0000] {processor.py:840} INFO - DAG(s) 'example_python_operator' retrieved from /home/airflow/.local/lib/python3.8/site-packages/airflow/example_dags/example_python_operator.py
[2024-09-07T16:04:15.710+0000] {logging_mixin.py:188} INFO - [2024-09-07T16:04:15.710+0000] {dag.py:3036} INFO - Sync 1 DAGs
[2024-09-07T16:04:15.717+0000] {logging_mixin.py:188} INFO - [2024-09-07T16:04:15.717+0000] {dag.py:3823} INFO - Setting next_dagrun for example_python_operator to None, run_after=None
[2024-09-07T16:04:15.727+0000] {processor.py:183} INFO - Processing /home/airflow/.local/lib/python3.8/site-packages/airflow/example_dags/example_python_operator.py took 0.033 seconds
[2024-09-07T16:04:45.916+0000] {processor.py:161} INFO - Started process (PID=3033) to work on /home/airflow/.local/lib/python3.8/site-packages/airflow/example_dags/example_python_operator.py
[2024-09-07T16:04:45.916+0000] {processor.py:830} INFO - Processing file /home/airflow/.local/lib/python3.8/site-packages/airflow/example_dags/example_python_operator.py for tasks to queue
[2024-09-07T16:04:45.917+0000] {logging_mixin.py:188} INFO - [2024-09-07T16:04:45.917+0000] {dagbag.py:538} INFO - Filling up the DagBag from /home/airflow/.local/lib/python3.8/site-packages/airflow/example_dags/example_python_operator.py
[2024-09-07T16:04:45.924+0000] {processor.py:840} INFO - DAG(s) 'example_python_operator' retrieved from /home/airflow/.local/lib/python3.8/site-packages/airflow/example_dags/example_python_operator.py
[2024-09-07T16:04:45.983+0000] {logging_mixin.py:188} INFO - [2024-09-07T16:04:45.983+0000] {dag.py:3036} INFO - Sync 1 DAGs
[2024-09-07T16:04:45.990+0000] {logging_mixin.py:188} INFO - [2024-09-07T16:04:45.990+0000] {dag.py:3823} INFO - Setting next_dagrun for example_python_operator to None, run_after=None
[2024-09-07T16:04:46.005+0000] {processor.py:183} INFO - Processing /home/airflow/.local/lib/python3.8/site-packages/airflow/example_dags/example_python_operator.py took 0.091 seconds
[2024-09-07T16:05:16.249+0000] {processor.py:161} INFO - Started process (PID=3278) to work on /home/airflow/.local/lib/python3.8/site-packages/airflow/example_dags/example_python_operator.py
[2024-09-07T16:05:16.250+0000] {processor.py:830} INFO - Processing file /home/airflow/.local/lib/python3.8/site-packages/airflow/example_dags/example_python_operator.py for tasks to queue
[2024-09-07T16:05:16.251+0000] {logging_mixin.py:188} INFO - [2024-09-07T16:05:16.251+0000] {dagbag.py:538} INFO - Filling up the DagBag from /home/airflow/.local/lib/python3.8/site-packages/airflow/example_dags/example_python_operator.py
[2024-09-07T16:05:16.257+0000] {processor.py:840} INFO - DAG(s) 'example_python_operator' retrieved from /home/airflow/.local/lib/python3.8/site-packages/airflow/example_dags/example_python_operator.py
[2024-09-07T16:05:16.270+0000] {logging_mixin.py:188} INFO - [2024-09-07T16:05:16.270+0000] {dag.py:3036} INFO - Sync 1 DAGs
[2024-09-07T16:05:16.278+0000] {logging_mixin.py:188} INFO - [2024-09-07T16:05:16.277+0000] {dag.py:3823} INFO - Setting next_dagrun for example_python_operator to None, run_after=None
[2024-09-07T16:05:16.290+0000] {processor.py:183} INFO - Processing /home/airflow/.local/lib/python3.8/site-packages/airflow/example_dags/example_python_operator.py took 0.043 seconds
[2024-09-07T16:05:46.554+0000] {processor.py:161} INFO - Started process (PID=3525) to work on /home/airflow/.local/lib/python3.8/site-packages/airflow/example_dags/example_python_operator.py
[2024-09-07T16:05:46.555+0000] {processor.py:830} INFO - Processing file /home/airflow/.local/lib/python3.8/site-packages/airflow/example_dags/example_python_operator.py for tasks to queue
[2024-09-07T16:05:46.556+0000] {logging_mixin.py:188} INFO - [2024-09-07T16:05:46.555+0000] {dagbag.py:538} INFO - Filling up the DagBag from /home/airflow/.local/lib/python3.8/site-packages/airflow/example_dags/example_python_operator.py
[2024-09-07T16:05:46.563+0000] {processor.py:840} INFO - DAG(s) 'example_python_operator' retrieved from /home/airflow/.local/lib/python3.8/site-packages/airflow/example_dags/example_python_operator.py
[2024-09-07T16:05:46.580+0000] {logging_mixin.py:188} INFO - [2024-09-07T16:05:46.580+0000] {dag.py:3036} INFO - Sync 1 DAGs
[2024-09-07T16:05:46.589+0000] {logging_mixin.py:188} INFO - [2024-09-07T16:05:46.588+0000] {dag.py:3823} INFO - Setting next_dagrun for example_python_operator to None, run_after=None
[2024-09-07T16:05:46.606+0000] {processor.py:183} INFO - Processing /home/airflow/.local/lib/python3.8/site-packages/airflow/example_dags/example_python_operator.py took 0.054 seconds
[2024-09-07T16:06:17.524+0000] {processor.py:161} INFO - Started process (PID=3772) to work on /home/airflow/.local/lib/python3.8/site-packages/airflow/example_dags/example_python_operator.py
[2024-09-07T16:06:17.525+0000] {processor.py:830} INFO - Processing file /home/airflow/.local/lib/python3.8/site-packages/airflow/example_dags/example_python_operator.py for tasks to queue
[2024-09-07T16:06:17.525+0000] {logging_mixin.py:188} INFO - [2024-09-07T16:06:17.525+0000] {dagbag.py:538} INFO - Filling up the DagBag from /home/airflow/.local/lib/python3.8/site-packages/airflow/example_dags/example_python_operator.py
[2024-09-07T16:06:17.533+0000] {processor.py:840} INFO - DAG(s) 'example_python_operator' retrieved from /home/airflow/.local/lib/python3.8/site-packages/airflow/example_dags/example_python_operator.py
[2024-09-07T16:06:17.549+0000] {logging_mixin.py:188} INFO - [2024-09-07T16:06:17.549+0000] {dag.py:3036} INFO - Sync 1 DAGs
[2024-09-07T16:06:17.555+0000] {logging_mixin.py:188} INFO - [2024-09-07T16:06:17.555+0000] {dag.py:3823} INFO - Setting next_dagrun for example_python_operator to None, run_after=None
[2024-09-07T16:06:17.565+0000] {processor.py:183} INFO - Processing /home/airflow/.local/lib/python3.8/site-packages/airflow/example_dags/example_python_operator.py took 0.044 seconds
[2024-09-07T16:06:47.893+0000] {processor.py:161} INFO - Started process (PID=4021) to work on /home/airflow/.local/lib/python3.8/site-packages/airflow/example_dags/example_python_operator.py
[2024-09-07T16:06:47.894+0000] {processor.py:830} INFO - Processing file /home/airflow/.local/lib/python3.8/site-packages/airflow/example_dags/example_python_operator.py for tasks to queue
[2024-09-07T16:06:47.895+0000] {logging_mixin.py:188} INFO - [2024-09-07T16:06:47.895+0000] {dagbag.py:538} INFO - Filling up the DagBag from /home/airflow/.local/lib/python3.8/site-packages/airflow/example_dags/example_python_operator.py
[2024-09-07T16:06:47.902+0000] {processor.py:840} INFO - DAG(s) 'example_python_operator' retrieved from /home/airflow/.local/lib/python3.8/site-packages/airflow/example_dags/example_python_operator.py
[2024-09-07T16:06:47.915+0000] {logging_mixin.py:188} INFO - [2024-09-07T16:06:47.915+0000] {dag.py:3036} INFO - Sync 1 DAGs
[2024-09-07T16:06:47.921+0000] {logging_mixin.py:188} INFO - [2024-09-07T16:06:47.921+0000] {dag.py:3823} INFO - Setting next_dagrun for example_python_operator to None, run_after=None
[2024-09-07T16:06:47.931+0000] {processor.py:183} INFO - Processing /home/airflow/.local/lib/python3.8/site-packages/airflow/example_dags/example_python_operator.py took 0.039 seconds
[2024-09-07T16:07:18.832+0000] {processor.py:161} INFO - Started process (PID=4266) to work on /home/airflow/.local/lib/python3.8/site-packages/airflow/example_dags/example_python_operator.py
[2024-09-07T16:07:18.833+0000] {processor.py:830} INFO - Processing file /home/airflow/.local/lib/python3.8/site-packages/airflow/example_dags/example_python_operator.py for tasks to queue
[2024-09-07T16:07:18.834+0000] {logging_mixin.py:188} INFO - [2024-09-07T16:07:18.833+0000] {dagbag.py:538} INFO - Filling up the DagBag from /home/airflow/.local/lib/python3.8/site-packages/airflow/example_dags/example_python_operator.py
[2024-09-07T16:07:18.840+0000] {processor.py:840} INFO - DAG(s) 'example_python_operator' retrieved from /home/airflow/.local/lib/python3.8/site-packages/airflow/example_dags/example_python_operator.py
[2024-09-07T16:07:18.853+0000] {logging_mixin.py:188} INFO - [2024-09-07T16:07:18.853+0000] {dag.py:3036} INFO - Sync 1 DAGs
[2024-09-07T16:07:18.860+0000] {logging_mixin.py:188} INFO - [2024-09-07T16:07:18.860+0000] {dag.py:3823} INFO - Setting next_dagrun for example_python_operator to None, run_after=None
[2024-09-07T16:07:18.870+0000] {processor.py:183} INFO - Processing /home/airflow/.local/lib/python3.8/site-packages/airflow/example_dags/example_python_operator.py took 0.040 seconds
[2024-09-07T16:07:49.543+0000] {processor.py:161} INFO - Started process (PID=4515) to work on /home/airflow/.local/lib/python3.8/site-packages/airflow/example_dags/example_python_operator.py
[2024-09-07T16:07:49.544+0000] {processor.py:830} INFO - Processing file /home/airflow/.local/lib/python3.8/site-packages/airflow/example_dags/example_python_operator.py for tasks to queue
[2024-09-07T16:07:49.546+0000] {logging_mixin.py:188} INFO - [2024-09-07T16:07:49.545+0000] {dagbag.py:538} INFO - Filling up the DagBag from /home/airflow/.local/lib/python3.8/site-packages/airflow/example_dags/example_python_operator.py
[2024-09-07T16:07:49.554+0000] {processor.py:840} INFO - DAG(s) 'example_python_operator' retrieved from /home/airflow/.local/lib/python3.8/site-packages/airflow/example_dags/example_python_operator.py
[2024-09-07T16:07:49.571+0000] {logging_mixin.py:188} INFO - [2024-09-07T16:07:49.571+0000] {dag.py:3036} INFO - Sync 1 DAGs
[2024-09-07T16:07:49.579+0000] {logging_mixin.py:188} INFO - [2024-09-07T16:07:49.579+0000] {dag.py:3823} INFO - Setting next_dagrun for example_python_operator to None, run_after=None
[2024-09-07T16:07:49.590+0000] {processor.py:183} INFO - Processing /home/airflow/.local/lib/python3.8/site-packages/airflow/example_dags/example_python_operator.py took 0.049 seconds
[2024-09-07T16:08:20.245+0000] {processor.py:161} INFO - Started process (PID=4760) to work on /home/airflow/.local/lib/python3.8/site-packages/airflow/example_dags/example_python_operator.py
[2024-09-07T16:08:20.246+0000] {processor.py:830} INFO - Processing file /home/airflow/.local/lib/python3.8/site-packages/airflow/example_dags/example_python_operator.py for tasks to queue
[2024-09-07T16:08:20.247+0000] {logging_mixin.py:188} INFO - [2024-09-07T16:08:20.247+0000] {dagbag.py:538} INFO - Filling up the DagBag from /home/airflow/.local/lib/python3.8/site-packages/airflow/example_dags/example_python_operator.py
[2024-09-07T16:08:20.253+0000] {processor.py:840} INFO - DAG(s) 'example_python_operator' retrieved from /home/airflow/.local/lib/python3.8/site-packages/airflow/example_dags/example_python_operator.py
[2024-09-07T16:08:20.268+0000] {logging_mixin.py:188} INFO - [2024-09-07T16:08:20.267+0000] {dag.py:3036} INFO - Sync 1 DAGs
[2024-09-07T16:08:20.275+0000] {logging_mixin.py:188} INFO - [2024-09-07T16:08:20.275+0000] {dag.py:3823} INFO - Setting next_dagrun for example_python_operator to None, run_after=None
[2024-09-07T16:08:20.287+0000] {processor.py:183} INFO - Processing /home/airflow/.local/lib/python3.8/site-packages/airflow/example_dags/example_python_operator.py took 0.044 seconds
[2024-09-07T16:08:50.913+0000] {processor.py:161} INFO - Started process (PID=5009) to work on /home/airflow/.local/lib/python3.8/site-packages/airflow/example_dags/example_python_operator.py
[2024-09-07T16:08:50.914+0000] {processor.py:830} INFO - Processing file /home/airflow/.local/lib/python3.8/site-packages/airflow/example_dags/example_python_operator.py for tasks to queue
[2024-09-07T16:08:50.915+0000] {logging_mixin.py:188} INFO - [2024-09-07T16:08:50.914+0000] {dagbag.py:538} INFO - Filling up the DagBag from /home/airflow/.local/lib/python3.8/site-packages/airflow/example_dags/example_python_operator.py
[2024-09-07T16:08:50.922+0000] {processor.py:840} INFO - DAG(s) 'example_python_operator' retrieved from /home/airflow/.local/lib/python3.8/site-packages/airflow/example_dags/example_python_operator.py
[2024-09-07T16:08:50.937+0000] {logging_mixin.py:188} INFO - [2024-09-07T16:08:50.937+0000] {dag.py:3036} INFO - Sync 1 DAGs
[2024-09-07T16:08:50.945+0000] {logging_mixin.py:188} INFO - [2024-09-07T16:08:50.945+0000] {dag.py:3823} INFO - Setting next_dagrun for example_python_operator to None, run_after=None
[2024-09-07T16:08:50.955+0000] {processor.py:183} INFO - Processing /home/airflow/.local/lib/python3.8/site-packages/airflow/example_dags/example_python_operator.py took 0.045 seconds
[2024-09-07T16:09:21.729+0000] {processor.py:161} INFO - Started process (PID=5254) to work on /home/airflow/.local/lib/python3.8/site-packages/airflow/example_dags/example_python_operator.py
[2024-09-07T16:09:21.730+0000] {processor.py:830} INFO - Processing file /home/airflow/.local/lib/python3.8/site-packages/airflow/example_dags/example_python_operator.py for tasks to queue
[2024-09-07T16:09:21.730+0000] {logging_mixin.py:188} INFO - [2024-09-07T16:09:21.730+0000] {dagbag.py:538} INFO - Filling up the DagBag from /home/airflow/.local/lib/python3.8/site-packages/airflow/example_dags/example_python_operator.py
[2024-09-07T16:09:21.737+0000] {processor.py:840} INFO - DAG(s) 'example_python_operator' retrieved from /home/airflow/.local/lib/python3.8/site-packages/airflow/example_dags/example_python_operator.py
[2024-09-07T16:09:21.750+0000] {logging_mixin.py:188} INFO - [2024-09-07T16:09:21.750+0000] {dag.py:3036} INFO - Sync 1 DAGs
[2024-09-07T16:09:21.756+0000] {logging_mixin.py:188} INFO - [2024-09-07T16:09:21.756+0000] {dag.py:3823} INFO - Setting next_dagrun for example_python_operator to None, run_after=None
[2024-09-07T16:09:21.766+0000] {processor.py:183} INFO - Processing /home/airflow/.local/lib/python3.8/site-packages/airflow/example_dags/example_python_operator.py took 0.039 seconds
[2024-09-07T16:09:52.377+0000] {processor.py:161} INFO - Started process (PID=5503) to work on /home/airflow/.local/lib/python3.8/site-packages/airflow/example_dags/example_python_operator.py
[2024-09-07T16:09:52.379+0000] {processor.py:830} INFO - Processing file /home/airflow/.local/lib/python3.8/site-packages/airflow/example_dags/example_python_operator.py for tasks to queue
[2024-09-07T16:09:52.379+0000] {logging_mixin.py:188} INFO - [2024-09-07T16:09:52.379+0000] {dagbag.py:538} INFO - Filling up the DagBag from /home/airflow/.local/lib/python3.8/site-packages/airflow/example_dags/example_python_operator.py
[2024-09-07T16:09:52.386+0000] {processor.py:840} INFO - DAG(s) 'example_python_operator' retrieved from /home/airflow/.local/lib/python3.8/site-packages/airflow/example_dags/example_python_operator.py
[2024-09-07T16:09:52.401+0000] {logging_mixin.py:188} INFO - [2024-09-07T16:09:52.401+0000] {dag.py:3036} INFO - Sync 1 DAGs
[2024-09-07T16:09:52.408+0000] {logging_mixin.py:188} INFO - [2024-09-07T16:09:52.408+0000] {dag.py:3823} INFO - Setting next_dagrun for example_python_operator to None, run_after=None
[2024-09-07T16:09:52.420+0000] {processor.py:183} INFO - Processing /home/airflow/.local/lib/python3.8/site-packages/airflow/example_dags/example_python_operator.py took 0.045 seconds
[2024-09-07T16:10:22.899+0000] {processor.py:161} INFO - Started process (PID=5750) to work on /home/airflow/.local/lib/python3.8/site-packages/airflow/example_dags/example_python_operator.py
[2024-09-07T16:10:22.900+0000] {processor.py:830} INFO - Processing file /home/airflow/.local/lib/python3.8/site-packages/airflow/example_dags/example_python_operator.py for tasks to queue
[2024-09-07T16:10:22.900+0000] {logging_mixin.py:188} INFO - [2024-09-07T16:10:22.900+0000] {dagbag.py:538} INFO - Filling up the DagBag from /home/airflow/.local/lib/python3.8/site-packages/airflow/example_dags/example_python_operator.py
[2024-09-07T16:10:22.907+0000] {processor.py:840} INFO - DAG(s) 'example_python_operator' retrieved from /home/airflow/.local/lib/python3.8/site-packages/airflow/example_dags/example_python_operator.py
[2024-09-07T16:10:22.919+0000] {logging_mixin.py:188} INFO - [2024-09-07T16:10:22.919+0000] {dag.py:3036} INFO - Sync 1 DAGs
[2024-09-07T16:10:22.925+0000] {logging_mixin.py:188} INFO - [2024-09-07T16:10:22.925+0000] {dag.py:3823} INFO - Setting next_dagrun for example_python_operator to None, run_after=None
[2024-09-07T16:10:22.933+0000] {processor.py:183} INFO - Processing /home/airflow/.local/lib/python3.8/site-packages/airflow/example_dags/example_python_operator.py took 0.036 seconds
[2024-09-07T16:10:53.509+0000] {processor.py:161} INFO - Started process (PID=5997) to work on /home/airflow/.local/lib/python3.8/site-packages/airflow/example_dags/example_python_operator.py
[2024-09-07T16:10:53.511+0000] {processor.py:830} INFO - Processing file /home/airflow/.local/lib/python3.8/site-packages/airflow/example_dags/example_python_operator.py for tasks to queue
[2024-09-07T16:10:53.512+0000] {logging_mixin.py:188} INFO - [2024-09-07T16:10:53.511+0000] {dagbag.py:538} INFO - Filling up the DagBag from /home/airflow/.local/lib/python3.8/site-packages/airflow/example_dags/example_python_operator.py
[2024-09-07T16:10:53.519+0000] {processor.py:840} INFO - DAG(s) 'example_python_operator' retrieved from /home/airflow/.local/lib/python3.8/site-packages/airflow/example_dags/example_python_operator.py
[2024-09-07T16:10:53.534+0000] {logging_mixin.py:188} INFO - [2024-09-07T16:10:53.533+0000] {dag.py:3036} INFO - Sync 1 DAGs
[2024-09-07T16:10:53.541+0000] {logging_mixin.py:188} INFO - [2024-09-07T16:10:53.541+0000] {dag.py:3823} INFO - Setting next_dagrun for example_python_operator to None, run_after=None
[2024-09-07T16:10:53.552+0000] {processor.py:183} INFO - Processing /home/airflow/.local/lib/python3.8/site-packages/airflow/example_dags/example_python_operator.py took 0.045 seconds
[2024-09-07T16:11:24.091+0000] {processor.py:161} INFO - Started process (PID=6242) to work on /home/airflow/.local/lib/python3.8/site-packages/airflow/example_dags/example_python_operator.py
[2024-09-07T16:11:24.091+0000] {processor.py:830} INFO - Processing file /home/airflow/.local/lib/python3.8/site-packages/airflow/example_dags/example_python_operator.py for tasks to queue
[2024-09-07T16:11:24.092+0000] {logging_mixin.py:188} INFO - [2024-09-07T16:11:24.092+0000] {dagbag.py:538} INFO - Filling up the DagBag from /home/airflow/.local/lib/python3.8/site-packages/airflow/example_dags/example_python_operator.py
[2024-09-07T16:11:24.100+0000] {processor.py:840} INFO - DAG(s) 'example_python_operator' retrieved from /home/airflow/.local/lib/python3.8/site-packages/airflow/example_dags/example_python_operator.py
[2024-09-07T16:11:24.116+0000] {logging_mixin.py:188} INFO - [2024-09-07T16:11:24.116+0000] {dag.py:3036} INFO - Sync 1 DAGs
[2024-09-07T16:11:24.124+0000] {logging_mixin.py:188} INFO - [2024-09-07T16:11:24.124+0000] {dag.py:3823} INFO - Setting next_dagrun for example_python_operator to None, run_after=None
[2024-09-07T16:11:24.136+0000] {processor.py:183} INFO - Processing /home/airflow/.local/lib/python3.8/site-packages/airflow/example_dags/example_python_operator.py took 0.048 seconds
[2024-09-07T16:11:54.706+0000] {processor.py:161} INFO - Started process (PID=6489) to work on /home/airflow/.local/lib/python3.8/site-packages/airflow/example_dags/example_python_operator.py
[2024-09-07T16:11:54.707+0000] {processor.py:830} INFO - Processing file /home/airflow/.local/lib/python3.8/site-packages/airflow/example_dags/example_python_operator.py for tasks to queue
[2024-09-07T16:11:54.707+0000] {logging_mixin.py:188} INFO - [2024-09-07T16:11:54.707+0000] {dagbag.py:538} INFO - Filling up the DagBag from /home/airflow/.local/lib/python3.8/site-packages/airflow/example_dags/example_python_operator.py
[2024-09-07T16:11:54.714+0000] {processor.py:840} INFO - DAG(s) 'example_python_operator' retrieved from /home/airflow/.local/lib/python3.8/site-packages/airflow/example_dags/example_python_operator.py
[2024-09-07T16:11:54.726+0000] {logging_mixin.py:188} INFO - [2024-09-07T16:11:54.726+0000] {dag.py:3036} INFO - Sync 1 DAGs
[2024-09-07T16:11:54.734+0000] {logging_mixin.py:188} INFO - [2024-09-07T16:11:54.734+0000] {dag.py:3823} INFO - Setting next_dagrun for example_python_operator to None, run_after=None
[2024-09-07T16:11:54.747+0000] {processor.py:183} INFO - Processing /home/airflow/.local/lib/python3.8/site-packages/airflow/example_dags/example_python_operator.py took 0.043 seconds
[2024-09-07T16:12:25.334+0000] {processor.py:161} INFO - Started process (PID=6736) to work on /home/airflow/.local/lib/python3.8/site-packages/airflow/example_dags/example_python_operator.py
[2024-09-07T16:12:25.335+0000] {processor.py:830} INFO - Processing file /home/airflow/.local/lib/python3.8/site-packages/airflow/example_dags/example_python_operator.py for tasks to queue
[2024-09-07T16:12:25.336+0000] {logging_mixin.py:188} INFO - [2024-09-07T16:12:25.335+0000] {dagbag.py:538} INFO - Filling up the DagBag from /home/airflow/.local/lib/python3.8/site-packages/airflow/example_dags/example_python_operator.py
[2024-09-07T16:12:25.343+0000] {processor.py:840} INFO - DAG(s) 'example_python_operator' retrieved from /home/airflow/.local/lib/python3.8/site-packages/airflow/example_dags/example_python_operator.py
[2024-09-07T16:12:25.358+0000] {logging_mixin.py:188} INFO - [2024-09-07T16:12:25.358+0000] {dag.py:3036} INFO - Sync 1 DAGs
[2024-09-07T16:12:25.366+0000] {logging_mixin.py:188} INFO - [2024-09-07T16:12:25.366+0000] {dag.py:3823} INFO - Setting next_dagrun for example_python_operator to None, run_after=None
[2024-09-07T16:12:25.378+0000] {processor.py:183} INFO - Processing /home/airflow/.local/lib/python3.8/site-packages/airflow/example_dags/example_python_operator.py took 0.046 seconds
[2024-09-07T16:12:55.902+0000] {processor.py:161} INFO - Started process (PID=6983) to work on /home/airflow/.local/lib/python3.8/site-packages/airflow/example_dags/example_python_operator.py
[2024-09-07T16:12:55.902+0000] {processor.py:830} INFO - Processing file /home/airflow/.local/lib/python3.8/site-packages/airflow/example_dags/example_python_operator.py for tasks to queue
[2024-09-07T16:12:55.903+0000] {logging_mixin.py:188} INFO - [2024-09-07T16:12:55.903+0000] {dagbag.py:538} INFO - Filling up the DagBag from /home/airflow/.local/lib/python3.8/site-packages/airflow/example_dags/example_python_operator.py
[2024-09-07T16:12:55.910+0000] {processor.py:840} INFO - DAG(s) 'example_python_operator' retrieved from /home/airflow/.local/lib/python3.8/site-packages/airflow/example_dags/example_python_operator.py
[2024-09-07T16:12:55.927+0000] {logging_mixin.py:188} INFO - [2024-09-07T16:12:55.926+0000] {dag.py:3036} INFO - Sync 1 DAGs
[2024-09-07T16:12:55.934+0000] {logging_mixin.py:188} INFO - [2024-09-07T16:12:55.934+0000] {dag.py:3823} INFO - Setting next_dagrun for example_python_operator to None, run_after=None
[2024-09-07T16:12:55.945+0000] {processor.py:183} INFO - Processing /home/airflow/.local/lib/python3.8/site-packages/airflow/example_dags/example_python_operator.py took 0.046 seconds
[2024-09-07T16:13:26.498+0000] {processor.py:161} INFO - Started process (PID=7228) to work on /home/airflow/.local/lib/python3.8/site-packages/airflow/example_dags/example_python_operator.py
[2024-09-07T16:13:26.499+0000] {processor.py:830} INFO - Processing file /home/airflow/.local/lib/python3.8/site-packages/airflow/example_dags/example_python_operator.py for tasks to queue
[2024-09-07T16:13:26.500+0000] {logging_mixin.py:188} INFO - [2024-09-07T16:13:26.499+0000] {dagbag.py:538} INFO - Filling up the DagBag from /home/airflow/.local/lib/python3.8/site-packages/airflow/example_dags/example_python_operator.py
[2024-09-07T16:13:26.506+0000] {processor.py:840} INFO - DAG(s) 'example_python_operator' retrieved from /home/airflow/.local/lib/python3.8/site-packages/airflow/example_dags/example_python_operator.py
[2024-09-07T16:13:26.518+0000] {logging_mixin.py:188} INFO - [2024-09-07T16:13:26.518+0000] {dag.py:3036} INFO - Sync 1 DAGs
[2024-09-07T16:13:26.524+0000] {logging_mixin.py:188} INFO - [2024-09-07T16:13:26.524+0000] {dag.py:3823} INFO - Setting next_dagrun for example_python_operator to None, run_after=None
[2024-09-07T16:13:26.533+0000] {processor.py:183} INFO - Processing /home/airflow/.local/lib/python3.8/site-packages/airflow/example_dags/example_python_operator.py took 0.037 seconds
[2024-09-07T16:13:57.096+0000] {processor.py:161} INFO - Started process (PID=7479) to work on /home/airflow/.local/lib/python3.8/site-packages/airflow/example_dags/example_python_operator.py
[2024-09-07T16:13:57.096+0000] {processor.py:830} INFO - Processing file /home/airflow/.local/lib/python3.8/site-packages/airflow/example_dags/example_python_operator.py for tasks to queue
[2024-09-07T16:13:57.097+0000] {logging_mixin.py:188} INFO - [2024-09-07T16:13:57.097+0000] {dagbag.py:538} INFO - Filling up the DagBag from /home/airflow/.local/lib/python3.8/site-packages/airflow/example_dags/example_python_operator.py
[2024-09-07T16:13:57.103+0000] {processor.py:840} INFO - DAG(s) 'example_python_operator' retrieved from /home/airflow/.local/lib/python3.8/site-packages/airflow/example_dags/example_python_operator.py
[2024-09-07T16:13:57.117+0000] {logging_mixin.py:188} INFO - [2024-09-07T16:13:57.117+0000] {dag.py:3036} INFO - Sync 1 DAGs
[2024-09-07T16:13:57.125+0000] {logging_mixin.py:188} INFO - [2024-09-07T16:13:57.124+0000] {dag.py:3823} INFO - Setting next_dagrun for example_python_operator to None, run_after=None
[2024-09-07T16:13:57.135+0000] {processor.py:183} INFO - Processing /home/airflow/.local/lib/python3.8/site-packages/airflow/example_dags/example_python_operator.py took 0.042 seconds
[2024-09-07T16:14:27.305+0000] {processor.py:161} INFO - Started process (PID=7724) to work on /home/airflow/.local/lib/python3.8/site-packages/airflow/example_dags/example_python_operator.py
[2024-09-07T16:14:27.305+0000] {processor.py:830} INFO - Processing file /home/airflow/.local/lib/python3.8/site-packages/airflow/example_dags/example_python_operator.py for tasks to queue
[2024-09-07T16:14:27.306+0000] {logging_mixin.py:188} INFO - [2024-09-07T16:14:27.306+0000] {dagbag.py:538} INFO - Filling up the DagBag from /home/airflow/.local/lib/python3.8/site-packages/airflow/example_dags/example_python_operator.py
[2024-09-07T16:14:27.313+0000] {processor.py:840} INFO - DAG(s) 'example_python_operator' retrieved from /home/airflow/.local/lib/python3.8/site-packages/airflow/example_dags/example_python_operator.py
[2024-09-07T16:14:27.329+0000] {logging_mixin.py:188} INFO - [2024-09-07T16:14:27.329+0000] {dag.py:3036} INFO - Sync 1 DAGs
[2024-09-07T16:14:27.337+0000] {logging_mixin.py:188} INFO - [2024-09-07T16:14:27.337+0000] {dag.py:3823} INFO - Setting next_dagrun for example_python_operator to None, run_after=None
[2024-09-07T16:14:27.351+0000] {processor.py:183} INFO - Processing /home/airflow/.local/lib/python3.8/site-packages/airflow/example_dags/example_python_operator.py took 0.049 seconds
[2024-09-07T16:14:57.901+0000] {processor.py:161} INFO - Started process (PID=7971) to work on /home/airflow/.local/lib/python3.8/site-packages/airflow/example_dags/example_python_operator.py
[2024-09-07T16:14:57.902+0000] {processor.py:830} INFO - Processing file /home/airflow/.local/lib/python3.8/site-packages/airflow/example_dags/example_python_operator.py for tasks to queue
[2024-09-07T16:14:57.903+0000] {logging_mixin.py:188} INFO - [2024-09-07T16:14:57.902+0000] {dagbag.py:538} INFO - Filling up the DagBag from /home/airflow/.local/lib/python3.8/site-packages/airflow/example_dags/example_python_operator.py
[2024-09-07T16:14:57.909+0000] {processor.py:840} INFO - DAG(s) 'example_python_operator' retrieved from /home/airflow/.local/lib/python3.8/site-packages/airflow/example_dags/example_python_operator.py
[2024-09-07T16:14:57.922+0000] {logging_mixin.py:188} INFO - [2024-09-07T16:14:57.922+0000] {dag.py:3036} INFO - Sync 1 DAGs
[2024-09-07T16:14:57.928+0000] {logging_mixin.py:188} INFO - [2024-09-07T16:14:57.928+0000] {dag.py:3823} INFO - Setting next_dagrun for example_python_operator to None, run_after=None
[2024-09-07T16:14:57.939+0000] {processor.py:183} INFO - Processing /home/airflow/.local/lib/python3.8/site-packages/airflow/example_dags/example_python_operator.py took 0.040 seconds
[2024-09-07T16:15:28.544+0000] {processor.py:161} INFO - Started process (PID=8219) to work on /home/airflow/.local/lib/python3.8/site-packages/airflow/example_dags/example_python_operator.py
[2024-09-07T16:15:28.545+0000] {processor.py:830} INFO - Processing file /home/airflow/.local/lib/python3.8/site-packages/airflow/example_dags/example_python_operator.py for tasks to queue
[2024-09-07T16:15:28.546+0000] {logging_mixin.py:188} INFO - [2024-09-07T16:15:28.546+0000] {dagbag.py:538} INFO - Filling up the DagBag from /home/airflow/.local/lib/python3.8/site-packages/airflow/example_dags/example_python_operator.py
[2024-09-07T16:15:28.553+0000] {processor.py:840} INFO - DAG(s) 'example_python_operator' retrieved from /home/airflow/.local/lib/python3.8/site-packages/airflow/example_dags/example_python_operator.py
[2024-09-07T16:15:28.566+0000] {logging_mixin.py:188} INFO - [2024-09-07T16:15:28.566+0000] {dag.py:3036} INFO - Sync 1 DAGs
[2024-09-07T16:15:28.573+0000] {logging_mixin.py:188} INFO - [2024-09-07T16:15:28.573+0000] {dag.py:3823} INFO - Setting next_dagrun for example_python_operator to None, run_after=None
[2024-09-07T16:15:28.582+0000] {processor.py:183} INFO - Processing /home/airflow/.local/lib/python3.8/site-packages/airflow/example_dags/example_python_operator.py took 0.042 seconds
[2024-09-07T16:15:59.225+0000] {processor.py:161} INFO - Started process (PID=8466) to work on /home/airflow/.local/lib/python3.8/site-packages/airflow/example_dags/example_python_operator.py
[2024-09-07T16:15:59.226+0000] {processor.py:830} INFO - Processing file /home/airflow/.local/lib/python3.8/site-packages/airflow/example_dags/example_python_operator.py for tasks to queue
[2024-09-07T16:15:59.227+0000] {logging_mixin.py:188} INFO - [2024-09-07T16:15:59.227+0000] {dagbag.py:538} INFO - Filling up the DagBag from /home/airflow/.local/lib/python3.8/site-packages/airflow/example_dags/example_python_operator.py
[2024-09-07T16:15:59.234+0000] {processor.py:840} INFO - DAG(s) 'example_python_operator' retrieved from /home/airflow/.local/lib/python3.8/site-packages/airflow/example_dags/example_python_operator.py
[2024-09-07T16:15:59.249+0000] {logging_mixin.py:188} INFO - [2024-09-07T16:15:59.249+0000] {dag.py:3036} INFO - Sync 1 DAGs
[2024-09-07T16:15:59.258+0000] {logging_mixin.py:188} INFO - [2024-09-07T16:15:59.258+0000] {dag.py:3823} INFO - Setting next_dagrun for example_python_operator to None, run_after=None
[2024-09-07T16:15:59.269+0000] {processor.py:183} INFO - Processing /home/airflow/.local/lib/python3.8/site-packages/airflow/example_dags/example_python_operator.py took 0.047 seconds
[2024-09-07T16:16:29.768+0000] {processor.py:161} INFO - Started process (PID=8711) to work on /home/airflow/.local/lib/python3.8/site-packages/airflow/example_dags/example_python_operator.py
[2024-09-07T16:16:29.768+0000] {processor.py:830} INFO - Processing file /home/airflow/.local/lib/python3.8/site-packages/airflow/example_dags/example_python_operator.py for tasks to queue
[2024-09-07T16:16:29.769+0000] {logging_mixin.py:188} INFO - [2024-09-07T16:16:29.769+0000] {dagbag.py:538} INFO - Filling up the DagBag from /home/airflow/.local/lib/python3.8/site-packages/airflow/example_dags/example_python_operator.py
[2024-09-07T16:16:29.776+0000] {processor.py:840} INFO - DAG(s) 'example_python_operator' retrieved from /home/airflow/.local/lib/python3.8/site-packages/airflow/example_dags/example_python_operator.py
[2024-09-07T16:16:29.791+0000] {logging_mixin.py:188} INFO - [2024-09-07T16:16:29.791+0000] {dag.py:3036} INFO - Sync 1 DAGs
[2024-09-07T16:16:29.799+0000] {logging_mixin.py:188} INFO - [2024-09-07T16:16:29.799+0000] {dag.py:3823} INFO - Setting next_dagrun for example_python_operator to None, run_after=None
[2024-09-07T16:16:29.810+0000] {processor.py:183} INFO - Processing /home/airflow/.local/lib/python3.8/site-packages/airflow/example_dags/example_python_operator.py took 0.044 seconds
[2024-09-07T16:16:59.947+0000] {processor.py:161} INFO - Started process (PID=8958) to work on /home/airflow/.local/lib/python3.8/site-packages/airflow/example_dags/example_python_operator.py
[2024-09-07T16:16:59.948+0000] {processor.py:830} INFO - Processing file /home/airflow/.local/lib/python3.8/site-packages/airflow/example_dags/example_python_operator.py for tasks to queue
[2024-09-07T16:16:59.949+0000] {logging_mixin.py:188} INFO - [2024-09-07T16:16:59.949+0000] {dagbag.py:538} INFO - Filling up the DagBag from /home/airflow/.local/lib/python3.8/site-packages/airflow/example_dags/example_python_operator.py
[2024-09-07T16:16:59.956+0000] {processor.py:840} INFO - DAG(s) 'example_python_operator' retrieved from /home/airflow/.local/lib/python3.8/site-packages/airflow/example_dags/example_python_operator.py
[2024-09-07T16:16:59.971+0000] {logging_mixin.py:188} INFO - [2024-09-07T16:16:59.971+0000] {dag.py:3036} INFO - Sync 1 DAGs
[2024-09-07T16:16:59.979+0000] {logging_mixin.py:188} INFO - [2024-09-07T16:16:59.979+0000] {dag.py:3823} INFO - Setting next_dagrun for example_python_operator to None, run_after=None
[2024-09-07T16:16:59.991+0000] {processor.py:183} INFO - Processing /home/airflow/.local/lib/python3.8/site-packages/airflow/example_dags/example_python_operator.py took 0.046 seconds
[2024-09-07T16:17:30.798+0000] {processor.py:161} INFO - Started process (PID=9211) to work on /home/airflow/.local/lib/python3.8/site-packages/airflow/example_dags/example_python_operator.py
[2024-09-07T16:17:30.799+0000] {processor.py:830} INFO - Processing file /home/airflow/.local/lib/python3.8/site-packages/airflow/example_dags/example_python_operator.py for tasks to queue
[2024-09-07T16:17:30.799+0000] {logging_mixin.py:188} INFO - [2024-09-07T16:17:30.799+0000] {dagbag.py:538} INFO - Filling up the DagBag from /home/airflow/.local/lib/python3.8/site-packages/airflow/example_dags/example_python_operator.py
[2024-09-07T16:17:30.806+0000] {processor.py:840} INFO - DAG(s) 'example_python_operator' retrieved from /home/airflow/.local/lib/python3.8/site-packages/airflow/example_dags/example_python_operator.py
[2024-09-07T16:17:30.820+0000] {logging_mixin.py:188} INFO - [2024-09-07T16:17:30.820+0000] {dag.py:3036} INFO - Sync 1 DAGs
[2024-09-07T16:17:30.827+0000] {logging_mixin.py:188} INFO - [2024-09-07T16:17:30.827+0000] {dag.py:3823} INFO - Setting next_dagrun for example_python_operator to None, run_after=None
[2024-09-07T16:17:30.838+0000] {processor.py:183} INFO - Processing /home/airflow/.local/lib/python3.8/site-packages/airflow/example_dags/example_python_operator.py took 0.043 seconds
[2024-09-07T16:18:01.482+0000] {processor.py:161} INFO - Started process (PID=9458) to work on /home/airflow/.local/lib/python3.8/site-packages/airflow/example_dags/example_python_operator.py
[2024-09-07T16:18:01.483+0000] {processor.py:830} INFO - Processing file /home/airflow/.local/lib/python3.8/site-packages/airflow/example_dags/example_python_operator.py for tasks to queue
[2024-09-07T16:18:01.483+0000] {logging_mixin.py:188} INFO - [2024-09-07T16:18:01.483+0000] {dagbag.py:538} INFO - Filling up the DagBag from /home/airflow/.local/lib/python3.8/site-packages/airflow/example_dags/example_python_operator.py
[2024-09-07T16:18:01.490+0000] {processor.py:840} INFO - DAG(s) 'example_python_operator' retrieved from /home/airflow/.local/lib/python3.8/site-packages/airflow/example_dags/example_python_operator.py
[2024-09-07T16:18:01.507+0000] {logging_mixin.py:188} INFO - [2024-09-07T16:18:01.506+0000] {dag.py:3036} INFO - Sync 1 DAGs
[2024-09-07T16:18:01.513+0000] {logging_mixin.py:188} INFO - [2024-09-07T16:18:01.513+0000] {dag.py:3823} INFO - Setting next_dagrun for example_python_operator to None, run_after=None
[2024-09-07T16:18:01.522+0000] {processor.py:183} INFO - Processing /home/airflow/.local/lib/python3.8/site-packages/airflow/example_dags/example_python_operator.py took 0.043 seconds
[2024-09-07T16:18:32.507+0000] {processor.py:161} INFO - Started process (PID=9707) to work on /home/airflow/.local/lib/python3.8/site-packages/airflow/example_dags/example_python_operator.py
[2024-09-07T16:18:32.508+0000] {processor.py:830} INFO - Processing file /home/airflow/.local/lib/python3.8/site-packages/airflow/example_dags/example_python_operator.py for tasks to queue
[2024-09-07T16:18:32.509+0000] {logging_mixin.py:188} INFO - [2024-09-07T16:18:32.509+0000] {dagbag.py:538} INFO - Filling up the DagBag from /home/airflow/.local/lib/python3.8/site-packages/airflow/example_dags/example_python_operator.py
[2024-09-07T16:18:32.515+0000] {processor.py:840} INFO - DAG(s) 'example_python_operator' retrieved from /home/airflow/.local/lib/python3.8/site-packages/airflow/example_dags/example_python_operator.py
[2024-09-07T16:18:32.530+0000] {logging_mixin.py:188} INFO - [2024-09-07T16:18:32.530+0000] {dag.py:3036} INFO - Sync 1 DAGs
[2024-09-07T16:18:32.537+0000] {logging_mixin.py:188} INFO - [2024-09-07T16:18:32.537+0000] {dag.py:3823} INFO - Setting next_dagrun for example_python_operator to None, run_after=None
[2024-09-07T16:18:32.548+0000] {processor.py:183} INFO - Processing /home/airflow/.local/lib/python3.8/site-packages/airflow/example_dags/example_python_operator.py took 0.043 seconds
[2024-09-07T16:19:03.420+0000] {processor.py:161} INFO - Started process (PID=9952) to work on /home/airflow/.local/lib/python3.8/site-packages/airflow/example_dags/example_python_operator.py
[2024-09-07T16:19:03.421+0000] {processor.py:830} INFO - Processing file /home/airflow/.local/lib/python3.8/site-packages/airflow/example_dags/example_python_operator.py for tasks to queue
[2024-09-07T16:19:03.421+0000] {logging_mixin.py:188} INFO - [2024-09-07T16:19:03.421+0000] {dagbag.py:538} INFO - Filling up the DagBag from /home/airflow/.local/lib/python3.8/site-packages/airflow/example_dags/example_python_operator.py
[2024-09-07T16:19:03.427+0000] {processor.py:840} INFO - DAG(s) 'example_python_operator' retrieved from /home/airflow/.local/lib/python3.8/site-packages/airflow/example_dags/example_python_operator.py
[2024-09-07T16:19:03.440+0000] {logging_mixin.py:188} INFO - [2024-09-07T16:19:03.440+0000] {dag.py:3036} INFO - Sync 1 DAGs
[2024-09-07T16:19:03.447+0000] {logging_mixin.py:188} INFO - [2024-09-07T16:19:03.447+0000] {dag.py:3823} INFO - Setting next_dagrun for example_python_operator to None, run_after=None
[2024-09-07T16:19:03.458+0000] {processor.py:183} INFO - Processing /home/airflow/.local/lib/python3.8/site-packages/airflow/example_dags/example_python_operator.py took 0.040 seconds
[2024-09-07T16:19:34.525+0000] {processor.py:161} INFO - Started process (PID=10201) to work on /home/airflow/.local/lib/python3.8/site-packages/airflow/example_dags/example_python_operator.py
[2024-09-07T16:19:34.525+0000] {processor.py:830} INFO - Processing file /home/airflow/.local/lib/python3.8/site-packages/airflow/example_dags/example_python_operator.py for tasks to queue
[2024-09-07T16:19:34.526+0000] {logging_mixin.py:188} INFO - [2024-09-07T16:19:34.526+0000] {dagbag.py:538} INFO - Filling up the DagBag from /home/airflow/.local/lib/python3.8/site-packages/airflow/example_dags/example_python_operator.py
[2024-09-07T16:19:34.533+0000] {processor.py:840} INFO - DAG(s) 'example_python_operator' retrieved from /home/airflow/.local/lib/python3.8/site-packages/airflow/example_dags/example_python_operator.py
[2024-09-07T16:19:34.550+0000] {logging_mixin.py:188} INFO - [2024-09-07T16:19:34.549+0000] {dag.py:3036} INFO - Sync 1 DAGs
[2024-09-07T16:19:34.559+0000] {logging_mixin.py:188} INFO - [2024-09-07T16:19:34.559+0000] {dag.py:3823} INFO - Setting next_dagrun for example_python_operator to None, run_after=None
[2024-09-07T16:19:34.600+0000] {processor.py:183} INFO - Processing /home/airflow/.local/lib/python3.8/site-packages/airflow/example_dags/example_python_operator.py took 0.078 seconds
[2024-09-07T16:20:04.734+0000] {processor.py:161} INFO - Started process (PID=10446) to work on /home/airflow/.local/lib/python3.8/site-packages/airflow/example_dags/example_python_operator.py
[2024-09-07T16:20:04.735+0000] {processor.py:830} INFO - Processing file /home/airflow/.local/lib/python3.8/site-packages/airflow/example_dags/example_python_operator.py for tasks to queue
[2024-09-07T16:20:04.736+0000] {logging_mixin.py:188} INFO - [2024-09-07T16:20:04.735+0000] {dagbag.py:538} INFO - Filling up the DagBag from /home/airflow/.local/lib/python3.8/site-packages/airflow/example_dags/example_python_operator.py
[2024-09-07T16:20:04.742+0000] {processor.py:840} INFO - DAG(s) 'example_python_operator' retrieved from /home/airflow/.local/lib/python3.8/site-packages/airflow/example_dags/example_python_operator.py
[2024-09-07T16:20:04.755+0000] {logging_mixin.py:188} INFO - [2024-09-07T16:20:04.755+0000] {dag.py:3036} INFO - Sync 1 DAGs
[2024-09-07T16:20:04.762+0000] {logging_mixin.py:188} INFO - [2024-09-07T16:20:04.762+0000] {dag.py:3823} INFO - Setting next_dagrun for example_python_operator to None, run_after=None
[2024-09-07T16:20:04.772+0000] {processor.py:183} INFO - Processing /home/airflow/.local/lib/python3.8/site-packages/airflow/example_dags/example_python_operator.py took 0.040 seconds
[2024-09-07T16:20:35.295+0000] {processor.py:161} INFO - Started process (PID=10693) to work on /home/airflow/.local/lib/python3.8/site-packages/airflow/example_dags/example_python_operator.py
[2024-09-07T16:20:35.295+0000] {processor.py:830} INFO - Processing file /home/airflow/.local/lib/python3.8/site-packages/airflow/example_dags/example_python_operator.py for tasks to queue
[2024-09-07T16:20:35.296+0000] {logging_mixin.py:188} INFO - [2024-09-07T16:20:35.296+0000] {dagbag.py:538} INFO - Filling up the DagBag from /home/airflow/.local/lib/python3.8/site-packages/airflow/example_dags/example_python_operator.py
[2024-09-07T16:20:35.303+0000] {processor.py:840} INFO - DAG(s) 'example_python_operator' retrieved from /home/airflow/.local/lib/python3.8/site-packages/airflow/example_dags/example_python_operator.py
[2024-09-07T16:20:35.318+0000] {logging_mixin.py:188} INFO - [2024-09-07T16:20:35.318+0000] {dag.py:3036} INFO - Sync 1 DAGs
[2024-09-07T16:20:35.325+0000] {logging_mixin.py:188} INFO - [2024-09-07T16:20:35.325+0000] {dag.py:3823} INFO - Setting next_dagrun for example_python_operator to None, run_after=None
[2024-09-07T16:20:35.337+0000] {processor.py:183} INFO - Processing /home/airflow/.local/lib/python3.8/site-packages/airflow/example_dags/example_python_operator.py took 0.045 seconds
[2024-09-07T16:21:05.918+0000] {processor.py:161} INFO - Started process (PID=10941) to work on /home/airflow/.local/lib/python3.8/site-packages/airflow/example_dags/example_python_operator.py
[2024-09-07T16:21:05.919+0000] {processor.py:830} INFO - Processing file /home/airflow/.local/lib/python3.8/site-packages/airflow/example_dags/example_python_operator.py for tasks to queue
[2024-09-07T16:21:05.920+0000] {logging_mixin.py:188} INFO - [2024-09-07T16:21:05.920+0000] {dagbag.py:538} INFO - Filling up the DagBag from /home/airflow/.local/lib/python3.8/site-packages/airflow/example_dags/example_python_operator.py
[2024-09-07T16:21:05.926+0000] {processor.py:840} INFO - DAG(s) 'example_python_operator' retrieved from /home/airflow/.local/lib/python3.8/site-packages/airflow/example_dags/example_python_operator.py
[2024-09-07T16:21:05.938+0000] {logging_mixin.py:188} INFO - [2024-09-07T16:21:05.938+0000] {dag.py:3036} INFO - Sync 1 DAGs
[2024-09-07T16:21:05.944+0000] {logging_mixin.py:188} INFO - [2024-09-07T16:21:05.944+0000] {dag.py:3823} INFO - Setting next_dagrun for example_python_operator to None, run_after=None
[2024-09-07T16:21:05.953+0000] {processor.py:183} INFO - Processing /home/airflow/.local/lib/python3.8/site-packages/airflow/example_dags/example_python_operator.py took 0.037 seconds
[2024-09-07T16:21:36.741+0000] {processor.py:161} INFO - Started process (PID=11188) to work on /home/airflow/.local/lib/python3.8/site-packages/airflow/example_dags/example_python_operator.py
[2024-09-07T16:21:36.742+0000] {processor.py:830} INFO - Processing file /home/airflow/.local/lib/python3.8/site-packages/airflow/example_dags/example_python_operator.py for tasks to queue
[2024-09-07T16:21:36.743+0000] {logging_mixin.py:188} INFO - [2024-09-07T16:21:36.743+0000] {dagbag.py:538} INFO - Filling up the DagBag from /home/airflow/.local/lib/python3.8/site-packages/airflow/example_dags/example_python_operator.py
[2024-09-07T16:21:36.750+0000] {processor.py:840} INFO - DAG(s) 'example_python_operator' retrieved from /home/airflow/.local/lib/python3.8/site-packages/airflow/example_dags/example_python_operator.py
[2024-09-07T16:21:36.763+0000] {logging_mixin.py:188} INFO - [2024-09-07T16:21:36.763+0000] {dag.py:3036} INFO - Sync 1 DAGs
[2024-09-07T16:21:36.770+0000] {logging_mixin.py:188} INFO - [2024-09-07T16:21:36.770+0000] {dag.py:3823} INFO - Setting next_dagrun for example_python_operator to None, run_after=None
[2024-09-07T16:21:36.781+0000] {processor.py:183} INFO - Processing /home/airflow/.local/lib/python3.8/site-packages/airflow/example_dags/example_python_operator.py took 0.042 seconds
[2024-09-07T16:22:06.986+0000] {processor.py:161} INFO - Started process (PID=11433) to work on /home/airflow/.local/lib/python3.8/site-packages/airflow/example_dags/example_python_operator.py
[2024-09-07T16:22:06.988+0000] {processor.py:830} INFO - Processing file /home/airflow/.local/lib/python3.8/site-packages/airflow/example_dags/example_python_operator.py for tasks to queue
[2024-09-07T16:22:06.988+0000] {logging_mixin.py:188} INFO - [2024-09-07T16:22:06.988+0000] {dagbag.py:538} INFO - Filling up the DagBag from /home/airflow/.local/lib/python3.8/site-packages/airflow/example_dags/example_python_operator.py
[2024-09-07T16:22:06.997+0000] {processor.py:840} INFO - DAG(s) 'example_python_operator' retrieved from /home/airflow/.local/lib/python3.8/site-packages/airflow/example_dags/example_python_operator.py
[2024-09-07T16:22:07.010+0000] {logging_mixin.py:188} INFO - [2024-09-07T16:22:07.010+0000] {dag.py:3036} INFO - Sync 1 DAGs
[2024-09-07T16:22:07.017+0000] {logging_mixin.py:188} INFO - [2024-09-07T16:22:07.017+0000] {dag.py:3823} INFO - Setting next_dagrun for example_python_operator to None, run_after=None
[2024-09-07T16:22:07.027+0000] {processor.py:183} INFO - Processing /home/airflow/.local/lib/python3.8/site-packages/airflow/example_dags/example_python_operator.py took 0.046 seconds
[2024-09-07T16:22:37.362+0000] {processor.py:161} INFO - Started process (PID=11682) to work on /home/airflow/.local/lib/python3.8/site-packages/airflow/example_dags/example_python_operator.py
[2024-09-07T16:22:37.363+0000] {processor.py:830} INFO - Processing file /home/airflow/.local/lib/python3.8/site-packages/airflow/example_dags/example_python_operator.py for tasks to queue
[2024-09-07T16:22:37.364+0000] {logging_mixin.py:188} INFO - [2024-09-07T16:22:37.364+0000] {dagbag.py:538} INFO - Filling up the DagBag from /home/airflow/.local/lib/python3.8/site-packages/airflow/example_dags/example_python_operator.py
[2024-09-07T16:22:37.370+0000] {processor.py:840} INFO - DAG(s) 'example_python_operator' retrieved from /home/airflow/.local/lib/python3.8/site-packages/airflow/example_dags/example_python_operator.py
[2024-09-07T16:22:37.383+0000] {logging_mixin.py:188} INFO - [2024-09-07T16:22:37.383+0000] {dag.py:3036} INFO - Sync 1 DAGs
[2024-09-07T16:22:37.390+0000] {logging_mixin.py:188} INFO - [2024-09-07T16:22:37.390+0000] {dag.py:3823} INFO - Setting next_dagrun for example_python_operator to None, run_after=None
[2024-09-07T16:22:37.400+0000] {processor.py:183} INFO - Processing /home/airflow/.local/lib/python3.8/site-packages/airflow/example_dags/example_python_operator.py took 0.039 seconds
[2024-09-07T16:23:08.088+0000] {processor.py:161} INFO - Started process (PID=11927) to work on /home/airflow/.local/lib/python3.8/site-packages/airflow/example_dags/example_python_operator.py
[2024-09-07T16:23:08.089+0000] {processor.py:830} INFO - Processing file /home/airflow/.local/lib/python3.8/site-packages/airflow/example_dags/example_python_operator.py for tasks to queue
[2024-09-07T16:23:08.090+0000] {logging_mixin.py:188} INFO - [2024-09-07T16:23:08.089+0000] {dagbag.py:538} INFO - Filling up the DagBag from /home/airflow/.local/lib/python3.8/site-packages/airflow/example_dags/example_python_operator.py
[2024-09-07T16:23:08.096+0000] {processor.py:840} INFO - DAG(s) 'example_python_operator' retrieved from /home/airflow/.local/lib/python3.8/site-packages/airflow/example_dags/example_python_operator.py
[2024-09-07T16:23:08.116+0000] {logging_mixin.py:188} INFO - [2024-09-07T16:23:08.116+0000] {dag.py:3036} INFO - Sync 1 DAGs
[2024-09-07T16:23:08.154+0000] {logging_mixin.py:188} INFO - [2024-09-07T16:23:08.154+0000] {dag.py:3823} INFO - Setting next_dagrun for example_python_operator to None, run_after=None
[2024-09-07T16:23:08.182+0000] {processor.py:183} INFO - Processing /home/airflow/.local/lib/python3.8/site-packages/airflow/example_dags/example_python_operator.py took 0.096 seconds
[2024-09-07T16:23:38.715+0000] {processor.py:161} INFO - Started process (PID=12174) to work on /home/airflow/.local/lib/python3.8/site-packages/airflow/example_dags/example_python_operator.py
[2024-09-07T16:23:38.716+0000] {processor.py:830} INFO - Processing file /home/airflow/.local/lib/python3.8/site-packages/airflow/example_dags/example_python_operator.py for tasks to queue
[2024-09-07T16:23:38.717+0000] {logging_mixin.py:188} INFO - [2024-09-07T16:23:38.717+0000] {dagbag.py:538} INFO - Filling up the DagBag from /home/airflow/.local/lib/python3.8/site-packages/airflow/example_dags/example_python_operator.py
[2024-09-07T16:23:38.723+0000] {processor.py:840} INFO - DAG(s) 'example_python_operator' retrieved from /home/airflow/.local/lib/python3.8/site-packages/airflow/example_dags/example_python_operator.py
[2024-09-07T16:23:38.736+0000] {logging_mixin.py:188} INFO - [2024-09-07T16:23:38.736+0000] {dag.py:3036} INFO - Sync 1 DAGs
[2024-09-07T16:23:38.743+0000] {logging_mixin.py:188} INFO - [2024-09-07T16:23:38.743+0000] {dag.py:3823} INFO - Setting next_dagrun for example_python_operator to None, run_after=None
[2024-09-07T16:23:38.753+0000] {processor.py:183} INFO - Processing /home/airflow/.local/lib/python3.8/site-packages/airflow/example_dags/example_python_operator.py took 0.040 seconds
[2024-09-07T16:24:09.564+0000] {processor.py:161} INFO - Started process (PID=12421) to work on /home/airflow/.local/lib/python3.8/site-packages/airflow/example_dags/example_python_operator.py
[2024-09-07T16:24:09.565+0000] {processor.py:830} INFO - Processing file /home/airflow/.local/lib/python3.8/site-packages/airflow/example_dags/example_python_operator.py for tasks to queue
[2024-09-07T16:24:09.566+0000] {logging_mixin.py:188} INFO - [2024-09-07T16:24:09.566+0000] {dagbag.py:538} INFO - Filling up the DagBag from /home/airflow/.local/lib/python3.8/site-packages/airflow/example_dags/example_python_operator.py
[2024-09-07T16:24:09.577+0000] {processor.py:840} INFO - DAG(s) 'example_python_operator' retrieved from /home/airflow/.local/lib/python3.8/site-packages/airflow/example_dags/example_python_operator.py
[2024-09-07T16:24:09.601+0000] {logging_mixin.py:188} INFO - [2024-09-07T16:24:09.601+0000] {dag.py:3036} INFO - Sync 1 DAGs
[2024-09-07T16:24:09.614+0000] {logging_mixin.py:188} INFO - [2024-09-07T16:24:09.614+0000] {dag.py:3823} INFO - Setting next_dagrun for example_python_operator to None, run_after=None
[2024-09-07T16:24:09.632+0000] {processor.py:183} INFO - Processing /home/airflow/.local/lib/python3.8/site-packages/airflow/example_dags/example_python_operator.py took 0.070 seconds
[2024-09-07T16:24:40.514+0000] {processor.py:161} INFO - Started process (PID=12668) to work on /home/airflow/.local/lib/python3.8/site-packages/airflow/example_dags/example_python_operator.py
[2024-09-07T16:24:40.516+0000] {processor.py:830} INFO - Processing file /home/airflow/.local/lib/python3.8/site-packages/airflow/example_dags/example_python_operator.py for tasks to queue
[2024-09-07T16:24:40.516+0000] {logging_mixin.py:188} INFO - [2024-09-07T16:24:40.516+0000] {dagbag.py:538} INFO - Filling up the DagBag from /home/airflow/.local/lib/python3.8/site-packages/airflow/example_dags/example_python_operator.py
[2024-09-07T16:24:40.524+0000] {processor.py:840} INFO - DAG(s) 'example_python_operator' retrieved from /home/airflow/.local/lib/python3.8/site-packages/airflow/example_dags/example_python_operator.py
[2024-09-07T16:24:40.538+0000] {logging_mixin.py:188} INFO - [2024-09-07T16:24:40.538+0000] {dag.py:3036} INFO - Sync 1 DAGs
[2024-09-07T16:24:40.546+0000] {logging_mixin.py:188} INFO - [2024-09-07T16:24:40.546+0000] {dag.py:3823} INFO - Setting next_dagrun for example_python_operator to None, run_after=None
[2024-09-07T16:24:40.557+0000] {processor.py:183} INFO - Processing /home/airflow/.local/lib/python3.8/site-packages/airflow/example_dags/example_python_operator.py took 0.045 seconds
[2024-09-07T16:25:11.112+0000] {processor.py:161} INFO - Started process (PID=12915) to work on /home/airflow/.local/lib/python3.8/site-packages/airflow/example_dags/example_python_operator.py
[2024-09-07T16:25:11.113+0000] {processor.py:830} INFO - Processing file /home/airflow/.local/lib/python3.8/site-packages/airflow/example_dags/example_python_operator.py for tasks to queue
[2024-09-07T16:25:11.113+0000] {logging_mixin.py:188} INFO - [2024-09-07T16:25:11.113+0000] {dagbag.py:538} INFO - Filling up the DagBag from /home/airflow/.local/lib/python3.8/site-packages/airflow/example_dags/example_python_operator.py
[2024-09-07T16:25:11.120+0000] {processor.py:840} INFO - DAG(s) 'example_python_operator' retrieved from /home/airflow/.local/lib/python3.8/site-packages/airflow/example_dags/example_python_operator.py
[2024-09-07T16:25:11.135+0000] {logging_mixin.py:188} INFO - [2024-09-07T16:25:11.135+0000] {dag.py:3036} INFO - Sync 1 DAGs
[2024-09-07T16:25:11.142+0000] {logging_mixin.py:188} INFO - [2024-09-07T16:25:11.142+0000] {dag.py:3823} INFO - Setting next_dagrun for example_python_operator to None, run_after=None
[2024-09-07T16:25:11.152+0000] {processor.py:183} INFO - Processing /home/airflow/.local/lib/python3.8/site-packages/airflow/example_dags/example_python_operator.py took 0.043 seconds
[2024-09-07T16:25:41.781+0000] {processor.py:161} INFO - Started process (PID=13162) to work on /home/airflow/.local/lib/python3.8/site-packages/airflow/example_dags/example_python_operator.py
[2024-09-07T16:25:41.782+0000] {processor.py:830} INFO - Processing file /home/airflow/.local/lib/python3.8/site-packages/airflow/example_dags/example_python_operator.py for tasks to queue
[2024-09-07T16:25:41.784+0000] {logging_mixin.py:188} INFO - [2024-09-07T16:25:41.783+0000] {dagbag.py:538} INFO - Filling up the DagBag from /home/airflow/.local/lib/python3.8/site-packages/airflow/example_dags/example_python_operator.py
[2024-09-07T16:25:41.792+0000] {processor.py:840} INFO - DAG(s) 'example_python_operator' retrieved from /home/airflow/.local/lib/python3.8/site-packages/airflow/example_dags/example_python_operator.py
[2024-09-07T16:25:41.809+0000] {logging_mixin.py:188} INFO - [2024-09-07T16:25:41.809+0000] {dag.py:3036} INFO - Sync 1 DAGs
[2024-09-07T16:25:41.816+0000] {logging_mixin.py:188} INFO - [2024-09-07T16:25:41.815+0000] {dag.py:3823} INFO - Setting next_dagrun for example_python_operator to None, run_after=None
[2024-09-07T16:25:41.825+0000] {processor.py:183} INFO - Processing /home/airflow/.local/lib/python3.8/site-packages/airflow/example_dags/example_python_operator.py took 0.047 seconds
[2024-09-07T16:26:12.600+0000] {processor.py:161} INFO - Started process (PID=13409) to work on /home/airflow/.local/lib/python3.8/site-packages/airflow/example_dags/example_python_operator.py
[2024-09-07T16:26:12.601+0000] {processor.py:830} INFO - Processing file /home/airflow/.local/lib/python3.8/site-packages/airflow/example_dags/example_python_operator.py for tasks to queue
[2024-09-07T16:26:12.602+0000] {logging_mixin.py:188} INFO - [2024-09-07T16:26:12.602+0000] {dagbag.py:538} INFO - Filling up the DagBag from /home/airflow/.local/lib/python3.8/site-packages/airflow/example_dags/example_python_operator.py
[2024-09-07T16:26:12.611+0000] {processor.py:840} INFO - DAG(s) 'example_python_operator' retrieved from /home/airflow/.local/lib/python3.8/site-packages/airflow/example_dags/example_python_operator.py
[2024-09-07T16:26:12.629+0000] {logging_mixin.py:188} INFO - [2024-09-07T16:26:12.628+0000] {dag.py:3036} INFO - Sync 1 DAGs
[2024-09-07T16:26:12.639+0000] {logging_mixin.py:188} INFO - [2024-09-07T16:26:12.639+0000] {dag.py:3823} INFO - Setting next_dagrun for example_python_operator to None, run_after=None
[2024-09-07T16:26:12.652+0000] {processor.py:183} INFO - Processing /home/airflow/.local/lib/python3.8/site-packages/airflow/example_dags/example_python_operator.py took 0.055 seconds
[2024-09-07T16:26:42.747+0000] {processor.py:161} INFO - Started process (PID=13651) to work on /home/airflow/.local/lib/python3.8/site-packages/airflow/example_dags/example_python_operator.py
[2024-09-07T16:26:42.748+0000] {processor.py:830} INFO - Processing file /home/airflow/.local/lib/python3.8/site-packages/airflow/example_dags/example_python_operator.py for tasks to queue
[2024-09-07T16:26:42.749+0000] {logging_mixin.py:188} INFO - [2024-09-07T16:26:42.749+0000] {dagbag.py:538} INFO - Filling up the DagBag from /home/airflow/.local/lib/python3.8/site-packages/airflow/example_dags/example_python_operator.py
[2024-09-07T16:26:42.756+0000] {processor.py:840} INFO - DAG(s) 'example_python_operator' retrieved from /home/airflow/.local/lib/python3.8/site-packages/airflow/example_dags/example_python_operator.py
[2024-09-07T16:26:42.770+0000] {logging_mixin.py:188} INFO - [2024-09-07T16:26:42.770+0000] {dag.py:3036} INFO - Sync 1 DAGs
[2024-09-07T16:26:42.778+0000] {logging_mixin.py:188} INFO - [2024-09-07T16:26:42.777+0000] {dag.py:3823} INFO - Setting next_dagrun for example_python_operator to None, run_after=None
[2024-09-07T16:26:42.789+0000] {processor.py:183} INFO - Processing /home/airflow/.local/lib/python3.8/site-packages/airflow/example_dags/example_python_operator.py took 0.045 seconds
[2024-09-07T16:27:13.664+0000] {processor.py:161} INFO - Started process (PID=13903) to work on /home/airflow/.local/lib/python3.8/site-packages/airflow/example_dags/example_python_operator.py
[2024-09-07T16:27:13.665+0000] {processor.py:830} INFO - Processing file /home/airflow/.local/lib/python3.8/site-packages/airflow/example_dags/example_python_operator.py for tasks to queue
[2024-09-07T16:27:13.666+0000] {logging_mixin.py:188} INFO - [2024-09-07T16:27:13.665+0000] {dagbag.py:538} INFO - Filling up the DagBag from /home/airflow/.local/lib/python3.8/site-packages/airflow/example_dags/example_python_operator.py
[2024-09-07T16:27:13.673+0000] {processor.py:840} INFO - DAG(s) 'example_python_operator' retrieved from /home/airflow/.local/lib/python3.8/site-packages/airflow/example_dags/example_python_operator.py
[2024-09-07T16:27:13.692+0000] {logging_mixin.py:188} INFO - [2024-09-07T16:27:13.692+0000] {dag.py:3036} INFO - Sync 1 DAGs
[2024-09-07T16:27:13.700+0000] {logging_mixin.py:188} INFO - [2024-09-07T16:27:13.700+0000] {dag.py:3823} INFO - Setting next_dagrun for example_python_operator to None, run_after=None
[2024-09-07T16:27:13.717+0000] {processor.py:183} INFO - Processing /home/airflow/.local/lib/python3.8/site-packages/airflow/example_dags/example_python_operator.py took 0.055 seconds
[2024-09-07T16:27:44.363+0000] {processor.py:161} INFO - Started process (PID=14149) to work on /home/airflow/.local/lib/python3.8/site-packages/airflow/example_dags/example_python_operator.py
[2024-09-07T16:27:44.364+0000] {processor.py:830} INFO - Processing file /home/airflow/.local/lib/python3.8/site-packages/airflow/example_dags/example_python_operator.py for tasks to queue
[2024-09-07T16:27:44.364+0000] {logging_mixin.py:188} INFO - [2024-09-07T16:27:44.364+0000] {dagbag.py:538} INFO - Filling up the DagBag from /home/airflow/.local/lib/python3.8/site-packages/airflow/example_dags/example_python_operator.py
[2024-09-07T16:27:44.371+0000] {processor.py:840} INFO - DAG(s) 'example_python_operator' retrieved from /home/airflow/.local/lib/python3.8/site-packages/airflow/example_dags/example_python_operator.py
[2024-09-07T16:27:44.387+0000] {logging_mixin.py:188} INFO - [2024-09-07T16:27:44.386+0000] {dag.py:3036} INFO - Sync 1 DAGs
[2024-09-07T16:27:44.394+0000] {logging_mixin.py:188} INFO - [2024-09-07T16:27:44.394+0000] {dag.py:3823} INFO - Setting next_dagrun for example_python_operator to None, run_after=None
[2024-09-07T16:27:44.406+0000] {processor.py:183} INFO - Processing /home/airflow/.local/lib/python3.8/site-packages/airflow/example_dags/example_python_operator.py took 0.046 seconds
[2024-09-07T16:28:15.089+0000] {processor.py:161} INFO - Started process (PID=14396) to work on /home/airflow/.local/lib/python3.8/site-packages/airflow/example_dags/example_python_operator.py
[2024-09-07T16:28:15.090+0000] {processor.py:830} INFO - Processing file /home/airflow/.local/lib/python3.8/site-packages/airflow/example_dags/example_python_operator.py for tasks to queue
[2024-09-07T16:28:15.090+0000] {logging_mixin.py:188} INFO - [2024-09-07T16:28:15.090+0000] {dagbag.py:538} INFO - Filling up the DagBag from /home/airflow/.local/lib/python3.8/site-packages/airflow/example_dags/example_python_operator.py
[2024-09-07T16:28:15.097+0000] {processor.py:840} INFO - DAG(s) 'example_python_operator' retrieved from /home/airflow/.local/lib/python3.8/site-packages/airflow/example_dags/example_python_operator.py
[2024-09-07T16:28:15.111+0000] {logging_mixin.py:188} INFO - [2024-09-07T16:28:15.111+0000] {dag.py:3036} INFO - Sync 1 DAGs
[2024-09-07T16:28:15.119+0000] {logging_mixin.py:188} INFO - [2024-09-07T16:28:15.119+0000] {dag.py:3823} INFO - Setting next_dagrun for example_python_operator to None, run_after=None
[2024-09-07T16:28:15.131+0000] {processor.py:183} INFO - Processing /home/airflow/.local/lib/python3.8/site-packages/airflow/example_dags/example_python_operator.py took 0.045 seconds
