[2024-09-07T15:59:08.279+0000] {processor.py:161} INFO - Started process (PID=266) to work on /home/airflow/.local/lib/python3.8/site-packages/airflow/example_dags/tutorial.py
[2024-09-07T15:59:08.280+0000] {processor.py:830} INFO - Processing file /home/airflow/.local/lib/python3.8/site-packages/airflow/example_dags/tutorial.py for tasks to queue
[2024-09-07T15:59:08.281+0000] {logging_mixin.py:188} INFO - [2024-09-07T15:59:08.281+0000] {dagbag.py:538} INFO - Filling up the DagBag from /home/airflow/.local/lib/python3.8/site-packages/airflow/example_dags/tutorial.py
[2024-09-07T15:59:08.287+0000] {processor.py:840} INFO - DAG(s) 'tutorial' retrieved from /home/airflow/.local/lib/python3.8/site-packages/airflow/example_dags/tutorial.py
[2024-09-07T15:59:08.303+0000] {logging_mixin.py:188} INFO - [2024-09-07T15:59:08.303+0000] {dag.py:3036} INFO - Sync 1 DAGs
[2024-09-07T15:59:08.329+0000] {logging_mixin.py:188} INFO - [2024-09-07T15:59:08.329+0000] {dag.py:3823} INFO - Setting next_dagrun for tutorial to 2024-09-06 00:00:00+00:00, run_after=2024-09-07 00:00:00+00:00
[2024-09-07T15:59:08.384+0000] {processor.py:183} INFO - Processing /home/airflow/.local/lib/python3.8/site-packages/airflow/example_dags/tutorial.py took 0.108 seconds
[2024-09-07T15:59:38.894+0000] {processor.py:161} INFO - Started process (PID=513) to work on /home/airflow/.local/lib/python3.8/site-packages/airflow/example_dags/tutorial.py
[2024-09-07T15:59:38.895+0000] {processor.py:830} INFO - Processing file /home/airflow/.local/lib/python3.8/site-packages/airflow/example_dags/tutorial.py for tasks to queue
[2024-09-07T15:59:38.896+0000] {logging_mixin.py:188} INFO - [2024-09-07T15:59:38.896+0000] {dagbag.py:538} INFO - Filling up the DagBag from /home/airflow/.local/lib/python3.8/site-packages/airflow/example_dags/tutorial.py
[2024-09-07T15:59:38.900+0000] {processor.py:840} INFO - DAG(s) 'tutorial' retrieved from /home/airflow/.local/lib/python3.8/site-packages/airflow/example_dags/tutorial.py
[2024-09-07T15:59:38.911+0000] {logging_mixin.py:188} INFO - [2024-09-07T15:59:38.911+0000] {dag.py:3036} INFO - Sync 1 DAGs
[2024-09-07T15:59:38.924+0000] {logging_mixin.py:188} INFO - [2024-09-07T15:59:38.924+0000] {dag.py:3823} INFO - Setting next_dagrun for tutorial to 2024-09-06 00:00:00+00:00, run_after=2024-09-07 00:00:00+00:00
[2024-09-07T15:59:38.936+0000] {processor.py:183} INFO - Processing /home/airflow/.local/lib/python3.8/site-packages/airflow/example_dags/tutorial.py took 0.044 seconds
[2024-09-07T16:00:09.773+0000] {processor.py:161} INFO - Started process (PID=762) to work on /home/airflow/.local/lib/python3.8/site-packages/airflow/example_dags/tutorial.py
[2024-09-07T16:00:09.774+0000] {processor.py:830} INFO - Processing file /home/airflow/.local/lib/python3.8/site-packages/airflow/example_dags/tutorial.py for tasks to queue
[2024-09-07T16:00:09.774+0000] {logging_mixin.py:188} INFO - [2024-09-07T16:00:09.774+0000] {dagbag.py:538} INFO - Filling up the DagBag from /home/airflow/.local/lib/python3.8/site-packages/airflow/example_dags/tutorial.py
[2024-09-07T16:00:09.779+0000] {processor.py:840} INFO - DAG(s) 'tutorial' retrieved from /home/airflow/.local/lib/python3.8/site-packages/airflow/example_dags/tutorial.py
[2024-09-07T16:00:09.791+0000] {logging_mixin.py:188} INFO - [2024-09-07T16:00:09.791+0000] {dag.py:3036} INFO - Sync 1 DAGs
[2024-09-07T16:00:09.803+0000] {logging_mixin.py:188} INFO - [2024-09-07T16:00:09.803+0000] {dag.py:3823} INFO - Setting next_dagrun for tutorial to 2024-09-06 00:00:00+00:00, run_after=2024-09-07 00:00:00+00:00
[2024-09-07T16:00:09.813+0000] {processor.py:183} INFO - Processing /home/airflow/.local/lib/python3.8/site-packages/airflow/example_dags/tutorial.py took 0.042 seconds
[2024-09-07T16:00:40.393+0000] {processor.py:161} INFO - Started process (PID=1007) to work on /home/airflow/.local/lib/python3.8/site-packages/airflow/example_dags/tutorial.py
[2024-09-07T16:00:40.394+0000] {processor.py:830} INFO - Processing file /home/airflow/.local/lib/python3.8/site-packages/airflow/example_dags/tutorial.py for tasks to queue
[2024-09-07T16:00:40.394+0000] {logging_mixin.py:188} INFO - [2024-09-07T16:00:40.394+0000] {dagbag.py:538} INFO - Filling up the DagBag from /home/airflow/.local/lib/python3.8/site-packages/airflow/example_dags/tutorial.py
[2024-09-07T16:00:40.398+0000] {processor.py:840} INFO - DAG(s) 'tutorial' retrieved from /home/airflow/.local/lib/python3.8/site-packages/airflow/example_dags/tutorial.py
[2024-09-07T16:00:40.410+0000] {logging_mixin.py:188} INFO - [2024-09-07T16:00:40.410+0000] {dag.py:3036} INFO - Sync 1 DAGs
[2024-09-07T16:00:40.422+0000] {logging_mixin.py:188} INFO - [2024-09-07T16:00:40.422+0000] {dag.py:3823} INFO - Setting next_dagrun for tutorial to 2024-09-06 00:00:00+00:00, run_after=2024-09-07 00:00:00+00:00
[2024-09-07T16:00:40.431+0000] {processor.py:183} INFO - Processing /home/airflow/.local/lib/python3.8/site-packages/airflow/example_dags/tutorial.py took 0.041 seconds
[2024-09-07T16:01:11.097+0000] {processor.py:161} INFO - Started process (PID=1254) to work on /home/airflow/.local/lib/python3.8/site-packages/airflow/example_dags/tutorial.py
[2024-09-07T16:01:11.098+0000] {processor.py:830} INFO - Processing file /home/airflow/.local/lib/python3.8/site-packages/airflow/example_dags/tutorial.py for tasks to queue
[2024-09-07T16:01:11.098+0000] {logging_mixin.py:188} INFO - [2024-09-07T16:01:11.098+0000] {dagbag.py:538} INFO - Filling up the DagBag from /home/airflow/.local/lib/python3.8/site-packages/airflow/example_dags/tutorial.py
[2024-09-07T16:01:11.103+0000] {processor.py:840} INFO - DAG(s) 'tutorial' retrieved from /home/airflow/.local/lib/python3.8/site-packages/airflow/example_dags/tutorial.py
[2024-09-07T16:01:11.120+0000] {logging_mixin.py:188} INFO - [2024-09-07T16:01:11.119+0000] {dag.py:3036} INFO - Sync 1 DAGs
[2024-09-07T16:01:11.133+0000] {logging_mixin.py:188} INFO - [2024-09-07T16:01:11.132+0000] {dag.py:3823} INFO - Setting next_dagrun for tutorial to 2024-09-06 00:00:00+00:00, run_after=2024-09-07 00:00:00+00:00
[2024-09-07T16:01:11.144+0000] {processor.py:183} INFO - Processing /home/airflow/.local/lib/python3.8/site-packages/airflow/example_dags/tutorial.py took 0.049 seconds
[2024-09-07T16:01:42.148+0000] {processor.py:161} INFO - Started process (PID=1502) to work on /home/airflow/.local/lib/python3.8/site-packages/airflow/example_dags/tutorial.py
[2024-09-07T16:01:42.149+0000] {processor.py:830} INFO - Processing file /home/airflow/.local/lib/python3.8/site-packages/airflow/example_dags/tutorial.py for tasks to queue
[2024-09-07T16:01:42.150+0000] {logging_mixin.py:188} INFO - [2024-09-07T16:01:42.150+0000] {dagbag.py:538} INFO - Filling up the DagBag from /home/airflow/.local/lib/python3.8/site-packages/airflow/example_dags/tutorial.py
[2024-09-07T16:01:42.154+0000] {processor.py:840} INFO - DAG(s) 'tutorial' retrieved from /home/airflow/.local/lib/python3.8/site-packages/airflow/example_dags/tutorial.py
[2024-09-07T16:01:42.163+0000] {logging_mixin.py:188} INFO - [2024-09-07T16:01:42.163+0000] {dag.py:3036} INFO - Sync 1 DAGs
[2024-09-07T16:01:42.176+0000] {logging_mixin.py:188} INFO - [2024-09-07T16:01:42.176+0000] {dag.py:3823} INFO - Setting next_dagrun for tutorial to 2024-09-06 00:00:00+00:00, run_after=2024-09-07 00:00:00+00:00
[2024-09-07T16:01:42.187+0000] {processor.py:183} INFO - Processing /home/airflow/.local/lib/python3.8/site-packages/airflow/example_dags/tutorial.py took 0.041 seconds
[2024-09-07T16:02:12.689+0000] {processor.py:161} INFO - Started process (PID=1747) to work on /home/airflow/.local/lib/python3.8/site-packages/airflow/example_dags/tutorial.py
[2024-09-07T16:02:12.690+0000] {processor.py:830} INFO - Processing file /home/airflow/.local/lib/python3.8/site-packages/airflow/example_dags/tutorial.py for tasks to queue
[2024-09-07T16:02:12.691+0000] {logging_mixin.py:188} INFO - [2024-09-07T16:02:12.691+0000] {dagbag.py:538} INFO - Filling up the DagBag from /home/airflow/.local/lib/python3.8/site-packages/airflow/example_dags/tutorial.py
[2024-09-07T16:02:12.695+0000] {processor.py:840} INFO - DAG(s) 'tutorial' retrieved from /home/airflow/.local/lib/python3.8/site-packages/airflow/example_dags/tutorial.py
[2024-09-07T16:02:12.749+0000] {logging_mixin.py:188} INFO - [2024-09-07T16:02:12.749+0000] {dag.py:3036} INFO - Sync 1 DAGs
[2024-09-07T16:02:12.760+0000] {logging_mixin.py:188} INFO - [2024-09-07T16:02:12.760+0000] {dag.py:3823} INFO - Setting next_dagrun for tutorial to 2024-09-06 00:00:00+00:00, run_after=2024-09-07 00:00:00+00:00
[2024-09-07T16:02:12.771+0000] {processor.py:183} INFO - Processing /home/airflow/.local/lib/python3.8/site-packages/airflow/example_dags/tutorial.py took 0.083 seconds
[2024-09-07T16:02:43.012+0000] {processor.py:161} INFO - Started process (PID=1993) to work on /home/airflow/.local/lib/python3.8/site-packages/airflow/example_dags/tutorial.py
[2024-09-07T16:02:43.013+0000] {processor.py:830} INFO - Processing file /home/airflow/.local/lib/python3.8/site-packages/airflow/example_dags/tutorial.py for tasks to queue
[2024-09-07T16:02:43.013+0000] {logging_mixin.py:188} INFO - [2024-09-07T16:02:43.013+0000] {dagbag.py:538} INFO - Filling up the DagBag from /home/airflow/.local/lib/python3.8/site-packages/airflow/example_dags/tutorial.py
[2024-09-07T16:02:43.020+0000] {processor.py:840} INFO - DAG(s) 'tutorial' retrieved from /home/airflow/.local/lib/python3.8/site-packages/airflow/example_dags/tutorial.py
[2024-09-07T16:02:43.038+0000] {logging_mixin.py:188} INFO - [2024-09-07T16:02:43.038+0000] {dag.py:3036} INFO - Sync 1 DAGs
[2024-09-07T16:02:43.059+0000] {logging_mixin.py:188} INFO - [2024-09-07T16:02:43.059+0000] {dag.py:3823} INFO - Setting next_dagrun for tutorial to 2024-09-06 00:00:00+00:00, run_after=2024-09-07 00:00:00+00:00
[2024-09-07T16:02:43.073+0000] {processor.py:183} INFO - Processing /home/airflow/.local/lib/python3.8/site-packages/airflow/example_dags/tutorial.py took 0.064 seconds
[2024-09-07T16:03:13.267+0000] {processor.py:161} INFO - Started process (PID=2240) to work on /home/airflow/.local/lib/python3.8/site-packages/airflow/example_dags/tutorial.py
[2024-09-07T16:03:13.268+0000] {processor.py:830} INFO - Processing file /home/airflow/.local/lib/python3.8/site-packages/airflow/example_dags/tutorial.py for tasks to queue
[2024-09-07T16:03:13.268+0000] {logging_mixin.py:188} INFO - [2024-09-07T16:03:13.268+0000] {dagbag.py:538} INFO - Filling up the DagBag from /home/airflow/.local/lib/python3.8/site-packages/airflow/example_dags/tutorial.py
[2024-09-07T16:03:13.272+0000] {processor.py:840} INFO - DAG(s) 'tutorial' retrieved from /home/airflow/.local/lib/python3.8/site-packages/airflow/example_dags/tutorial.py
[2024-09-07T16:03:13.291+0000] {logging_mixin.py:188} INFO - [2024-09-07T16:03:13.291+0000] {dag.py:3036} INFO - Sync 1 DAGs
[2024-09-07T16:03:13.310+0000] {logging_mixin.py:188} INFO - [2024-09-07T16:03:13.309+0000] {dag.py:3823} INFO - Setting next_dagrun for tutorial to 2024-09-06 00:00:00+00:00, run_after=2024-09-07 00:00:00+00:00
[2024-09-07T16:03:13.325+0000] {processor.py:183} INFO - Processing /home/airflow/.local/lib/python3.8/site-packages/airflow/example_dags/tutorial.py took 0.062 seconds
[2024-09-07T16:03:43.386+0000] {processor.py:161} INFO - Started process (PID=2487) to work on /home/airflow/.local/lib/python3.8/site-packages/airflow/example_dags/tutorial.py
[2024-09-07T16:03:43.387+0000] {processor.py:830} INFO - Processing file /home/airflow/.local/lib/python3.8/site-packages/airflow/example_dags/tutorial.py for tasks to queue
[2024-09-07T16:03:43.388+0000] {logging_mixin.py:188} INFO - [2024-09-07T16:03:43.388+0000] {dagbag.py:538} INFO - Filling up the DagBag from /home/airflow/.local/lib/python3.8/site-packages/airflow/example_dags/tutorial.py
[2024-09-07T16:03:43.393+0000] {processor.py:840} INFO - DAG(s) 'tutorial' retrieved from /home/airflow/.local/lib/python3.8/site-packages/airflow/example_dags/tutorial.py
[2024-09-07T16:03:43.406+0000] {logging_mixin.py:188} INFO - [2024-09-07T16:03:43.405+0000] {dag.py:3036} INFO - Sync 1 DAGs
[2024-09-07T16:03:43.417+0000] {logging_mixin.py:188} INFO - [2024-09-07T16:03:43.417+0000] {dag.py:3823} INFO - Setting next_dagrun for tutorial to 2024-09-06 00:00:00+00:00, run_after=2024-09-07 00:00:00+00:00
[2024-09-07T16:03:43.428+0000] {processor.py:183} INFO - Processing /home/airflow/.local/lib/python3.8/site-packages/airflow/example_dags/tutorial.py took 0.044 seconds
[2024-09-07T16:04:14.343+0000] {processor.py:161} INFO - Started process (PID=2736) to work on /home/airflow/.local/lib/python3.8/site-packages/airflow/example_dags/tutorial.py
[2024-09-07T16:04:14.344+0000] {processor.py:830} INFO - Processing file /home/airflow/.local/lib/python3.8/site-packages/airflow/example_dags/tutorial.py for tasks to queue
[2024-09-07T16:04:14.344+0000] {logging_mixin.py:188} INFO - [2024-09-07T16:04:14.344+0000] {dagbag.py:538} INFO - Filling up the DagBag from /home/airflow/.local/lib/python3.8/site-packages/airflow/example_dags/tutorial.py
[2024-09-07T16:04:14.349+0000] {processor.py:840} INFO - DAG(s) 'tutorial' retrieved from /home/airflow/.local/lib/python3.8/site-packages/airflow/example_dags/tutorial.py
[2024-09-07T16:04:14.356+0000] {logging_mixin.py:188} INFO - [2024-09-07T16:04:14.355+0000] {dag.py:3036} INFO - Sync 1 DAGs
[2024-09-07T16:04:14.367+0000] {logging_mixin.py:188} INFO - [2024-09-07T16:04:14.367+0000] {dag.py:3823} INFO - Setting next_dagrun for tutorial to 2024-09-06 00:00:00+00:00, run_after=2024-09-07 00:00:00+00:00
[2024-09-07T16:04:14.376+0000] {processor.py:183} INFO - Processing /home/airflow/.local/lib/python3.8/site-packages/airflow/example_dags/tutorial.py took 0.035 seconds
[2024-09-07T16:04:45.367+0000] {processor.py:161} INFO - Started process (PID=2981) to work on /home/airflow/.local/lib/python3.8/site-packages/airflow/example_dags/tutorial.py
[2024-09-07T16:04:45.367+0000] {processor.py:830} INFO - Processing file /home/airflow/.local/lib/python3.8/site-packages/airflow/example_dags/tutorial.py for tasks to queue
[2024-09-07T16:04:45.368+0000] {logging_mixin.py:188} INFO - [2024-09-07T16:04:45.368+0000] {dagbag.py:538} INFO - Filling up the DagBag from /home/airflow/.local/lib/python3.8/site-packages/airflow/example_dags/tutorial.py
[2024-09-07T16:04:45.373+0000] {processor.py:840} INFO - DAG(s) 'tutorial' retrieved from /home/airflow/.local/lib/python3.8/site-packages/airflow/example_dags/tutorial.py
[2024-09-07T16:04:45.426+0000] {logging_mixin.py:188} INFO - [2024-09-07T16:04:45.426+0000] {dag.py:3036} INFO - Sync 1 DAGs
[2024-09-07T16:04:45.439+0000] {logging_mixin.py:188} INFO - [2024-09-07T16:04:45.439+0000] {dag.py:3823} INFO - Setting next_dagrun for tutorial to 2024-09-06 00:00:00+00:00, run_after=2024-09-07 00:00:00+00:00
[2024-09-07T16:04:45.450+0000] {processor.py:183} INFO - Processing /home/airflow/.local/lib/python3.8/site-packages/airflow/example_dags/tutorial.py took 0.085 seconds
[2024-09-07T16:05:15.767+0000] {processor.py:161} INFO - Started process (PID=3230) to work on /home/airflow/.local/lib/python3.8/site-packages/airflow/example_dags/tutorial.py
[2024-09-07T16:05:15.768+0000] {processor.py:830} INFO - Processing file /home/airflow/.local/lib/python3.8/site-packages/airflow/example_dags/tutorial.py for tasks to queue
[2024-09-07T16:05:15.769+0000] {logging_mixin.py:188} INFO - [2024-09-07T16:05:15.768+0000] {dagbag.py:538} INFO - Filling up the DagBag from /home/airflow/.local/lib/python3.8/site-packages/airflow/example_dags/tutorial.py
[2024-09-07T16:05:15.773+0000] {processor.py:840} INFO - DAG(s) 'tutorial' retrieved from /home/airflow/.local/lib/python3.8/site-packages/airflow/example_dags/tutorial.py
[2024-09-07T16:05:15.788+0000] {logging_mixin.py:188} INFO - [2024-09-07T16:05:15.788+0000] {dag.py:3036} INFO - Sync 1 DAGs
[2024-09-07T16:05:15.802+0000] {logging_mixin.py:188} INFO - [2024-09-07T16:05:15.802+0000] {dag.py:3823} INFO - Setting next_dagrun for tutorial to 2024-09-06 00:00:00+00:00, run_after=2024-09-07 00:00:00+00:00
[2024-09-07T16:05:15.816+0000] {processor.py:183} INFO - Processing /home/airflow/.local/lib/python3.8/site-packages/airflow/example_dags/tutorial.py took 0.051 seconds
[2024-09-07T16:05:46.016+0000] {processor.py:161} INFO - Started process (PID=3475) to work on /home/airflow/.local/lib/python3.8/site-packages/airflow/example_dags/tutorial.py
[2024-09-07T16:05:46.018+0000] {processor.py:830} INFO - Processing file /home/airflow/.local/lib/python3.8/site-packages/airflow/example_dags/tutorial.py for tasks to queue
[2024-09-07T16:05:46.018+0000] {logging_mixin.py:188} INFO - [2024-09-07T16:05:46.018+0000] {dagbag.py:538} INFO - Filling up the DagBag from /home/airflow/.local/lib/python3.8/site-packages/airflow/example_dags/tutorial.py
[2024-09-07T16:05:46.023+0000] {processor.py:840} INFO - DAG(s) 'tutorial' retrieved from /home/airflow/.local/lib/python3.8/site-packages/airflow/example_dags/tutorial.py
[2024-09-07T16:05:46.040+0000] {logging_mixin.py:188} INFO - [2024-09-07T16:05:46.040+0000] {dag.py:3036} INFO - Sync 1 DAGs
[2024-09-07T16:05:46.066+0000] {logging_mixin.py:188} INFO - [2024-09-07T16:05:46.066+0000] {dag.py:3823} INFO - Setting next_dagrun for tutorial to 2024-09-06 00:00:00+00:00, run_after=2024-09-07 00:00:00+00:00
[2024-09-07T16:05:46.081+0000] {processor.py:183} INFO - Processing /home/airflow/.local/lib/python3.8/site-packages/airflow/example_dags/tutorial.py took 0.067 seconds
[2024-09-07T16:06:16.109+0000] {processor.py:161} INFO - Started process (PID=3722) to work on /home/airflow/.local/lib/python3.8/site-packages/airflow/example_dags/tutorial.py
[2024-09-07T16:06:16.112+0000] {processor.py:830} INFO - Processing file /home/airflow/.local/lib/python3.8/site-packages/airflow/example_dags/tutorial.py for tasks to queue
[2024-09-07T16:06:16.114+0000] {logging_mixin.py:188} INFO - [2024-09-07T16:06:16.114+0000] {dagbag.py:538} INFO - Filling up the DagBag from /home/airflow/.local/lib/python3.8/site-packages/airflow/example_dags/tutorial.py
[2024-09-07T16:06:16.120+0000] {processor.py:840} INFO - DAG(s) 'tutorial' retrieved from /home/airflow/.local/lib/python3.8/site-packages/airflow/example_dags/tutorial.py
[2024-09-07T16:06:16.133+0000] {logging_mixin.py:188} INFO - [2024-09-07T16:06:16.133+0000] {dag.py:3036} INFO - Sync 1 DAGs
[2024-09-07T16:06:16.144+0000] {logging_mixin.py:188} INFO - [2024-09-07T16:06:16.144+0000] {dag.py:3823} INFO - Setting next_dagrun for tutorial to 2024-09-06 00:00:00+00:00, run_after=2024-09-07 00:00:00+00:00
[2024-09-07T16:06:16.155+0000] {processor.py:183} INFO - Processing /home/airflow/.local/lib/python3.8/site-packages/airflow/example_dags/tutorial.py took 0.049 seconds
[2024-09-07T16:06:46.520+0000] {processor.py:161} INFO - Started process (PID=3971) to work on /home/airflow/.local/lib/python3.8/site-packages/airflow/example_dags/tutorial.py
[2024-09-07T16:06:46.521+0000] {processor.py:830} INFO - Processing file /home/airflow/.local/lib/python3.8/site-packages/airflow/example_dags/tutorial.py for tasks to queue
[2024-09-07T16:06:46.522+0000] {logging_mixin.py:188} INFO - [2024-09-07T16:06:46.521+0000] {dagbag.py:538} INFO - Filling up the DagBag from /home/airflow/.local/lib/python3.8/site-packages/airflow/example_dags/tutorial.py
[2024-09-07T16:06:46.527+0000] {processor.py:840} INFO - DAG(s) 'tutorial' retrieved from /home/airflow/.local/lib/python3.8/site-packages/airflow/example_dags/tutorial.py
[2024-09-07T16:06:46.543+0000] {logging_mixin.py:188} INFO - [2024-09-07T16:06:46.543+0000] {dag.py:3036} INFO - Sync 1 DAGs
[2024-09-07T16:06:46.561+0000] {logging_mixin.py:188} INFO - [2024-09-07T16:06:46.560+0000] {dag.py:3823} INFO - Setting next_dagrun for tutorial to 2024-09-06 00:00:00+00:00, run_after=2024-09-07 00:00:00+00:00
[2024-09-07T16:06:46.573+0000] {processor.py:183} INFO - Processing /home/airflow/.local/lib/python3.8/site-packages/airflow/example_dags/tutorial.py took 0.056 seconds
[2024-09-07T16:07:17.403+0000] {processor.py:161} INFO - Started process (PID=4216) to work on /home/airflow/.local/lib/python3.8/site-packages/airflow/example_dags/tutorial.py
[2024-09-07T16:07:17.403+0000] {processor.py:830} INFO - Processing file /home/airflow/.local/lib/python3.8/site-packages/airflow/example_dags/tutorial.py for tasks to queue
[2024-09-07T16:07:17.404+0000] {logging_mixin.py:188} INFO - [2024-09-07T16:07:17.404+0000] {dagbag.py:538} INFO - Filling up the DagBag from /home/airflow/.local/lib/python3.8/site-packages/airflow/example_dags/tutorial.py
[2024-09-07T16:07:17.408+0000] {processor.py:840} INFO - DAG(s) 'tutorial' retrieved from /home/airflow/.local/lib/python3.8/site-packages/airflow/example_dags/tutorial.py
[2024-09-07T16:07:17.419+0000] {logging_mixin.py:188} INFO - [2024-09-07T16:07:17.419+0000] {dag.py:3036} INFO - Sync 1 DAGs
[2024-09-07T16:07:17.432+0000] {logging_mixin.py:188} INFO - [2024-09-07T16:07:17.431+0000] {dag.py:3823} INFO - Setting next_dagrun for tutorial to 2024-09-06 00:00:00+00:00, run_after=2024-09-07 00:00:00+00:00
[2024-09-07T16:07:17.441+0000] {processor.py:183} INFO - Processing /home/airflow/.local/lib/python3.8/site-packages/airflow/example_dags/tutorial.py took 0.041 seconds
[2024-09-07T16:07:48.122+0000] {processor.py:161} INFO - Started process (PID=4463) to work on /home/airflow/.local/lib/python3.8/site-packages/airflow/example_dags/tutorial.py
[2024-09-07T16:07:48.123+0000] {processor.py:830} INFO - Processing file /home/airflow/.local/lib/python3.8/site-packages/airflow/example_dags/tutorial.py for tasks to queue
[2024-09-07T16:07:48.124+0000] {logging_mixin.py:188} INFO - [2024-09-07T16:07:48.124+0000] {dagbag.py:538} INFO - Filling up the DagBag from /home/airflow/.local/lib/python3.8/site-packages/airflow/example_dags/tutorial.py
[2024-09-07T16:07:48.129+0000] {processor.py:840} INFO - DAG(s) 'tutorial' retrieved from /home/airflow/.local/lib/python3.8/site-packages/airflow/example_dags/tutorial.py
[2024-09-07T16:07:48.161+0000] {logging_mixin.py:188} INFO - [2024-09-07T16:07:48.161+0000] {dag.py:3036} INFO - Sync 1 DAGs
[2024-09-07T16:07:48.179+0000] {logging_mixin.py:188} INFO - [2024-09-07T16:07:48.179+0000] {dag.py:3823} INFO - Setting next_dagrun for tutorial to 2024-09-06 00:00:00+00:00, run_after=2024-09-07 00:00:00+00:00
[2024-09-07T16:07:48.203+0000] {processor.py:183} INFO - Processing /home/airflow/.local/lib/python3.8/site-packages/airflow/example_dags/tutorial.py took 0.084 seconds
[2024-09-07T16:08:18.866+0000] {processor.py:161} INFO - Started process (PID=4712) to work on /home/airflow/.local/lib/python3.8/site-packages/airflow/example_dags/tutorial.py
[2024-09-07T16:08:18.868+0000] {processor.py:830} INFO - Processing file /home/airflow/.local/lib/python3.8/site-packages/airflow/example_dags/tutorial.py for tasks to queue
[2024-09-07T16:08:18.868+0000] {logging_mixin.py:188} INFO - [2024-09-07T16:08:18.868+0000] {dagbag.py:538} INFO - Filling up the DagBag from /home/airflow/.local/lib/python3.8/site-packages/airflow/example_dags/tutorial.py
[2024-09-07T16:08:18.876+0000] {processor.py:840} INFO - DAG(s) 'tutorial' retrieved from /home/airflow/.local/lib/python3.8/site-packages/airflow/example_dags/tutorial.py
[2024-09-07T16:08:18.892+0000] {logging_mixin.py:188} INFO - [2024-09-07T16:08:18.892+0000] {dag.py:3036} INFO - Sync 1 DAGs
[2024-09-07T16:08:18.910+0000] {logging_mixin.py:188} INFO - [2024-09-07T16:08:18.910+0000] {dag.py:3823} INFO - Setting next_dagrun for tutorial to 2024-09-06 00:00:00+00:00, run_after=2024-09-07 00:00:00+00:00
[2024-09-07T16:08:18.926+0000] {processor.py:183} INFO - Processing /home/airflow/.local/lib/python3.8/site-packages/airflow/example_dags/tutorial.py took 0.065 seconds
[2024-09-07T16:08:49.582+0000] {processor.py:161} INFO - Started process (PID=4959) to work on /home/airflow/.local/lib/python3.8/site-packages/airflow/example_dags/tutorial.py
[2024-09-07T16:08:49.583+0000] {processor.py:830} INFO - Processing file /home/airflow/.local/lib/python3.8/site-packages/airflow/example_dags/tutorial.py for tasks to queue
[2024-09-07T16:08:49.583+0000] {logging_mixin.py:188} INFO - [2024-09-07T16:08:49.583+0000] {dagbag.py:538} INFO - Filling up the DagBag from /home/airflow/.local/lib/python3.8/site-packages/airflow/example_dags/tutorial.py
[2024-09-07T16:08:49.588+0000] {processor.py:840} INFO - DAG(s) 'tutorial' retrieved from /home/airflow/.local/lib/python3.8/site-packages/airflow/example_dags/tutorial.py
[2024-09-07T16:08:49.600+0000] {logging_mixin.py:188} INFO - [2024-09-07T16:08:49.600+0000] {dag.py:3036} INFO - Sync 1 DAGs
[2024-09-07T16:08:49.613+0000] {logging_mixin.py:188} INFO - [2024-09-07T16:08:49.613+0000] {dag.py:3823} INFO - Setting next_dagrun for tutorial to 2024-09-06 00:00:00+00:00, run_after=2024-09-07 00:00:00+00:00
[2024-09-07T16:08:49.622+0000] {processor.py:183} INFO - Processing /home/airflow/.local/lib/python3.8/site-packages/airflow/example_dags/tutorial.py took 0.043 seconds
[2024-09-07T16:09:20.346+0000] {processor.py:161} INFO - Started process (PID=5204) to work on /home/airflow/.local/lib/python3.8/site-packages/airflow/example_dags/tutorial.py
[2024-09-07T16:09:20.347+0000] {processor.py:830} INFO - Processing file /home/airflow/.local/lib/python3.8/site-packages/airflow/example_dags/tutorial.py for tasks to queue
[2024-09-07T16:09:20.348+0000] {logging_mixin.py:188} INFO - [2024-09-07T16:09:20.347+0000] {dagbag.py:538} INFO - Filling up the DagBag from /home/airflow/.local/lib/python3.8/site-packages/airflow/example_dags/tutorial.py
[2024-09-07T16:09:20.353+0000] {processor.py:840} INFO - DAG(s) 'tutorial' retrieved from /home/airflow/.local/lib/python3.8/site-packages/airflow/example_dags/tutorial.py
[2024-09-07T16:09:20.367+0000] {logging_mixin.py:188} INFO - [2024-09-07T16:09:20.366+0000] {dag.py:3036} INFO - Sync 1 DAGs
[2024-09-07T16:09:20.379+0000] {logging_mixin.py:188} INFO - [2024-09-07T16:09:20.378+0000] {dag.py:3823} INFO - Setting next_dagrun for tutorial to 2024-09-06 00:00:00+00:00, run_after=2024-09-07 00:00:00+00:00
[2024-09-07T16:09:20.388+0000] {processor.py:183} INFO - Processing /home/airflow/.local/lib/python3.8/site-packages/airflow/example_dags/tutorial.py took 0.045 seconds
[2024-09-07T16:09:51.051+0000] {processor.py:161} INFO - Started process (PID=5451) to work on /home/airflow/.local/lib/python3.8/site-packages/airflow/example_dags/tutorial.py
[2024-09-07T16:09:51.051+0000] {processor.py:830} INFO - Processing file /home/airflow/.local/lib/python3.8/site-packages/airflow/example_dags/tutorial.py for tasks to queue
[2024-09-07T16:09:51.052+0000] {logging_mixin.py:188} INFO - [2024-09-07T16:09:51.052+0000] {dagbag.py:538} INFO - Filling up the DagBag from /home/airflow/.local/lib/python3.8/site-packages/airflow/example_dags/tutorial.py
[2024-09-07T16:09:51.056+0000] {processor.py:840} INFO - DAG(s) 'tutorial' retrieved from /home/airflow/.local/lib/python3.8/site-packages/airflow/example_dags/tutorial.py
[2024-09-07T16:09:51.068+0000] {logging_mixin.py:188} INFO - [2024-09-07T16:09:51.068+0000] {dag.py:3036} INFO - Sync 1 DAGs
[2024-09-07T16:09:51.082+0000] {logging_mixin.py:188} INFO - [2024-09-07T16:09:51.081+0000] {dag.py:3823} INFO - Setting next_dagrun for tutorial to 2024-09-06 00:00:00+00:00, run_after=2024-09-07 00:00:00+00:00
[2024-09-07T16:09:51.093+0000] {processor.py:183} INFO - Processing /home/airflow/.local/lib/python3.8/site-packages/airflow/example_dags/tutorial.py took 0.044 seconds
[2024-09-07T16:10:21.533+0000] {processor.py:161} INFO - Started process (PID=5698) to work on /home/airflow/.local/lib/python3.8/site-packages/airflow/example_dags/tutorial.py
[2024-09-07T16:10:21.534+0000] {processor.py:830} INFO - Processing file /home/airflow/.local/lib/python3.8/site-packages/airflow/example_dags/tutorial.py for tasks to queue
[2024-09-07T16:10:21.535+0000] {logging_mixin.py:188} INFO - [2024-09-07T16:10:21.535+0000] {dagbag.py:538} INFO - Filling up the DagBag from /home/airflow/.local/lib/python3.8/site-packages/airflow/example_dags/tutorial.py
[2024-09-07T16:10:21.539+0000] {processor.py:840} INFO - DAG(s) 'tutorial' retrieved from /home/airflow/.local/lib/python3.8/site-packages/airflow/example_dags/tutorial.py
[2024-09-07T16:10:21.550+0000] {logging_mixin.py:188} INFO - [2024-09-07T16:10:21.550+0000] {dag.py:3036} INFO - Sync 1 DAGs
[2024-09-07T16:10:21.561+0000] {logging_mixin.py:188} INFO - [2024-09-07T16:10:21.561+0000] {dag.py:3823} INFO - Setting next_dagrun for tutorial to 2024-09-06 00:00:00+00:00, run_after=2024-09-07 00:00:00+00:00
[2024-09-07T16:10:21.572+0000] {processor.py:183} INFO - Processing /home/airflow/.local/lib/python3.8/site-packages/airflow/example_dags/tutorial.py took 0.040 seconds
[2024-09-07T16:10:52.189+0000] {processor.py:161} INFO - Started process (PID=5945) to work on /home/airflow/.local/lib/python3.8/site-packages/airflow/example_dags/tutorial.py
[2024-09-07T16:10:52.190+0000] {processor.py:830} INFO - Processing file /home/airflow/.local/lib/python3.8/site-packages/airflow/example_dags/tutorial.py for tasks to queue
[2024-09-07T16:10:52.190+0000] {logging_mixin.py:188} INFO - [2024-09-07T16:10:52.190+0000] {dagbag.py:538} INFO - Filling up the DagBag from /home/airflow/.local/lib/python3.8/site-packages/airflow/example_dags/tutorial.py
[2024-09-07T16:10:52.195+0000] {processor.py:840} INFO - DAG(s) 'tutorial' retrieved from /home/airflow/.local/lib/python3.8/site-packages/airflow/example_dags/tutorial.py
[2024-09-07T16:10:52.207+0000] {logging_mixin.py:188} INFO - [2024-09-07T16:10:52.207+0000] {dag.py:3036} INFO - Sync 1 DAGs
[2024-09-07T16:10:52.220+0000] {logging_mixin.py:188} INFO - [2024-09-07T16:10:52.220+0000] {dag.py:3823} INFO - Setting next_dagrun for tutorial to 2024-09-06 00:00:00+00:00, run_after=2024-09-07 00:00:00+00:00
[2024-09-07T16:10:52.229+0000] {processor.py:183} INFO - Processing /home/airflow/.local/lib/python3.8/site-packages/airflow/example_dags/tutorial.py took 0.042 seconds
[2024-09-07T16:11:22.767+0000] {processor.py:161} INFO - Started process (PID=6192) to work on /home/airflow/.local/lib/python3.8/site-packages/airflow/example_dags/tutorial.py
[2024-09-07T16:11:22.768+0000] {processor.py:830} INFO - Processing file /home/airflow/.local/lib/python3.8/site-packages/airflow/example_dags/tutorial.py for tasks to queue
[2024-09-07T16:11:22.769+0000] {logging_mixin.py:188} INFO - [2024-09-07T16:11:22.769+0000] {dagbag.py:538} INFO - Filling up the DagBag from /home/airflow/.local/lib/python3.8/site-packages/airflow/example_dags/tutorial.py
[2024-09-07T16:11:22.773+0000] {processor.py:840} INFO - DAG(s) 'tutorial' retrieved from /home/airflow/.local/lib/python3.8/site-packages/airflow/example_dags/tutorial.py
[2024-09-07T16:11:22.786+0000] {logging_mixin.py:188} INFO - [2024-09-07T16:11:22.786+0000] {dag.py:3036} INFO - Sync 1 DAGs
[2024-09-07T16:11:22.798+0000] {logging_mixin.py:188} INFO - [2024-09-07T16:11:22.798+0000] {dag.py:3823} INFO - Setting next_dagrun for tutorial to 2024-09-06 00:00:00+00:00, run_after=2024-09-07 00:00:00+00:00
[2024-09-07T16:11:22.807+0000] {processor.py:183} INFO - Processing /home/airflow/.local/lib/python3.8/site-packages/airflow/example_dags/tutorial.py took 0.042 seconds
[2024-09-07T16:11:53.351+0000] {processor.py:161} INFO - Started process (PID=6439) to work on /home/airflow/.local/lib/python3.8/site-packages/airflow/example_dags/tutorial.py
[2024-09-07T16:11:53.351+0000] {processor.py:830} INFO - Processing file /home/airflow/.local/lib/python3.8/site-packages/airflow/example_dags/tutorial.py for tasks to queue
[2024-09-07T16:11:53.352+0000] {logging_mixin.py:188} INFO - [2024-09-07T16:11:53.352+0000] {dagbag.py:538} INFO - Filling up the DagBag from /home/airflow/.local/lib/python3.8/site-packages/airflow/example_dags/tutorial.py
[2024-09-07T16:11:53.356+0000] {processor.py:840} INFO - DAG(s) 'tutorial' retrieved from /home/airflow/.local/lib/python3.8/site-packages/airflow/example_dags/tutorial.py
[2024-09-07T16:11:53.368+0000] {logging_mixin.py:188} INFO - [2024-09-07T16:11:53.368+0000] {dag.py:3036} INFO - Sync 1 DAGs
[2024-09-07T16:11:53.379+0000] {logging_mixin.py:188} INFO - [2024-09-07T16:11:53.379+0000] {dag.py:3823} INFO - Setting next_dagrun for tutorial to 2024-09-06 00:00:00+00:00, run_after=2024-09-07 00:00:00+00:00
[2024-09-07T16:11:53.392+0000] {processor.py:183} INFO - Processing /home/airflow/.local/lib/python3.8/site-packages/airflow/example_dags/tutorial.py took 0.043 seconds
[2024-09-07T16:12:23.972+0000] {processor.py:161} INFO - Started process (PID=6686) to work on /home/airflow/.local/lib/python3.8/site-packages/airflow/example_dags/tutorial.py
[2024-09-07T16:12:23.973+0000] {processor.py:830} INFO - Processing file /home/airflow/.local/lib/python3.8/site-packages/airflow/example_dags/tutorial.py for tasks to queue
[2024-09-07T16:12:23.974+0000] {logging_mixin.py:188} INFO - [2024-09-07T16:12:23.974+0000] {dagbag.py:538} INFO - Filling up the DagBag from /home/airflow/.local/lib/python3.8/site-packages/airflow/example_dags/tutorial.py
[2024-09-07T16:12:23.979+0000] {processor.py:840} INFO - DAG(s) 'tutorial' retrieved from /home/airflow/.local/lib/python3.8/site-packages/airflow/example_dags/tutorial.py
[2024-09-07T16:12:23.992+0000] {logging_mixin.py:188} INFO - [2024-09-07T16:12:23.992+0000] {dag.py:3036} INFO - Sync 1 DAGs
[2024-09-07T16:12:24.004+0000] {logging_mixin.py:188} INFO - [2024-09-07T16:12:24.004+0000] {dag.py:3823} INFO - Setting next_dagrun for tutorial to 2024-09-06 00:00:00+00:00, run_after=2024-09-07 00:00:00+00:00
[2024-09-07T16:12:24.014+0000] {processor.py:183} INFO - Processing /home/airflow/.local/lib/python3.8/site-packages/airflow/example_dags/tutorial.py took 0.045 seconds
[2024-09-07T16:12:54.601+0000] {processor.py:161} INFO - Started process (PID=6935) to work on /home/airflow/.local/lib/python3.8/site-packages/airflow/example_dags/tutorial.py
[2024-09-07T16:12:54.602+0000] {processor.py:830} INFO - Processing file /home/airflow/.local/lib/python3.8/site-packages/airflow/example_dags/tutorial.py for tasks to queue
[2024-09-07T16:12:54.602+0000] {logging_mixin.py:188} INFO - [2024-09-07T16:12:54.602+0000] {dagbag.py:538} INFO - Filling up the DagBag from /home/airflow/.local/lib/python3.8/site-packages/airflow/example_dags/tutorial.py
[2024-09-07T16:12:54.609+0000] {processor.py:840} INFO - DAG(s) 'tutorial' retrieved from /home/airflow/.local/lib/python3.8/site-packages/airflow/example_dags/tutorial.py
[2024-09-07T16:12:54.620+0000] {logging_mixin.py:188} INFO - [2024-09-07T16:12:54.620+0000] {dag.py:3036} INFO - Sync 1 DAGs
[2024-09-07T16:12:54.631+0000] {logging_mixin.py:188} INFO - [2024-09-07T16:12:54.630+0000] {dag.py:3823} INFO - Setting next_dagrun for tutorial to 2024-09-06 00:00:00+00:00, run_after=2024-09-07 00:00:00+00:00
[2024-09-07T16:12:54.639+0000] {processor.py:183} INFO - Processing /home/airflow/.local/lib/python3.8/site-packages/airflow/example_dags/tutorial.py took 0.041 seconds
[2024-09-07T16:13:25.090+0000] {processor.py:161} INFO - Started process (PID=7180) to work on /home/airflow/.local/lib/python3.8/site-packages/airflow/example_dags/tutorial.py
[2024-09-07T16:13:25.091+0000] {processor.py:830} INFO - Processing file /home/airflow/.local/lib/python3.8/site-packages/airflow/example_dags/tutorial.py for tasks to queue
[2024-09-07T16:13:25.092+0000] {logging_mixin.py:188} INFO - [2024-09-07T16:13:25.091+0000] {dagbag.py:538} INFO - Filling up the DagBag from /home/airflow/.local/lib/python3.8/site-packages/airflow/example_dags/tutorial.py
[2024-09-07T16:13:25.096+0000] {processor.py:840} INFO - DAG(s) 'tutorial' retrieved from /home/airflow/.local/lib/python3.8/site-packages/airflow/example_dags/tutorial.py
[2024-09-07T16:13:25.108+0000] {logging_mixin.py:188} INFO - [2024-09-07T16:13:25.108+0000] {dag.py:3036} INFO - Sync 1 DAGs
[2024-09-07T16:13:25.119+0000] {logging_mixin.py:188} INFO - [2024-09-07T16:13:25.118+0000] {dag.py:3823} INFO - Setting next_dagrun for tutorial to 2024-09-06 00:00:00+00:00, run_after=2024-09-07 00:00:00+00:00
[2024-09-07T16:13:25.128+0000] {processor.py:183} INFO - Processing /home/airflow/.local/lib/python3.8/site-packages/airflow/example_dags/tutorial.py took 0.043 seconds
[2024-09-07T16:13:55.729+0000] {processor.py:161} INFO - Started process (PID=7427) to work on /home/airflow/.local/lib/python3.8/site-packages/airflow/example_dags/tutorial.py
[2024-09-07T16:13:55.730+0000] {processor.py:830} INFO - Processing file /home/airflow/.local/lib/python3.8/site-packages/airflow/example_dags/tutorial.py for tasks to queue
[2024-09-07T16:13:55.731+0000] {logging_mixin.py:188} INFO - [2024-09-07T16:13:55.731+0000] {dagbag.py:538} INFO - Filling up the DagBag from /home/airflow/.local/lib/python3.8/site-packages/airflow/example_dags/tutorial.py
[2024-09-07T16:13:55.735+0000] {processor.py:840} INFO - DAG(s) 'tutorial' retrieved from /home/airflow/.local/lib/python3.8/site-packages/airflow/example_dags/tutorial.py
[2024-09-07T16:13:55.747+0000] {logging_mixin.py:188} INFO - [2024-09-07T16:13:55.747+0000] {dag.py:3036} INFO - Sync 1 DAGs
[2024-09-07T16:13:55.760+0000] {logging_mixin.py:188} INFO - [2024-09-07T16:13:55.760+0000] {dag.py:3823} INFO - Setting next_dagrun for tutorial to 2024-09-06 00:00:00+00:00, run_after=2024-09-07 00:00:00+00:00
[2024-09-07T16:13:55.772+0000] {processor.py:183} INFO - Processing /home/airflow/.local/lib/python3.8/site-packages/airflow/example_dags/tutorial.py took 0.044 seconds
[2024-09-07T16:14:25.901+0000] {processor.py:161} INFO - Started process (PID=7674) to work on /home/airflow/.local/lib/python3.8/site-packages/airflow/example_dags/tutorial.py
[2024-09-07T16:14:25.901+0000] {processor.py:830} INFO - Processing file /home/airflow/.local/lib/python3.8/site-packages/airflow/example_dags/tutorial.py for tasks to queue
[2024-09-07T16:14:25.902+0000] {logging_mixin.py:188} INFO - [2024-09-07T16:14:25.902+0000] {dagbag.py:538} INFO - Filling up the DagBag from /home/airflow/.local/lib/python3.8/site-packages/airflow/example_dags/tutorial.py
[2024-09-07T16:14:25.907+0000] {processor.py:840} INFO - DAG(s) 'tutorial' retrieved from /home/airflow/.local/lib/python3.8/site-packages/airflow/example_dags/tutorial.py
[2024-09-07T16:14:25.920+0000] {logging_mixin.py:188} INFO - [2024-09-07T16:14:25.919+0000] {dag.py:3036} INFO - Sync 1 DAGs
[2024-09-07T16:14:25.932+0000] {logging_mixin.py:188} INFO - [2024-09-07T16:14:25.932+0000] {dag.py:3823} INFO - Setting next_dagrun for tutorial to 2024-09-06 00:00:00+00:00, run_after=2024-09-07 00:00:00+00:00
[2024-09-07T16:14:25.943+0000] {processor.py:183} INFO - Processing /home/airflow/.local/lib/python3.8/site-packages/airflow/example_dags/tutorial.py took 0.046 seconds
[2024-09-07T16:14:56.576+0000] {processor.py:161} INFO - Started process (PID=7921) to work on /home/airflow/.local/lib/python3.8/site-packages/airflow/example_dags/tutorial.py
[2024-09-07T16:14:56.577+0000] {processor.py:830} INFO - Processing file /home/airflow/.local/lib/python3.8/site-packages/airflow/example_dags/tutorial.py for tasks to queue
[2024-09-07T16:14:56.578+0000] {logging_mixin.py:188} INFO - [2024-09-07T16:14:56.578+0000] {dagbag.py:538} INFO - Filling up the DagBag from /home/airflow/.local/lib/python3.8/site-packages/airflow/example_dags/tutorial.py
[2024-09-07T16:14:56.584+0000] {processor.py:840} INFO - DAG(s) 'tutorial' retrieved from /home/airflow/.local/lib/python3.8/site-packages/airflow/example_dags/tutorial.py
[2024-09-07T16:14:56.599+0000] {logging_mixin.py:188} INFO - [2024-09-07T16:14:56.599+0000] {dag.py:3036} INFO - Sync 1 DAGs
[2024-09-07T16:14:56.614+0000] {logging_mixin.py:188} INFO - [2024-09-07T16:14:56.613+0000] {dag.py:3823} INFO - Setting next_dagrun for tutorial to 2024-09-06 00:00:00+00:00, run_after=2024-09-07 00:00:00+00:00
[2024-09-07T16:14:56.626+0000] {processor.py:183} INFO - Processing /home/airflow/.local/lib/python3.8/site-packages/airflow/example_dags/tutorial.py took 0.053 seconds
[2024-09-07T16:15:27.172+0000] {processor.py:161} INFO - Started process (PID=8168) to work on /home/airflow/.local/lib/python3.8/site-packages/airflow/example_dags/tutorial.py
[2024-09-07T16:15:27.173+0000] {processor.py:830} INFO - Processing file /home/airflow/.local/lib/python3.8/site-packages/airflow/example_dags/tutorial.py for tasks to queue
[2024-09-07T16:15:27.173+0000] {logging_mixin.py:188} INFO - [2024-09-07T16:15:27.173+0000] {dagbag.py:538} INFO - Filling up the DagBag from /home/airflow/.local/lib/python3.8/site-packages/airflow/example_dags/tutorial.py
[2024-09-07T16:15:27.178+0000] {processor.py:840} INFO - DAG(s) 'tutorial' retrieved from /home/airflow/.local/lib/python3.8/site-packages/airflow/example_dags/tutorial.py
[2024-09-07T16:15:27.191+0000] {logging_mixin.py:188} INFO - [2024-09-07T16:15:27.191+0000] {dag.py:3036} INFO - Sync 1 DAGs
[2024-09-07T16:15:27.203+0000] {logging_mixin.py:188} INFO - [2024-09-07T16:15:27.203+0000] {dag.py:3823} INFO - Setting next_dagrun for tutorial to 2024-09-06 00:00:00+00:00, run_after=2024-09-07 00:00:00+00:00
[2024-09-07T16:15:27.214+0000] {processor.py:183} INFO - Processing /home/airflow/.local/lib/python3.8/site-packages/airflow/example_dags/tutorial.py took 0.046 seconds
[2024-09-07T16:15:57.788+0000] {processor.py:161} INFO - Started process (PID=8414) to work on /home/airflow/.local/lib/python3.8/site-packages/airflow/example_dags/tutorial.py
[2024-09-07T16:15:57.789+0000] {processor.py:830} INFO - Processing file /home/airflow/.local/lib/python3.8/site-packages/airflow/example_dags/tutorial.py for tasks to queue
[2024-09-07T16:15:57.789+0000] {logging_mixin.py:188} INFO - [2024-09-07T16:15:57.789+0000] {dagbag.py:538} INFO - Filling up the DagBag from /home/airflow/.local/lib/python3.8/site-packages/airflow/example_dags/tutorial.py
[2024-09-07T16:15:57.794+0000] {processor.py:840} INFO - DAG(s) 'tutorial' retrieved from /home/airflow/.local/lib/python3.8/site-packages/airflow/example_dags/tutorial.py
[2024-09-07T16:15:57.804+0000] {logging_mixin.py:188} INFO - [2024-09-07T16:15:57.804+0000] {dag.py:3036} INFO - Sync 1 DAGs
[2024-09-07T16:15:57.815+0000] {logging_mixin.py:188} INFO - [2024-09-07T16:15:57.815+0000] {dag.py:3823} INFO - Setting next_dagrun for tutorial to 2024-09-06 00:00:00+00:00, run_after=2024-09-07 00:00:00+00:00
[2024-09-07T16:15:57.825+0000] {processor.py:183} INFO - Processing /home/airflow/.local/lib/python3.8/site-packages/airflow/example_dags/tutorial.py took 0.039 seconds
[2024-09-07T16:16:28.431+0000] {processor.py:161} INFO - Started process (PID=8661) to work on /home/airflow/.local/lib/python3.8/site-packages/airflow/example_dags/tutorial.py
[2024-09-07T16:16:28.432+0000] {processor.py:830} INFO - Processing file /home/airflow/.local/lib/python3.8/site-packages/airflow/example_dags/tutorial.py for tasks to queue
[2024-09-07T16:16:28.432+0000] {logging_mixin.py:188} INFO - [2024-09-07T16:16:28.432+0000] {dagbag.py:538} INFO - Filling up the DagBag from /home/airflow/.local/lib/python3.8/site-packages/airflow/example_dags/tutorial.py
[2024-09-07T16:16:28.436+0000] {processor.py:840} INFO - DAG(s) 'tutorial' retrieved from /home/airflow/.local/lib/python3.8/site-packages/airflow/example_dags/tutorial.py
[2024-09-07T16:16:28.449+0000] {logging_mixin.py:188} INFO - [2024-09-07T16:16:28.449+0000] {dag.py:3036} INFO - Sync 1 DAGs
[2024-09-07T16:16:28.461+0000] {logging_mixin.py:188} INFO - [2024-09-07T16:16:28.461+0000] {dag.py:3823} INFO - Setting next_dagrun for tutorial to 2024-09-06 00:00:00+00:00, run_after=2024-09-07 00:00:00+00:00
[2024-09-07T16:16:28.471+0000] {processor.py:183} INFO - Processing /home/airflow/.local/lib/python3.8/site-packages/airflow/example_dags/tutorial.py took 0.043 seconds
[2024-09-07T16:16:59.475+0000] {processor.py:161} INFO - Started process (PID=8908) to work on /home/airflow/.local/lib/python3.8/site-packages/airflow/example_dags/tutorial.py
[2024-09-07T16:16:59.476+0000] {processor.py:830} INFO - Processing file /home/airflow/.local/lib/python3.8/site-packages/airflow/example_dags/tutorial.py for tasks to queue
[2024-09-07T16:16:59.478+0000] {logging_mixin.py:188} INFO - [2024-09-07T16:16:59.477+0000] {dagbag.py:538} INFO - Filling up the DagBag from /home/airflow/.local/lib/python3.8/site-packages/airflow/example_dags/tutorial.py
[2024-09-07T16:16:59.484+0000] {processor.py:840} INFO - DAG(s) 'tutorial' retrieved from /home/airflow/.local/lib/python3.8/site-packages/airflow/example_dags/tutorial.py
[2024-09-07T16:16:59.500+0000] {logging_mixin.py:188} INFO - [2024-09-07T16:16:59.500+0000] {dag.py:3036} INFO - Sync 1 DAGs
[2024-09-07T16:16:59.517+0000] {logging_mixin.py:188} INFO - [2024-09-07T16:16:59.517+0000] {dag.py:3823} INFO - Setting next_dagrun for tutorial to 2024-09-06 00:00:00+00:00, run_after=2024-09-07 00:00:00+00:00
[2024-09-07T16:16:59.573+0000] {processor.py:183} INFO - Processing /home/airflow/.local/lib/python3.8/site-packages/airflow/example_dags/tutorial.py took 0.104 seconds
[2024-09-07T16:17:30.378+0000] {processor.py:161} INFO - Started process (PID=9155) to work on /home/airflow/.local/lib/python3.8/site-packages/airflow/example_dags/tutorial.py
[2024-09-07T16:17:30.378+0000] {processor.py:830} INFO - Processing file /home/airflow/.local/lib/python3.8/site-packages/airflow/example_dags/tutorial.py for tasks to queue
[2024-09-07T16:17:30.379+0000] {logging_mixin.py:188} INFO - [2024-09-07T16:17:30.379+0000] {dagbag.py:538} INFO - Filling up the DagBag from /home/airflow/.local/lib/python3.8/site-packages/airflow/example_dags/tutorial.py
[2024-09-07T16:17:30.383+0000] {processor.py:840} INFO - DAG(s) 'tutorial' retrieved from /home/airflow/.local/lib/python3.8/site-packages/airflow/example_dags/tutorial.py
[2024-09-07T16:17:30.395+0000] {logging_mixin.py:188} INFO - [2024-09-07T16:17:30.395+0000] {dag.py:3036} INFO - Sync 1 DAGs
[2024-09-07T16:17:30.406+0000] {logging_mixin.py:188} INFO - [2024-09-07T16:17:30.406+0000] {dag.py:3823} INFO - Setting next_dagrun for tutorial to 2024-09-06 00:00:00+00:00, run_after=2024-09-07 00:00:00+00:00
[2024-09-07T16:17:30.416+0000] {processor.py:183} INFO - Processing /home/airflow/.local/lib/python3.8/site-packages/airflow/example_dags/tutorial.py took 0.041 seconds
[2024-09-07T16:18:01.077+0000] {processor.py:161} INFO - Started process (PID=9408) to work on /home/airflow/.local/lib/python3.8/site-packages/airflow/example_dags/tutorial.py
[2024-09-07T16:18:01.078+0000] {processor.py:830} INFO - Processing file /home/airflow/.local/lib/python3.8/site-packages/airflow/example_dags/tutorial.py for tasks to queue
[2024-09-07T16:18:01.079+0000] {logging_mixin.py:188} INFO - [2024-09-07T16:18:01.079+0000] {dagbag.py:538} INFO - Filling up the DagBag from /home/airflow/.local/lib/python3.8/site-packages/airflow/example_dags/tutorial.py
[2024-09-07T16:18:01.083+0000] {processor.py:840} INFO - DAG(s) 'tutorial' retrieved from /home/airflow/.local/lib/python3.8/site-packages/airflow/example_dags/tutorial.py
[2024-09-07T16:18:01.095+0000] {logging_mixin.py:188} INFO - [2024-09-07T16:18:01.095+0000] {dag.py:3036} INFO - Sync 1 DAGs
[2024-09-07T16:18:01.106+0000] {logging_mixin.py:188} INFO - [2024-09-07T16:18:01.106+0000] {dag.py:3823} INFO - Setting next_dagrun for tutorial to 2024-09-06 00:00:00+00:00, run_after=2024-09-07 00:00:00+00:00
[2024-09-07T16:18:01.115+0000] {processor.py:183} INFO - Processing /home/airflow/.local/lib/python3.8/site-packages/airflow/example_dags/tutorial.py took 0.041 seconds
[2024-09-07T16:18:31.922+0000] {processor.py:161} INFO - Started process (PID=9655) to work on /home/airflow/.local/lib/python3.8/site-packages/airflow/example_dags/tutorial.py
[2024-09-07T16:18:31.927+0000] {processor.py:830} INFO - Processing file /home/airflow/.local/lib/python3.8/site-packages/airflow/example_dags/tutorial.py for tasks to queue
[2024-09-07T16:18:31.939+0000] {logging_mixin.py:188} INFO - [2024-09-07T16:18:31.939+0000] {dagbag.py:538} INFO - Filling up the DagBag from /home/airflow/.local/lib/python3.8/site-packages/airflow/example_dags/tutorial.py
[2024-09-07T16:18:31.953+0000] {processor.py:840} INFO - DAG(s) 'tutorial' retrieved from /home/airflow/.local/lib/python3.8/site-packages/airflow/example_dags/tutorial.py
[2024-09-07T16:18:31.982+0000] {logging_mixin.py:188} INFO - [2024-09-07T16:18:31.982+0000] {dag.py:3036} INFO - Sync 1 DAGs
[2024-09-07T16:18:32.001+0000] {logging_mixin.py:188} INFO - [2024-09-07T16:18:32.001+0000] {dag.py:3823} INFO - Setting next_dagrun for tutorial to 2024-09-06 00:00:00+00:00, run_after=2024-09-07 00:00:00+00:00
[2024-09-07T16:18:32.012+0000] {processor.py:183} INFO - Processing /home/airflow/.local/lib/python3.8/site-packages/airflow/example_dags/tutorial.py took 0.097 seconds
[2024-09-07T16:19:02.074+0000] {processor.py:161} INFO - Started process (PID=9902) to work on /home/airflow/.local/lib/python3.8/site-packages/airflow/example_dags/tutorial.py
[2024-09-07T16:19:02.075+0000] {processor.py:830} INFO - Processing file /home/airflow/.local/lib/python3.8/site-packages/airflow/example_dags/tutorial.py for tasks to queue
[2024-09-07T16:19:02.076+0000] {logging_mixin.py:188} INFO - [2024-09-07T16:19:02.076+0000] {dagbag.py:538} INFO - Filling up the DagBag from /home/airflow/.local/lib/python3.8/site-packages/airflow/example_dags/tutorial.py
[2024-09-07T16:19:02.080+0000] {processor.py:840} INFO - DAG(s) 'tutorial' retrieved from /home/airflow/.local/lib/python3.8/site-packages/airflow/example_dags/tutorial.py
[2024-09-07T16:19:02.094+0000] {logging_mixin.py:188} INFO - [2024-09-07T16:19:02.094+0000] {dag.py:3036} INFO - Sync 1 DAGs
[2024-09-07T16:19:02.107+0000] {logging_mixin.py:188} INFO - [2024-09-07T16:19:02.107+0000] {dag.py:3823} INFO - Setting next_dagrun for tutorial to 2024-09-06 00:00:00+00:00, run_after=2024-09-07 00:00:00+00:00
[2024-09-07T16:19:02.118+0000] {processor.py:183} INFO - Processing /home/airflow/.local/lib/python3.8/site-packages/airflow/example_dags/tutorial.py took 0.046 seconds
[2024-09-07T16:19:32.980+0000] {processor.py:161} INFO - Started process (PID=10151) to work on /home/airflow/.local/lib/python3.8/site-packages/airflow/example_dags/tutorial.py
[2024-09-07T16:19:32.983+0000] {processor.py:830} INFO - Processing file /home/airflow/.local/lib/python3.8/site-packages/airflow/example_dags/tutorial.py for tasks to queue
[2024-09-07T16:19:32.985+0000] {logging_mixin.py:188} INFO - [2024-09-07T16:19:32.984+0000] {dagbag.py:538} INFO - Filling up the DagBag from /home/airflow/.local/lib/python3.8/site-packages/airflow/example_dags/tutorial.py
[2024-09-07T16:19:32.990+0000] {processor.py:840} INFO - DAG(s) 'tutorial' retrieved from /home/airflow/.local/lib/python3.8/site-packages/airflow/example_dags/tutorial.py
[2024-09-07T16:19:33.014+0000] {logging_mixin.py:188} INFO - [2024-09-07T16:19:33.013+0000] {dag.py:3036} INFO - Sync 1 DAGs
[2024-09-07T16:19:33.096+0000] {logging_mixin.py:188} INFO - [2024-09-07T16:19:33.095+0000] {dag.py:3823} INFO - Setting next_dagrun for tutorial to 2024-09-06 00:00:00+00:00, run_after=2024-09-07 00:00:00+00:00
[2024-09-07T16:19:33.112+0000] {processor.py:183} INFO - Processing /home/airflow/.local/lib/python3.8/site-packages/airflow/example_dags/tutorial.py took 0.135 seconds
[2024-09-07T16:20:03.386+0000] {processor.py:161} INFO - Started process (PID=10398) to work on /home/airflow/.local/lib/python3.8/site-packages/airflow/example_dags/tutorial.py
[2024-09-07T16:20:03.387+0000] {processor.py:830} INFO - Processing file /home/airflow/.local/lib/python3.8/site-packages/airflow/example_dags/tutorial.py for tasks to queue
[2024-09-07T16:20:03.388+0000] {logging_mixin.py:188} INFO - [2024-09-07T16:20:03.387+0000] {dagbag.py:538} INFO - Filling up the DagBag from /home/airflow/.local/lib/python3.8/site-packages/airflow/example_dags/tutorial.py
[2024-09-07T16:20:03.392+0000] {processor.py:840} INFO - DAG(s) 'tutorial' retrieved from /home/airflow/.local/lib/python3.8/site-packages/airflow/example_dags/tutorial.py
[2024-09-07T16:20:03.405+0000] {logging_mixin.py:188} INFO - [2024-09-07T16:20:03.405+0000] {dag.py:3036} INFO - Sync 1 DAGs
[2024-09-07T16:20:03.417+0000] {logging_mixin.py:188} INFO - [2024-09-07T16:20:03.417+0000] {dag.py:3823} INFO - Setting next_dagrun for tutorial to 2024-09-06 00:00:00+00:00, run_after=2024-09-07 00:00:00+00:00
[2024-09-07T16:20:03.427+0000] {processor.py:183} INFO - Processing /home/airflow/.local/lib/python3.8/site-packages/airflow/example_dags/tutorial.py took 0.044 seconds
[2024-09-07T16:20:33.936+0000] {processor.py:161} INFO - Started process (PID=10643) to work on /home/airflow/.local/lib/python3.8/site-packages/airflow/example_dags/tutorial.py
[2024-09-07T16:20:33.937+0000] {processor.py:830} INFO - Processing file /home/airflow/.local/lib/python3.8/site-packages/airflow/example_dags/tutorial.py for tasks to queue
[2024-09-07T16:20:33.938+0000] {logging_mixin.py:188} INFO - [2024-09-07T16:20:33.937+0000] {dagbag.py:538} INFO - Filling up the DagBag from /home/airflow/.local/lib/python3.8/site-packages/airflow/example_dags/tutorial.py
[2024-09-07T16:20:33.942+0000] {processor.py:840} INFO - DAG(s) 'tutorial' retrieved from /home/airflow/.local/lib/python3.8/site-packages/airflow/example_dags/tutorial.py
[2024-09-07T16:20:33.954+0000] {logging_mixin.py:188} INFO - [2024-09-07T16:20:33.954+0000] {dag.py:3036} INFO - Sync 1 DAGs
[2024-09-07T16:20:33.965+0000] {logging_mixin.py:188} INFO - [2024-09-07T16:20:33.965+0000] {dag.py:3823} INFO - Setting next_dagrun for tutorial to 2024-09-06 00:00:00+00:00, run_after=2024-09-07 00:00:00+00:00
[2024-09-07T16:20:33.974+0000] {processor.py:183} INFO - Processing /home/airflow/.local/lib/python3.8/site-packages/airflow/example_dags/tutorial.py took 0.043 seconds
[2024-09-07T16:21:04.528+0000] {processor.py:161} INFO - Started process (PID=10889) to work on /home/airflow/.local/lib/python3.8/site-packages/airflow/example_dags/tutorial.py
[2024-09-07T16:21:04.529+0000] {processor.py:830} INFO - Processing file /home/airflow/.local/lib/python3.8/site-packages/airflow/example_dags/tutorial.py for tasks to queue
[2024-09-07T16:21:04.530+0000] {logging_mixin.py:188} INFO - [2024-09-07T16:21:04.530+0000] {dagbag.py:538} INFO - Filling up the DagBag from /home/airflow/.local/lib/python3.8/site-packages/airflow/example_dags/tutorial.py
[2024-09-07T16:21:04.536+0000] {processor.py:840} INFO - DAG(s) 'tutorial' retrieved from /home/airflow/.local/lib/python3.8/site-packages/airflow/example_dags/tutorial.py
[2024-09-07T16:21:04.552+0000] {logging_mixin.py:188} INFO - [2024-09-07T16:21:04.552+0000] {dag.py:3036} INFO - Sync 1 DAGs
[2024-09-07T16:21:04.577+0000] {logging_mixin.py:188} INFO - [2024-09-07T16:21:04.576+0000] {dag.py:3823} INFO - Setting next_dagrun for tutorial to 2024-09-06 00:00:00+00:00, run_after=2024-09-07 00:00:00+00:00
[2024-09-07T16:21:04.591+0000] {processor.py:183} INFO - Processing /home/airflow/.local/lib/python3.8/site-packages/airflow/example_dags/tutorial.py took 0.065 seconds
[2024-09-07T16:21:35.405+0000] {processor.py:161} INFO - Started process (PID=11135) to work on /home/airflow/.local/lib/python3.8/site-packages/airflow/example_dags/tutorial.py
[2024-09-07T16:21:35.405+0000] {processor.py:830} INFO - Processing file /home/airflow/.local/lib/python3.8/site-packages/airflow/example_dags/tutorial.py for tasks to queue
[2024-09-07T16:21:35.406+0000] {logging_mixin.py:188} INFO - [2024-09-07T16:21:35.406+0000] {dagbag.py:538} INFO - Filling up the DagBag from /home/airflow/.local/lib/python3.8/site-packages/airflow/example_dags/tutorial.py
[2024-09-07T16:21:35.410+0000] {processor.py:840} INFO - DAG(s) 'tutorial' retrieved from /home/airflow/.local/lib/python3.8/site-packages/airflow/example_dags/tutorial.py
[2024-09-07T16:21:35.423+0000] {logging_mixin.py:188} INFO - [2024-09-07T16:21:35.423+0000] {dag.py:3036} INFO - Sync 1 DAGs
[2024-09-07T16:21:35.436+0000] {logging_mixin.py:188} INFO - [2024-09-07T16:21:35.436+0000] {dag.py:3823} INFO - Setting next_dagrun for tutorial to 2024-09-06 00:00:00+00:00, run_after=2024-09-07 00:00:00+00:00
[2024-09-07T16:21:35.446+0000] {processor.py:183} INFO - Processing /home/airflow/.local/lib/python3.8/site-packages/airflow/example_dags/tutorial.py took 0.043 seconds
[2024-09-07T16:22:06.461+0000] {processor.py:161} INFO - Started process (PID=11383) to work on /home/airflow/.local/lib/python3.8/site-packages/airflow/example_dags/tutorial.py
[2024-09-07T16:22:06.461+0000] {processor.py:830} INFO - Processing file /home/airflow/.local/lib/python3.8/site-packages/airflow/example_dags/tutorial.py for tasks to queue
[2024-09-07T16:22:06.462+0000] {logging_mixin.py:188} INFO - [2024-09-07T16:22:06.462+0000] {dagbag.py:538} INFO - Filling up the DagBag from /home/airflow/.local/lib/python3.8/site-packages/airflow/example_dags/tutorial.py
[2024-09-07T16:22:06.466+0000] {processor.py:840} INFO - DAG(s) 'tutorial' retrieved from /home/airflow/.local/lib/python3.8/site-packages/airflow/example_dags/tutorial.py
[2024-09-07T16:22:06.480+0000] {logging_mixin.py:188} INFO - [2024-09-07T16:22:06.480+0000] {dag.py:3036} INFO - Sync 1 DAGs
[2024-09-07T16:22:06.491+0000] {logging_mixin.py:188} INFO - [2024-09-07T16:22:06.491+0000] {dag.py:3823} INFO - Setting next_dagrun for tutorial to 2024-09-06 00:00:00+00:00, run_after=2024-09-07 00:00:00+00:00
[2024-09-07T16:22:06.503+0000] {processor.py:183} INFO - Processing /home/airflow/.local/lib/python3.8/site-packages/airflow/example_dags/tutorial.py took 0.044 seconds
[2024-09-07T16:22:36.971+0000] {processor.py:161} INFO - Started process (PID=11630) to work on /home/airflow/.local/lib/python3.8/site-packages/airflow/example_dags/tutorial.py
[2024-09-07T16:22:36.972+0000] {processor.py:830} INFO - Processing file /home/airflow/.local/lib/python3.8/site-packages/airflow/example_dags/tutorial.py for tasks to queue
[2024-09-07T16:22:36.973+0000] {logging_mixin.py:188} INFO - [2024-09-07T16:22:36.973+0000] {dagbag.py:538} INFO - Filling up the DagBag from /home/airflow/.local/lib/python3.8/site-packages/airflow/example_dags/tutorial.py
[2024-09-07T16:22:36.977+0000] {processor.py:840} INFO - DAG(s) 'tutorial' retrieved from /home/airflow/.local/lib/python3.8/site-packages/airflow/example_dags/tutorial.py
[2024-09-07T16:22:36.989+0000] {logging_mixin.py:188} INFO - [2024-09-07T16:22:36.989+0000] {dag.py:3036} INFO - Sync 1 DAGs
[2024-09-07T16:22:37.001+0000] {logging_mixin.py:188} INFO - [2024-09-07T16:22:37.001+0000] {dag.py:3823} INFO - Setting next_dagrun for tutorial to 2024-09-06 00:00:00+00:00, run_after=2024-09-07 00:00:00+00:00
[2024-09-07T16:22:37.010+0000] {processor.py:183} INFO - Processing /home/airflow/.local/lib/python3.8/site-packages/airflow/example_dags/tutorial.py took 0.041 seconds
[2024-09-07T16:23:07.714+0000] {processor.py:161} INFO - Started process (PID=11877) to work on /home/airflow/.local/lib/python3.8/site-packages/airflow/example_dags/tutorial.py
[2024-09-07T16:23:07.715+0000] {processor.py:830} INFO - Processing file /home/airflow/.local/lib/python3.8/site-packages/airflow/example_dags/tutorial.py for tasks to queue
[2024-09-07T16:23:07.716+0000] {logging_mixin.py:188} INFO - [2024-09-07T16:23:07.716+0000] {dagbag.py:538} INFO - Filling up the DagBag from /home/airflow/.local/lib/python3.8/site-packages/airflow/example_dags/tutorial.py
[2024-09-07T16:23:07.720+0000] {processor.py:840} INFO - DAG(s) 'tutorial' retrieved from /home/airflow/.local/lib/python3.8/site-packages/airflow/example_dags/tutorial.py
[2024-09-07T16:23:07.733+0000] {logging_mixin.py:188} INFO - [2024-09-07T16:23:07.733+0000] {dag.py:3036} INFO - Sync 1 DAGs
[2024-09-07T16:23:07.745+0000] {logging_mixin.py:188} INFO - [2024-09-07T16:23:07.745+0000] {dag.py:3823} INFO - Setting next_dagrun for tutorial to 2024-09-06 00:00:00+00:00, run_after=2024-09-07 00:00:00+00:00
[2024-09-07T16:23:07.755+0000] {processor.py:183} INFO - Processing /home/airflow/.local/lib/python3.8/site-packages/airflow/example_dags/tutorial.py took 0.043 seconds
[2024-09-07T16:23:38.316+0000] {processor.py:161} INFO - Started process (PID=12124) to work on /home/airflow/.local/lib/python3.8/site-packages/airflow/example_dags/tutorial.py
[2024-09-07T16:23:38.317+0000] {processor.py:830} INFO - Processing file /home/airflow/.local/lib/python3.8/site-packages/airflow/example_dags/tutorial.py for tasks to queue
[2024-09-07T16:23:38.317+0000] {logging_mixin.py:188} INFO - [2024-09-07T16:23:38.317+0000] {dagbag.py:538} INFO - Filling up the DagBag from /home/airflow/.local/lib/python3.8/site-packages/airflow/example_dags/tutorial.py
[2024-09-07T16:23:38.322+0000] {processor.py:840} INFO - DAG(s) 'tutorial' retrieved from /home/airflow/.local/lib/python3.8/site-packages/airflow/example_dags/tutorial.py
[2024-09-07T16:23:38.335+0000] {logging_mixin.py:188} INFO - [2024-09-07T16:23:38.335+0000] {dag.py:3036} INFO - Sync 1 DAGs
[2024-09-07T16:23:38.348+0000] {logging_mixin.py:188} INFO - [2024-09-07T16:23:38.348+0000] {dag.py:3823} INFO - Setting next_dagrun for tutorial to 2024-09-06 00:00:00+00:00, run_after=2024-09-07 00:00:00+00:00
[2024-09-07T16:23:38.359+0000] {processor.py:183} INFO - Processing /home/airflow/.local/lib/python3.8/site-packages/airflow/example_dags/tutorial.py took 0.046 seconds
[2024-09-07T16:24:09.068+0000] {processor.py:161} INFO - Started process (PID=12371) to work on /home/airflow/.local/lib/python3.8/site-packages/airflow/example_dags/tutorial.py
[2024-09-07T16:24:09.069+0000] {processor.py:830} INFO - Processing file /home/airflow/.local/lib/python3.8/site-packages/airflow/example_dags/tutorial.py for tasks to queue
[2024-09-07T16:24:09.070+0000] {logging_mixin.py:188} INFO - [2024-09-07T16:24:09.070+0000] {dagbag.py:538} INFO - Filling up the DagBag from /home/airflow/.local/lib/python3.8/site-packages/airflow/example_dags/tutorial.py
[2024-09-07T16:24:09.074+0000] {processor.py:840} INFO - DAG(s) 'tutorial' retrieved from /home/airflow/.local/lib/python3.8/site-packages/airflow/example_dags/tutorial.py
[2024-09-07T16:24:09.088+0000] {logging_mixin.py:188} INFO - [2024-09-07T16:24:09.088+0000] {dag.py:3036} INFO - Sync 1 DAGs
[2024-09-07T16:24:09.102+0000] {logging_mixin.py:188} INFO - [2024-09-07T16:24:09.102+0000] {dag.py:3823} INFO - Setting next_dagrun for tutorial to 2024-09-06 00:00:00+00:00, run_after=2024-09-07 00:00:00+00:00
[2024-09-07T16:24:09.115+0000] {processor.py:183} INFO - Processing /home/airflow/.local/lib/python3.8/site-packages/airflow/example_dags/tutorial.py took 0.049 seconds
[2024-09-07T16:24:39.149+0000] {processor.py:161} INFO - Started process (PID=12620) to work on /home/airflow/.local/lib/python3.8/site-packages/airflow/example_dags/tutorial.py
[2024-09-07T16:24:39.150+0000] {processor.py:830} INFO - Processing file /home/airflow/.local/lib/python3.8/site-packages/airflow/example_dags/tutorial.py for tasks to queue
[2024-09-07T16:24:39.150+0000] {logging_mixin.py:188} INFO - [2024-09-07T16:24:39.150+0000] {dagbag.py:538} INFO - Filling up the DagBag from /home/airflow/.local/lib/python3.8/site-packages/airflow/example_dags/tutorial.py
[2024-09-07T16:24:39.154+0000] {processor.py:840} INFO - DAG(s) 'tutorial' retrieved from /home/airflow/.local/lib/python3.8/site-packages/airflow/example_dags/tutorial.py
[2024-09-07T16:24:39.165+0000] {logging_mixin.py:188} INFO - [2024-09-07T16:24:39.165+0000] {dag.py:3036} INFO - Sync 1 DAGs
[2024-09-07T16:24:39.176+0000] {logging_mixin.py:188} INFO - [2024-09-07T16:24:39.176+0000] {dag.py:3823} INFO - Setting next_dagrun for tutorial to 2024-09-06 00:00:00+00:00, run_after=2024-09-07 00:00:00+00:00
[2024-09-07T16:24:39.184+0000] {processor.py:183} INFO - Processing /home/airflow/.local/lib/python3.8/site-packages/airflow/example_dags/tutorial.py took 0.037 seconds
[2024-09-07T16:25:09.824+0000] {processor.py:161} INFO - Started process (PID=12867) to work on /home/airflow/.local/lib/python3.8/site-packages/airflow/example_dags/tutorial.py
[2024-09-07T16:25:09.824+0000] {processor.py:830} INFO - Processing file /home/airflow/.local/lib/python3.8/site-packages/airflow/example_dags/tutorial.py for tasks to queue
[2024-09-07T16:25:09.825+0000] {logging_mixin.py:188} INFO - [2024-09-07T16:25:09.825+0000] {dagbag.py:538} INFO - Filling up the DagBag from /home/airflow/.local/lib/python3.8/site-packages/airflow/example_dags/tutorial.py
[2024-09-07T16:25:09.829+0000] {processor.py:840} INFO - DAG(s) 'tutorial' retrieved from /home/airflow/.local/lib/python3.8/site-packages/airflow/example_dags/tutorial.py
[2024-09-07T16:25:09.842+0000] {logging_mixin.py:188} INFO - [2024-09-07T16:25:09.841+0000] {dag.py:3036} INFO - Sync 1 DAGs
[2024-09-07T16:25:09.853+0000] {logging_mixin.py:188} INFO - [2024-09-07T16:25:09.853+0000] {dag.py:3823} INFO - Setting next_dagrun for tutorial to 2024-09-06 00:00:00+00:00, run_after=2024-09-07 00:00:00+00:00
[2024-09-07T16:25:09.862+0000] {processor.py:183} INFO - Processing /home/airflow/.local/lib/python3.8/site-packages/airflow/example_dags/tutorial.py took 0.042 seconds
[2024-09-07T16:25:40.422+0000] {processor.py:161} INFO - Started process (PID=13112) to work on /home/airflow/.local/lib/python3.8/site-packages/airflow/example_dags/tutorial.py
[2024-09-07T16:25:40.423+0000] {processor.py:830} INFO - Processing file /home/airflow/.local/lib/python3.8/site-packages/airflow/example_dags/tutorial.py for tasks to queue
[2024-09-07T16:25:40.424+0000] {logging_mixin.py:188} INFO - [2024-09-07T16:25:40.424+0000] {dagbag.py:538} INFO - Filling up the DagBag from /home/airflow/.local/lib/python3.8/site-packages/airflow/example_dags/tutorial.py
[2024-09-07T16:25:40.429+0000] {processor.py:840} INFO - DAG(s) 'tutorial' retrieved from /home/airflow/.local/lib/python3.8/site-packages/airflow/example_dags/tutorial.py
[2024-09-07T16:25:40.441+0000] {logging_mixin.py:188} INFO - [2024-09-07T16:25:40.441+0000] {dag.py:3036} INFO - Sync 1 DAGs
[2024-09-07T16:25:40.452+0000] {logging_mixin.py:188} INFO - [2024-09-07T16:25:40.452+0000] {dag.py:3823} INFO - Setting next_dagrun for tutorial to 2024-09-06 00:00:00+00:00, run_after=2024-09-07 00:00:00+00:00
[2024-09-07T16:25:40.474+0000] {processor.py:183} INFO - Processing /home/airflow/.local/lib/python3.8/site-packages/airflow/example_dags/tutorial.py took 0.054 seconds
[2024-09-07T16:26:11.238+0000] {processor.py:161} INFO - Started process (PID=13361) to work on /home/airflow/.local/lib/python3.8/site-packages/airflow/example_dags/tutorial.py
[2024-09-07T16:26:11.239+0000] {processor.py:830} INFO - Processing file /home/airflow/.local/lib/python3.8/site-packages/airflow/example_dags/tutorial.py for tasks to queue
[2024-09-07T16:26:11.242+0000] {logging_mixin.py:188} INFO - [2024-09-07T16:26:11.242+0000] {dagbag.py:538} INFO - Filling up the DagBag from /home/airflow/.local/lib/python3.8/site-packages/airflow/example_dags/tutorial.py
[2024-09-07T16:26:11.250+0000] {processor.py:840} INFO - DAG(s) 'tutorial' retrieved from /home/airflow/.local/lib/python3.8/site-packages/airflow/example_dags/tutorial.py
[2024-09-07T16:26:11.282+0000] {logging_mixin.py:188} INFO - [2024-09-07T16:26:11.282+0000] {dag.py:3036} INFO - Sync 1 DAGs
[2024-09-07T16:26:11.300+0000] {logging_mixin.py:188} INFO - [2024-09-07T16:26:11.300+0000] {dag.py:3823} INFO - Setting next_dagrun for tutorial to 2024-09-06 00:00:00+00:00, run_after=2024-09-07 00:00:00+00:00
[2024-09-07T16:26:11.328+0000] {processor.py:183} INFO - Processing /home/airflow/.local/lib/python3.8/site-packages/airflow/example_dags/tutorial.py took 0.092 seconds
[2024-09-07T16:26:41.382+0000] {processor.py:161} INFO - Started process (PID=13606) to work on /home/airflow/.local/lib/python3.8/site-packages/airflow/example_dags/tutorial.py
[2024-09-07T16:26:41.383+0000] {processor.py:830} INFO - Processing file /home/airflow/.local/lib/python3.8/site-packages/airflow/example_dags/tutorial.py for tasks to queue
[2024-09-07T16:26:41.383+0000] {logging_mixin.py:188} INFO - [2024-09-07T16:26:41.383+0000] {dagbag.py:538} INFO - Filling up the DagBag from /home/airflow/.local/lib/python3.8/site-packages/airflow/example_dags/tutorial.py
[2024-09-07T16:26:41.388+0000] {processor.py:840} INFO - DAG(s) 'tutorial' retrieved from /home/airflow/.local/lib/python3.8/site-packages/airflow/example_dags/tutorial.py
[2024-09-07T16:26:41.400+0000] {logging_mixin.py:188} INFO - [2024-09-07T16:26:41.400+0000] {dag.py:3036} INFO - Sync 1 DAGs
[2024-09-07T16:26:41.416+0000] {logging_mixin.py:188} INFO - [2024-09-07T16:26:41.416+0000] {dag.py:3823} INFO - Setting next_dagrun for tutorial to 2024-09-06 00:00:00+00:00, run_after=2024-09-07 00:00:00+00:00
[2024-09-07T16:26:41.429+0000] {processor.py:183} INFO - Processing /home/airflow/.local/lib/python3.8/site-packages/airflow/example_dags/tutorial.py took 0.049 seconds
[2024-09-07T16:27:12.308+0000] {processor.py:161} INFO - Started process (PID=13853) to work on /home/airflow/.local/lib/python3.8/site-packages/airflow/example_dags/tutorial.py
[2024-09-07T16:27:12.309+0000] {processor.py:830} INFO - Processing file /home/airflow/.local/lib/python3.8/site-packages/airflow/example_dags/tutorial.py for tasks to queue
[2024-09-07T16:27:12.310+0000] {logging_mixin.py:188} INFO - [2024-09-07T16:27:12.310+0000] {dagbag.py:538} INFO - Filling up the DagBag from /home/airflow/.local/lib/python3.8/site-packages/airflow/example_dags/tutorial.py
[2024-09-07T16:27:12.314+0000] {processor.py:840} INFO - DAG(s) 'tutorial' retrieved from /home/airflow/.local/lib/python3.8/site-packages/airflow/example_dags/tutorial.py
[2024-09-07T16:27:12.331+0000] {logging_mixin.py:188} INFO - [2024-09-07T16:27:12.331+0000] {dag.py:3036} INFO - Sync 1 DAGs
[2024-09-07T16:27:12.345+0000] {logging_mixin.py:188} INFO - [2024-09-07T16:27:12.345+0000] {dag.py:3823} INFO - Setting next_dagrun for tutorial to 2024-09-06 00:00:00+00:00, run_after=2024-09-07 00:00:00+00:00
[2024-09-07T16:27:12.367+0000] {processor.py:183} INFO - Processing /home/airflow/.local/lib/python3.8/site-packages/airflow/example_dags/tutorial.py took 0.061 seconds
[2024-09-07T16:27:43.039+0000] {processor.py:161} INFO - Started process (PID=14099) to work on /home/airflow/.local/lib/python3.8/site-packages/airflow/example_dags/tutorial.py
[2024-09-07T16:27:43.040+0000] {processor.py:830} INFO - Processing file /home/airflow/.local/lib/python3.8/site-packages/airflow/example_dags/tutorial.py for tasks to queue
[2024-09-07T16:27:43.041+0000] {logging_mixin.py:188} INFO - [2024-09-07T16:27:43.041+0000] {dagbag.py:538} INFO - Filling up the DagBag from /home/airflow/.local/lib/python3.8/site-packages/airflow/example_dags/tutorial.py
[2024-09-07T16:27:43.046+0000] {processor.py:840} INFO - DAG(s) 'tutorial' retrieved from /home/airflow/.local/lib/python3.8/site-packages/airflow/example_dags/tutorial.py
[2024-09-07T16:27:43.062+0000] {logging_mixin.py:188} INFO - [2024-09-07T16:27:43.062+0000] {dag.py:3036} INFO - Sync 1 DAGs
[2024-09-07T16:27:43.077+0000] {logging_mixin.py:188} INFO - [2024-09-07T16:27:43.076+0000] {dag.py:3823} INFO - Setting next_dagrun for tutorial to 2024-09-06 00:00:00+00:00, run_after=2024-09-07 00:00:00+00:00
[2024-09-07T16:27:43.087+0000] {processor.py:183} INFO - Processing /home/airflow/.local/lib/python3.8/site-packages/airflow/example_dags/tutorial.py took 0.050 seconds
[2024-09-07T16:28:13.728+0000] {processor.py:161} INFO - Started process (PID=14346) to work on /home/airflow/.local/lib/python3.8/site-packages/airflow/example_dags/tutorial.py
[2024-09-07T16:28:13.729+0000] {processor.py:830} INFO - Processing file /home/airflow/.local/lib/python3.8/site-packages/airflow/example_dags/tutorial.py for tasks to queue
[2024-09-07T16:28:13.729+0000] {logging_mixin.py:188} INFO - [2024-09-07T16:28:13.729+0000] {dagbag.py:538} INFO - Filling up the DagBag from /home/airflow/.local/lib/python3.8/site-packages/airflow/example_dags/tutorial.py
[2024-09-07T16:28:13.733+0000] {processor.py:840} INFO - DAG(s) 'tutorial' retrieved from /home/airflow/.local/lib/python3.8/site-packages/airflow/example_dags/tutorial.py
[2024-09-07T16:28:13.745+0000] {logging_mixin.py:188} INFO - [2024-09-07T16:28:13.745+0000] {dag.py:3036} INFO - Sync 1 DAGs
[2024-09-07T16:28:13.758+0000] {logging_mixin.py:188} INFO - [2024-09-07T16:28:13.758+0000] {dag.py:3823} INFO - Setting next_dagrun for tutorial to 2024-09-06 00:00:00+00:00, run_after=2024-09-07 00:00:00+00:00
[2024-09-07T16:28:13.767+0000] {processor.py:183} INFO - Processing /home/airflow/.local/lib/python3.8/site-packages/airflow/example_dags/tutorial.py took 0.042 seconds
