[2024-09-07T15:59:07.930+0000] {processor.py:161} INFO - Started process (PID=226) to work on /home/airflow/.local/lib/python3.8/site-packages/airflow/example_dags/tutorial_objectstorage.py
[2024-09-07T15:59:07.931+0000] {processor.py:830} INFO - Processing file /home/airflow/.local/lib/python3.8/site-packages/airflow/example_dags/tutorial_objectstorage.py for tasks to queue
[2024-09-07T15:59:07.933+0000] {logging_mixin.py:188} INFO - [2024-09-07T15:59:07.932+0000] {dagbag.py:538} INFO - Filling up the DagBag from /home/airflow/.local/lib/python3.8/site-packages/airflow/example_dags/tutorial_objectstorage.py
[2024-09-07T15:59:07.940+0000] {processor.py:840} INFO - DAG(s) 'tutorial_objectstorage' retrieved from /home/airflow/.local/lib/python3.8/site-packages/airflow/example_dags/tutorial_objectstorage.py
[2024-09-07T15:59:07.954+0000] {logging_mixin.py:188} INFO - [2024-09-07T15:59:07.954+0000] {dag.py:3036} INFO - Sync 1 DAGs
[2024-09-07T15:59:07.961+0000] {logging_mixin.py:188} INFO - [2024-09-07T15:59:07.961+0000] {dag.py:3823} INFO - Setting next_dagrun for tutorial_objectstorage to None, run_after=None
[2024-09-07T15:59:07.980+0000] {processor.py:183} INFO - Processing /home/airflow/.local/lib/python3.8/site-packages/airflow/example_dags/tutorial_objectstorage.py took 0.053 seconds
[2024-09-07T15:59:38.655+0000] {processor.py:161} INFO - Started process (PID=475) to work on /home/airflow/.local/lib/python3.8/site-packages/airflow/example_dags/tutorial_objectstorage.py
[2024-09-07T15:59:38.656+0000] {processor.py:830} INFO - Processing file /home/airflow/.local/lib/python3.8/site-packages/airflow/example_dags/tutorial_objectstorage.py for tasks to queue
[2024-09-07T15:59:38.656+0000] {logging_mixin.py:188} INFO - [2024-09-07T15:59:38.656+0000] {dagbag.py:538} INFO - Filling up the DagBag from /home/airflow/.local/lib/python3.8/site-packages/airflow/example_dags/tutorial_objectstorage.py
[2024-09-07T15:59:38.660+0000] {processor.py:840} INFO - DAG(s) 'tutorial_objectstorage' retrieved from /home/airflow/.local/lib/python3.8/site-packages/airflow/example_dags/tutorial_objectstorage.py
[2024-09-07T15:59:38.671+0000] {logging_mixin.py:188} INFO - [2024-09-07T15:59:38.671+0000] {dag.py:3036} INFO - Sync 1 DAGs
[2024-09-07T15:59:38.677+0000] {logging_mixin.py:188} INFO - [2024-09-07T15:59:38.677+0000] {dag.py:3823} INFO - Setting next_dagrun for tutorial_objectstorage to None, run_after=None
[2024-09-07T15:59:38.685+0000] {processor.py:183} INFO - Processing /home/airflow/.local/lib/python3.8/site-packages/airflow/example_dags/tutorial_objectstorage.py took 0.032 seconds
[2024-09-07T16:00:09.435+0000] {processor.py:161} INFO - Started process (PID=722) to work on /home/airflow/.local/lib/python3.8/site-packages/airflow/example_dags/tutorial_objectstorage.py
[2024-09-07T16:00:09.436+0000] {processor.py:830} INFO - Processing file /home/airflow/.local/lib/python3.8/site-packages/airflow/example_dags/tutorial_objectstorage.py for tasks to queue
[2024-09-07T16:00:09.437+0000] {logging_mixin.py:188} INFO - [2024-09-07T16:00:09.436+0000] {dagbag.py:538} INFO - Filling up the DagBag from /home/airflow/.local/lib/python3.8/site-packages/airflow/example_dags/tutorial_objectstorage.py
[2024-09-07T16:00:09.441+0000] {processor.py:840} INFO - DAG(s) 'tutorial_objectstorage' retrieved from /home/airflow/.local/lib/python3.8/site-packages/airflow/example_dags/tutorial_objectstorage.py
[2024-09-07T16:00:09.453+0000] {logging_mixin.py:188} INFO - [2024-09-07T16:00:09.453+0000] {dag.py:3036} INFO - Sync 1 DAGs
[2024-09-07T16:00:09.459+0000] {logging_mixin.py:188} INFO - [2024-09-07T16:00:09.459+0000] {dag.py:3823} INFO - Setting next_dagrun for tutorial_objectstorage to None, run_after=None
[2024-09-07T16:00:09.469+0000] {processor.py:183} INFO - Processing /home/airflow/.local/lib/python3.8/site-packages/airflow/example_dags/tutorial_objectstorage.py took 0.035 seconds
[2024-09-07T16:00:40.131+0000] {processor.py:161} INFO - Started process (PID=969) to work on /home/airflow/.local/lib/python3.8/site-packages/airflow/example_dags/tutorial_objectstorage.py
[2024-09-07T16:00:40.132+0000] {processor.py:830} INFO - Processing file /home/airflow/.local/lib/python3.8/site-packages/airflow/example_dags/tutorial_objectstorage.py for tasks to queue
[2024-09-07T16:00:40.133+0000] {logging_mixin.py:188} INFO - [2024-09-07T16:00:40.133+0000] {dagbag.py:538} INFO - Filling up the DagBag from /home/airflow/.local/lib/python3.8/site-packages/airflow/example_dags/tutorial_objectstorage.py
[2024-09-07T16:00:40.138+0000] {processor.py:840} INFO - DAG(s) 'tutorial_objectstorage' retrieved from /home/airflow/.local/lib/python3.8/site-packages/airflow/example_dags/tutorial_objectstorage.py
[2024-09-07T16:00:40.152+0000] {logging_mixin.py:188} INFO - [2024-09-07T16:00:40.152+0000] {dag.py:3036} INFO - Sync 1 DAGs
[2024-09-07T16:00:40.161+0000] {logging_mixin.py:188} INFO - [2024-09-07T16:00:40.161+0000] {dag.py:3823} INFO - Setting next_dagrun for tutorial_objectstorage to None, run_after=None
[2024-09-07T16:00:40.172+0000] {processor.py:183} INFO - Processing /home/airflow/.local/lib/python3.8/site-packages/airflow/example_dags/tutorial_objectstorage.py took 0.044 seconds
[2024-09-07T16:01:10.849+0000] {processor.py:161} INFO - Started process (PID=1214) to work on /home/airflow/.local/lib/python3.8/site-packages/airflow/example_dags/tutorial_objectstorage.py
[2024-09-07T16:01:10.850+0000] {processor.py:830} INFO - Processing file /home/airflow/.local/lib/python3.8/site-packages/airflow/example_dags/tutorial_objectstorage.py for tasks to queue
[2024-09-07T16:01:10.851+0000] {logging_mixin.py:188} INFO - [2024-09-07T16:01:10.850+0000] {dagbag.py:538} INFO - Filling up the DagBag from /home/airflow/.local/lib/python3.8/site-packages/airflow/example_dags/tutorial_objectstorage.py
[2024-09-07T16:01:10.855+0000] {processor.py:840} INFO - DAG(s) 'tutorial_objectstorage' retrieved from /home/airflow/.local/lib/python3.8/site-packages/airflow/example_dags/tutorial_objectstorage.py
[2024-09-07T16:01:10.866+0000] {logging_mixin.py:188} INFO - [2024-09-07T16:01:10.866+0000] {dag.py:3036} INFO - Sync 1 DAGs
[2024-09-07T16:01:10.873+0000] {logging_mixin.py:188} INFO - [2024-09-07T16:01:10.873+0000] {dag.py:3823} INFO - Setting next_dagrun for tutorial_objectstorage to None, run_after=None
[2024-09-07T16:01:10.882+0000] {processor.py:183} INFO - Processing /home/airflow/.local/lib/python3.8/site-packages/airflow/example_dags/tutorial_objectstorage.py took 0.035 seconds
[2024-09-07T16:01:41.828+0000] {processor.py:161} INFO - Started process (PID=1460) to work on /home/airflow/.local/lib/python3.8/site-packages/airflow/example_dags/tutorial_objectstorage.py
[2024-09-07T16:01:41.830+0000] {processor.py:830} INFO - Processing file /home/airflow/.local/lib/python3.8/site-packages/airflow/example_dags/tutorial_objectstorage.py for tasks to queue
[2024-09-07T16:01:41.831+0000] {logging_mixin.py:188} INFO - [2024-09-07T16:01:41.831+0000] {dagbag.py:538} INFO - Filling up the DagBag from /home/airflow/.local/lib/python3.8/site-packages/airflow/example_dags/tutorial_objectstorage.py
[2024-09-07T16:01:41.838+0000] {processor.py:840} INFO - DAG(s) 'tutorial_objectstorage' retrieved from /home/airflow/.local/lib/python3.8/site-packages/airflow/example_dags/tutorial_objectstorage.py
[2024-09-07T16:01:41.852+0000] {logging_mixin.py:188} INFO - [2024-09-07T16:01:41.852+0000] {dag.py:3036} INFO - Sync 1 DAGs
[2024-09-07T16:01:41.863+0000] {logging_mixin.py:188} INFO - [2024-09-07T16:01:41.863+0000] {dag.py:3823} INFO - Setting next_dagrun for tutorial_objectstorage to None, run_after=None
[2024-09-07T16:01:41.884+0000] {processor.py:183} INFO - Processing /home/airflow/.local/lib/python3.8/site-packages/airflow/example_dags/tutorial_objectstorage.py took 0.059 seconds
[2024-09-07T16:02:12.256+0000] {processor.py:161} INFO - Started process (PID=1707) to work on /home/airflow/.local/lib/python3.8/site-packages/airflow/example_dags/tutorial_objectstorage.py
[2024-09-07T16:02:12.257+0000] {processor.py:830} INFO - Processing file /home/airflow/.local/lib/python3.8/site-packages/airflow/example_dags/tutorial_objectstorage.py for tasks to queue
[2024-09-07T16:02:12.257+0000] {logging_mixin.py:188} INFO - [2024-09-07T16:02:12.257+0000] {dagbag.py:538} INFO - Filling up the DagBag from /home/airflow/.local/lib/python3.8/site-packages/airflow/example_dags/tutorial_objectstorage.py
[2024-09-07T16:02:12.262+0000] {processor.py:840} INFO - DAG(s) 'tutorial_objectstorage' retrieved from /home/airflow/.local/lib/python3.8/site-packages/airflow/example_dags/tutorial_objectstorage.py
[2024-09-07T16:02:12.314+0000] {logging_mixin.py:188} INFO - [2024-09-07T16:02:12.314+0000] {dag.py:3036} INFO - Sync 1 DAGs
[2024-09-07T16:02:12.320+0000] {logging_mixin.py:188} INFO - [2024-09-07T16:02:12.319+0000] {dag.py:3823} INFO - Setting next_dagrun for tutorial_objectstorage to None, run_after=None
[2024-09-07T16:02:12.329+0000] {processor.py:183} INFO - Processing /home/airflow/.local/lib/python3.8/site-packages/airflow/example_dags/tutorial_objectstorage.py took 0.076 seconds
[2024-09-07T16:02:42.718+0000] {processor.py:161} INFO - Started process (PID=1953) to work on /home/airflow/.local/lib/python3.8/site-packages/airflow/example_dags/tutorial_objectstorage.py
[2024-09-07T16:02:42.718+0000] {processor.py:830} INFO - Processing file /home/airflow/.local/lib/python3.8/site-packages/airflow/example_dags/tutorial_objectstorage.py for tasks to queue
[2024-09-07T16:02:42.719+0000] {logging_mixin.py:188} INFO - [2024-09-07T16:02:42.719+0000] {dagbag.py:538} INFO - Filling up the DagBag from /home/airflow/.local/lib/python3.8/site-packages/airflow/example_dags/tutorial_objectstorage.py
[2024-09-07T16:02:42.724+0000] {processor.py:840} INFO - DAG(s) 'tutorial_objectstorage' retrieved from /home/airflow/.local/lib/python3.8/site-packages/airflow/example_dags/tutorial_objectstorage.py
[2024-09-07T16:02:42.736+0000] {logging_mixin.py:188} INFO - [2024-09-07T16:02:42.735+0000] {dag.py:3036} INFO - Sync 1 DAGs
[2024-09-07T16:02:42.743+0000] {logging_mixin.py:188} INFO - [2024-09-07T16:02:42.743+0000] {dag.py:3823} INFO - Setting next_dagrun for tutorial_objectstorage to None, run_after=None
[2024-09-07T16:02:42.753+0000] {processor.py:183} INFO - Processing /home/airflow/.local/lib/python3.8/site-packages/airflow/example_dags/tutorial_objectstorage.py took 0.038 seconds
[2024-09-07T16:03:12.940+0000] {processor.py:161} INFO - Started process (PID=2200) to work on /home/airflow/.local/lib/python3.8/site-packages/airflow/example_dags/tutorial_objectstorage.py
[2024-09-07T16:03:12.943+0000] {processor.py:830} INFO - Processing file /home/airflow/.local/lib/python3.8/site-packages/airflow/example_dags/tutorial_objectstorage.py for tasks to queue
[2024-09-07T16:03:12.944+0000] {logging_mixin.py:188} INFO - [2024-09-07T16:03:12.944+0000] {dagbag.py:538} INFO - Filling up the DagBag from /home/airflow/.local/lib/python3.8/site-packages/airflow/example_dags/tutorial_objectstorage.py
[2024-09-07T16:03:12.953+0000] {processor.py:840} INFO - DAG(s) 'tutorial_objectstorage' retrieved from /home/airflow/.local/lib/python3.8/site-packages/airflow/example_dags/tutorial_objectstorage.py
[2024-09-07T16:03:12.985+0000] {logging_mixin.py:188} INFO - [2024-09-07T16:03:12.985+0000] {dag.py:3036} INFO - Sync 1 DAGs
[2024-09-07T16:03:13.000+0000] {logging_mixin.py:188} INFO - [2024-09-07T16:03:13.000+0000] {dag.py:3823} INFO - Setting next_dagrun for tutorial_objectstorage to None, run_after=None
[2024-09-07T16:03:13.019+0000] {processor.py:183} INFO - Processing /home/airflow/.local/lib/python3.8/site-packages/airflow/example_dags/tutorial_objectstorage.py took 0.081 seconds
[2024-09-07T16:03:43.058+0000] {processor.py:161} INFO - Started process (PID=2447) to work on /home/airflow/.local/lib/python3.8/site-packages/airflow/example_dags/tutorial_objectstorage.py
[2024-09-07T16:03:43.059+0000] {processor.py:830} INFO - Processing file /home/airflow/.local/lib/python3.8/site-packages/airflow/example_dags/tutorial_objectstorage.py for tasks to queue
[2024-09-07T16:03:43.059+0000] {logging_mixin.py:188} INFO - [2024-09-07T16:03:43.059+0000] {dagbag.py:538} INFO - Filling up the DagBag from /home/airflow/.local/lib/python3.8/site-packages/airflow/example_dags/tutorial_objectstorage.py
[2024-09-07T16:03:43.064+0000] {processor.py:840} INFO - DAG(s) 'tutorial_objectstorage' retrieved from /home/airflow/.local/lib/python3.8/site-packages/airflow/example_dags/tutorial_objectstorage.py
[2024-09-07T16:03:43.075+0000] {logging_mixin.py:188} INFO - [2024-09-07T16:03:43.075+0000] {dag.py:3036} INFO - Sync 1 DAGs
[2024-09-07T16:03:43.091+0000] {logging_mixin.py:188} INFO - [2024-09-07T16:03:43.091+0000] {dag.py:3823} INFO - Setting next_dagrun for tutorial_objectstorage to None, run_after=None
[2024-09-07T16:03:43.107+0000] {processor.py:183} INFO - Processing /home/airflow/.local/lib/python3.8/site-packages/airflow/example_dags/tutorial_objectstorage.py took 0.051 seconds
[2024-09-07T16:04:14.054+0000] {processor.py:161} INFO - Started process (PID=2694) to work on /home/airflow/.local/lib/python3.8/site-packages/airflow/example_dags/tutorial_objectstorage.py
[2024-09-07T16:04:14.055+0000] {processor.py:830} INFO - Processing file /home/airflow/.local/lib/python3.8/site-packages/airflow/example_dags/tutorial_objectstorage.py for tasks to queue
[2024-09-07T16:04:14.056+0000] {logging_mixin.py:188} INFO - [2024-09-07T16:04:14.056+0000] {dagbag.py:538} INFO - Filling up the DagBag from /home/airflow/.local/lib/python3.8/site-packages/airflow/example_dags/tutorial_objectstorage.py
[2024-09-07T16:04:14.061+0000] {processor.py:840} INFO - DAG(s) 'tutorial_objectstorage' retrieved from /home/airflow/.local/lib/python3.8/site-packages/airflow/example_dags/tutorial_objectstorage.py
[2024-09-07T16:04:14.068+0000] {logging_mixin.py:188} INFO - [2024-09-07T16:04:14.068+0000] {dag.py:3036} INFO - Sync 1 DAGs
[2024-09-07T16:04:14.076+0000] {logging_mixin.py:188} INFO - [2024-09-07T16:04:14.076+0000] {dag.py:3823} INFO - Setting next_dagrun for tutorial_objectstorage to None, run_after=None
[2024-09-07T16:04:14.086+0000] {processor.py:183} INFO - Processing /home/airflow/.local/lib/python3.8/site-packages/airflow/example_dags/tutorial_objectstorage.py took 0.034 seconds
[2024-09-07T16:04:44.971+0000] {processor.py:161} INFO - Started process (PID=2941) to work on /home/airflow/.local/lib/python3.8/site-packages/airflow/example_dags/tutorial_objectstorage.py
[2024-09-07T16:04:44.972+0000] {processor.py:830} INFO - Processing file /home/airflow/.local/lib/python3.8/site-packages/airflow/example_dags/tutorial_objectstorage.py for tasks to queue
[2024-09-07T16:04:44.973+0000] {logging_mixin.py:188} INFO - [2024-09-07T16:04:44.972+0000] {dagbag.py:538} INFO - Filling up the DagBag from /home/airflow/.local/lib/python3.8/site-packages/airflow/example_dags/tutorial_objectstorage.py
[2024-09-07T16:04:44.978+0000] {processor.py:840} INFO - DAG(s) 'tutorial_objectstorage' retrieved from /home/airflow/.local/lib/python3.8/site-packages/airflow/example_dags/tutorial_objectstorage.py
[2024-09-07T16:04:45.027+0000] {logging_mixin.py:188} INFO - [2024-09-07T16:04:45.027+0000] {dag.py:3036} INFO - Sync 1 DAGs
[2024-09-07T16:04:45.033+0000] {logging_mixin.py:188} INFO - [2024-09-07T16:04:45.033+0000] {dag.py:3823} INFO - Setting next_dagrun for tutorial_objectstorage to None, run_after=None
[2024-09-07T16:04:45.043+0000] {processor.py:183} INFO - Processing /home/airflow/.local/lib/python3.8/site-packages/airflow/example_dags/tutorial_objectstorage.py took 0.075 seconds
[2024-09-07T16:05:15.424+0000] {processor.py:161} INFO - Started process (PID=3188) to work on /home/airflow/.local/lib/python3.8/site-packages/airflow/example_dags/tutorial_objectstorage.py
[2024-09-07T16:05:15.425+0000] {processor.py:830} INFO - Processing file /home/airflow/.local/lib/python3.8/site-packages/airflow/example_dags/tutorial_objectstorage.py for tasks to queue
[2024-09-07T16:05:15.426+0000] {logging_mixin.py:188} INFO - [2024-09-07T16:05:15.426+0000] {dagbag.py:538} INFO - Filling up the DagBag from /home/airflow/.local/lib/python3.8/site-packages/airflow/example_dags/tutorial_objectstorage.py
[2024-09-07T16:05:15.431+0000] {processor.py:840} INFO - DAG(s) 'tutorial_objectstorage' retrieved from /home/airflow/.local/lib/python3.8/site-packages/airflow/example_dags/tutorial_objectstorage.py
[2024-09-07T16:05:15.447+0000] {logging_mixin.py:188} INFO - [2024-09-07T16:05:15.447+0000] {dag.py:3036} INFO - Sync 1 DAGs
[2024-09-07T16:05:15.455+0000] {logging_mixin.py:188} INFO - [2024-09-07T16:05:15.454+0000] {dag.py:3823} INFO - Setting next_dagrun for tutorial_objectstorage to None, run_after=None
[2024-09-07T16:05:15.467+0000] {processor.py:183} INFO - Processing /home/airflow/.local/lib/python3.8/site-packages/airflow/example_dags/tutorial_objectstorage.py took 0.045 seconds
[2024-09-07T16:05:45.709+0000] {processor.py:161} INFO - Started process (PID=3435) to work on /home/airflow/.local/lib/python3.8/site-packages/airflow/example_dags/tutorial_objectstorage.py
[2024-09-07T16:05:45.710+0000] {processor.py:830} INFO - Processing file /home/airflow/.local/lib/python3.8/site-packages/airflow/example_dags/tutorial_objectstorage.py for tasks to queue
[2024-09-07T16:05:45.711+0000] {logging_mixin.py:188} INFO - [2024-09-07T16:05:45.711+0000] {dagbag.py:538} INFO - Filling up the DagBag from /home/airflow/.local/lib/python3.8/site-packages/airflow/example_dags/tutorial_objectstorage.py
[2024-09-07T16:05:45.716+0000] {processor.py:840} INFO - DAG(s) 'tutorial_objectstorage' retrieved from /home/airflow/.local/lib/python3.8/site-packages/airflow/example_dags/tutorial_objectstorage.py
[2024-09-07T16:05:45.729+0000] {logging_mixin.py:188} INFO - [2024-09-07T16:05:45.729+0000] {dag.py:3036} INFO - Sync 1 DAGs
[2024-09-07T16:05:45.736+0000] {logging_mixin.py:188} INFO - [2024-09-07T16:05:45.736+0000] {dag.py:3823} INFO - Setting next_dagrun for tutorial_objectstorage to None, run_after=None
[2024-09-07T16:05:45.746+0000] {processor.py:183} INFO - Processing /home/airflow/.local/lib/python3.8/site-packages/airflow/example_dags/tutorial_objectstorage.py took 0.039 seconds
[2024-09-07T16:06:15.792+0000] {processor.py:161} INFO - Started process (PID=3682) to work on /home/airflow/.local/lib/python3.8/site-packages/airflow/example_dags/tutorial_objectstorage.py
[2024-09-07T16:06:15.793+0000] {processor.py:830} INFO - Processing file /home/airflow/.local/lib/python3.8/site-packages/airflow/example_dags/tutorial_objectstorage.py for tasks to queue
[2024-09-07T16:06:15.794+0000] {logging_mixin.py:188} INFO - [2024-09-07T16:06:15.793+0000] {dagbag.py:538} INFO - Filling up the DagBag from /home/airflow/.local/lib/python3.8/site-packages/airflow/example_dags/tutorial_objectstorage.py
[2024-09-07T16:06:15.801+0000] {processor.py:840} INFO - DAG(s) 'tutorial_objectstorage' retrieved from /home/airflow/.local/lib/python3.8/site-packages/airflow/example_dags/tutorial_objectstorage.py
[2024-09-07T16:06:15.816+0000] {logging_mixin.py:188} INFO - [2024-09-07T16:06:15.816+0000] {dag.py:3036} INFO - Sync 1 DAGs
[2024-09-07T16:06:15.823+0000] {logging_mixin.py:188} INFO - [2024-09-07T16:06:15.823+0000] {dag.py:3823} INFO - Setting next_dagrun for tutorial_objectstorage to None, run_after=None
[2024-09-07T16:06:15.835+0000] {processor.py:183} INFO - Processing /home/airflow/.local/lib/python3.8/site-packages/airflow/example_dags/tutorial_objectstorage.py took 0.046 seconds
[2024-09-07T16:06:46.189+0000] {processor.py:161} INFO - Started process (PID=3929) to work on /home/airflow/.local/lib/python3.8/site-packages/airflow/example_dags/tutorial_objectstorage.py
[2024-09-07T16:06:46.190+0000] {processor.py:830} INFO - Processing file /home/airflow/.local/lib/python3.8/site-packages/airflow/example_dags/tutorial_objectstorage.py for tasks to queue
[2024-09-07T16:06:46.191+0000] {logging_mixin.py:188} INFO - [2024-09-07T16:06:46.191+0000] {dagbag.py:538} INFO - Filling up the DagBag from /home/airflow/.local/lib/python3.8/site-packages/airflow/example_dags/tutorial_objectstorage.py
[2024-09-07T16:06:46.197+0000] {processor.py:840} INFO - DAG(s) 'tutorial_objectstorage' retrieved from /home/airflow/.local/lib/python3.8/site-packages/airflow/example_dags/tutorial_objectstorage.py
[2024-09-07T16:06:46.214+0000] {logging_mixin.py:188} INFO - [2024-09-07T16:06:46.214+0000] {dag.py:3036} INFO - Sync 1 DAGs
[2024-09-07T16:06:46.222+0000] {logging_mixin.py:188} INFO - [2024-09-07T16:06:46.222+0000] {dag.py:3823} INFO - Setting next_dagrun for tutorial_objectstorage to None, run_after=None
[2024-09-07T16:06:46.234+0000] {processor.py:183} INFO - Processing /home/airflow/.local/lib/python3.8/site-packages/airflow/example_dags/tutorial_objectstorage.py took 0.047 seconds
[2024-09-07T16:07:17.138+0000] {processor.py:161} INFO - Started process (PID=4176) to work on /home/airflow/.local/lib/python3.8/site-packages/airflow/example_dags/tutorial_objectstorage.py
[2024-09-07T16:07:17.139+0000] {processor.py:830} INFO - Processing file /home/airflow/.local/lib/python3.8/site-packages/airflow/example_dags/tutorial_objectstorage.py for tasks to queue
[2024-09-07T16:07:17.140+0000] {logging_mixin.py:188} INFO - [2024-09-07T16:07:17.139+0000] {dagbag.py:538} INFO - Filling up the DagBag from /home/airflow/.local/lib/python3.8/site-packages/airflow/example_dags/tutorial_objectstorage.py
[2024-09-07T16:07:17.145+0000] {processor.py:840} INFO - DAG(s) 'tutorial_objectstorage' retrieved from /home/airflow/.local/lib/python3.8/site-packages/airflow/example_dags/tutorial_objectstorage.py
[2024-09-07T16:07:17.159+0000] {logging_mixin.py:188} INFO - [2024-09-07T16:07:17.159+0000] {dag.py:3036} INFO - Sync 1 DAGs
[2024-09-07T16:07:17.167+0000] {logging_mixin.py:188} INFO - [2024-09-07T16:07:17.167+0000] {dag.py:3823} INFO - Setting next_dagrun for tutorial_objectstorage to None, run_after=None
[2024-09-07T16:07:17.178+0000] {processor.py:183} INFO - Processing /home/airflow/.local/lib/python3.8/site-packages/airflow/example_dags/tutorial_objectstorage.py took 0.042 seconds
[2024-09-07T16:07:47.863+0000] {processor.py:161} INFO - Started process (PID=4423) to work on /home/airflow/.local/lib/python3.8/site-packages/airflow/example_dags/tutorial_objectstorage.py
[2024-09-07T16:07:47.864+0000] {processor.py:830} INFO - Processing file /home/airflow/.local/lib/python3.8/site-packages/airflow/example_dags/tutorial_objectstorage.py for tasks to queue
[2024-09-07T16:07:47.865+0000] {logging_mixin.py:188} INFO - [2024-09-07T16:07:47.865+0000] {dagbag.py:538} INFO - Filling up the DagBag from /home/airflow/.local/lib/python3.8/site-packages/airflow/example_dags/tutorial_objectstorage.py
[2024-09-07T16:07:47.870+0000] {processor.py:840} INFO - DAG(s) 'tutorial_objectstorage' retrieved from /home/airflow/.local/lib/python3.8/site-packages/airflow/example_dags/tutorial_objectstorage.py
[2024-09-07T16:07:47.884+0000] {logging_mixin.py:188} INFO - [2024-09-07T16:07:47.884+0000] {dag.py:3036} INFO - Sync 1 DAGs
[2024-09-07T16:07:47.891+0000] {logging_mixin.py:188} INFO - [2024-09-07T16:07:47.891+0000] {dag.py:3823} INFO - Setting next_dagrun for tutorial_objectstorage to None, run_after=None
[2024-09-07T16:07:47.903+0000] {processor.py:183} INFO - Processing /home/airflow/.local/lib/python3.8/site-packages/airflow/example_dags/tutorial_objectstorage.py took 0.043 seconds
[2024-09-07T16:08:18.585+0000] {processor.py:161} INFO - Started process (PID=4670) to work on /home/airflow/.local/lib/python3.8/site-packages/airflow/example_dags/tutorial_objectstorage.py
[2024-09-07T16:08:18.586+0000] {processor.py:830} INFO - Processing file /home/airflow/.local/lib/python3.8/site-packages/airflow/example_dags/tutorial_objectstorage.py for tasks to queue
[2024-09-07T16:08:18.587+0000] {logging_mixin.py:188} INFO - [2024-09-07T16:08:18.586+0000] {dagbag.py:538} INFO - Filling up the DagBag from /home/airflow/.local/lib/python3.8/site-packages/airflow/example_dags/tutorial_objectstorage.py
[2024-09-07T16:08:18.591+0000] {processor.py:840} INFO - DAG(s) 'tutorial_objectstorage' retrieved from /home/airflow/.local/lib/python3.8/site-packages/airflow/example_dags/tutorial_objectstorage.py
[2024-09-07T16:08:18.604+0000] {logging_mixin.py:188} INFO - [2024-09-07T16:08:18.604+0000] {dag.py:3036} INFO - Sync 1 DAGs
[2024-09-07T16:08:18.613+0000] {logging_mixin.py:188} INFO - [2024-09-07T16:08:18.613+0000] {dag.py:3823} INFO - Setting next_dagrun for tutorial_objectstorage to None, run_after=None
[2024-09-07T16:08:18.623+0000] {processor.py:183} INFO - Processing /home/airflow/.local/lib/python3.8/site-packages/airflow/example_dags/tutorial_objectstorage.py took 0.041 seconds
[2024-09-07T16:08:49.353+0000] {processor.py:161} INFO - Started process (PID=4919) to work on /home/airflow/.local/lib/python3.8/site-packages/airflow/example_dags/tutorial_objectstorage.py
[2024-09-07T16:08:49.353+0000] {processor.py:830} INFO - Processing file /home/airflow/.local/lib/python3.8/site-packages/airflow/example_dags/tutorial_objectstorage.py for tasks to queue
[2024-09-07T16:08:49.354+0000] {logging_mixin.py:188} INFO - [2024-09-07T16:08:49.354+0000] {dagbag.py:538} INFO - Filling up the DagBag from /home/airflow/.local/lib/python3.8/site-packages/airflow/example_dags/tutorial_objectstorage.py
[2024-09-07T16:08:49.359+0000] {processor.py:840} INFO - DAG(s) 'tutorial_objectstorage' retrieved from /home/airflow/.local/lib/python3.8/site-packages/airflow/example_dags/tutorial_objectstorage.py
[2024-09-07T16:08:49.371+0000] {logging_mixin.py:188} INFO - [2024-09-07T16:08:49.371+0000] {dag.py:3036} INFO - Sync 1 DAGs
[2024-09-07T16:08:49.377+0000] {logging_mixin.py:188} INFO - [2024-09-07T16:08:49.377+0000] {dag.py:3823} INFO - Setting next_dagrun for tutorial_objectstorage to None, run_after=None
[2024-09-07T16:08:49.388+0000] {processor.py:183} INFO - Processing /home/airflow/.local/lib/python3.8/site-packages/airflow/example_dags/tutorial_objectstorage.py took 0.038 seconds
[2024-09-07T16:09:20.102+0000] {processor.py:161} INFO - Started process (PID=5166) to work on /home/airflow/.local/lib/python3.8/site-packages/airflow/example_dags/tutorial_objectstorage.py
[2024-09-07T16:09:20.103+0000] {processor.py:830} INFO - Processing file /home/airflow/.local/lib/python3.8/site-packages/airflow/example_dags/tutorial_objectstorage.py for tasks to queue
[2024-09-07T16:09:20.103+0000] {logging_mixin.py:188} INFO - [2024-09-07T16:09:20.103+0000] {dagbag.py:538} INFO - Filling up the DagBag from /home/airflow/.local/lib/python3.8/site-packages/airflow/example_dags/tutorial_objectstorage.py
[2024-09-07T16:09:20.109+0000] {processor.py:840} INFO - DAG(s) 'tutorial_objectstorage' retrieved from /home/airflow/.local/lib/python3.8/site-packages/airflow/example_dags/tutorial_objectstorage.py
[2024-09-07T16:09:20.121+0000] {logging_mixin.py:188} INFO - [2024-09-07T16:09:20.121+0000] {dag.py:3036} INFO - Sync 1 DAGs
[2024-09-07T16:09:20.128+0000] {logging_mixin.py:188} INFO - [2024-09-07T16:09:20.128+0000] {dag.py:3823} INFO - Setting next_dagrun for tutorial_objectstorage to None, run_after=None
[2024-09-07T16:09:20.138+0000] {processor.py:183} INFO - Processing /home/airflow/.local/lib/python3.8/site-packages/airflow/example_dags/tutorial_objectstorage.py took 0.038 seconds
[2024-09-07T16:09:50.819+0000] {processor.py:161} INFO - Started process (PID=5411) to work on /home/airflow/.local/lib/python3.8/site-packages/airflow/example_dags/tutorial_objectstorage.py
[2024-09-07T16:09:50.820+0000] {processor.py:830} INFO - Processing file /home/airflow/.local/lib/python3.8/site-packages/airflow/example_dags/tutorial_objectstorage.py for tasks to queue
[2024-09-07T16:09:50.821+0000] {logging_mixin.py:188} INFO - [2024-09-07T16:09:50.821+0000] {dagbag.py:538} INFO - Filling up the DagBag from /home/airflow/.local/lib/python3.8/site-packages/airflow/example_dags/tutorial_objectstorage.py
[2024-09-07T16:09:50.828+0000] {processor.py:840} INFO - DAG(s) 'tutorial_objectstorage' retrieved from /home/airflow/.local/lib/python3.8/site-packages/airflow/example_dags/tutorial_objectstorage.py
[2024-09-07T16:09:50.842+0000] {logging_mixin.py:188} INFO - [2024-09-07T16:09:50.842+0000] {dag.py:3036} INFO - Sync 1 DAGs
[2024-09-07T16:09:50.849+0000] {logging_mixin.py:188} INFO - [2024-09-07T16:09:50.849+0000] {dag.py:3823} INFO - Setting next_dagrun for tutorial_objectstorage to None, run_after=None
[2024-09-07T16:09:50.859+0000] {processor.py:183} INFO - Processing /home/airflow/.local/lib/python3.8/site-packages/airflow/example_dags/tutorial_objectstorage.py took 0.042 seconds
[2024-09-07T16:10:21.306+0000] {processor.py:161} INFO - Started process (PID=5658) to work on /home/airflow/.local/lib/python3.8/site-packages/airflow/example_dags/tutorial_objectstorage.py
[2024-09-07T16:10:21.307+0000] {processor.py:830} INFO - Processing file /home/airflow/.local/lib/python3.8/site-packages/airflow/example_dags/tutorial_objectstorage.py for tasks to queue
[2024-09-07T16:10:21.308+0000] {logging_mixin.py:188} INFO - [2024-09-07T16:10:21.308+0000] {dagbag.py:538} INFO - Filling up the DagBag from /home/airflow/.local/lib/python3.8/site-packages/airflow/example_dags/tutorial_objectstorage.py
[2024-09-07T16:10:21.313+0000] {processor.py:840} INFO - DAG(s) 'tutorial_objectstorage' retrieved from /home/airflow/.local/lib/python3.8/site-packages/airflow/example_dags/tutorial_objectstorage.py
[2024-09-07T16:10:21.325+0000] {logging_mixin.py:188} INFO - [2024-09-07T16:10:21.325+0000] {dag.py:3036} INFO - Sync 1 DAGs
[2024-09-07T16:10:21.332+0000] {logging_mixin.py:188} INFO - [2024-09-07T16:10:21.332+0000] {dag.py:3823} INFO - Setting next_dagrun for tutorial_objectstorage to None, run_after=None
[2024-09-07T16:10:21.341+0000] {processor.py:183} INFO - Processing /home/airflow/.local/lib/python3.8/site-packages/airflow/example_dags/tutorial_objectstorage.py took 0.037 seconds
[2024-09-07T16:10:51.894+0000] {processor.py:161} INFO - Started process (PID=5905) to work on /home/airflow/.local/lib/python3.8/site-packages/airflow/example_dags/tutorial_objectstorage.py
[2024-09-07T16:10:51.896+0000] {processor.py:830} INFO - Processing file /home/airflow/.local/lib/python3.8/site-packages/airflow/example_dags/tutorial_objectstorage.py for tasks to queue
[2024-09-07T16:10:51.896+0000] {logging_mixin.py:188} INFO - [2024-09-07T16:10:51.896+0000] {dagbag.py:538} INFO - Filling up the DagBag from /home/airflow/.local/lib/python3.8/site-packages/airflow/example_dags/tutorial_objectstorage.py
[2024-09-07T16:10:51.901+0000] {processor.py:840} INFO - DAG(s) 'tutorial_objectstorage' retrieved from /home/airflow/.local/lib/python3.8/site-packages/airflow/example_dags/tutorial_objectstorage.py
[2024-09-07T16:10:51.914+0000] {logging_mixin.py:188} INFO - [2024-09-07T16:10:51.913+0000] {dag.py:3036} INFO - Sync 1 DAGs
[2024-09-07T16:10:51.921+0000] {logging_mixin.py:188} INFO - [2024-09-07T16:10:51.921+0000] {dag.py:3823} INFO - Setting next_dagrun for tutorial_objectstorage to None, run_after=None
[2024-09-07T16:10:51.932+0000] {processor.py:183} INFO - Processing /home/airflow/.local/lib/python3.8/site-packages/airflow/example_dags/tutorial_objectstorage.py took 0.039 seconds
[2024-09-07T16:11:22.535+0000] {processor.py:161} INFO - Started process (PID=6152) to work on /home/airflow/.local/lib/python3.8/site-packages/airflow/example_dags/tutorial_objectstorage.py
[2024-09-07T16:11:22.536+0000] {processor.py:830} INFO - Processing file /home/airflow/.local/lib/python3.8/site-packages/airflow/example_dags/tutorial_objectstorage.py for tasks to queue
[2024-09-07T16:11:22.537+0000] {logging_mixin.py:188} INFO - [2024-09-07T16:11:22.537+0000] {dagbag.py:538} INFO - Filling up the DagBag from /home/airflow/.local/lib/python3.8/site-packages/airflow/example_dags/tutorial_objectstorage.py
[2024-09-07T16:11:22.542+0000] {processor.py:840} INFO - DAG(s) 'tutorial_objectstorage' retrieved from /home/airflow/.local/lib/python3.8/site-packages/airflow/example_dags/tutorial_objectstorage.py
[2024-09-07T16:11:22.553+0000] {logging_mixin.py:188} INFO - [2024-09-07T16:11:22.553+0000] {dag.py:3036} INFO - Sync 1 DAGs
[2024-09-07T16:11:22.560+0000] {logging_mixin.py:188} INFO - [2024-09-07T16:11:22.560+0000] {dag.py:3823} INFO - Setting next_dagrun for tutorial_objectstorage to None, run_after=None
[2024-09-07T16:11:22.570+0000] {processor.py:183} INFO - Processing /home/airflow/.local/lib/python3.8/site-packages/airflow/example_dags/tutorial_objectstorage.py took 0.037 seconds
[2024-09-07T16:11:53.106+0000] {processor.py:161} INFO - Started process (PID=6399) to work on /home/airflow/.local/lib/python3.8/site-packages/airflow/example_dags/tutorial_objectstorage.py
[2024-09-07T16:11:53.107+0000] {processor.py:830} INFO - Processing file /home/airflow/.local/lib/python3.8/site-packages/airflow/example_dags/tutorial_objectstorage.py for tasks to queue
[2024-09-07T16:11:53.107+0000] {logging_mixin.py:188} INFO - [2024-09-07T16:11:53.107+0000] {dagbag.py:538} INFO - Filling up the DagBag from /home/airflow/.local/lib/python3.8/site-packages/airflow/example_dags/tutorial_objectstorage.py
[2024-09-07T16:11:53.113+0000] {processor.py:840} INFO - DAG(s) 'tutorial_objectstorage' retrieved from /home/airflow/.local/lib/python3.8/site-packages/airflow/example_dags/tutorial_objectstorage.py
[2024-09-07T16:11:53.129+0000] {logging_mixin.py:188} INFO - [2024-09-07T16:11:53.129+0000] {dag.py:3036} INFO - Sync 1 DAGs
[2024-09-07T16:11:53.136+0000] {logging_mixin.py:188} INFO - [2024-09-07T16:11:53.136+0000] {dag.py:3823} INFO - Setting next_dagrun for tutorial_objectstorage to None, run_after=None
[2024-09-07T16:11:53.147+0000] {processor.py:183} INFO - Processing /home/airflow/.local/lib/python3.8/site-packages/airflow/example_dags/tutorial_objectstorage.py took 0.044 seconds
[2024-09-07T16:12:23.667+0000] {processor.py:161} INFO - Started process (PID=6646) to work on /home/airflow/.local/lib/python3.8/site-packages/airflow/example_dags/tutorial_objectstorage.py
[2024-09-07T16:12:23.668+0000] {processor.py:830} INFO - Processing file /home/airflow/.local/lib/python3.8/site-packages/airflow/example_dags/tutorial_objectstorage.py for tasks to queue
[2024-09-07T16:12:23.669+0000] {logging_mixin.py:188} INFO - [2024-09-07T16:12:23.669+0000] {dagbag.py:538} INFO - Filling up the DagBag from /home/airflow/.local/lib/python3.8/site-packages/airflow/example_dags/tutorial_objectstorage.py
[2024-09-07T16:12:23.674+0000] {processor.py:840} INFO - DAG(s) 'tutorial_objectstorage' retrieved from /home/airflow/.local/lib/python3.8/site-packages/airflow/example_dags/tutorial_objectstorage.py
[2024-09-07T16:12:23.685+0000] {logging_mixin.py:188} INFO - [2024-09-07T16:12:23.685+0000] {dag.py:3036} INFO - Sync 1 DAGs
[2024-09-07T16:12:23.692+0000] {logging_mixin.py:188} INFO - [2024-09-07T16:12:23.692+0000] {dag.py:3823} INFO - Setting next_dagrun for tutorial_objectstorage to None, run_after=None
[2024-09-07T16:12:23.702+0000] {processor.py:183} INFO - Processing /home/airflow/.local/lib/python3.8/site-packages/airflow/example_dags/tutorial_objectstorage.py took 0.037 seconds
[2024-09-07T16:12:54.249+0000] {processor.py:161} INFO - Started process (PID=6893) to work on /home/airflow/.local/lib/python3.8/site-packages/airflow/example_dags/tutorial_objectstorage.py
[2024-09-07T16:12:54.250+0000] {processor.py:830} INFO - Processing file /home/airflow/.local/lib/python3.8/site-packages/airflow/example_dags/tutorial_objectstorage.py for tasks to queue
[2024-09-07T16:12:54.251+0000] {logging_mixin.py:188} INFO - [2024-09-07T16:12:54.251+0000] {dagbag.py:538} INFO - Filling up the DagBag from /home/airflow/.local/lib/python3.8/site-packages/airflow/example_dags/tutorial_objectstorage.py
[2024-09-07T16:12:54.256+0000] {processor.py:840} INFO - DAG(s) 'tutorial_objectstorage' retrieved from /home/airflow/.local/lib/python3.8/site-packages/airflow/example_dags/tutorial_objectstorage.py
[2024-09-07T16:12:54.267+0000] {logging_mixin.py:188} INFO - [2024-09-07T16:12:54.267+0000] {dag.py:3036} INFO - Sync 1 DAGs
[2024-09-07T16:12:54.274+0000] {logging_mixin.py:188} INFO - [2024-09-07T16:12:54.274+0000] {dag.py:3823} INFO - Setting next_dagrun for tutorial_objectstorage to None, run_after=None
[2024-09-07T16:12:54.284+0000] {processor.py:183} INFO - Processing /home/airflow/.local/lib/python3.8/site-packages/airflow/example_dags/tutorial_objectstorage.py took 0.037 seconds
[2024-09-07T16:13:24.823+0000] {processor.py:161} INFO - Started process (PID=7140) to work on /home/airflow/.local/lib/python3.8/site-packages/airflow/example_dags/tutorial_objectstorage.py
[2024-09-07T16:13:24.824+0000] {processor.py:830} INFO - Processing file /home/airflow/.local/lib/python3.8/site-packages/airflow/example_dags/tutorial_objectstorage.py for tasks to queue
[2024-09-07T16:13:24.825+0000] {logging_mixin.py:188} INFO - [2024-09-07T16:13:24.825+0000] {dagbag.py:538} INFO - Filling up the DagBag from /home/airflow/.local/lib/python3.8/site-packages/airflow/example_dags/tutorial_objectstorage.py
[2024-09-07T16:13:24.830+0000] {processor.py:840} INFO - DAG(s) 'tutorial_objectstorage' retrieved from /home/airflow/.local/lib/python3.8/site-packages/airflow/example_dags/tutorial_objectstorage.py
[2024-09-07T16:13:24.842+0000] {logging_mixin.py:188} INFO - [2024-09-07T16:13:24.841+0000] {dag.py:3036} INFO - Sync 1 DAGs
[2024-09-07T16:13:24.848+0000] {logging_mixin.py:188} INFO - [2024-09-07T16:13:24.848+0000] {dag.py:3823} INFO - Setting next_dagrun for tutorial_objectstorage to None, run_after=None
[2024-09-07T16:13:24.857+0000] {processor.py:183} INFO - Processing /home/airflow/.local/lib/python3.8/site-packages/airflow/example_dags/tutorial_objectstorage.py took 0.036 seconds
[2024-09-07T16:13:55.498+0000] {processor.py:161} INFO - Started process (PID=7387) to work on /home/airflow/.local/lib/python3.8/site-packages/airflow/example_dags/tutorial_objectstorage.py
[2024-09-07T16:13:55.499+0000] {processor.py:830} INFO - Processing file /home/airflow/.local/lib/python3.8/site-packages/airflow/example_dags/tutorial_objectstorage.py for tasks to queue
[2024-09-07T16:13:55.500+0000] {logging_mixin.py:188} INFO - [2024-09-07T16:13:55.500+0000] {dagbag.py:538} INFO - Filling up the DagBag from /home/airflow/.local/lib/python3.8/site-packages/airflow/example_dags/tutorial_objectstorage.py
[2024-09-07T16:13:55.504+0000] {processor.py:840} INFO - DAG(s) 'tutorial_objectstorage' retrieved from /home/airflow/.local/lib/python3.8/site-packages/airflow/example_dags/tutorial_objectstorage.py
[2024-09-07T16:13:55.516+0000] {logging_mixin.py:188} INFO - [2024-09-07T16:13:55.516+0000] {dag.py:3036} INFO - Sync 1 DAGs
[2024-09-07T16:13:55.523+0000] {logging_mixin.py:188} INFO - [2024-09-07T16:13:55.523+0000] {dag.py:3823} INFO - Setting next_dagrun for tutorial_objectstorage to None, run_after=None
[2024-09-07T16:13:55.533+0000] {processor.py:183} INFO - Processing /home/airflow/.local/lib/python3.8/site-packages/airflow/example_dags/tutorial_objectstorage.py took 0.037 seconds
[2024-09-07T16:14:25.638+0000] {processor.py:161} INFO - Started process (PID=7634) to work on /home/airflow/.local/lib/python3.8/site-packages/airflow/example_dags/tutorial_objectstorage.py
[2024-09-07T16:14:25.639+0000] {processor.py:830} INFO - Processing file /home/airflow/.local/lib/python3.8/site-packages/airflow/example_dags/tutorial_objectstorage.py for tasks to queue
[2024-09-07T16:14:25.640+0000] {logging_mixin.py:188} INFO - [2024-09-07T16:14:25.640+0000] {dagbag.py:538} INFO - Filling up the DagBag from /home/airflow/.local/lib/python3.8/site-packages/airflow/example_dags/tutorial_objectstorage.py
[2024-09-07T16:14:25.645+0000] {processor.py:840} INFO - DAG(s) 'tutorial_objectstorage' retrieved from /home/airflow/.local/lib/python3.8/site-packages/airflow/example_dags/tutorial_objectstorage.py
[2024-09-07T16:14:25.656+0000] {logging_mixin.py:188} INFO - [2024-09-07T16:14:25.656+0000] {dag.py:3036} INFO - Sync 1 DAGs
[2024-09-07T16:14:25.663+0000] {logging_mixin.py:188} INFO - [2024-09-07T16:14:25.662+0000] {dag.py:3823} INFO - Setting next_dagrun for tutorial_objectstorage to None, run_after=None
[2024-09-07T16:14:25.672+0000] {processor.py:183} INFO - Processing /home/airflow/.local/lib/python3.8/site-packages/airflow/example_dags/tutorial_objectstorage.py took 0.036 seconds
[2024-09-07T16:14:56.305+0000] {processor.py:161} INFO - Started process (PID=7881) to work on /home/airflow/.local/lib/python3.8/site-packages/airflow/example_dags/tutorial_objectstorage.py
[2024-09-07T16:14:56.306+0000] {processor.py:830} INFO - Processing file /home/airflow/.local/lib/python3.8/site-packages/airflow/example_dags/tutorial_objectstorage.py for tasks to queue
[2024-09-07T16:14:56.307+0000] {logging_mixin.py:188} INFO - [2024-09-07T16:14:56.307+0000] {dagbag.py:538} INFO - Filling up the DagBag from /home/airflow/.local/lib/python3.8/site-packages/airflow/example_dags/tutorial_objectstorage.py
[2024-09-07T16:14:56.312+0000] {processor.py:840} INFO - DAG(s) 'tutorial_objectstorage' retrieved from /home/airflow/.local/lib/python3.8/site-packages/airflow/example_dags/tutorial_objectstorage.py
[2024-09-07T16:14:56.325+0000] {logging_mixin.py:188} INFO - [2024-09-07T16:14:56.325+0000] {dag.py:3036} INFO - Sync 1 DAGs
[2024-09-07T16:14:56.333+0000] {logging_mixin.py:188} INFO - [2024-09-07T16:14:56.332+0000] {dag.py:3823} INFO - Setting next_dagrun for tutorial_objectstorage to None, run_after=None
[2024-09-07T16:14:56.344+0000] {processor.py:183} INFO - Processing /home/airflow/.local/lib/python3.8/site-packages/airflow/example_dags/tutorial_objectstorage.py took 0.041 seconds
[2024-09-07T16:15:26.874+0000] {processor.py:161} INFO - Started process (PID=8128) to work on /home/airflow/.local/lib/python3.8/site-packages/airflow/example_dags/tutorial_objectstorage.py
[2024-09-07T16:15:26.875+0000] {processor.py:830} INFO - Processing file /home/airflow/.local/lib/python3.8/site-packages/airflow/example_dags/tutorial_objectstorage.py for tasks to queue
[2024-09-07T16:15:26.876+0000] {logging_mixin.py:188} INFO - [2024-09-07T16:15:26.876+0000] {dagbag.py:538} INFO - Filling up the DagBag from /home/airflow/.local/lib/python3.8/site-packages/airflow/example_dags/tutorial_objectstorage.py
[2024-09-07T16:15:26.880+0000] {processor.py:840} INFO - DAG(s) 'tutorial_objectstorage' retrieved from /home/airflow/.local/lib/python3.8/site-packages/airflow/example_dags/tutorial_objectstorage.py
[2024-09-07T16:15:26.892+0000] {logging_mixin.py:188} INFO - [2024-09-07T16:15:26.892+0000] {dag.py:3036} INFO - Sync 1 DAGs
[2024-09-07T16:15:26.898+0000] {logging_mixin.py:188} INFO - [2024-09-07T16:15:26.898+0000] {dag.py:3823} INFO - Setting next_dagrun for tutorial_objectstorage to None, run_after=None
[2024-09-07T16:15:26.908+0000] {processor.py:183} INFO - Processing /home/airflow/.local/lib/python3.8/site-packages/airflow/example_dags/tutorial_objectstorage.py took 0.036 seconds
[2024-09-07T16:15:57.548+0000] {processor.py:161} INFO - Started process (PID=8374) to work on /home/airflow/.local/lib/python3.8/site-packages/airflow/example_dags/tutorial_objectstorage.py
[2024-09-07T16:15:57.549+0000] {processor.py:830} INFO - Processing file /home/airflow/.local/lib/python3.8/site-packages/airflow/example_dags/tutorial_objectstorage.py for tasks to queue
[2024-09-07T16:15:57.550+0000] {logging_mixin.py:188} INFO - [2024-09-07T16:15:57.549+0000] {dagbag.py:538} INFO - Filling up the DagBag from /home/airflow/.local/lib/python3.8/site-packages/airflow/example_dags/tutorial_objectstorage.py
[2024-09-07T16:15:57.555+0000] {processor.py:840} INFO - DAG(s) 'tutorial_objectstorage' retrieved from /home/airflow/.local/lib/python3.8/site-packages/airflow/example_dags/tutorial_objectstorage.py
[2024-09-07T16:15:57.568+0000] {logging_mixin.py:188} INFO - [2024-09-07T16:15:57.568+0000] {dag.py:3036} INFO - Sync 1 DAGs
[2024-09-07T16:15:57.576+0000] {logging_mixin.py:188} INFO - [2024-09-07T16:15:57.576+0000] {dag.py:3823} INFO - Setting next_dagrun for tutorial_objectstorage to None, run_after=None
[2024-09-07T16:15:57.587+0000] {processor.py:183} INFO - Processing /home/airflow/.local/lib/python3.8/site-packages/airflow/example_dags/tutorial_objectstorage.py took 0.042 seconds
[2024-09-07T16:16:28.185+0000] {processor.py:161} INFO - Started process (PID=8621) to work on /home/airflow/.local/lib/python3.8/site-packages/airflow/example_dags/tutorial_objectstorage.py
[2024-09-07T16:16:28.187+0000] {processor.py:830} INFO - Processing file /home/airflow/.local/lib/python3.8/site-packages/airflow/example_dags/tutorial_objectstorage.py for tasks to queue
[2024-09-07T16:16:28.187+0000] {logging_mixin.py:188} INFO - [2024-09-07T16:16:28.187+0000] {dagbag.py:538} INFO - Filling up the DagBag from /home/airflow/.local/lib/python3.8/site-packages/airflow/example_dags/tutorial_objectstorage.py
[2024-09-07T16:16:28.193+0000] {processor.py:840} INFO - DAG(s) 'tutorial_objectstorage' retrieved from /home/airflow/.local/lib/python3.8/site-packages/airflow/example_dags/tutorial_objectstorage.py
[2024-09-07T16:16:28.205+0000] {logging_mixin.py:188} INFO - [2024-09-07T16:16:28.205+0000] {dag.py:3036} INFO - Sync 1 DAGs
[2024-09-07T16:16:28.213+0000] {logging_mixin.py:188} INFO - [2024-09-07T16:16:28.213+0000] {dag.py:3823} INFO - Setting next_dagrun for tutorial_objectstorage to None, run_after=None
[2024-09-07T16:16:28.224+0000] {processor.py:183} INFO - Processing /home/airflow/.local/lib/python3.8/site-packages/airflow/example_dags/tutorial_objectstorage.py took 0.042 seconds
[2024-09-07T16:16:59.110+0000] {processor.py:161} INFO - Started process (PID=8867) to work on /home/airflow/.local/lib/python3.8/site-packages/airflow/example_dags/tutorial_objectstorage.py
[2024-09-07T16:16:59.111+0000] {processor.py:830} INFO - Processing file /home/airflow/.local/lib/python3.8/site-packages/airflow/example_dags/tutorial_objectstorage.py for tasks to queue
[2024-09-07T16:16:59.112+0000] {logging_mixin.py:188} INFO - [2024-09-07T16:16:59.112+0000] {dagbag.py:538} INFO - Filling up the DagBag from /home/airflow/.local/lib/python3.8/site-packages/airflow/example_dags/tutorial_objectstorage.py
[2024-09-07T16:16:59.118+0000] {processor.py:840} INFO - DAG(s) 'tutorial_objectstorage' retrieved from /home/airflow/.local/lib/python3.8/site-packages/airflow/example_dags/tutorial_objectstorage.py
[2024-09-07T16:16:59.133+0000] {logging_mixin.py:188} INFO - [2024-09-07T16:16:59.133+0000] {dag.py:3036} INFO - Sync 1 DAGs
[2024-09-07T16:16:59.141+0000] {logging_mixin.py:188} INFO - [2024-09-07T16:16:59.141+0000] {dag.py:3823} INFO - Setting next_dagrun for tutorial_objectstorage to None, run_after=None
[2024-09-07T16:16:59.153+0000] {processor.py:183} INFO - Processing /home/airflow/.local/lib/python3.8/site-packages/airflow/example_dags/tutorial_objectstorage.py took 0.046 seconds
[2024-09-07T16:17:30.139+0000] {processor.py:161} INFO - Started process (PID=9117) to work on /home/airflow/.local/lib/python3.8/site-packages/airflow/example_dags/tutorial_objectstorage.py
[2024-09-07T16:17:30.140+0000] {processor.py:830} INFO - Processing file /home/airflow/.local/lib/python3.8/site-packages/airflow/example_dags/tutorial_objectstorage.py for tasks to queue
[2024-09-07T16:17:30.140+0000] {logging_mixin.py:188} INFO - [2024-09-07T16:17:30.140+0000] {dagbag.py:538} INFO - Filling up the DagBag from /home/airflow/.local/lib/python3.8/site-packages/airflow/example_dags/tutorial_objectstorage.py
[2024-09-07T16:17:30.145+0000] {processor.py:840} INFO - DAG(s) 'tutorial_objectstorage' retrieved from /home/airflow/.local/lib/python3.8/site-packages/airflow/example_dags/tutorial_objectstorage.py
[2024-09-07T16:17:30.159+0000] {logging_mixin.py:188} INFO - [2024-09-07T16:17:30.159+0000] {dag.py:3036} INFO - Sync 1 DAGs
[2024-09-07T16:17:30.167+0000] {logging_mixin.py:188} INFO - [2024-09-07T16:17:30.167+0000] {dag.py:3823} INFO - Setting next_dagrun for tutorial_objectstorage to None, run_after=None
[2024-09-07T16:17:30.177+0000] {processor.py:183} INFO - Processing /home/airflow/.local/lib/python3.8/site-packages/airflow/example_dags/tutorial_objectstorage.py took 0.041 seconds
[2024-09-07T16:18:00.825+0000] {processor.py:161} INFO - Started process (PID=9368) to work on /home/airflow/.local/lib/python3.8/site-packages/airflow/example_dags/tutorial_objectstorage.py
[2024-09-07T16:18:00.826+0000] {processor.py:830} INFO - Processing file /home/airflow/.local/lib/python3.8/site-packages/airflow/example_dags/tutorial_objectstorage.py for tasks to queue
[2024-09-07T16:18:00.827+0000] {logging_mixin.py:188} INFO - [2024-09-07T16:18:00.827+0000] {dagbag.py:538} INFO - Filling up the DagBag from /home/airflow/.local/lib/python3.8/site-packages/airflow/example_dags/tutorial_objectstorage.py
[2024-09-07T16:18:00.835+0000] {processor.py:840} INFO - DAG(s) 'tutorial_objectstorage' retrieved from /home/airflow/.local/lib/python3.8/site-packages/airflow/example_dags/tutorial_objectstorage.py
[2024-09-07T16:18:00.848+0000] {logging_mixin.py:188} INFO - [2024-09-07T16:18:00.848+0000] {dag.py:3036} INFO - Sync 1 DAGs
[2024-09-07T16:18:00.856+0000] {logging_mixin.py:188} INFO - [2024-09-07T16:18:00.855+0000] {dag.py:3823} INFO - Setting next_dagrun for tutorial_objectstorage to None, run_after=None
[2024-09-07T16:18:00.867+0000] {processor.py:183} INFO - Processing /home/airflow/.local/lib/python3.8/site-packages/airflow/example_dags/tutorial_objectstorage.py took 0.044 seconds
[2024-09-07T16:18:31.109+0000] {processor.py:161} INFO - Started process (PID=9615) to work on /home/airflow/.local/lib/python3.8/site-packages/airflow/example_dags/tutorial_objectstorage.py
[2024-09-07T16:18:31.112+0000] {processor.py:830} INFO - Processing file /home/airflow/.local/lib/python3.8/site-packages/airflow/example_dags/tutorial_objectstorage.py for tasks to queue
[2024-09-07T16:18:31.115+0000] {logging_mixin.py:188} INFO - [2024-09-07T16:18:31.115+0000] {dagbag.py:538} INFO - Filling up the DagBag from /home/airflow/.local/lib/python3.8/site-packages/airflow/example_dags/tutorial_objectstorage.py
[2024-09-07T16:18:31.128+0000] {processor.py:840} INFO - DAG(s) 'tutorial_objectstorage' retrieved from /home/airflow/.local/lib/python3.8/site-packages/airflow/example_dags/tutorial_objectstorage.py
[2024-09-07T16:18:31.157+0000] {logging_mixin.py:188} INFO - [2024-09-07T16:18:31.156+0000] {dag.py:3036} INFO - Sync 1 DAGs
[2024-09-07T16:18:31.171+0000] {logging_mixin.py:188} INFO - [2024-09-07T16:18:31.171+0000] {dag.py:3823} INFO - Setting next_dagrun for tutorial_objectstorage to None, run_after=None
[2024-09-07T16:18:31.259+0000] {processor.py:183} INFO - Processing /home/airflow/.local/lib/python3.8/site-packages/airflow/example_dags/tutorial_objectstorage.py took 0.155 seconds
[2024-09-07T16:19:01.783+0000] {processor.py:161} INFO - Started process (PID=9862) to work on /home/airflow/.local/lib/python3.8/site-packages/airflow/example_dags/tutorial_objectstorage.py
[2024-09-07T16:19:01.784+0000] {processor.py:830} INFO - Processing file /home/airflow/.local/lib/python3.8/site-packages/airflow/example_dags/tutorial_objectstorage.py for tasks to queue
[2024-09-07T16:19:01.785+0000] {logging_mixin.py:188} INFO - [2024-09-07T16:19:01.785+0000] {dagbag.py:538} INFO - Filling up the DagBag from /home/airflow/.local/lib/python3.8/site-packages/airflow/example_dags/tutorial_objectstorage.py
[2024-09-07T16:19:01.791+0000] {processor.py:840} INFO - DAG(s) 'tutorial_objectstorage' retrieved from /home/airflow/.local/lib/python3.8/site-packages/airflow/example_dags/tutorial_objectstorage.py
[2024-09-07T16:19:01.805+0000] {logging_mixin.py:188} INFO - [2024-09-07T16:19:01.805+0000] {dag.py:3036} INFO - Sync 1 DAGs
[2024-09-07T16:19:01.814+0000] {logging_mixin.py:188} INFO - [2024-09-07T16:19:01.814+0000] {dag.py:3823} INFO - Setting next_dagrun for tutorial_objectstorage to None, run_after=None
[2024-09-07T16:19:01.828+0000] {processor.py:183} INFO - Processing /home/airflow/.local/lib/python3.8/site-packages/airflow/example_dags/tutorial_objectstorage.py took 0.046 seconds
[2024-09-07T16:19:32.667+0000] {processor.py:161} INFO - Started process (PID=10109) to work on /home/airflow/.local/lib/python3.8/site-packages/airflow/example_dags/tutorial_objectstorage.py
[2024-09-07T16:19:32.668+0000] {processor.py:830} INFO - Processing file /home/airflow/.local/lib/python3.8/site-packages/airflow/example_dags/tutorial_objectstorage.py for tasks to queue
[2024-09-07T16:19:32.668+0000] {logging_mixin.py:188} INFO - [2024-09-07T16:19:32.668+0000] {dagbag.py:538} INFO - Filling up the DagBag from /home/airflow/.local/lib/python3.8/site-packages/airflow/example_dags/tutorial_objectstorage.py
[2024-09-07T16:19:32.674+0000] {processor.py:840} INFO - DAG(s) 'tutorial_objectstorage' retrieved from /home/airflow/.local/lib/python3.8/site-packages/airflow/example_dags/tutorial_objectstorage.py
[2024-09-07T16:19:32.689+0000] {logging_mixin.py:188} INFO - [2024-09-07T16:19:32.689+0000] {dag.py:3036} INFO - Sync 1 DAGs
[2024-09-07T16:19:32.698+0000] {logging_mixin.py:188} INFO - [2024-09-07T16:19:32.698+0000] {dag.py:3823} INFO - Setting next_dagrun for tutorial_objectstorage to None, run_after=None
[2024-09-07T16:19:32.712+0000] {processor.py:183} INFO - Processing /home/airflow/.local/lib/python3.8/site-packages/airflow/example_dags/tutorial_objectstorage.py took 0.047 seconds
[2024-09-07T16:20:03.036+0000] {processor.py:161} INFO - Started process (PID=10356) to work on /home/airflow/.local/lib/python3.8/site-packages/airflow/example_dags/tutorial_objectstorage.py
[2024-09-07T16:20:03.037+0000] {processor.py:830} INFO - Processing file /home/airflow/.local/lib/python3.8/site-packages/airflow/example_dags/tutorial_objectstorage.py for tasks to queue
[2024-09-07T16:20:03.037+0000] {logging_mixin.py:188} INFO - [2024-09-07T16:20:03.037+0000] {dagbag.py:538} INFO - Filling up the DagBag from /home/airflow/.local/lib/python3.8/site-packages/airflow/example_dags/tutorial_objectstorage.py
[2024-09-07T16:20:03.042+0000] {processor.py:840} INFO - DAG(s) 'tutorial_objectstorage' retrieved from /home/airflow/.local/lib/python3.8/site-packages/airflow/example_dags/tutorial_objectstorage.py
[2024-09-07T16:20:03.058+0000] {logging_mixin.py:188} INFO - [2024-09-07T16:20:03.058+0000] {dag.py:3036} INFO - Sync 1 DAGs
[2024-09-07T16:20:03.067+0000] {logging_mixin.py:188} INFO - [2024-09-07T16:20:03.067+0000] {dag.py:3823} INFO - Setting next_dagrun for tutorial_objectstorage to None, run_after=None
[2024-09-07T16:20:03.082+0000] {processor.py:183} INFO - Processing /home/airflow/.local/lib/python3.8/site-packages/airflow/example_dags/tutorial_objectstorage.py took 0.049 seconds
[2024-09-07T16:20:33.614+0000] {processor.py:161} INFO - Started process (PID=10605) to work on /home/airflow/.local/lib/python3.8/site-packages/airflow/example_dags/tutorial_objectstorage.py
[2024-09-07T16:20:33.615+0000] {processor.py:830} INFO - Processing file /home/airflow/.local/lib/python3.8/site-packages/airflow/example_dags/tutorial_objectstorage.py for tasks to queue
[2024-09-07T16:20:33.616+0000] {logging_mixin.py:188} INFO - [2024-09-07T16:20:33.615+0000] {dagbag.py:538} INFO - Filling up the DagBag from /home/airflow/.local/lib/python3.8/site-packages/airflow/example_dags/tutorial_objectstorage.py
[2024-09-07T16:20:33.621+0000] {processor.py:840} INFO - DAG(s) 'tutorial_objectstorage' retrieved from /home/airflow/.local/lib/python3.8/site-packages/airflow/example_dags/tutorial_objectstorage.py
[2024-09-07T16:20:33.635+0000] {logging_mixin.py:188} INFO - [2024-09-07T16:20:33.635+0000] {dag.py:3036} INFO - Sync 1 DAGs
[2024-09-07T16:20:33.642+0000] {logging_mixin.py:188} INFO - [2024-09-07T16:20:33.642+0000] {dag.py:3823} INFO - Setting next_dagrun for tutorial_objectstorage to None, run_after=None
[2024-09-07T16:20:33.654+0000] {processor.py:183} INFO - Processing /home/airflow/.local/lib/python3.8/site-packages/airflow/example_dags/tutorial_objectstorage.py took 0.042 seconds
[2024-09-07T16:21:04.269+0000] {processor.py:161} INFO - Started process (PID=10849) to work on /home/airflow/.local/lib/python3.8/site-packages/airflow/example_dags/tutorial_objectstorage.py
[2024-09-07T16:21:04.270+0000] {processor.py:830} INFO - Processing file /home/airflow/.local/lib/python3.8/site-packages/airflow/example_dags/tutorial_objectstorage.py for tasks to queue
[2024-09-07T16:21:04.271+0000] {logging_mixin.py:188} INFO - [2024-09-07T16:21:04.271+0000] {dagbag.py:538} INFO - Filling up the DagBag from /home/airflow/.local/lib/python3.8/site-packages/airflow/example_dags/tutorial_objectstorage.py
[2024-09-07T16:21:04.278+0000] {processor.py:840} INFO - DAG(s) 'tutorial_objectstorage' retrieved from /home/airflow/.local/lib/python3.8/site-packages/airflow/example_dags/tutorial_objectstorage.py
[2024-09-07T16:21:04.291+0000] {logging_mixin.py:188} INFO - [2024-09-07T16:21:04.291+0000] {dag.py:3036} INFO - Sync 1 DAGs
[2024-09-07T16:21:04.299+0000] {logging_mixin.py:188} INFO - [2024-09-07T16:21:04.299+0000] {dag.py:3823} INFO - Setting next_dagrun for tutorial_objectstorage to None, run_after=None
[2024-09-07T16:21:04.312+0000] {processor.py:183} INFO - Processing /home/airflow/.local/lib/python3.8/site-packages/airflow/example_dags/tutorial_objectstorage.py took 0.046 seconds
[2024-09-07T16:21:35.099+0000] {processor.py:161} INFO - Started process (PID=11096) to work on /home/airflow/.local/lib/python3.8/site-packages/airflow/example_dags/tutorial_objectstorage.py
[2024-09-07T16:21:35.100+0000] {processor.py:830} INFO - Processing file /home/airflow/.local/lib/python3.8/site-packages/airflow/example_dags/tutorial_objectstorage.py for tasks to queue
[2024-09-07T16:21:35.101+0000] {logging_mixin.py:188} INFO - [2024-09-07T16:21:35.100+0000] {dagbag.py:538} INFO - Filling up the DagBag from /home/airflow/.local/lib/python3.8/site-packages/airflow/example_dags/tutorial_objectstorage.py
[2024-09-07T16:21:35.105+0000] {processor.py:840} INFO - DAG(s) 'tutorial_objectstorage' retrieved from /home/airflow/.local/lib/python3.8/site-packages/airflow/example_dags/tutorial_objectstorage.py
[2024-09-07T16:21:35.118+0000] {logging_mixin.py:188} INFO - [2024-09-07T16:21:35.118+0000] {dag.py:3036} INFO - Sync 1 DAGs
[2024-09-07T16:21:35.125+0000] {logging_mixin.py:188} INFO - [2024-09-07T16:21:35.125+0000] {dag.py:3823} INFO - Setting next_dagrun for tutorial_objectstorage to None, run_after=None
[2024-09-07T16:21:35.137+0000] {processor.py:183} INFO - Processing /home/airflow/.local/lib/python3.8/site-packages/airflow/example_dags/tutorial_objectstorage.py took 0.040 seconds
[2024-09-07T16:22:06.189+0000] {processor.py:161} INFO - Started process (PID=11343) to work on /home/airflow/.local/lib/python3.8/site-packages/airflow/example_dags/tutorial_objectstorage.py
[2024-09-07T16:22:06.190+0000] {processor.py:830} INFO - Processing file /home/airflow/.local/lib/python3.8/site-packages/airflow/example_dags/tutorial_objectstorage.py for tasks to queue
[2024-09-07T16:22:06.191+0000] {logging_mixin.py:188} INFO - [2024-09-07T16:22:06.190+0000] {dagbag.py:538} INFO - Filling up the DagBag from /home/airflow/.local/lib/python3.8/site-packages/airflow/example_dags/tutorial_objectstorage.py
[2024-09-07T16:22:06.195+0000] {processor.py:840} INFO - DAG(s) 'tutorial_objectstorage' retrieved from /home/airflow/.local/lib/python3.8/site-packages/airflow/example_dags/tutorial_objectstorage.py
[2024-09-07T16:22:06.210+0000] {logging_mixin.py:188} INFO - [2024-09-07T16:22:06.210+0000] {dag.py:3036} INFO - Sync 1 DAGs
[2024-09-07T16:22:06.220+0000] {logging_mixin.py:188} INFO - [2024-09-07T16:22:06.220+0000] {dag.py:3823} INFO - Setting next_dagrun for tutorial_objectstorage to None, run_after=None
[2024-09-07T16:22:06.237+0000] {processor.py:183} INFO - Processing /home/airflow/.local/lib/python3.8/site-packages/airflow/example_dags/tutorial_objectstorage.py took 0.050 seconds
[2024-09-07T16:22:36.733+0000] {processor.py:161} INFO - Started process (PID=11590) to work on /home/airflow/.local/lib/python3.8/site-packages/airflow/example_dags/tutorial_objectstorage.py
[2024-09-07T16:22:36.734+0000] {processor.py:830} INFO - Processing file /home/airflow/.local/lib/python3.8/site-packages/airflow/example_dags/tutorial_objectstorage.py for tasks to queue
[2024-09-07T16:22:36.734+0000] {logging_mixin.py:188} INFO - [2024-09-07T16:22:36.734+0000] {dagbag.py:538} INFO - Filling up the DagBag from /home/airflow/.local/lib/python3.8/site-packages/airflow/example_dags/tutorial_objectstorage.py
[2024-09-07T16:22:36.739+0000] {processor.py:840} INFO - DAG(s) 'tutorial_objectstorage' retrieved from /home/airflow/.local/lib/python3.8/site-packages/airflow/example_dags/tutorial_objectstorage.py
[2024-09-07T16:22:36.750+0000] {logging_mixin.py:188} INFO - [2024-09-07T16:22:36.750+0000] {dag.py:3036} INFO - Sync 1 DAGs
[2024-09-07T16:22:36.757+0000] {logging_mixin.py:188} INFO - [2024-09-07T16:22:36.757+0000] {dag.py:3823} INFO - Setting next_dagrun for tutorial_objectstorage to None, run_after=None
[2024-09-07T16:22:36.768+0000] {processor.py:183} INFO - Processing /home/airflow/.local/lib/python3.8/site-packages/airflow/example_dags/tutorial_objectstorage.py took 0.037 seconds
[2024-09-07T16:23:07.449+0000] {processor.py:161} INFO - Started process (PID=11837) to work on /home/airflow/.local/lib/python3.8/site-packages/airflow/example_dags/tutorial_objectstorage.py
[2024-09-07T16:23:07.450+0000] {processor.py:830} INFO - Processing file /home/airflow/.local/lib/python3.8/site-packages/airflow/example_dags/tutorial_objectstorage.py for tasks to queue
[2024-09-07T16:23:07.451+0000] {logging_mixin.py:188} INFO - [2024-09-07T16:23:07.451+0000] {dagbag.py:538} INFO - Filling up the DagBag from /home/airflow/.local/lib/python3.8/site-packages/airflow/example_dags/tutorial_objectstorage.py
[2024-09-07T16:23:07.457+0000] {processor.py:840} INFO - DAG(s) 'tutorial_objectstorage' retrieved from /home/airflow/.local/lib/python3.8/site-packages/airflow/example_dags/tutorial_objectstorage.py
[2024-09-07T16:23:07.470+0000] {logging_mixin.py:188} INFO - [2024-09-07T16:23:07.470+0000] {dag.py:3036} INFO - Sync 1 DAGs
[2024-09-07T16:23:07.478+0000] {logging_mixin.py:188} INFO - [2024-09-07T16:23:07.478+0000] {dag.py:3823} INFO - Setting next_dagrun for tutorial_objectstorage to None, run_after=None
[2024-09-07T16:23:07.489+0000] {processor.py:183} INFO - Processing /home/airflow/.local/lib/python3.8/site-packages/airflow/example_dags/tutorial_objectstorage.py took 0.042 seconds
[2024-09-07T16:23:38.069+0000] {processor.py:161} INFO - Started process (PID=12084) to work on /home/airflow/.local/lib/python3.8/site-packages/airflow/example_dags/tutorial_objectstorage.py
[2024-09-07T16:23:38.070+0000] {processor.py:830} INFO - Processing file /home/airflow/.local/lib/python3.8/site-packages/airflow/example_dags/tutorial_objectstorage.py for tasks to queue
[2024-09-07T16:23:38.071+0000] {logging_mixin.py:188} INFO - [2024-09-07T16:23:38.071+0000] {dagbag.py:538} INFO - Filling up the DagBag from /home/airflow/.local/lib/python3.8/site-packages/airflow/example_dags/tutorial_objectstorage.py
[2024-09-07T16:23:38.076+0000] {processor.py:840} INFO - DAG(s) 'tutorial_objectstorage' retrieved from /home/airflow/.local/lib/python3.8/site-packages/airflow/example_dags/tutorial_objectstorage.py
[2024-09-07T16:23:38.089+0000] {logging_mixin.py:188} INFO - [2024-09-07T16:23:38.089+0000] {dag.py:3036} INFO - Sync 1 DAGs
[2024-09-07T16:23:38.097+0000] {logging_mixin.py:188} INFO - [2024-09-07T16:23:38.096+0000] {dag.py:3823} INFO - Setting next_dagrun for tutorial_objectstorage to None, run_after=None
[2024-09-07T16:23:38.108+0000] {processor.py:183} INFO - Processing /home/airflow/.local/lib/python3.8/site-packages/airflow/example_dags/tutorial_objectstorage.py took 0.042 seconds
[2024-09-07T16:24:08.766+0000] {processor.py:161} INFO - Started process (PID=12331) to work on /home/airflow/.local/lib/python3.8/site-packages/airflow/example_dags/tutorial_objectstorage.py
[2024-09-07T16:24:08.766+0000] {processor.py:830} INFO - Processing file /home/airflow/.local/lib/python3.8/site-packages/airflow/example_dags/tutorial_objectstorage.py for tasks to queue
[2024-09-07T16:24:08.767+0000] {logging_mixin.py:188} INFO - [2024-09-07T16:24:08.767+0000] {dagbag.py:538} INFO - Filling up the DagBag from /home/airflow/.local/lib/python3.8/site-packages/airflow/example_dags/tutorial_objectstorage.py
[2024-09-07T16:24:08.772+0000] {processor.py:840} INFO - DAG(s) 'tutorial_objectstorage' retrieved from /home/airflow/.local/lib/python3.8/site-packages/airflow/example_dags/tutorial_objectstorage.py
[2024-09-07T16:24:08.784+0000] {logging_mixin.py:188} INFO - [2024-09-07T16:24:08.784+0000] {dag.py:3036} INFO - Sync 1 DAGs
[2024-09-07T16:24:08.793+0000] {logging_mixin.py:188} INFO - [2024-09-07T16:24:08.793+0000] {dag.py:3823} INFO - Setting next_dagrun for tutorial_objectstorage to None, run_after=None
[2024-09-07T16:24:08.806+0000] {processor.py:183} INFO - Processing /home/airflow/.local/lib/python3.8/site-packages/airflow/example_dags/tutorial_objectstorage.py took 0.043 seconds
[2024-09-07T16:24:38.873+0000] {processor.py:161} INFO - Started process (PID=12578) to work on /home/airflow/.local/lib/python3.8/site-packages/airflow/example_dags/tutorial_objectstorage.py
[2024-09-07T16:24:38.874+0000] {processor.py:830} INFO - Processing file /home/airflow/.local/lib/python3.8/site-packages/airflow/example_dags/tutorial_objectstorage.py for tasks to queue
[2024-09-07T16:24:38.875+0000] {logging_mixin.py:188} INFO - [2024-09-07T16:24:38.875+0000] {dagbag.py:538} INFO - Filling up the DagBag from /home/airflow/.local/lib/python3.8/site-packages/airflow/example_dags/tutorial_objectstorage.py
[2024-09-07T16:24:38.880+0000] {processor.py:840} INFO - DAG(s) 'tutorial_objectstorage' retrieved from /home/airflow/.local/lib/python3.8/site-packages/airflow/example_dags/tutorial_objectstorage.py
[2024-09-07T16:24:38.893+0000] {logging_mixin.py:188} INFO - [2024-09-07T16:24:38.893+0000] {dag.py:3036} INFO - Sync 1 DAGs
[2024-09-07T16:24:38.901+0000] {logging_mixin.py:188} INFO - [2024-09-07T16:24:38.900+0000] {dag.py:3823} INFO - Setting next_dagrun for tutorial_objectstorage to None, run_after=None
[2024-09-07T16:24:38.911+0000] {processor.py:183} INFO - Processing /home/airflow/.local/lib/python3.8/site-packages/airflow/example_dags/tutorial_objectstorage.py took 0.040 seconds
[2024-09-07T16:25:09.536+0000] {processor.py:161} INFO - Started process (PID=12825) to work on /home/airflow/.local/lib/python3.8/site-packages/airflow/example_dags/tutorial_objectstorage.py
[2024-09-07T16:25:09.537+0000] {processor.py:830} INFO - Processing file /home/airflow/.local/lib/python3.8/site-packages/airflow/example_dags/tutorial_objectstorage.py for tasks to queue
[2024-09-07T16:25:09.538+0000] {logging_mixin.py:188} INFO - [2024-09-07T16:25:09.538+0000] {dagbag.py:538} INFO - Filling up the DagBag from /home/airflow/.local/lib/python3.8/site-packages/airflow/example_dags/tutorial_objectstorage.py
[2024-09-07T16:25:09.542+0000] {processor.py:840} INFO - DAG(s) 'tutorial_objectstorage' retrieved from /home/airflow/.local/lib/python3.8/site-packages/airflow/example_dags/tutorial_objectstorage.py
[2024-09-07T16:25:09.554+0000] {logging_mixin.py:188} INFO - [2024-09-07T16:25:09.554+0000] {dag.py:3036} INFO - Sync 1 DAGs
[2024-09-07T16:25:09.562+0000] {logging_mixin.py:188} INFO - [2024-09-07T16:25:09.561+0000] {dag.py:3823} INFO - Setting next_dagrun for tutorial_objectstorage to None, run_after=None
[2024-09-07T16:25:09.574+0000] {processor.py:183} INFO - Processing /home/airflow/.local/lib/python3.8/site-packages/airflow/example_dags/tutorial_objectstorage.py took 0.040 seconds
[2024-09-07T16:25:40.188+0000] {processor.py:161} INFO - Started process (PID=13072) to work on /home/airflow/.local/lib/python3.8/site-packages/airflow/example_dags/tutorial_objectstorage.py
[2024-09-07T16:25:40.189+0000] {processor.py:830} INFO - Processing file /home/airflow/.local/lib/python3.8/site-packages/airflow/example_dags/tutorial_objectstorage.py for tasks to queue
[2024-09-07T16:25:40.190+0000] {logging_mixin.py:188} INFO - [2024-09-07T16:25:40.189+0000] {dagbag.py:538} INFO - Filling up the DagBag from /home/airflow/.local/lib/python3.8/site-packages/airflow/example_dags/tutorial_objectstorage.py
[2024-09-07T16:25:40.195+0000] {processor.py:840} INFO - DAG(s) 'tutorial_objectstorage' retrieved from /home/airflow/.local/lib/python3.8/site-packages/airflow/example_dags/tutorial_objectstorage.py
[2024-09-07T16:25:40.206+0000] {logging_mixin.py:188} INFO - [2024-09-07T16:25:40.206+0000] {dag.py:3036} INFO - Sync 1 DAGs
[2024-09-07T16:25:40.213+0000] {logging_mixin.py:188} INFO - [2024-09-07T16:25:40.213+0000] {dag.py:3823} INFO - Setting next_dagrun for tutorial_objectstorage to None, run_after=None
[2024-09-07T16:25:40.223+0000] {processor.py:183} INFO - Processing /home/airflow/.local/lib/python3.8/site-packages/airflow/example_dags/tutorial_objectstorage.py took 0.037 seconds
[2024-09-07T16:26:10.819+0000] {processor.py:161} INFO - Started process (PID=13318) to work on /home/airflow/.local/lib/python3.8/site-packages/airflow/example_dags/tutorial_objectstorage.py
[2024-09-07T16:26:10.820+0000] {processor.py:830} INFO - Processing file /home/airflow/.local/lib/python3.8/site-packages/airflow/example_dags/tutorial_objectstorage.py for tasks to queue
[2024-09-07T16:26:10.821+0000] {logging_mixin.py:188} INFO - [2024-09-07T16:26:10.820+0000] {dagbag.py:538} INFO - Filling up the DagBag from /home/airflow/.local/lib/python3.8/site-packages/airflow/example_dags/tutorial_objectstorage.py
[2024-09-07T16:26:10.825+0000] {processor.py:840} INFO - DAG(s) 'tutorial_objectstorage' retrieved from /home/airflow/.local/lib/python3.8/site-packages/airflow/example_dags/tutorial_objectstorage.py
[2024-09-07T16:26:10.839+0000] {logging_mixin.py:188} INFO - [2024-09-07T16:26:10.838+0000] {dag.py:3036} INFO - Sync 1 DAGs
[2024-09-07T16:26:10.845+0000] {logging_mixin.py:188} INFO - [2024-09-07T16:26:10.845+0000] {dag.py:3823} INFO - Setting next_dagrun for tutorial_objectstorage to None, run_after=None
[2024-09-07T16:26:10.858+0000] {processor.py:183} INFO - Processing /home/airflow/.local/lib/python3.8/site-packages/airflow/example_dags/tutorial_objectstorage.py took 0.042 seconds
[2024-09-07T16:26:41.051+0000] {processor.py:161} INFO - Started process (PID=13566) to work on /home/airflow/.local/lib/python3.8/site-packages/airflow/example_dags/tutorial_objectstorage.py
[2024-09-07T16:26:41.052+0000] {processor.py:830} INFO - Processing file /home/airflow/.local/lib/python3.8/site-packages/airflow/example_dags/tutorial_objectstorage.py for tasks to queue
[2024-09-07T16:26:41.053+0000] {logging_mixin.py:188} INFO - [2024-09-07T16:26:41.053+0000] {dagbag.py:538} INFO - Filling up the DagBag from /home/airflow/.local/lib/python3.8/site-packages/airflow/example_dags/tutorial_objectstorage.py
[2024-09-07T16:26:41.061+0000] {processor.py:840} INFO - DAG(s) 'tutorial_objectstorage' retrieved from /home/airflow/.local/lib/python3.8/site-packages/airflow/example_dags/tutorial_objectstorage.py
[2024-09-07T16:26:41.076+0000] {logging_mixin.py:188} INFO - [2024-09-07T16:26:41.076+0000] {dag.py:3036} INFO - Sync 1 DAGs
[2024-09-07T16:26:41.084+0000] {logging_mixin.py:188} INFO - [2024-09-07T16:26:41.084+0000] {dag.py:3823} INFO - Setting next_dagrun for tutorial_objectstorage to None, run_after=None
[2024-09-07T16:26:41.096+0000] {processor.py:183} INFO - Processing /home/airflow/.local/lib/python3.8/site-packages/airflow/example_dags/tutorial_objectstorage.py took 0.050 seconds
[2024-09-07T16:27:12.067+0000] {processor.py:161} INFO - Started process (PID=13813) to work on /home/airflow/.local/lib/python3.8/site-packages/airflow/example_dags/tutorial_objectstorage.py
[2024-09-07T16:27:12.068+0000] {processor.py:830} INFO - Processing file /home/airflow/.local/lib/python3.8/site-packages/airflow/example_dags/tutorial_objectstorage.py for tasks to queue
[2024-09-07T16:27:12.068+0000] {logging_mixin.py:188} INFO - [2024-09-07T16:27:12.068+0000] {dagbag.py:538} INFO - Filling up the DagBag from /home/airflow/.local/lib/python3.8/site-packages/airflow/example_dags/tutorial_objectstorage.py
[2024-09-07T16:27:12.074+0000] {processor.py:840} INFO - DAG(s) 'tutorial_objectstorage' retrieved from /home/airflow/.local/lib/python3.8/site-packages/airflow/example_dags/tutorial_objectstorage.py
[2024-09-07T16:27:12.086+0000] {logging_mixin.py:188} INFO - [2024-09-07T16:27:12.086+0000] {dag.py:3036} INFO - Sync 1 DAGs
[2024-09-07T16:27:12.094+0000] {logging_mixin.py:188} INFO - [2024-09-07T16:27:12.094+0000] {dag.py:3823} INFO - Setting next_dagrun for tutorial_objectstorage to None, run_after=None
[2024-09-07T16:27:12.105+0000] {processor.py:183} INFO - Processing /home/airflow/.local/lib/python3.8/site-packages/airflow/example_dags/tutorial_objectstorage.py took 0.041 seconds
[2024-09-07T16:27:42.758+0000] {processor.py:161} INFO - Started process (PID=14059) to work on /home/airflow/.local/lib/python3.8/site-packages/airflow/example_dags/tutorial_objectstorage.py
[2024-09-07T16:27:42.759+0000] {processor.py:830} INFO - Processing file /home/airflow/.local/lib/python3.8/site-packages/airflow/example_dags/tutorial_objectstorage.py for tasks to queue
[2024-09-07T16:27:42.759+0000] {logging_mixin.py:188} INFO - [2024-09-07T16:27:42.759+0000] {dagbag.py:538} INFO - Filling up the DagBag from /home/airflow/.local/lib/python3.8/site-packages/airflow/example_dags/tutorial_objectstorage.py
[2024-09-07T16:27:42.764+0000] {processor.py:840} INFO - DAG(s) 'tutorial_objectstorage' retrieved from /home/airflow/.local/lib/python3.8/site-packages/airflow/example_dags/tutorial_objectstorage.py
[2024-09-07T16:27:42.776+0000] {logging_mixin.py:188} INFO - [2024-09-07T16:27:42.775+0000] {dag.py:3036} INFO - Sync 1 DAGs
[2024-09-07T16:27:42.783+0000] {logging_mixin.py:188} INFO - [2024-09-07T16:27:42.783+0000] {dag.py:3823} INFO - Setting next_dagrun for tutorial_objectstorage to None, run_after=None
[2024-09-07T16:27:42.795+0000] {processor.py:183} INFO - Processing /home/airflow/.local/lib/python3.8/site-packages/airflow/example_dags/tutorial_objectstorage.py took 0.039 seconds
[2024-09-07T16:28:13.477+0000] {processor.py:161} INFO - Started process (PID=14306) to work on /home/airflow/.local/lib/python3.8/site-packages/airflow/example_dags/tutorial_objectstorage.py
[2024-09-07T16:28:13.479+0000] {processor.py:830} INFO - Processing file /home/airflow/.local/lib/python3.8/site-packages/airflow/example_dags/tutorial_objectstorage.py for tasks to queue
[2024-09-07T16:28:13.480+0000] {logging_mixin.py:188} INFO - [2024-09-07T16:28:13.480+0000] {dagbag.py:538} INFO - Filling up the DagBag from /home/airflow/.local/lib/python3.8/site-packages/airflow/example_dags/tutorial_objectstorage.py
[2024-09-07T16:28:13.488+0000] {processor.py:840} INFO - DAG(s) 'tutorial_objectstorage' retrieved from /home/airflow/.local/lib/python3.8/site-packages/airflow/example_dags/tutorial_objectstorage.py
[2024-09-07T16:28:13.501+0000] {logging_mixin.py:188} INFO - [2024-09-07T16:28:13.501+0000] {dag.py:3036} INFO - Sync 1 DAGs
[2024-09-07T16:28:13.508+0000] {logging_mixin.py:188} INFO - [2024-09-07T16:28:13.508+0000] {dag.py:3823} INFO - Setting next_dagrun for tutorial_objectstorage to None, run_after=None
[2024-09-07T16:28:13.520+0000] {processor.py:183} INFO - Processing /home/airflow/.local/lib/python3.8/site-packages/airflow/example_dags/tutorial_objectstorage.py took 0.046 seconds
