[2024-03-12T17:01:54.415+0000] {processor.py:161} INFO - Started process (PID=333) to work on /home/airflow/.local/lib/python3.8/site-packages/airflow/example_dags/example_complex.py
[2024-03-12T17:01:54.417+0000] {processor.py:830} INFO - Processing file /home/airflow/.local/lib/python3.8/site-packages/airflow/example_dags/example_complex.py for tasks to queue
[2024-03-12T17:01:54.419+0000] {logging_mixin.py:188} INFO - [2024-03-12T17:01:54.418+0000] {dagbag.py:538} INFO - Filling up the DagBag from /home/airflow/.local/lib/python3.8/site-packages/airflow/example_dags/example_complex.py
[2024-03-12T17:01:54.426+0000] {processor.py:840} INFO - DAG(s) 'example_complex' retrieved from /home/airflow/.local/lib/python3.8/site-packages/airflow/example_dags/example_complex.py
[2024-03-12T17:01:54.497+0000] {logging_mixin.py:188} INFO - [2024-03-12T17:01:54.497+0000] {dag.py:3036} INFO - Sync 1 DAGs
[2024-03-12T17:01:54.504+0000] {logging_mixin.py:188} INFO - [2024-03-12T17:01:54.504+0000] {dag.py:3823} INFO - Setting next_dagrun for example_complex to None, run_after=None
[2024-03-12T17:01:54.518+0000] {processor.py:183} INFO - Processing /home/airflow/.local/lib/python3.8/site-packages/airflow/example_dags/example_complex.py took 0.105 seconds
[2024-03-12T17:02:25.275+0000] {processor.py:161} INFO - Started process (PID=578) to work on /home/airflow/.local/lib/python3.8/site-packages/airflow/example_dags/example_complex.py
[2024-03-12T17:02:25.276+0000] {processor.py:830} INFO - Processing file /home/airflow/.local/lib/python3.8/site-packages/airflow/example_dags/example_complex.py for tasks to queue
[2024-03-12T17:02:25.277+0000] {logging_mixin.py:188} INFO - [2024-03-12T17:02:25.277+0000] {dagbag.py:538} INFO - Filling up the DagBag from /home/airflow/.local/lib/python3.8/site-packages/airflow/example_dags/example_complex.py
[2024-03-12T17:02:25.285+0000] {processor.py:840} INFO - DAG(s) 'example_complex' retrieved from /home/airflow/.local/lib/python3.8/site-packages/airflow/example_dags/example_complex.py
[2024-03-12T17:02:25.310+0000] {logging_mixin.py:188} INFO - [2024-03-12T17:02:25.309+0000] {dag.py:3036} INFO - Sync 1 DAGs
[2024-03-12T17:02:25.319+0000] {logging_mixin.py:188} INFO - [2024-03-12T17:02:25.318+0000] {dag.py:3823} INFO - Setting next_dagrun for example_complex to None, run_after=None
[2024-03-12T17:02:25.329+0000] {processor.py:183} INFO - Processing /home/airflow/.local/lib/python3.8/site-packages/airflow/example_dags/example_complex.py took 0.057 seconds
[2024-03-12T17:02:56.017+0000] {processor.py:161} INFO - Started process (PID=825) to work on /home/airflow/.local/lib/python3.8/site-packages/airflow/example_dags/example_complex.py
[2024-03-12T17:02:56.018+0000] {processor.py:830} INFO - Processing file /home/airflow/.local/lib/python3.8/site-packages/airflow/example_dags/example_complex.py for tasks to queue
[2024-03-12T17:02:56.019+0000] {logging_mixin.py:188} INFO - [2024-03-12T17:02:56.019+0000] {dagbag.py:538} INFO - Filling up the DagBag from /home/airflow/.local/lib/python3.8/site-packages/airflow/example_dags/example_complex.py
[2024-03-12T17:02:56.030+0000] {processor.py:840} INFO - DAG(s) 'example_complex' retrieved from /home/airflow/.local/lib/python3.8/site-packages/airflow/example_dags/example_complex.py
[2024-03-12T17:02:56.059+0000] {logging_mixin.py:188} INFO - [2024-03-12T17:02:56.059+0000] {dag.py:3036} INFO - Sync 1 DAGs
[2024-03-12T17:02:56.070+0000] {logging_mixin.py:188} INFO - [2024-03-12T17:02:56.070+0000] {dag.py:3823} INFO - Setting next_dagrun for example_complex to None, run_after=None
[2024-03-12T17:02:56.090+0000] {processor.py:183} INFO - Processing /home/airflow/.local/lib/python3.8/site-packages/airflow/example_dags/example_complex.py took 0.077 seconds
[2024-03-12T17:03:26.452+0000] {processor.py:161} INFO - Started process (PID=1072) to work on /home/airflow/.local/lib/python3.8/site-packages/airflow/example_dags/example_complex.py
[2024-03-12T17:03:26.454+0000] {processor.py:830} INFO - Processing file /home/airflow/.local/lib/python3.8/site-packages/airflow/example_dags/example_complex.py for tasks to queue
[2024-03-12T17:03:26.455+0000] {logging_mixin.py:188} INFO - [2024-03-12T17:03:26.454+0000] {dagbag.py:538} INFO - Filling up the DagBag from /home/airflow/.local/lib/python3.8/site-packages/airflow/example_dags/example_complex.py
[2024-03-12T17:03:26.467+0000] {processor.py:840} INFO - DAG(s) 'example_complex' retrieved from /home/airflow/.local/lib/python3.8/site-packages/airflow/example_dags/example_complex.py
[2024-03-12T17:03:26.502+0000] {logging_mixin.py:188} INFO - [2024-03-12T17:03:26.501+0000] {dag.py:3036} INFO - Sync 1 DAGs
[2024-03-12T17:03:26.519+0000] {logging_mixin.py:188} INFO - [2024-03-12T17:03:26.518+0000] {dag.py:3823} INFO - Setting next_dagrun for example_complex to None, run_after=None
[2024-03-12T17:03:26.543+0000] {processor.py:183} INFO - Processing /home/airflow/.local/lib/python3.8/site-packages/airflow/example_dags/example_complex.py took 0.095 seconds
[2024-03-12T17:03:56.616+0000] {processor.py:161} INFO - Started process (PID=1319) to work on /home/airflow/.local/lib/python3.8/site-packages/airflow/example_dags/example_complex.py
[2024-03-12T17:03:56.616+0000] {processor.py:830} INFO - Processing file /home/airflow/.local/lib/python3.8/site-packages/airflow/example_dags/example_complex.py for tasks to queue
[2024-03-12T17:03:56.617+0000] {logging_mixin.py:188} INFO - [2024-03-12T17:03:56.617+0000] {dagbag.py:538} INFO - Filling up the DagBag from /home/airflow/.local/lib/python3.8/site-packages/airflow/example_dags/example_complex.py
[2024-03-12T17:03:56.623+0000] {processor.py:840} INFO - DAG(s) 'example_complex' retrieved from /home/airflow/.local/lib/python3.8/site-packages/airflow/example_dags/example_complex.py
[2024-03-12T17:03:56.639+0000] {logging_mixin.py:188} INFO - [2024-03-12T17:03:56.639+0000] {dag.py:3036} INFO - Sync 1 DAGs
[2024-03-12T17:03:56.645+0000] {logging_mixin.py:188} INFO - [2024-03-12T17:03:56.645+0000] {dag.py:3823} INFO - Setting next_dagrun for example_complex to None, run_after=None
[2024-03-12T17:03:56.655+0000] {processor.py:183} INFO - Processing /home/airflow/.local/lib/python3.8/site-packages/airflow/example_dags/example_complex.py took 0.042 seconds
[2024-03-12T17:04:26.781+0000] {processor.py:161} INFO - Started process (PID=1566) to work on /home/airflow/.local/lib/python3.8/site-packages/airflow/example_dags/example_complex.py
[2024-03-12T17:04:26.782+0000] {processor.py:830} INFO - Processing file /home/airflow/.local/lib/python3.8/site-packages/airflow/example_dags/example_complex.py for tasks to queue
[2024-03-12T17:04:26.782+0000] {logging_mixin.py:188} INFO - [2024-03-12T17:04:26.782+0000] {dagbag.py:538} INFO - Filling up the DagBag from /home/airflow/.local/lib/python3.8/site-packages/airflow/example_dags/example_complex.py
[2024-03-12T17:04:26.788+0000] {processor.py:840} INFO - DAG(s) 'example_complex' retrieved from /home/airflow/.local/lib/python3.8/site-packages/airflow/example_dags/example_complex.py
[2024-03-12T17:04:26.804+0000] {logging_mixin.py:188} INFO - [2024-03-12T17:04:26.804+0000] {dag.py:3036} INFO - Sync 1 DAGs
[2024-03-12T17:04:26.810+0000] {logging_mixin.py:188} INFO - [2024-03-12T17:04:26.810+0000] {dag.py:3823} INFO - Setting next_dagrun for example_complex to None, run_after=None
[2024-03-12T17:04:26.820+0000] {processor.py:183} INFO - Processing /home/airflow/.local/lib/python3.8/site-packages/airflow/example_dags/example_complex.py took 0.041 seconds
[2024-03-12T17:04:57.660+0000] {processor.py:161} INFO - Started process (PID=1813) to work on /home/airflow/.local/lib/python3.8/site-packages/airflow/example_dags/example_complex.py
[2024-03-12T17:04:57.661+0000] {processor.py:830} INFO - Processing file /home/airflow/.local/lib/python3.8/site-packages/airflow/example_dags/example_complex.py for tasks to queue
[2024-03-12T17:04:57.662+0000] {logging_mixin.py:188} INFO - [2024-03-12T17:04:57.662+0000] {dagbag.py:538} INFO - Filling up the DagBag from /home/airflow/.local/lib/python3.8/site-packages/airflow/example_dags/example_complex.py
[2024-03-12T17:04:57.668+0000] {processor.py:840} INFO - DAG(s) 'example_complex' retrieved from /home/airflow/.local/lib/python3.8/site-packages/airflow/example_dags/example_complex.py
[2024-03-12T17:04:57.685+0000] {logging_mixin.py:188} INFO - [2024-03-12T17:04:57.685+0000] {dag.py:3036} INFO - Sync 1 DAGs
[2024-03-12T17:04:57.692+0000] {logging_mixin.py:188} INFO - [2024-03-12T17:04:57.692+0000] {dag.py:3823} INFO - Setting next_dagrun for example_complex to None, run_after=None
[2024-03-12T17:04:57.702+0000] {processor.py:183} INFO - Processing /home/airflow/.local/lib/python3.8/site-packages/airflow/example_dags/example_complex.py took 0.044 seconds
[2024-03-12T17:05:28.430+0000] {processor.py:161} INFO - Started process (PID=2060) to work on /home/airflow/.local/lib/python3.8/site-packages/airflow/example_dags/example_complex.py
[2024-03-12T17:05:28.431+0000] {processor.py:830} INFO - Processing file /home/airflow/.local/lib/python3.8/site-packages/airflow/example_dags/example_complex.py for tasks to queue
[2024-03-12T17:05:28.431+0000] {logging_mixin.py:188} INFO - [2024-03-12T17:05:28.431+0000] {dagbag.py:538} INFO - Filling up the DagBag from /home/airflow/.local/lib/python3.8/site-packages/airflow/example_dags/example_complex.py
[2024-03-12T17:05:28.437+0000] {processor.py:840} INFO - DAG(s) 'example_complex' retrieved from /home/airflow/.local/lib/python3.8/site-packages/airflow/example_dags/example_complex.py
[2024-03-12T17:05:28.453+0000] {logging_mixin.py:188} INFO - [2024-03-12T17:05:28.453+0000] {dag.py:3036} INFO - Sync 1 DAGs
[2024-03-12T17:05:28.460+0000] {logging_mixin.py:188} INFO - [2024-03-12T17:05:28.460+0000] {dag.py:3823} INFO - Setting next_dagrun for example_complex to None, run_after=None
[2024-03-12T17:05:28.469+0000] {processor.py:183} INFO - Processing /home/airflow/.local/lib/python3.8/site-packages/airflow/example_dags/example_complex.py took 0.041 seconds
