[2024-03-12T17:01:54.691+0000] {processor.py:161} INFO - Started process (PID=346) to work on /home/airflow/.local/lib/python3.8/site-packages/airflow/example_dags/example_short_circuit_decorator.py
[2024-03-12T17:01:54.694+0000] {processor.py:830} INFO - Processing file /home/airflow/.local/lib/python3.8/site-packages/airflow/example_dags/example_short_circuit_decorator.py for tasks to queue
[2024-03-12T17:01:54.695+0000] {logging_mixin.py:188} INFO - [2024-03-12T17:01:54.695+0000] {dagbag.py:538} INFO - Filling up the DagBag from /home/airflow/.local/lib/python3.8/site-packages/airflow/example_dags/example_short_circuit_decorator.py
[2024-03-12T17:01:54.702+0000] {processor.py:840} INFO - DAG(s) 'example_short_circuit_decorator' retrieved from /home/airflow/.local/lib/python3.8/site-packages/airflow/example_dags/example_short_circuit_decorator.py
[2024-03-12T17:01:54.776+0000] {logging_mixin.py:188} INFO - [2024-03-12T17:01:54.775+0000] {dag.py:3036} INFO - Sync 1 DAGs
[2024-03-12T17:01:54.796+0000] {logging_mixin.py:188} INFO - [2024-03-12T17:01:54.796+0000] {dag.py:3823} INFO - Setting next_dagrun for example_short_circuit_decorator to 2024-03-11 00:00:00+00:00, run_after=2024-03-12 00:00:00+00:00
[2024-03-12T17:01:54.810+0000] {processor.py:183} INFO - Processing /home/airflow/.local/lib/python3.8/site-packages/airflow/example_dags/example_short_circuit_decorator.py took 0.124 seconds
[2024-03-12T17:02:25.414+0000] {processor.py:161} INFO - Started process (PID=593) to work on /home/airflow/.local/lib/python3.8/site-packages/airflow/example_dags/example_short_circuit_decorator.py
[2024-03-12T17:02:25.416+0000] {processor.py:830} INFO - Processing file /home/airflow/.local/lib/python3.8/site-packages/airflow/example_dags/example_short_circuit_decorator.py for tasks to queue
[2024-03-12T17:02:25.417+0000] {logging_mixin.py:188} INFO - [2024-03-12T17:02:25.417+0000] {dagbag.py:538} INFO - Filling up the DagBag from /home/airflow/.local/lib/python3.8/site-packages/airflow/example_dags/example_short_circuit_decorator.py
[2024-03-12T17:02:25.424+0000] {processor.py:840} INFO - DAG(s) 'example_short_circuit_decorator' retrieved from /home/airflow/.local/lib/python3.8/site-packages/airflow/example_dags/example_short_circuit_decorator.py
[2024-03-12T17:02:25.442+0000] {logging_mixin.py:188} INFO - [2024-03-12T17:02:25.441+0000] {dag.py:3036} INFO - Sync 1 DAGs
[2024-03-12T17:02:25.457+0000] {logging_mixin.py:188} INFO - [2024-03-12T17:02:25.457+0000] {dag.py:3823} INFO - Setting next_dagrun for example_short_circuit_decorator to 2024-03-11 00:00:00+00:00, run_after=2024-03-12 00:00:00+00:00
[2024-03-12T17:02:25.469+0000] {processor.py:183} INFO - Processing /home/airflow/.local/lib/python3.8/site-packages/airflow/example_dags/example_short_circuit_decorator.py took 0.057 seconds
[2024-03-12T17:02:56.239+0000] {processor.py:161} INFO - Started process (PID=840) to work on /home/airflow/.local/lib/python3.8/site-packages/airflow/example_dags/example_short_circuit_decorator.py
[2024-03-12T17:02:56.240+0000] {processor.py:830} INFO - Processing file /home/airflow/.local/lib/python3.8/site-packages/airflow/example_dags/example_short_circuit_decorator.py for tasks to queue
[2024-03-12T17:02:56.242+0000] {logging_mixin.py:188} INFO - [2024-03-12T17:02:56.241+0000] {dagbag.py:538} INFO - Filling up the DagBag from /home/airflow/.local/lib/python3.8/site-packages/airflow/example_dags/example_short_circuit_decorator.py
[2024-03-12T17:02:56.254+0000] {processor.py:840} INFO - DAG(s) 'example_short_circuit_decorator' retrieved from /home/airflow/.local/lib/python3.8/site-packages/airflow/example_dags/example_short_circuit_decorator.py
[2024-03-12T17:02:56.280+0000] {logging_mixin.py:188} INFO - [2024-03-12T17:02:56.280+0000] {dag.py:3036} INFO - Sync 1 DAGs
[2024-03-12T17:02:56.303+0000] {logging_mixin.py:188} INFO - [2024-03-12T17:02:56.303+0000] {dag.py:3823} INFO - Setting next_dagrun for example_short_circuit_decorator to 2024-03-11 00:00:00+00:00, run_after=2024-03-12 00:00:00+00:00
[2024-03-12T17:02:56.320+0000] {processor.py:183} INFO - Processing /home/airflow/.local/lib/python3.8/site-packages/airflow/example_dags/example_short_circuit_decorator.py took 0.085 seconds
[2024-03-12T17:03:26.671+0000] {processor.py:161} INFO - Started process (PID=1087) to work on /home/airflow/.local/lib/python3.8/site-packages/airflow/example_dags/example_short_circuit_decorator.py
[2024-03-12T17:03:26.673+0000] {processor.py:830} INFO - Processing file /home/airflow/.local/lib/python3.8/site-packages/airflow/example_dags/example_short_circuit_decorator.py for tasks to queue
[2024-03-12T17:03:26.674+0000] {logging_mixin.py:188} INFO - [2024-03-12T17:03:26.674+0000] {dagbag.py:538} INFO - Filling up the DagBag from /home/airflow/.local/lib/python3.8/site-packages/airflow/example_dags/example_short_circuit_decorator.py
[2024-03-12T17:03:26.686+0000] {processor.py:840} INFO - DAG(s) 'example_short_circuit_decorator' retrieved from /home/airflow/.local/lib/python3.8/site-packages/airflow/example_dags/example_short_circuit_decorator.py
[2024-03-12T17:03:26.713+0000] {logging_mixin.py:188} INFO - [2024-03-12T17:03:26.713+0000] {dag.py:3036} INFO - Sync 1 DAGs
[2024-03-12T17:03:26.744+0000] {logging_mixin.py:188} INFO - [2024-03-12T17:03:26.744+0000] {dag.py:3823} INFO - Setting next_dagrun for example_short_circuit_decorator to 2024-03-11 00:00:00+00:00, run_after=2024-03-12 00:00:00+00:00
[2024-03-12T17:03:26.762+0000] {processor.py:183} INFO - Processing /home/airflow/.local/lib/python3.8/site-packages/airflow/example_dags/example_short_circuit_decorator.py took 0.095 seconds
[2024-03-12T17:03:56.781+0000] {processor.py:161} INFO - Started process (PID=1336) to work on /home/airflow/.local/lib/python3.8/site-packages/airflow/example_dags/example_short_circuit_decorator.py
[2024-03-12T17:03:56.781+0000] {processor.py:830} INFO - Processing file /home/airflow/.local/lib/python3.8/site-packages/airflow/example_dags/example_short_circuit_decorator.py for tasks to queue
[2024-03-12T17:03:56.782+0000] {logging_mixin.py:188} INFO - [2024-03-12T17:03:56.782+0000] {dagbag.py:538} INFO - Filling up the DagBag from /home/airflow/.local/lib/python3.8/site-packages/airflow/example_dags/example_short_circuit_decorator.py
[2024-03-12T17:03:56.788+0000] {processor.py:840} INFO - DAG(s) 'example_short_circuit_decorator' retrieved from /home/airflow/.local/lib/python3.8/site-packages/airflow/example_dags/example_short_circuit_decorator.py
[2024-03-12T17:03:56.801+0000] {logging_mixin.py:188} INFO - [2024-03-12T17:03:56.800+0000] {dag.py:3036} INFO - Sync 1 DAGs
[2024-03-12T17:03:56.811+0000] {logging_mixin.py:188} INFO - [2024-03-12T17:03:56.811+0000] {dag.py:3823} INFO - Setting next_dagrun for example_short_circuit_decorator to 2024-03-11 00:00:00+00:00, run_after=2024-03-12 00:00:00+00:00
[2024-03-12T17:03:56.821+0000] {processor.py:183} INFO - Processing /home/airflow/.local/lib/python3.8/site-packages/airflow/example_dags/example_short_circuit_decorator.py took 0.042 seconds
[2024-03-12T17:04:26.878+0000] {processor.py:161} INFO - Started process (PID=1581) to work on /home/airflow/.local/lib/python3.8/site-packages/airflow/example_dags/example_short_circuit_decorator.py
[2024-03-12T17:04:26.879+0000] {processor.py:830} INFO - Processing file /home/airflow/.local/lib/python3.8/site-packages/airflow/example_dags/example_short_circuit_decorator.py for tasks to queue
[2024-03-12T17:04:26.879+0000] {logging_mixin.py:188} INFO - [2024-03-12T17:04:26.879+0000] {dagbag.py:538} INFO - Filling up the DagBag from /home/airflow/.local/lib/python3.8/site-packages/airflow/example_dags/example_short_circuit_decorator.py
[2024-03-12T17:04:26.885+0000] {processor.py:840} INFO - DAG(s) 'example_short_circuit_decorator' retrieved from /home/airflow/.local/lib/python3.8/site-packages/airflow/example_dags/example_short_circuit_decorator.py
[2024-03-12T17:04:26.898+0000] {logging_mixin.py:188} INFO - [2024-03-12T17:04:26.898+0000] {dag.py:3036} INFO - Sync 1 DAGs
[2024-03-12T17:04:26.910+0000] {logging_mixin.py:188} INFO - [2024-03-12T17:04:26.910+0000] {dag.py:3823} INFO - Setting next_dagrun for example_short_circuit_decorator to 2024-03-11 00:00:00+00:00, run_after=2024-03-12 00:00:00+00:00
[2024-03-12T17:04:26.919+0000] {processor.py:183} INFO - Processing /home/airflow/.local/lib/python3.8/site-packages/airflow/example_dags/example_short_circuit_decorator.py took 0.043 seconds
[2024-03-12T17:04:57.759+0000] {processor.py:161} INFO - Started process (PID=1828) to work on /home/airflow/.local/lib/python3.8/site-packages/airflow/example_dags/example_short_circuit_decorator.py
[2024-03-12T17:04:57.760+0000] {processor.py:830} INFO - Processing file /home/airflow/.local/lib/python3.8/site-packages/airflow/example_dags/example_short_circuit_decorator.py for tasks to queue
[2024-03-12T17:04:57.761+0000] {logging_mixin.py:188} INFO - [2024-03-12T17:04:57.761+0000] {dagbag.py:538} INFO - Filling up the DagBag from /home/airflow/.local/lib/python3.8/site-packages/airflow/example_dags/example_short_circuit_decorator.py
[2024-03-12T17:04:57.766+0000] {processor.py:840} INFO - DAG(s) 'example_short_circuit_decorator' retrieved from /home/airflow/.local/lib/python3.8/site-packages/airflow/example_dags/example_short_circuit_decorator.py
[2024-03-12T17:04:57.779+0000] {logging_mixin.py:188} INFO - [2024-03-12T17:04:57.779+0000] {dag.py:3036} INFO - Sync 1 DAGs
[2024-03-12T17:04:57.790+0000] {logging_mixin.py:188} INFO - [2024-03-12T17:04:57.790+0000] {dag.py:3823} INFO - Setting next_dagrun for example_short_circuit_decorator to 2024-03-11 00:00:00+00:00, run_after=2024-03-12 00:00:00+00:00
[2024-03-12T17:04:57.798+0000] {processor.py:183} INFO - Processing /home/airflow/.local/lib/python3.8/site-packages/airflow/example_dags/example_short_circuit_decorator.py took 0.041 seconds
[2024-03-12T17:05:28.530+0000] {processor.py:161} INFO - Started process (PID=2077) to work on /home/airflow/.local/lib/python3.8/site-packages/airflow/example_dags/example_short_circuit_decorator.py
[2024-03-12T17:05:28.530+0000] {processor.py:830} INFO - Processing file /home/airflow/.local/lib/python3.8/site-packages/airflow/example_dags/example_short_circuit_decorator.py for tasks to queue
[2024-03-12T17:05:28.531+0000] {logging_mixin.py:188} INFO - [2024-03-12T17:05:28.531+0000] {dagbag.py:538} INFO - Filling up the DagBag from /home/airflow/.local/lib/python3.8/site-packages/airflow/example_dags/example_short_circuit_decorator.py
[2024-03-12T17:05:28.536+0000] {processor.py:840} INFO - DAG(s) 'example_short_circuit_decorator' retrieved from /home/airflow/.local/lib/python3.8/site-packages/airflow/example_dags/example_short_circuit_decorator.py
[2024-03-12T17:05:28.548+0000] {logging_mixin.py:188} INFO - [2024-03-12T17:05:28.548+0000] {dag.py:3036} INFO - Sync 1 DAGs
[2024-03-12T17:05:28.557+0000] {logging_mixin.py:188} INFO - [2024-03-12T17:05:28.557+0000] {dag.py:3823} INFO - Setting next_dagrun for example_short_circuit_decorator to 2024-03-11 00:00:00+00:00, run_after=2024-03-12 00:00:00+00:00
[2024-03-12T17:05:28.565+0000] {processor.py:183} INFO - Processing /home/airflow/.local/lib/python3.8/site-packages/airflow/example_dags/example_short_circuit_decorator.py took 0.037 seconds
