[2024-03-12T17:01:52.953+0000] {processor.py:161} INFO - Started process (PID=265) to work on /home/airflow/.local/lib/python3.8/site-packages/airflow/example_dags/tutorial.py
[2024-03-12T17:01:52.954+0000] {processor.py:830} INFO - Processing file /home/airflow/.local/lib/python3.8/site-packages/airflow/example_dags/tutorial.py for tasks to queue
[2024-03-12T17:01:52.955+0000] {logging_mixin.py:188} INFO - [2024-03-12T17:01:52.955+0000] {dagbag.py:538} INFO - Filling up the DagBag from /home/airflow/.local/lib/python3.8/site-packages/airflow/example_dags/tutorial.py
[2024-03-12T17:01:52.965+0000] {processor.py:840} INFO - DAG(s) 'tutorial' retrieved from /home/airflow/.local/lib/python3.8/site-packages/airflow/example_dags/tutorial.py
[2024-03-12T17:01:53.084+0000] {logging_mixin.py:188} INFO - [2024-03-12T17:01:53.083+0000] {dag.py:3036} INFO - Sync 1 DAGs
[2024-03-12T17:01:53.119+0000] {logging_mixin.py:188} INFO - [2024-03-12T17:01:53.118+0000] {dag.py:3823} INFO - Setting next_dagrun for tutorial to 2024-03-11 00:00:00+00:00, run_after=2024-03-12 00:00:00+00:00
[2024-03-12T17:01:53.152+0000] {processor.py:183} INFO - Processing /home/airflow/.local/lib/python3.8/site-packages/airflow/example_dags/tutorial.py took 0.204 seconds
[2024-03-12T17:02:23.770+0000] {processor.py:161} INFO - Started process (PID=513) to work on /home/airflow/.local/lib/python3.8/site-packages/airflow/example_dags/tutorial.py
[2024-03-12T17:02:23.771+0000] {processor.py:830} INFO - Processing file /home/airflow/.local/lib/python3.8/site-packages/airflow/example_dags/tutorial.py for tasks to queue
[2024-03-12T17:02:23.772+0000] {logging_mixin.py:188} INFO - [2024-03-12T17:02:23.772+0000] {dagbag.py:538} INFO - Filling up the DagBag from /home/airflow/.local/lib/python3.8/site-packages/airflow/example_dags/tutorial.py
[2024-03-12T17:02:23.776+0000] {processor.py:840} INFO - DAG(s) 'tutorial' retrieved from /home/airflow/.local/lib/python3.8/site-packages/airflow/example_dags/tutorial.py
[2024-03-12T17:02:23.790+0000] {logging_mixin.py:188} INFO - [2024-03-12T17:02:23.790+0000] {dag.py:3036} INFO - Sync 1 DAGs
[2024-03-12T17:02:23.802+0000] {logging_mixin.py:188} INFO - [2024-03-12T17:02:23.802+0000] {dag.py:3823} INFO - Setting next_dagrun for tutorial to 2024-03-11 00:00:00+00:00, run_after=2024-03-12 00:00:00+00:00
[2024-03-12T17:02:23.812+0000] {processor.py:183} INFO - Processing /home/airflow/.local/lib/python3.8/site-packages/airflow/example_dags/tutorial.py took 0.044 seconds
[2024-03-12T17:02:54.251+0000] {processor.py:161} INFO - Started process (PID=760) to work on /home/airflow/.local/lib/python3.8/site-packages/airflow/example_dags/tutorial.py
[2024-03-12T17:02:54.252+0000] {processor.py:830} INFO - Processing file /home/airflow/.local/lib/python3.8/site-packages/airflow/example_dags/tutorial.py for tasks to queue
[2024-03-12T17:02:54.253+0000] {logging_mixin.py:188} INFO - [2024-03-12T17:02:54.253+0000] {dagbag.py:538} INFO - Filling up the DagBag from /home/airflow/.local/lib/python3.8/site-packages/airflow/example_dags/tutorial.py
[2024-03-12T17:02:54.261+0000] {processor.py:840} INFO - DAG(s) 'tutorial' retrieved from /home/airflow/.local/lib/python3.8/site-packages/airflow/example_dags/tutorial.py
[2024-03-12T17:02:54.288+0000] {logging_mixin.py:188} INFO - [2024-03-12T17:02:54.287+0000] {dag.py:3036} INFO - Sync 1 DAGs
[2024-03-12T17:02:54.317+0000] {logging_mixin.py:188} INFO - [2024-03-12T17:02:54.317+0000] {dag.py:3823} INFO - Setting next_dagrun for tutorial to 2024-03-11 00:00:00+00:00, run_after=2024-03-12 00:00:00+00:00
[2024-03-12T17:02:54.334+0000] {processor.py:183} INFO - Processing /home/airflow/.local/lib/python3.8/site-packages/airflow/example_dags/tutorial.py took 0.087 seconds
[2024-03-12T17:03:24.601+0000] {processor.py:161} INFO - Started process (PID=1007) to work on /home/airflow/.local/lib/python3.8/site-packages/airflow/example_dags/tutorial.py
[2024-03-12T17:03:24.603+0000] {processor.py:830} INFO - Processing file /home/airflow/.local/lib/python3.8/site-packages/airflow/example_dags/tutorial.py for tasks to queue
[2024-03-12T17:03:24.604+0000] {logging_mixin.py:188} INFO - [2024-03-12T17:03:24.604+0000] {dagbag.py:538} INFO - Filling up the DagBag from /home/airflow/.local/lib/python3.8/site-packages/airflow/example_dags/tutorial.py
[2024-03-12T17:03:24.613+0000] {processor.py:840} INFO - DAG(s) 'tutorial' retrieved from /home/airflow/.local/lib/python3.8/site-packages/airflow/example_dags/tutorial.py
[2024-03-12T17:03:24.649+0000] {logging_mixin.py:188} INFO - [2024-03-12T17:03:24.648+0000] {dag.py:3036} INFO - Sync 1 DAGs
[2024-03-12T17:03:24.676+0000] {logging_mixin.py:188} INFO - [2024-03-12T17:03:24.676+0000] {dag.py:3823} INFO - Setting next_dagrun for tutorial to 2024-03-11 00:00:00+00:00, run_after=2024-03-12 00:00:00+00:00
[2024-03-12T17:03:24.697+0000] {processor.py:183} INFO - Processing /home/airflow/.local/lib/python3.8/site-packages/airflow/example_dags/tutorial.py took 0.102 seconds
[2024-03-12T17:03:55.206+0000] {processor.py:161} INFO - Started process (PID=1254) to work on /home/airflow/.local/lib/python3.8/site-packages/airflow/example_dags/tutorial.py
[2024-03-12T17:03:55.207+0000] {processor.py:830} INFO - Processing file /home/airflow/.local/lib/python3.8/site-packages/airflow/example_dags/tutorial.py for tasks to queue
[2024-03-12T17:03:55.207+0000] {logging_mixin.py:188} INFO - [2024-03-12T17:03:55.207+0000] {dagbag.py:538} INFO - Filling up the DagBag from /home/airflow/.local/lib/python3.8/site-packages/airflow/example_dags/tutorial.py
[2024-03-12T17:03:55.211+0000] {processor.py:840} INFO - DAG(s) 'tutorial' retrieved from /home/airflow/.local/lib/python3.8/site-packages/airflow/example_dags/tutorial.py
[2024-03-12T17:03:55.222+0000] {logging_mixin.py:188} INFO - [2024-03-12T17:03:55.222+0000] {dag.py:3036} INFO - Sync 1 DAGs
[2024-03-12T17:03:55.234+0000] {logging_mixin.py:188} INFO - [2024-03-12T17:03:55.234+0000] {dag.py:3823} INFO - Setting next_dagrun for tutorial to 2024-03-11 00:00:00+00:00, run_after=2024-03-12 00:00:00+00:00
[2024-03-12T17:03:55.243+0000] {processor.py:183} INFO - Processing /home/airflow/.local/lib/python3.8/site-packages/airflow/example_dags/tutorial.py took 0.040 seconds
[2024-03-12T17:04:25.302+0000] {processor.py:161} INFO - Started process (PID=1501) to work on /home/airflow/.local/lib/python3.8/site-packages/airflow/example_dags/tutorial.py
[2024-03-12T17:04:25.303+0000] {processor.py:830} INFO - Processing file /home/airflow/.local/lib/python3.8/site-packages/airflow/example_dags/tutorial.py for tasks to queue
[2024-03-12T17:04:25.303+0000] {logging_mixin.py:188} INFO - [2024-03-12T17:04:25.303+0000] {dagbag.py:538} INFO - Filling up the DagBag from /home/airflow/.local/lib/python3.8/site-packages/airflow/example_dags/tutorial.py
[2024-03-12T17:04:25.307+0000] {processor.py:840} INFO - DAG(s) 'tutorial' retrieved from /home/airflow/.local/lib/python3.8/site-packages/airflow/example_dags/tutorial.py
[2024-03-12T17:04:25.319+0000] {logging_mixin.py:188} INFO - [2024-03-12T17:04:25.319+0000] {dag.py:3036} INFO - Sync 1 DAGs
[2024-03-12T17:04:25.330+0000] {logging_mixin.py:188} INFO - [2024-03-12T17:04:25.330+0000] {dag.py:3823} INFO - Setting next_dagrun for tutorial to 2024-03-11 00:00:00+00:00, run_after=2024-03-12 00:00:00+00:00
[2024-03-12T17:04:25.339+0000] {processor.py:183} INFO - Processing /home/airflow/.local/lib/python3.8/site-packages/airflow/example_dags/tutorial.py took 0.039 seconds
[2024-03-12T17:04:56.228+0000] {processor.py:161} INFO - Started process (PID=1748) to work on /home/airflow/.local/lib/python3.8/site-packages/airflow/example_dags/tutorial.py
[2024-03-12T17:04:56.229+0000] {processor.py:830} INFO - Processing file /home/airflow/.local/lib/python3.8/site-packages/airflow/example_dags/tutorial.py for tasks to queue
[2024-03-12T17:04:56.229+0000] {logging_mixin.py:188} INFO - [2024-03-12T17:04:56.229+0000] {dagbag.py:538} INFO - Filling up the DagBag from /home/airflow/.local/lib/python3.8/site-packages/airflow/example_dags/tutorial.py
[2024-03-12T17:04:56.234+0000] {processor.py:840} INFO - DAG(s) 'tutorial' retrieved from /home/airflow/.local/lib/python3.8/site-packages/airflow/example_dags/tutorial.py
[2024-03-12T17:04:56.245+0000] {logging_mixin.py:188} INFO - [2024-03-12T17:04:56.245+0000] {dag.py:3036} INFO - Sync 1 DAGs
[2024-03-12T17:04:56.256+0000] {logging_mixin.py:188} INFO - [2024-03-12T17:04:56.256+0000] {dag.py:3823} INFO - Setting next_dagrun for tutorial to 2024-03-11 00:00:00+00:00, run_after=2024-03-12 00:00:00+00:00
[2024-03-12T17:04:56.265+0000] {processor.py:183} INFO - Processing /home/airflow/.local/lib/python3.8/site-packages/airflow/example_dags/tutorial.py took 0.038 seconds
[2024-03-12T17:05:27.002+0000] {processor.py:161} INFO - Started process (PID=1995) to work on /home/airflow/.local/lib/python3.8/site-packages/airflow/example_dags/tutorial.py
[2024-03-12T17:05:27.003+0000] {processor.py:830} INFO - Processing file /home/airflow/.local/lib/python3.8/site-packages/airflow/example_dags/tutorial.py for tasks to queue
[2024-03-12T17:05:27.003+0000] {logging_mixin.py:188} INFO - [2024-03-12T17:05:27.003+0000] {dagbag.py:538} INFO - Filling up the DagBag from /home/airflow/.local/lib/python3.8/site-packages/airflow/example_dags/tutorial.py
[2024-03-12T17:05:27.007+0000] {processor.py:840} INFO - DAG(s) 'tutorial' retrieved from /home/airflow/.local/lib/python3.8/site-packages/airflow/example_dags/tutorial.py
[2024-03-12T17:05:27.019+0000] {logging_mixin.py:188} INFO - [2024-03-12T17:05:27.019+0000] {dag.py:3036} INFO - Sync 1 DAGs
[2024-03-12T17:05:27.032+0000] {logging_mixin.py:188} INFO - [2024-03-12T17:05:27.032+0000] {dag.py:3823} INFO - Setting next_dagrun for tutorial to 2024-03-11 00:00:00+00:00, run_after=2024-03-12 00:00:00+00:00
[2024-03-12T17:05:27.042+0000] {processor.py:183} INFO - Processing /home/airflow/.local/lib/python3.8/site-packages/airflow/example_dags/tutorial.py took 0.042 seconds
