[2024-09-14T03:28:27.253+0000] {processor.py:161} INFO - Started process (PID=236) to work on /home/airflow/.local/lib/python3.8/site-packages/airflow/example_dags/example_subdag_operator.py
[2024-09-14T03:28:27.254+0000] {processor.py:830} INFO - Processing file /home/airflow/.local/lib/python3.8/site-packages/airflow/example_dags/example_subdag_operator.py for tasks to queue
[2024-09-14T03:28:27.255+0000] {logging_mixin.py:188} INFO - [2024-09-14T03:28:27.255+0000] {dagbag.py:538} INFO - Filling up the DagBag from /home/airflow/.local/lib/python3.8/site-packages/airflow/example_dags/example_subdag_operator.py
[2024-09-14T03:28:27.275+0000] {processor.py:840} INFO - DAG(s) 'example_subdag_operator.section-1', 'example_subdag_operator.section-2', 'example_subdag_operator' retrieved from /home/airflow/.local/lib/python3.8/site-packages/airflow/example_dags/example_subdag_operator.py
[2024-09-14T03:28:27.285+0000] {logging_mixin.py:188} INFO - [2024-09-14T03:28:27.285+0000] {dag.py:3036} INFO - Sync 3 DAGs
[2024-09-14T03:28:27.298+0000] {logging_mixin.py:188} INFO - [2024-09-14T03:28:27.298+0000] {dag.py:3823} INFO - Setting next_dagrun for example_subdag_operator to 2022-01-01 00:00:00+00:00, run_after=2022-01-01 00:00:00+00:00
[2024-09-14T03:28:27.301+0000] {logging_mixin.py:188} INFO - [2024-09-14T03:28:27.301+0000] {dag.py:3823} INFO - Setting next_dagrun for example_subdag_operator.section-1 to None, run_after=None
[2024-09-14T03:28:27.303+0000] {logging_mixin.py:188} INFO - [2024-09-14T03:28:27.303+0000] {dag.py:3823} INFO - Setting next_dagrun for example_subdag_operator.section-2 to None, run_after=None
[2024-09-14T03:28:27.307+0000] {logging_mixin.py:188} INFO - [2024-09-14T03:28:27.307+0000] {dag.py:3036} INFO - Sync 2 DAGs
[2024-09-14T03:28:27.311+0000] {logging_mixin.py:188} INFO - [2024-09-14T03:28:27.311+0000] {dag.py:3823} INFO - Setting next_dagrun for example_subdag_operator.section-1 to None, run_after=None
[2024-09-14T03:28:27.312+0000] {logging_mixin.py:188} INFO - [2024-09-14T03:28:27.312+0000] {dag.py:3823} INFO - Setting next_dagrun for example_subdag_operator.section-2 to None, run_after=None
[2024-09-14T03:28:27.320+0000] {processor.py:183} INFO - Processing /home/airflow/.local/lib/python3.8/site-packages/airflow/example_dags/example_subdag_operator.py took 0.072 seconds
[2024-09-14T03:28:57.623+0000] {processor.py:161} INFO - Started process (PID=483) to work on /home/airflow/.local/lib/python3.8/site-packages/airflow/example_dags/example_subdag_operator.py
[2024-09-14T03:28:57.624+0000] {processor.py:830} INFO - Processing file /home/airflow/.local/lib/python3.8/site-packages/airflow/example_dags/example_subdag_operator.py for tasks to queue
[2024-09-14T03:28:57.624+0000] {logging_mixin.py:188} INFO - [2024-09-14T03:28:57.624+0000] {dagbag.py:538} INFO - Filling up the DagBag from /home/airflow/.local/lib/python3.8/site-packages/airflow/example_dags/example_subdag_operator.py
[2024-09-14T03:28:57.637+0000] {processor.py:840} INFO - DAG(s) 'example_subdag_operator.section-1', 'example_subdag_operator.section-2', 'example_subdag_operator' retrieved from /home/airflow/.local/lib/python3.8/site-packages/airflow/example_dags/example_subdag_operator.py
[2024-09-14T03:28:57.645+0000] {logging_mixin.py:188} INFO - [2024-09-14T03:28:57.645+0000] {dag.py:3036} INFO - Sync 3 DAGs
[2024-09-14T03:28:57.656+0000] {logging_mixin.py:188} INFO - [2024-09-14T03:28:57.656+0000] {dag.py:3823} INFO - Setting next_dagrun for example_subdag_operator to 2022-01-01 00:00:00+00:00, run_after=2022-01-01 00:00:00+00:00
[2024-09-14T03:28:57.658+0000] {logging_mixin.py:188} INFO - [2024-09-14T03:28:57.658+0000] {dag.py:3823} INFO - Setting next_dagrun for example_subdag_operator.section-1 to None, run_after=None
[2024-09-14T03:28:57.658+0000] {logging_mixin.py:188} INFO - [2024-09-14T03:28:57.658+0000] {dag.py:3823} INFO - Setting next_dagrun for example_subdag_operator.section-2 to None, run_after=None
[2024-09-14T03:28:57.662+0000] {logging_mixin.py:188} INFO - [2024-09-14T03:28:57.662+0000] {dag.py:3036} INFO - Sync 2 DAGs
[2024-09-14T03:28:57.665+0000] {logging_mixin.py:188} INFO - [2024-09-14T03:28:57.665+0000] {dag.py:3823} INFO - Setting next_dagrun for example_subdag_operator.section-1 to None, run_after=None
[2024-09-14T03:28:57.666+0000] {logging_mixin.py:188} INFO - [2024-09-14T03:28:57.666+0000] {dag.py:3823} INFO - Setting next_dagrun for example_subdag_operator.section-2 to None, run_after=None
[2024-09-14T03:28:57.672+0000] {processor.py:183} INFO - Processing /home/airflow/.local/lib/python3.8/site-packages/airflow/example_dags/example_subdag_operator.py took 0.051 seconds
[2024-09-14T03:29:28.438+0000] {processor.py:161} INFO - Started process (PID=730) to work on /home/airflow/.local/lib/python3.8/site-packages/airflow/example_dags/example_subdag_operator.py
[2024-09-14T03:29:28.439+0000] {processor.py:830} INFO - Processing file /home/airflow/.local/lib/python3.8/site-packages/airflow/example_dags/example_subdag_operator.py for tasks to queue
[2024-09-14T03:29:28.440+0000] {logging_mixin.py:188} INFO - [2024-09-14T03:29:28.439+0000] {dagbag.py:538} INFO - Filling up the DagBag from /home/airflow/.local/lib/python3.8/site-packages/airflow/example_dags/example_subdag_operator.py
[2024-09-14T03:29:28.455+0000] {processor.py:840} INFO - DAG(s) 'example_subdag_operator.section-1', 'example_subdag_operator.section-2', 'example_subdag_operator' retrieved from /home/airflow/.local/lib/python3.8/site-packages/airflow/example_dags/example_subdag_operator.py
[2024-09-14T03:29:28.466+0000] {logging_mixin.py:188} INFO - [2024-09-14T03:29:28.466+0000] {dag.py:3036} INFO - Sync 3 DAGs
[2024-09-14T03:29:28.480+0000] {logging_mixin.py:188} INFO - [2024-09-14T03:29:28.479+0000] {dag.py:3823} INFO - Setting next_dagrun for example_subdag_operator to 2022-01-01 00:00:00+00:00, run_after=2022-01-01 00:00:00+00:00
[2024-09-14T03:29:28.482+0000] {logging_mixin.py:188} INFO - [2024-09-14T03:29:28.482+0000] {dag.py:3823} INFO - Setting next_dagrun for example_subdag_operator.section-1 to None, run_after=None
[2024-09-14T03:29:28.483+0000] {logging_mixin.py:188} INFO - [2024-09-14T03:29:28.483+0000] {dag.py:3823} INFO - Setting next_dagrun for example_subdag_operator.section-2 to None, run_after=None
[2024-09-14T03:29:28.487+0000] {logging_mixin.py:188} INFO - [2024-09-14T03:29:28.487+0000] {dag.py:3036} INFO - Sync 2 DAGs
[2024-09-14T03:29:28.490+0000] {logging_mixin.py:188} INFO - [2024-09-14T03:29:28.490+0000] {dag.py:3823} INFO - Setting next_dagrun for example_subdag_operator.section-1 to None, run_after=None
[2024-09-14T03:29:28.490+0000] {logging_mixin.py:188} INFO - [2024-09-14T03:29:28.490+0000] {dag.py:3823} INFO - Setting next_dagrun for example_subdag_operator.section-2 to None, run_after=None
[2024-09-14T03:29:28.497+0000] {processor.py:183} INFO - Processing /home/airflow/.local/lib/python3.8/site-packages/airflow/example_dags/example_subdag_operator.py took 0.061 seconds
[2024-09-14T03:29:59.202+0000] {processor.py:161} INFO - Started process (PID=977) to work on /home/airflow/.local/lib/python3.8/site-packages/airflow/example_dags/example_subdag_operator.py
[2024-09-14T03:29:59.203+0000] {processor.py:830} INFO - Processing file /home/airflow/.local/lib/python3.8/site-packages/airflow/example_dags/example_subdag_operator.py for tasks to queue
[2024-09-14T03:29:59.204+0000] {logging_mixin.py:188} INFO - [2024-09-14T03:29:59.203+0000] {dagbag.py:538} INFO - Filling up the DagBag from /home/airflow/.local/lib/python3.8/site-packages/airflow/example_dags/example_subdag_operator.py
[2024-09-14T03:29:59.218+0000] {processor.py:840} INFO - DAG(s) 'example_subdag_operator.section-1', 'example_subdag_operator.section-2', 'example_subdag_operator' retrieved from /home/airflow/.local/lib/python3.8/site-packages/airflow/example_dags/example_subdag_operator.py
[2024-09-14T03:29:59.226+0000] {logging_mixin.py:188} INFO - [2024-09-14T03:29:59.226+0000] {dag.py:3036} INFO - Sync 3 DAGs
[2024-09-14T03:29:59.237+0000] {logging_mixin.py:188} INFO - [2024-09-14T03:29:59.237+0000] {dag.py:3823} INFO - Setting next_dagrun for example_subdag_operator to 2022-01-01 00:00:00+00:00, run_after=2022-01-01 00:00:00+00:00
[2024-09-14T03:29:59.239+0000] {logging_mixin.py:188} INFO - [2024-09-14T03:29:59.239+0000] {dag.py:3823} INFO - Setting next_dagrun for example_subdag_operator.section-1 to None, run_after=None
[2024-09-14T03:29:59.240+0000] {logging_mixin.py:188} INFO - [2024-09-14T03:29:59.240+0000] {dag.py:3823} INFO - Setting next_dagrun for example_subdag_operator.section-2 to None, run_after=None
[2024-09-14T03:29:59.245+0000] {logging_mixin.py:188} INFO - [2024-09-14T03:29:59.244+0000] {dag.py:3036} INFO - Sync 2 DAGs
[2024-09-14T03:29:59.247+0000] {logging_mixin.py:188} INFO - [2024-09-14T03:29:59.247+0000] {dag.py:3823} INFO - Setting next_dagrun for example_subdag_operator.section-1 to None, run_after=None
[2024-09-14T03:29:59.248+0000] {logging_mixin.py:188} INFO - [2024-09-14T03:29:59.248+0000] {dag.py:3823} INFO - Setting next_dagrun for example_subdag_operator.section-2 to None, run_after=None
[2024-09-14T03:29:59.253+0000] {processor.py:183} INFO - Processing /home/airflow/.local/lib/python3.8/site-packages/airflow/example_dags/example_subdag_operator.py took 0.054 seconds
[2024-09-14T03:30:29.972+0000] {processor.py:161} INFO - Started process (PID=1224) to work on /home/airflow/.local/lib/python3.8/site-packages/airflow/example_dags/example_subdag_operator.py
[2024-09-14T03:30:29.973+0000] {processor.py:830} INFO - Processing file /home/airflow/.local/lib/python3.8/site-packages/airflow/example_dags/example_subdag_operator.py for tasks to queue
[2024-09-14T03:30:29.974+0000] {logging_mixin.py:188} INFO - [2024-09-14T03:30:29.974+0000] {dagbag.py:538} INFO - Filling up the DagBag from /home/airflow/.local/lib/python3.8/site-packages/airflow/example_dags/example_subdag_operator.py
[2024-09-14T03:30:29.991+0000] {processor.py:840} INFO - DAG(s) 'example_subdag_operator.section-1', 'example_subdag_operator.section-2', 'example_subdag_operator' retrieved from /home/airflow/.local/lib/python3.8/site-packages/airflow/example_dags/example_subdag_operator.py
[2024-09-14T03:30:30.000+0000] {logging_mixin.py:188} INFO - [2024-09-14T03:30:29.999+0000] {dag.py:3036} INFO - Sync 3 DAGs
[2024-09-14T03:30:30.011+0000] {logging_mixin.py:188} INFO - [2024-09-14T03:30:30.011+0000] {dag.py:3823} INFO - Setting next_dagrun for example_subdag_operator to 2022-01-01 00:00:00+00:00, run_after=2022-01-01 00:00:00+00:00
[2024-09-14T03:30:30.015+0000] {logging_mixin.py:188} INFO - [2024-09-14T03:30:30.015+0000] {dag.py:3823} INFO - Setting next_dagrun for example_subdag_operator.section-1 to None, run_after=None
[2024-09-14T03:30:30.016+0000] {logging_mixin.py:188} INFO - [2024-09-14T03:30:30.016+0000] {dag.py:3823} INFO - Setting next_dagrun for example_subdag_operator.section-2 to None, run_after=None
[2024-09-14T03:30:30.020+0000] {logging_mixin.py:188} INFO - [2024-09-14T03:30:30.020+0000] {dag.py:3036} INFO - Sync 2 DAGs
[2024-09-14T03:30:30.023+0000] {logging_mixin.py:188} INFO - [2024-09-14T03:30:30.023+0000] {dag.py:3823} INFO - Setting next_dagrun for example_subdag_operator.section-1 to None, run_after=None
[2024-09-14T03:30:30.024+0000] {logging_mixin.py:188} INFO - [2024-09-14T03:30:30.024+0000] {dag.py:3823} INFO - Setting next_dagrun for example_subdag_operator.section-2 to None, run_after=None
[2024-09-14T03:30:30.030+0000] {processor.py:183} INFO - Processing /home/airflow/.local/lib/python3.8/site-packages/airflow/example_dags/example_subdag_operator.py took 0.060 seconds
[2024-09-14T03:31:00.719+0000] {processor.py:161} INFO - Started process (PID=1471) to work on /home/airflow/.local/lib/python3.8/site-packages/airflow/example_dags/example_subdag_operator.py
[2024-09-14T03:31:00.720+0000] {processor.py:830} INFO - Processing file /home/airflow/.local/lib/python3.8/site-packages/airflow/example_dags/example_subdag_operator.py for tasks to queue
[2024-09-14T03:31:00.720+0000] {logging_mixin.py:188} INFO - [2024-09-14T03:31:00.720+0000] {dagbag.py:538} INFO - Filling up the DagBag from /home/airflow/.local/lib/python3.8/site-packages/airflow/example_dags/example_subdag_operator.py
[2024-09-14T03:31:00.734+0000] {processor.py:840} INFO - DAG(s) 'example_subdag_operator.section-1', 'example_subdag_operator.section-2', 'example_subdag_operator' retrieved from /home/airflow/.local/lib/python3.8/site-packages/airflow/example_dags/example_subdag_operator.py
[2024-09-14T03:31:00.743+0000] {logging_mixin.py:188} INFO - [2024-09-14T03:31:00.743+0000] {dag.py:3036} INFO - Sync 3 DAGs
[2024-09-14T03:31:00.754+0000] {logging_mixin.py:188} INFO - [2024-09-14T03:31:00.753+0000] {dag.py:3823} INFO - Setting next_dagrun for example_subdag_operator to 2022-01-01 00:00:00+00:00, run_after=2022-01-01 00:00:00+00:00
[2024-09-14T03:31:00.755+0000] {logging_mixin.py:188} INFO - [2024-09-14T03:31:00.755+0000] {dag.py:3823} INFO - Setting next_dagrun for example_subdag_operator.section-1 to None, run_after=None
[2024-09-14T03:31:00.756+0000] {logging_mixin.py:188} INFO - [2024-09-14T03:31:00.756+0000] {dag.py:3823} INFO - Setting next_dagrun for example_subdag_operator.section-2 to None, run_after=None
[2024-09-14T03:31:00.760+0000] {logging_mixin.py:188} INFO - [2024-09-14T03:31:00.760+0000] {dag.py:3036} INFO - Sync 2 DAGs
[2024-09-14T03:31:00.762+0000] {logging_mixin.py:188} INFO - [2024-09-14T03:31:00.762+0000] {dag.py:3823} INFO - Setting next_dagrun for example_subdag_operator.section-1 to None, run_after=None
[2024-09-14T03:31:00.763+0000] {logging_mixin.py:188} INFO - [2024-09-14T03:31:00.763+0000] {dag.py:3823} INFO - Setting next_dagrun for example_subdag_operator.section-2 to None, run_after=None
[2024-09-14T03:31:00.769+0000] {processor.py:183} INFO - Processing /home/airflow/.local/lib/python3.8/site-packages/airflow/example_dags/example_subdag_operator.py took 0.052 seconds
[2024-09-14T03:31:31.547+0000] {processor.py:161} INFO - Started process (PID=1718) to work on /home/airflow/.local/lib/python3.8/site-packages/airflow/example_dags/example_subdag_operator.py
[2024-09-14T03:31:31.548+0000] {processor.py:830} INFO - Processing file /home/airflow/.local/lib/python3.8/site-packages/airflow/example_dags/example_subdag_operator.py for tasks to queue
[2024-09-14T03:31:31.549+0000] {logging_mixin.py:188} INFO - [2024-09-14T03:31:31.549+0000] {dagbag.py:538} INFO - Filling up the DagBag from /home/airflow/.local/lib/python3.8/site-packages/airflow/example_dags/example_subdag_operator.py
[2024-09-14T03:31:31.563+0000] {processor.py:840} INFO - DAG(s) 'example_subdag_operator.section-1', 'example_subdag_operator.section-2', 'example_subdag_operator' retrieved from /home/airflow/.local/lib/python3.8/site-packages/airflow/example_dags/example_subdag_operator.py
[2024-09-14T03:31:31.573+0000] {logging_mixin.py:188} INFO - [2024-09-14T03:31:31.573+0000] {dag.py:3036} INFO - Sync 3 DAGs
[2024-09-14T03:31:31.585+0000] {logging_mixin.py:188} INFO - [2024-09-14T03:31:31.585+0000] {dag.py:3823} INFO - Setting next_dagrun for example_subdag_operator to 2022-01-01 00:00:00+00:00, run_after=2022-01-01 00:00:00+00:00
[2024-09-14T03:31:31.588+0000] {logging_mixin.py:188} INFO - [2024-09-14T03:31:31.588+0000] {dag.py:3823} INFO - Setting next_dagrun for example_subdag_operator.section-1 to None, run_after=None
[2024-09-14T03:31:31.589+0000] {logging_mixin.py:188} INFO - [2024-09-14T03:31:31.589+0000] {dag.py:3823} INFO - Setting next_dagrun for example_subdag_operator.section-2 to None, run_after=None
[2024-09-14T03:31:31.593+0000] {logging_mixin.py:188} INFO - [2024-09-14T03:31:31.593+0000] {dag.py:3036} INFO - Sync 2 DAGs
[2024-09-14T03:31:31.597+0000] {logging_mixin.py:188} INFO - [2024-09-14T03:31:31.597+0000] {dag.py:3823} INFO - Setting next_dagrun for example_subdag_operator.section-1 to None, run_after=None
[2024-09-14T03:31:31.597+0000] {logging_mixin.py:188} INFO - [2024-09-14T03:31:31.597+0000] {dag.py:3823} INFO - Setting next_dagrun for example_subdag_operator.section-2 to None, run_after=None
[2024-09-14T03:31:31.604+0000] {processor.py:183} INFO - Processing /home/airflow/.local/lib/python3.8/site-packages/airflow/example_dags/example_subdag_operator.py took 0.059 seconds
[2024-09-14T03:32:02.431+0000] {processor.py:161} INFO - Started process (PID=1965) to work on /home/airflow/.local/lib/python3.8/site-packages/airflow/example_dags/example_subdag_operator.py
[2024-09-14T03:32:02.431+0000] {processor.py:830} INFO - Processing file /home/airflow/.local/lib/python3.8/site-packages/airflow/example_dags/example_subdag_operator.py for tasks to queue
[2024-09-14T03:32:02.432+0000] {logging_mixin.py:188} INFO - [2024-09-14T03:32:02.432+0000] {dagbag.py:538} INFO - Filling up the DagBag from /home/airflow/.local/lib/python3.8/site-packages/airflow/example_dags/example_subdag_operator.py
[2024-09-14T03:32:02.445+0000] {processor.py:840} INFO - DAG(s) 'example_subdag_operator.section-1', 'example_subdag_operator.section-2', 'example_subdag_operator' retrieved from /home/airflow/.local/lib/python3.8/site-packages/airflow/example_dags/example_subdag_operator.py
[2024-09-14T03:32:02.454+0000] {logging_mixin.py:188} INFO - [2024-09-14T03:32:02.454+0000] {dag.py:3036} INFO - Sync 3 DAGs
[2024-09-14T03:32:02.467+0000] {logging_mixin.py:188} INFO - [2024-09-14T03:32:02.467+0000] {dag.py:3823} INFO - Setting next_dagrun for example_subdag_operator to 2022-01-01 00:00:00+00:00, run_after=2022-01-01 00:00:00+00:00
[2024-09-14T03:32:02.470+0000] {logging_mixin.py:188} INFO - [2024-09-14T03:32:02.470+0000] {dag.py:3823} INFO - Setting next_dagrun for example_subdag_operator.section-1 to None, run_after=None
[2024-09-14T03:32:02.471+0000] {logging_mixin.py:188} INFO - [2024-09-14T03:32:02.471+0000] {dag.py:3823} INFO - Setting next_dagrun for example_subdag_operator.section-2 to None, run_after=None
[2024-09-14T03:32:02.477+0000] {logging_mixin.py:188} INFO - [2024-09-14T03:32:02.476+0000] {dag.py:3036} INFO - Sync 2 DAGs
[2024-09-14T03:32:02.480+0000] {logging_mixin.py:188} INFO - [2024-09-14T03:32:02.480+0000] {dag.py:3823} INFO - Setting next_dagrun for example_subdag_operator.section-1 to None, run_after=None
[2024-09-14T03:32:02.481+0000] {logging_mixin.py:188} INFO - [2024-09-14T03:32:02.481+0000] {dag.py:3823} INFO - Setting next_dagrun for example_subdag_operator.section-2 to None, run_after=None
[2024-09-14T03:32:02.488+0000] {processor.py:183} INFO - Processing /home/airflow/.local/lib/python3.8/site-packages/airflow/example_dags/example_subdag_operator.py took 0.060 seconds
[2024-09-14T03:32:33.105+0000] {processor.py:161} INFO - Started process (PID=2212) to work on /home/airflow/.local/lib/python3.8/site-packages/airflow/example_dags/example_subdag_operator.py
[2024-09-14T03:32:33.106+0000] {processor.py:830} INFO - Processing file /home/airflow/.local/lib/python3.8/site-packages/airflow/example_dags/example_subdag_operator.py for tasks to queue
[2024-09-14T03:32:33.107+0000] {logging_mixin.py:188} INFO - [2024-09-14T03:32:33.107+0000] {dagbag.py:538} INFO - Filling up the DagBag from /home/airflow/.local/lib/python3.8/site-packages/airflow/example_dags/example_subdag_operator.py
[2024-09-14T03:32:33.121+0000] {processor.py:840} INFO - DAG(s) 'example_subdag_operator.section-1', 'example_subdag_operator.section-2', 'example_subdag_operator' retrieved from /home/airflow/.local/lib/python3.8/site-packages/airflow/example_dags/example_subdag_operator.py
[2024-09-14T03:32:33.130+0000] {logging_mixin.py:188} INFO - [2024-09-14T03:32:33.129+0000] {dag.py:3036} INFO - Sync 3 DAGs
[2024-09-14T03:32:33.141+0000] {logging_mixin.py:188} INFO - [2024-09-14T03:32:33.141+0000] {dag.py:3823} INFO - Setting next_dagrun for example_subdag_operator to 2022-01-01 00:00:00+00:00, run_after=2022-01-01 00:00:00+00:00
[2024-09-14T03:32:33.143+0000] {logging_mixin.py:188} INFO - [2024-09-14T03:32:33.143+0000] {dag.py:3823} INFO - Setting next_dagrun for example_subdag_operator.section-1 to None, run_after=None
[2024-09-14T03:32:33.144+0000] {logging_mixin.py:188} INFO - [2024-09-14T03:32:33.144+0000] {dag.py:3823} INFO - Setting next_dagrun for example_subdag_operator.section-2 to None, run_after=None
[2024-09-14T03:32:33.148+0000] {logging_mixin.py:188} INFO - [2024-09-14T03:32:33.148+0000] {dag.py:3036} INFO - Sync 2 DAGs
[2024-09-14T03:32:33.151+0000] {logging_mixin.py:188} INFO - [2024-09-14T03:32:33.151+0000] {dag.py:3823} INFO - Setting next_dagrun for example_subdag_operator.section-1 to None, run_after=None
[2024-09-14T03:32:33.151+0000] {logging_mixin.py:188} INFO - [2024-09-14T03:32:33.151+0000] {dag.py:3823} INFO - Setting next_dagrun for example_subdag_operator.section-2 to None, run_after=None
[2024-09-14T03:32:33.157+0000] {processor.py:183} INFO - Processing /home/airflow/.local/lib/python3.8/site-packages/airflow/example_dags/example_subdag_operator.py took 0.054 seconds
[2024-09-14T03:33:03.913+0000] {processor.py:161} INFO - Started process (PID=2459) to work on /home/airflow/.local/lib/python3.8/site-packages/airflow/example_dags/example_subdag_operator.py
[2024-09-14T03:33:03.914+0000] {processor.py:830} INFO - Processing file /home/airflow/.local/lib/python3.8/site-packages/airflow/example_dags/example_subdag_operator.py for tasks to queue
[2024-09-14T03:33:03.914+0000] {logging_mixin.py:188} INFO - [2024-09-14T03:33:03.914+0000] {dagbag.py:538} INFO - Filling up the DagBag from /home/airflow/.local/lib/python3.8/site-packages/airflow/example_dags/example_subdag_operator.py
[2024-09-14T03:33:03.927+0000] {processor.py:840} INFO - DAG(s) 'example_subdag_operator.section-1', 'example_subdag_operator.section-2', 'example_subdag_operator' retrieved from /home/airflow/.local/lib/python3.8/site-packages/airflow/example_dags/example_subdag_operator.py
[2024-09-14T03:33:03.935+0000] {logging_mixin.py:188} INFO - [2024-09-14T03:33:03.935+0000] {dag.py:3036} INFO - Sync 3 DAGs
[2024-09-14T03:33:03.945+0000] {logging_mixin.py:188} INFO - [2024-09-14T03:33:03.945+0000] {dag.py:3823} INFO - Setting next_dagrun for example_subdag_operator to 2022-01-01 00:00:00+00:00, run_after=2022-01-01 00:00:00+00:00
[2024-09-14T03:33:03.947+0000] {logging_mixin.py:188} INFO - [2024-09-14T03:33:03.947+0000] {dag.py:3823} INFO - Setting next_dagrun for example_subdag_operator.section-1 to None, run_after=None
[2024-09-14T03:33:03.948+0000] {logging_mixin.py:188} INFO - [2024-09-14T03:33:03.948+0000] {dag.py:3823} INFO - Setting next_dagrun for example_subdag_operator.section-2 to None, run_after=None
[2024-09-14T03:33:03.952+0000] {logging_mixin.py:188} INFO - [2024-09-14T03:33:03.952+0000] {dag.py:3036} INFO - Sync 2 DAGs
[2024-09-14T03:33:03.955+0000] {logging_mixin.py:188} INFO - [2024-09-14T03:33:03.955+0000] {dag.py:3823} INFO - Setting next_dagrun for example_subdag_operator.section-1 to None, run_after=None
[2024-09-14T03:33:03.955+0000] {logging_mixin.py:188} INFO - [2024-09-14T03:33:03.955+0000] {dag.py:3823} INFO - Setting next_dagrun for example_subdag_operator.section-2 to None, run_after=None
[2024-09-14T03:33:03.961+0000] {processor.py:183} INFO - Processing /home/airflow/.local/lib/python3.8/site-packages/airflow/example_dags/example_subdag_operator.py took 0.050 seconds
[2024-09-14T03:33:34.576+0000] {processor.py:161} INFO - Started process (PID=2706) to work on /home/airflow/.local/lib/python3.8/site-packages/airflow/example_dags/example_subdag_operator.py
[2024-09-14T03:33:34.582+0000] {processor.py:830} INFO - Processing file /home/airflow/.local/lib/python3.8/site-packages/airflow/example_dags/example_subdag_operator.py for tasks to queue
[2024-09-14T03:33:34.583+0000] {logging_mixin.py:188} INFO - [2024-09-14T03:33:34.583+0000] {dagbag.py:538} INFO - Filling up the DagBag from /home/airflow/.local/lib/python3.8/site-packages/airflow/example_dags/example_subdag_operator.py
[2024-09-14T03:33:34.626+0000] {processor.py:840} INFO - DAG(s) 'example_subdag_operator.section-1', 'example_subdag_operator.section-2', 'example_subdag_operator' retrieved from /home/airflow/.local/lib/python3.8/site-packages/airflow/example_dags/example_subdag_operator.py
[2024-09-14T03:33:34.662+0000] {logging_mixin.py:188} INFO - [2024-09-14T03:33:34.662+0000] {dag.py:3036} INFO - Sync 3 DAGs
[2024-09-14T03:33:34.675+0000] {logging_mixin.py:188} INFO - [2024-09-14T03:33:34.674+0000] {dag.py:3823} INFO - Setting next_dagrun for example_subdag_operator to 2022-01-01 00:00:00+00:00, run_after=2022-01-01 00:00:00+00:00
[2024-09-14T03:33:34.677+0000] {logging_mixin.py:188} INFO - [2024-09-14T03:33:34.677+0000] {dag.py:3823} INFO - Setting next_dagrun for example_subdag_operator.section-1 to None, run_after=None
[2024-09-14T03:33:34.678+0000] {logging_mixin.py:188} INFO - [2024-09-14T03:33:34.678+0000] {dag.py:3823} INFO - Setting next_dagrun for example_subdag_operator.section-2 to None, run_after=None
[2024-09-14T03:33:34.682+0000] {logging_mixin.py:188} INFO - [2024-09-14T03:33:34.681+0000] {dag.py:3036} INFO - Sync 2 DAGs
[2024-09-14T03:33:34.684+0000] {logging_mixin.py:188} INFO - [2024-09-14T03:33:34.684+0000] {dag.py:3823} INFO - Setting next_dagrun for example_subdag_operator.section-1 to None, run_after=None
[2024-09-14T03:33:34.685+0000] {logging_mixin.py:188} INFO - [2024-09-14T03:33:34.685+0000] {dag.py:3823} INFO - Setting next_dagrun for example_subdag_operator.section-2 to None, run_after=None
[2024-09-14T03:33:34.691+0000] {processor.py:183} INFO - Processing /home/airflow/.local/lib/python3.8/site-packages/airflow/example_dags/example_subdag_operator.py took 0.117 seconds
[2024-09-14T03:34:05.461+0000] {processor.py:161} INFO - Started process (PID=2955) to work on /home/airflow/.local/lib/python3.8/site-packages/airflow/example_dags/example_subdag_operator.py
[2024-09-14T03:34:05.461+0000] {processor.py:830} INFO - Processing file /home/airflow/.local/lib/python3.8/site-packages/airflow/example_dags/example_subdag_operator.py for tasks to queue
[2024-09-14T03:34:05.462+0000] {logging_mixin.py:188} INFO - [2024-09-14T03:34:05.462+0000] {dagbag.py:538} INFO - Filling up the DagBag from /home/airflow/.local/lib/python3.8/site-packages/airflow/example_dags/example_subdag_operator.py
[2024-09-14T03:34:05.476+0000] {processor.py:840} INFO - DAG(s) 'example_subdag_operator.section-1', 'example_subdag_operator.section-2', 'example_subdag_operator' retrieved from /home/airflow/.local/lib/python3.8/site-packages/airflow/example_dags/example_subdag_operator.py
[2024-09-14T03:34:05.484+0000] {logging_mixin.py:188} INFO - [2024-09-14T03:34:05.484+0000] {dag.py:3036} INFO - Sync 3 DAGs
[2024-09-14T03:34:05.495+0000] {logging_mixin.py:188} INFO - [2024-09-14T03:34:05.495+0000] {dag.py:3823} INFO - Setting next_dagrun for example_subdag_operator to 2022-01-01 00:00:00+00:00, run_after=2022-01-01 00:00:00+00:00
[2024-09-14T03:34:05.497+0000] {logging_mixin.py:188} INFO - [2024-09-14T03:34:05.497+0000] {dag.py:3823} INFO - Setting next_dagrun for example_subdag_operator.section-1 to None, run_after=None
[2024-09-14T03:34:05.498+0000] {logging_mixin.py:188} INFO - [2024-09-14T03:34:05.498+0000] {dag.py:3823} INFO - Setting next_dagrun for example_subdag_operator.section-2 to None, run_after=None
[2024-09-14T03:34:05.501+0000] {logging_mixin.py:188} INFO - [2024-09-14T03:34:05.501+0000] {dag.py:3036} INFO - Sync 2 DAGs
[2024-09-14T03:34:05.504+0000] {logging_mixin.py:188} INFO - [2024-09-14T03:34:05.504+0000] {dag.py:3823} INFO - Setting next_dagrun for example_subdag_operator.section-1 to None, run_after=None
[2024-09-14T03:34:05.505+0000] {logging_mixin.py:188} INFO - [2024-09-14T03:34:05.504+0000] {dag.py:3823} INFO - Setting next_dagrun for example_subdag_operator.section-2 to None, run_after=None
[2024-09-14T03:34:05.510+0000] {processor.py:183} INFO - Processing /home/airflow/.local/lib/python3.8/site-packages/airflow/example_dags/example_subdag_operator.py took 0.052 seconds
[2024-09-14T03:34:47.654+0000] {processor.py:161} INFO - Started process (PID=3194) to work on /home/airflow/.local/lib/python3.8/site-packages/airflow/example_dags/example_subdag_operator.py
[2024-09-14T03:34:47.655+0000] {processor.py:830} INFO - Processing file /home/airflow/.local/lib/python3.8/site-packages/airflow/example_dags/example_subdag_operator.py for tasks to queue
[2024-09-14T03:34:47.656+0000] {logging_mixin.py:188} INFO - [2024-09-14T03:34:47.656+0000] {dagbag.py:538} INFO - Filling up the DagBag from /home/airflow/.local/lib/python3.8/site-packages/airflow/example_dags/example_subdag_operator.py
[2024-09-14T03:34:47.672+0000] {processor.py:840} INFO - DAG(s) 'example_subdag_operator.section-1', 'example_subdag_operator.section-2', 'example_subdag_operator' retrieved from /home/airflow/.local/lib/python3.8/site-packages/airflow/example_dags/example_subdag_operator.py
[2024-09-14T03:34:47.681+0000] {logging_mixin.py:188} INFO - [2024-09-14T03:34:47.681+0000] {dag.py:3036} INFO - Sync 3 DAGs
[2024-09-14T03:34:47.694+0000] {logging_mixin.py:188} INFO - [2024-09-14T03:34:47.694+0000] {dag.py:3823} INFO - Setting next_dagrun for example_subdag_operator to 2022-01-01 00:00:00+00:00, run_after=2022-01-01 00:00:00+00:00
[2024-09-14T03:34:47.696+0000] {logging_mixin.py:188} INFO - [2024-09-14T03:34:47.696+0000] {dag.py:3823} INFO - Setting next_dagrun for example_subdag_operator.section-1 to None, run_after=None
[2024-09-14T03:34:47.697+0000] {logging_mixin.py:188} INFO - [2024-09-14T03:34:47.697+0000] {dag.py:3823} INFO - Setting next_dagrun for example_subdag_operator.section-2 to None, run_after=None
[2024-09-14T03:34:47.702+0000] {logging_mixin.py:188} INFO - [2024-09-14T03:34:47.701+0000] {dag.py:3036} INFO - Sync 2 DAGs
[2024-09-14T03:34:47.704+0000] {logging_mixin.py:188} INFO - [2024-09-14T03:34:47.704+0000] {dag.py:3823} INFO - Setting next_dagrun for example_subdag_operator.section-1 to None, run_after=None
[2024-09-14T03:34:47.705+0000] {logging_mixin.py:188} INFO - [2024-09-14T03:34:47.705+0000] {dag.py:3823} INFO - Setting next_dagrun for example_subdag_operator.section-2 to None, run_after=None
[2024-09-14T03:34:47.711+0000] {processor.py:183} INFO - Processing /home/airflow/.local/lib/python3.8/site-packages/airflow/example_dags/example_subdag_operator.py took 0.059 seconds
[2024-09-14T03:38:41.873+0000] {processor.py:161} INFO - Started process (PID=3452) to work on /home/airflow/.local/lib/python3.8/site-packages/airflow/example_dags/example_subdag_operator.py
[2024-09-14T03:38:41.874+0000] {processor.py:830} INFO - Processing file /home/airflow/.local/lib/python3.8/site-packages/airflow/example_dags/example_subdag_operator.py for tasks to queue
[2024-09-14T03:38:41.875+0000] {logging_mixin.py:188} INFO - [2024-09-14T03:38:41.874+0000] {dagbag.py:538} INFO - Filling up the DagBag from /home/airflow/.local/lib/python3.8/site-packages/airflow/example_dags/example_subdag_operator.py
[2024-09-14T03:38:41.896+0000] {processor.py:840} INFO - DAG(s) 'example_subdag_operator.section-1', 'example_subdag_operator.section-2', 'example_subdag_operator' retrieved from /home/airflow/.local/lib/python3.8/site-packages/airflow/example_dags/example_subdag_operator.py
[2024-09-14T03:38:41.919+0000] {logging_mixin.py:188} INFO - [2024-09-14T03:38:41.919+0000] {dag.py:3036} INFO - Sync 3 DAGs
[2024-09-14T03:38:41.953+0000] {logging_mixin.py:188} INFO - [2024-09-14T03:38:41.952+0000] {dag.py:3823} INFO - Setting next_dagrun for example_subdag_operator to 2022-01-01 00:00:00+00:00, run_after=2022-01-01 00:00:00+00:00
[2024-09-14T03:38:41.962+0000] {logging_mixin.py:188} INFO - [2024-09-14T03:38:41.962+0000] {dag.py:3823} INFO - Setting next_dagrun for example_subdag_operator.section-1 to None, run_after=None
[2024-09-14T03:38:41.966+0000] {logging_mixin.py:188} INFO - [2024-09-14T03:38:41.966+0000] {dag.py:3823} INFO - Setting next_dagrun for example_subdag_operator.section-2 to None, run_after=None
[2024-09-14T03:38:41.970+0000] {logging_mixin.py:188} INFO - [2024-09-14T03:38:41.970+0000] {dag.py:3036} INFO - Sync 2 DAGs
[2024-09-14T03:38:41.975+0000] {logging_mixin.py:188} INFO - [2024-09-14T03:38:41.975+0000] {dag.py:3823} INFO - Setting next_dagrun for example_subdag_operator.section-1 to None, run_after=None
[2024-09-14T03:38:41.976+0000] {logging_mixin.py:188} INFO - [2024-09-14T03:38:41.975+0000] {dag.py:3823} INFO - Setting next_dagrun for example_subdag_operator.section-2 to None, run_after=None
[2024-09-14T03:38:41.983+0000] {processor.py:183} INFO - Processing /home/airflow/.local/lib/python3.8/site-packages/airflow/example_dags/example_subdag_operator.py took 0.113 seconds
[2024-09-14T03:39:12.050+0000] {processor.py:161} INFO - Started process (PID=3697) to work on /home/airflow/.local/lib/python3.8/site-packages/airflow/example_dags/example_subdag_operator.py
[2024-09-14T03:39:12.051+0000] {processor.py:830} INFO - Processing file /home/airflow/.local/lib/python3.8/site-packages/airflow/example_dags/example_subdag_operator.py for tasks to queue
[2024-09-14T03:39:12.052+0000] {logging_mixin.py:188} INFO - [2024-09-14T03:39:12.052+0000] {dagbag.py:538} INFO - Filling up the DagBag from /home/airflow/.local/lib/python3.8/site-packages/airflow/example_dags/example_subdag_operator.py
[2024-09-14T03:39:12.069+0000] {processor.py:840} INFO - DAG(s) 'example_subdag_operator.section-1', 'example_subdag_operator.section-2', 'example_subdag_operator' retrieved from /home/airflow/.local/lib/python3.8/site-packages/airflow/example_dags/example_subdag_operator.py
[2024-09-14T03:39:12.080+0000] {logging_mixin.py:188} INFO - [2024-09-14T03:39:12.079+0000] {dag.py:3036} INFO - Sync 3 DAGs
[2024-09-14T03:39:12.093+0000] {logging_mixin.py:188} INFO - [2024-09-14T03:39:12.093+0000] {dag.py:3823} INFO - Setting next_dagrun for example_subdag_operator to 2022-01-01 00:00:00+00:00, run_after=2022-01-01 00:00:00+00:00
[2024-09-14T03:39:12.095+0000] {logging_mixin.py:188} INFO - [2024-09-14T03:39:12.095+0000] {dag.py:3823} INFO - Setting next_dagrun for example_subdag_operator.section-1 to None, run_after=None
[2024-09-14T03:39:12.096+0000] {logging_mixin.py:188} INFO - [2024-09-14T03:39:12.096+0000] {dag.py:3823} INFO - Setting next_dagrun for example_subdag_operator.section-2 to None, run_after=None
[2024-09-14T03:39:12.101+0000] {logging_mixin.py:188} INFO - [2024-09-14T03:39:12.101+0000] {dag.py:3036} INFO - Sync 2 DAGs
[2024-09-14T03:39:12.104+0000] {logging_mixin.py:188} INFO - [2024-09-14T03:39:12.104+0000] {dag.py:3823} INFO - Setting next_dagrun for example_subdag_operator.section-1 to None, run_after=None
[2024-09-14T03:39:12.105+0000] {logging_mixin.py:188} INFO - [2024-09-14T03:39:12.104+0000] {dag.py:3823} INFO - Setting next_dagrun for example_subdag_operator.section-2 to None, run_after=None
[2024-09-14T03:39:12.111+0000] {processor.py:183} INFO - Processing /home/airflow/.local/lib/python3.8/site-packages/airflow/example_dags/example_subdag_operator.py took 0.066 seconds
[2024-09-14T03:39:42.970+0000] {processor.py:161} INFO - Started process (PID=3944) to work on /home/airflow/.local/lib/python3.8/site-packages/airflow/example_dags/example_subdag_operator.py
[2024-09-14T03:39:42.971+0000] {processor.py:830} INFO - Processing file /home/airflow/.local/lib/python3.8/site-packages/airflow/example_dags/example_subdag_operator.py for tasks to queue
[2024-09-14T03:39:42.972+0000] {logging_mixin.py:188} INFO - [2024-09-14T03:39:42.972+0000] {dagbag.py:538} INFO - Filling up the DagBag from /home/airflow/.local/lib/python3.8/site-packages/airflow/example_dags/example_subdag_operator.py
[2024-09-14T03:39:42.991+0000] {processor.py:840} INFO - DAG(s) 'example_subdag_operator.section-1', 'example_subdag_operator.section-2', 'example_subdag_operator' retrieved from /home/airflow/.local/lib/python3.8/site-packages/airflow/example_dags/example_subdag_operator.py
[2024-09-14T03:39:43.001+0000] {logging_mixin.py:188} INFO - [2024-09-14T03:39:43.001+0000] {dag.py:3036} INFO - Sync 3 DAGs
[2024-09-14T03:39:43.015+0000] {logging_mixin.py:188} INFO - [2024-09-14T03:39:43.015+0000] {dag.py:3823} INFO - Setting next_dagrun for example_subdag_operator to 2022-01-01 00:00:00+00:00, run_after=2022-01-01 00:00:00+00:00
[2024-09-14T03:39:43.018+0000] {logging_mixin.py:188} INFO - [2024-09-14T03:39:43.018+0000] {dag.py:3823} INFO - Setting next_dagrun for example_subdag_operator.section-1 to None, run_after=None
[2024-09-14T03:39:43.020+0000] {logging_mixin.py:188} INFO - [2024-09-14T03:39:43.019+0000] {dag.py:3823} INFO - Setting next_dagrun for example_subdag_operator.section-2 to None, run_after=None
[2024-09-14T03:39:43.025+0000] {logging_mixin.py:188} INFO - [2024-09-14T03:39:43.024+0000] {dag.py:3036} INFO - Sync 2 DAGs
[2024-09-14T03:39:43.029+0000] {logging_mixin.py:188} INFO - [2024-09-14T03:39:43.029+0000] {dag.py:3823} INFO - Setting next_dagrun for example_subdag_operator.section-1 to None, run_after=None
[2024-09-14T03:39:43.029+0000] {logging_mixin.py:188} INFO - [2024-09-14T03:39:43.029+0000] {dag.py:3823} INFO - Setting next_dagrun for example_subdag_operator.section-2 to None, run_after=None
[2024-09-14T03:39:43.036+0000] {processor.py:183} INFO - Processing /home/airflow/.local/lib/python3.8/site-packages/airflow/example_dags/example_subdag_operator.py took 0.070 seconds
[2024-09-14T03:40:13.777+0000] {processor.py:161} INFO - Started process (PID=4191) to work on /home/airflow/.local/lib/python3.8/site-packages/airflow/example_dags/example_subdag_operator.py
[2024-09-14T03:40:13.778+0000] {processor.py:830} INFO - Processing file /home/airflow/.local/lib/python3.8/site-packages/airflow/example_dags/example_subdag_operator.py for tasks to queue
[2024-09-14T03:40:13.778+0000] {logging_mixin.py:188} INFO - [2024-09-14T03:40:13.778+0000] {dagbag.py:538} INFO - Filling up the DagBag from /home/airflow/.local/lib/python3.8/site-packages/airflow/example_dags/example_subdag_operator.py
[2024-09-14T03:40:13.795+0000] {processor.py:840} INFO - DAG(s) 'example_subdag_operator.section-1', 'example_subdag_operator.section-2', 'example_subdag_operator' retrieved from /home/airflow/.local/lib/python3.8/site-packages/airflow/example_dags/example_subdag_operator.py
[2024-09-14T03:40:13.806+0000] {logging_mixin.py:188} INFO - [2024-09-14T03:40:13.806+0000] {dag.py:3036} INFO - Sync 3 DAGs
[2024-09-14T03:40:13.819+0000] {logging_mixin.py:188} INFO - [2024-09-14T03:40:13.819+0000] {dag.py:3823} INFO - Setting next_dagrun for example_subdag_operator to 2022-01-01 00:00:00+00:00, run_after=2022-01-01 00:00:00+00:00
[2024-09-14T03:40:13.821+0000] {logging_mixin.py:188} INFO - [2024-09-14T03:40:13.821+0000] {dag.py:3823} INFO - Setting next_dagrun for example_subdag_operator.section-1 to None, run_after=None
[2024-09-14T03:40:13.822+0000] {logging_mixin.py:188} INFO - [2024-09-14T03:40:13.822+0000] {dag.py:3823} INFO - Setting next_dagrun for example_subdag_operator.section-2 to None, run_after=None
[2024-09-14T03:40:13.826+0000] {logging_mixin.py:188} INFO - [2024-09-14T03:40:13.826+0000] {dag.py:3036} INFO - Sync 2 DAGs
[2024-09-14T03:40:13.830+0000] {logging_mixin.py:188} INFO - [2024-09-14T03:40:13.829+0000] {dag.py:3823} INFO - Setting next_dagrun for example_subdag_operator.section-1 to None, run_after=None
[2024-09-14T03:40:13.830+0000] {logging_mixin.py:188} INFO - [2024-09-14T03:40:13.830+0000] {dag.py:3823} INFO - Setting next_dagrun for example_subdag_operator.section-2 to None, run_after=None
[2024-09-14T03:40:13.836+0000] {processor.py:183} INFO - Processing /home/airflow/.local/lib/python3.8/site-packages/airflow/example_dags/example_subdag_operator.py took 0.061 seconds
[2024-09-14T03:40:44.553+0000] {processor.py:161} INFO - Started process (PID=4438) to work on /home/airflow/.local/lib/python3.8/site-packages/airflow/example_dags/example_subdag_operator.py
[2024-09-14T03:40:44.554+0000] {processor.py:830} INFO - Processing file /home/airflow/.local/lib/python3.8/site-packages/airflow/example_dags/example_subdag_operator.py for tasks to queue
[2024-09-14T03:40:44.554+0000] {logging_mixin.py:188} INFO - [2024-09-14T03:40:44.554+0000] {dagbag.py:538} INFO - Filling up the DagBag from /home/airflow/.local/lib/python3.8/site-packages/airflow/example_dags/example_subdag_operator.py
[2024-09-14T03:40:44.569+0000] {processor.py:840} INFO - DAG(s) 'example_subdag_operator.section-1', 'example_subdag_operator.section-2', 'example_subdag_operator' retrieved from /home/airflow/.local/lib/python3.8/site-packages/airflow/example_dags/example_subdag_operator.py
[2024-09-14T03:40:44.578+0000] {logging_mixin.py:188} INFO - [2024-09-14T03:40:44.578+0000] {dag.py:3036} INFO - Sync 3 DAGs
[2024-09-14T03:40:44.591+0000] {logging_mixin.py:188} INFO - [2024-09-14T03:40:44.590+0000] {dag.py:3823} INFO - Setting next_dagrun for example_subdag_operator to 2022-01-01 00:00:00+00:00, run_after=2022-01-01 00:00:00+00:00
[2024-09-14T03:40:44.594+0000] {logging_mixin.py:188} INFO - [2024-09-14T03:40:44.593+0000] {dag.py:3823} INFO - Setting next_dagrun for example_subdag_operator.section-1 to None, run_after=None
[2024-09-14T03:40:44.595+0000] {logging_mixin.py:188} INFO - [2024-09-14T03:40:44.595+0000] {dag.py:3823} INFO - Setting next_dagrun for example_subdag_operator.section-2 to None, run_after=None
[2024-09-14T03:40:44.600+0000] {logging_mixin.py:188} INFO - [2024-09-14T03:40:44.600+0000] {dag.py:3036} INFO - Sync 2 DAGs
[2024-09-14T03:40:44.603+0000] {logging_mixin.py:188} INFO - [2024-09-14T03:40:44.603+0000] {dag.py:3823} INFO - Setting next_dagrun for example_subdag_operator.section-1 to None, run_after=None
[2024-09-14T03:40:44.604+0000] {logging_mixin.py:188} INFO - [2024-09-14T03:40:44.604+0000] {dag.py:3823} INFO - Setting next_dagrun for example_subdag_operator.section-2 to None, run_after=None
[2024-09-14T03:40:44.610+0000] {processor.py:183} INFO - Processing /home/airflow/.local/lib/python3.8/site-packages/airflow/example_dags/example_subdag_operator.py took 0.059 seconds
[2024-09-14T03:41:15.287+0000] {processor.py:161} INFO - Started process (PID=4685) to work on /home/airflow/.local/lib/python3.8/site-packages/airflow/example_dags/example_subdag_operator.py
[2024-09-14T03:41:15.288+0000] {processor.py:830} INFO - Processing file /home/airflow/.local/lib/python3.8/site-packages/airflow/example_dags/example_subdag_operator.py for tasks to queue
[2024-09-14T03:41:15.289+0000] {logging_mixin.py:188} INFO - [2024-09-14T03:41:15.288+0000] {dagbag.py:538} INFO - Filling up the DagBag from /home/airflow/.local/lib/python3.8/site-packages/airflow/example_dags/example_subdag_operator.py
[2024-09-14T03:41:15.302+0000] {processor.py:840} INFO - DAG(s) 'example_subdag_operator.section-1', 'example_subdag_operator.section-2', 'example_subdag_operator' retrieved from /home/airflow/.local/lib/python3.8/site-packages/airflow/example_dags/example_subdag_operator.py
[2024-09-14T03:41:15.312+0000] {logging_mixin.py:188} INFO - [2024-09-14T03:41:15.311+0000] {dag.py:3036} INFO - Sync 3 DAGs
[2024-09-14T03:41:15.324+0000] {logging_mixin.py:188} INFO - [2024-09-14T03:41:15.324+0000] {dag.py:3823} INFO - Setting next_dagrun for example_subdag_operator to 2022-01-01 00:00:00+00:00, run_after=2022-01-01 00:00:00+00:00
[2024-09-14T03:41:15.327+0000] {logging_mixin.py:188} INFO - [2024-09-14T03:41:15.327+0000] {dag.py:3823} INFO - Setting next_dagrun for example_subdag_operator.section-1 to None, run_after=None
[2024-09-14T03:41:15.328+0000] {logging_mixin.py:188} INFO - [2024-09-14T03:41:15.328+0000] {dag.py:3823} INFO - Setting next_dagrun for example_subdag_operator.section-2 to None, run_after=None
[2024-09-14T03:41:15.333+0000] {logging_mixin.py:188} INFO - [2024-09-14T03:41:15.333+0000] {dag.py:3036} INFO - Sync 2 DAGs
[2024-09-14T03:41:15.337+0000] {logging_mixin.py:188} INFO - [2024-09-14T03:41:15.337+0000] {dag.py:3823} INFO - Setting next_dagrun for example_subdag_operator.section-1 to None, run_after=None
[2024-09-14T03:41:15.338+0000] {logging_mixin.py:188} INFO - [2024-09-14T03:41:15.338+0000] {dag.py:3823} INFO - Setting next_dagrun for example_subdag_operator.section-2 to None, run_after=None
[2024-09-14T03:41:15.345+0000] {processor.py:183} INFO - Processing /home/airflow/.local/lib/python3.8/site-packages/airflow/example_dags/example_subdag_operator.py took 0.060 seconds
[2024-09-14T03:41:45.972+0000] {processor.py:161} INFO - Started process (PID=4932) to work on /home/airflow/.local/lib/python3.8/site-packages/airflow/example_dags/example_subdag_operator.py
[2024-09-14T03:41:45.973+0000] {processor.py:830} INFO - Processing file /home/airflow/.local/lib/python3.8/site-packages/airflow/example_dags/example_subdag_operator.py for tasks to queue
[2024-09-14T03:41:45.974+0000] {logging_mixin.py:188} INFO - [2024-09-14T03:41:45.973+0000] {dagbag.py:538} INFO - Filling up the DagBag from /home/airflow/.local/lib/python3.8/site-packages/airflow/example_dags/example_subdag_operator.py
[2024-09-14T03:41:45.987+0000] {processor.py:840} INFO - DAG(s) 'example_subdag_operator.section-1', 'example_subdag_operator.section-2', 'example_subdag_operator' retrieved from /home/airflow/.local/lib/python3.8/site-packages/airflow/example_dags/example_subdag_operator.py
[2024-09-14T03:41:45.997+0000] {logging_mixin.py:188} INFO - [2024-09-14T03:41:45.996+0000] {dag.py:3036} INFO - Sync 3 DAGs
[2024-09-14T03:41:46.036+0000] {logging_mixin.py:188} INFO - [2024-09-14T03:41:46.036+0000] {dag.py:3823} INFO - Setting next_dagrun for example_subdag_operator to 2022-01-01 00:00:00+00:00, run_after=2022-01-01 00:00:00+00:00
[2024-09-14T03:41:46.041+0000] {logging_mixin.py:188} INFO - [2024-09-14T03:41:46.040+0000] {dag.py:3823} INFO - Setting next_dagrun for example_subdag_operator.section-1 to None, run_after=None
[2024-09-14T03:41:46.043+0000] {logging_mixin.py:188} INFO - [2024-09-14T03:41:46.043+0000] {dag.py:3823} INFO - Setting next_dagrun for example_subdag_operator.section-2 to None, run_after=None
[2024-09-14T03:41:46.057+0000] {logging_mixin.py:188} INFO - [2024-09-14T03:41:46.056+0000] {dag.py:3036} INFO - Sync 2 DAGs
[2024-09-14T03:41:46.092+0000] {logging_mixin.py:188} INFO - [2024-09-14T03:41:46.091+0000] {dag.py:3823} INFO - Setting next_dagrun for example_subdag_operator.section-1 to None, run_after=None
[2024-09-14T03:41:46.094+0000] {logging_mixin.py:188} INFO - [2024-09-14T03:41:46.093+0000] {dag.py:3823} INFO - Setting next_dagrun for example_subdag_operator.section-2 to None, run_after=None
[2024-09-14T03:41:46.118+0000] {processor.py:183} INFO - Processing /home/airflow/.local/lib/python3.8/site-packages/airflow/example_dags/example_subdag_operator.py took 0.148 seconds
[2024-09-14T03:42:16.285+0000] {processor.py:161} INFO - Started process (PID=5179) to work on /home/airflow/.local/lib/python3.8/site-packages/airflow/example_dags/example_subdag_operator.py
[2024-09-14T03:42:16.286+0000] {processor.py:830} INFO - Processing file /home/airflow/.local/lib/python3.8/site-packages/airflow/example_dags/example_subdag_operator.py for tasks to queue
[2024-09-14T03:42:16.287+0000] {logging_mixin.py:188} INFO - [2024-09-14T03:42:16.287+0000] {dagbag.py:538} INFO - Filling up the DagBag from /home/airflow/.local/lib/python3.8/site-packages/airflow/example_dags/example_subdag_operator.py
[2024-09-14T03:42:16.301+0000] {processor.py:840} INFO - DAG(s) 'example_subdag_operator.section-1', 'example_subdag_operator.section-2', 'example_subdag_operator' retrieved from /home/airflow/.local/lib/python3.8/site-packages/airflow/example_dags/example_subdag_operator.py
[2024-09-14T03:42:16.310+0000] {logging_mixin.py:188} INFO - [2024-09-14T03:42:16.310+0000] {dag.py:3036} INFO - Sync 3 DAGs
[2024-09-14T03:42:16.322+0000] {logging_mixin.py:188} INFO - [2024-09-14T03:42:16.321+0000] {dag.py:3823} INFO - Setting next_dagrun for example_subdag_operator to 2022-01-01 00:00:00+00:00, run_after=2022-01-01 00:00:00+00:00
[2024-09-14T03:42:16.324+0000] {logging_mixin.py:188} INFO - [2024-09-14T03:42:16.324+0000] {dag.py:3823} INFO - Setting next_dagrun for example_subdag_operator.section-1 to None, run_after=None
[2024-09-14T03:42:16.325+0000] {logging_mixin.py:188} INFO - [2024-09-14T03:42:16.325+0000] {dag.py:3823} INFO - Setting next_dagrun for example_subdag_operator.section-2 to None, run_after=None
[2024-09-14T03:42:16.329+0000] {logging_mixin.py:188} INFO - [2024-09-14T03:42:16.328+0000] {dag.py:3036} INFO - Sync 2 DAGs
[2024-09-14T03:42:16.332+0000] {logging_mixin.py:188} INFO - [2024-09-14T03:42:16.332+0000] {dag.py:3823} INFO - Setting next_dagrun for example_subdag_operator.section-1 to None, run_after=None
[2024-09-14T03:42:16.333+0000] {logging_mixin.py:188} INFO - [2024-09-14T03:42:16.332+0000] {dag.py:3823} INFO - Setting next_dagrun for example_subdag_operator.section-2 to None, run_after=None
[2024-09-14T03:42:16.339+0000] {processor.py:183} INFO - Processing /home/airflow/.local/lib/python3.8/site-packages/airflow/example_dags/example_subdag_operator.py took 0.055 seconds
[2024-09-14T03:42:47.075+0000] {processor.py:161} INFO - Started process (PID=5426) to work on /home/airflow/.local/lib/python3.8/site-packages/airflow/example_dags/example_subdag_operator.py
[2024-09-14T03:42:47.077+0000] {processor.py:830} INFO - Processing file /home/airflow/.local/lib/python3.8/site-packages/airflow/example_dags/example_subdag_operator.py for tasks to queue
[2024-09-14T03:42:47.077+0000] {logging_mixin.py:188} INFO - [2024-09-14T03:42:47.077+0000] {dagbag.py:538} INFO - Filling up the DagBag from /home/airflow/.local/lib/python3.8/site-packages/airflow/example_dags/example_subdag_operator.py
[2024-09-14T03:42:47.094+0000] {processor.py:840} INFO - DAG(s) 'example_subdag_operator.section-1', 'example_subdag_operator.section-2', 'example_subdag_operator' retrieved from /home/airflow/.local/lib/python3.8/site-packages/airflow/example_dags/example_subdag_operator.py
[2024-09-14T03:42:47.105+0000] {logging_mixin.py:188} INFO - [2024-09-14T03:42:47.105+0000] {dag.py:3036} INFO - Sync 3 DAGs
[2024-09-14T03:42:47.120+0000] {logging_mixin.py:188} INFO - [2024-09-14T03:42:47.120+0000] {dag.py:3823} INFO - Setting next_dagrun for example_subdag_operator to 2022-01-01 00:00:00+00:00, run_after=2022-01-01 00:00:00+00:00
[2024-09-14T03:42:47.123+0000] {logging_mixin.py:188} INFO - [2024-09-14T03:42:47.122+0000] {dag.py:3823} INFO - Setting next_dagrun for example_subdag_operator.section-1 to None, run_after=None
[2024-09-14T03:42:47.123+0000] {logging_mixin.py:188} INFO - [2024-09-14T03:42:47.123+0000] {dag.py:3823} INFO - Setting next_dagrun for example_subdag_operator.section-2 to None, run_after=None
[2024-09-14T03:42:47.128+0000] {logging_mixin.py:188} INFO - [2024-09-14T03:42:47.128+0000] {dag.py:3036} INFO - Sync 2 DAGs
[2024-09-14T03:42:47.131+0000] {logging_mixin.py:188} INFO - [2024-09-14T03:42:47.131+0000] {dag.py:3823} INFO - Setting next_dagrun for example_subdag_operator.section-1 to None, run_after=None
[2024-09-14T03:42:47.131+0000] {logging_mixin.py:188} INFO - [2024-09-14T03:42:47.131+0000] {dag.py:3823} INFO - Setting next_dagrun for example_subdag_operator.section-2 to None, run_after=None
[2024-09-14T03:42:47.137+0000] {processor.py:183} INFO - Processing /home/airflow/.local/lib/python3.8/site-packages/airflow/example_dags/example_subdag_operator.py took 0.064 seconds
[2024-09-14T03:43:17.648+0000] {processor.py:161} INFO - Started process (PID=5673) to work on /home/airflow/.local/lib/python3.8/site-packages/airflow/example_dags/example_subdag_operator.py
[2024-09-14T03:43:17.650+0000] {processor.py:830} INFO - Processing file /home/airflow/.local/lib/python3.8/site-packages/airflow/example_dags/example_subdag_operator.py for tasks to queue
[2024-09-14T03:43:17.650+0000] {logging_mixin.py:188} INFO - [2024-09-14T03:43:17.650+0000] {dagbag.py:538} INFO - Filling up the DagBag from /home/airflow/.local/lib/python3.8/site-packages/airflow/example_dags/example_subdag_operator.py
[2024-09-14T03:43:17.666+0000] {processor.py:840} INFO - DAG(s) 'example_subdag_operator.section-1', 'example_subdag_operator.section-2', 'example_subdag_operator' retrieved from /home/airflow/.local/lib/python3.8/site-packages/airflow/example_dags/example_subdag_operator.py
[2024-09-14T03:43:17.678+0000] {logging_mixin.py:188} INFO - [2024-09-14T03:43:17.677+0000] {dag.py:3036} INFO - Sync 3 DAGs
[2024-09-14T03:43:17.692+0000] {logging_mixin.py:188} INFO - [2024-09-14T03:43:17.692+0000] {dag.py:3823} INFO - Setting next_dagrun for example_subdag_operator to 2022-01-01 00:00:00+00:00, run_after=2022-01-01 00:00:00+00:00
[2024-09-14T03:43:17.694+0000] {logging_mixin.py:188} INFO - [2024-09-14T03:43:17.694+0000] {dag.py:3823} INFO - Setting next_dagrun for example_subdag_operator.section-1 to None, run_after=None
[2024-09-14T03:43:17.695+0000] {logging_mixin.py:188} INFO - [2024-09-14T03:43:17.695+0000] {dag.py:3823} INFO - Setting next_dagrun for example_subdag_operator.section-2 to None, run_after=None
[2024-09-14T03:43:17.700+0000] {logging_mixin.py:188} INFO - [2024-09-14T03:43:17.699+0000] {dag.py:3036} INFO - Sync 2 DAGs
[2024-09-14T03:43:17.703+0000] {logging_mixin.py:188} INFO - [2024-09-14T03:43:17.703+0000] {dag.py:3823} INFO - Setting next_dagrun for example_subdag_operator.section-1 to None, run_after=None
[2024-09-14T03:43:17.703+0000] {logging_mixin.py:188} INFO - [2024-09-14T03:43:17.703+0000] {dag.py:3823} INFO - Setting next_dagrun for example_subdag_operator.section-2 to None, run_after=None
[2024-09-14T03:43:17.712+0000] {processor.py:183} INFO - Processing /home/airflow/.local/lib/python3.8/site-packages/airflow/example_dags/example_subdag_operator.py took 0.068 seconds
[2024-09-14T03:43:47.787+0000] {processor.py:161} INFO - Started process (PID=5922) to work on /home/airflow/.local/lib/python3.8/site-packages/airflow/example_dags/example_subdag_operator.py
[2024-09-14T03:43:47.788+0000] {processor.py:830} INFO - Processing file /home/airflow/.local/lib/python3.8/site-packages/airflow/example_dags/example_subdag_operator.py for tasks to queue
[2024-09-14T03:43:47.789+0000] {logging_mixin.py:188} INFO - [2024-09-14T03:43:47.789+0000] {dagbag.py:538} INFO - Filling up the DagBag from /home/airflow/.local/lib/python3.8/site-packages/airflow/example_dags/example_subdag_operator.py
[2024-09-14T03:43:47.803+0000] {processor.py:840} INFO - DAG(s) 'example_subdag_operator.section-1', 'example_subdag_operator.section-2', 'example_subdag_operator' retrieved from /home/airflow/.local/lib/python3.8/site-packages/airflow/example_dags/example_subdag_operator.py
[2024-09-14T03:43:47.812+0000] {logging_mixin.py:188} INFO - [2024-09-14T03:43:47.812+0000] {dag.py:3036} INFO - Sync 3 DAGs
[2024-09-14T03:43:47.823+0000] {logging_mixin.py:188} INFO - [2024-09-14T03:43:47.823+0000] {dag.py:3823} INFO - Setting next_dagrun for example_subdag_operator to 2022-01-01 00:00:00+00:00, run_after=2022-01-01 00:00:00+00:00
[2024-09-14T03:43:47.825+0000] {logging_mixin.py:188} INFO - [2024-09-14T03:43:47.825+0000] {dag.py:3823} INFO - Setting next_dagrun for example_subdag_operator.section-1 to None, run_after=None
[2024-09-14T03:43:47.826+0000] {logging_mixin.py:188} INFO - [2024-09-14T03:43:47.826+0000] {dag.py:3823} INFO - Setting next_dagrun for example_subdag_operator.section-2 to None, run_after=None
[2024-09-14T03:43:47.830+0000] {logging_mixin.py:188} INFO - [2024-09-14T03:43:47.829+0000] {dag.py:3036} INFO - Sync 2 DAGs
[2024-09-14T03:43:47.833+0000] {logging_mixin.py:188} INFO - [2024-09-14T03:43:47.833+0000] {dag.py:3823} INFO - Setting next_dagrun for example_subdag_operator.section-1 to None, run_after=None
[2024-09-14T03:43:47.833+0000] {logging_mixin.py:188} INFO - [2024-09-14T03:43:47.833+0000] {dag.py:3823} INFO - Setting next_dagrun for example_subdag_operator.section-2 to None, run_after=None
[2024-09-14T03:43:47.841+0000] {processor.py:183} INFO - Processing /home/airflow/.local/lib/python3.8/site-packages/airflow/example_dags/example_subdag_operator.py took 0.055 seconds
[2024-09-14T03:44:18.123+0000] {processor.py:161} INFO - Started process (PID=6167) to work on /home/airflow/.local/lib/python3.8/site-packages/airflow/example_dags/example_subdag_operator.py
[2024-09-14T03:44:18.124+0000] {processor.py:830} INFO - Processing file /home/airflow/.local/lib/python3.8/site-packages/airflow/example_dags/example_subdag_operator.py for tasks to queue
[2024-09-14T03:44:18.125+0000] {logging_mixin.py:188} INFO - [2024-09-14T03:44:18.125+0000] {dagbag.py:538} INFO - Filling up the DagBag from /home/airflow/.local/lib/python3.8/site-packages/airflow/example_dags/example_subdag_operator.py
[2024-09-14T03:44:18.139+0000] {processor.py:840} INFO - DAG(s) 'example_subdag_operator.section-1', 'example_subdag_operator.section-2', 'example_subdag_operator' retrieved from /home/airflow/.local/lib/python3.8/site-packages/airflow/example_dags/example_subdag_operator.py
[2024-09-14T03:44:18.149+0000] {logging_mixin.py:188} INFO - [2024-09-14T03:44:18.149+0000] {dag.py:3036} INFO - Sync 3 DAGs
[2024-09-14T03:44:18.161+0000] {logging_mixin.py:188} INFO - [2024-09-14T03:44:18.160+0000] {dag.py:3823} INFO - Setting next_dagrun for example_subdag_operator to 2022-01-01 00:00:00+00:00, run_after=2022-01-01 00:00:00+00:00
[2024-09-14T03:44:18.163+0000] {logging_mixin.py:188} INFO - [2024-09-14T03:44:18.163+0000] {dag.py:3823} INFO - Setting next_dagrun for example_subdag_operator.section-1 to None, run_after=None
[2024-09-14T03:44:18.164+0000] {logging_mixin.py:188} INFO - [2024-09-14T03:44:18.164+0000] {dag.py:3823} INFO - Setting next_dagrun for example_subdag_operator.section-2 to None, run_after=None
[2024-09-14T03:44:18.168+0000] {logging_mixin.py:188} INFO - [2024-09-14T03:44:18.168+0000] {dag.py:3036} INFO - Sync 2 DAGs
[2024-09-14T03:44:18.173+0000] {logging_mixin.py:188} INFO - [2024-09-14T03:44:18.172+0000] {dag.py:3823} INFO - Setting next_dagrun for example_subdag_operator.section-1 to None, run_after=None
[2024-09-14T03:44:18.173+0000] {logging_mixin.py:188} INFO - [2024-09-14T03:44:18.173+0000] {dag.py:3823} INFO - Setting next_dagrun for example_subdag_operator.section-2 to None, run_after=None
[2024-09-14T03:44:18.182+0000] {processor.py:183} INFO - Processing /home/airflow/.local/lib/python3.8/site-packages/airflow/example_dags/example_subdag_operator.py took 0.061 seconds
[2024-09-14T03:44:48.935+0000] {processor.py:161} INFO - Started process (PID=6414) to work on /home/airflow/.local/lib/python3.8/site-packages/airflow/example_dags/example_subdag_operator.py
[2024-09-14T03:44:48.936+0000] {processor.py:830} INFO - Processing file /home/airflow/.local/lib/python3.8/site-packages/airflow/example_dags/example_subdag_operator.py for tasks to queue
[2024-09-14T03:44:48.936+0000] {logging_mixin.py:188} INFO - [2024-09-14T03:44:48.936+0000] {dagbag.py:538} INFO - Filling up the DagBag from /home/airflow/.local/lib/python3.8/site-packages/airflow/example_dags/example_subdag_operator.py
[2024-09-14T03:44:48.953+0000] {processor.py:840} INFO - DAG(s) 'example_subdag_operator.section-1', 'example_subdag_operator.section-2', 'example_subdag_operator' retrieved from /home/airflow/.local/lib/python3.8/site-packages/airflow/example_dags/example_subdag_operator.py
[2024-09-14T03:44:48.964+0000] {logging_mixin.py:188} INFO - [2024-09-14T03:44:48.964+0000] {dag.py:3036} INFO - Sync 3 DAGs
[2024-09-14T03:44:48.976+0000] {logging_mixin.py:188} INFO - [2024-09-14T03:44:48.976+0000] {dag.py:3823} INFO - Setting next_dagrun for example_subdag_operator to 2022-01-01 00:00:00+00:00, run_after=2022-01-01 00:00:00+00:00
[2024-09-14T03:44:48.979+0000] {logging_mixin.py:188} INFO - [2024-09-14T03:44:48.978+0000] {dag.py:3823} INFO - Setting next_dagrun for example_subdag_operator.section-1 to None, run_after=None
[2024-09-14T03:44:48.979+0000] {logging_mixin.py:188} INFO - [2024-09-14T03:44:48.979+0000] {dag.py:3823} INFO - Setting next_dagrun for example_subdag_operator.section-2 to None, run_after=None
[2024-09-14T03:44:48.983+0000] {logging_mixin.py:188} INFO - [2024-09-14T03:44:48.983+0000] {dag.py:3036} INFO - Sync 2 DAGs
[2024-09-14T03:44:48.986+0000] {logging_mixin.py:188} INFO - [2024-09-14T03:44:48.986+0000] {dag.py:3823} INFO - Setting next_dagrun for example_subdag_operator.section-1 to None, run_after=None
[2024-09-14T03:44:48.987+0000] {logging_mixin.py:188} INFO - [2024-09-14T03:44:48.987+0000] {dag.py:3823} INFO - Setting next_dagrun for example_subdag_operator.section-2 to None, run_after=None
[2024-09-14T03:44:48.993+0000] {processor.py:183} INFO - Processing /home/airflow/.local/lib/python3.8/site-packages/airflow/example_dags/example_subdag_operator.py took 0.061 seconds
[2024-09-14T03:45:19.097+0000] {processor.py:161} INFO - Started process (PID=6663) to work on /home/airflow/.local/lib/python3.8/site-packages/airflow/example_dags/example_subdag_operator.py
[2024-09-14T03:45:19.097+0000] {processor.py:830} INFO - Processing file /home/airflow/.local/lib/python3.8/site-packages/airflow/example_dags/example_subdag_operator.py for tasks to queue
[2024-09-14T03:45:19.098+0000] {logging_mixin.py:188} INFO - [2024-09-14T03:45:19.098+0000] {dagbag.py:538} INFO - Filling up the DagBag from /home/airflow/.local/lib/python3.8/site-packages/airflow/example_dags/example_subdag_operator.py
[2024-09-14T03:45:19.112+0000] {processor.py:840} INFO - DAG(s) 'example_subdag_operator.section-1', 'example_subdag_operator.section-2', 'example_subdag_operator' retrieved from /home/airflow/.local/lib/python3.8/site-packages/airflow/example_dags/example_subdag_operator.py
[2024-09-14T03:45:19.121+0000] {logging_mixin.py:188} INFO - [2024-09-14T03:45:19.121+0000] {dag.py:3036} INFO - Sync 3 DAGs
[2024-09-14T03:45:19.132+0000] {logging_mixin.py:188} INFO - [2024-09-14T03:45:19.132+0000] {dag.py:3823} INFO - Setting next_dagrun for example_subdag_operator to 2022-01-01 00:00:00+00:00, run_after=2022-01-01 00:00:00+00:00
[2024-09-14T03:45:19.134+0000] {logging_mixin.py:188} INFO - [2024-09-14T03:45:19.134+0000] {dag.py:3823} INFO - Setting next_dagrun for example_subdag_operator.section-1 to None, run_after=None
[2024-09-14T03:45:19.135+0000] {logging_mixin.py:188} INFO - [2024-09-14T03:45:19.135+0000] {dag.py:3823} INFO - Setting next_dagrun for example_subdag_operator.section-2 to None, run_after=None
[2024-09-14T03:45:19.138+0000] {logging_mixin.py:188} INFO - [2024-09-14T03:45:19.138+0000] {dag.py:3036} INFO - Sync 2 DAGs
[2024-09-14T03:45:19.141+0000] {logging_mixin.py:188} INFO - [2024-09-14T03:45:19.141+0000] {dag.py:3823} INFO - Setting next_dagrun for example_subdag_operator.section-1 to None, run_after=None
[2024-09-14T03:45:19.142+0000] {logging_mixin.py:188} INFO - [2024-09-14T03:45:19.142+0000] {dag.py:3823} INFO - Setting next_dagrun for example_subdag_operator.section-2 to None, run_after=None
[2024-09-14T03:45:19.150+0000] {processor.py:183} INFO - Processing /home/airflow/.local/lib/python3.8/site-packages/airflow/example_dags/example_subdag_operator.py took 0.056 seconds
[2024-09-14T03:45:49.280+0000] {processor.py:161} INFO - Started process (PID=6908) to work on /home/airflow/.local/lib/python3.8/site-packages/airflow/example_dags/example_subdag_operator.py
[2024-09-14T03:45:49.281+0000] {processor.py:830} INFO - Processing file /home/airflow/.local/lib/python3.8/site-packages/airflow/example_dags/example_subdag_operator.py for tasks to queue
[2024-09-14T03:45:49.282+0000] {logging_mixin.py:188} INFO - [2024-09-14T03:45:49.282+0000] {dagbag.py:538} INFO - Filling up the DagBag from /home/airflow/.local/lib/python3.8/site-packages/airflow/example_dags/example_subdag_operator.py
[2024-09-14T03:45:49.296+0000] {processor.py:840} INFO - DAG(s) 'example_subdag_operator.section-1', 'example_subdag_operator.section-2', 'example_subdag_operator' retrieved from /home/airflow/.local/lib/python3.8/site-packages/airflow/example_dags/example_subdag_operator.py
[2024-09-14T03:45:49.305+0000] {logging_mixin.py:188} INFO - [2024-09-14T03:45:49.305+0000] {dag.py:3036} INFO - Sync 3 DAGs
[2024-09-14T03:45:49.316+0000] {logging_mixin.py:188} INFO - [2024-09-14T03:45:49.316+0000] {dag.py:3823} INFO - Setting next_dagrun for example_subdag_operator to 2022-01-01 00:00:00+00:00, run_after=2022-01-01 00:00:00+00:00
[2024-09-14T03:45:49.319+0000] {logging_mixin.py:188} INFO - [2024-09-14T03:45:49.318+0000] {dag.py:3823} INFO - Setting next_dagrun for example_subdag_operator.section-1 to None, run_after=None
[2024-09-14T03:45:49.319+0000] {logging_mixin.py:188} INFO - [2024-09-14T03:45:49.319+0000] {dag.py:3823} INFO - Setting next_dagrun for example_subdag_operator.section-2 to None, run_after=None
[2024-09-14T03:45:49.323+0000] {logging_mixin.py:188} INFO - [2024-09-14T03:45:49.323+0000] {dag.py:3036} INFO - Sync 2 DAGs
[2024-09-14T03:45:49.326+0000] {logging_mixin.py:188} INFO - [2024-09-14T03:45:49.326+0000] {dag.py:3823} INFO - Setting next_dagrun for example_subdag_operator.section-1 to None, run_after=None
[2024-09-14T03:45:49.326+0000] {logging_mixin.py:188} INFO - [2024-09-14T03:45:49.326+0000] {dag.py:3823} INFO - Setting next_dagrun for example_subdag_operator.section-2 to None, run_after=None
[2024-09-14T03:45:49.332+0000] {processor.py:183} INFO - Processing /home/airflow/.local/lib/python3.8/site-packages/airflow/example_dags/example_subdag_operator.py took 0.054 seconds
[2024-09-14T03:46:20.045+0000] {processor.py:161} INFO - Started process (PID=7155) to work on /home/airflow/.local/lib/python3.8/site-packages/airflow/example_dags/example_subdag_operator.py
[2024-09-14T03:46:20.046+0000] {processor.py:830} INFO - Processing file /home/airflow/.local/lib/python3.8/site-packages/airflow/example_dags/example_subdag_operator.py for tasks to queue
[2024-09-14T03:46:20.046+0000] {logging_mixin.py:188} INFO - [2024-09-14T03:46:20.046+0000] {dagbag.py:538} INFO - Filling up the DagBag from /home/airflow/.local/lib/python3.8/site-packages/airflow/example_dags/example_subdag_operator.py
[2024-09-14T03:46:20.062+0000] {processor.py:840} INFO - DAG(s) 'example_subdag_operator.section-1', 'example_subdag_operator.section-2', 'example_subdag_operator' retrieved from /home/airflow/.local/lib/python3.8/site-packages/airflow/example_dags/example_subdag_operator.py
[2024-09-14T03:46:20.074+0000] {logging_mixin.py:188} INFO - [2024-09-14T03:46:20.074+0000] {dag.py:3036} INFO - Sync 3 DAGs
[2024-09-14T03:46:20.088+0000] {logging_mixin.py:188} INFO - [2024-09-14T03:46:20.088+0000] {dag.py:3823} INFO - Setting next_dagrun for example_subdag_operator to 2022-01-01 00:00:00+00:00, run_after=2022-01-01 00:00:00+00:00
[2024-09-14T03:46:20.091+0000] {logging_mixin.py:188} INFO - [2024-09-14T03:46:20.091+0000] {dag.py:3823} INFO - Setting next_dagrun for example_subdag_operator.section-1 to None, run_after=None
[2024-09-14T03:46:20.092+0000] {logging_mixin.py:188} INFO - [2024-09-14T03:46:20.092+0000] {dag.py:3823} INFO - Setting next_dagrun for example_subdag_operator.section-2 to None, run_after=None
[2024-09-14T03:46:20.096+0000] {logging_mixin.py:188} INFO - [2024-09-14T03:46:20.095+0000] {dag.py:3036} INFO - Sync 2 DAGs
[2024-09-14T03:46:20.100+0000] {logging_mixin.py:188} INFO - [2024-09-14T03:46:20.100+0000] {dag.py:3823} INFO - Setting next_dagrun for example_subdag_operator.section-1 to None, run_after=None
[2024-09-14T03:46:20.100+0000] {logging_mixin.py:188} INFO - [2024-09-14T03:46:20.100+0000] {dag.py:3823} INFO - Setting next_dagrun for example_subdag_operator.section-2 to None, run_after=None
[2024-09-14T03:46:20.107+0000] {processor.py:183} INFO - Processing /home/airflow/.local/lib/python3.8/site-packages/airflow/example_dags/example_subdag_operator.py took 0.067 seconds
[2024-09-14T03:46:50.258+0000] {processor.py:161} INFO - Started process (PID=7402) to work on /home/airflow/.local/lib/python3.8/site-packages/airflow/example_dags/example_subdag_operator.py
[2024-09-14T03:46:50.258+0000] {processor.py:830} INFO - Processing file /home/airflow/.local/lib/python3.8/site-packages/airflow/example_dags/example_subdag_operator.py for tasks to queue
[2024-09-14T03:46:50.259+0000] {logging_mixin.py:188} INFO - [2024-09-14T03:46:50.259+0000] {dagbag.py:538} INFO - Filling up the DagBag from /home/airflow/.local/lib/python3.8/site-packages/airflow/example_dags/example_subdag_operator.py
[2024-09-14T03:46:50.275+0000] {processor.py:840} INFO - DAG(s) 'example_subdag_operator.section-1', 'example_subdag_operator.section-2', 'example_subdag_operator' retrieved from /home/airflow/.local/lib/python3.8/site-packages/airflow/example_dags/example_subdag_operator.py
[2024-09-14T03:46:50.286+0000] {logging_mixin.py:188} INFO - [2024-09-14T03:46:50.286+0000] {dag.py:3036} INFO - Sync 3 DAGs
[2024-09-14T03:46:50.304+0000] {logging_mixin.py:188} INFO - [2024-09-14T03:46:50.304+0000] {dag.py:3823} INFO - Setting next_dagrun for example_subdag_operator to 2022-01-01 00:00:00+00:00, run_after=2022-01-01 00:00:00+00:00
[2024-09-14T03:46:50.308+0000] {logging_mixin.py:188} INFO - [2024-09-14T03:46:50.308+0000] {dag.py:3823} INFO - Setting next_dagrun for example_subdag_operator.section-1 to None, run_after=None
[2024-09-14T03:46:50.310+0000] {logging_mixin.py:188} INFO - [2024-09-14T03:46:50.310+0000] {dag.py:3823} INFO - Setting next_dagrun for example_subdag_operator.section-2 to None, run_after=None
[2024-09-14T03:46:50.315+0000] {logging_mixin.py:188} INFO - [2024-09-14T03:46:50.315+0000] {dag.py:3036} INFO - Sync 2 DAGs
[2024-09-14T03:46:50.319+0000] {logging_mixin.py:188} INFO - [2024-09-14T03:46:50.319+0000] {dag.py:3823} INFO - Setting next_dagrun for example_subdag_operator.section-1 to None, run_after=None
[2024-09-14T03:46:50.319+0000] {logging_mixin.py:188} INFO - [2024-09-14T03:46:50.319+0000] {dag.py:3823} INFO - Setting next_dagrun for example_subdag_operator.section-2 to None, run_after=None
[2024-09-14T03:46:50.326+0000] {processor.py:183} INFO - Processing /home/airflow/.local/lib/python3.8/site-packages/airflow/example_dags/example_subdag_operator.py took 0.070 seconds
