[2024-09-14T03:28:27.190+0000] {processor.py:161} INFO - Started process (PID=231) to work on /home/airflow/.local/lib/python3.8/site-packages/airflow/example_dags/example_branch_labels.py
[2024-09-14T03:28:27.191+0000] {processor.py:830} INFO - Processing file /home/airflow/.local/lib/python3.8/site-packages/airflow/example_dags/example_branch_labels.py for tasks to queue
[2024-09-14T03:28:27.192+0000] {logging_mixin.py:188} INFO - [2024-09-14T03:28:27.192+0000] {dagbag.py:538} INFO - Filling up the DagBag from /home/airflow/.local/lib/python3.8/site-packages/airflow/example_dags/example_branch_labels.py
[2024-09-14T03:28:27.198+0000] {processor.py:840} INFO - DAG(s) 'example_branch_labels' retrieved from /home/airflow/.local/lib/python3.8/site-packages/airflow/example_dags/example_branch_labels.py
[2024-09-14T03:28:27.218+0000] {logging_mixin.py:188} INFO - [2024-09-14T03:28:27.217+0000] {dag.py:3036} INFO - Sync 1 DAGs
[2024-09-14T03:28:27.234+0000] {logging_mixin.py:188} INFO - [2024-09-14T03:28:27.234+0000] {dag.py:3823} INFO - Setting next_dagrun for example_branch_labels to 2024-09-13 00:00:00+00:00, run_after=2024-09-14 00:00:00+00:00
[2024-09-14T03:28:27.253+0000] {processor.py:183} INFO - Processing /home/airflow/.local/lib/python3.8/site-packages/airflow/example_dags/example_branch_labels.py took 0.065 seconds
[2024-09-14T03:28:57.620+0000] {processor.py:161} INFO - Started process (PID=480) to work on /home/airflow/.local/lib/python3.8/site-packages/airflow/example_dags/example_branch_labels.py
[2024-09-14T03:28:57.621+0000] {processor.py:830} INFO - Processing file /home/airflow/.local/lib/python3.8/site-packages/airflow/example_dags/example_branch_labels.py for tasks to queue
[2024-09-14T03:28:57.621+0000] {logging_mixin.py:188} INFO - [2024-09-14T03:28:57.621+0000] {dagbag.py:538} INFO - Filling up the DagBag from /home/airflow/.local/lib/python3.8/site-packages/airflow/example_dags/example_branch_labels.py
[2024-09-14T03:28:57.626+0000] {processor.py:840} INFO - DAG(s) 'example_branch_labels' retrieved from /home/airflow/.local/lib/python3.8/site-packages/airflow/example_dags/example_branch_labels.py
[2024-09-14T03:28:57.639+0000] {logging_mixin.py:188} INFO - [2024-09-14T03:28:57.639+0000] {dag.py:3036} INFO - Sync 1 DAGs
[2024-09-14T03:28:57.650+0000] {logging_mixin.py:188} INFO - [2024-09-14T03:28:57.650+0000] {dag.py:3823} INFO - Setting next_dagrun for example_branch_labels to 2024-09-13 00:00:00+00:00, run_after=2024-09-14 00:00:00+00:00
[2024-09-14T03:28:57.659+0000] {processor.py:183} INFO - Processing /home/airflow/.local/lib/python3.8/site-packages/airflow/example_dags/example_branch_labels.py took 0.041 seconds
[2024-09-14T03:29:28.407+0000] {processor.py:161} INFO - Started process (PID=725) to work on /home/airflow/.local/lib/python3.8/site-packages/airflow/example_dags/example_branch_labels.py
[2024-09-14T03:29:28.408+0000] {processor.py:830} INFO - Processing file /home/airflow/.local/lib/python3.8/site-packages/airflow/example_dags/example_branch_labels.py for tasks to queue
[2024-09-14T03:29:28.409+0000] {logging_mixin.py:188} INFO - [2024-09-14T03:29:28.409+0000] {dagbag.py:538} INFO - Filling up the DagBag from /home/airflow/.local/lib/python3.8/site-packages/airflow/example_dags/example_branch_labels.py
[2024-09-14T03:29:28.414+0000] {processor.py:840} INFO - DAG(s) 'example_branch_labels' retrieved from /home/airflow/.local/lib/python3.8/site-packages/airflow/example_dags/example_branch_labels.py
[2024-09-14T03:29:28.432+0000] {logging_mixin.py:188} INFO - [2024-09-14T03:29:28.432+0000] {dag.py:3036} INFO - Sync 1 DAGs
[2024-09-14T03:29:28.445+0000] {logging_mixin.py:188} INFO - [2024-09-14T03:29:28.445+0000] {dag.py:3823} INFO - Setting next_dagrun for example_branch_labels to 2024-09-13 00:00:00+00:00, run_after=2024-09-14 00:00:00+00:00
[2024-09-14T03:29:28.456+0000] {processor.py:183} INFO - Processing /home/airflow/.local/lib/python3.8/site-packages/airflow/example_dags/example_branch_labels.py took 0.051 seconds
[2024-09-14T03:29:59.198+0000] {processor.py:161} INFO - Started process (PID=974) to work on /home/airflow/.local/lib/python3.8/site-packages/airflow/example_dags/example_branch_labels.py
[2024-09-14T03:29:59.199+0000] {processor.py:830} INFO - Processing file /home/airflow/.local/lib/python3.8/site-packages/airflow/example_dags/example_branch_labels.py for tasks to queue
[2024-09-14T03:29:59.200+0000] {logging_mixin.py:188} INFO - [2024-09-14T03:29:59.199+0000] {dagbag.py:538} INFO - Filling up the DagBag from /home/airflow/.local/lib/python3.8/site-packages/airflow/example_dags/example_branch_labels.py
[2024-09-14T03:29:59.205+0000] {processor.py:840} INFO - DAG(s) 'example_branch_labels' retrieved from /home/airflow/.local/lib/python3.8/site-packages/airflow/example_dags/example_branch_labels.py
[2024-09-14T03:29:59.218+0000] {logging_mixin.py:188} INFO - [2024-09-14T03:29:59.218+0000] {dag.py:3036} INFO - Sync 1 DAGs
[2024-09-14T03:29:59.230+0000] {logging_mixin.py:188} INFO - [2024-09-14T03:29:59.230+0000] {dag.py:3823} INFO - Setting next_dagrun for example_branch_labels to 2024-09-13 00:00:00+00:00, run_after=2024-09-14 00:00:00+00:00
[2024-09-14T03:29:59.239+0000] {processor.py:183} INFO - Processing /home/airflow/.local/lib/python3.8/site-packages/airflow/example_dags/example_branch_labels.py took 0.043 seconds
[2024-09-14T03:30:29.955+0000] {processor.py:161} INFO - Started process (PID=1219) to work on /home/airflow/.local/lib/python3.8/site-packages/airflow/example_dags/example_branch_labels.py
[2024-09-14T03:30:29.956+0000] {processor.py:830} INFO - Processing file /home/airflow/.local/lib/python3.8/site-packages/airflow/example_dags/example_branch_labels.py for tasks to queue
[2024-09-14T03:30:29.956+0000] {logging_mixin.py:188} INFO - [2024-09-14T03:30:29.956+0000] {dagbag.py:538} INFO - Filling up the DagBag from /home/airflow/.local/lib/python3.8/site-packages/airflow/example_dags/example_branch_labels.py
[2024-09-14T03:30:29.961+0000] {processor.py:840} INFO - DAG(s) 'example_branch_labels' retrieved from /home/airflow/.local/lib/python3.8/site-packages/airflow/example_dags/example_branch_labels.py
[2024-09-14T03:30:29.977+0000] {logging_mixin.py:188} INFO - [2024-09-14T03:30:29.977+0000] {dag.py:3036} INFO - Sync 1 DAGs
[2024-09-14T03:30:29.992+0000] {logging_mixin.py:188} INFO - [2024-09-14T03:30:29.992+0000] {dag.py:3823} INFO - Setting next_dagrun for example_branch_labels to 2024-09-13 00:00:00+00:00, run_after=2024-09-14 00:00:00+00:00
[2024-09-14T03:30:30.001+0000] {processor.py:183} INFO - Processing /home/airflow/.local/lib/python3.8/site-packages/airflow/example_dags/example_branch_labels.py took 0.049 seconds
[2024-09-14T03:31:00.670+0000] {processor.py:161} INFO - Started process (PID=1466) to work on /home/airflow/.local/lib/python3.8/site-packages/airflow/example_dags/example_branch_labels.py
[2024-09-14T03:31:00.671+0000] {processor.py:830} INFO - Processing file /home/airflow/.local/lib/python3.8/site-packages/airflow/example_dags/example_branch_labels.py for tasks to queue
[2024-09-14T03:31:00.671+0000] {logging_mixin.py:188} INFO - [2024-09-14T03:31:00.671+0000] {dagbag.py:538} INFO - Filling up the DagBag from /home/airflow/.local/lib/python3.8/site-packages/airflow/example_dags/example_branch_labels.py
[2024-09-14T03:31:00.676+0000] {processor.py:840} INFO - DAG(s) 'example_branch_labels' retrieved from /home/airflow/.local/lib/python3.8/site-packages/airflow/example_dags/example_branch_labels.py
[2024-09-14T03:31:00.690+0000] {logging_mixin.py:188} INFO - [2024-09-14T03:31:00.690+0000] {dag.py:3036} INFO - Sync 1 DAGs
[2024-09-14T03:31:00.703+0000] {logging_mixin.py:188} INFO - [2024-09-14T03:31:00.703+0000] {dag.py:3823} INFO - Setting next_dagrun for example_branch_labels to 2024-09-13 00:00:00+00:00, run_after=2024-09-14 00:00:00+00:00
[2024-09-14T03:31:00.714+0000] {processor.py:183} INFO - Processing /home/airflow/.local/lib/python3.8/site-packages/airflow/example_dags/example_branch_labels.py took 0.047 seconds
[2024-09-14T03:31:31.505+0000] {processor.py:161} INFO - Started process (PID=1713) to work on /home/airflow/.local/lib/python3.8/site-packages/airflow/example_dags/example_branch_labels.py
[2024-09-14T03:31:31.506+0000] {processor.py:830} INFO - Processing file /home/airflow/.local/lib/python3.8/site-packages/airflow/example_dags/example_branch_labels.py for tasks to queue
[2024-09-14T03:31:31.506+0000] {logging_mixin.py:188} INFO - [2024-09-14T03:31:31.506+0000] {dagbag.py:538} INFO - Filling up the DagBag from /home/airflow/.local/lib/python3.8/site-packages/airflow/example_dags/example_branch_labels.py
[2024-09-14T03:31:31.511+0000] {processor.py:840} INFO - DAG(s) 'example_branch_labels' retrieved from /home/airflow/.local/lib/python3.8/site-packages/airflow/example_dags/example_branch_labels.py
[2024-09-14T03:31:31.524+0000] {logging_mixin.py:188} INFO - [2024-09-14T03:31:31.523+0000] {dag.py:3036} INFO - Sync 1 DAGs
[2024-09-14T03:31:31.535+0000] {logging_mixin.py:188} INFO - [2024-09-14T03:31:31.535+0000] {dag.py:3823} INFO - Setting next_dagrun for example_branch_labels to 2024-09-13 00:00:00+00:00, run_after=2024-09-14 00:00:00+00:00
[2024-09-14T03:31:31.546+0000] {processor.py:183} INFO - Processing /home/airflow/.local/lib/python3.8/site-packages/airflow/example_dags/example_branch_labels.py took 0.043 seconds
[2024-09-14T03:32:02.427+0000] {processor.py:161} INFO - Started process (PID=1962) to work on /home/airflow/.local/lib/python3.8/site-packages/airflow/example_dags/example_branch_labels.py
[2024-09-14T03:32:02.428+0000] {processor.py:830} INFO - Processing file /home/airflow/.local/lib/python3.8/site-packages/airflow/example_dags/example_branch_labels.py for tasks to queue
[2024-09-14T03:32:02.429+0000] {logging_mixin.py:188} INFO - [2024-09-14T03:32:02.428+0000] {dagbag.py:538} INFO - Filling up the DagBag from /home/airflow/.local/lib/python3.8/site-packages/airflow/example_dags/example_branch_labels.py
[2024-09-14T03:32:02.433+0000] {processor.py:840} INFO - DAG(s) 'example_branch_labels' retrieved from /home/airflow/.local/lib/python3.8/site-packages/airflow/example_dags/example_branch_labels.py
[2024-09-14T03:32:02.447+0000] {logging_mixin.py:188} INFO - [2024-09-14T03:32:02.446+0000] {dag.py:3036} INFO - Sync 1 DAGs
[2024-09-14T03:32:02.459+0000] {logging_mixin.py:188} INFO - [2024-09-14T03:32:02.459+0000] {dag.py:3823} INFO - Setting next_dagrun for example_branch_labels to 2024-09-13 00:00:00+00:00, run_after=2024-09-14 00:00:00+00:00
[2024-09-14T03:32:02.473+0000] {processor.py:183} INFO - Processing /home/airflow/.local/lib/python3.8/site-packages/airflow/example_dags/example_branch_labels.py took 0.047 seconds
[2024-09-14T03:32:33.073+0000] {processor.py:161} INFO - Started process (PID=2207) to work on /home/airflow/.local/lib/python3.8/site-packages/airflow/example_dags/example_branch_labels.py
[2024-09-14T03:32:33.074+0000] {processor.py:830} INFO - Processing file /home/airflow/.local/lib/python3.8/site-packages/airflow/example_dags/example_branch_labels.py for tasks to queue
[2024-09-14T03:32:33.075+0000] {logging_mixin.py:188} INFO - [2024-09-14T03:32:33.074+0000] {dagbag.py:538} INFO - Filling up the DagBag from /home/airflow/.local/lib/python3.8/site-packages/airflow/example_dags/example_branch_labels.py
[2024-09-14T03:32:33.079+0000] {processor.py:840} INFO - DAG(s) 'example_branch_labels' retrieved from /home/airflow/.local/lib/python3.8/site-packages/airflow/example_dags/example_branch_labels.py
[2024-09-14T03:32:33.092+0000] {logging_mixin.py:188} INFO - [2024-09-14T03:32:33.092+0000] {dag.py:3036} INFO - Sync 1 DAGs
[2024-09-14T03:32:33.106+0000] {logging_mixin.py:188} INFO - [2024-09-14T03:32:33.106+0000] {dag.py:3823} INFO - Setting next_dagrun for example_branch_labels to 2024-09-13 00:00:00+00:00, run_after=2024-09-14 00:00:00+00:00
[2024-09-14T03:32:33.115+0000] {processor.py:183} INFO - Processing /home/airflow/.local/lib/python3.8/site-packages/airflow/example_dags/example_branch_labels.py took 0.045 seconds
[2024-09-14T03:33:03.910+0000] {processor.py:161} INFO - Started process (PID=2456) to work on /home/airflow/.local/lib/python3.8/site-packages/airflow/example_dags/example_branch_labels.py
[2024-09-14T03:33:03.911+0000] {processor.py:830} INFO - Processing file /home/airflow/.local/lib/python3.8/site-packages/airflow/example_dags/example_branch_labels.py for tasks to queue
[2024-09-14T03:33:03.911+0000] {logging_mixin.py:188} INFO - [2024-09-14T03:33:03.911+0000] {dagbag.py:538} INFO - Filling up the DagBag from /home/airflow/.local/lib/python3.8/site-packages/airflow/example_dags/example_branch_labels.py
[2024-09-14T03:33:03.916+0000] {processor.py:840} INFO - DAG(s) 'example_branch_labels' retrieved from /home/airflow/.local/lib/python3.8/site-packages/airflow/example_dags/example_branch_labels.py
[2024-09-14T03:33:03.928+0000] {logging_mixin.py:188} INFO - [2024-09-14T03:33:03.928+0000] {dag.py:3036} INFO - Sync 1 DAGs
[2024-09-14T03:33:03.940+0000] {logging_mixin.py:188} INFO - [2024-09-14T03:33:03.940+0000] {dag.py:3823} INFO - Setting next_dagrun for example_branch_labels to 2024-09-13 00:00:00+00:00, run_after=2024-09-14 00:00:00+00:00
[2024-09-14T03:33:03.948+0000] {processor.py:183} INFO - Processing /home/airflow/.local/lib/python3.8/site-packages/airflow/example_dags/example_branch_labels.py took 0.041 seconds
[2024-09-14T03:33:34.544+0000] {processor.py:161} INFO - Started process (PID=2701) to work on /home/airflow/.local/lib/python3.8/site-packages/airflow/example_dags/example_branch_labels.py
[2024-09-14T03:33:34.545+0000] {processor.py:830} INFO - Processing file /home/airflow/.local/lib/python3.8/site-packages/airflow/example_dags/example_branch_labels.py for tasks to queue
[2024-09-14T03:33:34.545+0000] {logging_mixin.py:188} INFO - [2024-09-14T03:33:34.545+0000] {dagbag.py:538} INFO - Filling up the DagBag from /home/airflow/.local/lib/python3.8/site-packages/airflow/example_dags/example_branch_labels.py
[2024-09-14T03:33:34.549+0000] {processor.py:840} INFO - DAG(s) 'example_branch_labels' retrieved from /home/airflow/.local/lib/python3.8/site-packages/airflow/example_dags/example_branch_labels.py
[2024-09-14T03:33:34.562+0000] {logging_mixin.py:188} INFO - [2024-09-14T03:33:34.562+0000] {dag.py:3036} INFO - Sync 1 DAGs
[2024-09-14T03:33:34.575+0000] {logging_mixin.py:188} INFO - [2024-09-14T03:33:34.575+0000] {dag.py:3823} INFO - Setting next_dagrun for example_branch_labels to 2024-09-13 00:00:00+00:00, run_after=2024-09-14 00:00:00+00:00
[2024-09-14T03:33:34.627+0000] {processor.py:183} INFO - Processing /home/airflow/.local/lib/python3.8/site-packages/airflow/example_dags/example_branch_labels.py took 0.085 seconds
[2024-09-14T03:34:05.405+0000] {processor.py:161} INFO - Started process (PID=2950) to work on /home/airflow/.local/lib/python3.8/site-packages/airflow/example_dags/example_branch_labels.py
[2024-09-14T03:34:05.406+0000] {processor.py:830} INFO - Processing file /home/airflow/.local/lib/python3.8/site-packages/airflow/example_dags/example_branch_labels.py for tasks to queue
[2024-09-14T03:34:05.407+0000] {logging_mixin.py:188} INFO - [2024-09-14T03:34:05.407+0000] {dagbag.py:538} INFO - Filling up the DagBag from /home/airflow/.local/lib/python3.8/site-packages/airflow/example_dags/example_branch_labels.py
[2024-09-14T03:34:05.412+0000] {processor.py:840} INFO - DAG(s) 'example_branch_labels' retrieved from /home/airflow/.local/lib/python3.8/site-packages/airflow/example_dags/example_branch_labels.py
[2024-09-14T03:34:05.426+0000] {logging_mixin.py:188} INFO - [2024-09-14T03:34:05.425+0000] {dag.py:3036} INFO - Sync 1 DAGs
[2024-09-14T03:34:05.438+0000] {logging_mixin.py:188} INFO - [2024-09-14T03:34:05.438+0000] {dag.py:3823} INFO - Setting next_dagrun for example_branch_labels to 2024-09-13 00:00:00+00:00, run_after=2024-09-14 00:00:00+00:00
[2024-09-14T03:34:05.447+0000] {processor.py:183} INFO - Processing /home/airflow/.local/lib/python3.8/site-packages/airflow/example_dags/example_branch_labels.py took 0.043 seconds
[2024-09-14T03:34:47.616+0000] {processor.py:161} INFO - Started process (PID=3189) to work on /home/airflow/.local/lib/python3.8/site-packages/airflow/example_dags/example_branch_labels.py
[2024-09-14T03:34:47.617+0000] {processor.py:830} INFO - Processing file /home/airflow/.local/lib/python3.8/site-packages/airflow/example_dags/example_branch_labels.py for tasks to queue
[2024-09-14T03:34:47.618+0000] {logging_mixin.py:188} INFO - [2024-09-14T03:34:47.617+0000] {dagbag.py:538} INFO - Filling up the DagBag from /home/airflow/.local/lib/python3.8/site-packages/airflow/example_dags/example_branch_labels.py
[2024-09-14T03:34:47.622+0000] {processor.py:840} INFO - DAG(s) 'example_branch_labels' retrieved from /home/airflow/.local/lib/python3.8/site-packages/airflow/example_dags/example_branch_labels.py
[2024-09-14T03:34:47.641+0000] {logging_mixin.py:188} INFO - [2024-09-14T03:34:47.640+0000] {dag.py:3036} INFO - Sync 1 DAGs
[2024-09-14T03:34:47.654+0000] {logging_mixin.py:188} INFO - [2024-09-14T03:34:47.654+0000] {dag.py:3823} INFO - Setting next_dagrun for example_branch_labels to 2024-09-13 00:00:00+00:00, run_after=2024-09-14 00:00:00+00:00
[2024-09-14T03:34:47.666+0000] {processor.py:183} INFO - Processing /home/airflow/.local/lib/python3.8/site-packages/airflow/example_dags/example_branch_labels.py took 0.052 seconds
[2024-09-14T03:38:41.809+0000] {processor.py:161} INFO - Started process (PID=3447) to work on /home/airflow/.local/lib/python3.8/site-packages/airflow/example_dags/example_branch_labels.py
[2024-09-14T03:38:41.810+0000] {processor.py:830} INFO - Processing file /home/airflow/.local/lib/python3.8/site-packages/airflow/example_dags/example_branch_labels.py for tasks to queue
[2024-09-14T03:38:41.810+0000] {logging_mixin.py:188} INFO - [2024-09-14T03:38:41.810+0000] {dagbag.py:538} INFO - Filling up the DagBag from /home/airflow/.local/lib/python3.8/site-packages/airflow/example_dags/example_branch_labels.py
[2024-09-14T03:38:41.817+0000] {processor.py:840} INFO - DAG(s) 'example_branch_labels' retrieved from /home/airflow/.local/lib/python3.8/site-packages/airflow/example_dags/example_branch_labels.py
[2024-09-14T03:38:41.830+0000] {logging_mixin.py:188} INFO - [2024-09-14T03:38:41.830+0000] {dag.py:3036} INFO - Sync 1 DAGs
[2024-09-14T03:38:41.844+0000] {logging_mixin.py:188} INFO - [2024-09-14T03:38:41.844+0000] {dag.py:3823} INFO - Setting next_dagrun for example_branch_labels to 2024-09-13 00:00:00+00:00, run_after=2024-09-14 00:00:00+00:00
[2024-09-14T03:38:41.856+0000] {processor.py:183} INFO - Processing /home/airflow/.local/lib/python3.8/site-packages/airflow/example_dags/example_branch_labels.py took 0.050 seconds
[2024-09-14T03:39:12.012+0000] {processor.py:161} INFO - Started process (PID=3692) to work on /home/airflow/.local/lib/python3.8/site-packages/airflow/example_dags/example_branch_labels.py
[2024-09-14T03:39:12.013+0000] {processor.py:830} INFO - Processing file /home/airflow/.local/lib/python3.8/site-packages/airflow/example_dags/example_branch_labels.py for tasks to queue
[2024-09-14T03:39:12.013+0000] {logging_mixin.py:188} INFO - [2024-09-14T03:39:12.013+0000] {dagbag.py:538} INFO - Filling up the DagBag from /home/airflow/.local/lib/python3.8/site-packages/airflow/example_dags/example_branch_labels.py
[2024-09-14T03:39:12.018+0000] {processor.py:840} INFO - DAG(s) 'example_branch_labels' retrieved from /home/airflow/.local/lib/python3.8/site-packages/airflow/example_dags/example_branch_labels.py
[2024-09-14T03:39:12.033+0000] {logging_mixin.py:188} INFO - [2024-09-14T03:39:12.033+0000] {dag.py:3036} INFO - Sync 1 DAGs
[2024-09-14T03:39:12.048+0000] {logging_mixin.py:188} INFO - [2024-09-14T03:39:12.048+0000] {dag.py:3823} INFO - Setting next_dagrun for example_branch_labels to 2024-09-13 00:00:00+00:00, run_after=2024-09-14 00:00:00+00:00
[2024-09-14T03:39:12.059+0000] {processor.py:183} INFO - Processing /home/airflow/.local/lib/python3.8/site-packages/airflow/example_dags/example_branch_labels.py took 0.050 seconds
[2024-09-14T03:39:42.921+0000] {processor.py:161} INFO - Started process (PID=3939) to work on /home/airflow/.local/lib/python3.8/site-packages/airflow/example_dags/example_branch_labels.py
[2024-09-14T03:39:42.921+0000] {processor.py:830} INFO - Processing file /home/airflow/.local/lib/python3.8/site-packages/airflow/example_dags/example_branch_labels.py for tasks to queue
[2024-09-14T03:39:42.922+0000] {logging_mixin.py:188} INFO - [2024-09-14T03:39:42.922+0000] {dagbag.py:538} INFO - Filling up the DagBag from /home/airflow/.local/lib/python3.8/site-packages/airflow/example_dags/example_branch_labels.py
[2024-09-14T03:39:42.927+0000] {processor.py:840} INFO - DAG(s) 'example_branch_labels' retrieved from /home/airflow/.local/lib/python3.8/site-packages/airflow/example_dags/example_branch_labels.py
[2024-09-14T03:39:42.948+0000] {logging_mixin.py:188} INFO - [2024-09-14T03:39:42.948+0000] {dag.py:3036} INFO - Sync 1 DAGs
[2024-09-14T03:39:42.964+0000] {logging_mixin.py:188} INFO - [2024-09-14T03:39:42.964+0000] {dag.py:3823} INFO - Setting next_dagrun for example_branch_labels to 2024-09-13 00:00:00+00:00, run_after=2024-09-14 00:00:00+00:00
[2024-09-14T03:39:42.980+0000] {processor.py:183} INFO - Processing /home/airflow/.local/lib/python3.8/site-packages/airflow/example_dags/example_branch_labels.py took 0.061 seconds
[2024-09-14T03:40:13.744+0000] {processor.py:161} INFO - Started process (PID=4186) to work on /home/airflow/.local/lib/python3.8/site-packages/airflow/example_dags/example_branch_labels.py
[2024-09-14T03:40:13.745+0000] {processor.py:830} INFO - Processing file /home/airflow/.local/lib/python3.8/site-packages/airflow/example_dags/example_branch_labels.py for tasks to queue
[2024-09-14T03:40:13.746+0000] {logging_mixin.py:188} INFO - [2024-09-14T03:40:13.745+0000] {dagbag.py:538} INFO - Filling up the DagBag from /home/airflow/.local/lib/python3.8/site-packages/airflow/example_dags/example_branch_labels.py
[2024-09-14T03:40:13.750+0000] {processor.py:840} INFO - DAG(s) 'example_branch_labels' retrieved from /home/airflow/.local/lib/python3.8/site-packages/airflow/example_dags/example_branch_labels.py
[2024-09-14T03:40:13.763+0000] {logging_mixin.py:188} INFO - [2024-09-14T03:40:13.763+0000] {dag.py:3036} INFO - Sync 1 DAGs
[2024-09-14T03:40:13.776+0000] {logging_mixin.py:188} INFO - [2024-09-14T03:40:13.776+0000] {dag.py:3823} INFO - Setting next_dagrun for example_branch_labels to 2024-09-13 00:00:00+00:00, run_after=2024-09-14 00:00:00+00:00
[2024-09-14T03:40:13.786+0000] {processor.py:183} INFO - Processing /home/airflow/.local/lib/python3.8/site-packages/airflow/example_dags/example_branch_labels.py took 0.045 seconds
[2024-09-14T03:40:44.522+0000] {processor.py:161} INFO - Started process (PID=4433) to work on /home/airflow/.local/lib/python3.8/site-packages/airflow/example_dags/example_branch_labels.py
[2024-09-14T03:40:44.523+0000] {processor.py:830} INFO - Processing file /home/airflow/.local/lib/python3.8/site-packages/airflow/example_dags/example_branch_labels.py for tasks to queue
[2024-09-14T03:40:44.524+0000] {logging_mixin.py:188} INFO - [2024-09-14T03:40:44.523+0000] {dagbag.py:538} INFO - Filling up the DagBag from /home/airflow/.local/lib/python3.8/site-packages/airflow/example_dags/example_branch_labels.py
[2024-09-14T03:40:44.528+0000] {processor.py:840} INFO - DAG(s) 'example_branch_labels' retrieved from /home/airflow/.local/lib/python3.8/site-packages/airflow/example_dags/example_branch_labels.py
[2024-09-14T03:40:44.541+0000] {logging_mixin.py:188} INFO - [2024-09-14T03:40:44.541+0000] {dag.py:3036} INFO - Sync 1 DAGs
[2024-09-14T03:40:44.554+0000] {logging_mixin.py:188} INFO - [2024-09-14T03:40:44.554+0000] {dag.py:3823} INFO - Setting next_dagrun for example_branch_labels to 2024-09-13 00:00:00+00:00, run_after=2024-09-14 00:00:00+00:00
[2024-09-14T03:40:44.564+0000] {processor.py:183} INFO - Processing /home/airflow/.local/lib/python3.8/site-packages/airflow/example_dags/example_branch_labels.py took 0.044 seconds
[2024-09-14T03:41:15.251+0000] {processor.py:161} INFO - Started process (PID=4680) to work on /home/airflow/.local/lib/python3.8/site-packages/airflow/example_dags/example_branch_labels.py
[2024-09-14T03:41:15.252+0000] {processor.py:830} INFO - Processing file /home/airflow/.local/lib/python3.8/site-packages/airflow/example_dags/example_branch_labels.py for tasks to queue
[2024-09-14T03:41:15.253+0000] {logging_mixin.py:188} INFO - [2024-09-14T03:41:15.253+0000] {dagbag.py:538} INFO - Filling up the DagBag from /home/airflow/.local/lib/python3.8/site-packages/airflow/example_dags/example_branch_labels.py
[2024-09-14T03:41:15.258+0000] {processor.py:840} INFO - DAG(s) 'example_branch_labels' retrieved from /home/airflow/.local/lib/python3.8/site-packages/airflow/example_dags/example_branch_labels.py
[2024-09-14T03:41:15.270+0000] {logging_mixin.py:188} INFO - [2024-09-14T03:41:15.270+0000] {dag.py:3036} INFO - Sync 1 DAGs
[2024-09-14T03:41:15.282+0000] {logging_mixin.py:188} INFO - [2024-09-14T03:41:15.282+0000] {dag.py:3823} INFO - Setting next_dagrun for example_branch_labels to 2024-09-13 00:00:00+00:00, run_after=2024-09-14 00:00:00+00:00
[2024-09-14T03:41:15.293+0000] {processor.py:183} INFO - Processing /home/airflow/.local/lib/python3.8/site-packages/airflow/example_dags/example_branch_labels.py took 0.043 seconds
[2024-09-14T03:41:45.938+0000] {processor.py:161} INFO - Started process (PID=4927) to work on /home/airflow/.local/lib/python3.8/site-packages/airflow/example_dags/example_branch_labels.py
[2024-09-14T03:41:45.939+0000] {processor.py:830} INFO - Processing file /home/airflow/.local/lib/python3.8/site-packages/airflow/example_dags/example_branch_labels.py for tasks to queue
[2024-09-14T03:41:45.939+0000] {logging_mixin.py:188} INFO - [2024-09-14T03:41:45.939+0000] {dagbag.py:538} INFO - Filling up the DagBag from /home/airflow/.local/lib/python3.8/site-packages/airflow/example_dags/example_branch_labels.py
[2024-09-14T03:41:45.944+0000] {processor.py:840} INFO - DAG(s) 'example_branch_labels' retrieved from /home/airflow/.local/lib/python3.8/site-packages/airflow/example_dags/example_branch_labels.py
[2024-09-14T03:41:45.957+0000] {logging_mixin.py:188} INFO - [2024-09-14T03:41:45.957+0000] {dag.py:3036} INFO - Sync 1 DAGs
[2024-09-14T03:41:45.970+0000] {logging_mixin.py:188} INFO - [2024-09-14T03:41:45.970+0000] {dag.py:3823} INFO - Setting next_dagrun for example_branch_labels to 2024-09-13 00:00:00+00:00, run_after=2024-09-14 00:00:00+00:00
[2024-09-14T03:41:45.979+0000] {processor.py:183} INFO - Processing /home/airflow/.local/lib/python3.8/site-packages/airflow/example_dags/example_branch_labels.py took 0.044 seconds
[2024-09-14T03:42:16.264+0000] {processor.py:161} INFO - Started process (PID=5174) to work on /home/airflow/.local/lib/python3.8/site-packages/airflow/example_dags/example_branch_labels.py
[2024-09-14T03:42:16.265+0000] {processor.py:830} INFO - Processing file /home/airflow/.local/lib/python3.8/site-packages/airflow/example_dags/example_branch_labels.py for tasks to queue
[2024-09-14T03:42:16.265+0000] {logging_mixin.py:188} INFO - [2024-09-14T03:42:16.265+0000] {dagbag.py:538} INFO - Filling up the DagBag from /home/airflow/.local/lib/python3.8/site-packages/airflow/example_dags/example_branch_labels.py
[2024-09-14T03:42:16.270+0000] {processor.py:840} INFO - DAG(s) 'example_branch_labels' retrieved from /home/airflow/.local/lib/python3.8/site-packages/airflow/example_dags/example_branch_labels.py
[2024-09-14T03:42:16.283+0000] {logging_mixin.py:188} INFO - [2024-09-14T03:42:16.283+0000] {dag.py:3036} INFO - Sync 1 DAGs
[2024-09-14T03:42:16.295+0000] {logging_mixin.py:188} INFO - [2024-09-14T03:42:16.295+0000] {dag.py:3823} INFO - Setting next_dagrun for example_branch_labels to 2024-09-13 00:00:00+00:00, run_after=2024-09-14 00:00:00+00:00
[2024-09-14T03:42:16.305+0000] {processor.py:183} INFO - Processing /home/airflow/.local/lib/python3.8/site-packages/airflow/example_dags/example_branch_labels.py took 0.043 seconds
[2024-09-14T03:42:47.052+0000] {processor.py:161} INFO - Started process (PID=5421) to work on /home/airflow/.local/lib/python3.8/site-packages/airflow/example_dags/example_branch_labels.py
[2024-09-14T03:42:47.052+0000] {processor.py:830} INFO - Processing file /home/airflow/.local/lib/python3.8/site-packages/airflow/example_dags/example_branch_labels.py for tasks to queue
[2024-09-14T03:42:47.053+0000] {logging_mixin.py:188} INFO - [2024-09-14T03:42:47.053+0000] {dagbag.py:538} INFO - Filling up the DagBag from /home/airflow/.local/lib/python3.8/site-packages/airflow/example_dags/example_branch_labels.py
[2024-09-14T03:42:47.058+0000] {processor.py:840} INFO - DAG(s) 'example_branch_labels' retrieved from /home/airflow/.local/lib/python3.8/site-packages/airflow/example_dags/example_branch_labels.py
[2024-09-14T03:42:47.072+0000] {logging_mixin.py:188} INFO - [2024-09-14T03:42:47.071+0000] {dag.py:3036} INFO - Sync 1 DAGs
[2024-09-14T03:42:47.085+0000] {logging_mixin.py:188} INFO - [2024-09-14T03:42:47.085+0000] {dag.py:3823} INFO - Setting next_dagrun for example_branch_labels to 2024-09-13 00:00:00+00:00, run_after=2024-09-14 00:00:00+00:00
[2024-09-14T03:42:47.098+0000] {processor.py:183} INFO - Processing /home/airflow/.local/lib/python3.8/site-packages/airflow/example_dags/example_branch_labels.py took 0.048 seconds
[2024-09-14T03:43:17.619+0000] {processor.py:161} INFO - Started process (PID=5668) to work on /home/airflow/.local/lib/python3.8/site-packages/airflow/example_dags/example_branch_labels.py
[2024-09-14T03:43:17.620+0000] {processor.py:830} INFO - Processing file /home/airflow/.local/lib/python3.8/site-packages/airflow/example_dags/example_branch_labels.py for tasks to queue
[2024-09-14T03:43:17.622+0000] {logging_mixin.py:188} INFO - [2024-09-14T03:43:17.621+0000] {dagbag.py:538} INFO - Filling up the DagBag from /home/airflow/.local/lib/python3.8/site-packages/airflow/example_dags/example_branch_labels.py
[2024-09-14T03:43:17.628+0000] {processor.py:840} INFO - DAG(s) 'example_branch_labels' retrieved from /home/airflow/.local/lib/python3.8/site-packages/airflow/example_dags/example_branch_labels.py
[2024-09-14T03:43:17.644+0000] {logging_mixin.py:188} INFO - [2024-09-14T03:43:17.644+0000] {dag.py:3036} INFO - Sync 1 DAGs
[2024-09-14T03:43:17.659+0000] {logging_mixin.py:188} INFO - [2024-09-14T03:43:17.659+0000] {dag.py:3823} INFO - Setting next_dagrun for example_branch_labels to 2024-09-13 00:00:00+00:00, run_after=2024-09-14 00:00:00+00:00
[2024-09-14T03:43:17.670+0000] {processor.py:183} INFO - Processing /home/airflow/.local/lib/python3.8/site-packages/airflow/example_dags/example_branch_labels.py took 0.055 seconds
[2024-09-14T03:43:47.732+0000] {processor.py:161} INFO - Started process (PID=5915) to work on /home/airflow/.local/lib/python3.8/site-packages/airflow/example_dags/example_branch_labels.py
[2024-09-14T03:43:47.733+0000] {processor.py:830} INFO - Processing file /home/airflow/.local/lib/python3.8/site-packages/airflow/example_dags/example_branch_labels.py for tasks to queue
[2024-09-14T03:43:47.734+0000] {logging_mixin.py:188} INFO - [2024-09-14T03:43:47.734+0000] {dagbag.py:538} INFO - Filling up the DagBag from /home/airflow/.local/lib/python3.8/site-packages/airflow/example_dags/example_branch_labels.py
[2024-09-14T03:43:47.745+0000] {processor.py:840} INFO - DAG(s) 'example_branch_labels' retrieved from /home/airflow/.local/lib/python3.8/site-packages/airflow/example_dags/example_branch_labels.py
[2024-09-14T03:43:47.759+0000] {logging_mixin.py:188} INFO - [2024-09-14T03:43:47.759+0000] {dag.py:3036} INFO - Sync 1 DAGs
[2024-09-14T03:43:47.771+0000] {logging_mixin.py:188} INFO - [2024-09-14T03:43:47.770+0000] {dag.py:3823} INFO - Setting next_dagrun for example_branch_labels to 2024-09-13 00:00:00+00:00, run_after=2024-09-14 00:00:00+00:00
[2024-09-14T03:43:47.780+0000] {processor.py:183} INFO - Processing /home/airflow/.local/lib/python3.8/site-packages/airflow/example_dags/example_branch_labels.py took 0.054 seconds
[2024-09-14T03:44:18.091+0000] {processor.py:161} INFO - Started process (PID=6162) to work on /home/airflow/.local/lib/python3.8/site-packages/airflow/example_dags/example_branch_labels.py
[2024-09-14T03:44:18.092+0000] {processor.py:830} INFO - Processing file /home/airflow/.local/lib/python3.8/site-packages/airflow/example_dags/example_branch_labels.py for tasks to queue
[2024-09-14T03:44:18.093+0000] {logging_mixin.py:188} INFO - [2024-09-14T03:44:18.093+0000] {dagbag.py:538} INFO - Filling up the DagBag from /home/airflow/.local/lib/python3.8/site-packages/airflow/example_dags/example_branch_labels.py
[2024-09-14T03:44:18.098+0000] {processor.py:840} INFO - DAG(s) 'example_branch_labels' retrieved from /home/airflow/.local/lib/python3.8/site-packages/airflow/example_dags/example_branch_labels.py
[2024-09-14T03:44:18.111+0000] {logging_mixin.py:188} INFO - [2024-09-14T03:44:18.111+0000] {dag.py:3036} INFO - Sync 1 DAGs
[2024-09-14T03:44:18.125+0000] {logging_mixin.py:188} INFO - [2024-09-14T03:44:18.125+0000] {dag.py:3823} INFO - Setting next_dagrun for example_branch_labels to 2024-09-13 00:00:00+00:00, run_after=2024-09-14 00:00:00+00:00
[2024-09-14T03:44:18.135+0000] {processor.py:183} INFO - Processing /home/airflow/.local/lib/python3.8/site-packages/airflow/example_dags/example_branch_labels.py took 0.046 seconds
[2024-09-14T03:44:48.901+0000] {processor.py:161} INFO - Started process (PID=6409) to work on /home/airflow/.local/lib/python3.8/site-packages/airflow/example_dags/example_branch_labels.py
[2024-09-14T03:44:48.901+0000] {processor.py:830} INFO - Processing file /home/airflow/.local/lib/python3.8/site-packages/airflow/example_dags/example_branch_labels.py for tasks to queue
[2024-09-14T03:44:48.902+0000] {logging_mixin.py:188} INFO - [2024-09-14T03:44:48.902+0000] {dagbag.py:538} INFO - Filling up the DagBag from /home/airflow/.local/lib/python3.8/site-packages/airflow/example_dags/example_branch_labels.py
[2024-09-14T03:44:48.907+0000] {processor.py:840} INFO - DAG(s) 'example_branch_labels' retrieved from /home/airflow/.local/lib/python3.8/site-packages/airflow/example_dags/example_branch_labels.py
[2024-09-14T03:44:48.922+0000] {logging_mixin.py:188} INFO - [2024-09-14T03:44:48.921+0000] {dag.py:3036} INFO - Sync 1 DAGs
[2024-09-14T03:44:48.937+0000] {logging_mixin.py:188} INFO - [2024-09-14T03:44:48.937+0000] {dag.py:3823} INFO - Setting next_dagrun for example_branch_labels to 2024-09-13 00:00:00+00:00, run_after=2024-09-14 00:00:00+00:00
[2024-09-14T03:44:48.948+0000] {processor.py:183} INFO - Processing /home/airflow/.local/lib/python3.8/site-packages/airflow/example_dags/example_branch_labels.py took 0.049 seconds
[2024-09-14T03:45:18.970+0000] {processor.py:161} INFO - Started process (PID=6656) to work on /home/airflow/.local/lib/python3.8/site-packages/airflow/example_dags/example_branch_labels.py
[2024-09-14T03:45:18.971+0000] {processor.py:830} INFO - Processing file /home/airflow/.local/lib/python3.8/site-packages/airflow/example_dags/example_branch_labels.py for tasks to queue
[2024-09-14T03:45:18.972+0000] {logging_mixin.py:188} INFO - [2024-09-14T03:45:18.971+0000] {dagbag.py:538} INFO - Filling up the DagBag from /home/airflow/.local/lib/python3.8/site-packages/airflow/example_dags/example_branch_labels.py
[2024-09-14T03:45:18.976+0000] {processor.py:840} INFO - DAG(s) 'example_branch_labels' retrieved from /home/airflow/.local/lib/python3.8/site-packages/airflow/example_dags/example_branch_labels.py
[2024-09-14T03:45:19.011+0000] {logging_mixin.py:188} INFO - [2024-09-14T03:45:19.011+0000] {dag.py:3036} INFO - Sync 1 DAGs
[2024-09-14T03:45:19.036+0000] {logging_mixin.py:188} INFO - [2024-09-14T03:45:19.036+0000] {dag.py:3823} INFO - Setting next_dagrun for example_branch_labels to 2024-09-13 00:00:00+00:00, run_after=2024-09-14 00:00:00+00:00
[2024-09-14T03:45:19.081+0000] {processor.py:183} INFO - Processing /home/airflow/.local/lib/python3.8/site-packages/airflow/example_dags/example_branch_labels.py took 0.113 seconds
[2024-09-14T03:45:49.238+0000] {processor.py:161} INFO - Started process (PID=6903) to work on /home/airflow/.local/lib/python3.8/site-packages/airflow/example_dags/example_branch_labels.py
[2024-09-14T03:45:49.238+0000] {processor.py:830} INFO - Processing file /home/airflow/.local/lib/python3.8/site-packages/airflow/example_dags/example_branch_labels.py for tasks to queue
[2024-09-14T03:45:49.239+0000] {logging_mixin.py:188} INFO - [2024-09-14T03:45:49.239+0000] {dagbag.py:538} INFO - Filling up the DagBag from /home/airflow/.local/lib/python3.8/site-packages/airflow/example_dags/example_branch_labels.py
[2024-09-14T03:45:49.244+0000] {processor.py:840} INFO - DAG(s) 'example_branch_labels' retrieved from /home/airflow/.local/lib/python3.8/site-packages/airflow/example_dags/example_branch_labels.py
[2024-09-14T03:45:49.257+0000] {logging_mixin.py:188} INFO - [2024-09-14T03:45:49.257+0000] {dag.py:3036} INFO - Sync 1 DAGs
[2024-09-14T03:45:49.269+0000] {logging_mixin.py:188} INFO - [2024-09-14T03:45:49.269+0000] {dag.py:3823} INFO - Setting next_dagrun for example_branch_labels to 2024-09-13 00:00:00+00:00, run_after=2024-09-14 00:00:00+00:00
[2024-09-14T03:45:49.279+0000] {processor.py:183} INFO - Processing /home/airflow/.local/lib/python3.8/site-packages/airflow/example_dags/example_branch_labels.py took 0.043 seconds
[2024-09-14T03:46:19.995+0000] {processor.py:161} INFO - Started process (PID=7150) to work on /home/airflow/.local/lib/python3.8/site-packages/airflow/example_dags/example_branch_labels.py
[2024-09-14T03:46:19.996+0000] {processor.py:830} INFO - Processing file /home/airflow/.local/lib/python3.8/site-packages/airflow/example_dags/example_branch_labels.py for tasks to queue
[2024-09-14T03:46:19.997+0000] {logging_mixin.py:188} INFO - [2024-09-14T03:46:19.997+0000] {dagbag.py:538} INFO - Filling up the DagBag from /home/airflow/.local/lib/python3.8/site-packages/airflow/example_dags/example_branch_labels.py
[2024-09-14T03:46:20.003+0000] {processor.py:840} INFO - DAG(s) 'example_branch_labels' retrieved from /home/airflow/.local/lib/python3.8/site-packages/airflow/example_dags/example_branch_labels.py
[2024-09-14T03:46:20.020+0000] {logging_mixin.py:188} INFO - [2024-09-14T03:46:20.020+0000] {dag.py:3036} INFO - Sync 1 DAGs
[2024-09-14T03:46:20.035+0000] {logging_mixin.py:188} INFO - [2024-09-14T03:46:20.035+0000] {dag.py:3823} INFO - Setting next_dagrun for example_branch_labels to 2024-09-13 00:00:00+00:00, run_after=2024-09-14 00:00:00+00:00
[2024-09-14T03:46:20.047+0000] {processor.py:183} INFO - Processing /home/airflow/.local/lib/python3.8/site-packages/airflow/example_dags/example_branch_labels.py took 0.054 seconds
[2024-09-14T03:46:50.171+0000] {processor.py:161} INFO - Started process (PID=7397) to work on /home/airflow/.local/lib/python3.8/site-packages/airflow/example_dags/example_branch_labels.py
[2024-09-14T03:46:50.178+0000] {processor.py:830} INFO - Processing file /home/airflow/.local/lib/python3.8/site-packages/airflow/example_dags/example_branch_labels.py for tasks to queue
[2024-09-14T03:46:50.185+0000] {logging_mixin.py:188} INFO - [2024-09-14T03:46:50.184+0000] {dagbag.py:538} INFO - Filling up the DagBag from /home/airflow/.local/lib/python3.8/site-packages/airflow/example_dags/example_branch_labels.py
[2024-09-14T03:46:50.196+0000] {processor.py:840} INFO - DAG(s) 'example_branch_labels' retrieved from /home/airflow/.local/lib/python3.8/site-packages/airflow/example_dags/example_branch_labels.py
[2024-09-14T03:46:50.251+0000] {logging_mixin.py:188} INFO - [2024-09-14T03:46:50.251+0000] {dag.py:3036} INFO - Sync 1 DAGs
[2024-09-14T03:46:50.267+0000] {logging_mixin.py:188} INFO - [2024-09-14T03:46:50.267+0000] {dag.py:3823} INFO - Setting next_dagrun for example_branch_labels to 2024-09-13 00:00:00+00:00, run_after=2024-09-14 00:00:00+00:00
[2024-09-14T03:46:50.278+0000] {processor.py:183} INFO - Processing /home/airflow/.local/lib/python3.8/site-packages/airflow/example_dags/example_branch_labels.py took 0.112 seconds
