[2024-09-14T03:28:26.942+0000] {processor.py:161} INFO - Started process (PID=211) to work on /home/airflow/.local/lib/python3.8/site-packages/airflow/example_dags/example_latest_only.py
[2024-09-14T03:28:26.944+0000] {processor.py:830} INFO - Processing file /home/airflow/.local/lib/python3.8/site-packages/airflow/example_dags/example_latest_only.py for tasks to queue
[2024-09-14T03:28:26.945+0000] {logging_mixin.py:188} INFO - [2024-09-14T03:28:26.944+0000] {dagbag.py:538} INFO - Filling up the DagBag from /home/airflow/.local/lib/python3.8/site-packages/airflow/example_dags/example_latest_only.py
[2024-09-14T03:28:26.951+0000] {processor.py:840} INFO - DAG(s) 'latest_only' retrieved from /home/airflow/.local/lib/python3.8/site-packages/airflow/example_dags/example_latest_only.py
[2024-09-14T03:28:26.970+0000] {logging_mixin.py:188} INFO - [2024-09-14T03:28:26.970+0000] {dag.py:3036} INFO - Sync 1 DAGs
[2024-09-14T03:28:26.992+0000] {logging_mixin.py:188} INFO - [2024-09-14T03:28:26.992+0000] {dag.py:3823} INFO - Setting next_dagrun for latest_only to 2024-09-13 20:00:00+00:00, run_after=2024-09-14 00:00:00+00:00
[2024-09-14T03:28:27.011+0000] {processor.py:183} INFO - Processing /home/airflow/.local/lib/python3.8/site-packages/airflow/example_dags/example_latest_only.py took 0.073 seconds
[2024-09-14T03:28:57.437+0000] {processor.py:161} INFO - Started process (PID=458) to work on /home/airflow/.local/lib/python3.8/site-packages/airflow/example_dags/example_latest_only.py
[2024-09-14T03:28:57.438+0000] {processor.py:830} INFO - Processing file /home/airflow/.local/lib/python3.8/site-packages/airflow/example_dags/example_latest_only.py for tasks to queue
[2024-09-14T03:28:57.438+0000] {logging_mixin.py:188} INFO - [2024-09-14T03:28:57.438+0000] {dagbag.py:538} INFO - Filling up the DagBag from /home/airflow/.local/lib/python3.8/site-packages/airflow/example_dags/example_latest_only.py
[2024-09-14T03:28:57.442+0000] {processor.py:840} INFO - DAG(s) 'latest_only' retrieved from /home/airflow/.local/lib/python3.8/site-packages/airflow/example_dags/example_latest_only.py
[2024-09-14T03:28:57.455+0000] {logging_mixin.py:188} INFO - [2024-09-14T03:28:57.455+0000] {dag.py:3036} INFO - Sync 1 DAGs
[2024-09-14T03:28:57.468+0000] {logging_mixin.py:188} INFO - [2024-09-14T03:28:57.468+0000] {dag.py:3823} INFO - Setting next_dagrun for latest_only to 2024-09-13 20:00:00+00:00, run_after=2024-09-14 00:00:00+00:00
[2024-09-14T03:28:57.478+0000] {processor.py:183} INFO - Processing /home/airflow/.local/lib/python3.8/site-packages/airflow/example_dags/example_latest_only.py took 0.044 seconds
[2024-09-14T03:29:28.287+0000] {processor.py:161} INFO - Started process (PID=705) to work on /home/airflow/.local/lib/python3.8/site-packages/airflow/example_dags/example_latest_only.py
[2024-09-14T03:29:28.288+0000] {processor.py:830} INFO - Processing file /home/airflow/.local/lib/python3.8/site-packages/airflow/example_dags/example_latest_only.py for tasks to queue
[2024-09-14T03:29:28.288+0000] {logging_mixin.py:188} INFO - [2024-09-14T03:29:28.288+0000] {dagbag.py:538} INFO - Filling up the DagBag from /home/airflow/.local/lib/python3.8/site-packages/airflow/example_dags/example_latest_only.py
[2024-09-14T03:29:28.292+0000] {processor.py:840} INFO - DAG(s) 'latest_only' retrieved from /home/airflow/.local/lib/python3.8/site-packages/airflow/example_dags/example_latest_only.py
[2024-09-14T03:29:28.303+0000] {logging_mixin.py:188} INFO - [2024-09-14T03:29:28.303+0000] {dag.py:3036} INFO - Sync 1 DAGs
[2024-09-14T03:29:28.315+0000] {logging_mixin.py:188} INFO - [2024-09-14T03:29:28.315+0000] {dag.py:3823} INFO - Setting next_dagrun for latest_only to 2024-09-13 20:00:00+00:00, run_after=2024-09-14 00:00:00+00:00
[2024-09-14T03:29:28.326+0000] {processor.py:183} INFO - Processing /home/airflow/.local/lib/python3.8/site-packages/airflow/example_dags/example_latest_only.py took 0.041 seconds
[2024-09-14T03:29:59.030+0000] {processor.py:161} INFO - Started process (PID=952) to work on /home/airflow/.local/lib/python3.8/site-packages/airflow/example_dags/example_latest_only.py
[2024-09-14T03:29:59.031+0000] {processor.py:830} INFO - Processing file /home/airflow/.local/lib/python3.8/site-packages/airflow/example_dags/example_latest_only.py for tasks to queue
[2024-09-14T03:29:59.032+0000] {logging_mixin.py:188} INFO - [2024-09-14T03:29:59.032+0000] {dagbag.py:538} INFO - Filling up the DagBag from /home/airflow/.local/lib/python3.8/site-packages/airflow/example_dags/example_latest_only.py
[2024-09-14T03:29:59.036+0000] {processor.py:840} INFO - DAG(s) 'latest_only' retrieved from /home/airflow/.local/lib/python3.8/site-packages/airflow/example_dags/example_latest_only.py
[2024-09-14T03:29:59.050+0000] {logging_mixin.py:188} INFO - [2024-09-14T03:29:59.050+0000] {dag.py:3036} INFO - Sync 1 DAGs
[2024-09-14T03:29:59.062+0000] {logging_mixin.py:188} INFO - [2024-09-14T03:29:59.062+0000] {dag.py:3823} INFO - Setting next_dagrun for latest_only to 2024-09-13 20:00:00+00:00, run_after=2024-09-14 00:00:00+00:00
[2024-09-14T03:29:59.074+0000] {processor.py:183} INFO - Processing /home/airflow/.local/lib/python3.8/site-packages/airflow/example_dags/example_latest_only.py took 0.047 seconds
[2024-09-14T03:30:29.838+0000] {processor.py:161} INFO - Started process (PID=1201) to work on /home/airflow/.local/lib/python3.8/site-packages/airflow/example_dags/example_latest_only.py
[2024-09-14T03:30:29.838+0000] {processor.py:830} INFO - Processing file /home/airflow/.local/lib/python3.8/site-packages/airflow/example_dags/example_latest_only.py for tasks to queue
[2024-09-14T03:30:29.839+0000] {logging_mixin.py:188} INFO - [2024-09-14T03:30:29.839+0000] {dagbag.py:538} INFO - Filling up the DagBag from /home/airflow/.local/lib/python3.8/site-packages/airflow/example_dags/example_latest_only.py
[2024-09-14T03:30:29.842+0000] {processor.py:840} INFO - DAG(s) 'latest_only' retrieved from /home/airflow/.local/lib/python3.8/site-packages/airflow/example_dags/example_latest_only.py
[2024-09-14T03:30:29.854+0000] {logging_mixin.py:188} INFO - [2024-09-14T03:30:29.854+0000] {dag.py:3036} INFO - Sync 1 DAGs
[2024-09-14T03:30:29.866+0000] {logging_mixin.py:188} INFO - [2024-09-14T03:30:29.866+0000] {dag.py:3823} INFO - Setting next_dagrun for latest_only to 2024-09-13 20:00:00+00:00, run_after=2024-09-14 00:00:00+00:00
[2024-09-14T03:30:29.875+0000] {processor.py:183} INFO - Processing /home/airflow/.local/lib/python3.8/site-packages/airflow/example_dags/example_latest_only.py took 0.039 seconds
[2024-09-14T03:31:00.560+0000] {processor.py:161} INFO - Started process (PID=1446) to work on /home/airflow/.local/lib/python3.8/site-packages/airflow/example_dags/example_latest_only.py
[2024-09-14T03:31:00.560+0000] {processor.py:830} INFO - Processing file /home/airflow/.local/lib/python3.8/site-packages/airflow/example_dags/example_latest_only.py for tasks to queue
[2024-09-14T03:31:00.561+0000] {logging_mixin.py:188} INFO - [2024-09-14T03:31:00.561+0000] {dagbag.py:538} INFO - Filling up the DagBag from /home/airflow/.local/lib/python3.8/site-packages/airflow/example_dags/example_latest_only.py
[2024-09-14T03:31:00.564+0000] {processor.py:840} INFO - DAG(s) 'latest_only' retrieved from /home/airflow/.local/lib/python3.8/site-packages/airflow/example_dags/example_latest_only.py
[2024-09-14T03:31:00.576+0000] {logging_mixin.py:188} INFO - [2024-09-14T03:31:00.576+0000] {dag.py:3036} INFO - Sync 1 DAGs
[2024-09-14T03:31:00.587+0000] {logging_mixin.py:188} INFO - [2024-09-14T03:31:00.587+0000] {dag.py:3823} INFO - Setting next_dagrun for latest_only to 2024-09-13 20:00:00+00:00, run_after=2024-09-14 00:00:00+00:00
[2024-09-14T03:31:00.597+0000] {processor.py:183} INFO - Processing /home/airflow/.local/lib/python3.8/site-packages/airflow/example_dags/example_latest_only.py took 0.039 seconds
[2024-09-14T03:31:31.390+0000] {processor.py:161} INFO - Started process (PID=1693) to work on /home/airflow/.local/lib/python3.8/site-packages/airflow/example_dags/example_latest_only.py
[2024-09-14T03:31:31.391+0000] {processor.py:830} INFO - Processing file /home/airflow/.local/lib/python3.8/site-packages/airflow/example_dags/example_latest_only.py for tasks to queue
[2024-09-14T03:31:31.391+0000] {logging_mixin.py:188} INFO - [2024-09-14T03:31:31.391+0000] {dagbag.py:538} INFO - Filling up the DagBag from /home/airflow/.local/lib/python3.8/site-packages/airflow/example_dags/example_latest_only.py
[2024-09-14T03:31:31.395+0000] {processor.py:840} INFO - DAG(s) 'latest_only' retrieved from /home/airflow/.local/lib/python3.8/site-packages/airflow/example_dags/example_latest_only.py
[2024-09-14T03:31:31.409+0000] {logging_mixin.py:188} INFO - [2024-09-14T03:31:31.409+0000] {dag.py:3036} INFO - Sync 1 DAGs
[2024-09-14T03:31:31.421+0000] {logging_mixin.py:188} INFO - [2024-09-14T03:31:31.421+0000] {dag.py:3823} INFO - Setting next_dagrun for latest_only to 2024-09-13 20:00:00+00:00, run_after=2024-09-14 00:00:00+00:00
[2024-09-14T03:31:31.430+0000] {processor.py:183} INFO - Processing /home/airflow/.local/lib/python3.8/site-packages/airflow/example_dags/example_latest_only.py took 0.043 seconds
[2024-09-14T03:32:02.279+0000] {processor.py:161} INFO - Started process (PID=1940) to work on /home/airflow/.local/lib/python3.8/site-packages/airflow/example_dags/example_latest_only.py
[2024-09-14T03:32:02.279+0000] {processor.py:830} INFO - Processing file /home/airflow/.local/lib/python3.8/site-packages/airflow/example_dags/example_latest_only.py for tasks to queue
[2024-09-14T03:32:02.280+0000] {logging_mixin.py:188} INFO - [2024-09-14T03:32:02.280+0000] {dagbag.py:538} INFO - Filling up the DagBag from /home/airflow/.local/lib/python3.8/site-packages/airflow/example_dags/example_latest_only.py
[2024-09-14T03:32:02.283+0000] {processor.py:840} INFO - DAG(s) 'latest_only' retrieved from /home/airflow/.local/lib/python3.8/site-packages/airflow/example_dags/example_latest_only.py
[2024-09-14T03:32:02.294+0000] {logging_mixin.py:188} INFO - [2024-09-14T03:32:02.294+0000] {dag.py:3036} INFO - Sync 1 DAGs
[2024-09-14T03:32:02.306+0000] {logging_mixin.py:188} INFO - [2024-09-14T03:32:02.306+0000] {dag.py:3823} INFO - Setting next_dagrun for latest_only to 2024-09-13 20:00:00+00:00, run_after=2024-09-14 00:00:00+00:00
[2024-09-14T03:32:02.315+0000] {processor.py:183} INFO - Processing /home/airflow/.local/lib/python3.8/site-packages/airflow/example_dags/example_latest_only.py took 0.038 seconds
[2024-09-14T03:32:32.951+0000] {processor.py:161} INFO - Started process (PID=2187) to work on /home/airflow/.local/lib/python3.8/site-packages/airflow/example_dags/example_latest_only.py
[2024-09-14T03:32:32.952+0000] {processor.py:830} INFO - Processing file /home/airflow/.local/lib/python3.8/site-packages/airflow/example_dags/example_latest_only.py for tasks to queue
[2024-09-14T03:32:32.953+0000] {logging_mixin.py:188} INFO - [2024-09-14T03:32:32.953+0000] {dagbag.py:538} INFO - Filling up the DagBag from /home/airflow/.local/lib/python3.8/site-packages/airflow/example_dags/example_latest_only.py
[2024-09-14T03:32:32.957+0000] {processor.py:840} INFO - DAG(s) 'latest_only' retrieved from /home/airflow/.local/lib/python3.8/site-packages/airflow/example_dags/example_latest_only.py
[2024-09-14T03:32:32.971+0000] {logging_mixin.py:188} INFO - [2024-09-14T03:32:32.971+0000] {dag.py:3036} INFO - Sync 1 DAGs
[2024-09-14T03:32:32.992+0000] {logging_mixin.py:188} INFO - [2024-09-14T03:32:32.992+0000] {dag.py:3823} INFO - Setting next_dagrun for latest_only to 2024-09-13 20:00:00+00:00, run_after=2024-09-14 00:00:00+00:00
[2024-09-14T03:32:33.002+0000] {processor.py:183} INFO - Processing /home/airflow/.local/lib/python3.8/site-packages/airflow/example_dags/example_latest_only.py took 0.053 seconds
[2024-09-14T03:33:03.748+0000] {processor.py:161} INFO - Started process (PID=2434) to work on /home/airflow/.local/lib/python3.8/site-packages/airflow/example_dags/example_latest_only.py
[2024-09-14T03:33:03.749+0000] {processor.py:830} INFO - Processing file /home/airflow/.local/lib/python3.8/site-packages/airflow/example_dags/example_latest_only.py for tasks to queue
[2024-09-14T03:33:03.750+0000] {logging_mixin.py:188} INFO - [2024-09-14T03:33:03.750+0000] {dagbag.py:538} INFO - Filling up the DagBag from /home/airflow/.local/lib/python3.8/site-packages/airflow/example_dags/example_latest_only.py
[2024-09-14T03:33:03.753+0000] {processor.py:840} INFO - DAG(s) 'latest_only' retrieved from /home/airflow/.local/lib/python3.8/site-packages/airflow/example_dags/example_latest_only.py
[2024-09-14T03:33:03.765+0000] {logging_mixin.py:188} INFO - [2024-09-14T03:33:03.765+0000] {dag.py:3036} INFO - Sync 1 DAGs
[2024-09-14T03:33:03.776+0000] {logging_mixin.py:188} INFO - [2024-09-14T03:33:03.776+0000] {dag.py:3823} INFO - Setting next_dagrun for latest_only to 2024-09-13 20:00:00+00:00, run_after=2024-09-14 00:00:00+00:00
[2024-09-14T03:33:03.786+0000] {processor.py:183} INFO - Processing /home/airflow/.local/lib/python3.8/site-packages/airflow/example_dags/example_latest_only.py took 0.039 seconds
[2024-09-14T03:33:34.433+0000] {processor.py:161} INFO - Started process (PID=2681) to work on /home/airflow/.local/lib/python3.8/site-packages/airflow/example_dags/example_latest_only.py
[2024-09-14T03:33:34.433+0000] {processor.py:830} INFO - Processing file /home/airflow/.local/lib/python3.8/site-packages/airflow/example_dags/example_latest_only.py for tasks to queue
[2024-09-14T03:33:34.434+0000] {logging_mixin.py:188} INFO - [2024-09-14T03:33:34.434+0000] {dagbag.py:538} INFO - Filling up the DagBag from /home/airflow/.local/lib/python3.8/site-packages/airflow/example_dags/example_latest_only.py
[2024-09-14T03:33:34.437+0000] {processor.py:840} INFO - DAG(s) 'latest_only' retrieved from /home/airflow/.local/lib/python3.8/site-packages/airflow/example_dags/example_latest_only.py
[2024-09-14T03:33:34.449+0000] {logging_mixin.py:188} INFO - [2024-09-14T03:33:34.449+0000] {dag.py:3036} INFO - Sync 1 DAGs
[2024-09-14T03:33:34.461+0000] {logging_mixin.py:188} INFO - [2024-09-14T03:33:34.461+0000] {dag.py:3823} INFO - Setting next_dagrun for latest_only to 2024-09-13 20:00:00+00:00, run_after=2024-09-14 00:00:00+00:00
[2024-09-14T03:33:34.470+0000] {processor.py:183} INFO - Processing /home/airflow/.local/lib/python3.8/site-packages/airflow/example_dags/example_latest_only.py took 0.040 seconds
[2024-09-14T03:34:05.224+0000] {processor.py:161} INFO - Started process (PID=2928) to work on /home/airflow/.local/lib/python3.8/site-packages/airflow/example_dags/example_latest_only.py
[2024-09-14T03:34:05.224+0000] {processor.py:830} INFO - Processing file /home/airflow/.local/lib/python3.8/site-packages/airflow/example_dags/example_latest_only.py for tasks to queue
[2024-09-14T03:34:05.225+0000] {logging_mixin.py:188} INFO - [2024-09-14T03:34:05.225+0000] {dagbag.py:538} INFO - Filling up the DagBag from /home/airflow/.local/lib/python3.8/site-packages/airflow/example_dags/example_latest_only.py
[2024-09-14T03:34:05.229+0000] {processor.py:840} INFO - DAG(s) 'latest_only' retrieved from /home/airflow/.local/lib/python3.8/site-packages/airflow/example_dags/example_latest_only.py
[2024-09-14T03:34:05.242+0000] {logging_mixin.py:188} INFO - [2024-09-14T03:34:05.242+0000] {dag.py:3036} INFO - Sync 1 DAGs
[2024-09-14T03:34:05.255+0000] {logging_mixin.py:188} INFO - [2024-09-14T03:34:05.255+0000] {dag.py:3823} INFO - Setting next_dagrun for latest_only to 2024-09-13 20:00:00+00:00, run_after=2024-09-14 00:00:00+00:00
[2024-09-14T03:34:05.265+0000] {processor.py:183} INFO - Processing /home/airflow/.local/lib/python3.8/site-packages/airflow/example_dags/example_latest_only.py took 0.043 seconds
[2024-09-14T03:34:47.508+0000] {processor.py:161} INFO - Started process (PID=3169) to work on /home/airflow/.local/lib/python3.8/site-packages/airflow/example_dags/example_latest_only.py
[2024-09-14T03:34:47.509+0000] {processor.py:830} INFO - Processing file /home/airflow/.local/lib/python3.8/site-packages/airflow/example_dags/example_latest_only.py for tasks to queue
[2024-09-14T03:34:47.509+0000] {logging_mixin.py:188} INFO - [2024-09-14T03:34:47.509+0000] {dagbag.py:538} INFO - Filling up the DagBag from /home/airflow/.local/lib/python3.8/site-packages/airflow/example_dags/example_latest_only.py
[2024-09-14T03:34:47.513+0000] {processor.py:840} INFO - DAG(s) 'latest_only' retrieved from /home/airflow/.local/lib/python3.8/site-packages/airflow/example_dags/example_latest_only.py
[2024-09-14T03:34:47.525+0000] {logging_mixin.py:188} INFO - [2024-09-14T03:34:47.525+0000] {dag.py:3036} INFO - Sync 1 DAGs
[2024-09-14T03:34:47.536+0000] {logging_mixin.py:188} INFO - [2024-09-14T03:34:47.536+0000] {dag.py:3823} INFO - Setting next_dagrun for latest_only to 2024-09-13 20:00:00+00:00, run_after=2024-09-14 00:00:00+00:00
[2024-09-14T03:34:47.546+0000] {processor.py:183} INFO - Processing /home/airflow/.local/lib/python3.8/site-packages/airflow/example_dags/example_latest_only.py took 0.040 seconds
[2024-09-14T03:38:41.201+0000] {processor.py:161} INFO - Started process (PID=3425) to work on /home/airflow/.local/lib/python3.8/site-packages/airflow/example_dags/example_latest_only.py
[2024-09-14T03:38:41.205+0000] {processor.py:830} INFO - Processing file /home/airflow/.local/lib/python3.8/site-packages/airflow/example_dags/example_latest_only.py for tasks to queue
[2024-09-14T03:38:41.207+0000] {logging_mixin.py:188} INFO - [2024-09-14T03:38:41.207+0000] {dagbag.py:538} INFO - Filling up the DagBag from /home/airflow/.local/lib/python3.8/site-packages/airflow/example_dags/example_latest_only.py
[2024-09-14T03:38:41.217+0000] {processor.py:840} INFO - DAG(s) 'latest_only' retrieved from /home/airflow/.local/lib/python3.8/site-packages/airflow/example_dags/example_latest_only.py
[2024-09-14T03:38:41.259+0000] {logging_mixin.py:188} INFO - [2024-09-14T03:38:41.259+0000] {dag.py:3036} INFO - Sync 1 DAGs
[2024-09-14T03:38:41.304+0000] {logging_mixin.py:188} INFO - [2024-09-14T03:38:41.304+0000] {dag.py:3823} INFO - Setting next_dagrun for latest_only to 2024-09-13 20:00:00+00:00, run_after=2024-09-14 00:00:00+00:00
[2024-09-14T03:38:41.462+0000] {processor.py:183} INFO - Processing /home/airflow/.local/lib/python3.8/site-packages/airflow/example_dags/example_latest_only.py took 0.264 seconds
[2024-09-14T03:39:11.896+0000] {processor.py:161} INFO - Started process (PID=3672) to work on /home/airflow/.local/lib/python3.8/site-packages/airflow/example_dags/example_latest_only.py
[2024-09-14T03:39:11.896+0000] {processor.py:830} INFO - Processing file /home/airflow/.local/lib/python3.8/site-packages/airflow/example_dags/example_latest_only.py for tasks to queue
[2024-09-14T03:39:11.897+0000] {logging_mixin.py:188} INFO - [2024-09-14T03:39:11.897+0000] {dagbag.py:538} INFO - Filling up the DagBag from /home/airflow/.local/lib/python3.8/site-packages/airflow/example_dags/example_latest_only.py
[2024-09-14T03:39:11.900+0000] {processor.py:840} INFO - DAG(s) 'latest_only' retrieved from /home/airflow/.local/lib/python3.8/site-packages/airflow/example_dags/example_latest_only.py
[2024-09-14T03:39:11.913+0000] {logging_mixin.py:188} INFO - [2024-09-14T03:39:11.913+0000] {dag.py:3036} INFO - Sync 1 DAGs
[2024-09-14T03:39:11.927+0000] {logging_mixin.py:188} INFO - [2024-09-14T03:39:11.926+0000] {dag.py:3823} INFO - Setting next_dagrun for latest_only to 2024-09-13 20:00:00+00:00, run_after=2024-09-14 00:00:00+00:00
[2024-09-14T03:39:11.937+0000] {processor.py:183} INFO - Processing /home/airflow/.local/lib/python3.8/site-packages/airflow/example_dags/example_latest_only.py took 0.043 seconds
[2024-09-14T03:39:42.798+0000] {processor.py:161} INFO - Started process (PID=3919) to work on /home/airflow/.local/lib/python3.8/site-packages/airflow/example_dags/example_latest_only.py
[2024-09-14T03:39:42.799+0000] {processor.py:830} INFO - Processing file /home/airflow/.local/lib/python3.8/site-packages/airflow/example_dags/example_latest_only.py for tasks to queue
[2024-09-14T03:39:42.799+0000] {logging_mixin.py:188} INFO - [2024-09-14T03:39:42.799+0000] {dagbag.py:538} INFO - Filling up the DagBag from /home/airflow/.local/lib/python3.8/site-packages/airflow/example_dags/example_latest_only.py
[2024-09-14T03:39:42.803+0000] {processor.py:840} INFO - DAG(s) 'latest_only' retrieved from /home/airflow/.local/lib/python3.8/site-packages/airflow/example_dags/example_latest_only.py
[2024-09-14T03:39:42.817+0000] {logging_mixin.py:188} INFO - [2024-09-14T03:39:42.817+0000] {dag.py:3036} INFO - Sync 1 DAGs
[2024-09-14T03:39:42.833+0000] {logging_mixin.py:188} INFO - [2024-09-14T03:39:42.833+0000] {dag.py:3823} INFO - Setting next_dagrun for latest_only to 2024-09-13 20:00:00+00:00, run_after=2024-09-14 00:00:00+00:00
[2024-09-14T03:39:42.843+0000] {processor.py:183} INFO - Processing /home/airflow/.local/lib/python3.8/site-packages/airflow/example_dags/example_latest_only.py took 0.048 seconds
[2024-09-14T03:40:13.572+0000] {processor.py:161} INFO - Started process (PID=4166) to work on /home/airflow/.local/lib/python3.8/site-packages/airflow/example_dags/example_latest_only.py
[2024-09-14T03:40:13.573+0000] {processor.py:830} INFO - Processing file /home/airflow/.local/lib/python3.8/site-packages/airflow/example_dags/example_latest_only.py for tasks to queue
[2024-09-14T03:40:13.574+0000] {logging_mixin.py:188} INFO - [2024-09-14T03:40:13.574+0000] {dagbag.py:538} INFO - Filling up the DagBag from /home/airflow/.local/lib/python3.8/site-packages/airflow/example_dags/example_latest_only.py
[2024-09-14T03:40:13.578+0000] {processor.py:840} INFO - DAG(s) 'latest_only' retrieved from /home/airflow/.local/lib/python3.8/site-packages/airflow/example_dags/example_latest_only.py
[2024-09-14T03:40:13.590+0000] {logging_mixin.py:188} INFO - [2024-09-14T03:40:13.590+0000] {dag.py:3036} INFO - Sync 1 DAGs
[2024-09-14T03:40:13.602+0000] {logging_mixin.py:188} INFO - [2024-09-14T03:40:13.602+0000] {dag.py:3823} INFO - Setting next_dagrun for latest_only to 2024-09-13 20:00:00+00:00, run_after=2024-09-14 00:00:00+00:00
[2024-09-14T03:40:13.612+0000] {processor.py:183} INFO - Processing /home/airflow/.local/lib/python3.8/site-packages/airflow/example_dags/example_latest_only.py took 0.041 seconds
[2024-09-14T03:40:44.405+0000] {processor.py:161} INFO - Started process (PID=4413) to work on /home/airflow/.local/lib/python3.8/site-packages/airflow/example_dags/example_latest_only.py
[2024-09-14T03:40:44.406+0000] {processor.py:830} INFO - Processing file /home/airflow/.local/lib/python3.8/site-packages/airflow/example_dags/example_latest_only.py for tasks to queue
[2024-09-14T03:40:44.407+0000] {logging_mixin.py:188} INFO - [2024-09-14T03:40:44.406+0000] {dagbag.py:538} INFO - Filling up the DagBag from /home/airflow/.local/lib/python3.8/site-packages/airflow/example_dags/example_latest_only.py
[2024-09-14T03:40:44.410+0000] {processor.py:840} INFO - DAG(s) 'latest_only' retrieved from /home/airflow/.local/lib/python3.8/site-packages/airflow/example_dags/example_latest_only.py
[2024-09-14T03:40:44.423+0000] {logging_mixin.py:188} INFO - [2024-09-14T03:40:44.423+0000] {dag.py:3036} INFO - Sync 1 DAGs
[2024-09-14T03:40:44.437+0000] {logging_mixin.py:188} INFO - [2024-09-14T03:40:44.437+0000] {dag.py:3823} INFO - Setting next_dagrun for latest_only to 2024-09-13 20:00:00+00:00, run_after=2024-09-14 00:00:00+00:00
[2024-09-14T03:40:44.448+0000] {processor.py:183} INFO - Processing /home/airflow/.local/lib/python3.8/site-packages/airflow/example_dags/example_latest_only.py took 0.045 seconds
[2024-09-14T03:41:15.138+0000] {processor.py:161} INFO - Started process (PID=4660) to work on /home/airflow/.local/lib/python3.8/site-packages/airflow/example_dags/example_latest_only.py
[2024-09-14T03:41:15.139+0000] {processor.py:830} INFO - Processing file /home/airflow/.local/lib/python3.8/site-packages/airflow/example_dags/example_latest_only.py for tasks to queue
[2024-09-14T03:41:15.140+0000] {logging_mixin.py:188} INFO - [2024-09-14T03:41:15.140+0000] {dagbag.py:538} INFO - Filling up the DagBag from /home/airflow/.local/lib/python3.8/site-packages/airflow/example_dags/example_latest_only.py
[2024-09-14T03:41:15.144+0000] {processor.py:840} INFO - DAG(s) 'latest_only' retrieved from /home/airflow/.local/lib/python3.8/site-packages/airflow/example_dags/example_latest_only.py
[2024-09-14T03:41:15.158+0000] {logging_mixin.py:188} INFO - [2024-09-14T03:41:15.158+0000] {dag.py:3036} INFO - Sync 1 DAGs
[2024-09-14T03:41:15.171+0000] {logging_mixin.py:188} INFO - [2024-09-14T03:41:15.171+0000] {dag.py:3823} INFO - Setting next_dagrun for latest_only to 2024-09-13 20:00:00+00:00, run_after=2024-09-14 00:00:00+00:00
[2024-09-14T03:41:15.180+0000] {processor.py:183} INFO - Processing /home/airflow/.local/lib/python3.8/site-packages/airflow/example_dags/example_latest_only.py took 0.045 seconds
[2024-09-14T03:41:45.823+0000] {processor.py:161} INFO - Started process (PID=4907) to work on /home/airflow/.local/lib/python3.8/site-packages/airflow/example_dags/example_latest_only.py
[2024-09-14T03:41:45.824+0000] {processor.py:830} INFO - Processing file /home/airflow/.local/lib/python3.8/site-packages/airflow/example_dags/example_latest_only.py for tasks to queue
[2024-09-14T03:41:45.824+0000] {logging_mixin.py:188} INFO - [2024-09-14T03:41:45.824+0000] {dagbag.py:538} INFO - Filling up the DagBag from /home/airflow/.local/lib/python3.8/site-packages/airflow/example_dags/example_latest_only.py
[2024-09-14T03:41:45.828+0000] {processor.py:840} INFO - DAG(s) 'latest_only' retrieved from /home/airflow/.local/lib/python3.8/site-packages/airflow/example_dags/example_latest_only.py
[2024-09-14T03:41:45.844+0000] {logging_mixin.py:188} INFO - [2024-09-14T03:41:45.843+0000] {dag.py:3036} INFO - Sync 1 DAGs
[2024-09-14T03:41:45.857+0000] {logging_mixin.py:188} INFO - [2024-09-14T03:41:45.856+0000] {dag.py:3823} INFO - Setting next_dagrun for latest_only to 2024-09-13 20:00:00+00:00, run_after=2024-09-14 00:00:00+00:00
[2024-09-14T03:41:45.866+0000] {processor.py:183} INFO - Processing /home/airflow/.local/lib/python3.8/site-packages/airflow/example_dags/example_latest_only.py took 0.046 seconds
[2024-09-14T03:42:16.109+0000] {processor.py:161} INFO - Started process (PID=5154) to work on /home/airflow/.local/lib/python3.8/site-packages/airflow/example_dags/example_latest_only.py
[2024-09-14T03:42:16.110+0000] {processor.py:830} INFO - Processing file /home/airflow/.local/lib/python3.8/site-packages/airflow/example_dags/example_latest_only.py for tasks to queue
[2024-09-14T03:42:16.111+0000] {logging_mixin.py:188} INFO - [2024-09-14T03:42:16.110+0000] {dagbag.py:538} INFO - Filling up the DagBag from /home/airflow/.local/lib/python3.8/site-packages/airflow/example_dags/example_latest_only.py
[2024-09-14T03:42:16.115+0000] {processor.py:840} INFO - DAG(s) 'latest_only' retrieved from /home/airflow/.local/lib/python3.8/site-packages/airflow/example_dags/example_latest_only.py
[2024-09-14T03:42:16.127+0000] {logging_mixin.py:188} INFO - [2024-09-14T03:42:16.127+0000] {dag.py:3036} INFO - Sync 1 DAGs
[2024-09-14T03:42:16.139+0000] {logging_mixin.py:188} INFO - [2024-09-14T03:42:16.139+0000] {dag.py:3823} INFO - Setting next_dagrun for latest_only to 2024-09-13 20:00:00+00:00, run_after=2024-09-14 00:00:00+00:00
[2024-09-14T03:42:16.191+0000] {processor.py:183} INFO - Processing /home/airflow/.local/lib/python3.8/site-packages/airflow/example_dags/example_latest_only.py took 0.084 seconds
[2024-09-14T03:42:46.932+0000] {processor.py:161} INFO - Started process (PID=5401) to work on /home/airflow/.local/lib/python3.8/site-packages/airflow/example_dags/example_latest_only.py
[2024-09-14T03:42:46.933+0000] {processor.py:830} INFO - Processing file /home/airflow/.local/lib/python3.8/site-packages/airflow/example_dags/example_latest_only.py for tasks to queue
[2024-09-14T03:42:46.933+0000] {logging_mixin.py:188} INFO - [2024-09-14T03:42:46.933+0000] {dagbag.py:538} INFO - Filling up the DagBag from /home/airflow/.local/lib/python3.8/site-packages/airflow/example_dags/example_latest_only.py
[2024-09-14T03:42:46.937+0000] {processor.py:840} INFO - DAG(s) 'latest_only' retrieved from /home/airflow/.local/lib/python3.8/site-packages/airflow/example_dags/example_latest_only.py
[2024-09-14T03:42:46.950+0000] {logging_mixin.py:188} INFO - [2024-09-14T03:42:46.950+0000] {dag.py:3036} INFO - Sync 1 DAGs
[2024-09-14T03:42:46.965+0000] {logging_mixin.py:188} INFO - [2024-09-14T03:42:46.964+0000] {dag.py:3823} INFO - Setting next_dagrun for latest_only to 2024-09-13 20:00:00+00:00, run_after=2024-09-14 00:00:00+00:00
[2024-09-14T03:42:46.975+0000] {processor.py:183} INFO - Processing /home/airflow/.local/lib/python3.8/site-packages/airflow/example_dags/example_latest_only.py took 0.046 seconds
[2024-09-14T03:43:17.478+0000] {processor.py:161} INFO - Started process (PID=5648) to work on /home/airflow/.local/lib/python3.8/site-packages/airflow/example_dags/example_latest_only.py
[2024-09-14T03:43:17.479+0000] {processor.py:830} INFO - Processing file /home/airflow/.local/lib/python3.8/site-packages/airflow/example_dags/example_latest_only.py for tasks to queue
[2024-09-14T03:43:17.480+0000] {logging_mixin.py:188} INFO - [2024-09-14T03:43:17.479+0000] {dagbag.py:538} INFO - Filling up the DagBag from /home/airflow/.local/lib/python3.8/site-packages/airflow/example_dags/example_latest_only.py
[2024-09-14T03:43:17.484+0000] {processor.py:840} INFO - DAG(s) 'latest_only' retrieved from /home/airflow/.local/lib/python3.8/site-packages/airflow/example_dags/example_latest_only.py
[2024-09-14T03:43:17.499+0000] {logging_mixin.py:188} INFO - [2024-09-14T03:43:17.499+0000] {dag.py:3036} INFO - Sync 1 DAGs
[2024-09-14T03:43:17.513+0000] {logging_mixin.py:188} INFO - [2024-09-14T03:43:17.513+0000] {dag.py:3823} INFO - Setting next_dagrun for latest_only to 2024-09-13 20:00:00+00:00, run_after=2024-09-14 00:00:00+00:00
[2024-09-14T03:43:17.526+0000] {processor.py:183} INFO - Processing /home/airflow/.local/lib/python3.8/site-packages/airflow/example_dags/example_latest_only.py took 0.052 seconds
[2024-09-14T03:43:47.563+0000] {processor.py:161} INFO - Started process (PID=5895) to work on /home/airflow/.local/lib/python3.8/site-packages/airflow/example_dags/example_latest_only.py
[2024-09-14T03:43:47.564+0000] {processor.py:830} INFO - Processing file /home/airflow/.local/lib/python3.8/site-packages/airflow/example_dags/example_latest_only.py for tasks to queue
[2024-09-14T03:43:47.565+0000] {logging_mixin.py:188} INFO - [2024-09-14T03:43:47.565+0000] {dagbag.py:538} INFO - Filling up the DagBag from /home/airflow/.local/lib/python3.8/site-packages/airflow/example_dags/example_latest_only.py
[2024-09-14T03:43:47.569+0000] {processor.py:840} INFO - DAG(s) 'latest_only' retrieved from /home/airflow/.local/lib/python3.8/site-packages/airflow/example_dags/example_latest_only.py
[2024-09-14T03:43:47.584+0000] {logging_mixin.py:188} INFO - [2024-09-14T03:43:47.584+0000] {dag.py:3036} INFO - Sync 1 DAGs
[2024-09-14T03:43:47.598+0000] {logging_mixin.py:188} INFO - [2024-09-14T03:43:47.598+0000] {dag.py:3823} INFO - Setting next_dagrun for latest_only to 2024-09-13 20:00:00+00:00, run_after=2024-09-14 00:00:00+00:00
[2024-09-14T03:43:47.609+0000] {processor.py:183} INFO - Processing /home/airflow/.local/lib/python3.8/site-packages/airflow/example_dags/example_latest_only.py took 0.048 seconds
[2024-09-14T03:44:17.958+0000] {processor.py:161} INFO - Started process (PID=6142) to work on /home/airflow/.local/lib/python3.8/site-packages/airflow/example_dags/example_latest_only.py
[2024-09-14T03:44:17.959+0000] {processor.py:830} INFO - Processing file /home/airflow/.local/lib/python3.8/site-packages/airflow/example_dags/example_latest_only.py for tasks to queue
[2024-09-14T03:44:17.959+0000] {logging_mixin.py:188} INFO - [2024-09-14T03:44:17.959+0000] {dagbag.py:538} INFO - Filling up the DagBag from /home/airflow/.local/lib/python3.8/site-packages/airflow/example_dags/example_latest_only.py
[2024-09-14T03:44:17.963+0000] {processor.py:840} INFO - DAG(s) 'latest_only' retrieved from /home/airflow/.local/lib/python3.8/site-packages/airflow/example_dags/example_latest_only.py
[2024-09-14T03:44:17.978+0000] {logging_mixin.py:188} INFO - [2024-09-14T03:44:17.978+0000] {dag.py:3036} INFO - Sync 1 DAGs
[2024-09-14T03:44:17.993+0000] {logging_mixin.py:188} INFO - [2024-09-14T03:44:17.993+0000] {dag.py:3823} INFO - Setting next_dagrun for latest_only to 2024-09-13 20:00:00+00:00, run_after=2024-09-14 00:00:00+00:00
[2024-09-14T03:44:18.010+0000] {processor.py:183} INFO - Processing /home/airflow/.local/lib/python3.8/site-packages/airflow/example_dags/example_latest_only.py took 0.054 seconds
[2024-09-14T03:44:48.786+0000] {processor.py:161} INFO - Started process (PID=6389) to work on /home/airflow/.local/lib/python3.8/site-packages/airflow/example_dags/example_latest_only.py
[2024-09-14T03:44:48.787+0000] {processor.py:830} INFO - Processing file /home/airflow/.local/lib/python3.8/site-packages/airflow/example_dags/example_latest_only.py for tasks to queue
[2024-09-14T03:44:48.788+0000] {logging_mixin.py:188} INFO - [2024-09-14T03:44:48.787+0000] {dagbag.py:538} INFO - Filling up the DagBag from /home/airflow/.local/lib/python3.8/site-packages/airflow/example_dags/example_latest_only.py
[2024-09-14T03:44:48.791+0000] {processor.py:840} INFO - DAG(s) 'latest_only' retrieved from /home/airflow/.local/lib/python3.8/site-packages/airflow/example_dags/example_latest_only.py
[2024-09-14T03:44:48.804+0000] {logging_mixin.py:188} INFO - [2024-09-14T03:44:48.804+0000] {dag.py:3036} INFO - Sync 1 DAGs
[2024-09-14T03:44:48.816+0000] {logging_mixin.py:188} INFO - [2024-09-14T03:44:48.816+0000] {dag.py:3823} INFO - Setting next_dagrun for latest_only to 2024-09-13 20:00:00+00:00, run_after=2024-09-14 00:00:00+00:00
[2024-09-14T03:44:48.826+0000] {processor.py:183} INFO - Processing /home/airflow/.local/lib/python3.8/site-packages/airflow/example_dags/example_latest_only.py took 0.043 seconds
[2024-09-14T03:45:18.848+0000] {processor.py:161} INFO - Started process (PID=6636) to work on /home/airflow/.local/lib/python3.8/site-packages/airflow/example_dags/example_latest_only.py
[2024-09-14T03:45:18.849+0000] {processor.py:830} INFO - Processing file /home/airflow/.local/lib/python3.8/site-packages/airflow/example_dags/example_latest_only.py for tasks to queue
[2024-09-14T03:45:18.850+0000] {logging_mixin.py:188} INFO - [2024-09-14T03:45:18.850+0000] {dagbag.py:538} INFO - Filling up the DagBag from /home/airflow/.local/lib/python3.8/site-packages/airflow/example_dags/example_latest_only.py
[2024-09-14T03:45:18.853+0000] {processor.py:840} INFO - DAG(s) 'latest_only' retrieved from /home/airflow/.local/lib/python3.8/site-packages/airflow/example_dags/example_latest_only.py
[2024-09-14T03:45:18.865+0000] {logging_mixin.py:188} INFO - [2024-09-14T03:45:18.865+0000] {dag.py:3036} INFO - Sync 1 DAGs
[2024-09-14T03:45:18.876+0000] {logging_mixin.py:188} INFO - [2024-09-14T03:45:18.876+0000] {dag.py:3823} INFO - Setting next_dagrun for latest_only to 2024-09-13 20:00:00+00:00, run_after=2024-09-14 00:00:00+00:00
[2024-09-14T03:45:18.885+0000] {processor.py:183} INFO - Processing /home/airflow/.local/lib/python3.8/site-packages/airflow/example_dags/example_latest_only.py took 0.039 seconds
[2024-09-14T03:45:49.113+0000] {processor.py:161} INFO - Started process (PID=6885) to work on /home/airflow/.local/lib/python3.8/site-packages/airflow/example_dags/example_latest_only.py
[2024-09-14T03:45:49.114+0000] {processor.py:830} INFO - Processing file /home/airflow/.local/lib/python3.8/site-packages/airflow/example_dags/example_latest_only.py for tasks to queue
[2024-09-14T03:45:49.114+0000] {logging_mixin.py:188} INFO - [2024-09-14T03:45:49.114+0000] {dagbag.py:538} INFO - Filling up the DagBag from /home/airflow/.local/lib/python3.8/site-packages/airflow/example_dags/example_latest_only.py
[2024-09-14T03:45:49.118+0000] {processor.py:840} INFO - DAG(s) 'latest_only' retrieved from /home/airflow/.local/lib/python3.8/site-packages/airflow/example_dags/example_latest_only.py
[2024-09-14T03:45:49.131+0000] {logging_mixin.py:188} INFO - [2024-09-14T03:45:49.130+0000] {dag.py:3036} INFO - Sync 1 DAGs
[2024-09-14T03:45:49.142+0000] {logging_mixin.py:188} INFO - [2024-09-14T03:45:49.142+0000] {dag.py:3823} INFO - Setting next_dagrun for latest_only to 2024-09-13 20:00:00+00:00, run_after=2024-09-14 00:00:00+00:00
[2024-09-14T03:45:49.151+0000] {processor.py:183} INFO - Processing /home/airflow/.local/lib/python3.8/site-packages/airflow/example_dags/example_latest_only.py took 0.040 seconds
[2024-09-14T03:46:19.862+0000] {processor.py:161} INFO - Started process (PID=7130) to work on /home/airflow/.local/lib/python3.8/site-packages/airflow/example_dags/example_latest_only.py
[2024-09-14T03:46:19.863+0000] {processor.py:830} INFO - Processing file /home/airflow/.local/lib/python3.8/site-packages/airflow/example_dags/example_latest_only.py for tasks to queue
[2024-09-14T03:46:19.864+0000] {logging_mixin.py:188} INFO - [2024-09-14T03:46:19.864+0000] {dagbag.py:538} INFO - Filling up the DagBag from /home/airflow/.local/lib/python3.8/site-packages/airflow/example_dags/example_latest_only.py
[2024-09-14T03:46:19.868+0000] {processor.py:840} INFO - DAG(s) 'latest_only' retrieved from /home/airflow/.local/lib/python3.8/site-packages/airflow/example_dags/example_latest_only.py
[2024-09-14T03:46:19.880+0000] {logging_mixin.py:188} INFO - [2024-09-14T03:46:19.880+0000] {dag.py:3036} INFO - Sync 1 DAGs
[2024-09-14T03:46:19.894+0000] {logging_mixin.py:188} INFO - [2024-09-14T03:46:19.894+0000] {dag.py:3823} INFO - Setting next_dagrun for latest_only to 2024-09-13 20:00:00+00:00, run_after=2024-09-14 00:00:00+00:00
[2024-09-14T03:46:19.905+0000] {processor.py:183} INFO - Processing /home/airflow/.local/lib/python3.8/site-packages/airflow/example_dags/example_latest_only.py took 0.045 seconds
[2024-09-14T03:46:50.041+0000] {processor.py:161} INFO - Started process (PID=7377) to work on /home/airflow/.local/lib/python3.8/site-packages/airflow/example_dags/example_latest_only.py
[2024-09-14T03:46:50.042+0000] {processor.py:830} INFO - Processing file /home/airflow/.local/lib/python3.8/site-packages/airflow/example_dags/example_latest_only.py for tasks to queue
[2024-09-14T03:46:50.043+0000] {logging_mixin.py:188} INFO - [2024-09-14T03:46:50.043+0000] {dagbag.py:538} INFO - Filling up the DagBag from /home/airflow/.local/lib/python3.8/site-packages/airflow/example_dags/example_latest_only.py
[2024-09-14T03:46:50.047+0000] {processor.py:840} INFO - DAG(s) 'latest_only' retrieved from /home/airflow/.local/lib/python3.8/site-packages/airflow/example_dags/example_latest_only.py
[2024-09-14T03:46:50.061+0000] {logging_mixin.py:188} INFO - [2024-09-14T03:46:50.061+0000] {dag.py:3036} INFO - Sync 1 DAGs
[2024-09-14T03:46:50.074+0000] {logging_mixin.py:188} INFO - [2024-09-14T03:46:50.074+0000] {dag.py:3823} INFO - Setting next_dagrun for latest_only to 2024-09-13 20:00:00+00:00, run_after=2024-09-14 00:00:00+00:00
[2024-09-14T03:46:50.085+0000] {processor.py:183} INFO - Processing /home/airflow/.local/lib/python3.8/site-packages/airflow/example_dags/example_latest_only.py took 0.046 seconds
