[2024-09-14T03:28:26.673+0000] {processor.py:161} INFO - Started process (PID=193) to work on /home/airflow/.local/lib/python3.8/site-packages/airflow/example_dags/example_xcom.py
[2024-09-14T03:28:26.674+0000] {processor.py:830} INFO - Processing file /home/airflow/.local/lib/python3.8/site-packages/airflow/example_dags/example_xcom.py for tasks to queue
[2024-09-14T03:28:26.675+0000] {logging_mixin.py:188} INFO - [2024-09-14T03:28:26.675+0000] {dagbag.py:538} INFO - Filling up the DagBag from /home/airflow/.local/lib/python3.8/site-packages/airflow/example_dags/example_xcom.py
[2024-09-14T03:28:26.682+0000] {processor.py:840} INFO - DAG(s) 'example_xcom' retrieved from /home/airflow/.local/lib/python3.8/site-packages/airflow/example_dags/example_xcom.py
[2024-09-14T03:28:26.701+0000] {logging_mixin.py:188} INFO - [2024-09-14T03:28:26.700+0000] {dag.py:3036} INFO - Sync 1 DAGs
[2024-09-14T03:28:26.718+0000] {logging_mixin.py:188} INFO - [2024-09-14T03:28:26.718+0000] {dag.py:3823} INFO - Setting next_dagrun for example_xcom to 2021-01-01 00:00:00+00:00, run_after=2021-01-01 00:00:00+00:00
[2024-09-14T03:28:26.732+0000] {processor.py:183} INFO - Processing /home/airflow/.local/lib/python3.8/site-packages/airflow/example_dags/example_xcom.py took 0.061 seconds
[2024-09-14T03:28:57.313+0000] {processor.py:161} INFO - Started process (PID=440) to work on /home/airflow/.local/lib/python3.8/site-packages/airflow/example_dags/example_xcom.py
[2024-09-14T03:28:57.314+0000] {processor.py:830} INFO - Processing file /home/airflow/.local/lib/python3.8/site-packages/airflow/example_dags/example_xcom.py for tasks to queue
[2024-09-14T03:28:57.314+0000] {logging_mixin.py:188} INFO - [2024-09-14T03:28:57.314+0000] {dagbag.py:538} INFO - Filling up the DagBag from /home/airflow/.local/lib/python3.8/site-packages/airflow/example_dags/example_xcom.py
[2024-09-14T03:28:57.319+0000] {processor.py:840} INFO - DAG(s) 'example_xcom' retrieved from /home/airflow/.local/lib/python3.8/site-packages/airflow/example_dags/example_xcom.py
[2024-09-14T03:28:57.330+0000] {logging_mixin.py:188} INFO - [2024-09-14T03:28:57.330+0000] {dag.py:3036} INFO - Sync 1 DAGs
[2024-09-14T03:28:57.340+0000] {logging_mixin.py:188} INFO - [2024-09-14T03:28:57.340+0000] {dag.py:3823} INFO - Setting next_dagrun for example_xcom to 2021-01-01 00:00:00+00:00, run_after=2021-01-01 00:00:00+00:00
[2024-09-14T03:28:57.348+0000] {processor.py:183} INFO - Processing /home/airflow/.local/lib/python3.8/site-packages/airflow/example_dags/example_xcom.py took 0.037 seconds
[2024-09-14T03:29:28.187+0000] {processor.py:161} INFO - Started process (PID=687) to work on /home/airflow/.local/lib/python3.8/site-packages/airflow/example_dags/example_xcom.py
[2024-09-14T03:29:28.187+0000] {processor.py:830} INFO - Processing file /home/airflow/.local/lib/python3.8/site-packages/airflow/example_dags/example_xcom.py for tasks to queue
[2024-09-14T03:29:28.188+0000] {logging_mixin.py:188} INFO - [2024-09-14T03:29:28.188+0000] {dagbag.py:538} INFO - Filling up the DagBag from /home/airflow/.local/lib/python3.8/site-packages/airflow/example_dags/example_xcom.py
[2024-09-14T03:29:28.193+0000] {processor.py:840} INFO - DAG(s) 'example_xcom' retrieved from /home/airflow/.local/lib/python3.8/site-packages/airflow/example_dags/example_xcom.py
[2024-09-14T03:29:28.204+0000] {logging_mixin.py:188} INFO - [2024-09-14T03:29:28.204+0000] {dag.py:3036} INFO - Sync 1 DAGs
[2024-09-14T03:29:28.215+0000] {logging_mixin.py:188} INFO - [2024-09-14T03:29:28.215+0000] {dag.py:3823} INFO - Setting next_dagrun for example_xcom to 2021-01-01 00:00:00+00:00, run_after=2021-01-01 00:00:00+00:00
[2024-09-14T03:29:28.224+0000] {processor.py:183} INFO - Processing /home/airflow/.local/lib/python3.8/site-packages/airflow/example_dags/example_xcom.py took 0.040 seconds
[2024-09-14T03:29:58.894+0000] {processor.py:161} INFO - Started process (PID=934) to work on /home/airflow/.local/lib/python3.8/site-packages/airflow/example_dags/example_xcom.py
[2024-09-14T03:29:58.894+0000] {processor.py:830} INFO - Processing file /home/airflow/.local/lib/python3.8/site-packages/airflow/example_dags/example_xcom.py for tasks to queue
[2024-09-14T03:29:58.895+0000] {logging_mixin.py:188} INFO - [2024-09-14T03:29:58.895+0000] {dagbag.py:538} INFO - Filling up the DagBag from /home/airflow/.local/lib/python3.8/site-packages/airflow/example_dags/example_xcom.py
[2024-09-14T03:29:58.900+0000] {processor.py:840} INFO - DAG(s) 'example_xcom' retrieved from /home/airflow/.local/lib/python3.8/site-packages/airflow/example_dags/example_xcom.py
[2024-09-14T03:29:58.914+0000] {logging_mixin.py:188} INFO - [2024-09-14T03:29:58.914+0000] {dag.py:3036} INFO - Sync 1 DAGs
[2024-09-14T03:29:58.926+0000] {logging_mixin.py:188} INFO - [2024-09-14T03:29:58.925+0000] {dag.py:3823} INFO - Setting next_dagrun for example_xcom to 2021-01-01 00:00:00+00:00, run_after=2021-01-01 00:00:00+00:00
[2024-09-14T03:29:58.936+0000] {processor.py:183} INFO - Processing /home/airflow/.local/lib/python3.8/site-packages/airflow/example_dags/example_xcom.py took 0.045 seconds
[2024-09-14T03:30:29.627+0000] {processor.py:161} INFO - Started process (PID=1181) to work on /home/airflow/.local/lib/python3.8/site-packages/airflow/example_dags/example_xcom.py
[2024-09-14T03:30:29.628+0000] {processor.py:830} INFO - Processing file /home/airflow/.local/lib/python3.8/site-packages/airflow/example_dags/example_xcom.py for tasks to queue
[2024-09-14T03:30:29.629+0000] {logging_mixin.py:188} INFO - [2024-09-14T03:30:29.628+0000] {dagbag.py:538} INFO - Filling up the DagBag from /home/airflow/.local/lib/python3.8/site-packages/airflow/example_dags/example_xcom.py
[2024-09-14T03:30:29.634+0000] {processor.py:840} INFO - DAG(s) 'example_xcom' retrieved from /home/airflow/.local/lib/python3.8/site-packages/airflow/example_dags/example_xcom.py
[2024-09-14T03:30:29.646+0000] {logging_mixin.py:188} INFO - [2024-09-14T03:30:29.646+0000] {dag.py:3036} INFO - Sync 1 DAGs
[2024-09-14T03:30:29.656+0000] {logging_mixin.py:188} INFO - [2024-09-14T03:30:29.656+0000] {dag.py:3823} INFO - Setting next_dagrun for example_xcom to 2021-01-01 00:00:00+00:00, run_after=2021-01-01 00:00:00+00:00
[2024-09-14T03:30:29.664+0000] {processor.py:183} INFO - Processing /home/airflow/.local/lib/python3.8/site-packages/airflow/example_dags/example_xcom.py took 0.039 seconds
[2024-09-14T03:31:00.436+0000] {processor.py:161} INFO - Started process (PID=1428) to work on /home/airflow/.local/lib/python3.8/site-packages/airflow/example_dags/example_xcom.py
[2024-09-14T03:31:00.442+0000] {processor.py:830} INFO - Processing file /home/airflow/.local/lib/python3.8/site-packages/airflow/example_dags/example_xcom.py for tasks to queue
[2024-09-14T03:31:00.442+0000] {logging_mixin.py:188} INFO - [2024-09-14T03:31:00.442+0000] {dagbag.py:538} INFO - Filling up the DagBag from /home/airflow/.local/lib/python3.8/site-packages/airflow/example_dags/example_xcom.py
[2024-09-14T03:31:00.447+0000] {processor.py:840} INFO - DAG(s) 'example_xcom' retrieved from /home/airflow/.local/lib/python3.8/site-packages/airflow/example_dags/example_xcom.py
[2024-09-14T03:31:00.459+0000] {logging_mixin.py:188} INFO - [2024-09-14T03:31:00.459+0000] {dag.py:3036} INFO - Sync 1 DAGs
[2024-09-14T03:31:00.469+0000] {logging_mixin.py:188} INFO - [2024-09-14T03:31:00.469+0000] {dag.py:3823} INFO - Setting next_dagrun for example_xcom to 2021-01-01 00:00:00+00:00, run_after=2021-01-01 00:00:00+00:00
[2024-09-14T03:31:00.478+0000] {processor.py:183} INFO - Processing /home/airflow/.local/lib/python3.8/site-packages/airflow/example_dags/example_xcom.py took 0.044 seconds
[2024-09-14T03:31:31.276+0000] {processor.py:161} INFO - Started process (PID=1675) to work on /home/airflow/.local/lib/python3.8/site-packages/airflow/example_dags/example_xcom.py
[2024-09-14T03:31:31.277+0000] {processor.py:830} INFO - Processing file /home/airflow/.local/lib/python3.8/site-packages/airflow/example_dags/example_xcom.py for tasks to queue
[2024-09-14T03:31:31.277+0000] {logging_mixin.py:188} INFO - [2024-09-14T03:31:31.277+0000] {dagbag.py:538} INFO - Filling up the DagBag from /home/airflow/.local/lib/python3.8/site-packages/airflow/example_dags/example_xcom.py
[2024-09-14T03:31:31.282+0000] {processor.py:840} INFO - DAG(s) 'example_xcom' retrieved from /home/airflow/.local/lib/python3.8/site-packages/airflow/example_dags/example_xcom.py
[2024-09-14T03:31:31.293+0000] {logging_mixin.py:188} INFO - [2024-09-14T03:31:31.293+0000] {dag.py:3036} INFO - Sync 1 DAGs
[2024-09-14T03:31:31.303+0000] {logging_mixin.py:188} INFO - [2024-09-14T03:31:31.303+0000] {dag.py:3823} INFO - Setting next_dagrun for example_xcom to 2021-01-01 00:00:00+00:00, run_after=2021-01-01 00:00:00+00:00
[2024-09-14T03:31:31.311+0000] {processor.py:183} INFO - Processing /home/airflow/.local/lib/python3.8/site-packages/airflow/example_dags/example_xcom.py took 0.037 seconds
[2024-09-14T03:32:02.154+0000] {processor.py:161} INFO - Started process (PID=1922) to work on /home/airflow/.local/lib/python3.8/site-packages/airflow/example_dags/example_xcom.py
[2024-09-14T03:32:02.155+0000] {processor.py:830} INFO - Processing file /home/airflow/.local/lib/python3.8/site-packages/airflow/example_dags/example_xcom.py for tasks to queue
[2024-09-14T03:32:02.156+0000] {logging_mixin.py:188} INFO - [2024-09-14T03:32:02.156+0000] {dagbag.py:538} INFO - Filling up the DagBag from /home/airflow/.local/lib/python3.8/site-packages/airflow/example_dags/example_xcom.py
[2024-09-14T03:32:02.160+0000] {processor.py:840} INFO - DAG(s) 'example_xcom' retrieved from /home/airflow/.local/lib/python3.8/site-packages/airflow/example_dags/example_xcom.py
[2024-09-14T03:32:02.173+0000] {logging_mixin.py:188} INFO - [2024-09-14T03:32:02.173+0000] {dag.py:3036} INFO - Sync 1 DAGs
[2024-09-14T03:32:02.183+0000] {logging_mixin.py:188} INFO - [2024-09-14T03:32:02.183+0000] {dag.py:3823} INFO - Setting next_dagrun for example_xcom to 2021-01-01 00:00:00+00:00, run_after=2021-01-01 00:00:00+00:00
[2024-09-14T03:32:02.193+0000] {processor.py:183} INFO - Processing /home/airflow/.local/lib/python3.8/site-packages/airflow/example_dags/example_xcom.py took 0.041 seconds
[2024-09-14T03:32:32.830+0000] {processor.py:161} INFO - Started process (PID=2169) to work on /home/airflow/.local/lib/python3.8/site-packages/airflow/example_dags/example_xcom.py
[2024-09-14T03:32:32.831+0000] {processor.py:830} INFO - Processing file /home/airflow/.local/lib/python3.8/site-packages/airflow/example_dags/example_xcom.py for tasks to queue
[2024-09-14T03:32:32.832+0000] {logging_mixin.py:188} INFO - [2024-09-14T03:32:32.832+0000] {dagbag.py:538} INFO - Filling up the DagBag from /home/airflow/.local/lib/python3.8/site-packages/airflow/example_dags/example_xcom.py
[2024-09-14T03:32:32.837+0000] {processor.py:840} INFO - DAG(s) 'example_xcom' retrieved from /home/airflow/.local/lib/python3.8/site-packages/airflow/example_dags/example_xcom.py
[2024-09-14T03:32:32.850+0000] {logging_mixin.py:188} INFO - [2024-09-14T03:32:32.850+0000] {dag.py:3036} INFO - Sync 1 DAGs
[2024-09-14T03:32:32.863+0000] {logging_mixin.py:188} INFO - [2024-09-14T03:32:32.862+0000] {dag.py:3823} INFO - Setting next_dagrun for example_xcom to 2021-01-01 00:00:00+00:00, run_after=2021-01-01 00:00:00+00:00
[2024-09-14T03:32:32.873+0000] {processor.py:183} INFO - Processing /home/airflow/.local/lib/python3.8/site-packages/airflow/example_dags/example_xcom.py took 0.045 seconds
[2024-09-14T03:33:03.617+0000] {processor.py:161} INFO - Started process (PID=2416) to work on /home/airflow/.local/lib/python3.8/site-packages/airflow/example_dags/example_xcom.py
[2024-09-14T03:33:03.618+0000] {processor.py:830} INFO - Processing file /home/airflow/.local/lib/python3.8/site-packages/airflow/example_dags/example_xcom.py for tasks to queue
[2024-09-14T03:33:03.619+0000] {logging_mixin.py:188} INFO - [2024-09-14T03:33:03.618+0000] {dagbag.py:538} INFO - Filling up the DagBag from /home/airflow/.local/lib/python3.8/site-packages/airflow/example_dags/example_xcom.py
[2024-09-14T03:33:03.623+0000] {processor.py:840} INFO - DAG(s) 'example_xcom' retrieved from /home/airflow/.local/lib/python3.8/site-packages/airflow/example_dags/example_xcom.py
[2024-09-14T03:33:03.636+0000] {logging_mixin.py:188} INFO - [2024-09-14T03:33:03.636+0000] {dag.py:3036} INFO - Sync 1 DAGs
[2024-09-14T03:33:03.648+0000] {logging_mixin.py:188} INFO - [2024-09-14T03:33:03.647+0000] {dag.py:3823} INFO - Setting next_dagrun for example_xcom to 2021-01-01 00:00:00+00:00, run_after=2021-01-01 00:00:00+00:00
[2024-09-14T03:33:03.657+0000] {processor.py:183} INFO - Processing /home/airflow/.local/lib/python3.8/site-packages/airflow/example_dags/example_xcom.py took 0.042 seconds
[2024-09-14T03:33:34.332+0000] {processor.py:161} INFO - Started process (PID=2663) to work on /home/airflow/.local/lib/python3.8/site-packages/airflow/example_dags/example_xcom.py
[2024-09-14T03:33:34.332+0000] {processor.py:830} INFO - Processing file /home/airflow/.local/lib/python3.8/site-packages/airflow/example_dags/example_xcom.py for tasks to queue
[2024-09-14T03:33:34.333+0000] {logging_mixin.py:188} INFO - [2024-09-14T03:33:34.333+0000] {dagbag.py:538} INFO - Filling up the DagBag from /home/airflow/.local/lib/python3.8/site-packages/airflow/example_dags/example_xcom.py
[2024-09-14T03:33:34.337+0000] {processor.py:840} INFO - DAG(s) 'example_xcom' retrieved from /home/airflow/.local/lib/python3.8/site-packages/airflow/example_dags/example_xcom.py
[2024-09-14T03:33:34.350+0000] {logging_mixin.py:188} INFO - [2024-09-14T03:33:34.350+0000] {dag.py:3036} INFO - Sync 1 DAGs
[2024-09-14T03:33:34.360+0000] {logging_mixin.py:188} INFO - [2024-09-14T03:33:34.360+0000] {dag.py:3823} INFO - Setting next_dagrun for example_xcom to 2021-01-01 00:00:00+00:00, run_after=2021-01-01 00:00:00+00:00
[2024-09-14T03:33:34.369+0000] {processor.py:183} INFO - Processing /home/airflow/.local/lib/python3.8/site-packages/airflow/example_dags/example_xcom.py took 0.040 seconds
[2024-09-14T03:34:05.112+0000] {processor.py:161} INFO - Started process (PID=2910) to work on /home/airflow/.local/lib/python3.8/site-packages/airflow/example_dags/example_xcom.py
[2024-09-14T03:34:05.113+0000] {processor.py:830} INFO - Processing file /home/airflow/.local/lib/python3.8/site-packages/airflow/example_dags/example_xcom.py for tasks to queue
[2024-09-14T03:34:05.113+0000] {logging_mixin.py:188} INFO - [2024-09-14T03:34:05.113+0000] {dagbag.py:538} INFO - Filling up the DagBag from /home/airflow/.local/lib/python3.8/site-packages/airflow/example_dags/example_xcom.py
[2024-09-14T03:34:05.117+0000] {processor.py:840} INFO - DAG(s) 'example_xcom' retrieved from /home/airflow/.local/lib/python3.8/site-packages/airflow/example_dags/example_xcom.py
[2024-09-14T03:34:05.128+0000] {logging_mixin.py:188} INFO - [2024-09-14T03:34:05.128+0000] {dag.py:3036} INFO - Sync 1 DAGs
[2024-09-14T03:34:05.138+0000] {logging_mixin.py:188} INFO - [2024-09-14T03:34:05.138+0000] {dag.py:3823} INFO - Setting next_dagrun for example_xcom to 2021-01-01 00:00:00+00:00, run_after=2021-01-01 00:00:00+00:00
[2024-09-14T03:34:05.147+0000] {processor.py:183} INFO - Processing /home/airflow/.local/lib/python3.8/site-packages/airflow/example_dags/example_xcom.py took 0.037 seconds
[2024-09-14T03:34:47.401+0000] {processor.py:161} INFO - Started process (PID=3151) to work on /home/airflow/.local/lib/python3.8/site-packages/airflow/example_dags/example_xcom.py
[2024-09-14T03:34:47.402+0000] {processor.py:830} INFO - Processing file /home/airflow/.local/lib/python3.8/site-packages/airflow/example_dags/example_xcom.py for tasks to queue
[2024-09-14T03:34:47.403+0000] {logging_mixin.py:188} INFO - [2024-09-14T03:34:47.403+0000] {dagbag.py:538} INFO - Filling up the DagBag from /home/airflow/.local/lib/python3.8/site-packages/airflow/example_dags/example_xcom.py
[2024-09-14T03:34:47.408+0000] {processor.py:840} INFO - DAG(s) 'example_xcom' retrieved from /home/airflow/.local/lib/python3.8/site-packages/airflow/example_dags/example_xcom.py
[2024-09-14T03:34:47.422+0000] {logging_mixin.py:188} INFO - [2024-09-14T03:34:47.422+0000] {dag.py:3036} INFO - Sync 1 DAGs
[2024-09-14T03:34:47.434+0000] {logging_mixin.py:188} INFO - [2024-09-14T03:34:47.434+0000] {dag.py:3823} INFO - Setting next_dagrun for example_xcom to 2021-01-01 00:00:00+00:00, run_after=2021-01-01 00:00:00+00:00
[2024-09-14T03:34:47.445+0000] {processor.py:183} INFO - Processing /home/airflow/.local/lib/python3.8/site-packages/airflow/example_dags/example_xcom.py took 0.046 seconds
[2024-09-14T03:38:40.717+0000] {processor.py:161} INFO - Started process (PID=3401) to work on /home/airflow/.local/lib/python3.8/site-packages/airflow/example_dags/example_xcom.py
[2024-09-14T03:38:40.721+0000] {processor.py:830} INFO - Processing file /home/airflow/.local/lib/python3.8/site-packages/airflow/example_dags/example_xcom.py for tasks to queue
[2024-09-14T03:38:40.724+0000] {logging_mixin.py:188} INFO - [2024-09-14T03:38:40.723+0000] {dagbag.py:538} INFO - Filling up the DagBag from /home/airflow/.local/lib/python3.8/site-packages/airflow/example_dags/example_xcom.py
[2024-09-14T03:38:40.739+0000] {processor.py:840} INFO - DAG(s) 'example_xcom' retrieved from /home/airflow/.local/lib/python3.8/site-packages/airflow/example_dags/example_xcom.py
[2024-09-14T03:38:40.799+0000] {logging_mixin.py:188} INFO - [2024-09-14T03:38:40.799+0000] {dag.py:3036} INFO - Sync 1 DAGs
[2024-09-14T03:38:40.832+0000] {logging_mixin.py:188} INFO - [2024-09-14T03:38:40.832+0000] {dag.py:3823} INFO - Setting next_dagrun for example_xcom to 2021-01-01 00:00:00+00:00, run_after=2021-01-01 00:00:00+00:00
[2024-09-14T03:38:40.875+0000] {processor.py:183} INFO - Processing /home/airflow/.local/lib/python3.8/site-packages/airflow/example_dags/example_xcom.py took 0.160 seconds
[2024-09-14T03:39:11.763+0000] {processor.py:161} INFO - Started process (PID=3654) to work on /home/airflow/.local/lib/python3.8/site-packages/airflow/example_dags/example_xcom.py
[2024-09-14T03:39:11.764+0000] {processor.py:830} INFO - Processing file /home/airflow/.local/lib/python3.8/site-packages/airflow/example_dags/example_xcom.py for tasks to queue
[2024-09-14T03:39:11.765+0000] {logging_mixin.py:188} INFO - [2024-09-14T03:39:11.764+0000] {dagbag.py:538} INFO - Filling up the DagBag from /home/airflow/.local/lib/python3.8/site-packages/airflow/example_dags/example_xcom.py
[2024-09-14T03:39:11.769+0000] {processor.py:840} INFO - DAG(s) 'example_xcom' retrieved from /home/airflow/.local/lib/python3.8/site-packages/airflow/example_dags/example_xcom.py
[2024-09-14T03:39:11.784+0000] {logging_mixin.py:188} INFO - [2024-09-14T03:39:11.784+0000] {dag.py:3036} INFO - Sync 1 DAGs
[2024-09-14T03:39:11.805+0000] {logging_mixin.py:188} INFO - [2024-09-14T03:39:11.805+0000] {dag.py:3823} INFO - Setting next_dagrun for example_xcom to 2021-01-01 00:00:00+00:00, run_after=2021-01-01 00:00:00+00:00
[2024-09-14T03:39:11.823+0000] {processor.py:183} INFO - Processing /home/airflow/.local/lib/python3.8/site-packages/airflow/example_dags/example_xcom.py took 0.063 seconds
[2024-09-14T03:39:42.686+0000] {processor.py:161} INFO - Started process (PID=3901) to work on /home/airflow/.local/lib/python3.8/site-packages/airflow/example_dags/example_xcom.py
[2024-09-14T03:39:42.687+0000] {processor.py:830} INFO - Processing file /home/airflow/.local/lib/python3.8/site-packages/airflow/example_dags/example_xcom.py for tasks to queue
[2024-09-14T03:39:42.688+0000] {logging_mixin.py:188} INFO - [2024-09-14T03:39:42.688+0000] {dagbag.py:538} INFO - Filling up the DagBag from /home/airflow/.local/lib/python3.8/site-packages/airflow/example_dags/example_xcom.py
[2024-09-14T03:39:42.693+0000] {processor.py:840} INFO - DAG(s) 'example_xcom' retrieved from /home/airflow/.local/lib/python3.8/site-packages/airflow/example_dags/example_xcom.py
[2024-09-14T03:39:42.706+0000] {logging_mixin.py:188} INFO - [2024-09-14T03:39:42.705+0000] {dag.py:3036} INFO - Sync 1 DAGs
[2024-09-14T03:39:42.717+0000] {logging_mixin.py:188} INFO - [2024-09-14T03:39:42.717+0000] {dag.py:3823} INFO - Setting next_dagrun for example_xcom to 2021-01-01 00:00:00+00:00, run_after=2021-01-01 00:00:00+00:00
[2024-09-14T03:39:42.728+0000] {processor.py:183} INFO - Processing /home/airflow/.local/lib/python3.8/site-packages/airflow/example_dags/example_xcom.py took 0.046 seconds
[2024-09-14T03:40:13.440+0000] {processor.py:161} INFO - Started process (PID=4148) to work on /home/airflow/.local/lib/python3.8/site-packages/airflow/example_dags/example_xcom.py
[2024-09-14T03:40:13.442+0000] {processor.py:830} INFO - Processing file /home/airflow/.local/lib/python3.8/site-packages/airflow/example_dags/example_xcom.py for tasks to queue
[2024-09-14T03:40:13.444+0000] {logging_mixin.py:188} INFO - [2024-09-14T03:40:13.443+0000] {dagbag.py:538} INFO - Filling up the DagBag from /home/airflow/.local/lib/python3.8/site-packages/airflow/example_dags/example_xcom.py
[2024-09-14T03:40:13.449+0000] {processor.py:840} INFO - DAG(s) 'example_xcom' retrieved from /home/airflow/.local/lib/python3.8/site-packages/airflow/example_dags/example_xcom.py
[2024-09-14T03:40:13.465+0000] {logging_mixin.py:188} INFO - [2024-09-14T03:40:13.465+0000] {dag.py:3036} INFO - Sync 1 DAGs
[2024-09-14T03:40:13.479+0000] {logging_mixin.py:188} INFO - [2024-09-14T03:40:13.479+0000] {dag.py:3823} INFO - Setting next_dagrun for example_xcom to 2021-01-01 00:00:00+00:00, run_after=2021-01-01 00:00:00+00:00
[2024-09-14T03:40:13.499+0000] {processor.py:183} INFO - Processing /home/airflow/.local/lib/python3.8/site-packages/airflow/example_dags/example_xcom.py took 0.062 seconds
[2024-09-14T03:40:44.297+0000] {processor.py:161} INFO - Started process (PID=4395) to work on /home/airflow/.local/lib/python3.8/site-packages/airflow/example_dags/example_xcom.py
[2024-09-14T03:40:44.297+0000] {processor.py:830} INFO - Processing file /home/airflow/.local/lib/python3.8/site-packages/airflow/example_dags/example_xcom.py for tasks to queue
[2024-09-14T03:40:44.298+0000] {logging_mixin.py:188} INFO - [2024-09-14T03:40:44.298+0000] {dagbag.py:538} INFO - Filling up the DagBag from /home/airflow/.local/lib/python3.8/site-packages/airflow/example_dags/example_xcom.py
[2024-09-14T03:40:44.303+0000] {processor.py:840} INFO - DAG(s) 'example_xcom' retrieved from /home/airflow/.local/lib/python3.8/site-packages/airflow/example_dags/example_xcom.py
[2024-09-14T03:40:44.316+0000] {logging_mixin.py:188} INFO - [2024-09-14T03:40:44.316+0000] {dag.py:3036} INFO - Sync 1 DAGs
[2024-09-14T03:40:44.327+0000] {logging_mixin.py:188} INFO - [2024-09-14T03:40:44.327+0000] {dag.py:3823} INFO - Setting next_dagrun for example_xcom to 2021-01-01 00:00:00+00:00, run_after=2021-01-01 00:00:00+00:00
[2024-09-14T03:40:44.337+0000] {processor.py:183} INFO - Processing /home/airflow/.local/lib/python3.8/site-packages/airflow/example_dags/example_xcom.py took 0.043 seconds
[2024-09-14T03:41:15.033+0000] {processor.py:161} INFO - Started process (PID=4642) to work on /home/airflow/.local/lib/python3.8/site-packages/airflow/example_dags/example_xcom.py
[2024-09-14T03:41:15.034+0000] {processor.py:830} INFO - Processing file /home/airflow/.local/lib/python3.8/site-packages/airflow/example_dags/example_xcom.py for tasks to queue
[2024-09-14T03:41:15.035+0000] {logging_mixin.py:188} INFO - [2024-09-14T03:41:15.035+0000] {dagbag.py:538} INFO - Filling up the DagBag from /home/airflow/.local/lib/python3.8/site-packages/airflow/example_dags/example_xcom.py
[2024-09-14T03:41:15.039+0000] {processor.py:840} INFO - DAG(s) 'example_xcom' retrieved from /home/airflow/.local/lib/python3.8/site-packages/airflow/example_dags/example_xcom.py
[2024-09-14T03:41:15.052+0000] {logging_mixin.py:188} INFO - [2024-09-14T03:41:15.052+0000] {dag.py:3036} INFO - Sync 1 DAGs
[2024-09-14T03:41:15.063+0000] {logging_mixin.py:188} INFO - [2024-09-14T03:41:15.063+0000] {dag.py:3823} INFO - Setting next_dagrun for example_xcom to 2021-01-01 00:00:00+00:00, run_after=2021-01-01 00:00:00+00:00
[2024-09-14T03:41:15.073+0000] {processor.py:183} INFO - Processing /home/airflow/.local/lib/python3.8/site-packages/airflow/example_dags/example_xcom.py took 0.042 seconds
[2024-09-14T03:41:45.718+0000] {processor.py:161} INFO - Started process (PID=4889) to work on /home/airflow/.local/lib/python3.8/site-packages/airflow/example_dags/example_xcom.py
[2024-09-14T03:41:45.718+0000] {processor.py:830} INFO - Processing file /home/airflow/.local/lib/python3.8/site-packages/airflow/example_dags/example_xcom.py for tasks to queue
[2024-09-14T03:41:45.719+0000] {logging_mixin.py:188} INFO - [2024-09-14T03:41:45.719+0000] {dagbag.py:538} INFO - Filling up the DagBag from /home/airflow/.local/lib/python3.8/site-packages/airflow/example_dags/example_xcom.py
[2024-09-14T03:41:45.724+0000] {processor.py:840} INFO - DAG(s) 'example_xcom' retrieved from /home/airflow/.local/lib/python3.8/site-packages/airflow/example_dags/example_xcom.py
[2024-09-14T03:41:45.736+0000] {logging_mixin.py:188} INFO - [2024-09-14T03:41:45.736+0000] {dag.py:3036} INFO - Sync 1 DAGs
[2024-09-14T03:41:45.747+0000] {logging_mixin.py:188} INFO - [2024-09-14T03:41:45.747+0000] {dag.py:3823} INFO - Setting next_dagrun for example_xcom to 2021-01-01 00:00:00+00:00, run_after=2021-01-01 00:00:00+00:00
[2024-09-14T03:41:45.758+0000] {processor.py:183} INFO - Processing /home/airflow/.local/lib/python3.8/site-packages/airflow/example_dags/example_xcom.py took 0.042 seconds
[2024-09-14T03:42:15.994+0000] {processor.py:161} INFO - Started process (PID=5136) to work on /home/airflow/.local/lib/python3.8/site-packages/airflow/example_dags/example_xcom.py
[2024-09-14T03:42:15.995+0000] {processor.py:830} INFO - Processing file /home/airflow/.local/lib/python3.8/site-packages/airflow/example_dags/example_xcom.py for tasks to queue
[2024-09-14T03:42:15.995+0000] {logging_mixin.py:188} INFO - [2024-09-14T03:42:15.995+0000] {dagbag.py:538} INFO - Filling up the DagBag from /home/airflow/.local/lib/python3.8/site-packages/airflow/example_dags/example_xcom.py
[2024-09-14T03:42:16.000+0000] {processor.py:840} INFO - DAG(s) 'example_xcom' retrieved from /home/airflow/.local/lib/python3.8/site-packages/airflow/example_dags/example_xcom.py
[2024-09-14T03:42:16.013+0000] {logging_mixin.py:188} INFO - [2024-09-14T03:42:16.013+0000] {dag.py:3036} INFO - Sync 1 DAGs
[2024-09-14T03:42:16.024+0000] {logging_mixin.py:188} INFO - [2024-09-14T03:42:16.024+0000] {dag.py:3823} INFO - Setting next_dagrun for example_xcom to 2021-01-01 00:00:00+00:00, run_after=2021-01-01 00:00:00+00:00
[2024-09-14T03:42:16.034+0000] {processor.py:183} INFO - Processing /home/airflow/.local/lib/python3.8/site-packages/airflow/example_dags/example_xcom.py took 0.043 seconds
[2024-09-14T03:42:46.794+0000] {processor.py:161} INFO - Started process (PID=5383) to work on /home/airflow/.local/lib/python3.8/site-packages/airflow/example_dags/example_xcom.py
[2024-09-14T03:42:46.795+0000] {processor.py:830} INFO - Processing file /home/airflow/.local/lib/python3.8/site-packages/airflow/example_dags/example_xcom.py for tasks to queue
[2024-09-14T03:42:46.796+0000] {logging_mixin.py:188} INFO - [2024-09-14T03:42:46.795+0000] {dagbag.py:538} INFO - Filling up the DagBag from /home/airflow/.local/lib/python3.8/site-packages/airflow/example_dags/example_xcom.py
[2024-09-14T03:42:46.803+0000] {processor.py:840} INFO - DAG(s) 'example_xcom' retrieved from /home/airflow/.local/lib/python3.8/site-packages/airflow/example_dags/example_xcom.py
[2024-09-14T03:42:46.819+0000] {logging_mixin.py:188} INFO - [2024-09-14T03:42:46.819+0000] {dag.py:3036} INFO - Sync 1 DAGs
[2024-09-14T03:42:46.832+0000] {logging_mixin.py:188} INFO - [2024-09-14T03:42:46.831+0000] {dag.py:3823} INFO - Setting next_dagrun for example_xcom to 2021-01-01 00:00:00+00:00, run_after=2021-01-01 00:00:00+00:00
[2024-09-14T03:42:46.848+0000] {processor.py:183} INFO - Processing /home/airflow/.local/lib/python3.8/site-packages/airflow/example_dags/example_xcom.py took 0.058 seconds
[2024-09-14T03:43:17.353+0000] {processor.py:161} INFO - Started process (PID=5630) to work on /home/airflow/.local/lib/python3.8/site-packages/airflow/example_dags/example_xcom.py
[2024-09-14T03:43:17.354+0000] {processor.py:830} INFO - Processing file /home/airflow/.local/lib/python3.8/site-packages/airflow/example_dags/example_xcom.py for tasks to queue
[2024-09-14T03:43:17.354+0000] {logging_mixin.py:188} INFO - [2024-09-14T03:43:17.354+0000] {dagbag.py:538} INFO - Filling up the DagBag from /home/airflow/.local/lib/python3.8/site-packages/airflow/example_dags/example_xcom.py
[2024-09-14T03:43:17.359+0000] {processor.py:840} INFO - DAG(s) 'example_xcom' retrieved from /home/airflow/.local/lib/python3.8/site-packages/airflow/example_dags/example_xcom.py
[2024-09-14T03:43:17.372+0000] {logging_mixin.py:188} INFO - [2024-09-14T03:43:17.372+0000] {dag.py:3036} INFO - Sync 1 DAGs
[2024-09-14T03:43:17.384+0000] {logging_mixin.py:188} INFO - [2024-09-14T03:43:17.384+0000] {dag.py:3823} INFO - Setting next_dagrun for example_xcom to 2021-01-01 00:00:00+00:00, run_after=2021-01-01 00:00:00+00:00
[2024-09-14T03:43:17.395+0000] {processor.py:183} INFO - Processing /home/airflow/.local/lib/python3.8/site-packages/airflow/example_dags/example_xcom.py took 0.045 seconds
[2024-09-14T03:43:47.445+0000] {processor.py:161} INFO - Started process (PID=5877) to work on /home/airflow/.local/lib/python3.8/site-packages/airflow/example_dags/example_xcom.py
[2024-09-14T03:43:47.446+0000] {processor.py:830} INFO - Processing file /home/airflow/.local/lib/python3.8/site-packages/airflow/example_dags/example_xcom.py for tasks to queue
[2024-09-14T03:43:47.447+0000] {logging_mixin.py:188} INFO - [2024-09-14T03:43:47.446+0000] {dagbag.py:538} INFO - Filling up the DagBag from /home/airflow/.local/lib/python3.8/site-packages/airflow/example_dags/example_xcom.py
[2024-09-14T03:43:47.451+0000] {processor.py:840} INFO - DAG(s) 'example_xcom' retrieved from /home/airflow/.local/lib/python3.8/site-packages/airflow/example_dags/example_xcom.py
[2024-09-14T03:43:47.465+0000] {logging_mixin.py:188} INFO - [2024-09-14T03:43:47.465+0000] {dag.py:3036} INFO - Sync 1 DAGs
[2024-09-14T03:43:47.478+0000] {logging_mixin.py:188} INFO - [2024-09-14T03:43:47.478+0000] {dag.py:3823} INFO - Setting next_dagrun for example_xcom to 2021-01-01 00:00:00+00:00, run_after=2021-01-01 00:00:00+00:00
[2024-09-14T03:43:47.489+0000] {processor.py:183} INFO - Processing /home/airflow/.local/lib/python3.8/site-packages/airflow/example_dags/example_xcom.py took 0.047 seconds
[2024-09-14T03:44:17.784+0000] {processor.py:161} INFO - Started process (PID=6124) to work on /home/airflow/.local/lib/python3.8/site-packages/airflow/example_dags/example_xcom.py
[2024-09-14T03:44:17.785+0000] {processor.py:830} INFO - Processing file /home/airflow/.local/lib/python3.8/site-packages/airflow/example_dags/example_xcom.py for tasks to queue
[2024-09-14T03:44:17.785+0000] {logging_mixin.py:188} INFO - [2024-09-14T03:44:17.785+0000] {dagbag.py:538} INFO - Filling up the DagBag from /home/airflow/.local/lib/python3.8/site-packages/airflow/example_dags/example_xcom.py
[2024-09-14T03:44:17.790+0000] {processor.py:840} INFO - DAG(s) 'example_xcom' retrieved from /home/airflow/.local/lib/python3.8/site-packages/airflow/example_dags/example_xcom.py
[2024-09-14T03:44:17.810+0000] {logging_mixin.py:188} INFO - [2024-09-14T03:44:17.809+0000] {dag.py:3036} INFO - Sync 1 DAGs
[2024-09-14T03:44:17.860+0000] {logging_mixin.py:188} INFO - [2024-09-14T03:44:17.859+0000] {dag.py:3823} INFO - Setting next_dagrun for example_xcom to 2021-01-01 00:00:00+00:00, run_after=2021-01-01 00:00:00+00:00
[2024-09-14T03:44:17.889+0000] {processor.py:183} INFO - Processing /home/airflow/.local/lib/python3.8/site-packages/airflow/example_dags/example_xcom.py took 0.107 seconds
[2024-09-14T03:44:48.672+0000] {processor.py:161} INFO - Started process (PID=6371) to work on /home/airflow/.local/lib/python3.8/site-packages/airflow/example_dags/example_xcom.py
[2024-09-14T03:44:48.673+0000] {processor.py:830} INFO - Processing file /home/airflow/.local/lib/python3.8/site-packages/airflow/example_dags/example_xcom.py for tasks to queue
[2024-09-14T03:44:48.674+0000] {logging_mixin.py:188} INFO - [2024-09-14T03:44:48.674+0000] {dagbag.py:538} INFO - Filling up the DagBag from /home/airflow/.local/lib/python3.8/site-packages/airflow/example_dags/example_xcom.py
[2024-09-14T03:44:48.679+0000] {processor.py:840} INFO - DAG(s) 'example_xcom' retrieved from /home/airflow/.local/lib/python3.8/site-packages/airflow/example_dags/example_xcom.py
[2024-09-14T03:44:48.693+0000] {logging_mixin.py:188} INFO - [2024-09-14T03:44:48.693+0000] {dag.py:3036} INFO - Sync 1 DAGs
[2024-09-14T03:44:48.705+0000] {logging_mixin.py:188} INFO - [2024-09-14T03:44:48.705+0000] {dag.py:3823} INFO - Setting next_dagrun for example_xcom to 2021-01-01 00:00:00+00:00, run_after=2021-01-01 00:00:00+00:00
[2024-09-14T03:44:48.715+0000] {processor.py:183} INFO - Processing /home/airflow/.local/lib/python3.8/site-packages/airflow/example_dags/example_xcom.py took 0.046 seconds
[2024-09-14T03:45:18.745+0000] {processor.py:161} INFO - Started process (PID=6618) to work on /home/airflow/.local/lib/python3.8/site-packages/airflow/example_dags/example_xcom.py
[2024-09-14T03:45:18.746+0000] {processor.py:830} INFO - Processing file /home/airflow/.local/lib/python3.8/site-packages/airflow/example_dags/example_xcom.py for tasks to queue
[2024-09-14T03:45:18.746+0000] {logging_mixin.py:188} INFO - [2024-09-14T03:45:18.746+0000] {dagbag.py:538} INFO - Filling up the DagBag from /home/airflow/.local/lib/python3.8/site-packages/airflow/example_dags/example_xcom.py
[2024-09-14T03:45:18.751+0000] {processor.py:840} INFO - DAG(s) 'example_xcom' retrieved from /home/airflow/.local/lib/python3.8/site-packages/airflow/example_dags/example_xcom.py
[2024-09-14T03:45:18.763+0000] {logging_mixin.py:188} INFO - [2024-09-14T03:45:18.763+0000] {dag.py:3036} INFO - Sync 1 DAGs
[2024-09-14T03:45:18.774+0000] {logging_mixin.py:188} INFO - [2024-09-14T03:45:18.774+0000] {dag.py:3823} INFO - Setting next_dagrun for example_xcom to 2021-01-01 00:00:00+00:00, run_after=2021-01-01 00:00:00+00:00
[2024-09-14T03:45:18.784+0000] {processor.py:183} INFO - Processing /home/airflow/.local/lib/python3.8/site-packages/airflow/example_dags/example_xcom.py took 0.041 seconds
[2024-09-14T03:45:48.934+0000] {processor.py:161} INFO - Started process (PID=6865) to work on /home/airflow/.local/lib/python3.8/site-packages/airflow/example_dags/example_xcom.py
[2024-09-14T03:45:48.935+0000] {processor.py:830} INFO - Processing file /home/airflow/.local/lib/python3.8/site-packages/airflow/example_dags/example_xcom.py for tasks to queue
[2024-09-14T03:45:48.936+0000] {logging_mixin.py:188} INFO - [2024-09-14T03:45:48.936+0000] {dagbag.py:538} INFO - Filling up the DagBag from /home/airflow/.local/lib/python3.8/site-packages/airflow/example_dags/example_xcom.py
[2024-09-14T03:45:48.942+0000] {processor.py:840} INFO - DAG(s) 'example_xcom' retrieved from /home/airflow/.local/lib/python3.8/site-packages/airflow/example_dags/example_xcom.py
[2024-09-14T03:45:48.957+0000] {logging_mixin.py:188} INFO - [2024-09-14T03:45:48.956+0000] {dag.py:3036} INFO - Sync 1 DAGs
[2024-09-14T03:45:48.968+0000] {logging_mixin.py:188} INFO - [2024-09-14T03:45:48.968+0000] {dag.py:3823} INFO - Setting next_dagrun for example_xcom to 2021-01-01 00:00:00+00:00, run_after=2021-01-01 00:00:00+00:00
[2024-09-14T03:45:48.979+0000] {processor.py:183} INFO - Processing /home/airflow/.local/lib/python3.8/site-packages/airflow/example_dags/example_xcom.py took 0.048 seconds
[2024-09-14T03:46:19.743+0000] {processor.py:161} INFO - Started process (PID=7112) to work on /home/airflow/.local/lib/python3.8/site-packages/airflow/example_dags/example_xcom.py
[2024-09-14T03:46:19.743+0000] {processor.py:830} INFO - Processing file /home/airflow/.local/lib/python3.8/site-packages/airflow/example_dags/example_xcom.py for tasks to queue
[2024-09-14T03:46:19.744+0000] {logging_mixin.py:188} INFO - [2024-09-14T03:46:19.744+0000] {dagbag.py:538} INFO - Filling up the DagBag from /home/airflow/.local/lib/python3.8/site-packages/airflow/example_dags/example_xcom.py
[2024-09-14T03:46:19.748+0000] {processor.py:840} INFO - DAG(s) 'example_xcom' retrieved from /home/airflow/.local/lib/python3.8/site-packages/airflow/example_dags/example_xcom.py
[2024-09-14T03:46:19.763+0000] {logging_mixin.py:188} INFO - [2024-09-14T03:46:19.762+0000] {dag.py:3036} INFO - Sync 1 DAGs
[2024-09-14T03:46:19.774+0000] {logging_mixin.py:188} INFO - [2024-09-14T03:46:19.774+0000] {dag.py:3823} INFO - Setting next_dagrun for example_xcom to 2021-01-01 00:00:00+00:00, run_after=2021-01-01 00:00:00+00:00
[2024-09-14T03:46:19.785+0000] {processor.py:183} INFO - Processing /home/airflow/.local/lib/python3.8/site-packages/airflow/example_dags/example_xcom.py took 0.045 seconds
[2024-09-14T03:46:49.929+0000] {processor.py:161} INFO - Started process (PID=7359) to work on /home/airflow/.local/lib/python3.8/site-packages/airflow/example_dags/example_xcom.py
[2024-09-14T03:46:49.930+0000] {processor.py:830} INFO - Processing file /home/airflow/.local/lib/python3.8/site-packages/airflow/example_dags/example_xcom.py for tasks to queue
[2024-09-14T03:46:49.931+0000] {logging_mixin.py:188} INFO - [2024-09-14T03:46:49.931+0000] {dagbag.py:538} INFO - Filling up the DagBag from /home/airflow/.local/lib/python3.8/site-packages/airflow/example_dags/example_xcom.py
[2024-09-14T03:46:49.935+0000] {processor.py:840} INFO - DAG(s) 'example_xcom' retrieved from /home/airflow/.local/lib/python3.8/site-packages/airflow/example_dags/example_xcom.py
[2024-09-14T03:46:49.948+0000] {logging_mixin.py:188} INFO - [2024-09-14T03:46:49.948+0000] {dag.py:3036} INFO - Sync 1 DAGs
[2024-09-14T03:46:49.960+0000] {logging_mixin.py:188} INFO - [2024-09-14T03:46:49.959+0000] {dag.py:3823} INFO - Setting next_dagrun for example_xcom to 2021-01-01 00:00:00+00:00, run_after=2021-01-01 00:00:00+00:00
[2024-09-14T03:46:49.971+0000] {processor.py:183} INFO - Processing /home/airflow/.local/lib/python3.8/site-packages/airflow/example_dags/example_xcom.py took 0.044 seconds
