[2024-09-07T15:59:07.153+0000] {processor.py:161} INFO - Started process (PID=178) to work on /home/airflow/.local/lib/python3.8/site-packages/airflow/example_dags/example_branch_python_dop_operator_3.py
[2024-09-07T15:59:07.154+0000] {processor.py:830} INFO - Processing file /home/airflow/.local/lib/python3.8/site-packages/airflow/example_dags/example_branch_python_dop_operator_3.py for tasks to queue
[2024-09-07T15:59:07.155+0000] {logging_mixin.py:188} INFO - [2024-09-07T15:59:07.155+0000] {dagbag.py:538} INFO - Filling up the DagBag from /home/airflow/.local/lib/python3.8/site-packages/airflow/example_dags/example_branch_python_dop_operator_3.py
[2024-09-07T15:59:07.163+0000] {processor.py:840} INFO - DAG(s) 'example_branch_dop_operator_v3' retrieved from /home/airflow/.local/lib/python3.8/site-packages/airflow/example_dags/example_branch_python_dop_operator_3.py
[2024-09-07T15:59:07.181+0000] {logging_mixin.py:188} INFO - [2024-09-07T15:59:07.181+0000] {dag.py:3036} INFO - Sync 1 DAGs
[2024-09-07T15:59:07.225+0000] {logging_mixin.py:188} INFO - [2024-09-07T15:59:07.225+0000] {dag.py:3823} INFO - Setting next_dagrun for example_branch_dop_operator_v3 to 2024-09-07 15:58:00+00:00, run_after=2024-09-07 15:59:00+00:00
[2024-09-07T15:59:07.251+0000] {processor.py:183} INFO - Processing /home/airflow/.local/lib/python3.8/site-packages/airflow/example_dags/example_branch_python_dop_operator_3.py took 0.101 seconds
[2024-09-07T15:59:37.277+0000] {processor.py:161} INFO - Started process (PID=425) to work on /home/airflow/.local/lib/python3.8/site-packages/airflow/example_dags/example_branch_python_dop_operator_3.py
[2024-09-07T15:59:37.278+0000] {processor.py:830} INFO - Processing file /home/airflow/.local/lib/python3.8/site-packages/airflow/example_dags/example_branch_python_dop_operator_3.py for tasks to queue
[2024-09-07T15:59:37.278+0000] {logging_mixin.py:188} INFO - [2024-09-07T15:59:37.278+0000] {dagbag.py:538} INFO - Filling up the DagBag from /home/airflow/.local/lib/python3.8/site-packages/airflow/example_dags/example_branch_python_dop_operator_3.py
[2024-09-07T15:59:37.284+0000] {processor.py:840} INFO - DAG(s) 'example_branch_dop_operator_v3' retrieved from /home/airflow/.local/lib/python3.8/site-packages/airflow/example_dags/example_branch_python_dop_operator_3.py
[2024-09-07T15:59:37.298+0000] {logging_mixin.py:188} INFO - [2024-09-07T15:59:37.297+0000] {dag.py:3036} INFO - Sync 1 DAGs
[2024-09-07T15:59:37.312+0000] {logging_mixin.py:188} INFO - [2024-09-07T15:59:37.312+0000] {dag.py:3823} INFO - Setting next_dagrun for example_branch_dop_operator_v3 to 2024-09-07 15:58:00+00:00, run_after=2024-09-07 15:59:00+00:00
[2024-09-07T15:59:37.322+0000] {processor.py:183} INFO - Processing /home/airflow/.local/lib/python3.8/site-packages/airflow/example_dags/example_branch_python_dop_operator_3.py took 0.047 seconds
[2024-09-07T16:00:08.147+0000] {processor.py:161} INFO - Started process (PID=672) to work on /home/airflow/.local/lib/python3.8/site-packages/airflow/example_dags/example_branch_python_dop_operator_3.py
[2024-09-07T16:00:08.148+0000] {processor.py:830} INFO - Processing file /home/airflow/.local/lib/python3.8/site-packages/airflow/example_dags/example_branch_python_dop_operator_3.py for tasks to queue
[2024-09-07T16:00:08.148+0000] {logging_mixin.py:188} INFO - [2024-09-07T16:00:08.148+0000] {dagbag.py:538} INFO - Filling up the DagBag from /home/airflow/.local/lib/python3.8/site-packages/airflow/example_dags/example_branch_python_dop_operator_3.py
[2024-09-07T16:00:08.155+0000] {processor.py:840} INFO - DAG(s) 'example_branch_dop_operator_v3' retrieved from /home/airflow/.local/lib/python3.8/site-packages/airflow/example_dags/example_branch_python_dop_operator_3.py
[2024-09-07T16:00:08.169+0000] {logging_mixin.py:188} INFO - [2024-09-07T16:00:08.169+0000] {dag.py:3036} INFO - Sync 1 DAGs
[2024-09-07T16:00:08.185+0000] {logging_mixin.py:188} INFO - [2024-09-07T16:00:08.185+0000] {dag.py:3823} INFO - Setting next_dagrun for example_branch_dop_operator_v3 to 2024-09-07 15:59:00+00:00, run_after=2024-09-07 16:00:00+00:00
[2024-09-07T16:00:08.195+0000] {processor.py:183} INFO - Processing /home/airflow/.local/lib/python3.8/site-packages/airflow/example_dags/example_branch_python_dop_operator_3.py took 0.051 seconds
[2024-09-07T16:00:38.848+0000] {processor.py:161} INFO - Started process (PID=919) to work on /home/airflow/.local/lib/python3.8/site-packages/airflow/example_dags/example_branch_python_dop_operator_3.py
[2024-09-07T16:00:38.849+0000] {processor.py:830} INFO - Processing file /home/airflow/.local/lib/python3.8/site-packages/airflow/example_dags/example_branch_python_dop_operator_3.py for tasks to queue
[2024-09-07T16:00:38.849+0000] {logging_mixin.py:188} INFO - [2024-09-07T16:00:38.849+0000] {dagbag.py:538} INFO - Filling up the DagBag from /home/airflow/.local/lib/python3.8/site-packages/airflow/example_dags/example_branch_python_dop_operator_3.py
[2024-09-07T16:00:38.856+0000] {processor.py:840} INFO - DAG(s) 'example_branch_dop_operator_v3' retrieved from /home/airflow/.local/lib/python3.8/site-packages/airflow/example_dags/example_branch_python_dop_operator_3.py
[2024-09-07T16:00:38.867+0000] {logging_mixin.py:188} INFO - [2024-09-07T16:00:38.867+0000] {dag.py:3036} INFO - Sync 1 DAGs
[2024-09-07T16:00:38.881+0000] {logging_mixin.py:188} INFO - [2024-09-07T16:00:38.881+0000] {dag.py:3823} INFO - Setting next_dagrun for example_branch_dop_operator_v3 to 2024-09-07 15:59:00+00:00, run_after=2024-09-07 16:00:00+00:00
[2024-09-07T16:00:38.890+0000] {processor.py:183} INFO - Processing /home/airflow/.local/lib/python3.8/site-packages/airflow/example_dags/example_branch_python_dop_operator_3.py took 0.045 seconds
[2024-09-07T16:01:09.512+0000] {processor.py:161} INFO - Started process (PID=1166) to work on /home/airflow/.local/lib/python3.8/site-packages/airflow/example_dags/example_branch_python_dop_operator_3.py
[2024-09-07T16:01:09.513+0000] {processor.py:830} INFO - Processing file /home/airflow/.local/lib/python3.8/site-packages/airflow/example_dags/example_branch_python_dop_operator_3.py for tasks to queue
[2024-09-07T16:01:09.513+0000] {logging_mixin.py:188} INFO - [2024-09-07T16:01:09.513+0000] {dagbag.py:538} INFO - Filling up the DagBag from /home/airflow/.local/lib/python3.8/site-packages/airflow/example_dags/example_branch_python_dop_operator_3.py
[2024-09-07T16:01:09.518+0000] {processor.py:840} INFO - DAG(s) 'example_branch_dop_operator_v3' retrieved from /home/airflow/.local/lib/python3.8/site-packages/airflow/example_dags/example_branch_python_dop_operator_3.py
[2024-09-07T16:01:09.529+0000] {logging_mixin.py:188} INFO - [2024-09-07T16:01:09.529+0000] {dag.py:3036} INFO - Sync 1 DAGs
[2024-09-07T16:01:09.542+0000] {logging_mixin.py:188} INFO - [2024-09-07T16:01:09.542+0000] {dag.py:3823} INFO - Setting next_dagrun for example_branch_dop_operator_v3 to 2024-09-07 16:00:00+00:00, run_after=2024-09-07 16:01:00+00:00
[2024-09-07T16:01:09.551+0000] {processor.py:183} INFO - Processing /home/airflow/.local/lib/python3.8/site-packages/airflow/example_dags/example_branch_python_dop_operator_3.py took 0.041 seconds
[2024-09-07T16:01:41.194+0000] {processor.py:161} INFO - Started process (PID=1412) to work on /home/airflow/.local/lib/python3.8/site-packages/airflow/example_dags/example_branch_python_dop_operator_3.py
[2024-09-07T16:01:41.195+0000] {processor.py:830} INFO - Processing file /home/airflow/.local/lib/python3.8/site-packages/airflow/example_dags/example_branch_python_dop_operator_3.py for tasks to queue
[2024-09-07T16:01:41.196+0000] {logging_mixin.py:188} INFO - [2024-09-07T16:01:41.196+0000] {dagbag.py:538} INFO - Filling up the DagBag from /home/airflow/.local/lib/python3.8/site-packages/airflow/example_dags/example_branch_python_dop_operator_3.py
[2024-09-07T16:01:41.202+0000] {processor.py:840} INFO - DAG(s) 'example_branch_dop_operator_v3' retrieved from /home/airflow/.local/lib/python3.8/site-packages/airflow/example_dags/example_branch_python_dop_operator_3.py
[2024-09-07T16:01:41.212+0000] {logging_mixin.py:188} INFO - [2024-09-07T16:01:41.212+0000] {dag.py:3036} INFO - Sync 1 DAGs
[2024-09-07T16:01:41.229+0000] {logging_mixin.py:188} INFO - [2024-09-07T16:01:41.229+0000] {dag.py:3823} INFO - Setting next_dagrun for example_branch_dop_operator_v3 to 2024-09-07 16:00:00+00:00, run_after=2024-09-07 16:01:00+00:00
[2024-09-07T16:01:41.243+0000] {processor.py:183} INFO - Processing /home/airflow/.local/lib/python3.8/site-packages/airflow/example_dags/example_branch_python_dop_operator_3.py took 0.052 seconds
[2024-09-07T16:02:11.734+0000] {processor.py:161} INFO - Started process (PID=1659) to work on /home/airflow/.local/lib/python3.8/site-packages/airflow/example_dags/example_branch_python_dop_operator_3.py
[2024-09-07T16:02:11.735+0000] {processor.py:830} INFO - Processing file /home/airflow/.local/lib/python3.8/site-packages/airflow/example_dags/example_branch_python_dop_operator_3.py for tasks to queue
[2024-09-07T16:02:11.735+0000] {logging_mixin.py:188} INFO - [2024-09-07T16:02:11.735+0000] {dagbag.py:538} INFO - Filling up the DagBag from /home/airflow/.local/lib/python3.8/site-packages/airflow/example_dags/example_branch_python_dop_operator_3.py
[2024-09-07T16:02:11.741+0000] {processor.py:840} INFO - DAG(s) 'example_branch_dop_operator_v3' retrieved from /home/airflow/.local/lib/python3.8/site-packages/airflow/example_dags/example_branch_python_dop_operator_3.py
[2024-09-07T16:02:11.793+0000] {logging_mixin.py:188} INFO - [2024-09-07T16:02:11.793+0000] {dag.py:3036} INFO - Sync 1 DAGs
[2024-09-07T16:02:11.806+0000] {logging_mixin.py:188} INFO - [2024-09-07T16:02:11.806+0000] {dag.py:3823} INFO - Setting next_dagrun for example_branch_dop_operator_v3 to 2024-09-07 16:01:00+00:00, run_after=2024-09-07 16:02:00+00:00
[2024-09-07T16:02:11.817+0000] {processor.py:183} INFO - Processing /home/airflow/.local/lib/python3.8/site-packages/airflow/example_dags/example_branch_python_dop_operator_3.py took 0.085 seconds
[2024-09-07T16:02:42.366+0000] {processor.py:161} INFO - Started process (PID=1905) to work on /home/airflow/.local/lib/python3.8/site-packages/airflow/example_dags/example_branch_python_dop_operator_3.py
[2024-09-07T16:02:42.367+0000] {processor.py:830} INFO - Processing file /home/airflow/.local/lib/python3.8/site-packages/airflow/example_dags/example_branch_python_dop_operator_3.py for tasks to queue
[2024-09-07T16:02:42.367+0000] {logging_mixin.py:188} INFO - [2024-09-07T16:02:42.367+0000] {dagbag.py:538} INFO - Filling up the DagBag from /home/airflow/.local/lib/python3.8/site-packages/airflow/example_dags/example_branch_python_dop_operator_3.py
[2024-09-07T16:02:42.373+0000] {processor.py:840} INFO - DAG(s) 'example_branch_dop_operator_v3' retrieved from /home/airflow/.local/lib/python3.8/site-packages/airflow/example_dags/example_branch_python_dop_operator_3.py
[2024-09-07T16:02:42.386+0000] {logging_mixin.py:188} INFO - [2024-09-07T16:02:42.386+0000] {dag.py:3036} INFO - Sync 1 DAGs
[2024-09-07T16:02:42.399+0000] {logging_mixin.py:188} INFO - [2024-09-07T16:02:42.399+0000] {dag.py:3823} INFO - Setting next_dagrun for example_branch_dop_operator_v3 to 2024-09-07 16:01:00+00:00, run_after=2024-09-07 16:02:00+00:00
[2024-09-07T16:02:42.412+0000] {processor.py:183} INFO - Processing /home/airflow/.local/lib/python3.8/site-packages/airflow/example_dags/example_branch_python_dop_operator_3.py took 0.049 seconds
[2024-09-07T16:03:12.613+0000] {processor.py:161} INFO - Started process (PID=2152) to work on /home/airflow/.local/lib/python3.8/site-packages/airflow/example_dags/example_branch_python_dop_operator_3.py
[2024-09-07T16:03:12.614+0000] {processor.py:830} INFO - Processing file /home/airflow/.local/lib/python3.8/site-packages/airflow/example_dags/example_branch_python_dop_operator_3.py for tasks to queue
[2024-09-07T16:03:12.615+0000] {logging_mixin.py:188} INFO - [2024-09-07T16:03:12.615+0000] {dagbag.py:538} INFO - Filling up the DagBag from /home/airflow/.local/lib/python3.8/site-packages/airflow/example_dags/example_branch_python_dop_operator_3.py
[2024-09-07T16:03:12.621+0000] {processor.py:840} INFO - DAG(s) 'example_branch_dop_operator_v3' retrieved from /home/airflow/.local/lib/python3.8/site-packages/airflow/example_dags/example_branch_python_dop_operator_3.py
[2024-09-07T16:03:12.633+0000] {logging_mixin.py:188} INFO - [2024-09-07T16:03:12.633+0000] {dag.py:3036} INFO - Sync 1 DAGs
[2024-09-07T16:03:12.647+0000] {logging_mixin.py:188} INFO - [2024-09-07T16:03:12.647+0000] {dag.py:3823} INFO - Setting next_dagrun for example_branch_dop_operator_v3 to 2024-09-07 16:02:00+00:00, run_after=2024-09-07 16:03:00+00:00
[2024-09-07T16:03:12.656+0000] {processor.py:183} INFO - Processing /home/airflow/.local/lib/python3.8/site-packages/airflow/example_dags/example_branch_python_dop_operator_3.py took 0.046 seconds
[2024-09-07T16:03:42.748+0000] {processor.py:161} INFO - Started process (PID=2399) to work on /home/airflow/.local/lib/python3.8/site-packages/airflow/example_dags/example_branch_python_dop_operator_3.py
[2024-09-07T16:03:42.749+0000] {processor.py:830} INFO - Processing file /home/airflow/.local/lib/python3.8/site-packages/airflow/example_dags/example_branch_python_dop_operator_3.py for tasks to queue
[2024-09-07T16:03:42.750+0000] {logging_mixin.py:188} INFO - [2024-09-07T16:03:42.749+0000] {dagbag.py:538} INFO - Filling up the DagBag from /home/airflow/.local/lib/python3.8/site-packages/airflow/example_dags/example_branch_python_dop_operator_3.py
[2024-09-07T16:03:42.755+0000] {processor.py:840} INFO - DAG(s) 'example_branch_dop_operator_v3' retrieved from /home/airflow/.local/lib/python3.8/site-packages/airflow/example_dags/example_branch_python_dop_operator_3.py
[2024-09-07T16:03:42.767+0000] {logging_mixin.py:188} INFO - [2024-09-07T16:03:42.767+0000] {dag.py:3036} INFO - Sync 1 DAGs
[2024-09-07T16:03:42.781+0000] {logging_mixin.py:188} INFO - [2024-09-07T16:03:42.780+0000] {dag.py:3823} INFO - Setting next_dagrun for example_branch_dop_operator_v3 to 2024-09-07 16:02:00+00:00, run_after=2024-09-07 16:03:00+00:00
[2024-09-07T16:03:42.790+0000] {processor.py:183} INFO - Processing /home/airflow/.local/lib/python3.8/site-packages/airflow/example_dags/example_branch_python_dop_operator_3.py took 0.044 seconds
[2024-09-07T16:04:13.759+0000] {processor.py:161} INFO - Started process (PID=2646) to work on /home/airflow/.local/lib/python3.8/site-packages/airflow/example_dags/example_branch_python_dop_operator_3.py
[2024-09-07T16:04:13.760+0000] {processor.py:830} INFO - Processing file /home/airflow/.local/lib/python3.8/site-packages/airflow/example_dags/example_branch_python_dop_operator_3.py for tasks to queue
[2024-09-07T16:04:13.761+0000] {logging_mixin.py:188} INFO - [2024-09-07T16:04:13.761+0000] {dagbag.py:538} INFO - Filling up the DagBag from /home/airflow/.local/lib/python3.8/site-packages/airflow/example_dags/example_branch_python_dop_operator_3.py
[2024-09-07T16:04:13.768+0000] {processor.py:840} INFO - DAG(s) 'example_branch_dop_operator_v3' retrieved from /home/airflow/.local/lib/python3.8/site-packages/airflow/example_dags/example_branch_python_dop_operator_3.py
[2024-09-07T16:04:13.776+0000] {logging_mixin.py:188} INFO - [2024-09-07T16:04:13.776+0000] {dag.py:3036} INFO - Sync 1 DAGs
[2024-09-07T16:04:13.793+0000] {logging_mixin.py:188} INFO - [2024-09-07T16:04:13.793+0000] {dag.py:3823} INFO - Setting next_dagrun for example_branch_dop_operator_v3 to 2024-09-07 16:03:00+00:00, run_after=2024-09-07 16:04:00+00:00
[2024-09-07T16:04:13.805+0000] {processor.py:183} INFO - Processing /home/airflow/.local/lib/python3.8/site-packages/airflow/example_dags/example_branch_python_dop_operator_3.py took 0.049 seconds
[2024-09-07T16:04:44.345+0000] {processor.py:161} INFO - Started process (PID=2893) to work on /home/airflow/.local/lib/python3.8/site-packages/airflow/example_dags/example_branch_python_dop_operator_3.py
[2024-09-07T16:04:44.347+0000] {processor.py:830} INFO - Processing file /home/airflow/.local/lib/python3.8/site-packages/airflow/example_dags/example_branch_python_dop_operator_3.py for tasks to queue
[2024-09-07T16:04:44.351+0000] {logging_mixin.py:188} INFO - [2024-09-07T16:04:44.351+0000] {dagbag.py:538} INFO - Filling up the DagBag from /home/airflow/.local/lib/python3.8/site-packages/airflow/example_dags/example_branch_python_dop_operator_3.py
[2024-09-07T16:04:44.358+0000] {processor.py:840} INFO - DAG(s) 'example_branch_dop_operator_v3' retrieved from /home/airflow/.local/lib/python3.8/site-packages/airflow/example_dags/example_branch_python_dop_operator_3.py
[2024-09-07T16:04:44.452+0000] {logging_mixin.py:188} INFO - [2024-09-07T16:04:44.452+0000] {dag.py:3036} INFO - Sync 1 DAGs
[2024-09-07T16:04:44.471+0000] {logging_mixin.py:188} INFO - [2024-09-07T16:04:44.471+0000] {dag.py:3823} INFO - Setting next_dagrun for example_branch_dop_operator_v3 to 2024-09-07 16:03:00+00:00, run_after=2024-09-07 16:04:00+00:00
[2024-09-07T16:04:44.485+0000] {processor.py:183} INFO - Processing /home/airflow/.local/lib/python3.8/site-packages/airflow/example_dags/example_branch_python_dop_operator_3.py took 0.146 seconds
[2024-09-07T16:05:15.067+0000] {processor.py:161} INFO - Started process (PID=3140) to work on /home/airflow/.local/lib/python3.8/site-packages/airflow/example_dags/example_branch_python_dop_operator_3.py
[2024-09-07T16:05:15.068+0000] {processor.py:830} INFO - Processing file /home/airflow/.local/lib/python3.8/site-packages/airflow/example_dags/example_branch_python_dop_operator_3.py for tasks to queue
[2024-09-07T16:05:15.069+0000] {logging_mixin.py:188} INFO - [2024-09-07T16:05:15.068+0000] {dagbag.py:538} INFO - Filling up the DagBag from /home/airflow/.local/lib/python3.8/site-packages/airflow/example_dags/example_branch_python_dop_operator_3.py
[2024-09-07T16:05:15.077+0000] {processor.py:840} INFO - DAG(s) 'example_branch_dop_operator_v3' retrieved from /home/airflow/.local/lib/python3.8/site-packages/airflow/example_dags/example_branch_python_dop_operator_3.py
[2024-09-07T16:05:15.096+0000] {logging_mixin.py:188} INFO - [2024-09-07T16:05:15.096+0000] {dag.py:3036} INFO - Sync 1 DAGs
[2024-09-07T16:05:15.113+0000] {logging_mixin.py:188} INFO - [2024-09-07T16:05:15.113+0000] {dag.py:3823} INFO - Setting next_dagrun for example_branch_dop_operator_v3 to 2024-09-07 16:04:00+00:00, run_after=2024-09-07 16:05:00+00:00
[2024-09-07T16:05:15.124+0000] {processor.py:183} INFO - Processing /home/airflow/.local/lib/python3.8/site-packages/airflow/example_dags/example_branch_python_dop_operator_3.py took 0.061 seconds
[2024-09-07T16:05:45.321+0000] {processor.py:161} INFO - Started process (PID=3387) to work on /home/airflow/.local/lib/python3.8/site-packages/airflow/example_dags/example_branch_python_dop_operator_3.py
[2024-09-07T16:05:45.323+0000] {processor.py:830} INFO - Processing file /home/airflow/.local/lib/python3.8/site-packages/airflow/example_dags/example_branch_python_dop_operator_3.py for tasks to queue
[2024-09-07T16:05:45.324+0000] {logging_mixin.py:188} INFO - [2024-09-07T16:05:45.324+0000] {dagbag.py:538} INFO - Filling up the DagBag from /home/airflow/.local/lib/python3.8/site-packages/airflow/example_dags/example_branch_python_dop_operator_3.py
[2024-09-07T16:05:45.332+0000] {processor.py:840} INFO - DAG(s) 'example_branch_dop_operator_v3' retrieved from /home/airflow/.local/lib/python3.8/site-packages/airflow/example_dags/example_branch_python_dop_operator_3.py
[2024-09-07T16:05:45.347+0000] {logging_mixin.py:188} INFO - [2024-09-07T16:05:45.347+0000] {dag.py:3036} INFO - Sync 1 DAGs
[2024-09-07T16:05:45.366+0000] {logging_mixin.py:188} INFO - [2024-09-07T16:05:45.366+0000] {dag.py:3823} INFO - Setting next_dagrun for example_branch_dop_operator_v3 to 2024-09-07 16:04:00+00:00, run_after=2024-09-07 16:05:00+00:00
[2024-09-07T16:05:45.379+0000] {processor.py:183} INFO - Processing /home/airflow/.local/lib/python3.8/site-packages/airflow/example_dags/example_branch_python_dop_operator_3.py took 0.061 seconds
[2024-09-07T16:06:15.469+0000] {processor.py:161} INFO - Started process (PID=3634) to work on /home/airflow/.local/lib/python3.8/site-packages/airflow/example_dags/example_branch_python_dop_operator_3.py
[2024-09-07T16:06:15.470+0000] {processor.py:830} INFO - Processing file /home/airflow/.local/lib/python3.8/site-packages/airflow/example_dags/example_branch_python_dop_operator_3.py for tasks to queue
[2024-09-07T16:06:15.471+0000] {logging_mixin.py:188} INFO - [2024-09-07T16:06:15.470+0000] {dagbag.py:538} INFO - Filling up the DagBag from /home/airflow/.local/lib/python3.8/site-packages/airflow/example_dags/example_branch_python_dop_operator_3.py
[2024-09-07T16:06:15.477+0000] {processor.py:840} INFO - DAG(s) 'example_branch_dop_operator_v3' retrieved from /home/airflow/.local/lib/python3.8/site-packages/airflow/example_dags/example_branch_python_dop_operator_3.py
[2024-09-07T16:06:15.490+0000] {logging_mixin.py:188} INFO - [2024-09-07T16:06:15.489+0000] {dag.py:3036} INFO - Sync 1 DAGs
[2024-09-07T16:06:15.504+0000] {logging_mixin.py:188} INFO - [2024-09-07T16:06:15.504+0000] {dag.py:3823} INFO - Setting next_dagrun for example_branch_dop_operator_v3 to 2024-09-07 16:05:00+00:00, run_after=2024-09-07 16:06:00+00:00
[2024-09-07T16:06:15.516+0000] {processor.py:183} INFO - Processing /home/airflow/.local/lib/python3.8/site-packages/airflow/example_dags/example_branch_python_dop_operator_3.py took 0.049 seconds
[2024-09-07T16:06:45.793+0000] {processor.py:161} INFO - Started process (PID=3881) to work on /home/airflow/.local/lib/python3.8/site-packages/airflow/example_dags/example_branch_python_dop_operator_3.py
[2024-09-07T16:06:45.794+0000] {processor.py:830} INFO - Processing file /home/airflow/.local/lib/python3.8/site-packages/airflow/example_dags/example_branch_python_dop_operator_3.py for tasks to queue
[2024-09-07T16:06:45.795+0000] {logging_mixin.py:188} INFO - [2024-09-07T16:06:45.795+0000] {dagbag.py:538} INFO - Filling up the DagBag from /home/airflow/.local/lib/python3.8/site-packages/airflow/example_dags/example_branch_python_dop_operator_3.py
[2024-09-07T16:06:45.802+0000] {processor.py:840} INFO - DAG(s) 'example_branch_dop_operator_v3' retrieved from /home/airflow/.local/lib/python3.8/site-packages/airflow/example_dags/example_branch_python_dop_operator_3.py
[2024-09-07T16:06:45.815+0000] {logging_mixin.py:188} INFO - [2024-09-07T16:06:45.815+0000] {dag.py:3036} INFO - Sync 1 DAGs
[2024-09-07T16:06:45.830+0000] {logging_mixin.py:188} INFO - [2024-09-07T16:06:45.830+0000] {dag.py:3823} INFO - Setting next_dagrun for example_branch_dop_operator_v3 to 2024-09-07 16:05:00+00:00, run_after=2024-09-07 16:06:00+00:00
[2024-09-07T16:06:45.841+0000] {processor.py:183} INFO - Processing /home/airflow/.local/lib/python3.8/site-packages/airflow/example_dags/example_branch_python_dop_operator_3.py took 0.051 seconds
[2024-09-07T16:07:15.866+0000] {processor.py:161} INFO - Started process (PID=4128) to work on /home/airflow/.local/lib/python3.8/site-packages/airflow/example_dags/example_branch_python_dop_operator_3.py
[2024-09-07T16:07:15.867+0000] {processor.py:830} INFO - Processing file /home/airflow/.local/lib/python3.8/site-packages/airflow/example_dags/example_branch_python_dop_operator_3.py for tasks to queue
[2024-09-07T16:07:15.868+0000] {logging_mixin.py:188} INFO - [2024-09-07T16:07:15.867+0000] {dagbag.py:538} INFO - Filling up the DagBag from /home/airflow/.local/lib/python3.8/site-packages/airflow/example_dags/example_branch_python_dop_operator_3.py
[2024-09-07T16:07:15.873+0000] {processor.py:840} INFO - DAG(s) 'example_branch_dop_operator_v3' retrieved from /home/airflow/.local/lib/python3.8/site-packages/airflow/example_dags/example_branch_python_dop_operator_3.py
[2024-09-07T16:07:15.884+0000] {logging_mixin.py:188} INFO - [2024-09-07T16:07:15.884+0000] {dag.py:3036} INFO - Sync 1 DAGs
[2024-09-07T16:07:15.899+0000] {logging_mixin.py:188} INFO - [2024-09-07T16:07:15.899+0000] {dag.py:3823} INFO - Setting next_dagrun for example_branch_dop_operator_v3 to 2024-09-07 16:06:00+00:00, run_after=2024-09-07 16:07:00+00:00
[2024-09-07T16:07:15.910+0000] {processor.py:183} INFO - Processing /home/airflow/.local/lib/python3.8/site-packages/airflow/example_dags/example_branch_python_dop_operator_3.py took 0.045 seconds
[2024-09-07T16:07:46.507+0000] {processor.py:161} INFO - Started process (PID=4375) to work on /home/airflow/.local/lib/python3.8/site-packages/airflow/example_dags/example_branch_python_dop_operator_3.py
[2024-09-07T16:07:46.508+0000] {processor.py:830} INFO - Processing file /home/airflow/.local/lib/python3.8/site-packages/airflow/example_dags/example_branch_python_dop_operator_3.py for tasks to queue
[2024-09-07T16:07:46.508+0000] {logging_mixin.py:188} INFO - [2024-09-07T16:07:46.508+0000] {dagbag.py:538} INFO - Filling up the DagBag from /home/airflow/.local/lib/python3.8/site-packages/airflow/example_dags/example_branch_python_dop_operator_3.py
[2024-09-07T16:07:46.516+0000] {processor.py:840} INFO - DAG(s) 'example_branch_dop_operator_v3' retrieved from /home/airflow/.local/lib/python3.8/site-packages/airflow/example_dags/example_branch_python_dop_operator_3.py
[2024-09-07T16:07:46.531+0000] {logging_mixin.py:188} INFO - [2024-09-07T16:07:46.531+0000] {dag.py:3036} INFO - Sync 1 DAGs
[2024-09-07T16:07:46.547+0000] {logging_mixin.py:188} INFO - [2024-09-07T16:07:46.546+0000] {dag.py:3823} INFO - Setting next_dagrun for example_branch_dop_operator_v3 to 2024-09-07 16:06:00+00:00, run_after=2024-09-07 16:07:00+00:00
[2024-09-07T16:07:46.558+0000] {processor.py:183} INFO - Processing /home/airflow/.local/lib/python3.8/site-packages/airflow/example_dags/example_branch_python_dop_operator_3.py took 0.055 seconds
[2024-09-07T16:08:17.311+0000] {processor.py:161} INFO - Started process (PID=4622) to work on /home/airflow/.local/lib/python3.8/site-packages/airflow/example_dags/example_branch_python_dop_operator_3.py
[2024-09-07T16:08:17.311+0000] {processor.py:830} INFO - Processing file /home/airflow/.local/lib/python3.8/site-packages/airflow/example_dags/example_branch_python_dop_operator_3.py for tasks to queue
[2024-09-07T16:08:17.313+0000] {logging_mixin.py:188} INFO - [2024-09-07T16:08:17.312+0000] {dagbag.py:538} INFO - Filling up the DagBag from /home/airflow/.local/lib/python3.8/site-packages/airflow/example_dags/example_branch_python_dop_operator_3.py
[2024-09-07T16:08:17.318+0000] {processor.py:840} INFO - DAG(s) 'example_branch_dop_operator_v3' retrieved from /home/airflow/.local/lib/python3.8/site-packages/airflow/example_dags/example_branch_python_dop_operator_3.py
[2024-09-07T16:08:17.330+0000] {logging_mixin.py:188} INFO - [2024-09-07T16:08:17.330+0000] {dag.py:3036} INFO - Sync 1 DAGs
[2024-09-07T16:08:17.344+0000] {logging_mixin.py:188} INFO - [2024-09-07T16:08:17.344+0000] {dag.py:3823} INFO - Setting next_dagrun for example_branch_dop_operator_v3 to 2024-09-07 16:07:00+00:00, run_after=2024-09-07 16:08:00+00:00
[2024-09-07T16:08:17.354+0000] {processor.py:183} INFO - Processing /home/airflow/.local/lib/python3.8/site-packages/airflow/example_dags/example_branch_python_dop_operator_3.py took 0.045 seconds
[2024-09-07T16:08:48.001+0000] {processor.py:161} INFO - Started process (PID=4869) to work on /home/airflow/.local/lib/python3.8/site-packages/airflow/example_dags/example_branch_python_dop_operator_3.py
[2024-09-07T16:08:48.002+0000] {processor.py:830} INFO - Processing file /home/airflow/.local/lib/python3.8/site-packages/airflow/example_dags/example_branch_python_dop_operator_3.py for tasks to queue
[2024-09-07T16:08:48.003+0000] {logging_mixin.py:188} INFO - [2024-09-07T16:08:48.003+0000] {dagbag.py:538} INFO - Filling up the DagBag from /home/airflow/.local/lib/python3.8/site-packages/airflow/example_dags/example_branch_python_dop_operator_3.py
[2024-09-07T16:08:48.010+0000] {processor.py:840} INFO - DAG(s) 'example_branch_dop_operator_v3' retrieved from /home/airflow/.local/lib/python3.8/site-packages/airflow/example_dags/example_branch_python_dop_operator_3.py
[2024-09-07T16:08:48.023+0000] {logging_mixin.py:188} INFO - [2024-09-07T16:08:48.022+0000] {dag.py:3036} INFO - Sync 1 DAGs
[2024-09-07T16:08:48.038+0000] {logging_mixin.py:188} INFO - [2024-09-07T16:08:48.037+0000] {dag.py:3823} INFO - Setting next_dagrun for example_branch_dop_operator_v3 to 2024-09-07 16:07:00+00:00, run_after=2024-09-07 16:08:00+00:00
[2024-09-07T16:08:48.049+0000] {processor.py:183} INFO - Processing /home/airflow/.local/lib/python3.8/site-packages/airflow/example_dags/example_branch_python_dop_operator_3.py took 0.050 seconds
[2024-09-07T16:09:18.757+0000] {processor.py:161} INFO - Started process (PID=5116) to work on /home/airflow/.local/lib/python3.8/site-packages/airflow/example_dags/example_branch_python_dop_operator_3.py
[2024-09-07T16:09:18.758+0000] {processor.py:830} INFO - Processing file /home/airflow/.local/lib/python3.8/site-packages/airflow/example_dags/example_branch_python_dop_operator_3.py for tasks to queue
[2024-09-07T16:09:18.758+0000] {logging_mixin.py:188} INFO - [2024-09-07T16:09:18.758+0000] {dagbag.py:538} INFO - Filling up the DagBag from /home/airflow/.local/lib/python3.8/site-packages/airflow/example_dags/example_branch_python_dop_operator_3.py
[2024-09-07T16:09:18.763+0000] {processor.py:840} INFO - DAG(s) 'example_branch_dop_operator_v3' retrieved from /home/airflow/.local/lib/python3.8/site-packages/airflow/example_dags/example_branch_python_dop_operator_3.py
[2024-09-07T16:09:18.775+0000] {logging_mixin.py:188} INFO - [2024-09-07T16:09:18.775+0000] {dag.py:3036} INFO - Sync 1 DAGs
[2024-09-07T16:09:18.788+0000] {logging_mixin.py:188} INFO - [2024-09-07T16:09:18.788+0000] {dag.py:3823} INFO - Setting next_dagrun for example_branch_dop_operator_v3 to 2024-09-07 16:08:00+00:00, run_after=2024-09-07 16:09:00+00:00
[2024-09-07T16:09:18.798+0000] {processor.py:183} INFO - Processing /home/airflow/.local/lib/python3.8/site-packages/airflow/example_dags/example_branch_python_dop_operator_3.py took 0.043 seconds
[2024-09-07T16:09:49.475+0000] {processor.py:161} INFO - Started process (PID=5363) to work on /home/airflow/.local/lib/python3.8/site-packages/airflow/example_dags/example_branch_python_dop_operator_3.py
[2024-09-07T16:09:49.476+0000] {processor.py:830} INFO - Processing file /home/airflow/.local/lib/python3.8/site-packages/airflow/example_dags/example_branch_python_dop_operator_3.py for tasks to queue
[2024-09-07T16:09:49.477+0000] {logging_mixin.py:188} INFO - [2024-09-07T16:09:49.477+0000] {dagbag.py:538} INFO - Filling up the DagBag from /home/airflow/.local/lib/python3.8/site-packages/airflow/example_dags/example_branch_python_dop_operator_3.py
[2024-09-07T16:09:49.482+0000] {processor.py:840} INFO - DAG(s) 'example_branch_dop_operator_v3' retrieved from /home/airflow/.local/lib/python3.8/site-packages/airflow/example_dags/example_branch_python_dop_operator_3.py
[2024-09-07T16:09:49.494+0000] {logging_mixin.py:188} INFO - [2024-09-07T16:09:49.494+0000] {dag.py:3036} INFO - Sync 1 DAGs
[2024-09-07T16:09:49.507+0000] {logging_mixin.py:188} INFO - [2024-09-07T16:09:49.507+0000] {dag.py:3823} INFO - Setting next_dagrun for example_branch_dop_operator_v3 to 2024-09-07 16:08:00+00:00, run_after=2024-09-07 16:09:00+00:00
[2024-09-07T16:09:49.517+0000] {processor.py:183} INFO - Processing /home/airflow/.local/lib/python3.8/site-packages/airflow/example_dags/example_branch_python_dop_operator_3.py took 0.044 seconds
[2024-09-07T16:10:19.998+0000] {processor.py:161} INFO - Started process (PID=5610) to work on /home/airflow/.local/lib/python3.8/site-packages/airflow/example_dags/example_branch_python_dop_operator_3.py
[2024-09-07T16:10:19.998+0000] {processor.py:830} INFO - Processing file /home/airflow/.local/lib/python3.8/site-packages/airflow/example_dags/example_branch_python_dop_operator_3.py for tasks to queue
[2024-09-07T16:10:19.999+0000] {logging_mixin.py:188} INFO - [2024-09-07T16:10:19.999+0000] {dagbag.py:538} INFO - Filling up the DagBag from /home/airflow/.local/lib/python3.8/site-packages/airflow/example_dags/example_branch_python_dop_operator_3.py
[2024-09-07T16:10:20.003+0000] {processor.py:840} INFO - DAG(s) 'example_branch_dop_operator_v3' retrieved from /home/airflow/.local/lib/python3.8/site-packages/airflow/example_dags/example_branch_python_dop_operator_3.py
[2024-09-07T16:10:20.015+0000] {logging_mixin.py:188} INFO - [2024-09-07T16:10:20.014+0000] {dag.py:3036} INFO - Sync 1 DAGs
[2024-09-07T16:10:20.030+0000] {logging_mixin.py:188} INFO - [2024-09-07T16:10:20.030+0000] {dag.py:3823} INFO - Setting next_dagrun for example_branch_dop_operator_v3 to 2024-09-07 16:09:00+00:00, run_after=2024-09-07 16:10:00+00:00
[2024-09-07T16:10:20.042+0000] {processor.py:183} INFO - Processing /home/airflow/.local/lib/python3.8/site-packages/airflow/example_dags/example_branch_python_dop_operator_3.py took 0.047 seconds
[2024-09-07T16:10:50.620+0000] {processor.py:161} INFO - Started process (PID=5857) to work on /home/airflow/.local/lib/python3.8/site-packages/airflow/example_dags/example_branch_python_dop_operator_3.py
[2024-09-07T16:10:50.621+0000] {processor.py:830} INFO - Processing file /home/airflow/.local/lib/python3.8/site-packages/airflow/example_dags/example_branch_python_dop_operator_3.py for tasks to queue
[2024-09-07T16:10:50.622+0000] {logging_mixin.py:188} INFO - [2024-09-07T16:10:50.621+0000] {dagbag.py:538} INFO - Filling up the DagBag from /home/airflow/.local/lib/python3.8/site-packages/airflow/example_dags/example_branch_python_dop_operator_3.py
[2024-09-07T16:10:50.627+0000] {processor.py:840} INFO - DAG(s) 'example_branch_dop_operator_v3' retrieved from /home/airflow/.local/lib/python3.8/site-packages/airflow/example_dags/example_branch_python_dop_operator_3.py
[2024-09-07T16:10:50.643+0000] {logging_mixin.py:188} INFO - [2024-09-07T16:10:50.643+0000] {dag.py:3036} INFO - Sync 1 DAGs
[2024-09-07T16:10:50.657+0000] {logging_mixin.py:188} INFO - [2024-09-07T16:10:50.657+0000] {dag.py:3823} INFO - Setting next_dagrun for example_branch_dop_operator_v3 to 2024-09-07 16:09:00+00:00, run_after=2024-09-07 16:10:00+00:00
[2024-09-07T16:10:50.668+0000] {processor.py:183} INFO - Processing /home/airflow/.local/lib/python3.8/site-packages/airflow/example_dags/example_branch_python_dop_operator_3.py took 0.050 seconds
[2024-09-07T16:11:21.199+0000] {processor.py:161} INFO - Started process (PID=6104) to work on /home/airflow/.local/lib/python3.8/site-packages/airflow/example_dags/example_branch_python_dop_operator_3.py
[2024-09-07T16:11:21.200+0000] {processor.py:830} INFO - Processing file /home/airflow/.local/lib/python3.8/site-packages/airflow/example_dags/example_branch_python_dop_operator_3.py for tasks to queue
[2024-09-07T16:11:21.201+0000] {logging_mixin.py:188} INFO - [2024-09-07T16:11:21.200+0000] {dagbag.py:538} INFO - Filling up the DagBag from /home/airflow/.local/lib/python3.8/site-packages/airflow/example_dags/example_branch_python_dop_operator_3.py
[2024-09-07T16:11:21.205+0000] {processor.py:840} INFO - DAG(s) 'example_branch_dop_operator_v3' retrieved from /home/airflow/.local/lib/python3.8/site-packages/airflow/example_dags/example_branch_python_dop_operator_3.py
[2024-09-07T16:11:21.217+0000] {logging_mixin.py:188} INFO - [2024-09-07T16:11:21.217+0000] {dag.py:3036} INFO - Sync 1 DAGs
[2024-09-07T16:11:21.230+0000] {logging_mixin.py:188} INFO - [2024-09-07T16:11:21.230+0000] {dag.py:3823} INFO - Setting next_dagrun for example_branch_dop_operator_v3 to 2024-09-07 16:10:00+00:00, run_after=2024-09-07 16:11:00+00:00
[2024-09-07T16:11:21.239+0000] {processor.py:183} INFO - Processing /home/airflow/.local/lib/python3.8/site-packages/airflow/example_dags/example_branch_python_dop_operator_3.py took 0.043 seconds
[2024-09-07T16:11:51.728+0000] {processor.py:161} INFO - Started process (PID=6351) to work on /home/airflow/.local/lib/python3.8/site-packages/airflow/example_dags/example_branch_python_dop_operator_3.py
[2024-09-07T16:11:51.729+0000] {processor.py:830} INFO - Processing file /home/airflow/.local/lib/python3.8/site-packages/airflow/example_dags/example_branch_python_dop_operator_3.py for tasks to queue
[2024-09-07T16:11:51.730+0000] {logging_mixin.py:188} INFO - [2024-09-07T16:11:51.729+0000] {dagbag.py:538} INFO - Filling up the DagBag from /home/airflow/.local/lib/python3.8/site-packages/airflow/example_dags/example_branch_python_dop_operator_3.py
[2024-09-07T16:11:51.735+0000] {processor.py:840} INFO - DAG(s) 'example_branch_dop_operator_v3' retrieved from /home/airflow/.local/lib/python3.8/site-packages/airflow/example_dags/example_branch_python_dop_operator_3.py
[2024-09-07T16:11:51.748+0000] {logging_mixin.py:188} INFO - [2024-09-07T16:11:51.747+0000] {dag.py:3036} INFO - Sync 1 DAGs
[2024-09-07T16:11:51.762+0000] {logging_mixin.py:188} INFO - [2024-09-07T16:11:51.762+0000] {dag.py:3823} INFO - Setting next_dagrun for example_branch_dop_operator_v3 to 2024-09-07 16:10:00+00:00, run_after=2024-09-07 16:11:00+00:00
[2024-09-07T16:11:51.774+0000] {processor.py:183} INFO - Processing /home/airflow/.local/lib/python3.8/site-packages/airflow/example_dags/example_branch_python_dop_operator_3.py took 0.047 seconds
[2024-09-07T16:12:22.378+0000] {processor.py:161} INFO - Started process (PID=6598) to work on /home/airflow/.local/lib/python3.8/site-packages/airflow/example_dags/example_branch_python_dop_operator_3.py
[2024-09-07T16:12:22.380+0000] {processor.py:830} INFO - Processing file /home/airflow/.local/lib/python3.8/site-packages/airflow/example_dags/example_branch_python_dop_operator_3.py for tasks to queue
[2024-09-07T16:12:22.381+0000] {logging_mixin.py:188} INFO - [2024-09-07T16:12:22.381+0000] {dagbag.py:538} INFO - Filling up the DagBag from /home/airflow/.local/lib/python3.8/site-packages/airflow/example_dags/example_branch_python_dop_operator_3.py
[2024-09-07T16:12:22.389+0000] {processor.py:840} INFO - DAG(s) 'example_branch_dop_operator_v3' retrieved from /home/airflow/.local/lib/python3.8/site-packages/airflow/example_dags/example_branch_python_dop_operator_3.py
[2024-09-07T16:12:22.404+0000] {logging_mixin.py:188} INFO - [2024-09-07T16:12:22.403+0000] {dag.py:3036} INFO - Sync 1 DAGs
[2024-09-07T16:12:22.419+0000] {logging_mixin.py:188} INFO - [2024-09-07T16:12:22.419+0000] {dag.py:3823} INFO - Setting next_dagrun for example_branch_dop_operator_v3 to 2024-09-07 16:11:00+00:00, run_after=2024-09-07 16:12:00+00:00
[2024-09-07T16:12:22.430+0000] {processor.py:183} INFO - Processing /home/airflow/.local/lib/python3.8/site-packages/airflow/example_dags/example_branch_python_dop_operator_3.py took 0.055 seconds
[2024-09-07T16:12:52.984+0000] {processor.py:161} INFO - Started process (PID=6845) to work on /home/airflow/.local/lib/python3.8/site-packages/airflow/example_dags/example_branch_python_dop_operator_3.py
[2024-09-07T16:12:52.985+0000] {processor.py:830} INFO - Processing file /home/airflow/.local/lib/python3.8/site-packages/airflow/example_dags/example_branch_python_dop_operator_3.py for tasks to queue
[2024-09-07T16:12:52.986+0000] {logging_mixin.py:188} INFO - [2024-09-07T16:12:52.985+0000] {dagbag.py:538} INFO - Filling up the DagBag from /home/airflow/.local/lib/python3.8/site-packages/airflow/example_dags/example_branch_python_dop_operator_3.py
[2024-09-07T16:12:52.991+0000] {processor.py:840} INFO - DAG(s) 'example_branch_dop_operator_v3' retrieved from /home/airflow/.local/lib/python3.8/site-packages/airflow/example_dags/example_branch_python_dop_operator_3.py
[2024-09-07T16:12:53.006+0000] {logging_mixin.py:188} INFO - [2024-09-07T16:12:53.005+0000] {dag.py:3036} INFO - Sync 1 DAGs
[2024-09-07T16:12:53.020+0000] {logging_mixin.py:188} INFO - [2024-09-07T16:12:53.020+0000] {dag.py:3823} INFO - Setting next_dagrun for example_branch_dop_operator_v3 to 2024-09-07 16:11:00+00:00, run_after=2024-09-07 16:12:00+00:00
[2024-09-07T16:12:53.030+0000] {processor.py:183} INFO - Processing /home/airflow/.local/lib/python3.8/site-packages/airflow/example_dags/example_branch_python_dop_operator_3.py took 0.048 seconds
[2024-09-07T16:13:23.561+0000] {processor.py:161} INFO - Started process (PID=7092) to work on /home/airflow/.local/lib/python3.8/site-packages/airflow/example_dags/example_branch_python_dop_operator_3.py
[2024-09-07T16:13:23.561+0000] {processor.py:830} INFO - Processing file /home/airflow/.local/lib/python3.8/site-packages/airflow/example_dags/example_branch_python_dop_operator_3.py for tasks to queue
[2024-09-07T16:13:23.562+0000] {logging_mixin.py:188} INFO - [2024-09-07T16:13:23.562+0000] {dagbag.py:538} INFO - Filling up the DagBag from /home/airflow/.local/lib/python3.8/site-packages/airflow/example_dags/example_branch_python_dop_operator_3.py
[2024-09-07T16:13:23.567+0000] {processor.py:840} INFO - DAG(s) 'example_branch_dop_operator_v3' retrieved from /home/airflow/.local/lib/python3.8/site-packages/airflow/example_dags/example_branch_python_dop_operator_3.py
[2024-09-07T16:13:23.579+0000] {logging_mixin.py:188} INFO - [2024-09-07T16:13:23.579+0000] {dag.py:3036} INFO - Sync 1 DAGs
[2024-09-07T16:13:23.595+0000] {logging_mixin.py:188} INFO - [2024-09-07T16:13:23.594+0000] {dag.py:3823} INFO - Setting next_dagrun for example_branch_dop_operator_v3 to 2024-09-07 16:12:00+00:00, run_after=2024-09-07 16:13:00+00:00
[2024-09-07T16:13:23.606+0000] {processor.py:183} INFO - Processing /home/airflow/.local/lib/python3.8/site-packages/airflow/example_dags/example_branch_python_dop_operator_3.py took 0.047 seconds
[2024-09-07T16:13:54.221+0000] {processor.py:161} INFO - Started process (PID=7339) to work on /home/airflow/.local/lib/python3.8/site-packages/airflow/example_dags/example_branch_python_dop_operator_3.py
[2024-09-07T16:13:54.222+0000] {processor.py:830} INFO - Processing file /home/airflow/.local/lib/python3.8/site-packages/airflow/example_dags/example_branch_python_dop_operator_3.py for tasks to queue
[2024-09-07T16:13:54.222+0000] {logging_mixin.py:188} INFO - [2024-09-07T16:13:54.222+0000] {dagbag.py:538} INFO - Filling up the DagBag from /home/airflow/.local/lib/python3.8/site-packages/airflow/example_dags/example_branch_python_dop_operator_3.py
[2024-09-07T16:13:54.227+0000] {processor.py:840} INFO - DAG(s) 'example_branch_dop_operator_v3' retrieved from /home/airflow/.local/lib/python3.8/site-packages/airflow/example_dags/example_branch_python_dop_operator_3.py
[2024-09-07T16:13:54.239+0000] {logging_mixin.py:188} INFO - [2024-09-07T16:13:54.238+0000] {dag.py:3036} INFO - Sync 1 DAGs
[2024-09-07T16:13:54.252+0000] {logging_mixin.py:188} INFO - [2024-09-07T16:13:54.252+0000] {dag.py:3823} INFO - Setting next_dagrun for example_branch_dop_operator_v3 to 2024-09-07 16:12:00+00:00, run_after=2024-09-07 16:13:00+00:00
[2024-09-07T16:13:54.261+0000] {processor.py:183} INFO - Processing /home/airflow/.local/lib/python3.8/site-packages/airflow/example_dags/example_branch_python_dop_operator_3.py took 0.043 seconds
[2024-09-07T16:14:24.298+0000] {processor.py:161} INFO - Started process (PID=7586) to work on /home/airflow/.local/lib/python3.8/site-packages/airflow/example_dags/example_branch_python_dop_operator_3.py
[2024-09-07T16:14:24.299+0000] {processor.py:830} INFO - Processing file /home/airflow/.local/lib/python3.8/site-packages/airflow/example_dags/example_branch_python_dop_operator_3.py for tasks to queue
[2024-09-07T16:14:24.299+0000] {logging_mixin.py:188} INFO - [2024-09-07T16:14:24.299+0000] {dagbag.py:538} INFO - Filling up the DagBag from /home/airflow/.local/lib/python3.8/site-packages/airflow/example_dags/example_branch_python_dop_operator_3.py
[2024-09-07T16:14:24.304+0000] {processor.py:840} INFO - DAG(s) 'example_branch_dop_operator_v3' retrieved from /home/airflow/.local/lib/python3.8/site-packages/airflow/example_dags/example_branch_python_dop_operator_3.py
[2024-09-07T16:14:24.316+0000] {logging_mixin.py:188} INFO - [2024-09-07T16:14:24.316+0000] {dag.py:3036} INFO - Sync 1 DAGs
[2024-09-07T16:14:24.332+0000] {logging_mixin.py:188} INFO - [2024-09-07T16:14:24.332+0000] {dag.py:3823} INFO - Setting next_dagrun for example_branch_dop_operator_v3 to 2024-09-07 16:13:00+00:00, run_after=2024-09-07 16:14:00+00:00
[2024-09-07T16:14:24.345+0000] {processor.py:183} INFO - Processing /home/airflow/.local/lib/python3.8/site-packages/airflow/example_dags/example_branch_python_dop_operator_3.py took 0.049 seconds
[2024-09-07T16:14:54.989+0000] {processor.py:161} INFO - Started process (PID=7833) to work on /home/airflow/.local/lib/python3.8/site-packages/airflow/example_dags/example_branch_python_dop_operator_3.py
[2024-09-07T16:14:54.990+0000] {processor.py:830} INFO - Processing file /home/airflow/.local/lib/python3.8/site-packages/airflow/example_dags/example_branch_python_dop_operator_3.py for tasks to queue
[2024-09-07T16:14:54.990+0000] {logging_mixin.py:188} INFO - [2024-09-07T16:14:54.990+0000] {dagbag.py:538} INFO - Filling up the DagBag from /home/airflow/.local/lib/python3.8/site-packages/airflow/example_dags/example_branch_python_dop_operator_3.py
[2024-09-07T16:14:54.996+0000] {processor.py:840} INFO - DAG(s) 'example_branch_dop_operator_v3' retrieved from /home/airflow/.local/lib/python3.8/site-packages/airflow/example_dags/example_branch_python_dop_operator_3.py
[2024-09-07T16:14:55.007+0000] {logging_mixin.py:188} INFO - [2024-09-07T16:14:55.007+0000] {dag.py:3036} INFO - Sync 1 DAGs
[2024-09-07T16:14:55.020+0000] {logging_mixin.py:188} INFO - [2024-09-07T16:14:55.020+0000] {dag.py:3823} INFO - Setting next_dagrun for example_branch_dop_operator_v3 to 2024-09-07 16:13:00+00:00, run_after=2024-09-07 16:14:00+00:00
[2024-09-07T16:14:55.029+0000] {processor.py:183} INFO - Processing /home/airflow/.local/lib/python3.8/site-packages/airflow/example_dags/example_branch_python_dop_operator_3.py took 0.042 seconds
[2024-09-07T16:15:25.606+0000] {processor.py:161} INFO - Started process (PID=8080) to work on /home/airflow/.local/lib/python3.8/site-packages/airflow/example_dags/example_branch_python_dop_operator_3.py
[2024-09-07T16:15:25.607+0000] {processor.py:830} INFO - Processing file /home/airflow/.local/lib/python3.8/site-packages/airflow/example_dags/example_branch_python_dop_operator_3.py for tasks to queue
[2024-09-07T16:15:25.607+0000] {logging_mixin.py:188} INFO - [2024-09-07T16:15:25.607+0000] {dagbag.py:538} INFO - Filling up the DagBag from /home/airflow/.local/lib/python3.8/site-packages/airflow/example_dags/example_branch_python_dop_operator_3.py
[2024-09-07T16:15:25.614+0000] {processor.py:840} INFO - DAG(s) 'example_branch_dop_operator_v3' retrieved from /home/airflow/.local/lib/python3.8/site-packages/airflow/example_dags/example_branch_python_dop_operator_3.py
[2024-09-07T16:15:25.630+0000] {logging_mixin.py:188} INFO - [2024-09-07T16:15:25.630+0000] {dag.py:3036} INFO - Sync 1 DAGs
[2024-09-07T16:15:25.645+0000] {logging_mixin.py:188} INFO - [2024-09-07T16:15:25.645+0000] {dag.py:3823} INFO - Setting next_dagrun for example_branch_dop_operator_v3 to 2024-09-07 16:14:00+00:00, run_after=2024-09-07 16:15:00+00:00
[2024-09-07T16:15:25.657+0000] {processor.py:183} INFO - Processing /home/airflow/.local/lib/python3.8/site-packages/airflow/example_dags/example_branch_python_dop_operator_3.py took 0.053 seconds
[2024-09-07T16:15:56.210+0000] {processor.py:161} INFO - Started process (PID=8326) to work on /home/airflow/.local/lib/python3.8/site-packages/airflow/example_dags/example_branch_python_dop_operator_3.py
[2024-09-07T16:15:56.211+0000] {processor.py:830} INFO - Processing file /home/airflow/.local/lib/python3.8/site-packages/airflow/example_dags/example_branch_python_dop_operator_3.py for tasks to queue
[2024-09-07T16:15:56.211+0000] {logging_mixin.py:188} INFO - [2024-09-07T16:15:56.211+0000] {dagbag.py:538} INFO - Filling up the DagBag from /home/airflow/.local/lib/python3.8/site-packages/airflow/example_dags/example_branch_python_dop_operator_3.py
[2024-09-07T16:15:56.218+0000] {processor.py:840} INFO - DAG(s) 'example_branch_dop_operator_v3' retrieved from /home/airflow/.local/lib/python3.8/site-packages/airflow/example_dags/example_branch_python_dop_operator_3.py
[2024-09-07T16:15:56.231+0000] {logging_mixin.py:188} INFO - [2024-09-07T16:15:56.231+0000] {dag.py:3036} INFO - Sync 1 DAGs
[2024-09-07T16:15:56.245+0000] {logging_mixin.py:188} INFO - [2024-09-07T16:15:56.245+0000] {dag.py:3823} INFO - Setting next_dagrun for example_branch_dop_operator_v3 to 2024-09-07 16:14:00+00:00, run_after=2024-09-07 16:15:00+00:00
[2024-09-07T16:15:56.258+0000] {processor.py:183} INFO - Processing /home/airflow/.local/lib/python3.8/site-packages/airflow/example_dags/example_branch_python_dop_operator_3.py took 0.050 seconds
[2024-09-07T16:16:26.901+0000] {processor.py:161} INFO - Started process (PID=8573) to work on /home/airflow/.local/lib/python3.8/site-packages/airflow/example_dags/example_branch_python_dop_operator_3.py
[2024-09-07T16:16:26.904+0000] {processor.py:830} INFO - Processing file /home/airflow/.local/lib/python3.8/site-packages/airflow/example_dags/example_branch_python_dop_operator_3.py for tasks to queue
[2024-09-07T16:16:26.911+0000] {logging_mixin.py:188} INFO - [2024-09-07T16:16:26.911+0000] {dagbag.py:538} INFO - Filling up the DagBag from /home/airflow/.local/lib/python3.8/site-packages/airflow/example_dags/example_branch_python_dop_operator_3.py
[2024-09-07T16:16:26.925+0000] {processor.py:840} INFO - DAG(s) 'example_branch_dop_operator_v3' retrieved from /home/airflow/.local/lib/python3.8/site-packages/airflow/example_dags/example_branch_python_dop_operator_3.py
[2024-09-07T16:16:26.969+0000] {logging_mixin.py:188} INFO - [2024-09-07T16:16:26.969+0000] {dag.py:3036} INFO - Sync 1 DAGs
[2024-09-07T16:16:26.982+0000] {logging_mixin.py:188} INFO - [2024-09-07T16:16:26.982+0000] {dag.py:3823} INFO - Setting next_dagrun for example_branch_dop_operator_v3 to 2024-09-07 16:15:00+00:00, run_after=2024-09-07 16:16:00+00:00
[2024-09-07T16:16:26.992+0000] {processor.py:183} INFO - Processing /home/airflow/.local/lib/python3.8/site-packages/airflow/example_dags/example_branch_python_dop_operator_3.py took 0.095 seconds
[2024-09-07T16:16:57.591+0000] {processor.py:161} INFO - Started process (PID=8820) to work on /home/airflow/.local/lib/python3.8/site-packages/airflow/example_dags/example_branch_python_dop_operator_3.py
[2024-09-07T16:16:57.591+0000] {processor.py:830} INFO - Processing file /home/airflow/.local/lib/python3.8/site-packages/airflow/example_dags/example_branch_python_dop_operator_3.py for tasks to queue
[2024-09-07T16:16:57.592+0000] {logging_mixin.py:188} INFO - [2024-09-07T16:16:57.592+0000] {dagbag.py:538} INFO - Filling up the DagBag from /home/airflow/.local/lib/python3.8/site-packages/airflow/example_dags/example_branch_python_dop_operator_3.py
[2024-09-07T16:16:57.599+0000] {processor.py:840} INFO - DAG(s) 'example_branch_dop_operator_v3' retrieved from /home/airflow/.local/lib/python3.8/site-packages/airflow/example_dags/example_branch_python_dop_operator_3.py
[2024-09-07T16:16:57.613+0000] {logging_mixin.py:188} INFO - [2024-09-07T16:16:57.612+0000] {dag.py:3036} INFO - Sync 1 DAGs
[2024-09-07T16:16:57.629+0000] {logging_mixin.py:188} INFO - [2024-09-07T16:16:57.628+0000] {dag.py:3823} INFO - Setting next_dagrun for example_branch_dop_operator_v3 to 2024-09-07 16:15:00+00:00, run_after=2024-09-07 16:16:00+00:00
[2024-09-07T16:16:57.640+0000] {processor.py:183} INFO - Processing /home/airflow/.local/lib/python3.8/site-packages/airflow/example_dags/example_branch_python_dop_operator_3.py took 0.052 seconds
[2024-09-07T16:17:27.783+0000] {processor.py:161} INFO - Started process (PID=9067) to work on /home/airflow/.local/lib/python3.8/site-packages/airflow/example_dags/example_branch_python_dop_operator_3.py
[2024-09-07T16:17:27.784+0000] {processor.py:830} INFO - Processing file /home/airflow/.local/lib/python3.8/site-packages/airflow/example_dags/example_branch_python_dop_operator_3.py for tasks to queue
[2024-09-07T16:17:27.784+0000] {logging_mixin.py:188} INFO - [2024-09-07T16:17:27.784+0000] {dagbag.py:538} INFO - Filling up the DagBag from /home/airflow/.local/lib/python3.8/site-packages/airflow/example_dags/example_branch_python_dop_operator_3.py
[2024-09-07T16:17:27.790+0000] {processor.py:840} INFO - DAG(s) 'example_branch_dop_operator_v3' retrieved from /home/airflow/.local/lib/python3.8/site-packages/airflow/example_dags/example_branch_python_dop_operator_3.py
[2024-09-07T16:17:27.802+0000] {logging_mixin.py:188} INFO - [2024-09-07T16:17:27.801+0000] {dag.py:3036} INFO - Sync 1 DAGs
[2024-09-07T16:17:27.816+0000] {logging_mixin.py:188} INFO - [2024-09-07T16:17:27.815+0000] {dag.py:3823} INFO - Setting next_dagrun for example_branch_dop_operator_v3 to 2024-09-07 16:16:00+00:00, run_after=2024-09-07 16:17:00+00:00
[2024-09-07T16:17:27.826+0000] {processor.py:183} INFO - Processing /home/airflow/.local/lib/python3.8/site-packages/airflow/example_dags/example_branch_python_dop_operator_3.py took 0.045 seconds
[2024-09-07T16:17:58.517+0000] {processor.py:161} INFO - Started process (PID=9314) to work on /home/airflow/.local/lib/python3.8/site-packages/airflow/example_dags/example_branch_python_dop_operator_3.py
[2024-09-07T16:17:58.517+0000] {processor.py:830} INFO - Processing file /home/airflow/.local/lib/python3.8/site-packages/airflow/example_dags/example_branch_python_dop_operator_3.py for tasks to queue
[2024-09-07T16:17:58.518+0000] {logging_mixin.py:188} INFO - [2024-09-07T16:17:58.518+0000] {dagbag.py:538} INFO - Filling up the DagBag from /home/airflow/.local/lib/python3.8/site-packages/airflow/example_dags/example_branch_python_dop_operator_3.py
[2024-09-07T16:17:58.523+0000] {processor.py:840} INFO - DAG(s) 'example_branch_dop_operator_v3' retrieved from /home/airflow/.local/lib/python3.8/site-packages/airflow/example_dags/example_branch_python_dop_operator_3.py
[2024-09-07T16:17:58.535+0000] {logging_mixin.py:188} INFO - [2024-09-07T16:17:58.535+0000] {dag.py:3036} INFO - Sync 1 DAGs
[2024-09-07T16:17:58.548+0000] {logging_mixin.py:188} INFO - [2024-09-07T16:17:58.548+0000] {dag.py:3823} INFO - Setting next_dagrun for example_branch_dop_operator_v3 to 2024-09-07 16:16:00+00:00, run_after=2024-09-07 16:17:00+00:00
[2024-09-07T16:17:58.558+0000] {processor.py:183} INFO - Processing /home/airflow/.local/lib/python3.8/site-packages/airflow/example_dags/example_branch_python_dop_operator_3.py took 0.043 seconds
[2024-09-07T16:18:29.166+0000] {processor.py:161} INFO - Started process (PID=9561) to work on /home/airflow/.local/lib/python3.8/site-packages/airflow/example_dags/example_branch_python_dop_operator_3.py
[2024-09-07T16:18:29.168+0000] {processor.py:830} INFO - Processing file /home/airflow/.local/lib/python3.8/site-packages/airflow/example_dags/example_branch_python_dop_operator_3.py for tasks to queue
[2024-09-07T16:18:29.170+0000] {logging_mixin.py:188} INFO - [2024-09-07T16:18:29.170+0000] {dagbag.py:538} INFO - Filling up the DagBag from /home/airflow/.local/lib/python3.8/site-packages/airflow/example_dags/example_branch_python_dop_operator_3.py
[2024-09-07T16:18:29.190+0000] {processor.py:840} INFO - DAG(s) 'example_branch_dop_operator_v3' retrieved from /home/airflow/.local/lib/python3.8/site-packages/airflow/example_dags/example_branch_python_dop_operator_3.py
[2024-09-07T16:18:29.249+0000] {logging_mixin.py:188} INFO - [2024-09-07T16:18:29.248+0000] {dag.py:3036} INFO - Sync 1 DAGs
[2024-09-07T16:18:29.553+0000] {logging_mixin.py:188} INFO - [2024-09-07T16:18:29.553+0000] {dag.py:3823} INFO - Setting next_dagrun for example_branch_dop_operator_v3 to 2024-09-07 16:17:00+00:00, run_after=2024-09-07 16:18:00+00:00
[2024-09-07T16:18:29.577+0000] {processor.py:183} INFO - Processing /home/airflow/.local/lib/python3.8/site-packages/airflow/example_dags/example_branch_python_dop_operator_3.py took 0.417 seconds
[2024-09-07T16:19:00.460+0000] {processor.py:161} INFO - Started process (PID=9808) to work on /home/airflow/.local/lib/python3.8/site-packages/airflow/example_dags/example_branch_python_dop_operator_3.py
[2024-09-07T16:19:00.461+0000] {processor.py:830} INFO - Processing file /home/airflow/.local/lib/python3.8/site-packages/airflow/example_dags/example_branch_python_dop_operator_3.py for tasks to queue
[2024-09-07T16:19:00.461+0000] {logging_mixin.py:188} INFO - [2024-09-07T16:19:00.461+0000] {dagbag.py:538} INFO - Filling up the DagBag from /home/airflow/.local/lib/python3.8/site-packages/airflow/example_dags/example_branch_python_dop_operator_3.py
[2024-09-07T16:19:00.467+0000] {processor.py:840} INFO - DAG(s) 'example_branch_dop_operator_v3' retrieved from /home/airflow/.local/lib/python3.8/site-packages/airflow/example_dags/example_branch_python_dop_operator_3.py
[2024-09-07T16:19:00.487+0000] {logging_mixin.py:188} INFO - [2024-09-07T16:19:00.487+0000] {dag.py:3036} INFO - Sync 1 DAGs
[2024-09-07T16:19:00.502+0000] {logging_mixin.py:188} INFO - [2024-09-07T16:19:00.502+0000] {dag.py:3823} INFO - Setting next_dagrun for example_branch_dop_operator_v3 to 2024-09-07 16:18:00+00:00, run_after=2024-09-07 16:19:00+00:00
[2024-09-07T16:19:00.513+0000] {processor.py:183} INFO - Processing /home/airflow/.local/lib/python3.8/site-packages/airflow/example_dags/example_branch_python_dop_operator_3.py took 0.056 seconds
[2024-09-07T16:19:31.200+0000] {processor.py:161} INFO - Started process (PID=10061) to work on /home/airflow/.local/lib/python3.8/site-packages/airflow/example_dags/example_branch_python_dop_operator_3.py
[2024-09-07T16:19:31.201+0000] {processor.py:830} INFO - Processing file /home/airflow/.local/lib/python3.8/site-packages/airflow/example_dags/example_branch_python_dop_operator_3.py for tasks to queue
[2024-09-07T16:19:31.202+0000] {logging_mixin.py:188} INFO - [2024-09-07T16:19:31.202+0000] {dagbag.py:538} INFO - Filling up the DagBag from /home/airflow/.local/lib/python3.8/site-packages/airflow/example_dags/example_branch_python_dop_operator_3.py
[2024-09-07T16:19:31.210+0000] {processor.py:840} INFO - DAG(s) 'example_branch_dop_operator_v3' retrieved from /home/airflow/.local/lib/python3.8/site-packages/airflow/example_dags/example_branch_python_dop_operator_3.py
[2024-09-07T16:19:31.226+0000] {logging_mixin.py:188} INFO - [2024-09-07T16:19:31.225+0000] {dag.py:3036} INFO - Sync 1 DAGs
[2024-09-07T16:19:31.242+0000] {logging_mixin.py:188} INFO - [2024-09-07T16:19:31.242+0000] {dag.py:3823} INFO - Setting next_dagrun for example_branch_dop_operator_v3 to 2024-09-07 16:18:00+00:00, run_after=2024-09-07 16:19:00+00:00
[2024-09-07T16:19:31.254+0000] {processor.py:183} INFO - Processing /home/airflow/.local/lib/python3.8/site-packages/airflow/example_dags/example_branch_python_dop_operator_3.py took 0.059 seconds
[2024-09-07T16:20:01.687+0000] {processor.py:161} INFO - Started process (PID=10308) to work on /home/airflow/.local/lib/python3.8/site-packages/airflow/example_dags/example_branch_python_dop_operator_3.py
[2024-09-07T16:20:01.688+0000] {processor.py:830} INFO - Processing file /home/airflow/.local/lib/python3.8/site-packages/airflow/example_dags/example_branch_python_dop_operator_3.py for tasks to queue
[2024-09-07T16:20:01.688+0000] {logging_mixin.py:188} INFO - [2024-09-07T16:20:01.688+0000] {dagbag.py:538} INFO - Filling up the DagBag from /home/airflow/.local/lib/python3.8/site-packages/airflow/example_dags/example_branch_python_dop_operator_3.py
[2024-09-07T16:20:01.694+0000] {processor.py:840} INFO - DAG(s) 'example_branch_dop_operator_v3' retrieved from /home/airflow/.local/lib/python3.8/site-packages/airflow/example_dags/example_branch_python_dop_operator_3.py
[2024-09-07T16:20:01.706+0000] {logging_mixin.py:188} INFO - [2024-09-07T16:20:01.706+0000] {dag.py:3036} INFO - Sync 1 DAGs
[2024-09-07T16:20:01.720+0000] {logging_mixin.py:188} INFO - [2024-09-07T16:20:01.720+0000] {dag.py:3823} INFO - Setting next_dagrun for example_branch_dop_operator_v3 to 2024-09-07 16:19:00+00:00, run_after=2024-09-07 16:20:00+00:00
[2024-09-07T16:20:01.730+0000] {processor.py:183} INFO - Processing /home/airflow/.local/lib/python3.8/site-packages/airflow/example_dags/example_branch_python_dop_operator_3.py took 0.045 seconds
[2024-09-07T16:20:32.375+0000] {processor.py:161} INFO - Started process (PID=10555) to work on /home/airflow/.local/lib/python3.8/site-packages/airflow/example_dags/example_branch_python_dop_operator_3.py
[2024-09-07T16:20:32.376+0000] {processor.py:830} INFO - Processing file /home/airflow/.local/lib/python3.8/site-packages/airflow/example_dags/example_branch_python_dop_operator_3.py for tasks to queue
[2024-09-07T16:20:32.377+0000] {logging_mixin.py:188} INFO - [2024-09-07T16:20:32.377+0000] {dagbag.py:538} INFO - Filling up the DagBag from /home/airflow/.local/lib/python3.8/site-packages/airflow/example_dags/example_branch_python_dop_operator_3.py
[2024-09-07T16:20:32.383+0000] {processor.py:840} INFO - DAG(s) 'example_branch_dop_operator_v3' retrieved from /home/airflow/.local/lib/python3.8/site-packages/airflow/example_dags/example_branch_python_dop_operator_3.py
[2024-09-07T16:20:32.395+0000] {logging_mixin.py:188} INFO - [2024-09-07T16:20:32.395+0000] {dag.py:3036} INFO - Sync 1 DAGs
[2024-09-07T16:20:32.409+0000] {logging_mixin.py:188} INFO - [2024-09-07T16:20:32.408+0000] {dag.py:3823} INFO - Setting next_dagrun for example_branch_dop_operator_v3 to 2024-09-07 16:19:00+00:00, run_after=2024-09-07 16:20:00+00:00
[2024-09-07T16:20:32.418+0000] {processor.py:183} INFO - Processing /home/airflow/.local/lib/python3.8/site-packages/airflow/example_dags/example_branch_python_dop_operator_3.py took 0.045 seconds
[2024-09-07T16:21:02.944+0000] {processor.py:161} INFO - Started process (PID=10801) to work on /home/airflow/.local/lib/python3.8/site-packages/airflow/example_dags/example_branch_python_dop_operator_3.py
[2024-09-07T16:21:02.945+0000] {processor.py:830} INFO - Processing file /home/airflow/.local/lib/python3.8/site-packages/airflow/example_dags/example_branch_python_dop_operator_3.py for tasks to queue
[2024-09-07T16:21:02.946+0000] {logging_mixin.py:188} INFO - [2024-09-07T16:21:02.945+0000] {dagbag.py:538} INFO - Filling up the DagBag from /home/airflow/.local/lib/python3.8/site-packages/airflow/example_dags/example_branch_python_dop_operator_3.py
[2024-09-07T16:21:02.951+0000] {processor.py:840} INFO - DAG(s) 'example_branch_dop_operator_v3' retrieved from /home/airflow/.local/lib/python3.8/site-packages/airflow/example_dags/example_branch_python_dop_operator_3.py
[2024-09-07T16:21:02.963+0000] {logging_mixin.py:188} INFO - [2024-09-07T16:21:02.963+0000] {dag.py:3036} INFO - Sync 1 DAGs
[2024-09-07T16:21:02.976+0000] {logging_mixin.py:188} INFO - [2024-09-07T16:21:02.976+0000] {dag.py:3823} INFO - Setting next_dagrun for example_branch_dop_operator_v3 to 2024-09-07 16:20:00+00:00, run_after=2024-09-07 16:21:00+00:00
[2024-09-07T16:21:02.986+0000] {processor.py:183} INFO - Processing /home/airflow/.local/lib/python3.8/site-packages/airflow/example_dags/example_branch_python_dop_operator_3.py took 0.044 seconds
[2024-09-07T16:21:33.741+0000] {processor.py:161} INFO - Started process (PID=11048) to work on /home/airflow/.local/lib/python3.8/site-packages/airflow/example_dags/example_branch_python_dop_operator_3.py
[2024-09-07T16:21:33.742+0000] {processor.py:830} INFO - Processing file /home/airflow/.local/lib/python3.8/site-packages/airflow/example_dags/example_branch_python_dop_operator_3.py for tasks to queue
[2024-09-07T16:21:33.742+0000] {logging_mixin.py:188} INFO - [2024-09-07T16:21:33.742+0000] {dagbag.py:538} INFO - Filling up the DagBag from /home/airflow/.local/lib/python3.8/site-packages/airflow/example_dags/example_branch_python_dop_operator_3.py
[2024-09-07T16:21:33.753+0000] {processor.py:840} INFO - DAG(s) 'example_branch_dop_operator_v3' retrieved from /home/airflow/.local/lib/python3.8/site-packages/airflow/example_dags/example_branch_python_dop_operator_3.py
[2024-09-07T16:21:33.768+0000] {logging_mixin.py:188} INFO - [2024-09-07T16:21:33.768+0000] {dag.py:3036} INFO - Sync 1 DAGs
[2024-09-07T16:21:33.783+0000] {logging_mixin.py:188} INFO - [2024-09-07T16:21:33.783+0000] {dag.py:3823} INFO - Setting next_dagrun for example_branch_dop_operator_v3 to 2024-09-07 16:20:00+00:00, run_after=2024-09-07 16:21:00+00:00
[2024-09-07T16:21:33.795+0000] {processor.py:183} INFO - Processing /home/airflow/.local/lib/python3.8/site-packages/airflow/example_dags/example_branch_python_dop_operator_3.py took 0.057 seconds
[2024-09-07T16:22:03.824+0000] {processor.py:161} INFO - Started process (PID=11295) to work on /home/airflow/.local/lib/python3.8/site-packages/airflow/example_dags/example_branch_python_dop_operator_3.py
[2024-09-07T16:22:03.825+0000] {processor.py:830} INFO - Processing file /home/airflow/.local/lib/python3.8/site-packages/airflow/example_dags/example_branch_python_dop_operator_3.py for tasks to queue
[2024-09-07T16:22:03.826+0000] {logging_mixin.py:188} INFO - [2024-09-07T16:22:03.826+0000] {dagbag.py:538} INFO - Filling up the DagBag from /home/airflow/.local/lib/python3.8/site-packages/airflow/example_dags/example_branch_python_dop_operator_3.py
[2024-09-07T16:22:03.832+0000] {processor.py:840} INFO - DAG(s) 'example_branch_dop_operator_v3' retrieved from /home/airflow/.local/lib/python3.8/site-packages/airflow/example_dags/example_branch_python_dop_operator_3.py
[2024-09-07T16:22:03.844+0000] {logging_mixin.py:188} INFO - [2024-09-07T16:22:03.843+0000] {dag.py:3036} INFO - Sync 1 DAGs
[2024-09-07T16:22:03.857+0000] {logging_mixin.py:188} INFO - [2024-09-07T16:22:03.857+0000] {dag.py:3823} INFO - Setting next_dagrun for example_branch_dop_operator_v3 to 2024-09-07 16:21:00+00:00, run_after=2024-09-07 16:22:00+00:00
[2024-09-07T16:22:03.867+0000] {processor.py:183} INFO - Processing /home/airflow/.local/lib/python3.8/site-packages/airflow/example_dags/example_branch_python_dop_operator_3.py took 0.046 seconds
[2024-09-07T16:22:34.352+0000] {processor.py:161} INFO - Started process (PID=11542) to work on /home/airflow/.local/lib/python3.8/site-packages/airflow/example_dags/example_branch_python_dop_operator_3.py
[2024-09-07T16:22:34.352+0000] {processor.py:830} INFO - Processing file /home/airflow/.local/lib/python3.8/site-packages/airflow/example_dags/example_branch_python_dop_operator_3.py for tasks to queue
[2024-09-07T16:22:34.353+0000] {logging_mixin.py:188} INFO - [2024-09-07T16:22:34.353+0000] {dagbag.py:538} INFO - Filling up the DagBag from /home/airflow/.local/lib/python3.8/site-packages/airflow/example_dags/example_branch_python_dop_operator_3.py
[2024-09-07T16:22:34.358+0000] {processor.py:840} INFO - DAG(s) 'example_branch_dop_operator_v3' retrieved from /home/airflow/.local/lib/python3.8/site-packages/airflow/example_dags/example_branch_python_dop_operator_3.py
[2024-09-07T16:22:34.371+0000] {logging_mixin.py:188} INFO - [2024-09-07T16:22:34.370+0000] {dag.py:3036} INFO - Sync 1 DAGs
[2024-09-07T16:22:34.384+0000] {logging_mixin.py:188} INFO - [2024-09-07T16:22:34.384+0000] {dag.py:3823} INFO - Setting next_dagrun for example_branch_dop_operator_v3 to 2024-09-07 16:21:00+00:00, run_after=2024-09-07 16:22:00+00:00
[2024-09-07T16:22:34.394+0000] {processor.py:183} INFO - Processing /home/airflow/.local/lib/python3.8/site-packages/airflow/example_dags/example_branch_python_dop_operator_3.py took 0.044 seconds
[2024-09-07T16:23:05.184+0000] {processor.py:161} INFO - Started process (PID=11789) to work on /home/airflow/.local/lib/python3.8/site-packages/airflow/example_dags/example_branch_python_dop_operator_3.py
[2024-09-07T16:23:05.185+0000] {processor.py:830} INFO - Processing file /home/airflow/.local/lib/python3.8/site-packages/airflow/example_dags/example_branch_python_dop_operator_3.py for tasks to queue
[2024-09-07T16:23:05.185+0000] {logging_mixin.py:188} INFO - [2024-09-07T16:23:05.185+0000] {dagbag.py:538} INFO - Filling up the DagBag from /home/airflow/.local/lib/python3.8/site-packages/airflow/example_dags/example_branch_python_dop_operator_3.py
[2024-09-07T16:23:05.192+0000] {processor.py:840} INFO - DAG(s) 'example_branch_dop_operator_v3' retrieved from /home/airflow/.local/lib/python3.8/site-packages/airflow/example_dags/example_branch_python_dop_operator_3.py
[2024-09-07T16:23:05.208+0000] {logging_mixin.py:188} INFO - [2024-09-07T16:23:05.208+0000] {dag.py:3036} INFO - Sync 1 DAGs
[2024-09-07T16:23:05.222+0000] {logging_mixin.py:188} INFO - [2024-09-07T16:23:05.222+0000] {dag.py:3823} INFO - Setting next_dagrun for example_branch_dop_operator_v3 to 2024-09-07 16:22:00+00:00, run_after=2024-09-07 16:23:00+00:00
[2024-09-07T16:23:05.234+0000] {processor.py:183} INFO - Processing /home/airflow/.local/lib/python3.8/site-packages/airflow/example_dags/example_branch_python_dop_operator_3.py took 0.054 seconds
[2024-09-07T16:23:35.745+0000] {processor.py:161} INFO - Started process (PID=12036) to work on /home/airflow/.local/lib/python3.8/site-packages/airflow/example_dags/example_branch_python_dop_operator_3.py
[2024-09-07T16:23:35.746+0000] {processor.py:830} INFO - Processing file /home/airflow/.local/lib/python3.8/site-packages/airflow/example_dags/example_branch_python_dop_operator_3.py for tasks to queue
[2024-09-07T16:23:35.746+0000] {logging_mixin.py:188} INFO - [2024-09-07T16:23:35.746+0000] {dagbag.py:538} INFO - Filling up the DagBag from /home/airflow/.local/lib/python3.8/site-packages/airflow/example_dags/example_branch_python_dop_operator_3.py
[2024-09-07T16:23:35.752+0000] {processor.py:840} INFO - DAG(s) 'example_branch_dop_operator_v3' retrieved from /home/airflow/.local/lib/python3.8/site-packages/airflow/example_dags/example_branch_python_dop_operator_3.py
[2024-09-07T16:23:35.763+0000] {logging_mixin.py:188} INFO - [2024-09-07T16:23:35.763+0000] {dag.py:3036} INFO - Sync 1 DAGs
[2024-09-07T16:23:35.778+0000] {logging_mixin.py:188} INFO - [2024-09-07T16:23:35.778+0000] {dag.py:3823} INFO - Setting next_dagrun for example_branch_dop_operator_v3 to 2024-09-07 16:22:00+00:00, run_after=2024-09-07 16:23:00+00:00
[2024-09-07T16:23:35.789+0000] {processor.py:183} INFO - Processing /home/airflow/.local/lib/python3.8/site-packages/airflow/example_dags/example_branch_python_dop_operator_3.py took 0.047 seconds
[2024-09-07T16:24:06.448+0000] {processor.py:161} INFO - Started process (PID=12283) to work on /home/airflow/.local/lib/python3.8/site-packages/airflow/example_dags/example_branch_python_dop_operator_3.py
[2024-09-07T16:24:06.449+0000] {processor.py:830} INFO - Processing file /home/airflow/.local/lib/python3.8/site-packages/airflow/example_dags/example_branch_python_dop_operator_3.py for tasks to queue
[2024-09-07T16:24:06.450+0000] {logging_mixin.py:188} INFO - [2024-09-07T16:24:06.449+0000] {dagbag.py:538} INFO - Filling up the DagBag from /home/airflow/.local/lib/python3.8/site-packages/airflow/example_dags/example_branch_python_dop_operator_3.py
[2024-09-07T16:24:06.456+0000] {processor.py:840} INFO - DAG(s) 'example_branch_dop_operator_v3' retrieved from /home/airflow/.local/lib/python3.8/site-packages/airflow/example_dags/example_branch_python_dop_operator_3.py
[2024-09-07T16:24:06.470+0000] {logging_mixin.py:188} INFO - [2024-09-07T16:24:06.470+0000] {dag.py:3036} INFO - Sync 1 DAGs
[2024-09-07T16:24:06.487+0000] {logging_mixin.py:188} INFO - [2024-09-07T16:24:06.487+0000] {dag.py:3823} INFO - Setting next_dagrun for example_branch_dop_operator_v3 to 2024-09-07 16:23:00+00:00, run_after=2024-09-07 16:24:00+00:00
[2024-09-07T16:24:06.500+0000] {processor.py:183} INFO - Processing /home/airflow/.local/lib/python3.8/site-packages/airflow/example_dags/example_branch_python_dop_operator_3.py took 0.054 seconds
[2024-09-07T16:24:36.553+0000] {processor.py:161} INFO - Started process (PID=12530) to work on /home/airflow/.local/lib/python3.8/site-packages/airflow/example_dags/example_branch_python_dop_operator_3.py
[2024-09-07T16:24:36.554+0000] {processor.py:830} INFO - Processing file /home/airflow/.local/lib/python3.8/site-packages/airflow/example_dags/example_branch_python_dop_operator_3.py for tasks to queue
[2024-09-07T16:24:36.556+0000] {logging_mixin.py:188} INFO - [2024-09-07T16:24:36.555+0000] {dagbag.py:538} INFO - Filling up the DagBag from /home/airflow/.local/lib/python3.8/site-packages/airflow/example_dags/example_branch_python_dop_operator_3.py
[2024-09-07T16:24:36.564+0000] {processor.py:840} INFO - DAG(s) 'example_branch_dop_operator_v3' retrieved from /home/airflow/.local/lib/python3.8/site-packages/airflow/example_dags/example_branch_python_dop_operator_3.py
[2024-09-07T16:24:36.590+0000] {logging_mixin.py:188} INFO - [2024-09-07T16:24:36.590+0000] {dag.py:3036} INFO - Sync 1 DAGs
[2024-09-07T16:24:36.609+0000] {logging_mixin.py:188} INFO - [2024-09-07T16:24:36.608+0000] {dag.py:3823} INFO - Setting next_dagrun for example_branch_dop_operator_v3 to 2024-09-07 16:23:00+00:00, run_after=2024-09-07 16:24:00+00:00
[2024-09-07T16:24:36.626+0000] {processor.py:183} INFO - Processing /home/airflow/.local/lib/python3.8/site-packages/airflow/example_dags/example_branch_python_dop_operator_3.py took 0.076 seconds
[2024-09-07T16:25:07.210+0000] {processor.py:161} INFO - Started process (PID=12777) to work on /home/airflow/.local/lib/python3.8/site-packages/airflow/example_dags/example_branch_python_dop_operator_3.py
[2024-09-07T16:25:07.210+0000] {processor.py:830} INFO - Processing file /home/airflow/.local/lib/python3.8/site-packages/airflow/example_dags/example_branch_python_dop_operator_3.py for tasks to queue
[2024-09-07T16:25:07.211+0000] {logging_mixin.py:188} INFO - [2024-09-07T16:25:07.211+0000] {dagbag.py:538} INFO - Filling up the DagBag from /home/airflow/.local/lib/python3.8/site-packages/airflow/example_dags/example_branch_python_dop_operator_3.py
[2024-09-07T16:25:07.219+0000] {processor.py:840} INFO - DAG(s) 'example_branch_dop_operator_v3' retrieved from /home/airflow/.local/lib/python3.8/site-packages/airflow/example_dags/example_branch_python_dop_operator_3.py
[2024-09-07T16:25:07.233+0000] {logging_mixin.py:188} INFO - [2024-09-07T16:25:07.233+0000] {dag.py:3036} INFO - Sync 1 DAGs
[2024-09-07T16:25:07.248+0000] {logging_mixin.py:188} INFO - [2024-09-07T16:25:07.248+0000] {dag.py:3823} INFO - Setting next_dagrun for example_branch_dop_operator_v3 to 2024-09-07 16:24:00+00:00, run_after=2024-09-07 16:25:00+00:00
[2024-09-07T16:25:07.261+0000] {processor.py:183} INFO - Processing /home/airflow/.local/lib/python3.8/site-packages/airflow/example_dags/example_branch_python_dop_operator_3.py took 0.054 seconds
[2024-09-07T16:25:37.871+0000] {processor.py:161} INFO - Started process (PID=13024) to work on /home/airflow/.local/lib/python3.8/site-packages/airflow/example_dags/example_branch_python_dop_operator_3.py
[2024-09-07T16:25:37.872+0000] {processor.py:830} INFO - Processing file /home/airflow/.local/lib/python3.8/site-packages/airflow/example_dags/example_branch_python_dop_operator_3.py for tasks to queue
[2024-09-07T16:25:37.872+0000] {logging_mixin.py:188} INFO - [2024-09-07T16:25:37.872+0000] {dagbag.py:538} INFO - Filling up the DagBag from /home/airflow/.local/lib/python3.8/site-packages/airflow/example_dags/example_branch_python_dop_operator_3.py
[2024-09-07T16:25:37.878+0000] {processor.py:840} INFO - DAG(s) 'example_branch_dop_operator_v3' retrieved from /home/airflow/.local/lib/python3.8/site-packages/airflow/example_dags/example_branch_python_dop_operator_3.py
[2024-09-07T16:25:37.892+0000] {logging_mixin.py:188} INFO - [2024-09-07T16:25:37.892+0000] {dag.py:3036} INFO - Sync 1 DAGs
[2024-09-07T16:25:37.908+0000] {logging_mixin.py:188} INFO - [2024-09-07T16:25:37.907+0000] {dag.py:3823} INFO - Setting next_dagrun for example_branch_dop_operator_v3 to 2024-09-07 16:24:00+00:00, run_after=2024-09-07 16:25:00+00:00
[2024-09-07T16:25:37.918+0000] {processor.py:183} INFO - Processing /home/airflow/.local/lib/python3.8/site-packages/airflow/example_dags/example_branch_python_dop_operator_3.py took 0.051 seconds
[2024-09-07T16:26:08.486+0000] {processor.py:161} INFO - Started process (PID=13271) to work on /home/airflow/.local/lib/python3.8/site-packages/airflow/example_dags/example_branch_python_dop_operator_3.py
[2024-09-07T16:26:08.487+0000] {processor.py:830} INFO - Processing file /home/airflow/.local/lib/python3.8/site-packages/airflow/example_dags/example_branch_python_dop_operator_3.py for tasks to queue
[2024-09-07T16:26:08.488+0000] {logging_mixin.py:188} INFO - [2024-09-07T16:26:08.487+0000] {dagbag.py:538} INFO - Filling up the DagBag from /home/airflow/.local/lib/python3.8/site-packages/airflow/example_dags/example_branch_python_dop_operator_3.py
[2024-09-07T16:26:08.493+0000] {processor.py:840} INFO - DAG(s) 'example_branch_dop_operator_v3' retrieved from /home/airflow/.local/lib/python3.8/site-packages/airflow/example_dags/example_branch_python_dop_operator_3.py
[2024-09-07T16:26:08.504+0000] {logging_mixin.py:188} INFO - [2024-09-07T16:26:08.504+0000] {dag.py:3036} INFO - Sync 1 DAGs
[2024-09-07T16:26:08.517+0000] {logging_mixin.py:188} INFO - [2024-09-07T16:26:08.517+0000] {dag.py:3823} INFO - Setting next_dagrun for example_branch_dop_operator_v3 to 2024-09-07 16:25:00+00:00, run_after=2024-09-07 16:26:00+00:00
[2024-09-07T16:26:08.527+0000] {processor.py:183} INFO - Processing /home/airflow/.local/lib/python3.8/site-packages/airflow/example_dags/example_branch_python_dop_operator_3.py took 0.043 seconds
[2024-09-07T16:26:38.665+0000] {processor.py:161} INFO - Started process (PID=13518) to work on /home/airflow/.local/lib/python3.8/site-packages/airflow/example_dags/example_branch_python_dop_operator_3.py
[2024-09-07T16:26:38.666+0000] {processor.py:830} INFO - Processing file /home/airflow/.local/lib/python3.8/site-packages/airflow/example_dags/example_branch_python_dop_operator_3.py for tasks to queue
[2024-09-07T16:26:38.666+0000] {logging_mixin.py:188} INFO - [2024-09-07T16:26:38.666+0000] {dagbag.py:538} INFO - Filling up the DagBag from /home/airflow/.local/lib/python3.8/site-packages/airflow/example_dags/example_branch_python_dop_operator_3.py
[2024-09-07T16:26:38.672+0000] {processor.py:840} INFO - DAG(s) 'example_branch_dop_operator_v3' retrieved from /home/airflow/.local/lib/python3.8/site-packages/airflow/example_dags/example_branch_python_dop_operator_3.py
[2024-09-07T16:26:38.684+0000] {logging_mixin.py:188} INFO - [2024-09-07T16:26:38.684+0000] {dag.py:3036} INFO - Sync 1 DAGs
[2024-09-07T16:26:38.699+0000] {logging_mixin.py:188} INFO - [2024-09-07T16:26:38.699+0000] {dag.py:3823} INFO - Setting next_dagrun for example_branch_dop_operator_v3 to 2024-09-07 16:25:00+00:00, run_after=2024-09-07 16:26:00+00:00
[2024-09-07T16:26:38.709+0000] {processor.py:183} INFO - Processing /home/airflow/.local/lib/python3.8/site-packages/airflow/example_dags/example_branch_python_dop_operator_3.py took 0.046 seconds
[2024-09-07T16:27:08.768+0000] {processor.py:161} INFO - Started process (PID=13765) to work on /home/airflow/.local/lib/python3.8/site-packages/airflow/example_dags/example_branch_python_dop_operator_3.py
[2024-09-07T16:27:08.768+0000] {processor.py:830} INFO - Processing file /home/airflow/.local/lib/python3.8/site-packages/airflow/example_dags/example_branch_python_dop_operator_3.py for tasks to queue
[2024-09-07T16:27:08.769+0000] {logging_mixin.py:188} INFO - [2024-09-07T16:27:08.769+0000] {dagbag.py:538} INFO - Filling up the DagBag from /home/airflow/.local/lib/python3.8/site-packages/airflow/example_dags/example_branch_python_dop_operator_3.py
[2024-09-07T16:27:08.774+0000] {processor.py:840} INFO - DAG(s) 'example_branch_dop_operator_v3' retrieved from /home/airflow/.local/lib/python3.8/site-packages/airflow/example_dags/example_branch_python_dop_operator_3.py
[2024-09-07T16:27:08.786+0000] {logging_mixin.py:188} INFO - [2024-09-07T16:27:08.785+0000] {dag.py:3036} INFO - Sync 1 DAGs
[2024-09-07T16:27:08.799+0000] {logging_mixin.py:188} INFO - [2024-09-07T16:27:08.799+0000] {dag.py:3823} INFO - Setting next_dagrun for example_branch_dop_operator_v3 to 2024-09-07 16:26:00+00:00, run_after=2024-09-07 16:27:00+00:00
[2024-09-07T16:27:08.808+0000] {processor.py:183} INFO - Processing /home/airflow/.local/lib/python3.8/site-packages/airflow/example_dags/example_branch_python_dop_operator_3.py took 0.043 seconds
[2024-09-07T16:27:39.430+0000] {processor.py:161} INFO - Started process (PID=14011) to work on /home/airflow/.local/lib/python3.8/site-packages/airflow/example_dags/example_branch_python_dop_operator_3.py
[2024-09-07T16:27:39.430+0000] {processor.py:830} INFO - Processing file /home/airflow/.local/lib/python3.8/site-packages/airflow/example_dags/example_branch_python_dop_operator_3.py for tasks to queue
[2024-09-07T16:27:39.431+0000] {logging_mixin.py:188} INFO - [2024-09-07T16:27:39.431+0000] {dagbag.py:538} INFO - Filling up the DagBag from /home/airflow/.local/lib/python3.8/site-packages/airflow/example_dags/example_branch_python_dop_operator_3.py
[2024-09-07T16:27:39.436+0000] {processor.py:840} INFO - DAG(s) 'example_branch_dop_operator_v3' retrieved from /home/airflow/.local/lib/python3.8/site-packages/airflow/example_dags/example_branch_python_dop_operator_3.py
[2024-09-07T16:27:39.448+0000] {logging_mixin.py:188} INFO - [2024-09-07T16:27:39.448+0000] {dag.py:3036} INFO - Sync 1 DAGs
[2024-09-07T16:27:39.461+0000] {logging_mixin.py:188} INFO - [2024-09-07T16:27:39.461+0000] {dag.py:3823} INFO - Setting next_dagrun for example_branch_dop_operator_v3 to 2024-09-07 16:26:00+00:00, run_after=2024-09-07 16:27:00+00:00
[2024-09-07T16:27:39.471+0000] {processor.py:183} INFO - Processing /home/airflow/.local/lib/python3.8/site-packages/airflow/example_dags/example_branch_python_dop_operator_3.py took 0.044 seconds
[2024-09-07T16:28:10.192+0000] {processor.py:161} INFO - Started process (PID=14258) to work on /home/airflow/.local/lib/python3.8/site-packages/airflow/example_dags/example_branch_python_dop_operator_3.py
[2024-09-07T16:28:10.193+0000] {processor.py:830} INFO - Processing file /home/airflow/.local/lib/python3.8/site-packages/airflow/example_dags/example_branch_python_dop_operator_3.py for tasks to queue
[2024-09-07T16:28:10.194+0000] {logging_mixin.py:188} INFO - [2024-09-07T16:28:10.194+0000] {dagbag.py:538} INFO - Filling up the DagBag from /home/airflow/.local/lib/python3.8/site-packages/airflow/example_dags/example_branch_python_dop_operator_3.py
[2024-09-07T16:28:10.199+0000] {processor.py:840} INFO - DAG(s) 'example_branch_dop_operator_v3' retrieved from /home/airflow/.local/lib/python3.8/site-packages/airflow/example_dags/example_branch_python_dop_operator_3.py
[2024-09-07T16:28:10.211+0000] {logging_mixin.py:188} INFO - [2024-09-07T16:28:10.211+0000] {dag.py:3036} INFO - Sync 1 DAGs
[2024-09-07T16:28:10.225+0000] {logging_mixin.py:188} INFO - [2024-09-07T16:28:10.225+0000] {dag.py:3823} INFO - Setting next_dagrun for example_branch_dop_operator_v3 to 2024-09-07 16:27:00+00:00, run_after=2024-09-07 16:28:00+00:00
[2024-09-07T16:28:10.234+0000] {processor.py:183} INFO - Processing /home/airflow/.local/lib/python3.8/site-packages/airflow/example_dags/example_branch_python_dop_operator_3.py took 0.044 seconds
