[2024-09-07T15:59:07.676+0000] {processor.py:161} INFO - Started process (PID=211) to work on /home/airflow/.local/lib/python3.8/site-packages/airflow/example_dags/example_latest_only.py
[2024-09-07T15:59:07.678+0000] {processor.py:830} INFO - Processing file /home/airflow/.local/lib/python3.8/site-packages/airflow/example_dags/example_latest_only.py for tasks to queue
[2024-09-07T15:59:07.680+0000] {logging_mixin.py:188} INFO - [2024-09-07T15:59:07.679+0000] {dagbag.py:538} INFO - Filling up the DagBag from /home/airflow/.local/lib/python3.8/site-packages/airflow/example_dags/example_latest_only.py
[2024-09-07T15:59:07.692+0000] {processor.py:840} INFO - DAG(s) 'latest_only' retrieved from /home/airflow/.local/lib/python3.8/site-packages/airflow/example_dags/example_latest_only.py
[2024-09-07T15:59:07.711+0000] {logging_mixin.py:188} INFO - [2024-09-07T15:59:07.711+0000] {dag.py:3036} INFO - Sync 1 DAGs
[2024-09-07T15:59:07.732+0000] {logging_mixin.py:188} INFO - [2024-09-07T15:59:07.732+0000] {dag.py:3823} INFO - Setting next_dagrun for latest_only to 2024-09-07 08:00:00+00:00, run_after=2024-09-07 12:00:00+00:00
[2024-09-07T15:59:07.755+0000] {processor.py:183} INFO - Processing /home/airflow/.local/lib/python3.8/site-packages/airflow/example_dags/example_latest_only.py took 0.085 seconds
[2024-09-07T15:59:38.546+0000] {processor.py:161} INFO - Started process (PID=458) to work on /home/airflow/.local/lib/python3.8/site-packages/airflow/example_dags/example_latest_only.py
[2024-09-07T15:59:38.547+0000] {processor.py:830} INFO - Processing file /home/airflow/.local/lib/python3.8/site-packages/airflow/example_dags/example_latest_only.py for tasks to queue
[2024-09-07T15:59:38.548+0000] {logging_mixin.py:188} INFO - [2024-09-07T15:59:38.548+0000] {dagbag.py:538} INFO - Filling up the DagBag from /home/airflow/.local/lib/python3.8/site-packages/airflow/example_dags/example_latest_only.py
[2024-09-07T15:59:38.551+0000] {processor.py:840} INFO - DAG(s) 'latest_only' retrieved from /home/airflow/.local/lib/python3.8/site-packages/airflow/example_dags/example_latest_only.py
[2024-09-07T15:59:38.564+0000] {logging_mixin.py:188} INFO - [2024-09-07T15:59:38.563+0000] {dag.py:3036} INFO - Sync 1 DAGs
[2024-09-07T15:59:38.577+0000] {logging_mixin.py:188} INFO - [2024-09-07T15:59:38.576+0000] {dag.py:3823} INFO - Setting next_dagrun for latest_only to 2024-09-07 08:00:00+00:00, run_after=2024-09-07 12:00:00+00:00
[2024-09-07T15:59:38.588+0000] {processor.py:183} INFO - Processing /home/airflow/.local/lib/python3.8/site-packages/airflow/example_dags/example_latest_only.py took 0.043 seconds
[2024-09-07T16:00:09.331+0000] {processor.py:161} INFO - Started process (PID=705) to work on /home/airflow/.local/lib/python3.8/site-packages/airflow/example_dags/example_latest_only.py
[2024-09-07T16:00:09.331+0000] {processor.py:830} INFO - Processing file /home/airflow/.local/lib/python3.8/site-packages/airflow/example_dags/example_latest_only.py for tasks to queue
[2024-09-07T16:00:09.332+0000] {logging_mixin.py:188} INFO - [2024-09-07T16:00:09.332+0000] {dagbag.py:538} INFO - Filling up the DagBag from /home/airflow/.local/lib/python3.8/site-packages/airflow/example_dags/example_latest_only.py
[2024-09-07T16:00:09.336+0000] {processor.py:840} INFO - DAG(s) 'latest_only' retrieved from /home/airflow/.local/lib/python3.8/site-packages/airflow/example_dags/example_latest_only.py
[2024-09-07T16:00:09.347+0000] {logging_mixin.py:188} INFO - [2024-09-07T16:00:09.347+0000] {dag.py:3036} INFO - Sync 1 DAGs
[2024-09-07T16:00:09.358+0000] {logging_mixin.py:188} INFO - [2024-09-07T16:00:09.358+0000] {dag.py:3823} INFO - Setting next_dagrun for latest_only to 2024-09-07 12:00:00+00:00, run_after=2024-09-07 16:00:00+00:00
[2024-09-07T16:00:09.369+0000] {processor.py:183} INFO - Processing /home/airflow/.local/lib/python3.8/site-packages/airflow/example_dags/example_latest_only.py took 0.040 seconds
[2024-09-07T16:00:40.024+0000] {processor.py:161} INFO - Started process (PID=952) to work on /home/airflow/.local/lib/python3.8/site-packages/airflow/example_dags/example_latest_only.py
[2024-09-07T16:00:40.025+0000] {processor.py:830} INFO - Processing file /home/airflow/.local/lib/python3.8/site-packages/airflow/example_dags/example_latest_only.py for tasks to queue
[2024-09-07T16:00:40.026+0000] {logging_mixin.py:188} INFO - [2024-09-07T16:00:40.026+0000] {dagbag.py:538} INFO - Filling up the DagBag from /home/airflow/.local/lib/python3.8/site-packages/airflow/example_dags/example_latest_only.py
[2024-09-07T16:00:40.029+0000] {processor.py:840} INFO - DAG(s) 'latest_only' retrieved from /home/airflow/.local/lib/python3.8/site-packages/airflow/example_dags/example_latest_only.py
[2024-09-07T16:00:40.041+0000] {logging_mixin.py:188} INFO - [2024-09-07T16:00:40.040+0000] {dag.py:3036} INFO - Sync 1 DAGs
[2024-09-07T16:00:40.052+0000] {logging_mixin.py:188} INFO - [2024-09-07T16:00:40.052+0000] {dag.py:3823} INFO - Setting next_dagrun for latest_only to 2024-09-07 12:00:00+00:00, run_after=2024-09-07 16:00:00+00:00
[2024-09-07T16:00:40.061+0000] {processor.py:183} INFO - Processing /home/airflow/.local/lib/python3.8/site-packages/airflow/example_dags/example_latest_only.py took 0.039 seconds
[2024-09-07T16:01:10.698+0000] {processor.py:161} INFO - Started process (PID=1199) to work on /home/airflow/.local/lib/python3.8/site-packages/airflow/example_dags/example_latest_only.py
[2024-09-07T16:01:10.699+0000] {processor.py:830} INFO - Processing file /home/airflow/.local/lib/python3.8/site-packages/airflow/example_dags/example_latest_only.py for tasks to queue
[2024-09-07T16:01:10.699+0000] {logging_mixin.py:188} INFO - [2024-09-07T16:01:10.699+0000] {dagbag.py:538} INFO - Filling up the DagBag from /home/airflow/.local/lib/python3.8/site-packages/airflow/example_dags/example_latest_only.py
[2024-09-07T16:01:10.703+0000] {processor.py:840} INFO - DAG(s) 'latest_only' retrieved from /home/airflow/.local/lib/python3.8/site-packages/airflow/example_dags/example_latest_only.py
[2024-09-07T16:01:10.715+0000] {logging_mixin.py:188} INFO - [2024-09-07T16:01:10.715+0000] {dag.py:3036} INFO - Sync 1 DAGs
[2024-09-07T16:01:10.726+0000] {logging_mixin.py:188} INFO - [2024-09-07T16:01:10.726+0000] {dag.py:3823} INFO - Setting next_dagrun for latest_only to 2024-09-07 12:00:00+00:00, run_after=2024-09-07 16:00:00+00:00
[2024-09-07T16:01:10.735+0000] {processor.py:183} INFO - Processing /home/airflow/.local/lib/python3.8/site-packages/airflow/example_dags/example_latest_only.py took 0.039 seconds
[2024-09-07T16:01:41.589+0000] {processor.py:161} INFO - Started process (PID=1445) to work on /home/airflow/.local/lib/python3.8/site-packages/airflow/example_dags/example_latest_only.py
[2024-09-07T16:01:41.591+0000] {processor.py:830} INFO - Processing file /home/airflow/.local/lib/python3.8/site-packages/airflow/example_dags/example_latest_only.py for tasks to queue
[2024-09-07T16:01:41.593+0000] {logging_mixin.py:188} INFO - [2024-09-07T16:01:41.592+0000] {dagbag.py:538} INFO - Filling up the DagBag from /home/airflow/.local/lib/python3.8/site-packages/airflow/example_dags/example_latest_only.py
[2024-09-07T16:01:41.597+0000] {processor.py:840} INFO - DAG(s) 'latest_only' retrieved from /home/airflow/.local/lib/python3.8/site-packages/airflow/example_dags/example_latest_only.py
[2024-09-07T16:01:41.617+0000] {logging_mixin.py:188} INFO - [2024-09-07T16:01:41.616+0000] {dag.py:3036} INFO - Sync 1 DAGs
[2024-09-07T16:01:41.634+0000] {logging_mixin.py:188} INFO - [2024-09-07T16:01:41.634+0000] {dag.py:3823} INFO - Setting next_dagrun for latest_only to 2024-09-07 12:00:00+00:00, run_after=2024-09-07 16:00:00+00:00
[2024-09-07T16:01:41.665+0000] {processor.py:183} INFO - Processing /home/airflow/.local/lib/python3.8/site-packages/airflow/example_dags/example_latest_only.py took 0.078 seconds
[2024-09-07T16:02:12.123+0000] {processor.py:161} INFO - Started process (PID=1692) to work on /home/airflow/.local/lib/python3.8/site-packages/airflow/example_dags/example_latest_only.py
[2024-09-07T16:02:12.124+0000] {processor.py:830} INFO - Processing file /home/airflow/.local/lib/python3.8/site-packages/airflow/example_dags/example_latest_only.py for tasks to queue
[2024-09-07T16:02:12.125+0000] {logging_mixin.py:188} INFO - [2024-09-07T16:02:12.125+0000] {dagbag.py:538} INFO - Filling up the DagBag from /home/airflow/.local/lib/python3.8/site-packages/airflow/example_dags/example_latest_only.py
[2024-09-07T16:02:12.129+0000] {processor.py:840} INFO - DAG(s) 'latest_only' retrieved from /home/airflow/.local/lib/python3.8/site-packages/airflow/example_dags/example_latest_only.py
[2024-09-07T16:02:12.186+0000] {logging_mixin.py:188} INFO - [2024-09-07T16:02:12.186+0000] {dag.py:3036} INFO - Sync 1 DAGs
[2024-09-07T16:02:12.197+0000] {logging_mixin.py:188} INFO - [2024-09-07T16:02:12.197+0000] {dag.py:3823} INFO - Setting next_dagrun for latest_only to 2024-09-07 12:00:00+00:00, run_after=2024-09-07 16:00:00+00:00
[2024-09-07T16:02:12.207+0000] {processor.py:183} INFO - Processing /home/airflow/.local/lib/python3.8/site-packages/airflow/example_dags/example_latest_only.py took 0.086 seconds
[2024-09-07T16:02:42.610+0000] {processor.py:161} INFO - Started process (PID=1938) to work on /home/airflow/.local/lib/python3.8/site-packages/airflow/example_dags/example_latest_only.py
[2024-09-07T16:02:42.611+0000] {processor.py:830} INFO - Processing file /home/airflow/.local/lib/python3.8/site-packages/airflow/example_dags/example_latest_only.py for tasks to queue
[2024-09-07T16:02:42.612+0000] {logging_mixin.py:188} INFO - [2024-09-07T16:02:42.612+0000] {dagbag.py:538} INFO - Filling up the DagBag from /home/airflow/.local/lib/python3.8/site-packages/airflow/example_dags/example_latest_only.py
[2024-09-07T16:02:42.616+0000] {processor.py:840} INFO - DAG(s) 'latest_only' retrieved from /home/airflow/.local/lib/python3.8/site-packages/airflow/example_dags/example_latest_only.py
[2024-09-07T16:02:42.629+0000] {logging_mixin.py:188} INFO - [2024-09-07T16:02:42.629+0000] {dag.py:3036} INFO - Sync 1 DAGs
[2024-09-07T16:02:42.644+0000] {logging_mixin.py:188} INFO - [2024-09-07T16:02:42.644+0000] {dag.py:3823} INFO - Setting next_dagrun for latest_only to 2024-09-07 12:00:00+00:00, run_after=2024-09-07 16:00:00+00:00
[2024-09-07T16:02:42.659+0000] {processor.py:183} INFO - Processing /home/airflow/.local/lib/python3.8/site-packages/airflow/example_dags/example_latest_only.py took 0.051 seconds
[2024-09-07T16:03:12.824+0000] {processor.py:161} INFO - Started process (PID=2185) to work on /home/airflow/.local/lib/python3.8/site-packages/airflow/example_dags/example_latest_only.py
[2024-09-07T16:03:12.824+0000] {processor.py:830} INFO - Processing file /home/airflow/.local/lib/python3.8/site-packages/airflow/example_dags/example_latest_only.py for tasks to queue
[2024-09-07T16:03:12.825+0000] {logging_mixin.py:188} INFO - [2024-09-07T16:03:12.825+0000] {dagbag.py:538} INFO - Filling up the DagBag from /home/airflow/.local/lib/python3.8/site-packages/airflow/example_dags/example_latest_only.py
[2024-09-07T16:03:12.829+0000] {processor.py:840} INFO - DAG(s) 'latest_only' retrieved from /home/airflow/.local/lib/python3.8/site-packages/airflow/example_dags/example_latest_only.py
[2024-09-07T16:03:12.843+0000] {logging_mixin.py:188} INFO - [2024-09-07T16:03:12.842+0000] {dag.py:3036} INFO - Sync 1 DAGs
[2024-09-07T16:03:12.856+0000] {logging_mixin.py:188} INFO - [2024-09-07T16:03:12.856+0000] {dag.py:3823} INFO - Setting next_dagrun for latest_only to 2024-09-07 12:00:00+00:00, run_after=2024-09-07 16:00:00+00:00
[2024-09-07T16:03:12.866+0000] {processor.py:183} INFO - Processing /home/airflow/.local/lib/python3.8/site-packages/airflow/example_dags/example_latest_only.py took 0.045 seconds
[2024-09-07T16:03:42.964+0000] {processor.py:161} INFO - Started process (PID=2432) to work on /home/airflow/.local/lib/python3.8/site-packages/airflow/example_dags/example_latest_only.py
[2024-09-07T16:03:42.965+0000] {processor.py:830} INFO - Processing file /home/airflow/.local/lib/python3.8/site-packages/airflow/example_dags/example_latest_only.py for tasks to queue
[2024-09-07T16:03:42.966+0000] {logging_mixin.py:188} INFO - [2024-09-07T16:03:42.966+0000] {dagbag.py:538} INFO - Filling up the DagBag from /home/airflow/.local/lib/python3.8/site-packages/airflow/example_dags/example_latest_only.py
[2024-09-07T16:03:42.969+0000] {processor.py:840} INFO - DAG(s) 'latest_only' retrieved from /home/airflow/.local/lib/python3.8/site-packages/airflow/example_dags/example_latest_only.py
[2024-09-07T16:03:42.981+0000] {logging_mixin.py:188} INFO - [2024-09-07T16:03:42.981+0000] {dag.py:3036} INFO - Sync 1 DAGs
[2024-09-07T16:03:42.995+0000] {logging_mixin.py:188} INFO - [2024-09-07T16:03:42.995+0000] {dag.py:3823} INFO - Setting next_dagrun for latest_only to 2024-09-07 12:00:00+00:00, run_after=2024-09-07 16:00:00+00:00
[2024-09-07T16:03:43.006+0000] {processor.py:183} INFO - Processing /home/airflow/.local/lib/python3.8/site-packages/airflow/example_dags/example_latest_only.py took 0.044 seconds
[2024-09-07T16:04:13.968+0000] {processor.py:161} INFO - Started process (PID=2679) to work on /home/airflow/.local/lib/python3.8/site-packages/airflow/example_dags/example_latest_only.py
[2024-09-07T16:04:13.969+0000] {processor.py:830} INFO - Processing file /home/airflow/.local/lib/python3.8/site-packages/airflow/example_dags/example_latest_only.py for tasks to queue
[2024-09-07T16:04:13.970+0000] {logging_mixin.py:188} INFO - [2024-09-07T16:04:13.970+0000] {dagbag.py:538} INFO - Filling up the DagBag from /home/airflow/.local/lib/python3.8/site-packages/airflow/example_dags/example_latest_only.py
[2024-09-07T16:04:13.973+0000] {processor.py:840} INFO - DAG(s) 'latest_only' retrieved from /home/airflow/.local/lib/python3.8/site-packages/airflow/example_dags/example_latest_only.py
[2024-09-07T16:04:13.982+0000] {logging_mixin.py:188} INFO - [2024-09-07T16:04:13.982+0000] {dag.py:3036} INFO - Sync 1 DAGs
[2024-09-07T16:04:13.996+0000] {logging_mixin.py:188} INFO - [2024-09-07T16:04:13.995+0000] {dag.py:3823} INFO - Setting next_dagrun for latest_only to 2024-09-07 12:00:00+00:00, run_after=2024-09-07 16:00:00+00:00
[2024-09-07T16:04:14.006+0000] {processor.py:183} INFO - Processing /home/airflow/.local/lib/python3.8/site-packages/airflow/example_dags/example_latest_only.py took 0.040 seconds
[2024-09-07T16:04:44.799+0000] {processor.py:161} INFO - Started process (PID=2926) to work on /home/airflow/.local/lib/python3.8/site-packages/airflow/example_dags/example_latest_only.py
[2024-09-07T16:04:44.800+0000] {processor.py:830} INFO - Processing file /home/airflow/.local/lib/python3.8/site-packages/airflow/example_dags/example_latest_only.py for tasks to queue
[2024-09-07T16:04:44.801+0000] {logging_mixin.py:188} INFO - [2024-09-07T16:04:44.801+0000] {dagbag.py:538} INFO - Filling up the DagBag from /home/airflow/.local/lib/python3.8/site-packages/airflow/example_dags/example_latest_only.py
[2024-09-07T16:04:44.805+0000] {processor.py:840} INFO - DAG(s) 'latest_only' retrieved from /home/airflow/.local/lib/python3.8/site-packages/airflow/example_dags/example_latest_only.py
[2024-09-07T16:04:44.856+0000] {logging_mixin.py:188} INFO - [2024-09-07T16:04:44.856+0000] {dag.py:3036} INFO - Sync 1 DAGs
[2024-09-07T16:04:44.878+0000] {logging_mixin.py:188} INFO - [2024-09-07T16:04:44.878+0000] {dag.py:3823} INFO - Setting next_dagrun for latest_only to 2024-09-07 12:00:00+00:00, run_after=2024-09-07 16:00:00+00:00
[2024-09-07T16:04:44.917+0000] {processor.py:183} INFO - Processing /home/airflow/.local/lib/python3.8/site-packages/airflow/example_dags/example_latest_only.py took 0.121 seconds
[2024-09-07T16:05:15.321+0000] {processor.py:161} INFO - Started process (PID=3173) to work on /home/airflow/.local/lib/python3.8/site-packages/airflow/example_dags/example_latest_only.py
[2024-09-07T16:05:15.322+0000] {processor.py:830} INFO - Processing file /home/airflow/.local/lib/python3.8/site-packages/airflow/example_dags/example_latest_only.py for tasks to queue
[2024-09-07T16:05:15.323+0000] {logging_mixin.py:188} INFO - [2024-09-07T16:05:15.323+0000] {dagbag.py:538} INFO - Filling up the DagBag from /home/airflow/.local/lib/python3.8/site-packages/airflow/example_dags/example_latest_only.py
[2024-09-07T16:05:15.326+0000] {processor.py:840} INFO - DAG(s) 'latest_only' retrieved from /home/airflow/.local/lib/python3.8/site-packages/airflow/example_dags/example_latest_only.py
[2024-09-07T16:05:15.340+0000] {logging_mixin.py:188} INFO - [2024-09-07T16:05:15.340+0000] {dag.py:3036} INFO - Sync 1 DAGs
[2024-09-07T16:05:15.352+0000] {logging_mixin.py:188} INFO - [2024-09-07T16:05:15.352+0000] {dag.py:3823} INFO - Setting next_dagrun for latest_only to 2024-09-07 12:00:00+00:00, run_after=2024-09-07 16:00:00+00:00
[2024-09-07T16:05:15.363+0000] {processor.py:183} INFO - Processing /home/airflow/.local/lib/python3.8/site-packages/airflow/example_dags/example_latest_only.py took 0.044 seconds
[2024-09-07T16:05:45.599+0000] {processor.py:161} INFO - Started process (PID=3420) to work on /home/airflow/.local/lib/python3.8/site-packages/airflow/example_dags/example_latest_only.py
[2024-09-07T16:05:45.600+0000] {processor.py:830} INFO - Processing file /home/airflow/.local/lib/python3.8/site-packages/airflow/example_dags/example_latest_only.py for tasks to queue
[2024-09-07T16:05:45.600+0000] {logging_mixin.py:188} INFO - [2024-09-07T16:05:45.600+0000] {dagbag.py:538} INFO - Filling up the DagBag from /home/airflow/.local/lib/python3.8/site-packages/airflow/example_dags/example_latest_only.py
[2024-09-07T16:05:45.604+0000] {processor.py:840} INFO - DAG(s) 'latest_only' retrieved from /home/airflow/.local/lib/python3.8/site-packages/airflow/example_dags/example_latest_only.py
[2024-09-07T16:05:45.622+0000] {logging_mixin.py:188} INFO - [2024-09-07T16:05:45.622+0000] {dag.py:3036} INFO - Sync 1 DAGs
[2024-09-07T16:05:45.635+0000] {logging_mixin.py:188} INFO - [2024-09-07T16:05:45.635+0000] {dag.py:3823} INFO - Setting next_dagrun for latest_only to 2024-09-07 12:00:00+00:00, run_after=2024-09-07 16:00:00+00:00
[2024-09-07T16:05:45.648+0000] {processor.py:183} INFO - Processing /home/airflow/.local/lib/python3.8/site-packages/airflow/example_dags/example_latest_only.py took 0.051 seconds
[2024-09-07T16:06:15.695+0000] {processor.py:161} INFO - Started process (PID=3667) to work on /home/airflow/.local/lib/python3.8/site-packages/airflow/example_dags/example_latest_only.py
[2024-09-07T16:06:15.696+0000] {processor.py:830} INFO - Processing file /home/airflow/.local/lib/python3.8/site-packages/airflow/example_dags/example_latest_only.py for tasks to queue
[2024-09-07T16:06:15.696+0000] {logging_mixin.py:188} INFO - [2024-09-07T16:06:15.696+0000] {dagbag.py:538} INFO - Filling up the DagBag from /home/airflow/.local/lib/python3.8/site-packages/airflow/example_dags/example_latest_only.py
[2024-09-07T16:06:15.700+0000] {processor.py:840} INFO - DAG(s) 'latest_only' retrieved from /home/airflow/.local/lib/python3.8/site-packages/airflow/example_dags/example_latest_only.py
[2024-09-07T16:06:15.713+0000] {logging_mixin.py:188} INFO - [2024-09-07T16:06:15.712+0000] {dag.py:3036} INFO - Sync 1 DAGs
[2024-09-07T16:06:15.725+0000] {logging_mixin.py:188} INFO - [2024-09-07T16:06:15.724+0000] {dag.py:3823} INFO - Setting next_dagrun for latest_only to 2024-09-07 12:00:00+00:00, run_after=2024-09-07 16:00:00+00:00
[2024-09-07T16:06:15.734+0000] {processor.py:183} INFO - Processing /home/airflow/.local/lib/python3.8/site-packages/airflow/example_dags/example_latest_only.py took 0.041 seconds
[2024-09-07T16:06:46.053+0000] {processor.py:161} INFO - Started process (PID=3914) to work on /home/airflow/.local/lib/python3.8/site-packages/airflow/example_dags/example_latest_only.py
[2024-09-07T16:06:46.054+0000] {processor.py:830} INFO - Processing file /home/airflow/.local/lib/python3.8/site-packages/airflow/example_dags/example_latest_only.py for tasks to queue
[2024-09-07T16:06:46.055+0000] {logging_mixin.py:188} INFO - [2024-09-07T16:06:46.055+0000] {dagbag.py:538} INFO - Filling up the DagBag from /home/airflow/.local/lib/python3.8/site-packages/airflow/example_dags/example_latest_only.py
[2024-09-07T16:06:46.060+0000] {processor.py:840} INFO - DAG(s) 'latest_only' retrieved from /home/airflow/.local/lib/python3.8/site-packages/airflow/example_dags/example_latest_only.py
[2024-09-07T16:06:46.079+0000] {logging_mixin.py:188} INFO - [2024-09-07T16:06:46.078+0000] {dag.py:3036} INFO - Sync 1 DAGs
[2024-09-07T16:06:46.097+0000] {logging_mixin.py:188} INFO - [2024-09-07T16:06:46.096+0000] {dag.py:3823} INFO - Setting next_dagrun for latest_only to 2024-09-07 12:00:00+00:00, run_after=2024-09-07 16:00:00+00:00
[2024-09-07T16:06:46.110+0000] {processor.py:183} INFO - Processing /home/airflow/.local/lib/python3.8/site-packages/airflow/example_dags/example_latest_only.py took 0.060 seconds
[2024-09-07T16:07:17.041+0000] {processor.py:161} INFO - Started process (PID=4161) to work on /home/airflow/.local/lib/python3.8/site-packages/airflow/example_dags/example_latest_only.py
[2024-09-07T16:07:17.042+0000] {processor.py:830} INFO - Processing file /home/airflow/.local/lib/python3.8/site-packages/airflow/example_dags/example_latest_only.py for tasks to queue
[2024-09-07T16:07:17.042+0000] {logging_mixin.py:188} INFO - [2024-09-07T16:07:17.042+0000] {dagbag.py:538} INFO - Filling up the DagBag from /home/airflow/.local/lib/python3.8/site-packages/airflow/example_dags/example_latest_only.py
[2024-09-07T16:07:17.046+0000] {processor.py:840} INFO - DAG(s) 'latest_only' retrieved from /home/airflow/.local/lib/python3.8/site-packages/airflow/example_dags/example_latest_only.py
[2024-09-07T16:07:17.058+0000] {logging_mixin.py:188} INFO - [2024-09-07T16:07:17.058+0000] {dag.py:3036} INFO - Sync 1 DAGs
[2024-09-07T16:07:17.071+0000] {logging_mixin.py:188} INFO - [2024-09-07T16:07:17.071+0000] {dag.py:3823} INFO - Setting next_dagrun for latest_only to 2024-09-07 12:00:00+00:00, run_after=2024-09-07 16:00:00+00:00
[2024-09-07T16:07:17.080+0000] {processor.py:183} INFO - Processing /home/airflow/.local/lib/python3.8/site-packages/airflow/example_dags/example_latest_only.py took 0.041 seconds
[2024-09-07T16:07:47.752+0000] {processor.py:161} INFO - Started process (PID=4408) to work on /home/airflow/.local/lib/python3.8/site-packages/airflow/example_dags/example_latest_only.py
[2024-09-07T16:07:47.753+0000] {processor.py:830} INFO - Processing file /home/airflow/.local/lib/python3.8/site-packages/airflow/example_dags/example_latest_only.py for tasks to queue
[2024-09-07T16:07:47.753+0000] {logging_mixin.py:188} INFO - [2024-09-07T16:07:47.753+0000] {dagbag.py:538} INFO - Filling up the DagBag from /home/airflow/.local/lib/python3.8/site-packages/airflow/example_dags/example_latest_only.py
[2024-09-07T16:07:47.757+0000] {processor.py:840} INFO - DAG(s) 'latest_only' retrieved from /home/airflow/.local/lib/python3.8/site-packages/airflow/example_dags/example_latest_only.py
[2024-09-07T16:07:47.771+0000] {logging_mixin.py:188} INFO - [2024-09-07T16:07:47.771+0000] {dag.py:3036} INFO - Sync 1 DAGs
[2024-09-07T16:07:47.785+0000] {logging_mixin.py:188} INFO - [2024-09-07T16:07:47.785+0000] {dag.py:3823} INFO - Setting next_dagrun for latest_only to 2024-09-07 12:00:00+00:00, run_after=2024-09-07 16:00:00+00:00
[2024-09-07T16:07:47.797+0000] {processor.py:183} INFO - Processing /home/airflow/.local/lib/python3.8/site-packages/airflow/example_dags/example_latest_only.py took 0.048 seconds
[2024-09-07T16:08:18.486+0000] {processor.py:161} INFO - Started process (PID=4655) to work on /home/airflow/.local/lib/python3.8/site-packages/airflow/example_dags/example_latest_only.py
[2024-09-07T16:08:18.488+0000] {processor.py:830} INFO - Processing file /home/airflow/.local/lib/python3.8/site-packages/airflow/example_dags/example_latest_only.py for tasks to queue
[2024-09-07T16:08:18.489+0000] {logging_mixin.py:188} INFO - [2024-09-07T16:08:18.488+0000] {dagbag.py:538} INFO - Filling up the DagBag from /home/airflow/.local/lib/python3.8/site-packages/airflow/example_dags/example_latest_only.py
[2024-09-07T16:08:18.494+0000] {processor.py:840} INFO - DAG(s) 'latest_only' retrieved from /home/airflow/.local/lib/python3.8/site-packages/airflow/example_dags/example_latest_only.py
[2024-09-07T16:08:18.506+0000] {logging_mixin.py:188} INFO - [2024-09-07T16:08:18.506+0000] {dag.py:3036} INFO - Sync 1 DAGs
[2024-09-07T16:08:18.519+0000] {logging_mixin.py:188} INFO - [2024-09-07T16:08:18.519+0000] {dag.py:3823} INFO - Setting next_dagrun for latest_only to 2024-09-07 12:00:00+00:00, run_after=2024-09-07 16:00:00+00:00
[2024-09-07T16:08:18.530+0000] {processor.py:183} INFO - Processing /home/airflow/.local/lib/python3.8/site-packages/airflow/example_dags/example_latest_only.py took 0.047 seconds
[2024-09-07T16:08:49.191+0000] {processor.py:161} INFO - Started process (PID=4902) to work on /home/airflow/.local/lib/python3.8/site-packages/airflow/example_dags/example_latest_only.py
[2024-09-07T16:08:49.191+0000] {processor.py:830} INFO - Processing file /home/airflow/.local/lib/python3.8/site-packages/airflow/example_dags/example_latest_only.py for tasks to queue
[2024-09-07T16:08:49.192+0000] {logging_mixin.py:188} INFO - [2024-09-07T16:08:49.192+0000] {dagbag.py:538} INFO - Filling up the DagBag from /home/airflow/.local/lib/python3.8/site-packages/airflow/example_dags/example_latest_only.py
[2024-09-07T16:08:49.196+0000] {processor.py:840} INFO - DAG(s) 'latest_only' retrieved from /home/airflow/.local/lib/python3.8/site-packages/airflow/example_dags/example_latest_only.py
[2024-09-07T16:08:49.209+0000] {logging_mixin.py:188} INFO - [2024-09-07T16:08:49.208+0000] {dag.py:3036} INFO - Sync 1 DAGs
[2024-09-07T16:08:49.239+0000] {logging_mixin.py:188} INFO - [2024-09-07T16:08:49.239+0000] {dag.py:3823} INFO - Setting next_dagrun for latest_only to 2024-09-07 12:00:00+00:00, run_after=2024-09-07 16:00:00+00:00
[2024-09-07T16:08:49.260+0000] {processor.py:183} INFO - Processing /home/airflow/.local/lib/python3.8/site-packages/airflow/example_dags/example_latest_only.py took 0.072 seconds
[2024-09-07T16:09:19.933+0000] {processor.py:161} INFO - Started process (PID=5149) to work on /home/airflow/.local/lib/python3.8/site-packages/airflow/example_dags/example_latest_only.py
[2024-09-07T16:09:19.934+0000] {processor.py:830} INFO - Processing file /home/airflow/.local/lib/python3.8/site-packages/airflow/example_dags/example_latest_only.py for tasks to queue
[2024-09-07T16:09:19.934+0000] {logging_mixin.py:188} INFO - [2024-09-07T16:09:19.934+0000] {dagbag.py:538} INFO - Filling up the DagBag from /home/airflow/.local/lib/python3.8/site-packages/airflow/example_dags/example_latest_only.py
[2024-09-07T16:09:19.938+0000] {processor.py:840} INFO - DAG(s) 'latest_only' retrieved from /home/airflow/.local/lib/python3.8/site-packages/airflow/example_dags/example_latest_only.py
[2024-09-07T16:09:19.950+0000] {logging_mixin.py:188} INFO - [2024-09-07T16:09:19.950+0000] {dag.py:3036} INFO - Sync 1 DAGs
[2024-09-07T16:09:19.991+0000] {logging_mixin.py:188} INFO - [2024-09-07T16:09:19.991+0000] {dag.py:3823} INFO - Setting next_dagrun for latest_only to 2024-09-07 12:00:00+00:00, run_after=2024-09-07 16:00:00+00:00
[2024-09-07T16:09:20.037+0000] {processor.py:183} INFO - Processing /home/airflow/.local/lib/python3.8/site-packages/airflow/example_dags/example_latest_only.py took 0.106 seconds
[2024-09-07T16:09:50.651+0000] {processor.py:161} INFO - Started process (PID=5396) to work on /home/airflow/.local/lib/python3.8/site-packages/airflow/example_dags/example_latest_only.py
[2024-09-07T16:09:50.652+0000] {processor.py:830} INFO - Processing file /home/airflow/.local/lib/python3.8/site-packages/airflow/example_dags/example_latest_only.py for tasks to queue
[2024-09-07T16:09:50.653+0000] {logging_mixin.py:188} INFO - [2024-09-07T16:09:50.652+0000] {dagbag.py:538} INFO - Filling up the DagBag from /home/airflow/.local/lib/python3.8/site-packages/airflow/example_dags/example_latest_only.py
[2024-09-07T16:09:50.658+0000] {processor.py:840} INFO - DAG(s) 'latest_only' retrieved from /home/airflow/.local/lib/python3.8/site-packages/airflow/example_dags/example_latest_only.py
[2024-09-07T16:09:50.671+0000] {logging_mixin.py:188} INFO - [2024-09-07T16:09:50.670+0000] {dag.py:3036} INFO - Sync 1 DAGs
[2024-09-07T16:09:50.683+0000] {logging_mixin.py:188} INFO - [2024-09-07T16:09:50.683+0000] {dag.py:3823} INFO - Setting next_dagrun for latest_only to 2024-09-07 12:00:00+00:00, run_after=2024-09-07 16:00:00+00:00
[2024-09-07T16:09:50.692+0000] {processor.py:183} INFO - Processing /home/airflow/.local/lib/python3.8/site-packages/airflow/example_dags/example_latest_only.py took 0.044 seconds
[2024-09-07T16:10:21.201+0000] {processor.py:161} INFO - Started process (PID=5643) to work on /home/airflow/.local/lib/python3.8/site-packages/airflow/example_dags/example_latest_only.py
[2024-09-07T16:10:21.202+0000] {processor.py:830} INFO - Processing file /home/airflow/.local/lib/python3.8/site-packages/airflow/example_dags/example_latest_only.py for tasks to queue
[2024-09-07T16:10:21.202+0000] {logging_mixin.py:188} INFO - [2024-09-07T16:10:21.202+0000] {dagbag.py:538} INFO - Filling up the DagBag from /home/airflow/.local/lib/python3.8/site-packages/airflow/example_dags/example_latest_only.py
[2024-09-07T16:10:21.207+0000] {processor.py:840} INFO - DAG(s) 'latest_only' retrieved from /home/airflow/.local/lib/python3.8/site-packages/airflow/example_dags/example_latest_only.py
[2024-09-07T16:10:21.221+0000] {logging_mixin.py:188} INFO - [2024-09-07T16:10:21.221+0000] {dag.py:3036} INFO - Sync 1 DAGs
[2024-09-07T16:10:21.236+0000] {logging_mixin.py:188} INFO - [2024-09-07T16:10:21.236+0000] {dag.py:3823} INFO - Setting next_dagrun for latest_only to 2024-09-07 12:00:00+00:00, run_after=2024-09-07 16:00:00+00:00
[2024-09-07T16:10:21.249+0000] {processor.py:183} INFO - Processing /home/airflow/.local/lib/python3.8/site-packages/airflow/example_dags/example_latest_only.py took 0.050 seconds
[2024-09-07T16:10:51.797+0000] {processor.py:161} INFO - Started process (PID=5890) to work on /home/airflow/.local/lib/python3.8/site-packages/airflow/example_dags/example_latest_only.py
[2024-09-07T16:10:51.798+0000] {processor.py:830} INFO - Processing file /home/airflow/.local/lib/python3.8/site-packages/airflow/example_dags/example_latest_only.py for tasks to queue
[2024-09-07T16:10:51.798+0000] {logging_mixin.py:188} INFO - [2024-09-07T16:10:51.798+0000] {dagbag.py:538} INFO - Filling up the DagBag from /home/airflow/.local/lib/python3.8/site-packages/airflow/example_dags/example_latest_only.py
[2024-09-07T16:10:51.802+0000] {processor.py:840} INFO - DAG(s) 'latest_only' retrieved from /home/airflow/.local/lib/python3.8/site-packages/airflow/example_dags/example_latest_only.py
[2024-09-07T16:10:51.817+0000] {logging_mixin.py:188} INFO - [2024-09-07T16:10:51.817+0000] {dag.py:3036} INFO - Sync 1 DAGs
[2024-09-07T16:10:51.830+0000] {logging_mixin.py:188} INFO - [2024-09-07T16:10:51.830+0000] {dag.py:3823} INFO - Setting next_dagrun for latest_only to 2024-09-07 12:00:00+00:00, run_after=2024-09-07 16:00:00+00:00
[2024-09-07T16:10:51.840+0000] {processor.py:183} INFO - Processing /home/airflow/.local/lib/python3.8/site-packages/airflow/example_dags/example_latest_only.py took 0.046 seconds
[2024-09-07T16:11:22.373+0000] {processor.py:161} INFO - Started process (PID=6137) to work on /home/airflow/.local/lib/python3.8/site-packages/airflow/example_dags/example_latest_only.py
[2024-09-07T16:11:22.374+0000] {processor.py:830} INFO - Processing file /home/airflow/.local/lib/python3.8/site-packages/airflow/example_dags/example_latest_only.py for tasks to queue
[2024-09-07T16:11:22.375+0000] {logging_mixin.py:188} INFO - [2024-09-07T16:11:22.374+0000] {dagbag.py:538} INFO - Filling up the DagBag from /home/airflow/.local/lib/python3.8/site-packages/airflow/example_dags/example_latest_only.py
[2024-09-07T16:11:22.378+0000] {processor.py:840} INFO - DAG(s) 'latest_only' retrieved from /home/airflow/.local/lib/python3.8/site-packages/airflow/example_dags/example_latest_only.py
[2024-09-07T16:11:22.391+0000] {logging_mixin.py:188} INFO - [2024-09-07T16:11:22.391+0000] {dag.py:3036} INFO - Sync 1 DAGs
[2024-09-07T16:11:22.403+0000] {logging_mixin.py:188} INFO - [2024-09-07T16:11:22.402+0000] {dag.py:3823} INFO - Setting next_dagrun for latest_only to 2024-09-07 12:00:00+00:00, run_after=2024-09-07 16:00:00+00:00
[2024-09-07T16:11:22.450+0000] {processor.py:183} INFO - Processing /home/airflow/.local/lib/python3.8/site-packages/airflow/example_dags/example_latest_only.py took 0.080 seconds
[2024-09-07T16:11:53.001+0000] {processor.py:161} INFO - Started process (PID=6384) to work on /home/airflow/.local/lib/python3.8/site-packages/airflow/example_dags/example_latest_only.py
[2024-09-07T16:11:53.002+0000] {processor.py:830} INFO - Processing file /home/airflow/.local/lib/python3.8/site-packages/airflow/example_dags/example_latest_only.py for tasks to queue
[2024-09-07T16:11:53.003+0000] {logging_mixin.py:188} INFO - [2024-09-07T16:11:53.003+0000] {dagbag.py:538} INFO - Filling up the DagBag from /home/airflow/.local/lib/python3.8/site-packages/airflow/example_dags/example_latest_only.py
[2024-09-07T16:11:53.007+0000] {processor.py:840} INFO - DAG(s) 'latest_only' retrieved from /home/airflow/.local/lib/python3.8/site-packages/airflow/example_dags/example_latest_only.py
[2024-09-07T16:11:53.020+0000] {logging_mixin.py:188} INFO - [2024-09-07T16:11:53.020+0000] {dag.py:3036} INFO - Sync 1 DAGs
[2024-09-07T16:11:53.034+0000] {logging_mixin.py:188} INFO - [2024-09-07T16:11:53.034+0000] {dag.py:3823} INFO - Setting next_dagrun for latest_only to 2024-09-07 12:00:00+00:00, run_after=2024-09-07 16:00:00+00:00
[2024-09-07T16:11:53.045+0000] {processor.py:183} INFO - Processing /home/airflow/.local/lib/python3.8/site-packages/airflow/example_dags/example_latest_only.py took 0.046 seconds
[2024-09-07T16:12:23.576+0000] {processor.py:161} INFO - Started process (PID=6631) to work on /home/airflow/.local/lib/python3.8/site-packages/airflow/example_dags/example_latest_only.py
[2024-09-07T16:12:23.577+0000] {processor.py:830} INFO - Processing file /home/airflow/.local/lib/python3.8/site-packages/airflow/example_dags/example_latest_only.py for tasks to queue
[2024-09-07T16:12:23.577+0000] {logging_mixin.py:188} INFO - [2024-09-07T16:12:23.577+0000] {dagbag.py:538} INFO - Filling up the DagBag from /home/airflow/.local/lib/python3.8/site-packages/airflow/example_dags/example_latest_only.py
[2024-09-07T16:12:23.581+0000] {processor.py:840} INFO - DAG(s) 'latest_only' retrieved from /home/airflow/.local/lib/python3.8/site-packages/airflow/example_dags/example_latest_only.py
[2024-09-07T16:12:23.593+0000] {logging_mixin.py:188} INFO - [2024-09-07T16:12:23.593+0000] {dag.py:3036} INFO - Sync 1 DAGs
[2024-09-07T16:12:23.605+0000] {logging_mixin.py:188} INFO - [2024-09-07T16:12:23.605+0000] {dag.py:3823} INFO - Setting next_dagrun for latest_only to 2024-09-07 12:00:00+00:00, run_after=2024-09-07 16:00:00+00:00
[2024-09-07T16:12:23.614+0000] {processor.py:183} INFO - Processing /home/airflow/.local/lib/python3.8/site-packages/airflow/example_dags/example_latest_only.py took 0.040 seconds
[2024-09-07T16:12:54.159+0000] {processor.py:161} INFO - Started process (PID=6878) to work on /home/airflow/.local/lib/python3.8/site-packages/airflow/example_dags/example_latest_only.py
[2024-09-07T16:12:54.159+0000] {processor.py:830} INFO - Processing file /home/airflow/.local/lib/python3.8/site-packages/airflow/example_dags/example_latest_only.py for tasks to queue
[2024-09-07T16:12:54.160+0000] {logging_mixin.py:188} INFO - [2024-09-07T16:12:54.160+0000] {dagbag.py:538} INFO - Filling up the DagBag from /home/airflow/.local/lib/python3.8/site-packages/airflow/example_dags/example_latest_only.py
[2024-09-07T16:12:54.163+0000] {processor.py:840} INFO - DAG(s) 'latest_only' retrieved from /home/airflow/.local/lib/python3.8/site-packages/airflow/example_dags/example_latest_only.py
[2024-09-07T16:12:54.175+0000] {logging_mixin.py:188} INFO - [2024-09-07T16:12:54.175+0000] {dag.py:3036} INFO - Sync 1 DAGs
[2024-09-07T16:12:54.187+0000] {logging_mixin.py:188} INFO - [2024-09-07T16:12:54.187+0000] {dag.py:3823} INFO - Setting next_dagrun for latest_only to 2024-09-07 12:00:00+00:00, run_after=2024-09-07 16:00:00+00:00
[2024-09-07T16:12:54.197+0000] {processor.py:183} INFO - Processing /home/airflow/.local/lib/python3.8/site-packages/airflow/example_dags/example_latest_only.py took 0.040 seconds
[2024-09-07T16:13:24.732+0000] {processor.py:161} INFO - Started process (PID=7125) to work on /home/airflow/.local/lib/python3.8/site-packages/airflow/example_dags/example_latest_only.py
[2024-09-07T16:13:24.733+0000] {processor.py:830} INFO - Processing file /home/airflow/.local/lib/python3.8/site-packages/airflow/example_dags/example_latest_only.py for tasks to queue
[2024-09-07T16:13:24.733+0000] {logging_mixin.py:188} INFO - [2024-09-07T16:13:24.733+0000] {dagbag.py:538} INFO - Filling up the DagBag from /home/airflow/.local/lib/python3.8/site-packages/airflow/example_dags/example_latest_only.py
[2024-09-07T16:13:24.737+0000] {processor.py:840} INFO - DAG(s) 'latest_only' retrieved from /home/airflow/.local/lib/python3.8/site-packages/airflow/example_dags/example_latest_only.py
[2024-09-07T16:13:24.748+0000] {logging_mixin.py:188} INFO - [2024-09-07T16:13:24.748+0000] {dag.py:3036} INFO - Sync 1 DAGs
[2024-09-07T16:13:24.760+0000] {logging_mixin.py:188} INFO - [2024-09-07T16:13:24.760+0000] {dag.py:3823} INFO - Setting next_dagrun for latest_only to 2024-09-07 12:00:00+00:00, run_after=2024-09-07 16:00:00+00:00
[2024-09-07T16:13:24.769+0000] {processor.py:183} INFO - Processing /home/airflow/.local/lib/python3.8/site-packages/airflow/example_dags/example_latest_only.py took 0.039 seconds
[2024-09-07T16:13:55.413+0000] {processor.py:161} INFO - Started process (PID=7372) to work on /home/airflow/.local/lib/python3.8/site-packages/airflow/example_dags/example_latest_only.py
[2024-09-07T16:13:55.413+0000] {processor.py:830} INFO - Processing file /home/airflow/.local/lib/python3.8/site-packages/airflow/example_dags/example_latest_only.py for tasks to queue
[2024-09-07T16:13:55.414+0000] {logging_mixin.py:188} INFO - [2024-09-07T16:13:55.414+0000] {dagbag.py:538} INFO - Filling up the DagBag from /home/airflow/.local/lib/python3.8/site-packages/airflow/example_dags/example_latest_only.py
[2024-09-07T16:13:55.417+0000] {processor.py:840} INFO - DAG(s) 'latest_only' retrieved from /home/airflow/.local/lib/python3.8/site-packages/airflow/example_dags/example_latest_only.py
[2024-09-07T16:13:55.429+0000] {logging_mixin.py:188} INFO - [2024-09-07T16:13:55.429+0000] {dag.py:3036} INFO - Sync 1 DAGs
[2024-09-07T16:13:55.441+0000] {logging_mixin.py:188} INFO - [2024-09-07T16:13:55.441+0000] {dag.py:3823} INFO - Setting next_dagrun for latest_only to 2024-09-07 12:00:00+00:00, run_after=2024-09-07 16:00:00+00:00
[2024-09-07T16:13:55.451+0000] {processor.py:183} INFO - Processing /home/airflow/.local/lib/python3.8/site-packages/airflow/example_dags/example_latest_only.py took 0.041 seconds
[2024-09-07T16:14:25.557+0000] {processor.py:161} INFO - Started process (PID=7619) to work on /home/airflow/.local/lib/python3.8/site-packages/airflow/example_dags/example_latest_only.py
[2024-09-07T16:14:25.558+0000] {processor.py:830} INFO - Processing file /home/airflow/.local/lib/python3.8/site-packages/airflow/example_dags/example_latest_only.py for tasks to queue
[2024-09-07T16:14:25.559+0000] {logging_mixin.py:188} INFO - [2024-09-07T16:14:25.559+0000] {dagbag.py:538} INFO - Filling up the DagBag from /home/airflow/.local/lib/python3.8/site-packages/airflow/example_dags/example_latest_only.py
[2024-09-07T16:14:25.562+0000] {processor.py:840} INFO - DAG(s) 'latest_only' retrieved from /home/airflow/.local/lib/python3.8/site-packages/airflow/example_dags/example_latest_only.py
[2024-09-07T16:14:25.574+0000] {logging_mixin.py:188} INFO - [2024-09-07T16:14:25.574+0000] {dag.py:3036} INFO - Sync 1 DAGs
[2024-09-07T16:14:25.586+0000] {logging_mixin.py:188} INFO - [2024-09-07T16:14:25.586+0000] {dag.py:3823} INFO - Setting next_dagrun for latest_only to 2024-09-07 12:00:00+00:00, run_after=2024-09-07 16:00:00+00:00
[2024-09-07T16:14:25.595+0000] {processor.py:183} INFO - Processing /home/airflow/.local/lib/python3.8/site-packages/airflow/example_dags/example_latest_only.py took 0.041 seconds
[2024-09-07T16:14:56.226+0000] {processor.py:161} INFO - Started process (PID=7866) to work on /home/airflow/.local/lib/python3.8/site-packages/airflow/example_dags/example_latest_only.py
[2024-09-07T16:14:56.226+0000] {processor.py:830} INFO - Processing file /home/airflow/.local/lib/python3.8/site-packages/airflow/example_dags/example_latest_only.py for tasks to queue
[2024-09-07T16:14:56.227+0000] {logging_mixin.py:188} INFO - [2024-09-07T16:14:56.227+0000] {dagbag.py:538} INFO - Filling up the DagBag from /home/airflow/.local/lib/python3.8/site-packages/airflow/example_dags/example_latest_only.py
[2024-09-07T16:14:56.230+0000] {processor.py:840} INFO - DAG(s) 'latest_only' retrieved from /home/airflow/.local/lib/python3.8/site-packages/airflow/example_dags/example_latest_only.py
[2024-09-07T16:14:56.242+0000] {logging_mixin.py:188} INFO - [2024-09-07T16:14:56.242+0000] {dag.py:3036} INFO - Sync 1 DAGs
[2024-09-07T16:14:56.254+0000] {logging_mixin.py:188} INFO - [2024-09-07T16:14:56.254+0000] {dag.py:3823} INFO - Setting next_dagrun for latest_only to 2024-09-07 12:00:00+00:00, run_after=2024-09-07 16:00:00+00:00
[2024-09-07T16:14:56.263+0000] {processor.py:183} INFO - Processing /home/airflow/.local/lib/python3.8/site-packages/airflow/example_dags/example_latest_only.py took 0.040 seconds
[2024-09-07T16:15:26.755+0000] {processor.py:161} INFO - Started process (PID=8113) to work on /home/airflow/.local/lib/python3.8/site-packages/airflow/example_dags/example_latest_only.py
[2024-09-07T16:15:26.756+0000] {processor.py:830} INFO - Processing file /home/airflow/.local/lib/python3.8/site-packages/airflow/example_dags/example_latest_only.py for tasks to queue
[2024-09-07T16:15:26.757+0000] {logging_mixin.py:188} INFO - [2024-09-07T16:15:26.756+0000] {dagbag.py:538} INFO - Filling up the DagBag from /home/airflow/.local/lib/python3.8/site-packages/airflow/example_dags/example_latest_only.py
[2024-09-07T16:15:26.760+0000] {processor.py:840} INFO - DAG(s) 'latest_only' retrieved from /home/airflow/.local/lib/python3.8/site-packages/airflow/example_dags/example_latest_only.py
[2024-09-07T16:15:26.774+0000] {logging_mixin.py:188} INFO - [2024-09-07T16:15:26.774+0000] {dag.py:3036} INFO - Sync 1 DAGs
[2024-09-07T16:15:26.786+0000] {logging_mixin.py:188} INFO - [2024-09-07T16:15:26.786+0000] {dag.py:3823} INFO - Setting next_dagrun for latest_only to 2024-09-07 12:00:00+00:00, run_after=2024-09-07 16:00:00+00:00
[2024-09-07T16:15:26.798+0000] {processor.py:183} INFO - Processing /home/airflow/.local/lib/python3.8/site-packages/airflow/example_dags/example_latest_only.py took 0.046 seconds
[2024-09-07T16:15:57.452+0000] {processor.py:161} INFO - Started process (PID=8359) to work on /home/airflow/.local/lib/python3.8/site-packages/airflow/example_dags/example_latest_only.py
[2024-09-07T16:15:57.453+0000] {processor.py:830} INFO - Processing file /home/airflow/.local/lib/python3.8/site-packages/airflow/example_dags/example_latest_only.py for tasks to queue
[2024-09-07T16:15:57.454+0000] {logging_mixin.py:188} INFO - [2024-09-07T16:15:57.454+0000] {dagbag.py:538} INFO - Filling up the DagBag from /home/airflow/.local/lib/python3.8/site-packages/airflow/example_dags/example_latest_only.py
[2024-09-07T16:15:57.457+0000] {processor.py:840} INFO - DAG(s) 'latest_only' retrieved from /home/airflow/.local/lib/python3.8/site-packages/airflow/example_dags/example_latest_only.py
[2024-09-07T16:15:57.472+0000] {logging_mixin.py:188} INFO - [2024-09-07T16:15:57.472+0000] {dag.py:3036} INFO - Sync 1 DAGs
[2024-09-07T16:15:57.486+0000] {logging_mixin.py:188} INFO - [2024-09-07T16:15:57.486+0000] {dag.py:3823} INFO - Setting next_dagrun for latest_only to 2024-09-07 12:00:00+00:00, run_after=2024-09-07 16:00:00+00:00
[2024-09-07T16:15:57.497+0000] {processor.py:183} INFO - Processing /home/airflow/.local/lib/python3.8/site-packages/airflow/example_dags/example_latest_only.py took 0.047 seconds
[2024-09-07T16:16:28.105+0000] {processor.py:161} INFO - Started process (PID=8606) to work on /home/airflow/.local/lib/python3.8/site-packages/airflow/example_dags/example_latest_only.py
[2024-09-07T16:16:28.105+0000] {processor.py:830} INFO - Processing file /home/airflow/.local/lib/python3.8/site-packages/airflow/example_dags/example_latest_only.py for tasks to queue
[2024-09-07T16:16:28.106+0000] {logging_mixin.py:188} INFO - [2024-09-07T16:16:28.106+0000] {dagbag.py:538} INFO - Filling up the DagBag from /home/airflow/.local/lib/python3.8/site-packages/airflow/example_dags/example_latest_only.py
[2024-09-07T16:16:28.110+0000] {processor.py:840} INFO - DAG(s) 'latest_only' retrieved from /home/airflow/.local/lib/python3.8/site-packages/airflow/example_dags/example_latest_only.py
[2024-09-07T16:16:28.122+0000] {logging_mixin.py:188} INFO - [2024-09-07T16:16:28.122+0000] {dag.py:3036} INFO - Sync 1 DAGs
[2024-09-07T16:16:28.133+0000] {logging_mixin.py:188} INFO - [2024-09-07T16:16:28.133+0000] {dag.py:3823} INFO - Setting next_dagrun for latest_only to 2024-09-07 12:00:00+00:00, run_after=2024-09-07 16:00:00+00:00
[2024-09-07T16:16:28.142+0000] {processor.py:183} INFO - Processing /home/airflow/.local/lib/python3.8/site-packages/airflow/example_dags/example_latest_only.py took 0.039 seconds
[2024-09-07T16:16:58.818+0000] {processor.py:161} INFO - Started process (PID=8853) to work on /home/airflow/.local/lib/python3.8/site-packages/airflow/example_dags/example_latest_only.py
[2024-09-07T16:16:58.819+0000] {processor.py:830} INFO - Processing file /home/airflow/.local/lib/python3.8/site-packages/airflow/example_dags/example_latest_only.py for tasks to queue
[2024-09-07T16:16:58.820+0000] {logging_mixin.py:188} INFO - [2024-09-07T16:16:58.820+0000] {dagbag.py:538} INFO - Filling up the DagBag from /home/airflow/.local/lib/python3.8/site-packages/airflow/example_dags/example_latest_only.py
[2024-09-07T16:16:58.824+0000] {processor.py:840} INFO - DAG(s) 'latest_only' retrieved from /home/airflow/.local/lib/python3.8/site-packages/airflow/example_dags/example_latest_only.py
[2024-09-07T16:16:58.839+0000] {logging_mixin.py:188} INFO - [2024-09-07T16:16:58.838+0000] {dag.py:3036} INFO - Sync 1 DAGs
[2024-09-07T16:16:58.852+0000] {logging_mixin.py:188} INFO - [2024-09-07T16:16:58.852+0000] {dag.py:3823} INFO - Setting next_dagrun for latest_only to 2024-09-07 12:00:00+00:00, run_after=2024-09-07 16:00:00+00:00
[2024-09-07T16:16:58.866+0000] {processor.py:183} INFO - Processing /home/airflow/.local/lib/python3.8/site-packages/airflow/example_dags/example_latest_only.py took 0.050 seconds
[2024-09-07T16:17:29.006+0000] {processor.py:161} INFO - Started process (PID=9100) to work on /home/airflow/.local/lib/python3.8/site-packages/airflow/example_dags/example_latest_only.py
[2024-09-07T16:17:29.006+0000] {processor.py:830} INFO - Processing file /home/airflow/.local/lib/python3.8/site-packages/airflow/example_dags/example_latest_only.py for tasks to queue
[2024-09-07T16:17:29.007+0000] {logging_mixin.py:188} INFO - [2024-09-07T16:17:29.007+0000] {dagbag.py:538} INFO - Filling up the DagBag from /home/airflow/.local/lib/python3.8/site-packages/airflow/example_dags/example_latest_only.py
[2024-09-07T16:17:29.010+0000] {processor.py:840} INFO - DAG(s) 'latest_only' retrieved from /home/airflow/.local/lib/python3.8/site-packages/airflow/example_dags/example_latest_only.py
[2024-09-07T16:17:29.022+0000] {logging_mixin.py:188} INFO - [2024-09-07T16:17:29.022+0000] {dag.py:3036} INFO - Sync 1 DAGs
[2024-09-07T16:17:29.033+0000] {logging_mixin.py:188} INFO - [2024-09-07T16:17:29.033+0000] {dag.py:3823} INFO - Setting next_dagrun for latest_only to 2024-09-07 12:00:00+00:00, run_after=2024-09-07 16:00:00+00:00
[2024-09-07T16:17:29.046+0000] {processor.py:183} INFO - Processing /home/airflow/.local/lib/python3.8/site-packages/airflow/example_dags/example_latest_only.py took 0.042 seconds
[2024-09-07T16:17:59.737+0000] {processor.py:161} INFO - Started process (PID=9347) to work on /home/airflow/.local/lib/python3.8/site-packages/airflow/example_dags/example_latest_only.py
[2024-09-07T16:17:59.738+0000] {processor.py:830} INFO - Processing file /home/airflow/.local/lib/python3.8/site-packages/airflow/example_dags/example_latest_only.py for tasks to queue
[2024-09-07T16:17:59.739+0000] {logging_mixin.py:188} INFO - [2024-09-07T16:17:59.739+0000] {dagbag.py:538} INFO - Filling up the DagBag from /home/airflow/.local/lib/python3.8/site-packages/airflow/example_dags/example_latest_only.py
[2024-09-07T16:17:59.743+0000] {processor.py:840} INFO - DAG(s) 'latest_only' retrieved from /home/airflow/.local/lib/python3.8/site-packages/airflow/example_dags/example_latest_only.py
[2024-09-07T16:17:59.758+0000] {logging_mixin.py:188} INFO - [2024-09-07T16:17:59.758+0000] {dag.py:3036} INFO - Sync 1 DAGs
[2024-09-07T16:17:59.771+0000] {logging_mixin.py:188} INFO - [2024-09-07T16:17:59.771+0000] {dag.py:3823} INFO - Setting next_dagrun for latest_only to 2024-09-07 12:00:00+00:00, run_after=2024-09-07 16:00:00+00:00
[2024-09-07T16:17:59.782+0000] {processor.py:183} INFO - Processing /home/airflow/.local/lib/python3.8/site-packages/airflow/example_dags/example_latest_only.py took 0.047 seconds
[2024-09-07T16:18:30.896+0000] {processor.py:161} INFO - Started process (PID=9600) to work on /home/airflow/.local/lib/python3.8/site-packages/airflow/example_dags/example_latest_only.py
[2024-09-07T16:18:30.898+0000] {processor.py:830} INFO - Processing file /home/airflow/.local/lib/python3.8/site-packages/airflow/example_dags/example_latest_only.py for tasks to queue
[2024-09-07T16:18:30.899+0000] {logging_mixin.py:188} INFO - [2024-09-07T16:18:30.899+0000] {dagbag.py:538} INFO - Filling up the DagBag from /home/airflow/.local/lib/python3.8/site-packages/airflow/example_dags/example_latest_only.py
[2024-09-07T16:18:30.904+0000] {processor.py:840} INFO - DAG(s) 'latest_only' retrieved from /home/airflow/.local/lib/python3.8/site-packages/airflow/example_dags/example_latest_only.py
[2024-09-07T16:18:30.938+0000] {logging_mixin.py:188} INFO - [2024-09-07T16:18:30.937+0000] {dag.py:3036} INFO - Sync 1 DAGs
[2024-09-07T16:18:30.958+0000] {logging_mixin.py:188} INFO - [2024-09-07T16:18:30.958+0000] {dag.py:3823} INFO - Setting next_dagrun for latest_only to 2024-09-07 12:00:00+00:00, run_after=2024-09-07 16:00:00+00:00
[2024-09-07T16:18:30.977+0000] {processor.py:183} INFO - Processing /home/airflow/.local/lib/python3.8/site-packages/airflow/example_dags/example_latest_only.py took 0.085 seconds
[2024-09-07T16:19:01.697+0000] {processor.py:161} INFO - Started process (PID=9847) to work on /home/airflow/.local/lib/python3.8/site-packages/airflow/example_dags/example_latest_only.py
[2024-09-07T16:19:01.697+0000] {processor.py:830} INFO - Processing file /home/airflow/.local/lib/python3.8/site-packages/airflow/example_dags/example_latest_only.py for tasks to queue
[2024-09-07T16:19:01.698+0000] {logging_mixin.py:188} INFO - [2024-09-07T16:19:01.698+0000] {dagbag.py:538} INFO - Filling up the DagBag from /home/airflow/.local/lib/python3.8/site-packages/airflow/example_dags/example_latest_only.py
[2024-09-07T16:19:01.702+0000] {processor.py:840} INFO - DAG(s) 'latest_only' retrieved from /home/airflow/.local/lib/python3.8/site-packages/airflow/example_dags/example_latest_only.py
[2024-09-07T16:19:01.714+0000] {logging_mixin.py:188} INFO - [2024-09-07T16:19:01.713+0000] {dag.py:3036} INFO - Sync 1 DAGs
[2024-09-07T16:19:01.725+0000] {logging_mixin.py:188} INFO - [2024-09-07T16:19:01.725+0000] {dag.py:3823} INFO - Setting next_dagrun for latest_only to 2024-09-07 12:00:00+00:00, run_after=2024-09-07 16:00:00+00:00
[2024-09-07T16:19:01.737+0000] {processor.py:183} INFO - Processing /home/airflow/.local/lib/python3.8/site-packages/airflow/example_dags/example_latest_only.py took 0.042 seconds
[2024-09-07T16:19:32.558+0000] {processor.py:161} INFO - Started process (PID=10094) to work on /home/airflow/.local/lib/python3.8/site-packages/airflow/example_dags/example_latest_only.py
[2024-09-07T16:19:32.560+0000] {processor.py:830} INFO - Processing file /home/airflow/.local/lib/python3.8/site-packages/airflow/example_dags/example_latest_only.py for tasks to queue
[2024-09-07T16:19:32.561+0000] {logging_mixin.py:188} INFO - [2024-09-07T16:19:32.560+0000] {dagbag.py:538} INFO - Filling up the DagBag from /home/airflow/.local/lib/python3.8/site-packages/airflow/example_dags/example_latest_only.py
[2024-09-07T16:19:32.565+0000] {processor.py:840} INFO - DAG(s) 'latest_only' retrieved from /home/airflow/.local/lib/python3.8/site-packages/airflow/example_dags/example_latest_only.py
[2024-09-07T16:19:32.582+0000] {logging_mixin.py:188} INFO - [2024-09-07T16:19:32.582+0000] {dag.py:3036} INFO - Sync 1 DAGs
[2024-09-07T16:19:32.596+0000] {logging_mixin.py:188} INFO - [2024-09-07T16:19:32.596+0000] {dag.py:3823} INFO - Setting next_dagrun for latest_only to 2024-09-07 12:00:00+00:00, run_after=2024-09-07 16:00:00+00:00
[2024-09-07T16:19:32.608+0000] {processor.py:183} INFO - Processing /home/airflow/.local/lib/python3.8/site-packages/airflow/example_dags/example_latest_only.py took 0.053 seconds
[2024-09-07T16:20:02.942+0000] {processor.py:161} INFO - Started process (PID=10341) to work on /home/airflow/.local/lib/python3.8/site-packages/airflow/example_dags/example_latest_only.py
[2024-09-07T16:20:02.943+0000] {processor.py:830} INFO - Processing file /home/airflow/.local/lib/python3.8/site-packages/airflow/example_dags/example_latest_only.py for tasks to queue
[2024-09-07T16:20:02.943+0000] {logging_mixin.py:188} INFO - [2024-09-07T16:20:02.943+0000] {dagbag.py:538} INFO - Filling up the DagBag from /home/airflow/.local/lib/python3.8/site-packages/airflow/example_dags/example_latest_only.py
[2024-09-07T16:20:02.947+0000] {processor.py:840} INFO - DAG(s) 'latest_only' retrieved from /home/airflow/.local/lib/python3.8/site-packages/airflow/example_dags/example_latest_only.py
[2024-09-07T16:20:02.961+0000] {logging_mixin.py:188} INFO - [2024-09-07T16:20:02.961+0000] {dag.py:3036} INFO - Sync 1 DAGs
[2024-09-07T16:20:02.974+0000] {logging_mixin.py:188} INFO - [2024-09-07T16:20:02.974+0000] {dag.py:3823} INFO - Setting next_dagrun for latest_only to 2024-09-07 12:00:00+00:00, run_after=2024-09-07 16:00:00+00:00
[2024-09-07T16:20:02.984+0000] {processor.py:183} INFO - Processing /home/airflow/.local/lib/python3.8/site-packages/airflow/example_dags/example_latest_only.py took 0.044 seconds
[2024-09-07T16:20:33.506+0000] {processor.py:161} INFO - Started process (PID=10588) to work on /home/airflow/.local/lib/python3.8/site-packages/airflow/example_dags/example_latest_only.py
[2024-09-07T16:20:33.507+0000] {processor.py:830} INFO - Processing file /home/airflow/.local/lib/python3.8/site-packages/airflow/example_dags/example_latest_only.py for tasks to queue
[2024-09-07T16:20:33.508+0000] {logging_mixin.py:188} INFO - [2024-09-07T16:20:33.507+0000] {dagbag.py:538} INFO - Filling up the DagBag from /home/airflow/.local/lib/python3.8/site-packages/airflow/example_dags/example_latest_only.py
[2024-09-07T16:20:33.511+0000] {processor.py:840} INFO - DAG(s) 'latest_only' retrieved from /home/airflow/.local/lib/python3.8/site-packages/airflow/example_dags/example_latest_only.py
[2024-09-07T16:20:33.523+0000] {logging_mixin.py:188} INFO - [2024-09-07T16:20:33.523+0000] {dag.py:3036} INFO - Sync 1 DAGs
[2024-09-07T16:20:33.534+0000] {logging_mixin.py:188} INFO - [2024-09-07T16:20:33.534+0000] {dag.py:3823} INFO - Setting next_dagrun for latest_only to 2024-09-07 12:00:00+00:00, run_after=2024-09-07 16:00:00+00:00
[2024-09-07T16:20:33.543+0000] {processor.py:183} INFO - Processing /home/airflow/.local/lib/python3.8/site-packages/airflow/example_dags/example_latest_only.py took 0.039 seconds
[2024-09-07T16:21:04.148+0000] {processor.py:161} INFO - Started process (PID=10834) to work on /home/airflow/.local/lib/python3.8/site-packages/airflow/example_dags/example_latest_only.py
[2024-09-07T16:21:04.149+0000] {processor.py:830} INFO - Processing file /home/airflow/.local/lib/python3.8/site-packages/airflow/example_dags/example_latest_only.py for tasks to queue
[2024-09-07T16:21:04.149+0000] {logging_mixin.py:188} INFO - [2024-09-07T16:21:04.149+0000] {dagbag.py:538} INFO - Filling up the DagBag from /home/airflow/.local/lib/python3.8/site-packages/airflow/example_dags/example_latest_only.py
[2024-09-07T16:21:04.152+0000] {processor.py:840} INFO - DAG(s) 'latest_only' retrieved from /home/airflow/.local/lib/python3.8/site-packages/airflow/example_dags/example_latest_only.py
[2024-09-07T16:21:04.166+0000] {logging_mixin.py:188} INFO - [2024-09-07T16:21:04.166+0000] {dag.py:3036} INFO - Sync 1 DAGs
[2024-09-07T16:21:04.179+0000] {logging_mixin.py:188} INFO - [2024-09-07T16:21:04.179+0000] {dag.py:3823} INFO - Setting next_dagrun for latest_only to 2024-09-07 12:00:00+00:00, run_after=2024-09-07 16:00:00+00:00
[2024-09-07T16:21:04.190+0000] {processor.py:183} INFO - Processing /home/airflow/.local/lib/python3.8/site-packages/airflow/example_dags/example_latest_only.py took 0.044 seconds
[2024-09-07T16:21:35.013+0000] {processor.py:161} INFO - Started process (PID=11081) to work on /home/airflow/.local/lib/python3.8/site-packages/airflow/example_dags/example_latest_only.py
[2024-09-07T16:21:35.014+0000] {processor.py:830} INFO - Processing file /home/airflow/.local/lib/python3.8/site-packages/airflow/example_dags/example_latest_only.py for tasks to queue
[2024-09-07T16:21:35.014+0000] {logging_mixin.py:188} INFO - [2024-09-07T16:21:35.014+0000] {dagbag.py:538} INFO - Filling up the DagBag from /home/airflow/.local/lib/python3.8/site-packages/airflow/example_dags/example_latest_only.py
[2024-09-07T16:21:35.018+0000] {processor.py:840} INFO - DAG(s) 'latest_only' retrieved from /home/airflow/.local/lib/python3.8/site-packages/airflow/example_dags/example_latest_only.py
[2024-09-07T16:21:35.031+0000] {logging_mixin.py:188} INFO - [2024-09-07T16:21:35.031+0000] {dag.py:3036} INFO - Sync 1 DAGs
[2024-09-07T16:21:35.043+0000] {logging_mixin.py:188} INFO - [2024-09-07T16:21:35.043+0000] {dag.py:3823} INFO - Setting next_dagrun for latest_only to 2024-09-07 12:00:00+00:00, run_after=2024-09-07 16:00:00+00:00
[2024-09-07T16:21:35.054+0000] {processor.py:183} INFO - Processing /home/airflow/.local/lib/python3.8/site-packages/airflow/example_dags/example_latest_only.py took 0.044 seconds
[2024-09-07T16:22:06.019+0000] {processor.py:161} INFO - Started process (PID=11328) to work on /home/airflow/.local/lib/python3.8/site-packages/airflow/example_dags/example_latest_only.py
[2024-09-07T16:22:06.020+0000] {processor.py:830} INFO - Processing file /home/airflow/.local/lib/python3.8/site-packages/airflow/example_dags/example_latest_only.py for tasks to queue
[2024-09-07T16:22:06.021+0000] {logging_mixin.py:188} INFO - [2024-09-07T16:22:06.021+0000] {dagbag.py:538} INFO - Filling up the DagBag from /home/airflow/.local/lib/python3.8/site-packages/airflow/example_dags/example_latest_only.py
[2024-09-07T16:22:06.024+0000] {processor.py:840} INFO - DAG(s) 'latest_only' retrieved from /home/airflow/.local/lib/python3.8/site-packages/airflow/example_dags/example_latest_only.py
[2024-09-07T16:22:06.104+0000] {logging_mixin.py:188} INFO - [2024-09-07T16:22:06.104+0000] {dag.py:3036} INFO - Sync 1 DAGs
[2024-09-07T16:22:06.122+0000] {logging_mixin.py:188} INFO - [2024-09-07T16:22:06.122+0000] {dag.py:3823} INFO - Setting next_dagrun for latest_only to 2024-09-07 12:00:00+00:00, run_after=2024-09-07 16:00:00+00:00
[2024-09-07T16:22:06.137+0000] {processor.py:183} INFO - Processing /home/airflow/.local/lib/python3.8/site-packages/airflow/example_dags/example_latest_only.py took 0.120 seconds
[2024-09-07T16:22:36.648+0000] {processor.py:161} INFO - Started process (PID=11575) to work on /home/airflow/.local/lib/python3.8/site-packages/airflow/example_dags/example_latest_only.py
[2024-09-07T16:22:36.649+0000] {processor.py:830} INFO - Processing file /home/airflow/.local/lib/python3.8/site-packages/airflow/example_dags/example_latest_only.py for tasks to queue
[2024-09-07T16:22:36.649+0000] {logging_mixin.py:188} INFO - [2024-09-07T16:22:36.649+0000] {dagbag.py:538} INFO - Filling up the DagBag from /home/airflow/.local/lib/python3.8/site-packages/airflow/example_dags/example_latest_only.py
[2024-09-07T16:22:36.653+0000] {processor.py:840} INFO - DAG(s) 'latest_only' retrieved from /home/airflow/.local/lib/python3.8/site-packages/airflow/example_dags/example_latest_only.py
[2024-09-07T16:22:36.665+0000] {logging_mixin.py:188} INFO - [2024-09-07T16:22:36.665+0000] {dag.py:3036} INFO - Sync 1 DAGs
[2024-09-07T16:22:36.677+0000] {logging_mixin.py:188} INFO - [2024-09-07T16:22:36.677+0000] {dag.py:3823} INFO - Setting next_dagrun for latest_only to 2024-09-07 12:00:00+00:00, run_after=2024-09-07 16:00:00+00:00
[2024-09-07T16:22:36.689+0000] {processor.py:183} INFO - Processing /home/airflow/.local/lib/python3.8/site-packages/airflow/example_dags/example_latest_only.py took 0.044 seconds
[2024-09-07T16:23:07.370+0000] {processor.py:161} INFO - Started process (PID=11822) to work on /home/airflow/.local/lib/python3.8/site-packages/airflow/example_dags/example_latest_only.py
[2024-09-07T16:23:07.371+0000] {processor.py:830} INFO - Processing file /home/airflow/.local/lib/python3.8/site-packages/airflow/example_dags/example_latest_only.py for tasks to queue
[2024-09-07T16:23:07.371+0000] {logging_mixin.py:188} INFO - [2024-09-07T16:23:07.371+0000] {dagbag.py:538} INFO - Filling up the DagBag from /home/airflow/.local/lib/python3.8/site-packages/airflow/example_dags/example_latest_only.py
[2024-09-07T16:23:07.375+0000] {processor.py:840} INFO - DAG(s) 'latest_only' retrieved from /home/airflow/.local/lib/python3.8/site-packages/airflow/example_dags/example_latest_only.py
[2024-09-07T16:23:07.387+0000] {logging_mixin.py:188} INFO - [2024-09-07T16:23:07.387+0000] {dag.py:3036} INFO - Sync 1 DAGs
[2024-09-07T16:23:07.399+0000] {logging_mixin.py:188} INFO - [2024-09-07T16:23:07.399+0000] {dag.py:3823} INFO - Setting next_dagrun for latest_only to 2024-09-07 12:00:00+00:00, run_after=2024-09-07 16:00:00+00:00
[2024-09-07T16:23:07.408+0000] {processor.py:183} INFO - Processing /home/airflow/.local/lib/python3.8/site-packages/airflow/example_dags/example_latest_only.py took 0.040 seconds
[2024-09-07T16:23:37.989+0000] {processor.py:161} INFO - Started process (PID=12069) to work on /home/airflow/.local/lib/python3.8/site-packages/airflow/example_dags/example_latest_only.py
[2024-09-07T16:23:37.990+0000] {processor.py:830} INFO - Processing file /home/airflow/.local/lib/python3.8/site-packages/airflow/example_dags/example_latest_only.py for tasks to queue
[2024-09-07T16:23:37.992+0000] {logging_mixin.py:188} INFO - [2024-09-07T16:23:37.992+0000] {dagbag.py:538} INFO - Filling up the DagBag from /home/airflow/.local/lib/python3.8/site-packages/airflow/example_dags/example_latest_only.py
[2024-09-07T16:23:37.996+0000] {processor.py:840} INFO - DAG(s) 'latest_only' retrieved from /home/airflow/.local/lib/python3.8/site-packages/airflow/example_dags/example_latest_only.py
[2024-09-07T16:23:38.008+0000] {logging_mixin.py:188} INFO - [2024-09-07T16:23:38.008+0000] {dag.py:3036} INFO - Sync 1 DAGs
[2024-09-07T16:23:38.020+0000] {logging_mixin.py:188} INFO - [2024-09-07T16:23:38.020+0000] {dag.py:3823} INFO - Setting next_dagrun for latest_only to 2024-09-07 12:00:00+00:00, run_after=2024-09-07 16:00:00+00:00
[2024-09-07T16:23:38.029+0000] {processor.py:183} INFO - Processing /home/airflow/.local/lib/python3.8/site-packages/airflow/example_dags/example_latest_only.py took 0.042 seconds
[2024-09-07T16:24:08.672+0000] {processor.py:161} INFO - Started process (PID=12316) to work on /home/airflow/.local/lib/python3.8/site-packages/airflow/example_dags/example_latest_only.py
[2024-09-07T16:24:08.673+0000] {processor.py:830} INFO - Processing file /home/airflow/.local/lib/python3.8/site-packages/airflow/example_dags/example_latest_only.py for tasks to queue
[2024-09-07T16:24:08.674+0000] {logging_mixin.py:188} INFO - [2024-09-07T16:24:08.674+0000] {dagbag.py:538} INFO - Filling up the DagBag from /home/airflow/.local/lib/python3.8/site-packages/airflow/example_dags/example_latest_only.py
[2024-09-07T16:24:08.678+0000] {processor.py:840} INFO - DAG(s) 'latest_only' retrieved from /home/airflow/.local/lib/python3.8/site-packages/airflow/example_dags/example_latest_only.py
[2024-09-07T16:24:08.697+0000] {logging_mixin.py:188} INFO - [2024-09-07T16:24:08.696+0000] {dag.py:3036} INFO - Sync 1 DAGs
[2024-09-07T16:24:08.709+0000] {logging_mixin.py:188} INFO - [2024-09-07T16:24:08.709+0000] {dag.py:3823} INFO - Setting next_dagrun for latest_only to 2024-09-07 12:00:00+00:00, run_after=2024-09-07 16:00:00+00:00
[2024-09-07T16:24:08.720+0000] {processor.py:183} INFO - Processing /home/airflow/.local/lib/python3.8/site-packages/airflow/example_dags/example_latest_only.py took 0.050 seconds
[2024-09-07T16:24:38.791+0000] {processor.py:161} INFO - Started process (PID=12565) to work on /home/airflow/.local/lib/python3.8/site-packages/airflow/example_dags/example_latest_only.py
[2024-09-07T16:24:38.792+0000] {processor.py:830} INFO - Processing file /home/airflow/.local/lib/python3.8/site-packages/airflow/example_dags/example_latest_only.py for tasks to queue
[2024-09-07T16:24:38.793+0000] {logging_mixin.py:188} INFO - [2024-09-07T16:24:38.793+0000] {dagbag.py:538} INFO - Filling up the DagBag from /home/airflow/.local/lib/python3.8/site-packages/airflow/example_dags/example_latest_only.py
[2024-09-07T16:24:38.798+0000] {processor.py:840} INFO - DAG(s) 'latest_only' retrieved from /home/airflow/.local/lib/python3.8/site-packages/airflow/example_dags/example_latest_only.py
[2024-09-07T16:24:38.812+0000] {logging_mixin.py:188} INFO - [2024-09-07T16:24:38.812+0000] {dag.py:3036} INFO - Sync 1 DAGs
[2024-09-07T16:24:38.825+0000] {logging_mixin.py:188} INFO - [2024-09-07T16:24:38.825+0000] {dag.py:3823} INFO - Setting next_dagrun for latest_only to 2024-09-07 12:00:00+00:00, run_after=2024-09-07 16:00:00+00:00
[2024-09-07T16:24:38.836+0000] {processor.py:183} INFO - Processing /home/airflow/.local/lib/python3.8/site-packages/airflow/example_dags/example_latest_only.py took 0.050 seconds
[2024-09-07T16:25:09.455+0000] {processor.py:161} INFO - Started process (PID=12810) to work on /home/airflow/.local/lib/python3.8/site-packages/airflow/example_dags/example_latest_only.py
[2024-09-07T16:25:09.456+0000] {processor.py:830} INFO - Processing file /home/airflow/.local/lib/python3.8/site-packages/airflow/example_dags/example_latest_only.py for tasks to queue
[2024-09-07T16:25:09.457+0000] {logging_mixin.py:188} INFO - [2024-09-07T16:25:09.457+0000] {dagbag.py:538} INFO - Filling up the DagBag from /home/airflow/.local/lib/python3.8/site-packages/airflow/example_dags/example_latest_only.py
[2024-09-07T16:25:09.461+0000] {processor.py:840} INFO - DAG(s) 'latest_only' retrieved from /home/airflow/.local/lib/python3.8/site-packages/airflow/example_dags/example_latest_only.py
[2024-09-07T16:25:09.473+0000] {logging_mixin.py:188} INFO - [2024-09-07T16:25:09.473+0000] {dag.py:3036} INFO - Sync 1 DAGs
[2024-09-07T16:25:09.484+0000] {logging_mixin.py:188} INFO - [2024-09-07T16:25:09.484+0000] {dag.py:3823} INFO - Setting next_dagrun for latest_only to 2024-09-07 12:00:00+00:00, run_after=2024-09-07 16:00:00+00:00
[2024-09-07T16:25:09.494+0000] {processor.py:183} INFO - Processing /home/airflow/.local/lib/python3.8/site-packages/airflow/example_dags/example_latest_only.py took 0.041 seconds
[2024-09-07T16:25:40.105+0000] {processor.py:161} INFO - Started process (PID=13057) to work on /home/airflow/.local/lib/python3.8/site-packages/airflow/example_dags/example_latest_only.py
[2024-09-07T16:25:40.106+0000] {processor.py:830} INFO - Processing file /home/airflow/.local/lib/python3.8/site-packages/airflow/example_dags/example_latest_only.py for tasks to queue
[2024-09-07T16:25:40.106+0000] {logging_mixin.py:188} INFO - [2024-09-07T16:25:40.106+0000] {dagbag.py:538} INFO - Filling up the DagBag from /home/airflow/.local/lib/python3.8/site-packages/airflow/example_dags/example_latest_only.py
[2024-09-07T16:25:40.110+0000] {processor.py:840} INFO - DAG(s) 'latest_only' retrieved from /home/airflow/.local/lib/python3.8/site-packages/airflow/example_dags/example_latest_only.py
[2024-09-07T16:25:40.122+0000] {logging_mixin.py:188} INFO - [2024-09-07T16:25:40.122+0000] {dag.py:3036} INFO - Sync 1 DAGs
[2024-09-07T16:25:40.134+0000] {logging_mixin.py:188} INFO - [2024-09-07T16:25:40.134+0000] {dag.py:3823} INFO - Setting next_dagrun for latest_only to 2024-09-07 12:00:00+00:00, run_after=2024-09-07 16:00:00+00:00
[2024-09-07T16:25:40.143+0000] {processor.py:183} INFO - Processing /home/airflow/.local/lib/python3.8/site-packages/airflow/example_dags/example_latest_only.py took 0.041 seconds
[2024-09-07T16:26:10.657+0000] {processor.py:161} INFO - Started process (PID=13304) to work on /home/airflow/.local/lib/python3.8/site-packages/airflow/example_dags/example_latest_only.py
[2024-09-07T16:26:10.658+0000] {processor.py:830} INFO - Processing file /home/airflow/.local/lib/python3.8/site-packages/airflow/example_dags/example_latest_only.py for tasks to queue
[2024-09-07T16:26:10.659+0000] {logging_mixin.py:188} INFO - [2024-09-07T16:26:10.659+0000] {dagbag.py:538} INFO - Filling up the DagBag from /home/airflow/.local/lib/python3.8/site-packages/airflow/example_dags/example_latest_only.py
[2024-09-07T16:26:10.665+0000] {processor.py:840} INFO - DAG(s) 'latest_only' retrieved from /home/airflow/.local/lib/python3.8/site-packages/airflow/example_dags/example_latest_only.py
[2024-09-07T16:26:10.687+0000] {logging_mixin.py:188} INFO - [2024-09-07T16:26:10.687+0000] {dag.py:3036} INFO - Sync 1 DAGs
[2024-09-07T16:26:10.702+0000] {logging_mixin.py:188} INFO - [2024-09-07T16:26:10.702+0000] {dag.py:3823} INFO - Setting next_dagrun for latest_only to 2024-09-07 12:00:00+00:00, run_after=2024-09-07 16:00:00+00:00
[2024-09-07T16:26:10.714+0000] {processor.py:183} INFO - Processing /home/airflow/.local/lib/python3.8/site-packages/airflow/example_dags/example_latest_only.py took 0.061 seconds
[2024-09-07T16:26:40.908+0000] {processor.py:161} INFO - Started process (PID=13551) to work on /home/airflow/.local/lib/python3.8/site-packages/airflow/example_dags/example_latest_only.py
[2024-09-07T16:26:40.908+0000] {processor.py:830} INFO - Processing file /home/airflow/.local/lib/python3.8/site-packages/airflow/example_dags/example_latest_only.py for tasks to queue
[2024-09-07T16:26:40.909+0000] {logging_mixin.py:188} INFO - [2024-09-07T16:26:40.909+0000] {dagbag.py:538} INFO - Filling up the DagBag from /home/airflow/.local/lib/python3.8/site-packages/airflow/example_dags/example_latest_only.py
[2024-09-07T16:26:40.913+0000] {processor.py:840} INFO - DAG(s) 'latest_only' retrieved from /home/airflow/.local/lib/python3.8/site-packages/airflow/example_dags/example_latest_only.py
[2024-09-07T16:26:40.925+0000] {logging_mixin.py:188} INFO - [2024-09-07T16:26:40.925+0000] {dag.py:3036} INFO - Sync 1 DAGs
[2024-09-07T16:26:40.936+0000] {logging_mixin.py:188} INFO - [2024-09-07T16:26:40.936+0000] {dag.py:3823} INFO - Setting next_dagrun for latest_only to 2024-09-07 12:00:00+00:00, run_after=2024-09-07 16:00:00+00:00
[2024-09-07T16:26:40.944+0000] {processor.py:183} INFO - Processing /home/airflow/.local/lib/python3.8/site-packages/airflow/example_dags/example_latest_only.py took 0.039 seconds
[2024-09-07T16:27:11.987+0000] {processor.py:161} INFO - Started process (PID=13798) to work on /home/airflow/.local/lib/python3.8/site-packages/airflow/example_dags/example_latest_only.py
[2024-09-07T16:27:11.988+0000] {processor.py:830} INFO - Processing file /home/airflow/.local/lib/python3.8/site-packages/airflow/example_dags/example_latest_only.py for tasks to queue
[2024-09-07T16:27:11.989+0000] {logging_mixin.py:188} INFO - [2024-09-07T16:27:11.989+0000] {dagbag.py:538} INFO - Filling up the DagBag from /home/airflow/.local/lib/python3.8/site-packages/airflow/example_dags/example_latest_only.py
[2024-09-07T16:27:11.992+0000] {processor.py:840} INFO - DAG(s) 'latest_only' retrieved from /home/airflow/.local/lib/python3.8/site-packages/airflow/example_dags/example_latest_only.py
[2024-09-07T16:27:12.004+0000] {logging_mixin.py:188} INFO - [2024-09-07T16:27:12.004+0000] {dag.py:3036} INFO - Sync 1 DAGs
[2024-09-07T16:27:12.016+0000] {logging_mixin.py:188} INFO - [2024-09-07T16:27:12.016+0000] {dag.py:3823} INFO - Setting next_dagrun for latest_only to 2024-09-07 12:00:00+00:00, run_after=2024-09-07 16:00:00+00:00
[2024-09-07T16:27:12.025+0000] {processor.py:183} INFO - Processing /home/airflow/.local/lib/python3.8/site-packages/airflow/example_dags/example_latest_only.py took 0.040 seconds
[2024-09-07T16:27:42.646+0000] {processor.py:161} INFO - Started process (PID=14044) to work on /home/airflow/.local/lib/python3.8/site-packages/airflow/example_dags/example_latest_only.py
[2024-09-07T16:27:42.647+0000] {processor.py:830} INFO - Processing file /home/airflow/.local/lib/python3.8/site-packages/airflow/example_dags/example_latest_only.py for tasks to queue
[2024-09-07T16:27:42.648+0000] {logging_mixin.py:188} INFO - [2024-09-07T16:27:42.648+0000] {dagbag.py:538} INFO - Filling up the DagBag from /home/airflow/.local/lib/python3.8/site-packages/airflow/example_dags/example_latest_only.py
[2024-09-07T16:27:42.652+0000] {processor.py:840} INFO - DAG(s) 'latest_only' retrieved from /home/airflow/.local/lib/python3.8/site-packages/airflow/example_dags/example_latest_only.py
[2024-09-07T16:27:42.664+0000] {logging_mixin.py:188} INFO - [2024-09-07T16:27:42.663+0000] {dag.py:3036} INFO - Sync 1 DAGs
[2024-09-07T16:27:42.674+0000] {logging_mixin.py:188} INFO - [2024-09-07T16:27:42.674+0000] {dag.py:3823} INFO - Setting next_dagrun for latest_only to 2024-09-07 12:00:00+00:00, run_after=2024-09-07 16:00:00+00:00
[2024-09-07T16:27:42.684+0000] {processor.py:183} INFO - Processing /home/airflow/.local/lib/python3.8/site-packages/airflow/example_dags/example_latest_only.py took 0.040 seconds
[2024-09-07T16:28:13.381+0000] {processor.py:161} INFO - Started process (PID=14291) to work on /home/airflow/.local/lib/python3.8/site-packages/airflow/example_dags/example_latest_only.py
[2024-09-07T16:28:13.382+0000] {processor.py:830} INFO - Processing file /home/airflow/.local/lib/python3.8/site-packages/airflow/example_dags/example_latest_only.py for tasks to queue
[2024-09-07T16:28:13.383+0000] {logging_mixin.py:188} INFO - [2024-09-07T16:28:13.383+0000] {dagbag.py:538} INFO - Filling up the DagBag from /home/airflow/.local/lib/python3.8/site-packages/airflow/example_dags/example_latest_only.py
[2024-09-07T16:28:13.387+0000] {processor.py:840} INFO - DAG(s) 'latest_only' retrieved from /home/airflow/.local/lib/python3.8/site-packages/airflow/example_dags/example_latest_only.py
[2024-09-07T16:28:13.401+0000] {logging_mixin.py:188} INFO - [2024-09-07T16:28:13.401+0000] {dag.py:3036} INFO - Sync 1 DAGs
[2024-09-07T16:28:13.415+0000] {logging_mixin.py:188} INFO - [2024-09-07T16:28:13.414+0000] {dag.py:3823} INFO - Setting next_dagrun for latest_only to 2024-09-07 12:00:00+00:00, run_after=2024-09-07 16:00:00+00:00
[2024-09-07T16:28:13.425+0000] {processor.py:183} INFO - Processing /home/airflow/.local/lib/python3.8/site-packages/airflow/example_dags/example_latest_only.py took 0.047 seconds
